<?xml version="1.0" encoding="UTF-8"?>
<testsuite name="com.example.examen2.Examen2ApplicationTests" tests="1" skipped="0" failures="0" errors="0" timestamp="2024-11-18T16:45:52" hostname="LAPTOP-OO4C476M" time="0.326">
  <properties/>
  <testcase name="contextLoads()" classname="com.example.examen2.Examen2ApplicationTests" time="0.326"/>
  <system-out><![CDATA[Standard Commons Logging discovery in action with spring-jcl: please remove commons-logging.jar from classpath in order to avoid potential conflicts
12:45:47.479 [Test worker] INFO org.springframework.test.context.support.AnnotationConfigContextLoaderUtils -- Could not detect default configuration classes for test class [com.example.examen2.Examen2ApplicationTests]: Examen2ApplicationTests does not declare any static, non-private, non-final, nested classes annotated with @Configuration.
12:45:47.564 [Test worker] INFO org.springframework.boot.test.context.SpringBootTestContextBootstrapper -- Found @SpringBootConfiguration com.example.examen2.Examen2Application for test class com.example.examen2.Examen2ApplicationTests

  .   ____          _            __ _ _
 /\\ / ___'_ __ _ _(_)_ __  __ _ \ \ \ \
( ( )\___ | '_ | '_| | '_ \/ _` | \ \ \ \
 \\/  ___)| |_)| | | | | || (_| |  ) ) ) )
  '  |____| .__|_| |_|_| |_\__, | / / / /
 =========|_|==============|___/=/_/_/_/
 :: Spring Boot ::                (v3.2.5)

2024-11-18T12:45:47.830-04:00 DEBUG 24640 --- [examen2] [kground-preinit] org.jboss.logging                        : Logging Provider: org.jboss.logging.Slf4jLoggerProvider found via system property
2024-11-18T12:45:47.839-04:00 DEBUG 24640 --- [examen2] [kground-preinit] o.h.v.i.xml.config.ValidationXmlParser   : Trying to load META-INF/validation.xml for XML based Validator configuration.
2024-11-18T12:45:47.840-04:00 DEBUG 24640 --- [examen2] [kground-preinit] o.h.v.i.xml.config.ResourceLoaderHelper  : Trying to load META-INF/validation.xml via TCCL
2024-11-18T12:45:47.841-04:00 DEBUG 24640 --- [examen2] [kground-preinit] o.h.v.i.xml.config.ResourceLoaderHelper  : Trying to load META-INF/validation.xml via Hibernate Validator's class loader
2024-11-18T12:45:47.841-04:00 DEBUG 24640 --- [examen2] [kground-preinit] o.h.v.i.xml.config.ValidationXmlParser   : No META-INF/validation.xml found. Using annotation based configuration only.
2024-11-18T12:45:47.845-04:00 DEBUG 24640 --- [examen2] [kground-preinit] o.h.v.i.e.resolver.TraversableResolvers  : Found jakarta.persistence.Persistence on classpath containing 'getPersistenceUtil'. Assuming JPA 2 environment. Trying to instantiate JPA aware TraversableResolver
2024-11-18T12:45:47.846-04:00 DEBUG 24640 --- [examen2] [kground-preinit] o.h.v.i.e.resolver.TraversableResolvers  : Instantiated JPA aware TraversableResolver of type org.hibernate.validator.internal.engine.resolver.JPATraversableResolver.
2024-11-18T12:45:47.851-04:00  INFO 24640 --- [examen2] [    Test worker] c.e.examen2.Examen2ApplicationTests      : Starting Examen2ApplicationTests using Java 17.0.3 with PID 24640 (started by Samuel Huanca in C:\Users\aliss\IdeaProjects\examen2)
2024-11-18T12:45:47.852-04:00 DEBUG 24640 --- [examen2] [    Test worker] c.e.examen2.Examen2ApplicationTests      : Running with Spring Boot v3.2.5, Spring v6.1.6
2024-11-18T12:45:47.852-04:00  INFO 24640 --- [examen2] [    Test worker] c.e.examen2.Examen2ApplicationTests      : No active profile set, falling back to 1 default profile: "default"
2024-11-18T12:45:47.853-04:00 DEBUG 24640 --- [examen2] [    Test worker] o.s.boot.SpringApplication               : Loading source class com.example.examen2.Examen2Application
2024-11-18T12:45:47.861-04:00 DEBUG 24640 --- [examen2] [kground-preinit] .h.v.m.ResourceBundleMessageInterpolator : Loaded expression factory via original TCCL
2024-11-18T12:45:47.873-04:00 DEBUG 24640 --- [examen2] [    Test worker] o.s.w.c.s.GenericWebApplicationContext   : Refreshing org.springframework.web.context.support.GenericWebApplicationContext@398474a2
2024-11-18T12:45:47.886-04:00 DEBUG 24640 --- [examen2] [    Test worker] o.s.b.f.s.DefaultListableBeanFactory     : Creating shared instance of singleton bean 'org.springframework.context.annotation.internalConfigurationAnnotationProcessor'
2024-11-18T12:45:47.898-04:00 DEBUG 24640 --- [examen2] [    Test worker] o.s.b.f.s.DefaultListableBeanFactory     : Creating shared instance of singleton bean 'org.springframework.boot.autoconfigure.internalCachingMetadataReaderFactory'
2024-11-18T12:45:47.930-04:00 DEBUG 24640 --- [examen2] [kground-preinit] .i.e.ValidatorFactoryConfigurationHelper : HV000252: Using org.hibernate.validator.internal.engine.DefaultPropertyNodeNameProvider as property node name provider.
2024-11-18T12:45:47.937-04:00 DEBUG 24640 --- [examen2] [kground-preinit] .i.e.ValidatorFactoryConfigurationHelper : HV000234: Using org.hibernate.validator.messageinterpolation.ResourceBundleMessageInterpolator as ValidatorFactory-scoped message interpolator.
2024-11-18T12:45:47.937-04:00 DEBUG 24640 --- [examen2] [kground-preinit] .i.e.ValidatorFactoryConfigurationHelper : HV000234: Using org.hibernate.validator.internal.engine.resolver.JPATraversableResolver as ValidatorFactory-scoped traversable resolver.
2024-11-18T12:45:47.937-04:00 DEBUG 24640 --- [examen2] [kground-preinit] .i.e.ValidatorFactoryConfigurationHelper : HV000234: Using org.hibernate.validator.internal.util.ExecutableParameterNameProvider as ValidatorFactory-scoped parameter name provider.
2024-11-18T12:45:47.937-04:00 DEBUG 24640 --- [examen2] [kground-preinit] .i.e.ValidatorFactoryConfigurationHelper : HV000234: Using org.hibernate.validator.internal.engine.DefaultClockProvider as ValidatorFactory-scoped clock provider.
2024-11-18T12:45:47.938-04:00 DEBUG 24640 --- [examen2] [kground-preinit] .i.e.ValidatorFactoryConfigurationHelper : HV000234: Using org.hibernate.validator.internal.engine.scripting.DefaultScriptEvaluatorFactory as ValidatorFactory-scoped script evaluator factory.
2024-11-18T12:45:47.939-04:00 DEBUG 24640 --- [examen2] [    Test worker] o.s.c.a.ClassPathBeanDefinitionScanner   : Identified candidate component class: file [C:\Users\aliss\IdeaProjects\examen2\build\classes\java\main\com\example\examen2\analisis\controller\AnalisisController.class]
2024-11-18T12:45:47.944-04:00 DEBUG 24640 --- [examen2] [    Test worker] o.s.c.a.ClassPathBeanDefinitionScanner   : Identified candidate component class: file [C:\Users\aliss\IdeaProjects\examen2\build\classes\java\main\com\example\examen2\analisis\service\AnalisisService.class]
2024-11-18T12:45:47.945-04:00 DEBUG 24640 --- [examen2] [    Test worker] o.s.c.a.ClassPathBeanDefinitionScanner   : Identified candidate component class: file [C:\Users\aliss\IdeaProjects\examen2\build\classes\java\main\com\example\examen2\auth\JwtAuthenticationController.class]
2024-11-18T12:45:47.947-04:00 DEBUG 24640 --- [examen2] [    Test worker] o.s.c.a.ClassPathBeanDefinitionScanner   : Identified candidate component class: file [C:\Users\aliss\IdeaProjects\examen2\build\classes\java\main\com\example\examen2\citas\controller\CitaCancelacionController.class]
2024-11-18T12:45:47.950-04:00 DEBUG 24640 --- [examen2] [    Test worker] o.s.c.a.ClassPathBeanDefinitionScanner   : Identified candidate component class: file [C:\Users\aliss\IdeaProjects\examen2\build\classes\java\main\com\example\examen2\citas\controller\CitaController.class]
2024-11-18T12:45:47.951-04:00 DEBUG 24640 --- [examen2] [    Test worker] o.s.c.a.ClassPathBeanDefinitionScanner   : Identified candidate component class: file [C:\Users\aliss\IdeaProjects\examen2\build\classes\java\main\com\example\examen2\citas\service\CitaCancelacionService.class]
2024-11-18T12:45:47.952-04:00 DEBUG 24640 --- [examen2] [    Test worker] o.s.c.a.ClassPathBeanDefinitionScanner   : Identified candidate component class: file [C:\Users\aliss\IdeaProjects\examen2\build\classes\java\main\com\example\examen2\citas\service\CitaService.class]
2024-11-18T12:45:47.957-04:00 DEBUG 24640 --- [examen2] [    Test worker] o.s.c.a.ClassPathBeanDefinitionScanner   : Identified candidate component class: file [C:\Users\aliss\IdeaProjects\examen2\build\classes\java\main\com\example\examen2\config\AuthManagerConfig.class]
2024-11-18T12:45:47.957-04:00 DEBUG 24640 --- [examen2] [    Test worker] o.s.c.a.ClassPathBeanDefinitionScanner   : Identified candidate component class: file [C:\Users\aliss\IdeaProjects\examen2\build\classes\java\main\com\example\examen2\config\cloudinary\CloudinaryConfig.class]
2024-11-18T12:45:47.957-04:00 DEBUG 24640 --- [examen2] [    Test worker] o.s.c.a.ClassPathBeanDefinitionScanner   : Identified candidate component class: file [C:\Users\aliss\IdeaProjects\examen2\build\classes\java\main\com\example\examen2\config\cloudinary\CloudinaryService.class]
2024-11-18T12:45:47.958-04:00 DEBUG 24640 --- [examen2] [    Test worker] o.s.c.a.ClassPathBeanDefinitionScanner   : Identified candidate component class: file [C:\Users\aliss\IdeaProjects\examen2\build\classes\java\main\com\example\examen2\config\database_loader\DatabaseLoader.class]
2024-11-18T12:45:47.958-04:00 DEBUG 24640 --- [examen2] [    Test worker] o.s.c.a.ClassPathBeanDefinitionScanner   : Identified candidate component class: file [C:\Users\aliss\IdeaProjects\examen2\build\classes\java\main\com\example\examen2\config\jwt\JwtAuthenticationEntryPoint.class]
2024-11-18T12:45:47.960-04:00 DEBUG 24640 --- [examen2] [    Test worker] o.s.c.a.ClassPathBeanDefinitionScanner   : Identified candidate component class: file [C:\Users\aliss\IdeaProjects\examen2\build\classes\java\main\com\example\examen2\config\jwt\JwtRequestFilter.class]
2024-11-18T12:45:47.960-04:00 DEBUG 24640 --- [examen2] [    Test worker] o.s.c.a.ClassPathBeanDefinitionScanner   : Identified candidate component class: file [C:\Users\aliss\IdeaProjects\examen2\build\classes\java\main\com\example\examen2\config\jwt\JwtTokenUtil.class]
2024-11-18T12:45:47.960-04:00 DEBUG 24640 --- [examen2] [    Test worker] o.s.c.a.ClassPathBeanDefinitionScanner   : Identified candidate component class: file [C:\Users\aliss\IdeaProjects\examen2\build\classes\java\main\com\example\examen2\config\SecurityConfig.class]
2024-11-18T12:45:47.961-04:00 DEBUG 24640 --- [examen2] [    Test worker] o.s.c.a.ClassPathBeanDefinitionScanner   : Identified candidate component class: file [C:\Users\aliss\IdeaProjects\examen2\build\classes\java\main\com\example\examen2\consultas\controller\ConsultaController.class]
2024-11-18T12:45:47.963-04:00 DEBUG 24640 --- [examen2] [    Test worker] o.s.c.a.ClassPathBeanDefinitionScanner   : Ignored because not a concrete top-level class: file [C:\Users\aliss\IdeaProjects\examen2\build\classes\java\main\com\example\examen2\consultas\repository\ConsultaRepository.class]
2024-11-18T12:45:47.963-04:00 DEBUG 24640 --- [examen2] [    Test worker] o.s.c.a.ClassPathBeanDefinitionScanner   : Identified candidate component class: file [C:\Users\aliss\IdeaProjects\examen2\build\classes\java\main\com\example\examen2\consultas\service\ConsultaService.class]
2024-11-18T12:45:47.964-04:00 DEBUG 24640 --- [examen2] [    Test worker] o.s.c.a.ClassPathBeanDefinitionScanner   : Identified candidate component class: file [C:\Users\aliss\IdeaProjects\examen2\build\classes\java\main\com\example\examen2\especialidades\controller\EspecialidadController.class]
2024-11-18T12:45:47.964-04:00 DEBUG 24640 --- [examen2] [    Test worker] o.s.c.a.ClassPathBeanDefinitionScanner   : Ignored because not a concrete top-level class: file [C:\Users\aliss\IdeaProjects\examen2\build\classes\java\main\com\example\examen2\especialidades\repository\EspecialidadRepository.class]
2024-11-18T12:45:47.966-04:00 DEBUG 24640 --- [examen2] [    Test worker] o.s.c.a.ClassPathBeanDefinitionScanner   : Identified candidate component class: file [C:\Users\aliss\IdeaProjects\examen2\build\classes\java\main\com\example\examen2\especialidades\service\EspecialidadService.class]
2024-11-18T12:45:47.966-04:00 DEBUG 24640 --- [examen2] [    Test worker] o.s.c.a.ClassPathBeanDefinitionScanner   : Identified candidate component class: file [C:\Users\aliss\IdeaProjects\examen2\build\classes\java\main\com\example\examen2\historialclinico\controller\HistorialClinicoController.class]
2024-11-18T12:45:47.967-04:00 DEBUG 24640 --- [examen2] [    Test worker] o.s.c.a.ClassPathBeanDefinitionScanner   : Ignored because not a concrete top-level class: file [C:\Users\aliss\IdeaProjects\examen2\build\classes\java\main\com\example\examen2\historialclinico\repository\HistorialClinicoRepository.class]
2024-11-18T12:45:47.968-04:00 DEBUG 24640 --- [examen2] [    Test worker] o.s.c.a.ClassPathBeanDefinitionScanner   : Identified candidate component class: file [C:\Users\aliss\IdeaProjects\examen2\build\classes\java\main\com\example\examen2\historialclinico\service\HistorialClinicoService.class]
2024-11-18T12:45:47.968-04:00 DEBUG 24640 --- [examen2] [    Test worker] o.s.c.a.ClassPathBeanDefinitionScanner   : Identified candidate component class: file [C:\Users\aliss\IdeaProjects\examen2\build\classes\java\main\com\example\examen2\horarios\controller\HorarioController.class]
2024-11-18T12:45:47.970-04:00 DEBUG 24640 --- [examen2] [    Test worker] o.s.c.a.ClassPathBeanDefinitionScanner   : Identified candidate component class: file [C:\Users\aliss\IdeaProjects\examen2\build\classes\java\main\com\example\examen2\horarios\service\HorarioService.class]
2024-11-18T12:45:47.971-04:00 DEBUG 24640 --- [examen2] [    Test worker] o.s.c.a.ClassPathBeanDefinitionScanner   : Identified candidate component class: file [C:\Users\aliss\IdeaProjects\examen2\build\classes\java\main\com\example\examen2\medicos\controller\MedicoController.class]
2024-11-18T12:45:47.972-04:00 DEBUG 24640 --- [examen2] [    Test worker] o.s.c.a.ClassPathBeanDefinitionScanner   : Ignored because not a concrete top-level class: file [C:\Users\aliss\IdeaProjects\examen2\build\classes\java\main\com\example\examen2\medicos\repository\MedicoRepository.class]
2024-11-18T12:45:47.973-04:00 DEBUG 24640 --- [examen2] [    Test worker] o.s.c.a.ClassPathBeanDefinitionScanner   : Identified candidate component class: file [C:\Users\aliss\IdeaProjects\examen2\build\classes\java\main\com\example\examen2\medicos\service\MedicoService.class]
2024-11-18T12:45:47.974-04:00 DEBUG 24640 --- [examen2] [    Test worker] o.s.c.a.ClassPathBeanDefinitionScanner   : Identified candidate component class: file [C:\Users\aliss\IdeaProjects\examen2\build\classes\java\main\com\example\examen2\notification\config\FirebaseConfig.class]
2024-11-18T12:45:47.974-04:00 DEBUG 24640 --- [examen2] [    Test worker] o.s.c.a.ClassPathBeanDefinitionScanner   : Identified candidate component class: file [C:\Users\aliss\IdeaProjects\examen2\build\classes\java\main\com\example\examen2\notification\controller\NotificationController.class]
2024-11-18T12:45:47.975-04:00 DEBUG 24640 --- [examen2] [    Test worker] o.s.c.a.ClassPathBeanDefinitionScanner   : Identified candidate component class: file [C:\Users\aliss\IdeaProjects\examen2\build\classes\java\main\com\example\examen2\notification\service\NotificationService.class]
2024-11-18T12:45:47.975-04:00 DEBUG 24640 --- [examen2] [    Test worker] o.s.c.a.ClassPathBeanDefinitionScanner   : Identified candidate component class: file [C:\Users\aliss\IdeaProjects\examen2\build\classes\java\main\com\example\examen2\paciente\controller\PacienteController.class]
2024-11-18T12:45:47.976-04:00 DEBUG 24640 --- [examen2] [    Test worker] o.s.c.a.ClassPathBeanDefinitionScanner   : Ignored because not a concrete top-level class: file [C:\Users\aliss\IdeaProjects\examen2\build\classes\java\main\com\example\examen2\paciente\repository\PacienteRepository.class]
2024-11-18T12:45:47.976-04:00 DEBUG 24640 --- [examen2] [    Test worker] o.s.c.a.ClassPathBeanDefinitionScanner   : Identified candidate component class: file [C:\Users\aliss\IdeaProjects\examen2\build\classes\java\main\com\example\examen2\paciente\service\EmailService.class]
2024-11-18T12:45:47.977-04:00 DEBUG 24640 --- [examen2] [    Test worker] o.s.c.a.ClassPathBeanDefinitionScanner   : Identified candidate component class: file [C:\Users\aliss\IdeaProjects\examen2\build\classes\java\main\com\example\examen2\paciente\service\PacienteService.class]
2024-11-18T12:45:47.978-04:00 DEBUG 24640 --- [examen2] [    Test worker] o.s.c.a.ClassPathBeanDefinitionScanner   : Identified candidate component class: file [C:\Users\aliss\IdeaProjects\examen2\build\classes\java\main\com\example\examen2\paciente\service\PdfGenerator.class]
2024-11-18T12:45:47.979-04:00 DEBUG 24640 --- [examen2] [    Test worker] o.s.c.a.ClassPathBeanDefinitionScanner   : Identified candidate component class: file [C:\Users\aliss\IdeaProjects\examen2\build\classes\java\main\com\example\examen2\procedimientos\controller\ProcedimientoController.class]
2024-11-18T12:45:47.980-04:00 DEBUG 24640 --- [examen2] [    Test worker] o.s.c.a.ClassPathBeanDefinitionScanner   : Ignored because not a concrete top-level class: file [C:\Users\aliss\IdeaProjects\examen2\build\classes\java\main\com\example\examen2\procedimientos\repository\ProcedimientoRepository.class]
2024-11-18T12:45:47.980-04:00 DEBUG 24640 --- [examen2] [    Test worker] o.s.c.a.ClassPathBeanDefinitionScanner   : Identified candidate component class: file [C:\Users\aliss\IdeaProjects\examen2\build\classes\java\main\com\example\examen2\procedimientos\service\ProcedimientoService.class]
2024-11-18T12:45:47.981-04:00 DEBUG 24640 --- [examen2] [    Test worker] o.s.c.a.ClassPathBeanDefinitionScanner   : Identified candidate component class: file [C:\Users\aliss\IdeaProjects\examen2\build\classes\java\main\com\example\examen2\reportes\controller\ReporteController.class]
2024-11-18T12:45:47.981-04:00 DEBUG 24640 --- [examen2] [    Test worker] o.s.c.a.ClassPathBeanDefinitionScanner   : Ignored because not a concrete top-level class: file [C:\Users\aliss\IdeaProjects\examen2\build\classes\java\main\com\example\examen2\reportes\repository\ReporteRepository.class]
2024-11-18T12:45:47.981-04:00 DEBUG 24640 --- [examen2] [    Test worker] o.s.c.a.ClassPathBeanDefinitionScanner   : Identified candidate component class: file [C:\Users\aliss\IdeaProjects\examen2\build\classes\java\main\com\example\examen2\reportes\service\ReporteService.class]
2024-11-18T12:45:47.985-04:00 DEBUG 24640 --- [examen2] [    Test worker] o.s.c.a.ClassPathBeanDefinitionScanner   : Identified candidate component class: file [C:\Users\aliss\IdeaProjects\examen2\build\classes\java\main\com\example\examen2\usuarios\controller\RolController.class]
2024-11-18T12:45:47.986-04:00 DEBUG 24640 --- [examen2] [    Test worker] o.s.c.a.ClassPathBeanDefinitionScanner   : Identified candidate component class: file [C:\Users\aliss\IdeaProjects\examen2\build\classes\java\main\com\example\examen2\usuarios\controller\TestEntityController.class]
2024-11-18T12:45:47.990-04:00 DEBUG 24640 --- [examen2] [    Test worker] o.s.c.a.ClassPathBeanDefinitionScanner   : Identified candidate component class: file [C:\Users\aliss\IdeaProjects\examen2\build\classes\java\main\com\example\examen2\usuarios\controller\UsuarioController.class]
2024-11-18T12:45:47.992-04:00 DEBUG 24640 --- [examen2] [    Test worker] o.s.c.a.ClassPathBeanDefinitionScanner   : Ignored because not a concrete top-level class: file [C:\Users\aliss\IdeaProjects\examen2\build\classes\java\main\com\example\examen2\usuarios\repository\UsuarioRepository.class]
2024-11-18T12:45:47.993-04:00 DEBUG 24640 --- [examen2] [    Test worker] o.s.c.a.ClassPathBeanDefinitionScanner   : Identified candidate component class: file [C:\Users\aliss\IdeaProjects\examen2\build\classes\java\main\com\example\examen2\usuarios\service\RolService.class]
2024-11-18T12:45:47.993-04:00 DEBUG 24640 --- [examen2] [    Test worker] o.s.c.a.ClassPathBeanDefinitionScanner   : Identified candidate component class: file [C:\Users\aliss\IdeaProjects\examen2\build\classes\java\main\com\example\examen2\usuarios\service\UsuarioDetailsServiceImpl.class]
2024-11-18T12:45:47.994-04:00 DEBUG 24640 --- [examen2] [    Test worker] o.s.c.a.ClassPathBeanDefinitionScanner   : Identified candidate component class: file [C:\Users\aliss\IdeaProjects\examen2\build\classes\java\main\com\example\examen2\usuarios\service\UsuarioService.class]
2024-11-18T12:45:48.398-04:00  INFO 24640 --- [examen2] [    Test worker] .s.d.r.c.RepositoryConfigurationDelegate : Bootstrapping Spring Data JPA repositories in DEFAULT mode.
2024-11-18T12:45:48.404-04:00 DEBUG 24640 --- [examen2] [    Test worker] o.s.b.f.s.DefaultListableBeanFactory     : Creating shared instance of singleton bean 'org.springframework.boot.autoconfigure.AutoConfigurationPackages'
2024-11-18T12:45:48.410-04:00 DEBUG 24640 --- [examen2] [    Test worker] o.s.b.a.AutoConfigurationPackages        : @EnableAutoConfiguration was declared on a class in the package 'com.example.examen2'. Automatic @Repository and @Entity scanning is enabled.
2024-11-18T12:45:48.411-04:00 DEBUG 24640 --- [examen2] [    Test worker] .s.d.r.c.RepositoryConfigurationDelegate : Scanning for JPA repositories in packages com.example.examen2.
2024-11-18T12:45:48.420-04:00 DEBUG 24640 --- [examen2] [    Test worker] o.s.d.r.c.RepositoryComponentProvider    : Identified candidate component class: file [C:\Users\aliss\IdeaProjects\examen2\build\classes\java\main\com\example\examen2\analisis\repository\AnalisisRepository.class]
2024-11-18T12:45:48.420-04:00 DEBUG 24640 --- [examen2] [    Test worker] o.s.d.r.c.RepositoryComponentProvider    : Identified candidate component class: file [C:\Users\aliss\IdeaProjects\examen2\build\classes\java\main\com\example\examen2\citas\repository\CitaRepository.class]
2024-11-18T12:45:48.421-04:00 DEBUG 24640 --- [examen2] [    Test worker] o.s.d.r.c.RepositoryComponentProvider    : Identified candidate component class: file [C:\Users\aliss\IdeaProjects\examen2\build\classes\java\main\com\example\examen2\consultas\repository\ConsultaRepository.class]
2024-11-18T12:45:48.421-04:00 DEBUG 24640 --- [examen2] [    Test worker] o.s.d.r.c.RepositoryComponentProvider    : Identified candidate component class: file [C:\Users\aliss\IdeaProjects\examen2\build\classes\java\main\com\example\examen2\especialidades\repository\EspecialidadRepository.class]
2024-11-18T12:45:48.421-04:00 DEBUG 24640 --- [examen2] [    Test worker] o.s.d.r.c.RepositoryComponentProvider    : Identified candidate component class: file [C:\Users\aliss\IdeaProjects\examen2\build\classes\java\main\com\example\examen2\historialclinico\repository\HistorialClinicoRepository.class]
2024-11-18T12:45:48.422-04:00 DEBUG 24640 --- [examen2] [    Test worker] o.s.d.r.c.RepositoryComponentProvider    : Identified candidate component class: file [C:\Users\aliss\IdeaProjects\examen2\build\classes\java\main\com\example\examen2\horarios\repository\HorarioRepository.class]
2024-11-18T12:45:48.422-04:00 DEBUG 24640 --- [examen2] [    Test worker] o.s.d.r.c.RepositoryComponentProvider    : Identified candidate component class: file [C:\Users\aliss\IdeaProjects\examen2\build\classes\java\main\com\example\examen2\medicos\repository\MedicoRepository.class]
2024-11-18T12:45:48.422-04:00 DEBUG 24640 --- [examen2] [    Test worker] o.s.d.r.c.RepositoryComponentProvider    : Identified candidate component class: file [C:\Users\aliss\IdeaProjects\examen2\build\classes\java\main\com\example\examen2\paciente\repository\PacienteRepository.class]
2024-11-18T12:45:48.422-04:00 DEBUG 24640 --- [examen2] [    Test worker] o.s.d.r.c.RepositoryComponentProvider    : Identified candidate component class: file [C:\Users\aliss\IdeaProjects\examen2\build\classes\java\main\com\example\examen2\procedimientos\repository\ProcedimientoRepository.class]
2024-11-18T12:45:48.422-04:00 DEBUG 24640 --- [examen2] [    Test worker] o.s.d.r.c.RepositoryComponentProvider    : Identified candidate component class: file [C:\Users\aliss\IdeaProjects\examen2\build\classes\java\main\com\example\examen2\reportes\repository\ReporteRepository.class]
2024-11-18T12:45:48.422-04:00 DEBUG 24640 --- [examen2] [    Test worker] o.s.d.r.c.RepositoryComponentProvider    : Identified candidate component class: file [C:\Users\aliss\IdeaProjects\examen2\build\classes\java\main\com\example\examen2\usuarios\repository\RolRepository.class]
2024-11-18T12:45:48.422-04:00 DEBUG 24640 --- [examen2] [    Test worker] o.s.d.r.c.RepositoryComponentProvider    : Identified candidate component class: file [C:\Users\aliss\IdeaProjects\examen2\build\classes\java\main\com\example\examen2\usuarios\repository\TestEntityRepository.class]
2024-11-18T12:45:48.422-04:00 DEBUG 24640 --- [examen2] [    Test worker] o.s.d.r.c.RepositoryComponentProvider    : Identified candidate component class: file [C:\Users\aliss\IdeaProjects\examen2\build\classes\java\main\com\example\examen2\usuarios\repository\UsuarioRepository.class]
2024-11-18T12:45:48.459-04:00 DEBUG 24640 --- [examen2] [    Test worker] ssPathScanningCandidateComponentProvider : Identified candidate component class: file [C:\Users\aliss\IdeaProjects\examen2\build\classes\java\main\com\example\examen2\usuarios\service\UsuarioDetailsServiceImpl.class]
2024-11-18T12:45:48.478-04:00  INFO 24640 --- [examen2] [    Test worker] .s.d.r.c.RepositoryConfigurationDelegate : Finished Spring Data repository scanning in 66 ms. Found 13 JPA repository interfaces.
2024-11-18T12:45:48.558-04:00 DEBUG 24640 --- [examen2] [    Test worker] o.s.b.f.s.DefaultListableBeanFactory     : Creating shared instance of singleton bean 'springSecurityHandlerMappingIntrospectorBeanDefinitionRegistryPostProcessor'
2024-11-18T12:45:48.648-04:00 DEBUG 24640 --- [examen2] [    Test worker] o.s.b.f.s.DefaultListableBeanFactory     : Creating shared instance of singleton bean 'propertySourcesPlaceholderConfigurer'
2024-11-18T12:45:48.651-04:00 DEBUG 24640 --- [examen2] [    Test worker] o.s.b.f.s.DefaultListableBeanFactory     : Creating shared instance of singleton bean 'org.springframework.boot.test.mock.mockito.MockitoPostProcessor'
2024-11-18T12:45:48.652-04:00 DEBUG 24640 --- [examen2] [    Test worker] o.s.b.f.s.DefaultListableBeanFactory     : Creating shared instance of singleton bean 'emBeanDefinitionRegistrarPostProcessor'
2024-11-18T12:45:48.652-04:00 DEBUG 24640 --- [examen2] [    Test worker] o.s.b.f.s.DefaultListableBeanFactory     : Creating shared instance of singleton bean 'org.springframework.boot.sql.init.dependency.DatabaseInitializationDependencyConfigurer$DependsOnDatabaseInitializationPostProcessor'
2024-11-18T12:45:48.688-04:00 DEBUG 24640 --- [examen2] [    Test worker] o.s.b.f.s.DefaultListableBeanFactory     : Creating shared instance of singleton bean 'org.springframework.context.event.internalEventListenerProcessor'
2024-11-18T12:45:48.689-04:00 DEBUG 24640 --- [examen2] [    Test worker] o.s.b.f.s.DefaultListableBeanFactory     : Creating shared instance of singleton bean 'conversionServicePostProcessor'
2024-11-18T12:45:48.693-04:00 DEBUG 24640 --- [examen2] [    Test worker] o.s.b.f.s.DefaultListableBeanFactory     : Creating shared instance of singleton bean 'preserveErrorControllerTargetClassPostProcessor'
2024-11-18T12:45:48.694-04:00 DEBUG 24640 --- [examen2] [    Test worker] o.s.b.f.s.DefaultListableBeanFactory     : Creating shared instance of singleton bean 'org.springframework.context.event.internalEventListenerFactory'
2024-11-18T12:45:48.694-04:00 DEBUG 24640 --- [examen2] [    Test worker] o.s.b.f.s.DefaultListableBeanFactory     : Creating shared instance of singleton bean 'org.springframework.transaction.config.internalTransactionalEventListenerFactory'
2024-11-18T12:45:48.697-04:00 DEBUG 24640 --- [examen2] [    Test worker] o.s.b.f.s.DefaultListableBeanFactory     : Creating shared instance of singleton bean 'org.springframework.boot.test.mock.mockito.MockitoPostProcessor$SpyPostProcessor'
2024-11-18T12:45:48.697-04:00 DEBUG 24640 --- [examen2] [    Test worker] o.s.b.f.s.DefaultListableBeanFactory     : Creating shared instance of singleton bean 'org.springframework.context.annotation.internalAutowiredAnnotationProcessor'
2024-11-18T12:45:48.698-04:00 DEBUG 24640 --- [examen2] [    Test worker] o.s.b.f.s.DefaultListableBeanFactory     : Creating shared instance of singleton bean 'org.springframework.context.annotation.internalCommonAnnotationProcessor'
2024-11-18T12:45:48.700-04:00 DEBUG 24640 --- [examen2] [    Test worker] o.s.b.f.s.DefaultListableBeanFactory     : Creating shared instance of singleton bean 'org.springframework.context.annotation.internalPersistenceAnnotationProcessor'
2024-11-18T12:45:48.701-04:00 DEBUG 24640 --- [examen2] [    Test worker] o.s.b.f.s.DefaultListableBeanFactory     : Creating shared instance of singleton bean 'org.springframework.boot.context.properties.ConfigurationPropertiesBindingPostProcessor'
2024-11-18T12:45:48.701-04:00 DEBUG 24640 --- [examen2] [    Test worker] o.s.b.f.s.DefaultListableBeanFactory     : Creating shared instance of singleton bean 'org.springframework.boot.context.internalConfigurationPropertiesBinder'
2024-11-18T12:45:48.702-04:00 DEBUG 24640 --- [examen2] [    Test worker] o.s.b.f.s.DefaultListableBeanFactory     : Creating shared instance of singleton bean 'jdbcConnectionDetailsHikariBeanPostProcessor'
2024-11-18T12:45:48.704-04:00 DEBUG 24640 --- [examen2] [    Test worker] o.s.b.f.s.DefaultListableBeanFactory     : Creating shared instance of singleton bean 'methodValidationPostProcessor'
2024-11-18T12:45:48.715-04:00 DEBUG 24640 --- [examen2] [    Test worker] o.s.b.f.s.DefaultListableBeanFactory     : Autowiring by type from bean name 'methodValidationPostProcessor' via factory method to bean named 'environment'
2024-11-18T12:45:48.715-04:00 DEBUG 24640 --- [examen2] [    Test worker] o.s.b.f.s.DefaultListableBeanFactory     : Creating shared instance of singleton bean 'org.springframework.boot.context.properties.EnableConfigurationPropertiesRegistrar.methodValidationExcludeFilter'
2024-11-18T12:45:48.726-04:00 DEBUG 24640 --- [examen2] [    Test worker] o.s.b.f.s.DefaultListableBeanFactory     : Creating shared instance of singleton bean 'org.springframework.aop.config.internalAutoProxyCreator'
2024-11-18T12:45:48.734-04:00 DEBUG 24640 --- [examen2] [    Test worker] o.s.b.f.s.DefaultListableBeanFactory     : Creating shared instance of singleton bean 'persistenceExceptionTranslationPostProcessor'
2024-11-18T12:45:48.735-04:00 DEBUG 24640 --- [examen2] [    Test worker] o.s.b.f.s.DefaultListableBeanFactory     : Autowiring by type from bean name 'persistenceExceptionTranslationPostProcessor' via factory method to bean named 'environment'
2024-11-18T12:45:48.736-04:00 DEBUG 24640 --- [examen2] [    Test worker] o.s.b.f.s.DefaultListableBeanFactory     : Creating shared instance of singleton bean 'webServerFactoryCustomizerBeanPostProcessor'
2024-11-18T12:45:48.737-04:00 DEBUG 24640 --- [examen2] [    Test worker] o.s.b.f.s.DefaultListableBeanFactory     : Creating shared instance of singleton bean 'errorPageRegistrarBeanPostProcessor'
2024-11-18T12:45:48.737-04:00 DEBUG 24640 --- [examen2] [    Test worker] o.s.b.f.s.DefaultListableBeanFactory     : Creating shared instance of singleton bean 'projectingArgumentResolverBeanPostProcessor'
2024-11-18T12:45:48.738-04:00 DEBUG 24640 --- [examen2] [    Test worker] o.s.b.f.s.DefaultListableBeanFactory     : Creating shared instance of singleton bean 'org.springframework.transaction.config.internalTransactionAdvisor'
2024-11-18T12:45:48.738-04:00 DEBUG 24640 --- [examen2] [    Test worker] o.s.b.f.s.DefaultListableBeanFactory     : Creating shared instance of singleton bean 'org.springframework.transaction.annotation.ProxyTransactionManagementConfiguration'
2024-11-18T12:45:48.747-04:00 DEBUG 24640 --- [examen2] [    Test worker] o.s.b.f.s.DefaultListableBeanFactory     : Creating shared instance of singleton bean 'transactionAttributeSource'
2024-11-18T12:45:48.748-04:00 DEBUG 24640 --- [examen2] [    Test worker] o.s.b.f.s.DefaultListableBeanFactory     : Creating shared instance of singleton bean 'transactionInterceptor'
2024-11-18T12:45:48.748-04:00 DEBUG 24640 --- [examen2] [    Test worker] o.s.b.f.s.DefaultListableBeanFactory     : Autowiring by type from bean name 'transactionInterceptor' via factory method to bean named 'transactionAttributeSource'
2024-11-18T12:45:48.753-04:00 DEBUG 24640 --- [examen2] [    Test worker] o.s.b.f.s.DefaultListableBeanFactory     : Autowiring by type from bean name 'org.springframework.transaction.config.internalTransactionAdvisor' via factory method to bean named 'transactionAttributeSource'
2024-11-18T12:45:48.753-04:00 DEBUG 24640 --- [examen2] [    Test worker] o.s.b.f.s.DefaultListableBeanFactory     : Autowiring by type from bean name 'org.springframework.transaction.config.internalTransactionAdvisor' via factory method to bean named 'transactionInterceptor'
2024-11-18T12:45:48.773-04:00 DEBUG 24640 --- [examen2] [    Test worker] o.s.u.c.s.UiApplicationContextUtils      : Unable to locate ThemeSource with name 'themeSource': using default [org.springframework.ui.context.support.ResourceBundleThemeSource@3f857e08]
2024-11-18T12:45:48.774-04:00 DEBUG 24640 --- [examen2] [    Test worker] o.s.b.f.s.DefaultListableBeanFactory     : Creating shared instance of singleton bean 'dataSourceScriptDatabaseInitializer'
2024-11-18T12:45:48.774-04:00 DEBUG 24640 --- [examen2] [    Test worker] o.s.b.f.s.DefaultListableBeanFactory     : Creating shared instance of singleton bean 'org.springframework.boot.autoconfigure.sql.init.DataSourceInitializationConfiguration'
2024-11-18T12:45:48.776-04:00 DEBUG 24640 --- [examen2] [    Test worker] o.s.b.f.s.DefaultListableBeanFactory     : Creating shared instance of singleton bean 'dataSource'
2024-11-18T12:45:48.776-04:00 DEBUG 24640 --- [examen2] [    Test worker] o.s.b.f.s.DefaultListableBeanFactory     : Creating shared instance of singleton bean 'org.springframework.boot.autoconfigure.jdbc.DataSourceConfiguration$Hikari'
2024-11-18T12:45:48.777-04:00 DEBUG 24640 --- [examen2] [    Test worker] o.s.b.f.s.DefaultListableBeanFactory     : Creating shared instance of singleton bean 'spring.datasource-org.springframework.boot.autoconfigure.jdbc.DataSourceProperties'
2024-11-18T12:45:48.777-04:00 DEBUG 24640 --- [examen2] [    Test worker] o.s.b.f.s.DefaultListableBeanFactory     : Creating shared instance of singleton bean 'org.springframework.boot.context.properties.BoundConfigurationProperties'
2024-11-18T12:45:48.792-04:00 DEBUG 24640 --- [examen2] [    Test worker] o.s.b.f.s.DefaultListableBeanFactory     : Creating shared instance of singleton bean 'jdbcConnectionDetails'
2024-11-18T12:45:48.792-04:00 DEBUG 24640 --- [examen2] [    Test worker] o.s.b.f.s.DefaultListableBeanFactory     : Creating shared instance of singleton bean 'org.springframework.boot.autoconfigure.jdbc.DataSourceAutoConfiguration$PooledDataSourceConfiguration'
2024-11-18T12:45:48.793-04:00 DEBUG 24640 --- [examen2] [    Test worker] o.s.b.f.s.DefaultListableBeanFactory     : Autowiring by type from bean name 'jdbcConnectionDetails' via factory method to bean named 'spring.datasource-org.springframework.boot.autoconfigure.jdbc.DataSourceProperties'
2024-11-18T12:45:48.793-04:00 DEBUG 24640 --- [examen2] [    Test worker] o.s.b.f.s.DefaultListableBeanFactory     : Autowiring by type from bean name 'dataSource' via factory method to bean named 'spring.datasource-org.springframework.boot.autoconfigure.jdbc.DataSourceProperties'
2024-11-18T12:45:48.793-04:00 DEBUG 24640 --- [examen2] [    Test worker] o.s.b.f.s.DefaultListableBeanFactory     : Autowiring by type from bean name 'dataSource' via factory method to bean named 'jdbcConnectionDetails'
2024-11-18T12:45:48.795-04:00 DEBUG 24640 --- [examen2] [    Test worker] com.zaxxer.hikari.HikariConfig           : Driver class org.postgresql.Driver found in Thread context class loader jdk.internal.loader.ClassLoaders$AppClassLoader@73d16e93
2024-11-18T12:45:48.810-04:00 DEBUG 24640 --- [examen2] [    Test worker] o.s.b.f.s.DefaultListableBeanFactory     : Creating shared instance of singleton bean 'spring.sql.init-org.springframework.boot.autoconfigure.sql.init.SqlInitializationProperties'
2024-11-18T12:45:48.813-04:00 DEBUG 24640 --- [examen2] [    Test worker] o.s.b.f.s.DefaultListableBeanFactory     : Autowiring by type from bean name 'dataSourceScriptDatabaseInitializer' via factory method to bean named 'dataSource'
2024-11-18T12:45:48.813-04:00 DEBUG 24640 --- [examen2] [    Test worker] o.s.b.f.s.DefaultListableBeanFactory     : Autowiring by type from bean name 'dataSourceScriptDatabaseInitializer' via factory method to bean named 'spring.sql.init-org.springframework.boot.autoconfigure.sql.init.SqlInitializationProperties'
2024-11-18T12:45:48.816-04:00 DEBUG 24640 --- [examen2] [    Test worker] o.s.b.f.s.DefaultListableBeanFactory     : Creating shared instance of singleton bean 'entityManagerFactory'
2024-11-18T12:45:48.816-04:00 DEBUG 24640 --- [examen2] [    Test worker] o.s.b.f.s.DefaultListableBeanFactory     : Creating shared instance of singleton bean 'org.springframework.boot.autoconfigure.orm.jpa.HibernateJpaConfiguration'
2024-11-18T12:45:48.818-04:00 DEBUG 24640 --- [examen2] [    Test worker] o.s.b.f.s.DefaultListableBeanFactory     : Creating shared instance of singleton bean 'spring.jpa-org.springframework.boot.autoconfigure.orm.jpa.JpaProperties'
2024-11-18T12:45:48.820-04:00 DEBUG 24640 --- [examen2] [    Test worker] o.s.b.f.s.DefaultListableBeanFactory     : Creating shared instance of singleton bean 'spring.jpa.hibernate-org.springframework.boot.autoconfigure.orm.jpa.HibernateProperties'
2024-11-18T12:45:48.822-04:00 DEBUG 24640 --- [examen2] [    Test worker] o.s.b.f.s.DefaultListableBeanFactory     : Autowiring by type from bean name 'org.springframework.boot.autoconfigure.orm.jpa.HibernateJpaConfiguration' via constructor to bean named 'dataSource'
2024-11-18T12:45:48.822-04:00 DEBUG 24640 --- [examen2] [    Test worker] o.s.b.f.s.DefaultListableBeanFactory     : Autowiring by type from bean name 'org.springframework.boot.autoconfigure.orm.jpa.HibernateJpaConfiguration' via constructor to bean named 'spring.jpa-org.springframework.boot.autoconfigure.orm.jpa.JpaProperties'
2024-11-18T12:45:48.822-04:00 DEBUG 24640 --- [examen2] [    Test worker] o.s.b.f.s.DefaultListableBeanFactory     : Autowiring by type from bean name 'org.springframework.boot.autoconfigure.orm.jpa.HibernateJpaConfiguration' via constructor to bean named 'org.springframework.beans.factory.support.DefaultListableBeanFactory@4682eba5'
2024-11-18T12:45:48.822-04:00 DEBUG 24640 --- [examen2] [    Test worker] o.s.b.f.s.DefaultListableBeanFactory     : Autowiring by type from bean name 'org.springframework.boot.autoconfigure.orm.jpa.HibernateJpaConfiguration' via constructor to bean named 'spring.jpa.hibernate-org.springframework.boot.autoconfigure.orm.jpa.HibernateProperties'
2024-11-18T12:45:48.824-04:00 DEBUG 24640 --- [examen2] [    Test worker] o.s.b.f.s.DefaultListableBeanFactory     : Creating shared instance of singleton bean 'hikariPoolDataSourceMetadataProvider'
2024-11-18T12:45:48.824-04:00 DEBUG 24640 --- [examen2] [    Test worker] o.s.b.f.s.DefaultListableBeanFactory     : Creating shared instance of singleton bean 'org.springframework.boot.autoconfigure.jdbc.metadata.DataSourcePoolMetadataProvidersConfiguration$HikariPoolDataSourceMetadataProviderConfiguration'
2024-11-18T12:45:48.828-04:00 DEBUG 24640 --- [examen2] [    Test worker] o.s.b.f.s.DefaultListableBeanFactory     : Creating shared instance of singleton bean 'entityManagerFactoryBuilder'
2024-11-18T12:45:48.828-04:00 DEBUG 24640 --- [examen2] [    Test worker] o.s.b.f.s.DefaultListableBeanFactory     : Creating shared instance of singleton bean 'jpaVendorAdapter'
2024-11-18T12:45:48.839-04:00 DEBUG 24640 --- [examen2] [    Test worker] o.s.b.f.s.DefaultListableBeanFactory     : Autowiring by type from bean name 'entityManagerFactoryBuilder' via factory method to bean named 'jpaVendorAdapter'
2024-11-18T12:45:48.843-04:00 DEBUG 24640 --- [examen2] [    Test worker] o.s.b.f.s.DefaultListableBeanFactory     : Creating shared instance of singleton bean 'persistenceManagedTypes'
2024-11-18T12:45:48.844-04:00 DEBUG 24640 --- [examen2] [    Test worker] o.s.b.f.s.DefaultListableBeanFactory     : Autowiring by type from bean name 'persistenceManagedTypes' via factory method to bean named 'org.springframework.beans.factory.support.DefaultListableBeanFactory@4682eba5'
2024-11-18T12:45:48.844-04:00 DEBUG 24640 --- [examen2] [    Test worker] o.s.b.f.s.DefaultListableBeanFactory     : Autowiring by type from bean name 'persistenceManagedTypes' via factory method to bean named 'org.springframework.web.context.support.GenericWebApplicationContext@398474a2'
2024-11-18T12:45:48.856-04:00 DEBUG 24640 --- [examen2] [    Test worker] o.s.b.f.s.DefaultListableBeanFactory     : Autowiring by type from bean name 'entityManagerFactory' via factory method to bean named 'entityManagerFactoryBuilder'
2024-11-18T12:45:48.856-04:00 DEBUG 24640 --- [examen2] [    Test worker] o.s.b.f.s.DefaultListableBeanFactory     : Autowiring by type from bean name 'entityManagerFactory' via factory method to bean named 'persistenceManagedTypes'
2024-11-18T12:45:48.872-04:00 DEBUG 24640 --- [examen2] [    Test worker] j.LocalContainerEntityManagerFactoryBean : Building JPA container EntityManagerFactory for persistence unit 'default'
2024-11-18T12:45:48.885-04:00 DEBUG 24640 --- [examen2] [    Test worker] o.hibernate.jpa.internal.util.LogHelper  : PersistenceUnitInfo [
	name: default
	persistence provider classname: null
	classloader: jdk.internal.loader.ClassLoaders$AppClassLoader@73d16e93
	excludeUnlistedClasses: true
	JTA datasource: null
	Non JTA datasource: HikariDataSource (null)
	Transaction type: RESOURCE_LOCAL
	PU root URL: file:/C:/Users/aliss/IdeaProjects/examen2/build/classes/java/test/
	Shared Cache Mode: UNSPECIFIED
	Validation Mode: AUTO
	Jar files URLs []
	Managed classes names [
		com.example.examen2.analisis.model.Analisis
		com.example.examen2.citas.model.Cita
		com.example.examen2.consultas.model.Consulta
		com.example.examen2.especialidades.model.Especialidad
		com.example.examen2.historialclinico.model.HistorialClinico
		com.example.examen2.horarios.model.Horario
		com.example.examen2.medicos.model.Medico
		com.example.examen2.paciente.model.Paciente
		com.example.examen2.procedimientos.model.Procedimiento
		com.example.examen2.reportes.model.Reporte
		com.example.examen2.usuarios.model.Rol
		com.example.examen2.usuarios.model.TestEntity
		com.example.examen2.usuarios.model.Usuario]
	Mapping files names []
	Properties []
2024-11-18T12:45:48.902-04:00 DEBUG 24640 --- [examen2] [    Test worker] o.h.i.internal.IntegratorServiceImpl     : Adding Integrator [org.hibernate.boot.beanvalidation.BeanValidationIntegrator].
2024-11-18T12:45:48.903-04:00 DEBUG 24640 --- [examen2] [    Test worker] o.h.i.internal.IntegratorServiceImpl     : Adding Integrator [org.hibernate.cache.internal.CollectionCacheInvalidator].
2024-11-18T12:45:48.945-04:00  INFO 24640 --- [examen2] [    Test worker] org.hibernate.Version                    : HHH000412: Hibernate ORM core version 6.4.4.Final
2024-11-18T12:45:48.946-04:00 DEBUG 24640 --- [examen2] [    Test worker] org.hibernate.cfg.Environment            : HHH000206: 'hibernate.properties' not found
2024-11-18T12:45:48.965-04:00 DEBUG 24640 --- [examen2] [    Test worker] org.hibernate.orm.idgen.factory          : Registering IdentifierGenerator strategy [uuid2] -> [org.hibernate.id.UUIDGenerator]
2024-11-18T12:45:48.965-04:00 DEBUG 24640 --- [examen2] [    Test worker] org.hibernate.orm.idgen.factory          : Registering IdentifierGenerator strategy [guid] -> [org.hibernate.id.GUIDGenerator]
2024-11-18T12:45:48.966-04:00 DEBUG 24640 --- [examen2] [    Test worker] org.hibernate.orm.idgen.factory          : Registering IdentifierGenerator strategy [uuid] -> [org.hibernate.id.UUIDHexGenerator]
2024-11-18T12:45:48.966-04:00 DEBUG 24640 --- [examen2] [    Test worker] org.hibernate.orm.idgen.factory          : Registering IdentifierGenerator strategy [uuid.hex] -> [org.hibernate.id.UUIDHexGenerator]
2024-11-18T12:45:48.966-04:00 DEBUG 24640 --- [examen2] [    Test worker] org.hibernate.orm.idgen.factory          : Registering IdentifierGenerator strategy [assigned] -> [org.hibernate.id.Assigned]
2024-11-18T12:45:48.967-04:00 DEBUG 24640 --- [examen2] [    Test worker] org.hibernate.orm.idgen.factory          : Registering IdentifierGenerator strategy [identity] -> [org.hibernate.id.IdentityGenerator]
2024-11-18T12:45:48.967-04:00 DEBUG 24640 --- [examen2] [    Test worker] org.hibernate.orm.idgen.factory          : Registering IdentifierGenerator strategy [select] -> [org.hibernate.id.SelectGenerator]
2024-11-18T12:45:48.968-04:00 DEBUG 24640 --- [examen2] [    Test worker] org.hibernate.orm.idgen.factory          : Registering IdentifierGenerator strategy [sequence] -> [org.hibernate.id.enhanced.SequenceStyleGenerator]
2024-11-18T12:45:48.968-04:00 DEBUG 24640 --- [examen2] [    Test worker] org.hibernate.orm.idgen.factory          : Registering IdentifierGenerator strategy [increment] -> [org.hibernate.id.IncrementGenerator]
2024-11-18T12:45:48.969-04:00 DEBUG 24640 --- [examen2] [    Test worker] org.hibernate.orm.idgen.factory          : Registering IdentifierGenerator strategy [foreign] -> [org.hibernate.id.ForeignGenerator]
2024-11-18T12:45:48.969-04:00 DEBUG 24640 --- [examen2] [    Test worker] org.hibernate.orm.idgen.factory          : Registering IdentifierGenerator strategy [enhanced-sequence] -> [org.hibernate.id.enhanced.SequenceStyleGenerator]
2024-11-18T12:45:48.970-04:00 DEBUG 24640 --- [examen2] [    Test worker] org.hibernate.orm.idgen.factory          : Registering IdentifierGenerator strategy [enhanced-table] -> [org.hibernate.id.enhanced.TableGenerator]
2024-11-18T12:45:48.974-04:00 DEBUG 24640 --- [examen2] [    Test worker] o.h.c.internal.RegionFactoryInitiator    : Cannot default RegionFactory based on registered strategies as `[]` RegionFactory strategies were registered
2024-11-18T12:45:48.974-04:00  INFO 24640 --- [examen2] [    Test worker] o.h.c.internal.RegionFactoryInitiator    : HHH000026: Second-level cache disabled
2024-11-18T12:45:49.042-04:00 DEBUG 24640 --- [examen2] [    Test worker] org.hibernate.type.BasicTypeRegistry     : Adding type registration boolean -> org.hibernate.type.BasicTypeReference@7f5ce33e
2024-11-18T12:45:49.042-04:00 DEBUG 24640 --- [examen2] [    Test worker] org.hibernate.type.BasicTypeRegistry     : Adding type registration boolean -> org.hibernate.type.BasicTypeReference@7f5ce33e
2024-11-18T12:45:49.043-04:00 DEBUG 24640 --- [examen2] [    Test worker] org.hibernate.type.BasicTypeRegistry     : Adding type registration java.lang.Boolean -> org.hibernate.type.BasicTypeReference@7f5ce33e
2024-11-18T12:45:49.043-04:00 DEBUG 24640 --- [examen2] [    Test worker] org.hibernate.type.BasicTypeRegistry     : Adding type registration numeric_boolean -> org.hibernate.type.BasicTypeReference@638afcaa
2024-11-18T12:45:49.043-04:00 DEBUG 24640 --- [examen2] [    Test worker] org.hibernate.type.BasicTypeRegistry     : Adding type registration org.hibernate.type.NumericBooleanConverter -> org.hibernate.type.BasicTypeReference@638afcaa
2024-11-18T12:45:49.043-04:00 DEBUG 24640 --- [examen2] [    Test worker] org.hibernate.type.BasicTypeRegistry     : Adding type registration true_false -> org.hibernate.type.BasicTypeReference@58601e7a
2024-11-18T12:45:49.043-04:00 DEBUG 24640 --- [examen2] [    Test worker] org.hibernate.type.BasicTypeRegistry     : Adding type registration org.hibernate.type.TrueFalseConverter -> org.hibernate.type.BasicTypeReference@58601e7a
2024-11-18T12:45:49.043-04:00 DEBUG 24640 --- [examen2] [    Test worker] org.hibernate.type.BasicTypeRegistry     : Adding type registration yes_no -> org.hibernate.type.BasicTypeReference@62735b13
2024-11-18T12:45:49.043-04:00 DEBUG 24640 --- [examen2] [    Test worker] org.hibernate.type.BasicTypeRegistry     : Adding type registration org.hibernate.type.YesNoConverter -> org.hibernate.type.BasicTypeReference@62735b13
2024-11-18T12:45:49.043-04:00 DEBUG 24640 --- [examen2] [    Test worker] org.hibernate.type.BasicTypeRegistry     : Adding type registration byte -> org.hibernate.type.BasicTypeReference@7aae1170
2024-11-18T12:45:49.043-04:00 DEBUG 24640 --- [examen2] [    Test worker] org.hibernate.type.BasicTypeRegistry     : Adding type registration byte -> org.hibernate.type.BasicTypeReference@7aae1170
2024-11-18T12:45:49.043-04:00 DEBUG 24640 --- [examen2] [    Test worker] org.hibernate.type.BasicTypeRegistry     : Adding type registration java.lang.Byte -> org.hibernate.type.BasicTypeReference@7aae1170
2024-11-18T12:45:49.043-04:00 DEBUG 24640 --- [examen2] [    Test worker] org.hibernate.type.BasicTypeRegistry     : Adding type registration binary -> org.hibernate.type.BasicTypeReference@4ef5dd23
2024-11-18T12:45:49.043-04:00 DEBUG 24640 --- [examen2] [    Test worker] org.hibernate.type.BasicTypeRegistry     : Adding type registration byte[] -> org.hibernate.type.BasicTypeReference@4ef5dd23
2024-11-18T12:45:49.044-04:00 DEBUG 24640 --- [examen2] [    Test worker] org.hibernate.type.BasicTypeRegistry     : Adding type registration [B -> org.hibernate.type.BasicTypeReference@4ef5dd23
2024-11-18T12:45:49.044-04:00 DEBUG 24640 --- [examen2] [    Test worker] org.hibernate.type.BasicTypeRegistry     : Adding type registration binary_wrapper -> org.hibernate.type.BasicTypeReference@163e8949
2024-11-18T12:45:49.044-04:00 DEBUG 24640 --- [examen2] [    Test worker] org.hibernate.type.BasicTypeRegistry     : Adding type registration wrapper-binary -> org.hibernate.type.BasicTypeReference@163e8949
2024-11-18T12:45:49.044-04:00 DEBUG 24640 --- [examen2] [    Test worker] org.hibernate.type.BasicTypeRegistry     : Adding type registration image -> org.hibernate.type.BasicTypeReference@6eede35e
2024-11-18T12:45:49.044-04:00 DEBUG 24640 --- [examen2] [    Test worker] org.hibernate.type.BasicTypeRegistry     : Adding type registration blob -> org.hibernate.type.BasicTypeReference@64c25a62
2024-11-18T12:45:49.044-04:00 DEBUG 24640 --- [examen2] [    Test worker] org.hibernate.type.BasicTypeRegistry     : Adding type registration java.sql.Blob -> org.hibernate.type.BasicTypeReference@64c25a62
2024-11-18T12:45:49.044-04:00 DEBUG 24640 --- [examen2] [    Test worker] org.hibernate.type.BasicTypeRegistry     : Adding type registration materialized_blob -> org.hibernate.type.BasicTypeReference@43e8f1c
2024-11-18T12:45:49.045-04:00 DEBUG 24640 --- [examen2] [    Test worker] org.hibernate.type.BasicTypeRegistry     : Adding type registration materialized_blob_wrapper -> org.hibernate.type.BasicTypeReference@66a82a13
2024-11-18T12:45:49.045-04:00 DEBUG 24640 --- [examen2] [    Test worker] org.hibernate.type.BasicTypeRegistry     : Adding type registration short -> org.hibernate.type.BasicTypeReference@675ec28b
2024-11-18T12:45:49.045-04:00 DEBUG 24640 --- [examen2] [    Test worker] org.hibernate.type.BasicTypeRegistry     : Adding type registration short -> org.hibernate.type.BasicTypeReference@675ec28b
2024-11-18T12:45:49.045-04:00 DEBUG 24640 --- [examen2] [    Test worker] org.hibernate.type.BasicTypeRegistry     : Adding type registration java.lang.Short -> org.hibernate.type.BasicTypeReference@675ec28b
2024-11-18T12:45:49.045-04:00 DEBUG 24640 --- [examen2] [    Test worker] org.hibernate.type.BasicTypeRegistry     : Adding type registration integer -> org.hibernate.type.BasicTypeReference@11399548
2024-11-18T12:45:49.045-04:00 DEBUG 24640 --- [examen2] [    Test worker] org.hibernate.type.BasicTypeRegistry     : Adding type registration int -> org.hibernate.type.BasicTypeReference@11399548
2024-11-18T12:45:49.045-04:00 DEBUG 24640 --- [examen2] [    Test worker] org.hibernate.type.BasicTypeRegistry     : Adding type registration java.lang.Integer -> org.hibernate.type.BasicTypeReference@11399548
2024-11-18T12:45:49.045-04:00 DEBUG 24640 --- [examen2] [    Test worker] org.hibernate.type.BasicTypeRegistry     : Adding type registration long -> org.hibernate.type.BasicTypeReference@610fbe1c
2024-11-18T12:45:49.045-04:00 DEBUG 24640 --- [examen2] [    Test worker] org.hibernate.type.BasicTypeRegistry     : Adding type registration long -> org.hibernate.type.BasicTypeReference@610fbe1c
2024-11-18T12:45:49.045-04:00 DEBUG 24640 --- [examen2] [    Test worker] org.hibernate.type.BasicTypeRegistry     : Adding type registration java.lang.Long -> org.hibernate.type.BasicTypeReference@610fbe1c
2024-11-18T12:45:49.046-04:00 DEBUG 24640 --- [examen2] [    Test worker] org.hibernate.type.BasicTypeRegistry     : Adding type registration float -> org.hibernate.type.BasicTypeReference@46d0f89c
2024-11-18T12:45:49.046-04:00 DEBUG 24640 --- [examen2] [    Test worker] org.hibernate.type.BasicTypeRegistry     : Adding type registration float -> org.hibernate.type.BasicTypeReference@46d0f89c
2024-11-18T12:45:49.046-04:00 DEBUG 24640 --- [examen2] [    Test worker] org.hibernate.type.BasicTypeRegistry     : Adding type registration java.lang.Float -> org.hibernate.type.BasicTypeReference@46d0f89c
2024-11-18T12:45:49.046-04:00 DEBUG 24640 --- [examen2] [    Test worker] org.hibernate.type.BasicTypeRegistry     : Adding type registration double -> org.hibernate.type.BasicTypeReference@570b2057
2024-11-18T12:45:49.047-04:00 DEBUG 24640 --- [examen2] [    Test worker] org.hibernate.type.BasicTypeRegistry     : Adding type registration double -> org.hibernate.type.BasicTypeReference@570b2057
2024-11-18T12:45:49.047-04:00 DEBUG 24640 --- [examen2] [    Test worker] org.hibernate.type.BasicTypeRegistry     : Adding type registration java.lang.Double -> org.hibernate.type.BasicTypeReference@570b2057
2024-11-18T12:45:49.048-04:00 DEBUG 24640 --- [examen2] [    Test worker] org.hibernate.type.BasicTypeRegistry     : Adding type registration big_integer -> org.hibernate.type.BasicTypeReference@a457c2b
2024-11-18T12:45:49.048-04:00 DEBUG 24640 --- [examen2] [    Test worker] org.hibernate.type.BasicTypeRegistry     : Adding type registration java.math.BigInteger -> org.hibernate.type.BasicTypeReference@a457c2b
2024-11-18T12:45:49.048-04:00 DEBUG 24640 --- [examen2] [    Test worker] org.hibernate.type.BasicTypeRegistry     : Adding type registration big_decimal -> org.hibernate.type.BasicTypeReference@16a6dc21
2024-11-18T12:45:49.048-04:00 DEBUG 24640 --- [examen2] [    Test worker] org.hibernate.type.BasicTypeRegistry     : Adding type registration java.math.BigDecimal -> org.hibernate.type.BasicTypeReference@16a6dc21
2024-11-18T12:45:49.048-04:00 DEBUG 24640 --- [examen2] [    Test worker] org.hibernate.type.BasicTypeRegistry     : Adding type registration character -> org.hibernate.type.BasicTypeReference@5773d271
2024-11-18T12:45:49.048-04:00 DEBUG 24640 --- [examen2] [    Test worker] org.hibernate.type.BasicTypeRegistry     : Adding type registration char -> org.hibernate.type.BasicTypeReference@5773d271
2024-11-18T12:45:49.048-04:00 DEBUG 24640 --- [examen2] [    Test worker] org.hibernate.type.BasicTypeRegistry     : Adding type registration java.lang.Character -> org.hibernate.type.BasicTypeReference@5773d271
2024-11-18T12:45:49.048-04:00 DEBUG 24640 --- [examen2] [    Test worker] org.hibernate.type.BasicTypeRegistry     : Adding type registration character_nchar -> org.hibernate.type.BasicTypeReference@59f45950
2024-11-18T12:45:49.049-04:00 DEBUG 24640 --- [examen2] [    Test worker] org.hibernate.type.BasicTypeRegistry     : Adding type registration string -> org.hibernate.type.BasicTypeReference@7871d261
2024-11-18T12:45:49.049-04:00 DEBUG 24640 --- [examen2] [    Test worker] org.hibernate.type.BasicTypeRegistry     : Adding type registration java.lang.String -> org.hibernate.type.BasicTypeReference@7871d261
2024-11-18T12:45:49.049-04:00 DEBUG 24640 --- [examen2] [    Test worker] org.hibernate.type.BasicTypeRegistry     : Adding type registration nstring -> org.hibernate.type.BasicTypeReference@58164e9a
2024-11-18T12:45:49.049-04:00 DEBUG 24640 --- [examen2] [    Test worker] org.hibernate.type.BasicTypeRegistry     : Adding type registration characters -> org.hibernate.type.BasicTypeReference@11bfffb3
2024-11-18T12:45:49.049-04:00 DEBUG 24640 --- [examen2] [    Test worker] org.hibernate.type.BasicTypeRegistry     : Adding type registration char[] -> org.hibernate.type.BasicTypeReference@11bfffb3
2024-11-18T12:45:49.049-04:00 DEBUG 24640 --- [examen2] [    Test worker] org.hibernate.type.BasicTypeRegistry     : Adding type registration [C -> org.hibernate.type.BasicTypeReference@11bfffb3
2024-11-18T12:45:49.049-04:00 DEBUG 24640 --- [examen2] [    Test worker] org.hibernate.type.BasicTypeRegistry     : Adding type registration wrapper-characters -> org.hibernate.type.BasicTypeReference@6a7a1a0d
2024-11-18T12:45:49.049-04:00 DEBUG 24640 --- [examen2] [    Test worker] org.hibernate.type.BasicTypeRegistry     : Adding type registration text -> org.hibernate.type.BasicTypeReference@1c6e3ff9
2024-11-18T12:45:49.049-04:00 DEBUG 24640 --- [examen2] [    Test worker] org.hibernate.type.BasicTypeRegistry     : Adding type registration ntext -> org.hibernate.type.BasicTypeReference@76e6c070
2024-11-18T12:45:49.049-04:00 DEBUG 24640 --- [examen2] [    Test worker] org.hibernate.type.BasicTypeRegistry     : Adding type registration clob -> org.hibernate.type.BasicTypeReference@184afb78
2024-11-18T12:45:49.049-04:00 DEBUG 24640 --- [examen2] [    Test worker] org.hibernate.type.BasicTypeRegistry     : Adding type registration java.sql.Clob -> org.hibernate.type.BasicTypeReference@184afb78
2024-11-18T12:45:49.050-04:00 DEBUG 24640 --- [examen2] [    Test worker] org.hibernate.type.BasicTypeRegistry     : Adding type registration nclob -> org.hibernate.type.BasicTypeReference@22da200e
2024-11-18T12:45:49.050-04:00 DEBUG 24640 --- [examen2] [    Test worker] org.hibernate.type.BasicTypeRegistry     : Adding type registration java.sql.NClob -> org.hibernate.type.BasicTypeReference@22da200e
2024-11-18T12:45:49.050-04:00 DEBUG 24640 --- [examen2] [    Test worker] org.hibernate.type.BasicTypeRegistry     : Adding type registration materialized_clob -> org.hibernate.type.BasicTypeReference@4f26425b
2024-11-18T12:45:49.050-04:00 DEBUG 24640 --- [examen2] [    Test worker] org.hibernate.type.BasicTypeRegistry     : Adding type registration materialized_clob_char_array -> org.hibernate.type.BasicTypeReference@f03ee8f
2024-11-18T12:45:49.050-04:00 DEBUG 24640 --- [examen2] [    Test worker] org.hibernate.type.BasicTypeRegistry     : Adding type registration materialized_clob_character_array -> org.hibernate.type.BasicTypeReference@40dd552c
2024-11-18T12:45:49.050-04:00 DEBUG 24640 --- [examen2] [    Test worker] org.hibernate.type.BasicTypeRegistry     : Adding type registration materialized_nclob -> org.hibernate.type.BasicTypeReference@33f4c769
2024-11-18T12:45:49.050-04:00 DEBUG 24640 --- [examen2] [    Test worker] org.hibernate.type.BasicTypeRegistry     : Adding type registration materialized_nclob_character_array -> org.hibernate.type.BasicTypeReference@4ebd6fd6
2024-11-18T12:45:49.050-04:00 DEBUG 24640 --- [examen2] [    Test worker] org.hibernate.type.BasicTypeRegistry     : Adding type registration materialized_nclob_char_array -> org.hibernate.type.BasicTypeReference@5e5a8718
2024-11-18T12:45:49.050-04:00 DEBUG 24640 --- [examen2] [    Test worker] org.hibernate.type.BasicTypeRegistry     : Adding type registration Duration -> org.hibernate.type.BasicTypeReference@7404ddca
2024-11-18T12:45:49.050-04:00 DEBUG 24640 --- [examen2] [    Test worker] org.hibernate.type.BasicTypeRegistry     : Adding type registration java.time.Duration -> org.hibernate.type.BasicTypeReference@7404ddca
2024-11-18T12:45:49.050-04:00 DEBUG 24640 --- [examen2] [    Test worker] org.hibernate.type.BasicTypeRegistry     : Adding type registration LocalDateTime -> org.hibernate.type.BasicTypeReference@615e83ac
2024-11-18T12:45:49.050-04:00 DEBUG 24640 --- [examen2] [    Test worker] org.hibernate.type.BasicTypeRegistry     : Adding type registration java.time.LocalDateTime -> org.hibernate.type.BasicTypeReference@615e83ac
2024-11-18T12:45:49.051-04:00 DEBUG 24640 --- [examen2] [    Test worker] org.hibernate.type.BasicTypeRegistry     : Adding type registration LocalDate -> org.hibernate.type.BasicTypeReference@4438938e
2024-11-18T12:45:49.051-04:00 DEBUG 24640 --- [examen2] [    Test worker] org.hibernate.type.BasicTypeRegistry     : Adding type registration java.time.LocalDate -> org.hibernate.type.BasicTypeReference@4438938e
2024-11-18T12:45:49.051-04:00 DEBUG 24640 --- [examen2] [    Test worker] org.hibernate.type.BasicTypeRegistry     : Adding type registration LocalTime -> org.hibernate.type.BasicTypeReference@4e50ae56
2024-11-18T12:45:49.051-04:00 DEBUG 24640 --- [examen2] [    Test worker] org.hibernate.type.BasicTypeRegistry     : Adding type registration java.time.LocalTime -> org.hibernate.type.BasicTypeReference@4e50ae56
2024-11-18T12:45:49.051-04:00 DEBUG 24640 --- [examen2] [    Test worker] org.hibernate.type.BasicTypeRegistry     : Adding type registration OffsetDateTime -> org.hibernate.type.BasicTypeReference@1c68d0db
2024-11-18T12:45:49.051-04:00 DEBUG 24640 --- [examen2] [    Test worker] org.hibernate.type.BasicTypeRegistry     : Adding type registration java.time.OffsetDateTime -> org.hibernate.type.BasicTypeReference@1c68d0db
2024-11-18T12:45:49.052-04:00 DEBUG 24640 --- [examen2] [    Test worker] org.hibernate.type.BasicTypeRegistry     : Adding type registration OffsetDateTimeWithTimezone -> org.hibernate.type.BasicTypeReference@9be7319
2024-11-18T12:45:49.052-04:00 DEBUG 24640 --- [examen2] [    Test worker] org.hibernate.type.BasicTypeRegistry     : Adding type registration OffsetDateTimeWithoutTimezone -> org.hibernate.type.BasicTypeReference@91a2543
2024-11-18T12:45:49.052-04:00 DEBUG 24640 --- [examen2] [    Test worker] org.hibernate.type.BasicTypeRegistry     : Adding type registration OffsetTime -> org.hibernate.type.BasicTypeReference@42730828
2024-11-18T12:45:49.052-04:00 DEBUG 24640 --- [examen2] [    Test worker] org.hibernate.type.BasicTypeRegistry     : Adding type registration java.time.OffsetTime -> org.hibernate.type.BasicTypeReference@42730828
2024-11-18T12:45:49.052-04:00 DEBUG 24640 --- [examen2] [    Test worker] org.hibernate.type.BasicTypeRegistry     : Adding type registration OffsetTimeUtc -> org.hibernate.type.BasicTypeReference@18c7f6b5
2024-11-18T12:45:49.053-04:00 DEBUG 24640 --- [examen2] [    Test worker] org.hibernate.type.BasicTypeRegistry     : Adding type registration OffsetTimeWithTimezone -> org.hibernate.type.BasicTypeReference@629b780f
2024-11-18T12:45:49.053-04:00 DEBUG 24640 --- [examen2] [    Test worker] org.hibernate.type.BasicTypeRegistry     : Adding type registration OffsetTimeWithoutTimezone -> org.hibernate.type.BasicTypeReference@3af36922
2024-11-18T12:45:49.053-04:00 DEBUG 24640 --- [examen2] [    Test worker] org.hibernate.type.BasicTypeRegistry     : Adding type registration ZonedDateTime -> org.hibernate.type.BasicTypeReference@609b041c
2024-11-18T12:45:49.053-04:00 DEBUG 24640 --- [examen2] [    Test worker] org.hibernate.type.BasicTypeRegistry     : Adding type registration java.time.ZonedDateTime -> org.hibernate.type.BasicTypeReference@609b041c
2024-11-18T12:45:49.053-04:00 DEBUG 24640 --- [examen2] [    Test worker] org.hibernate.type.BasicTypeRegistry     : Adding type registration ZonedDateTimeWithTimezone -> org.hibernate.type.BasicTypeReference@474e34e4
2024-11-18T12:45:49.054-04:00 DEBUG 24640 --- [examen2] [    Test worker] org.hibernate.type.BasicTypeRegistry     : Adding type registration ZonedDateTimeWithoutTimezone -> org.hibernate.type.BasicTypeReference@7e2c6702
2024-11-18T12:45:49.054-04:00 DEBUG 24640 --- [examen2] [    Test worker] org.hibernate.type.BasicTypeRegistry     : Adding type registration date -> org.hibernate.type.BasicTypeReference@5fb7ab9c
2024-11-18T12:45:49.054-04:00 DEBUG 24640 --- [examen2] [    Test worker] org.hibernate.type.BasicTypeRegistry     : Adding type registration java.sql.Date -> org.hibernate.type.BasicTypeReference@5fb7ab9c
2024-11-18T12:45:49.054-04:00 DEBUG 24640 --- [examen2] [    Test worker] org.hibernate.type.BasicTypeRegistry     : Adding type registration time -> org.hibernate.type.BasicTypeReference@6734ff92
2024-11-18T12:45:49.054-04:00 DEBUG 24640 --- [examen2] [    Test worker] org.hibernate.type.BasicTypeRegistry     : Adding type registration java.sql.Time -> org.hibernate.type.BasicTypeReference@6734ff92
2024-11-18T12:45:49.054-04:00 DEBUG 24640 --- [examen2] [    Test worker] org.hibernate.type.BasicTypeRegistry     : Adding type registration timestamp -> org.hibernate.type.BasicTypeReference@51eb0e84
2024-11-18T12:45:49.054-04:00 DEBUG 24640 --- [examen2] [    Test worker] org.hibernate.type.BasicTypeRegistry     : Adding type registration java.sql.Timestamp -> org.hibernate.type.BasicTypeReference@51eb0e84
2024-11-18T12:45:49.054-04:00 DEBUG 24640 --- [examen2] [    Test worker] org.hibernate.type.BasicTypeRegistry     : Adding type registration java.util.Date -> org.hibernate.type.BasicTypeReference@51eb0e84
2024-11-18T12:45:49.054-04:00 DEBUG 24640 --- [examen2] [    Test worker] org.hibernate.type.BasicTypeRegistry     : Adding type registration calendar -> org.hibernate.type.BasicTypeReference@4ce267cc
2024-11-18T12:45:49.054-04:00 DEBUG 24640 --- [examen2] [    Test worker] org.hibernate.type.BasicTypeRegistry     : Adding type registration java.util.Calendar -> org.hibernate.type.BasicTypeReference@4ce267cc
2024-11-18T12:45:49.054-04:00 DEBUG 24640 --- [examen2] [    Test worker] org.hibernate.type.BasicTypeRegistry     : Adding type registration java.util.GregorianCalendar -> org.hibernate.type.BasicTypeReference@4ce267cc
2024-11-18T12:45:49.054-04:00 DEBUG 24640 --- [examen2] [    Test worker] org.hibernate.type.BasicTypeRegistry     : Adding type registration calendar_date -> org.hibernate.type.BasicTypeReference@2eebce87
2024-11-18T12:45:49.054-04:00 DEBUG 24640 --- [examen2] [    Test worker] org.hibernate.type.BasicTypeRegistry     : Adding type registration calendar_time -> org.hibernate.type.BasicTypeReference@6ee37ca7
2024-11-18T12:45:49.055-04:00 DEBUG 24640 --- [examen2] [    Test worker] org.hibernate.type.BasicTypeRegistry     : Adding type registration instant -> org.hibernate.type.BasicTypeReference@6775c0d1
2024-11-18T12:45:49.055-04:00 DEBUG 24640 --- [examen2] [    Test worker] org.hibernate.type.BasicTypeRegistry     : Adding type registration java.time.Instant -> org.hibernate.type.BasicTypeReference@6775c0d1
2024-11-18T12:45:49.055-04:00 DEBUG 24640 --- [examen2] [    Test worker] org.hibernate.type.BasicTypeRegistry     : Adding type registration uuid -> org.hibernate.type.BasicTypeReference@38f617f4
2024-11-18T12:45:49.055-04:00 DEBUG 24640 --- [examen2] [    Test worker] org.hibernate.type.BasicTypeRegistry     : Adding type registration java.util.UUID -> org.hibernate.type.BasicTypeReference@38f617f4
2024-11-18T12:45:49.055-04:00 DEBUG 24640 --- [examen2] [    Test worker] org.hibernate.type.BasicTypeRegistry     : Adding type registration pg-uuid -> org.hibernate.type.BasicTypeReference@38f617f4
2024-11-18T12:45:49.055-04:00 DEBUG 24640 --- [examen2] [    Test worker] org.hibernate.type.BasicTypeRegistry     : Adding type registration uuid-binary -> org.hibernate.type.BasicTypeReference@4899799b
2024-11-18T12:45:49.055-04:00 DEBUG 24640 --- [examen2] [    Test worker] org.hibernate.type.BasicTypeRegistry     : Adding type registration uuid-char -> org.hibernate.type.BasicTypeReference@3dea226b
2024-11-18T12:45:49.056-04:00 DEBUG 24640 --- [examen2] [    Test worker] org.hibernate.type.BasicTypeRegistry     : Adding type registration class -> org.hibernate.type.BasicTypeReference@74500e4f
2024-11-18T12:45:49.056-04:00 DEBUG 24640 --- [examen2] [    Test worker] org.hibernate.type.BasicTypeRegistry     : Adding type registration java.lang.Class -> org.hibernate.type.BasicTypeReference@74500e4f
2024-11-18T12:45:49.056-04:00 DEBUG 24640 --- [examen2] [    Test worker] org.hibernate.type.BasicTypeRegistry     : Adding type registration currency -> org.hibernate.type.BasicTypeReference@7c91fe86
2024-11-18T12:45:49.056-04:00 DEBUG 24640 --- [examen2] [    Test worker] org.hibernate.type.BasicTypeRegistry     : Adding type registration Currency -> org.hibernate.type.BasicTypeReference@7c91fe86
2024-11-18T12:45:49.056-04:00 DEBUG 24640 --- [examen2] [    Test worker] org.hibernate.type.BasicTypeRegistry     : Adding type registration java.util.Currency -> org.hibernate.type.BasicTypeReference@7c91fe86
2024-11-18T12:45:49.056-04:00 DEBUG 24640 --- [examen2] [    Test worker] org.hibernate.type.BasicTypeRegistry     : Adding type registration locale -> org.hibernate.type.BasicTypeReference@7fc7152e
2024-11-18T12:45:49.056-04:00 DEBUG 24640 --- [examen2] [    Test worker] org.hibernate.type.BasicTypeRegistry     : Adding type registration java.util.Locale -> org.hibernate.type.BasicTypeReference@7fc7152e
2024-11-18T12:45:49.056-04:00 DEBUG 24640 --- [examen2] [    Test worker] org.hibernate.type.BasicTypeRegistry     : Adding type registration serializable -> org.hibernate.type.BasicTypeReference@13d289c7
2024-11-18T12:45:49.056-04:00 DEBUG 24640 --- [examen2] [    Test worker] org.hibernate.type.BasicTypeRegistry     : Adding type registration java.io.Serializable -> org.hibernate.type.BasicTypeReference@13d289c7
2024-11-18T12:45:49.057-04:00 DEBUG 24640 --- [examen2] [    Test worker] org.hibernate.type.BasicTypeRegistry     : Adding type registration timezone -> org.hibernate.type.BasicTypeReference@6704df84
2024-11-18T12:45:49.057-04:00 DEBUG 24640 --- [examen2] [    Test worker] org.hibernate.type.BasicTypeRegistry     : Adding type registration java.util.TimeZone -> org.hibernate.type.BasicTypeReference@6704df84
2024-11-18T12:45:49.057-04:00 DEBUG 24640 --- [examen2] [    Test worker] org.hibernate.type.BasicTypeRegistry     : Adding type registration ZoneOffset -> org.hibernate.type.BasicTypeReference@1412682c
2024-11-18T12:45:49.057-04:00 DEBUG 24640 --- [examen2] [    Test worker] org.hibernate.type.BasicTypeRegistry     : Adding type registration java.time.ZoneOffset -> org.hibernate.type.BasicTypeReference@1412682c
2024-11-18T12:45:49.057-04:00 DEBUG 24640 --- [examen2] [    Test worker] org.hibernate.type.BasicTypeRegistry     : Adding type registration url -> org.hibernate.type.BasicTypeReference@53bb71e5
2024-11-18T12:45:49.057-04:00 DEBUG 24640 --- [examen2] [    Test worker] org.hibernate.type.BasicTypeRegistry     : Adding type registration java.net.URL -> org.hibernate.type.BasicTypeReference@53bb71e5
2024-11-18T12:45:49.057-04:00 DEBUG 24640 --- [examen2] [    Test worker] org.hibernate.type.BasicTypeRegistry     : Adding type registration vector -> org.hibernate.type.BasicTypeReference@54a056e4
2024-11-18T12:45:49.057-04:00 DEBUG 24640 --- [examen2] [    Test worker] org.hibernate.type.BasicTypeRegistry     : Adding type registration row_version -> org.hibernate.type.BasicTypeReference@15994b0b
2024-11-18T12:45:49.062-04:00 DEBUG 24640 --- [examen2] [    Test worker] org.hibernate.type.BasicTypeRegistry     : Adding type registration object -> org.hibernate.type.JavaObjectType@19bfbe28
2024-11-18T12:45:49.063-04:00 DEBUG 24640 --- [examen2] [    Test worker] org.hibernate.type.BasicTypeRegistry     : Adding type registration java.lang.Object -> org.hibernate.type.JavaObjectType@19bfbe28
2024-11-18T12:45:49.063-04:00 DEBUG 24640 --- [examen2] [    Test worker] org.hibernate.type.BasicTypeRegistry     : Adding type registration null -> org.hibernate.type.NullType@63485d7
2024-11-18T12:45:49.064-04:00 DEBUG 24640 --- [examen2] [    Test worker] org.hibernate.type.BasicTypeRegistry     : Adding type registration imm_date -> org.hibernate.type.BasicTypeReference@23ea8830
2024-11-18T12:45:49.064-04:00 DEBUG 24640 --- [examen2] [    Test worker] org.hibernate.type.BasicTypeRegistry     : Adding type registration imm_time -> org.hibernate.type.BasicTypeReference@59a09be
2024-11-18T12:45:49.064-04:00 DEBUG 24640 --- [examen2] [    Test worker] org.hibernate.type.BasicTypeRegistry     : Adding type registration imm_timestamp -> org.hibernate.type.BasicTypeReference@790ac3e0
2024-11-18T12:45:49.064-04:00 DEBUG 24640 --- [examen2] [    Test worker] org.hibernate.type.BasicTypeRegistry     : Adding type registration imm_calendar -> org.hibernate.type.BasicTypeReference@5bb2fb2b
2024-11-18T12:45:49.064-04:00 DEBUG 24640 --- [examen2] [    Test worker] org.hibernate.type.BasicTypeRegistry     : Adding type registration imm_calendar_date -> org.hibernate.type.BasicTypeReference@2cee5365
2024-11-18T12:45:49.064-04:00 DEBUG 24640 --- [examen2] [    Test worker] org.hibernate.type.BasicTypeRegistry     : Adding type registration imm_calendar_time -> org.hibernate.type.BasicTypeReference@796c68bf
2024-11-18T12:45:49.064-04:00 DEBUG 24640 --- [examen2] [    Test worker] org.hibernate.type.BasicTypeRegistry     : Adding type registration imm_binary -> org.hibernate.type.BasicTypeReference@56d6a1b1
2024-11-18T12:45:49.064-04:00 DEBUG 24640 --- [examen2] [    Test worker] org.hibernate.type.BasicTypeRegistry     : Adding type registration imm_serializable -> org.hibernate.type.BasicTypeReference@1a7163e3
2024-11-18T12:45:49.068-04:00 DEBUG 24640 --- [examen2] [    Test worker] o.h.boot.internal.BootstrapContextImpl   : Injecting JPA temp ClassLoader [org.springframework.instrument.classloading.SimpleThrowawayClassLoader@36211bbc] into BootstrapContext; was [null]
2024-11-18T12:45:49.068-04:00 DEBUG 24640 --- [examen2] [    Test worker] o.h.boot.internal.ClassLoaderAccessImpl  : ClassLoaderAccessImpl#injectTempClassLoader(org.springframework.instrument.classloading.SimpleThrowawayClassLoader@36211bbc) [was null]
2024-11-18T12:45:49.069-04:00 DEBUG 24640 --- [examen2] [    Test worker] o.h.boot.internal.BootstrapContextImpl   : Injecting ScanEnvironment [org.hibernate.jpa.boot.internal.StandardJpaScanEnvironmentImpl@5e98032e] into BootstrapContext; was [null]
2024-11-18T12:45:49.069-04:00 DEBUG 24640 --- [examen2] [    Test worker] o.h.boot.internal.BootstrapContextImpl   : Injecting ScanOptions [org.hibernate.boot.archive.scan.internal.StandardScanOptions@4fe8f2ae] into BootstrapContext; was [org.hibernate.boot.archive.scan.internal.StandardScanOptions@591be8aa]
2024-11-18T12:45:49.167-04:00  INFO 24640 --- [examen2] [    Test worker] o.s.o.j.p.SpringPersistenceUnitInfo      : No LoadTimeWeaver setup: ignoring JPA class transformer
2024-11-18T12:45:49.167-04:00 DEBUG 24640 --- [examen2] [    Test worker] o.h.boot.internal.BootstrapContextImpl   : Injecting JPA temp ClassLoader [null] into BootstrapContext; was [org.springframework.instrument.classloading.SimpleThrowawayClassLoader@36211bbc]
2024-11-18T12:45:49.167-04:00 DEBUG 24640 --- [examen2] [    Test worker] o.h.boot.internal.ClassLoaderAccessImpl  : ClassLoaderAccessImpl#injectTempClassLoader(null) [was org.springframework.instrument.classloading.SimpleThrowawayClassLoader@36211bbc]
2024-11-18T12:45:49.182-04:00 DEBUG 24640 --- [examen2] [    Test worker] com.zaxxer.hikari.HikariConfig           : HikariPool-1 - configuration:
2024-11-18T12:45:49.189-04:00 DEBUG 24640 --- [examen2] [    Test worker] com.zaxxer.hikari.HikariConfig           : allowPoolSuspension.............false
2024-11-18T12:45:49.189-04:00 DEBUG 24640 --- [examen2] [    Test worker] com.zaxxer.hikari.HikariConfig           : autoCommit......................true
2024-11-18T12:45:49.190-04:00 DEBUG 24640 --- [examen2] [    Test worker] com.zaxxer.hikari.HikariConfig           : catalog.........................none
2024-11-18T12:45:49.190-04:00 DEBUG 24640 --- [examen2] [    Test worker] com.zaxxer.hikari.HikariConfig           : connectionInitSql...............none
2024-11-18T12:45:49.190-04:00 DEBUG 24640 --- [examen2] [    Test worker] com.zaxxer.hikari.HikariConfig           : connectionTestQuery.............none
2024-11-18T12:45:49.190-04:00 DEBUG 24640 --- [examen2] [    Test worker] com.zaxxer.hikari.HikariConfig           : connectionTimeout...............30000
2024-11-18T12:45:49.191-04:00 DEBUG 24640 --- [examen2] [    Test worker] com.zaxxer.hikari.HikariConfig           : dataSource......................none
2024-11-18T12:45:49.191-04:00 DEBUG 24640 --- [examen2] [    Test worker] com.zaxxer.hikari.HikariConfig           : dataSourceClassName.............none
2024-11-18T12:45:49.191-04:00 DEBUG 24640 --- [examen2] [    Test worker] com.zaxxer.hikari.HikariConfig           : dataSourceJNDI..................none
2024-11-18T12:45:49.191-04:00 DEBUG 24640 --- [examen2] [    Test worker] com.zaxxer.hikari.HikariConfig           : dataSourceProperties............{password=<masked>}
2024-11-18T12:45:49.191-04:00 DEBUG 24640 --- [examen2] [    Test worker] com.zaxxer.hikari.HikariConfig           : driverClassName................."org.postgresql.Driver"
2024-11-18T12:45:49.192-04:00 DEBUG 24640 --- [examen2] [    Test worker] com.zaxxer.hikari.HikariConfig           : exceptionOverrideClassName......none
2024-11-18T12:45:49.192-04:00 DEBUG 24640 --- [examen2] [    Test worker] com.zaxxer.hikari.HikariConfig           : healthCheckProperties...........{}
2024-11-18T12:45:49.192-04:00 DEBUG 24640 --- [examen2] [    Test worker] com.zaxxer.hikari.HikariConfig           : healthCheckRegistry.............none
2024-11-18T12:45:49.192-04:00 DEBUG 24640 --- [examen2] [    Test worker] com.zaxxer.hikari.HikariConfig           : idleTimeout.....................600000
2024-11-18T12:45:49.192-04:00 DEBUG 24640 --- [examen2] [    Test worker] com.zaxxer.hikari.HikariConfig           : initializationFailTimeout.......1
2024-11-18T12:45:49.193-04:00 DEBUG 24640 --- [examen2] [    Test worker] com.zaxxer.hikari.HikariConfig           : isolateInternalQueries..........false
2024-11-18T12:45:49.193-04:00 DEBUG 24640 --- [examen2] [    Test worker] com.zaxxer.hikari.HikariConfig           : jdbcUrl.........................jdbc:postgresql://localhost:5432/clinica
2024-11-18T12:45:49.193-04:00 DEBUG 24640 --- [examen2] [    Test worker] com.zaxxer.hikari.HikariConfig           : keepaliveTime...................0
2024-11-18T12:45:49.193-04:00 DEBUG 24640 --- [examen2] [    Test worker] com.zaxxer.hikari.HikariConfig           : leakDetectionThreshold..........0
2024-11-18T12:45:49.193-04:00 DEBUG 24640 --- [examen2] [    Test worker] com.zaxxer.hikari.HikariConfig           : maxLifetime.....................1800000
2024-11-18T12:45:49.193-04:00 DEBUG 24640 --- [examen2] [    Test worker] com.zaxxer.hikari.HikariConfig           : maximumPoolSize.................10
2024-11-18T12:45:49.193-04:00 DEBUG 24640 --- [examen2] [    Test worker] com.zaxxer.hikari.HikariConfig           : metricRegistry..................none
2024-11-18T12:45:49.193-04:00 DEBUG 24640 --- [examen2] [    Test worker] com.zaxxer.hikari.HikariConfig           : metricsTrackerFactory...........none
2024-11-18T12:45:49.194-04:00 DEBUG 24640 --- [examen2] [    Test worker] com.zaxxer.hikari.HikariConfig           : minimumIdle.....................10
2024-11-18T12:45:49.194-04:00 DEBUG 24640 --- [examen2] [    Test worker] com.zaxxer.hikari.HikariConfig           : password........................<masked>
2024-11-18T12:45:49.194-04:00 DEBUG 24640 --- [examen2] [    Test worker] com.zaxxer.hikari.HikariConfig           : poolName........................"HikariPool-1"
2024-11-18T12:45:49.194-04:00 DEBUG 24640 --- [examen2] [    Test worker] com.zaxxer.hikari.HikariConfig           : readOnly........................false
2024-11-18T12:45:49.195-04:00 DEBUG 24640 --- [examen2] [    Test worker] com.zaxxer.hikari.HikariConfig           : registerMbeans..................false
2024-11-18T12:45:49.197-04:00 DEBUG 24640 --- [examen2] [    Test worker] com.zaxxer.hikari.HikariConfig           : scheduledExecutor...............none
2024-11-18T12:45:49.197-04:00 DEBUG 24640 --- [examen2] [    Test worker] com.zaxxer.hikari.HikariConfig           : schema..........................none
2024-11-18T12:45:49.197-04:00 DEBUG 24640 --- [examen2] [    Test worker] com.zaxxer.hikari.HikariConfig           : threadFactory...................internal
2024-11-18T12:45:49.197-04:00 DEBUG 24640 --- [examen2] [    Test worker] com.zaxxer.hikari.HikariConfig           : transactionIsolation............default
2024-11-18T12:45:49.197-04:00 DEBUG 24640 --- [examen2] [    Test worker] com.zaxxer.hikari.HikariConfig           : username........................"mosito"
2024-11-18T12:45:49.198-04:00 DEBUG 24640 --- [examen2] [    Test worker] com.zaxxer.hikari.HikariConfig           : validationTimeout...............5000
2024-11-18T12:45:49.198-04:00  INFO 24640 --- [examen2] [    Test worker] com.zaxxer.hikari.HikariDataSource       : HikariPool-1 - Starting...
2024-11-18T12:45:49.208-04:00 DEBUG 24640 --- [examen2] [    Test worker] org.postgresql.Driver                    : Loading driver configuration via classloader jdk.internal.loader.ClassLoaders$AppClassLoader@73d16e93
2024-11-18T12:45:49.209-04:00 DEBUG 24640 --- [examen2] [    Test worker] org.postgresql.Driver                    : Connecting with URL: jdbc:postgresql://localhost:5432/clinica
2024-11-18T12:45:49.214-04:00 DEBUG 24640 --- [examen2] [    Test worker] org.postgresql.jdbc.PgConnection         : PostgreSQL JDBC Driver 42.6.2
2024-11-18T12:45:49.215-04:00 DEBUG 24640 --- [examen2] [    Test worker] org.postgresql.jdbc.PgConnection         :   setDefaultFetchSize = 0
2024-11-18T12:45:49.215-04:00 DEBUG 24640 --- [examen2] [    Test worker] org.postgresql.jdbc.PgConnection         :   setPrepareThreshold = 5
2024-11-18T12:45:49.218-04:00 DEBUG 24640 --- [examen2] [    Test worker] o.p.core.v3.ConnectionFactoryImpl        : Trying to establish a protocol version 3 connection to localhost:5432
2024-11-18T12:45:49.229-04:00 DEBUG 24640 --- [examen2] [    Test worker] o.p.core.v3.ConnectionFactoryImpl        : Receive Buffer Size is 65.536
2024-11-18T12:45:49.229-04:00 DEBUG 24640 --- [examen2] [    Test worker] o.p.core.v3.ConnectionFactoryImpl        : Send Buffer Size is 65.536
2024-11-18T12:45:49.320-04:00  INFO 24640 --- [examen2] [    Test worker] com.zaxxer.hikari.pool.HikariPool        : HikariPool-1 - Added connection org.postgresql.jdbc.PgConnection@6a2badb1
2024-11-18T12:45:49.321-04:00  INFO 24640 --- [examen2] [    Test worker] com.zaxxer.hikari.HikariDataSource       : HikariPool-1 - Start completed.
2024-11-18T12:45:49.326-04:00 DEBUG 24640 --- [examen2] [    Test worker] o.h.e.j.e.i.JdbcEnvironmentInitiator     : Database ->
       name : PostgreSQL
    version : 15.2
      major : 15
      minor : 2
2024-11-18T12:45:49.326-04:00 DEBUG 24640 --- [examen2] [    Test worker] o.h.e.j.e.i.JdbcEnvironmentInitiator     : Driver ->
       name : PostgreSQL JDBC Driver
    version : 42.6.2
      major : 42
      minor : 6
2024-11-18T12:45:49.326-04:00 DEBUG 24640 --- [examen2] [    Test worker] o.h.e.j.e.i.JdbcEnvironmentInitiator     : JDBC version : 4.2
2024-11-18T12:45:49.345-04:00  WARN 24640 --- [examen2] [    Test worker] org.hibernate.orm.deprecation            : HHH90000025: PostgreSQLDialect does not need to be specified explicitly using 'hibernate.dialect' (remove the property setting and it will be selected by default)
2024-11-18T12:45:49.346-04:00 DEBUG 24640 --- [examen2] [    Test worker] org.hibernate.orm.dialect                : HHH035001: Using dialect: org.hibernate.dialect.PostgreSQLDialect, version: 15.2
2024-11-18T12:45:49.349-04:00 DEBUG 24640 --- [examen2] [    Test worker] o.h.e.j.env.spi.IdentifierHelperBuilder  : JDBC driver metadata reported database stores quoted identifiers in neither upper, lower nor mixed case
2024-11-18T12:45:49.352-04:00 DEBUG 24640 --- [examen2] [    Test worker] org.hibernate.orm.jdbc.lob               : HHH10010004: Disabling contextual LOB creation as Dialect reported it is not supported
2024-11-18T12:45:49.360-04:00 DEBUG 24640 --- [examen2] [    Test worker] o.h.t.d.sql.spi.DdlTypeRegistry          : addDescriptor(2003, org.hibernate.type.descriptor.sql.internal.ArrayDdlTypeImpl@19a7906c) replaced previous registration(org.hibernate.type.descriptor.sql.internal.ArrayDdlTypeImpl@1da5c19d)
2024-11-18T12:45:49.360-04:00 DEBUG 24640 --- [examen2] [    Test worker] o.h.t.d.sql.spi.DdlTypeRegistry          : addDescriptor(6, org.hibernate.type.descriptor.sql.internal.CapacityDependentDdlType@3e4f2300) replaced previous registration(org.hibernate.type.descriptor.sql.internal.DdlTypeImpl@e706aa)
2024-11-18T12:45:49.364-04:00 DEBUG 24640 --- [examen2] [    Test worker] o.h.t.d.jdbc.spi.JdbcTypeRegistry        : addDescriptor(2004, BlobTypeDescriptor(BLOB_BINDING)) replaced previous registration(BlobTypeDescriptor(DEFAULT))
2024-11-18T12:45:49.365-04:00 DEBUG 24640 --- [examen2] [    Test worker] o.h.t.d.jdbc.spi.JdbcTypeRegistry        : addDescriptor(2005, ClobTypeDescriptor(CLOB_BINDING)) replaced previous registration(ClobTypeDescriptor(DEFAULT))
2024-11-18T12:45:49.370-04:00 DEBUG 24640 --- [examen2] [    Test worker] org.hibernate.type.BasicTypeRegistry     : Adding type registration JAVA_OBJECT -> org.hibernate.type.JavaObjectType@846b47
2024-11-18T12:45:49.370-04:00 DEBUG 24640 --- [examen2] [    Test worker] org.hibernate.type.BasicTypeRegistry     : Adding type registration java.lang.Object -> org.hibernate.type.JavaObjectType@846b47
2024-11-18T12:45:49.370-04:00 DEBUG 24640 --- [examen2] [    Test worker] org.hibernate.type.BasicTypeRegistry     : Type registration key [java.lang.Object] overrode previous entry : `org.hibernate.type.JavaObjectType@19bfbe28`
2024-11-18T12:45:49.372-04:00 DEBUG 24640 --- [examen2] [    Test worker] org.hibernate.type.BasicTypeRegistry     : Adding type registration org.hibernate.type.DurationType -> basicType@1(java.time.Duration,3015)
2024-11-18T12:45:49.372-04:00 DEBUG 24640 --- [examen2] [    Test worker] org.hibernate.type.BasicTypeRegistry     : Adding type registration Duration -> basicType@1(java.time.Duration,3015)
2024-11-18T12:45:49.372-04:00 DEBUG 24640 --- [examen2] [    Test worker] org.hibernate.type.BasicTypeRegistry     : Adding type registration java.time.Duration -> basicType@1(java.time.Duration,3015)
2024-11-18T12:45:49.375-04:00 DEBUG 24640 --- [examen2] [    Test worker] org.hibernate.type.BasicTypeRegistry     : Adding type registration org.hibernate.type.OffsetDateTimeType -> basicType@2(java.time.OffsetDateTime,3003)
2024-11-18T12:45:49.375-04:00 DEBUG 24640 --- [examen2] [    Test worker] org.hibernate.type.BasicTypeRegistry     : Adding type registration OffsetDateTime -> basicType@2(java.time.OffsetDateTime,3003)
2024-11-18T12:45:49.376-04:00 DEBUG 24640 --- [examen2] [    Test worker] org.hibernate.type.BasicTypeRegistry     : Adding type registration java.time.OffsetDateTime -> basicType@2(java.time.OffsetDateTime,3003)
2024-11-18T12:45:49.376-04:00 DEBUG 24640 --- [examen2] [    Test worker] org.hibernate.type.BasicTypeRegistry     : Adding type registration org.hibernate.type.ZonedDateTimeType -> basicType@3(java.time.ZonedDateTime,3003)
2024-11-18T12:45:49.376-04:00 DEBUG 24640 --- [examen2] [    Test worker] org.hibernate.type.BasicTypeRegistry     : Adding type registration ZonedDateTime -> basicType@3(java.time.ZonedDateTime,3003)
2024-11-18T12:45:49.377-04:00 DEBUG 24640 --- [examen2] [    Test worker] org.hibernate.type.BasicTypeRegistry     : Adding type registration java.time.ZonedDateTime -> basicType@3(java.time.ZonedDateTime,3003)
2024-11-18T12:45:49.377-04:00 DEBUG 24640 --- [examen2] [    Test worker] org.hibernate.type.BasicTypeRegistry     : Adding type registration org.hibernate.type.OffsetTimeType -> basicType@4(java.time.OffsetTime,3007)
2024-11-18T12:45:49.377-04:00 DEBUG 24640 --- [examen2] [    Test worker] org.hibernate.type.BasicTypeRegistry     : Adding type registration OffsetTime -> basicType@4(java.time.OffsetTime,3007)
2024-11-18T12:45:49.377-04:00 DEBUG 24640 --- [examen2] [    Test worker] org.hibernate.type.BasicTypeRegistry     : Adding type registration java.time.OffsetTime -> basicType@4(java.time.OffsetTime,3007)
2024-11-18T12:45:49.378-04:00 DEBUG 24640 --- [examen2] [    Test worker] o.h.type.spi.TypeConfiguration$Scope     : Scoping TypeConfiguration [org.hibernate.type.spi.TypeConfiguration@186295cc] to MetadataBuildingContext [org.hibernate.boot.internal.MetadataBuildingContextRootImpl@4e85dcb2]
2024-11-18T12:45:49.401-04:00 DEBUG 24640 --- [examen2] [    Test worker] o.h.boot.model.relational.Namespace      : Created database namespace [logicalName=Name{catalog=null, schema=null}, physicalName=Name{catalog=null, schema=null}]
2024-11-18T12:45:49.413-04:00 DEBUG 24640 --- [examen2] [    Test worker] o.h.boot.model.internal.EntityBinder     : Binding entity from annotated class: com.example.examen2.analisis.model.Analisis
2024-11-18T12:45:49.418-04:00 DEBUG 24640 --- [examen2] [    Test worker] o.h.boot.model.internal.EntityBinder     : Import with entity name Analisis
2024-11-18T12:45:49.422-04:00 DEBUG 24640 --- [examen2] [    Test worker] o.h.boot.model.internal.EntityBinder     : Bind entity com.example.examen2.analisis.model.Analisis on table analisis
2024-11-18T12:45:49.427-04:00 DEBUG 24640 --- [examen2] [    Test worker] o.h.boot.model.internal.AnnotatedColumn  : Binding column: AnnotatedDiscriminatorColumn(column='DTYPE')
2024-11-18T12:45:49.431-04:00 DEBUG 24640 --- [examen2] [l-1 housekeeper] com.zaxxer.hikari.pool.HikariPool        : HikariPool-1 - Pool stats (total=1, active=0, idle=1, waiting=0)
2024-11-18T12:45:49.432-04:00 DEBUG 24640 --- [examen2] [onnection adder] org.postgresql.Driver                    : Connecting with URL: jdbc:postgresql://localhost:5432/clinica
2024-11-18T12:45:49.432-04:00 DEBUG 24640 --- [examen2] [onnection adder] org.postgresql.jdbc.PgConnection         : PostgreSQL JDBC Driver 42.6.2
2024-11-18T12:45:49.432-04:00 DEBUG 24640 --- [examen2] [onnection adder] org.postgresql.jdbc.PgConnection         :   setDefaultFetchSize = 0
2024-11-18T12:45:49.432-04:00 DEBUG 24640 --- [examen2] [onnection adder] org.postgresql.jdbc.PgConnection         :   setPrepareThreshold = 5
2024-11-18T12:45:49.432-04:00 DEBUG 24640 --- [examen2] [onnection adder] o.p.core.v3.ConnectionFactoryImpl        : Trying to establish a protocol version 3 connection to localhost:5432
2024-11-18T12:45:49.432-04:00 DEBUG 24640 --- [examen2] [onnection adder] o.p.core.v3.ConnectionFactoryImpl        : Receive Buffer Size is 65.536
2024-11-18T12:45:49.433-04:00 DEBUG 24640 --- [examen2] [onnection adder] o.p.core.v3.ConnectionFactoryImpl        : Send Buffer Size is 65.536
2024-11-18T12:45:49.440-04:00 DEBUG 24640 --- [examen2] [    Test worker] o.h.boot.model.internal.AnnotatedColumn  : Binding column: AnnotatedColumn()
2024-11-18T12:45:49.441-04:00 DEBUG 24640 --- [examen2] [    Test worker] o.h.boot.internal.ClassLoaderAccessImpl  : Not known whether passed class name [com.example.examen2.analisis.model.Analisis] is safe
2024-11-18T12:45:49.441-04:00 DEBUG 24640 --- [examen2] [    Test worker] o.h.boot.internal.ClassLoaderAccessImpl  : No temp ClassLoader provided; using live ClassLoader for loading potentially unsafe class : com.example.examen2.analisis.model.Analisis
2024-11-18T12:45:49.443-04:00 DEBUG 24640 --- [examen2] [    Test worker] o.h.boot.model.internal.PropertyBinder   : MetadataSourceProcessor property id with lazy=false
2024-11-18T12:45:49.445-04:00 DEBUG 24640 --- [examen2] [    Test worker] o.h.b.m.internal.AbstractPropertyHolder  : Attempting to locate auto-apply AttributeConverter for property [com.example.examen2.analisis.model.Analisis:id]
2024-11-18T12:45:49.447-04:00 DEBUG 24640 --- [examen2] [    Test worker] o.h.b.model.internal.BasicValueBinder    : building BasicValue for id
2024-11-18T12:45:49.449-04:00 DEBUG 24640 --- [examen2] [    Test worker] org.hibernate.mapping.BasicValue         : Skipping column re-registration: analisis.id
2024-11-18T12:45:49.449-04:00 DEBUG 24640 --- [examen2] [    Test worker] o.h.boot.model.internal.PropertyBinder   : Building property id
2024-11-18T12:45:49.451-04:00 DEBUG 24640 --- [examen2] [    Test worker] o.h.boot.model.internal.BinderHelper     : #makeIdGenerator(BasicValue([Column(id)]), id, identity, , ...)
2024-11-18T12:45:49.453-04:00 DEBUG 24640 --- [examen2] [    Test worker] o.h.boot.model.internal.AnnotatedColumn  : Binding column: AnnotatedColumn(column='archivo_url')
2024-11-18T12:45:49.453-04:00 DEBUG 24640 --- [examen2] [    Test worker] o.h.boot.model.internal.PropertyBinder   : MetadataSourceProcessor property archivoUrl with lazy=false
2024-11-18T12:45:49.453-04:00 DEBUG 24640 --- [examen2] [    Test worker] o.h.b.m.internal.AbstractPropertyHolder  : Attempting to locate auto-apply AttributeConverter for property [com.example.examen2.analisis.model.Analisis:archivoUrl]
2024-11-18T12:45:49.453-04:00 DEBUG 24640 --- [examen2] [    Test worker] o.h.b.model.internal.BasicValueBinder    : building BasicValue for archivoUrl
2024-11-18T12:45:49.453-04:00 DEBUG 24640 --- [examen2] [    Test worker] org.hibernate.mapping.BasicValue         : Skipping column re-registration: analisis.archivo_url
2024-11-18T12:45:49.454-04:00 DEBUG 24640 --- [examen2] [    Test worker] o.h.boot.model.internal.PropertyBinder   : Building property archivoUrl
2024-11-18T12:45:49.454-04:00 DEBUG 24640 --- [examen2] [    Test worker] o.h.boot.model.internal.AnnotatedColumn  : Binding column: AnnotatedColumn(column='fecha_realizacion')
2024-11-18T12:45:49.454-04:00 DEBUG 24640 --- [examen2] [    Test worker] o.h.boot.model.internal.PropertyBinder   : MetadataSourceProcessor property fechaRealizacion with lazy=false
2024-11-18T12:45:49.454-04:00 DEBUG 24640 --- [examen2] [    Test worker] o.h.b.m.internal.AbstractPropertyHolder  : Attempting to locate auto-apply AttributeConverter for property [com.example.examen2.analisis.model.Analisis:fechaRealizacion]
2024-11-18T12:45:49.455-04:00 DEBUG 24640 --- [examen2] [    Test worker] o.h.b.model.internal.BasicValueBinder    : building BasicValue for fechaRealizacion
2024-11-18T12:45:49.455-04:00 DEBUG 24640 --- [examen2] [    Test worker] org.hibernate.mapping.BasicValue         : Skipping column re-registration: analisis.fecha_realizacion
2024-11-18T12:45:49.455-04:00 DEBUG 24640 --- [examen2] [    Test worker] o.h.boot.model.internal.PropertyBinder   : Building property fechaRealizacion
2024-11-18T12:45:49.456-04:00 DEBUG 24640 --- [examen2] [    Test worker] o.h.boot.model.internal.AnnotatedColumn  : Binding column: AnnotatedJoinColumn(column='medico_id')
2024-11-18T12:45:49.457-04:00 DEBUG 24640 --- [examen2] [    Test worker] o.h.boot.model.internal.AnnotatedColumn  : Binding column: AnnotatedColumn()
2024-11-18T12:45:49.459-04:00 DEBUG 24640 --- [examen2] [onnection adder] com.zaxxer.hikari.pool.HikariPool        : HikariPool-1 - Added connection org.postgresql.jdbc.PgConnection@410a8a01
2024-11-18T12:45:49.461-04:00 DEBUG 24640 --- [examen2] [    Test worker] o.h.boot.model.internal.PropertyBinder   : Building property medico
2024-11-18T12:45:49.461-04:00 DEBUG 24640 --- [examen2] [    Test worker] o.h.boot.model.internal.AnnotatedColumn  : Binding column: AnnotatedJoinColumn(column='paciente_id')
2024-11-18T12:45:49.462-04:00 DEBUG 24640 --- [examen2] [    Test worker] o.h.boot.model.internal.AnnotatedColumn  : Binding column: AnnotatedColumn()
2024-11-18T12:45:49.462-04:00 DEBUG 24640 --- [examen2] [    Test worker] o.h.boot.model.internal.PropertyBinder   : Building property paciente
2024-11-18T12:45:49.462-04:00 DEBUG 24640 --- [examen2] [    Test worker] o.h.boot.model.internal.AnnotatedColumn  : Binding column: AnnotatedColumn(column='resultado')
2024-11-18T12:45:49.462-04:00 DEBUG 24640 --- [examen2] [    Test worker] o.h.boot.model.internal.PropertyBinder   : MetadataSourceProcessor property resultado with lazy=false
2024-11-18T12:45:49.462-04:00 DEBUG 24640 --- [examen2] [    Test worker] o.h.b.m.internal.AbstractPropertyHolder  : Attempting to locate auto-apply AttributeConverter for property [com.example.examen2.analisis.model.Analisis:resultado]
2024-11-18T12:45:49.463-04:00 DEBUG 24640 --- [examen2] [    Test worker] o.h.b.model.internal.BasicValueBinder    : building BasicValue for resultado
2024-11-18T12:45:49.463-04:00 DEBUG 24640 --- [examen2] [    Test worker] org.hibernate.mapping.BasicValue         : Skipping column re-registration: analisis.resultado
2024-11-18T12:45:49.463-04:00 DEBUG 24640 --- [examen2] [    Test worker] o.h.boot.model.internal.PropertyBinder   : Building property resultado
2024-11-18T12:45:49.463-04:00 DEBUG 24640 --- [examen2] [    Test worker] o.h.boot.model.internal.AnnotatedColumn  : Binding column: AnnotatedColumn(column='tipo_analisis')
2024-11-18T12:45:49.463-04:00 DEBUG 24640 --- [examen2] [    Test worker] o.h.boot.model.internal.PropertyBinder   : MetadataSourceProcessor property tipoAnalisis with lazy=false
2024-11-18T12:45:49.463-04:00 DEBUG 24640 --- [examen2] [    Test worker] o.h.b.m.internal.AbstractPropertyHolder  : Attempting to locate auto-apply AttributeConverter for property [com.example.examen2.analisis.model.Analisis:tipoAnalisis]
2024-11-18T12:45:49.463-04:00 DEBUG 24640 --- [examen2] [    Test worker] o.h.b.model.internal.BasicValueBinder    : building BasicValue for tipoAnalisis
2024-11-18T12:45:49.463-04:00 DEBUG 24640 --- [examen2] [    Test worker] org.hibernate.mapping.BasicValue         : Skipping column re-registration: analisis.tipo_analisis
2024-11-18T12:45:49.463-04:00 DEBUG 24640 --- [examen2] [    Test worker] o.h.boot.model.internal.PropertyBinder   : Building property tipoAnalisis
2024-11-18T12:45:49.464-04:00 DEBUG 24640 --- [examen2] [    Test worker] o.h.b.r.c.i.ClassLoaderServiceImpl       : HHH000194: Package not found or wo package-info.java: com.example.examen2.analisis.model
2024-11-18T12:45:49.468-04:00 DEBUG 24640 --- [examen2] [    Test worker] o.h.boot.model.internal.EntityBinder     : Binding entity from annotated class: com.example.examen2.citas.model.Cita
2024-11-18T12:45:49.468-04:00 DEBUG 24640 --- [examen2] [    Test worker] o.h.boot.model.internal.EntityBinder     : Import with entity name Cita
2024-11-18T12:45:49.469-04:00 DEBUG 24640 --- [examen2] [    Test worker] o.h.boot.model.internal.EntityBinder     : Bind entity com.example.examen2.citas.model.Cita on table cita
2024-11-18T12:45:49.469-04:00 DEBUG 24640 --- [examen2] [    Test worker] o.h.boot.model.internal.AnnotatedColumn  : Binding column: AnnotatedDiscriminatorColumn(column='DTYPE')
2024-11-18T12:45:49.470-04:00 DEBUG 24640 --- [examen2] [    Test worker] o.h.boot.model.internal.AnnotatedColumn  : Binding column: AnnotatedColumn()
2024-11-18T12:45:49.470-04:00 DEBUG 24640 --- [examen2] [    Test worker] o.h.boot.internal.ClassLoaderAccessImpl  : Not known whether passed class name [com.example.examen2.citas.model.Cita] is safe
2024-11-18T12:45:49.470-04:00 DEBUG 24640 --- [examen2] [    Test worker] o.h.boot.internal.ClassLoaderAccessImpl  : No temp ClassLoader provided; using live ClassLoader for loading potentially unsafe class : com.example.examen2.citas.model.Cita
2024-11-18T12:45:49.470-04:00 DEBUG 24640 --- [examen2] [    Test worker] o.h.boot.model.internal.PropertyBinder   : MetadataSourceProcessor property id with lazy=false
2024-11-18T12:45:49.470-04:00 DEBUG 24640 --- [examen2] [    Test worker] o.h.b.m.internal.AbstractPropertyHolder  : Attempting to locate auto-apply AttributeConverter for property [com.example.examen2.citas.model.Cita:id]
2024-11-18T12:45:49.470-04:00 DEBUG 24640 --- [examen2] [    Test worker] o.h.b.model.internal.BasicValueBinder    : building BasicValue for id
2024-11-18T12:45:49.471-04:00 DEBUG 24640 --- [examen2] [    Test worker] org.hibernate.mapping.BasicValue         : Skipping column re-registration: cita.id
2024-11-18T12:45:49.471-04:00 DEBUG 24640 --- [examen2] [    Test worker] o.h.boot.model.internal.PropertyBinder   : Building property id
2024-11-18T12:45:49.471-04:00 DEBUG 24640 --- [examen2] [    Test worker] o.h.boot.model.internal.BinderHelper     : #makeIdGenerator(BasicValue([Column(id)]), id, identity, , ...)
2024-11-18T12:45:49.471-04:00 DEBUG 24640 --- [examen2] [    Test worker] o.h.boot.model.internal.AnnotatedColumn  : Binding column: AnnotatedColumn()
2024-11-18T12:45:49.472-04:00 DEBUG 24640 --- [examen2] [    Test worker] o.h.boot.model.internal.PropertyBinder   : MetadataSourceProcessor property consultaCreada with lazy=false
2024-11-18T12:45:49.472-04:00 DEBUG 24640 --- [examen2] [    Test worker] o.h.b.m.internal.AbstractPropertyHolder  : Attempting to locate auto-apply AttributeConverter for property [com.example.examen2.citas.model.Cita:consultaCreada]
2024-11-18T12:45:49.472-04:00 DEBUG 24640 --- [examen2] [    Test worker] o.h.b.model.internal.BasicValueBinder    : building BasicValue for consultaCreada
2024-11-18T12:45:49.472-04:00 DEBUG 24640 --- [examen2] [    Test worker] org.hibernate.mapping.BasicValue         : Skipping column re-registration: cita.consulta_creada
2024-11-18T12:45:49.472-04:00 DEBUG 24640 --- [examen2] [    Test worker] o.h.boot.model.internal.PropertyBinder   : Building property consultaCreada
2024-11-18T12:45:49.472-04:00 DEBUG 24640 --- [examen2] [    Test worker] o.h.boot.model.internal.AnnotatedColumn  : Binding column: AnnotatedJoinColumn(column='especialidad_id')
2024-11-18T12:45:49.473-04:00 DEBUG 24640 --- [examen2] [    Test worker] o.h.boot.model.internal.AnnotatedColumn  : Binding column: AnnotatedColumn()
2024-11-18T12:45:49.473-04:00 DEBUG 24640 --- [examen2] [    Test worker] o.h.boot.model.internal.PropertyBinder   : Building property especialidad
2024-11-18T12:45:49.473-04:00 DEBUG 24640 --- [examen2] [    Test worker] o.h.boot.model.internal.AnnotatedColumn  : Binding column: AnnotatedColumn()
2024-11-18T12:45:49.473-04:00 DEBUG 24640 --- [examen2] [    Test worker] o.h.boot.model.internal.PropertyBinder   : MetadataSourceProcessor property estado with lazy=false
2024-11-18T12:45:49.473-04:00 DEBUG 24640 --- [examen2] [    Test worker] o.h.b.m.internal.AbstractPropertyHolder  : Attempting to locate auto-apply AttributeConverter for property [com.example.examen2.citas.model.Cita:estado]
2024-11-18T12:45:49.473-04:00 DEBUG 24640 --- [examen2] [    Test worker] o.h.b.model.internal.BasicValueBinder    : building BasicValue for estado
2024-11-18T12:45:49.473-04:00 DEBUG 24640 --- [examen2] [    Test worker] org.hibernate.mapping.BasicValue         : Skipping column re-registration: cita.estado
2024-11-18T12:45:49.473-04:00 DEBUG 24640 --- [examen2] [    Test worker] o.h.boot.model.internal.PropertyBinder   : Building property estado
2024-11-18T12:45:49.473-04:00 DEBUG 24640 --- [examen2] [    Test worker] o.h.boot.model.internal.AnnotatedColumn  : Binding column: AnnotatedColumn()
2024-11-18T12:45:49.473-04:00 DEBUG 24640 --- [examen2] [    Test worker] o.h.boot.model.internal.PropertyBinder   : MetadataSourceProcessor property fecha with lazy=false
2024-11-18T12:45:49.473-04:00 DEBUG 24640 --- [examen2] [    Test worker] o.h.b.m.internal.AbstractPropertyHolder  : Attempting to locate auto-apply AttributeConverter for property [com.example.examen2.citas.model.Cita:fecha]
2024-11-18T12:45:49.473-04:00 DEBUG 24640 --- [examen2] [    Test worker] o.h.b.model.internal.BasicValueBinder    : building BasicValue for fecha
2024-11-18T12:45:49.474-04:00 DEBUG 24640 --- [examen2] [    Test worker] org.hibernate.mapping.BasicValue         : Skipping column re-registration: cita.fecha
2024-11-18T12:45:49.474-04:00 DEBUG 24640 --- [examen2] [    Test worker] o.h.boot.model.internal.PropertyBinder   : Building property fecha
2024-11-18T12:45:49.474-04:00 DEBUG 24640 --- [examen2] [    Test worker] o.h.boot.model.internal.AnnotatedColumn  : Binding column: AnnotatedColumn()
2024-11-18T12:45:49.474-04:00 DEBUG 24640 --- [examen2] [    Test worker] o.h.boot.model.internal.PropertyBinder   : MetadataSourceProcessor property hora with lazy=false
2024-11-18T12:45:49.474-04:00 DEBUG 24640 --- [examen2] [    Test worker] o.h.b.m.internal.AbstractPropertyHolder  : Attempting to locate auto-apply AttributeConverter for property [com.example.examen2.citas.model.Cita:hora]
2024-11-18T12:45:49.474-04:00 DEBUG 24640 --- [examen2] [    Test worker] o.h.b.model.internal.BasicValueBinder    : building BasicValue for hora
2024-11-18T12:45:49.474-04:00 DEBUG 24640 --- [examen2] [    Test worker] org.hibernate.mapping.BasicValue         : Skipping column re-registration: cita.hora
2024-11-18T12:45:49.474-04:00 DEBUG 24640 --- [examen2] [    Test worker] o.h.boot.model.internal.PropertyBinder   : Building property hora
2024-11-18T12:45:49.474-04:00 DEBUG 24640 --- [examen2] [    Test worker] o.h.boot.model.internal.AnnotatedColumn  : Binding column: AnnotatedJoinColumn(column='horario_id')
2024-11-18T12:45:49.474-04:00 DEBUG 24640 --- [examen2] [    Test worker] o.h.boot.model.internal.AnnotatedColumn  : Binding column: AnnotatedColumn()
2024-11-18T12:45:49.474-04:00 DEBUG 24640 --- [examen2] [    Test worker] o.h.boot.model.internal.PropertyBinder   : Building property horario
2024-11-18T12:45:49.475-04:00 DEBUG 24640 --- [examen2] [    Test worker] o.h.boot.model.internal.AnnotatedColumn  : Binding column: AnnotatedJoinColumn(column='medico_id')
2024-11-18T12:45:49.475-04:00 DEBUG 24640 --- [examen2] [    Test worker] o.h.boot.model.internal.AnnotatedColumn  : Binding column: AnnotatedColumn()
2024-11-18T12:45:49.475-04:00 DEBUG 24640 --- [examen2] [    Test worker] o.h.boot.model.internal.PropertyBinder   : Building property medico
2024-11-18T12:45:49.476-04:00 DEBUG 24640 --- [examen2] [    Test worker] o.h.boot.model.internal.AnnotatedColumn  : Binding column: AnnotatedColumn()
2024-11-18T12:45:49.476-04:00 DEBUG 24640 --- [examen2] [    Test worker] o.h.boot.model.internal.PropertyBinder   : MetadataSourceProcessor property observaciones with lazy=false
2024-11-18T12:45:49.476-04:00 DEBUG 24640 --- [examen2] [    Test worker] o.h.b.m.internal.AbstractPropertyHolder  : Attempting to locate auto-apply AttributeConverter for property [com.example.examen2.citas.model.Cita:observaciones]
2024-11-18T12:45:49.476-04:00 DEBUG 24640 --- [examen2] [    Test worker] o.h.b.model.internal.BasicValueBinder    : building BasicValue for observaciones
2024-11-18T12:45:49.476-04:00 DEBUG 24640 --- [examen2] [    Test worker] org.hibernate.mapping.BasicValue         : Skipping column re-registration: cita.observaciones
2024-11-18T12:45:49.476-04:00 DEBUG 24640 --- [examen2] [    Test worker] o.h.boot.model.internal.PropertyBinder   : Building property observaciones
2024-11-18T12:45:49.476-04:00 DEBUG 24640 --- [examen2] [    Test worker] o.h.boot.model.internal.AnnotatedColumn  : Binding column: AnnotatedJoinColumn(column='paciente_id')
2024-11-18T12:45:49.476-04:00 DEBUG 24640 --- [examen2] [    Test worker] o.h.boot.model.internal.AnnotatedColumn  : Binding column: AnnotatedColumn()
2024-11-18T12:45:49.476-04:00 DEBUG 24640 --- [examen2] [    Test worker] o.h.boot.model.internal.PropertyBinder   : Building property paciente
2024-11-18T12:45:49.477-04:00 DEBUG 24640 --- [examen2] [    Test worker] o.h.b.r.c.i.ClassLoaderServiceImpl       : HHH000194: Package not found or wo package-info.java: com.example.examen2.citas.model
2024-11-18T12:45:49.478-04:00 DEBUG 24640 --- [examen2] [    Test worker] o.h.boot.model.internal.EntityBinder     : Binding entity from annotated class: com.example.examen2.consultas.model.Consulta
2024-11-18T12:45:49.478-04:00 DEBUG 24640 --- [examen2] [onnection adder] org.postgresql.Driver                    : Connecting with URL: jdbc:postgresql://localhost:5432/clinica
2024-11-18T12:45:49.478-04:00 DEBUG 24640 --- [examen2] [onnection adder] org.postgresql.jdbc.PgConnection         : PostgreSQL JDBC Driver 42.6.2
2024-11-18T12:45:49.478-04:00 DEBUG 24640 --- [examen2] [onnection adder] org.postgresql.jdbc.PgConnection         :   setDefaultFetchSize = 0
2024-11-18T12:45:49.478-04:00 DEBUG 24640 --- [examen2] [    Test worker] o.h.boot.model.internal.EntityBinder     : Import with entity name Consulta
2024-11-18T12:45:49.478-04:00 DEBUG 24640 --- [examen2] [onnection adder] org.postgresql.jdbc.PgConnection         :   setPrepareThreshold = 5
2024-11-18T12:45:49.478-04:00 DEBUG 24640 --- [examen2] [    Test worker] o.h.boot.model.internal.EntityBinder     : Bind entity com.example.examen2.consultas.model.Consulta on table consultas
2024-11-18T12:45:49.478-04:00 DEBUG 24640 --- [examen2] [onnection adder] o.p.core.v3.ConnectionFactoryImpl        : Trying to establish a protocol version 3 connection to localhost:5432
2024-11-18T12:45:49.478-04:00 DEBUG 24640 --- [examen2] [    Test worker] o.h.boot.model.internal.AnnotatedColumn  : Binding column: AnnotatedDiscriminatorColumn(column='DTYPE')
2024-11-18T12:45:49.479-04:00 DEBUG 24640 --- [examen2] [onnection adder] o.p.core.v3.ConnectionFactoryImpl        : Receive Buffer Size is 65.536
2024-11-18T12:45:49.479-04:00 DEBUG 24640 --- [examen2] [onnection adder] o.p.core.v3.ConnectionFactoryImpl        : Send Buffer Size is 65.536
2024-11-18T12:45:49.481-04:00 DEBUG 24640 --- [examen2] [    Test worker] o.h.boot.model.internal.AnnotatedColumn  : Binding column: AnnotatedColumn()
2024-11-18T12:45:49.481-04:00 DEBUG 24640 --- [examen2] [    Test worker] o.h.boot.internal.ClassLoaderAccessImpl  : Not known whether passed class name [com.example.examen2.consultas.model.Consulta] is safe
2024-11-18T12:45:49.481-04:00 DEBUG 24640 --- [examen2] [    Test worker] o.h.boot.internal.ClassLoaderAccessImpl  : No temp ClassLoader provided; using live ClassLoader for loading potentially unsafe class : com.example.examen2.consultas.model.Consulta
2024-11-18T12:45:49.481-04:00 DEBUG 24640 --- [examen2] [    Test worker] o.h.boot.model.internal.PropertyBinder   : MetadataSourceProcessor property id with lazy=false
2024-11-18T12:45:49.481-04:00 DEBUG 24640 --- [examen2] [    Test worker] o.h.b.m.internal.AbstractPropertyHolder  : Attempting to locate auto-apply AttributeConverter for property [com.example.examen2.consultas.model.Consulta:id]
2024-11-18T12:45:49.481-04:00 DEBUG 24640 --- [examen2] [    Test worker] o.h.b.model.internal.BasicValueBinder    : building BasicValue for id
2024-11-18T12:45:49.482-04:00 DEBUG 24640 --- [examen2] [    Test worker] org.hibernate.mapping.BasicValue         : Skipping column re-registration: consultas.id
2024-11-18T12:45:49.482-04:00 DEBUG 24640 --- [examen2] [    Test worker] o.h.boot.model.internal.PropertyBinder   : Building property id
2024-11-18T12:45:49.482-04:00 DEBUG 24640 --- [examen2] [    Test worker] o.h.boot.model.internal.BinderHelper     : #makeIdGenerator(BasicValue([Column(id)]), id, identity, , ...)
2024-11-18T12:45:49.482-04:00 DEBUG 24640 --- [examen2] [    Test worker] o.h.boot.model.internal.AnnotatedColumn  : Binding column: AnnotatedJoinColumn(column='cita_id')
2024-11-18T12:45:49.482-04:00 DEBUG 24640 --- [examen2] [    Test worker] o.h.boot.model.internal.AnnotatedColumn  : Binding column: AnnotatedColumn()
2024-11-18T12:45:49.482-04:00 DEBUG 24640 --- [examen2] [    Test worker] o.h.boot.model.internal.PropertyBinder   : Building property cita
2024-11-18T12:45:49.482-04:00 DEBUG 24640 --- [examen2] [    Test worker] o.h.boot.model.internal.AnnotatedColumn  : Binding column: AnnotatedColumn()
2024-11-18T12:45:49.482-04:00 DEBUG 24640 --- [examen2] [    Test worker] o.h.boot.model.internal.PropertyBinder   : MetadataSourceProcessor property derivoProcedimiento with lazy=false
2024-11-18T12:45:49.482-04:00 DEBUG 24640 --- [examen2] [    Test worker] o.h.b.m.internal.AbstractPropertyHolder  : Attempting to locate auto-apply AttributeConverter for property [com.example.examen2.consultas.model.Consulta:derivoProcedimiento]
2024-11-18T12:45:49.482-04:00 DEBUG 24640 --- [examen2] [    Test worker] o.h.b.model.internal.BasicValueBinder    : building BasicValue for derivoProcedimiento
2024-11-18T12:45:49.482-04:00 DEBUG 24640 --- [examen2] [    Test worker] org.hibernate.mapping.BasicValue         : Skipping column re-registration: consultas.derivo_procedimiento
2024-11-18T12:45:49.482-04:00 DEBUG 24640 --- [examen2] [    Test worker] o.h.boot.model.internal.PropertyBinder   : Building property derivoProcedimiento
2024-11-18T12:45:49.483-04:00 DEBUG 24640 --- [examen2] [    Test worker] o.h.boot.model.internal.AnnotatedColumn  : Binding column: AnnotatedColumn()
2024-11-18T12:45:49.483-04:00 DEBUG 24640 --- [examen2] [    Test worker] o.h.boot.model.internal.PropertyBinder   : MetadataSourceProcessor property diagnostico with lazy=false
2024-11-18T12:45:49.483-04:00 DEBUG 24640 --- [examen2] [    Test worker] o.h.b.m.internal.AbstractPropertyHolder  : Attempting to locate auto-apply AttributeConverter for property [com.example.examen2.consultas.model.Consulta:diagnostico]
2024-11-18T12:45:49.483-04:00 DEBUG 24640 --- [examen2] [    Test worker] o.h.b.model.internal.BasicValueBinder    : building BasicValue for diagnostico
2024-11-18T12:45:49.483-04:00 DEBUG 24640 --- [examen2] [    Test worker] org.hibernate.mapping.BasicValue         : Skipping column re-registration: consultas.diagnostico
2024-11-18T12:45:49.483-04:00 DEBUG 24640 --- [examen2] [    Test worker] o.h.boot.model.internal.PropertyBinder   : Building property diagnostico
2024-11-18T12:45:49.483-04:00 DEBUG 24640 --- [examen2] [    Test worker] o.h.boot.model.internal.AnnotatedColumn  : Binding column: AnnotatedColumn()
2024-11-18T12:45:49.483-04:00 DEBUG 24640 --- [examen2] [    Test worker] o.h.boot.model.internal.PropertyBinder   : MetadataSourceProcessor property fecha with lazy=false
2024-11-18T12:45:49.483-04:00 DEBUG 24640 --- [examen2] [    Test worker] o.h.b.m.internal.AbstractPropertyHolder  : Attempting to locate auto-apply AttributeConverter for property [com.example.examen2.consultas.model.Consulta:fecha]
2024-11-18T12:45:49.483-04:00 DEBUG 24640 --- [examen2] [    Test worker] o.h.b.model.internal.BasicValueBinder    : building BasicValue for fecha
2024-11-18T12:45:49.483-04:00 DEBUG 24640 --- [examen2] [    Test worker] org.hibernate.mapping.BasicValue         : Skipping column re-registration: consultas.fecha
2024-11-18T12:45:49.483-04:00 DEBUG 24640 --- [examen2] [    Test worker] o.h.boot.model.internal.PropertyBinder   : Building property fecha
2024-11-18T12:45:49.483-04:00 DEBUG 24640 --- [examen2] [    Test worker] o.h.boot.model.internal.AnnotatedColumn  : Binding column: AnnotatedJoinColumn(column='medico_id')
2024-11-18T12:45:49.484-04:00 DEBUG 24640 --- [examen2] [    Test worker] o.h.boot.model.internal.AnnotatedColumn  : Binding column: AnnotatedColumn()
2024-11-18T12:45:49.484-04:00 DEBUG 24640 --- [examen2] [    Test worker] o.h.boot.model.internal.PropertyBinder   : Building property medico
2024-11-18T12:45:49.484-04:00 DEBUG 24640 --- [examen2] [    Test worker] o.h.boot.model.internal.AnnotatedColumn  : Binding column: AnnotatedColumn()
2024-11-18T12:45:49.484-04:00 DEBUG 24640 --- [examen2] [    Test worker] o.h.boot.model.internal.PropertyBinder   : MetadataSourceProcessor property notas with lazy=false
2024-11-18T12:45:49.484-04:00 DEBUG 24640 --- [examen2] [    Test worker] o.h.b.m.internal.AbstractPropertyHolder  : Attempting to locate auto-apply AttributeConverter for property [com.example.examen2.consultas.model.Consulta:notas]
2024-11-18T12:45:49.484-04:00 DEBUG 24640 --- [examen2] [    Test worker] o.h.b.model.internal.BasicValueBinder    : building BasicValue for notas
2024-11-18T12:45:49.484-04:00 DEBUG 24640 --- [examen2] [    Test worker] org.hibernate.mapping.BasicValue         : Skipping column re-registration: consultas.notas
2024-11-18T12:45:49.484-04:00 DEBUG 24640 --- [examen2] [    Test worker] o.h.boot.model.internal.PropertyBinder   : Building property notas
2024-11-18T12:45:49.484-04:00 DEBUG 24640 --- [examen2] [    Test worker] o.h.boot.model.internal.AnnotatedColumn  : Binding column: AnnotatedJoinColumn(column='paciente_id')
2024-11-18T12:45:49.485-04:00 DEBUG 24640 --- [examen2] [    Test worker] o.h.boot.model.internal.AnnotatedColumn  : Binding column: AnnotatedColumn()
2024-11-18T12:45:49.485-04:00 DEBUG 24640 --- [examen2] [    Test worker] o.h.boot.model.internal.PropertyBinder   : Building property paciente
2024-11-18T12:45:49.485-04:00 DEBUG 24640 --- [examen2] [    Test worker] o.h.boot.model.internal.AnnotatedColumn  : Binding column: AnnotatedColumn(column='sintoma')
2024-11-18T12:45:49.485-04:00 DEBUG 24640 --- [examen2] [    Test worker] o.h.boot.model.internal.AnnotatedColumn  : Binding column: AnnotatedJoinColumn()
2024-11-18T12:45:49.492-04:00 DEBUG 24640 --- [examen2] [    Test worker] o.h.boot.model.internal.AnnotatedColumn  : Binding column: IndexColumn(column='sintomas_ORDER')
2024-11-18T12:45:49.493-04:00 DEBUG 24640 --- [examen2] [    Test worker] o.h.boot.model.internal.AnnotatedColumn  : Binding column: AnnotatedColumn(column='sintoma')
2024-11-18T12:45:49.494-04:00 DEBUG 24640 --- [examen2] [    Test worker] o.h.boot.model.internal.AnnotatedColumn  : Binding column: AnnotatedColumn(column='sintomas_KEY')
2024-11-18T12:45:49.494-04:00 DEBUG 24640 --- [examen2] [    Test worker] o.h.boot.model.internal.AnnotatedColumn  : Binding column: AnnotatedJoinColumn(column='sintomas_KEY')
2024-11-18T12:45:49.494-04:00 DEBUG 24640 --- [examen2] [    Test worker] o.h.boot.model.internal.AnnotatedColumn  : Binding column: AnnotatedJoinColumn(column='consulta_id')
2024-11-18T12:45:49.494-04:00 DEBUG 24640 --- [examen2] [    Test worker] o.h.boot.model.internal.AnnotatedColumn  : Binding column: AnnotatedJoinColumn()
2024-11-18T12:45:49.496-04:00 DEBUG 24640 --- [examen2] [    Test worker] o.h.b.model.internal.CollectionBinder    : Collection role: com.example.examen2.consultas.model.Consulta.sintomas
2024-11-18T12:45:49.496-04:00 DEBUG 24640 --- [examen2] [    Test worker] o.h.boot.model.internal.PropertyBinder   : Building property sintomas
2024-11-18T12:45:49.497-04:00 DEBUG 24640 --- [examen2] [    Test worker] o.h.boot.model.internal.AnnotatedColumn  : Binding column: AnnotatedColumn()
2024-11-18T12:45:49.497-04:00 DEBUG 24640 --- [examen2] [    Test worker] o.h.boot.model.internal.PropertyBinder   : MetadataSourceProcessor property tratamiento with lazy=false
2024-11-18T12:45:49.497-04:00 DEBUG 24640 --- [examen2] [    Test worker] o.h.b.m.internal.AbstractPropertyHolder  : Attempting to locate auto-apply AttributeConverter for property [com.example.examen2.consultas.model.Consulta:tratamiento]
2024-11-18T12:45:49.497-04:00 DEBUG 24640 --- [examen2] [    Test worker] o.h.b.model.internal.BasicValueBinder    : building BasicValue for tratamiento
2024-11-18T12:45:49.497-04:00 DEBUG 24640 --- [examen2] [    Test worker] org.hibernate.mapping.BasicValue         : Skipping column re-registration: consultas.tratamiento
2024-11-18T12:45:49.497-04:00 DEBUG 24640 --- [examen2] [    Test worker] o.h.boot.model.internal.PropertyBinder   : Building property tratamiento
2024-11-18T12:45:49.497-04:00 DEBUG 24640 --- [examen2] [    Test worker] o.h.b.r.c.i.ClassLoaderServiceImpl       : HHH000194: Package not found or wo package-info.java: com.example.examen2.consultas.model
2024-11-18T12:45:49.497-04:00 DEBUG 24640 --- [examen2] [    Test worker] o.h.boot.model.internal.EntityBinder     : Binding entity from annotated class: com.example.examen2.especialidades.model.Especialidad
2024-11-18T12:45:49.497-04:00 DEBUG 24640 --- [examen2] [    Test worker] o.h.boot.model.internal.EntityBinder     : Import with entity name Especialidad
2024-11-18T12:45:49.497-04:00 DEBUG 24640 --- [examen2] [    Test worker] o.h.boot.model.internal.EntityBinder     : Bind entity com.example.examen2.especialidades.model.Especialidad on table especialidad
2024-11-18T12:45:49.499-04:00 DEBUG 24640 --- [examen2] [    Test worker] o.h.boot.model.internal.AnnotatedColumn  : Binding column: AnnotatedDiscriminatorColumn(column='DTYPE')
2024-11-18T12:45:49.500-04:00 DEBUG 24640 --- [examen2] [    Test worker] o.h.boot.model.internal.AnnotatedColumn  : Binding column: AnnotatedColumn()
2024-11-18T12:45:49.500-04:00 DEBUG 24640 --- [examen2] [    Test worker] o.h.boot.internal.ClassLoaderAccessImpl  : Not known whether passed class name [com.example.examen2.especialidades.model.Especialidad] is safe
2024-11-18T12:45:49.500-04:00 DEBUG 24640 --- [examen2] [    Test worker] o.h.boot.internal.ClassLoaderAccessImpl  : No temp ClassLoader provided; using live ClassLoader for loading potentially unsafe class : com.example.examen2.especialidades.model.Especialidad
2024-11-18T12:45:49.500-04:00 DEBUG 24640 --- [examen2] [    Test worker] o.h.boot.model.internal.PropertyBinder   : MetadataSourceProcessor property id with lazy=false
2024-11-18T12:45:49.500-04:00 DEBUG 24640 --- [examen2] [    Test worker] o.h.b.m.internal.AbstractPropertyHolder  : Attempting to locate auto-apply AttributeConverter for property [com.example.examen2.especialidades.model.Especialidad:id]
2024-11-18T12:45:49.500-04:00 DEBUG 24640 --- [examen2] [    Test worker] o.h.b.model.internal.BasicValueBinder    : building BasicValue for id
2024-11-18T12:45:49.500-04:00 DEBUG 24640 --- [examen2] [    Test worker] org.hibernate.mapping.BasicValue         : Skipping column re-registration: especialidad.id
2024-11-18T12:45:49.500-04:00 DEBUG 24640 --- [examen2] [    Test worker] o.h.boot.model.internal.PropertyBinder   : Building property id
2024-11-18T12:45:49.500-04:00 DEBUG 24640 --- [examen2] [    Test worker] o.h.boot.model.internal.BinderHelper     : #makeIdGenerator(BasicValue([Column(id)]), id, identity, , ...)
2024-11-18T12:45:49.500-04:00 DEBUG 24640 --- [examen2] [    Test worker] o.h.boot.model.internal.AnnotatedColumn  : Binding column: AnnotatedColumn()
2024-11-18T12:45:49.501-04:00 DEBUG 24640 --- [examen2] [    Test worker] o.h.boot.model.internal.PropertyBinder   : MetadataSourceProcessor property descripcion with lazy=false
2024-11-18T12:45:49.501-04:00 DEBUG 24640 --- [examen2] [    Test worker] o.h.b.m.internal.AbstractPropertyHolder  : Attempting to locate auto-apply AttributeConverter for property [com.example.examen2.especialidades.model.Especialidad:descripcion]
2024-11-18T12:45:49.501-04:00 DEBUG 24640 --- [examen2] [    Test worker] o.h.b.model.internal.BasicValueBinder    : building BasicValue for descripcion
2024-11-18T12:45:49.501-04:00 DEBUG 24640 --- [examen2] [    Test worker] org.hibernate.mapping.BasicValue         : Skipping column re-registration: especialidad.descripcion
2024-11-18T12:45:49.501-04:00 DEBUG 24640 --- [examen2] [    Test worker] o.h.boot.model.internal.PropertyBinder   : Building property descripcion
2024-11-18T12:45:49.501-04:00 DEBUG 24640 --- [examen2] [    Test worker] o.h.boot.model.internal.AnnotatedColumn  : Binding column: IndexColumn(column='medicos_ORDER')
2024-11-18T12:45:49.502-04:00 DEBUG 24640 --- [examen2] [    Test worker] o.h.boot.model.internal.AnnotatedColumn  : Binding column: AnnotatedColumn()
2024-11-18T12:45:49.502-04:00 DEBUG 24640 --- [examen2] [    Test worker] o.h.boot.model.internal.AnnotatedColumn  : Binding column: AnnotatedColumn(column='medicos_KEY')
2024-11-18T12:45:49.502-04:00 DEBUG 24640 --- [examen2] [    Test worker] o.h.boot.model.internal.AnnotatedColumn  : Binding column: AnnotatedJoinColumn(column='medicos_KEY')
2024-11-18T12:45:49.502-04:00 DEBUG 24640 --- [examen2] [    Test worker] o.h.boot.model.internal.AnnotatedColumn  : Binding column: AnnotatedJoinColumn()
2024-11-18T12:45:49.502-04:00 DEBUG 24640 --- [examen2] [    Test worker] o.h.boot.model.internal.AnnotatedColumn  : Binding column: AnnotatedJoinColumn()
2024-11-18T12:45:49.503-04:00 DEBUG 24640 --- [examen2] [onnection adder] com.zaxxer.hikari.pool.HikariPool        : HikariPool-1 - Added connection org.postgresql.jdbc.PgConnection@4081c44
2024-11-18T12:45:49.503-04:00 DEBUG 24640 --- [examen2] [    Test worker] o.h.b.model.internal.CollectionBinder    : Collection role: com.example.examen2.especialidades.model.Especialidad.medicos
2024-11-18T12:45:49.503-04:00 DEBUG 24640 --- [examen2] [    Test worker] o.h.boot.model.internal.PropertyBinder   : Building property medicos
2024-11-18T12:45:49.503-04:00 DEBUG 24640 --- [examen2] [    Test worker] o.h.boot.model.internal.AnnotatedColumn  : Binding column: AnnotatedColumn()
2024-11-18T12:45:49.503-04:00 DEBUG 24640 --- [examen2] [    Test worker] o.h.boot.model.internal.PropertyBinder   : MetadataSourceProcessor property nombre with lazy=false
2024-11-18T12:45:49.503-04:00 DEBUG 24640 --- [examen2] [    Test worker] o.h.b.m.internal.AbstractPropertyHolder  : Attempting to locate auto-apply AttributeConverter for property [com.example.examen2.especialidades.model.Especialidad:nombre]
2024-11-18T12:45:49.503-04:00 DEBUG 24640 --- [examen2] [    Test worker] o.h.b.model.internal.BasicValueBinder    : building BasicValue for nombre
2024-11-18T12:45:49.503-04:00 DEBUG 24640 --- [examen2] [    Test worker] org.hibernate.mapping.BasicValue         : Skipping column re-registration: especialidad.nombre
2024-11-18T12:45:49.503-04:00 DEBUG 24640 --- [examen2] [    Test worker] o.h.boot.model.internal.PropertyBinder   : Building property nombre
2024-11-18T12:45:49.504-04:00 DEBUG 24640 --- [examen2] [    Test worker] o.h.b.r.c.i.ClassLoaderServiceImpl       : HHH000194: Package not found or wo package-info.java: com.example.examen2.especialidades.model
2024-11-18T12:45:49.504-04:00 DEBUG 24640 --- [examen2] [    Test worker] o.h.boot.model.internal.EntityBinder     : Binding entity from annotated class: com.example.examen2.historialclinico.model.HistorialClinico
2024-11-18T12:45:49.505-04:00 DEBUG 24640 --- [examen2] [    Test worker] o.h.boot.model.internal.EntityBinder     : Import with entity name HistorialClinico
2024-11-18T12:45:49.505-04:00 DEBUG 24640 --- [examen2] [    Test worker] o.h.boot.model.internal.EntityBinder     : Bind entity com.example.examen2.historialclinico.model.HistorialClinico on table historiales_clinicos
2024-11-18T12:45:49.505-04:00 DEBUG 24640 --- [examen2] [    Test worker] o.h.boot.model.internal.AnnotatedColumn  : Binding column: AnnotatedDiscriminatorColumn(column='DTYPE')
2024-11-18T12:45:49.506-04:00 DEBUG 24640 --- [examen2] [    Test worker] o.h.boot.model.internal.AnnotatedColumn  : Binding column: AnnotatedColumn()
2024-11-18T12:45:49.506-04:00 DEBUG 24640 --- [examen2] [    Test worker] o.h.boot.internal.ClassLoaderAccessImpl  : Not known whether passed class name [com.example.examen2.historialclinico.model.HistorialClinico] is safe
2024-11-18T12:45:49.506-04:00 DEBUG 24640 --- [examen2] [    Test worker] o.h.boot.internal.ClassLoaderAccessImpl  : No temp ClassLoader provided; using live ClassLoader for loading potentially unsafe class : com.example.examen2.historialclinico.model.HistorialClinico
2024-11-18T12:45:49.506-04:00 DEBUG 24640 --- [examen2] [    Test worker] o.h.boot.model.internal.PropertyBinder   : MetadataSourceProcessor property id with lazy=false
2024-11-18T12:45:49.506-04:00 DEBUG 24640 --- [examen2] [    Test worker] o.h.b.m.internal.AbstractPropertyHolder  : Attempting to locate auto-apply AttributeConverter for property [com.example.examen2.historialclinico.model.HistorialClinico:id]
2024-11-18T12:45:49.506-04:00 DEBUG 24640 --- [examen2] [    Test worker] o.h.b.model.internal.BasicValueBinder    : building BasicValue for id
2024-11-18T12:45:49.506-04:00 DEBUG 24640 --- [examen2] [    Test worker] org.hibernate.mapping.BasicValue         : Skipping column re-registration: historiales_clinicos.id
2024-11-18T12:45:49.506-04:00 DEBUG 24640 --- [examen2] [    Test worker] o.h.boot.model.internal.PropertyBinder   : Building property id
2024-11-18T12:45:49.506-04:00 DEBUG 24640 --- [examen2] [    Test worker] o.h.boot.model.internal.BinderHelper     : #makeIdGenerator(BasicValue([Column(id)]), id, identity, , ...)
2024-11-18T12:45:49.506-04:00 DEBUG 24640 --- [examen2] [    Test worker] o.h.boot.model.internal.AnnotatedColumn  : Binding column: AnnotatedColumn()
2024-11-18T12:45:49.506-04:00 DEBUG 24640 --- [examen2] [    Test worker] o.h.boot.model.internal.PropertyBinder   : MetadataSourceProcessor property archivoUrl with lazy=false
2024-11-18T12:45:49.506-04:00 DEBUG 24640 --- [examen2] [    Test worker] o.h.b.m.internal.AbstractPropertyHolder  : Attempting to locate auto-apply AttributeConverter for property [com.example.examen2.historialclinico.model.HistorialClinico:archivoUrl]
2024-11-18T12:45:49.506-04:00 DEBUG 24640 --- [examen2] [    Test worker] o.h.b.model.internal.BasicValueBinder    : building BasicValue for archivoUrl
2024-11-18T12:45:49.506-04:00 DEBUG 24640 --- [examen2] [    Test worker] org.hibernate.mapping.BasicValue         : Skipping column re-registration: historiales_clinicos.archivo_url
2024-11-18T12:45:49.506-04:00 DEBUG 24640 --- [examen2] [    Test worker] o.h.boot.model.internal.PropertyBinder   : Building property archivoUrl
2024-11-18T12:45:49.506-04:00 DEBUG 24640 --- [examen2] [    Test worker] o.h.boot.model.internal.AnnotatedColumn  : Binding column: AnnotatedColumn()
2024-11-18T12:45:49.506-04:00 DEBUG 24640 --- [examen2] [    Test worker] o.h.boot.model.internal.PropertyBinder   : MetadataSourceProcessor property fechaCreacion with lazy=false
2024-11-18T12:45:49.507-04:00 DEBUG 24640 --- [examen2] [    Test worker] o.h.b.m.internal.AbstractPropertyHolder  : Attempting to locate auto-apply AttributeConverter for property [com.example.examen2.historialclinico.model.HistorialClinico:fechaCreacion]
2024-11-18T12:45:49.507-04:00 DEBUG 24640 --- [examen2] [    Test worker] o.h.b.model.internal.BasicValueBinder    : building BasicValue for fechaCreacion
2024-11-18T12:45:49.507-04:00 DEBUG 24640 --- [examen2] [    Test worker] org.hibernate.mapping.BasicValue         : Skipping column re-registration: historiales_clinicos.fecha_creacion
2024-11-18T12:45:49.507-04:00 DEBUG 24640 --- [examen2] [    Test worker] o.h.boot.model.internal.PropertyBinder   : Building property fechaCreacion
2024-11-18T12:45:49.507-04:00 DEBUG 24640 --- [examen2] [    Test worker] o.h.boot.model.internal.AnnotatedColumn  : Binding column: AnnotatedColumn()
2024-11-18T12:45:49.507-04:00 DEBUG 24640 --- [examen2] [    Test worker] o.h.boot.model.internal.PropertyBinder   : MetadataSourceProcessor property fechaUltimaActualizacion with lazy=false
2024-11-18T12:45:49.507-04:00 DEBUG 24640 --- [examen2] [    Test worker] o.h.b.m.internal.AbstractPropertyHolder  : Attempting to locate auto-apply AttributeConverter for property [com.example.examen2.historialclinico.model.HistorialClinico:fechaUltimaActualizacion]
2024-11-18T12:45:49.507-04:00 DEBUG 24640 --- [examen2] [    Test worker] o.h.b.model.internal.BasicValueBinder    : building BasicValue for fechaUltimaActualizacion
2024-11-18T12:45:49.507-04:00 DEBUG 24640 --- [examen2] [    Test worker] org.hibernate.mapping.BasicValue         : Skipping column re-registration: historiales_clinicos.fecha_ultima_actualizacion
2024-11-18T12:45:49.507-04:00 DEBUG 24640 --- [examen2] [    Test worker] o.h.boot.model.internal.PropertyBinder   : Building property fechaUltimaActualizacion
2024-11-18T12:45:49.507-04:00 DEBUG 24640 --- [examen2] [    Test worker] o.h.boot.model.internal.AnnotatedColumn  : Binding column: AnnotatedColumn()
2024-11-18T12:45:49.507-04:00 DEBUG 24640 --- [examen2] [    Test worker] o.h.boot.model.internal.PropertyBinder   : MetadataSourceProcessor property notas with lazy=false
2024-11-18T12:45:49.507-04:00 DEBUG 24640 --- [examen2] [    Test worker] o.h.b.m.internal.AbstractPropertyHolder  : Attempting to locate auto-apply AttributeConverter for property [com.example.examen2.historialclinico.model.HistorialClinico:notas]
2024-11-18T12:45:49.507-04:00 DEBUG 24640 --- [examen2] [    Test worker] o.h.b.model.internal.BasicValueBinder    : building BasicValue for notas
2024-11-18T12:45:49.507-04:00 DEBUG 24640 --- [examen2] [    Test worker] org.hibernate.mapping.BasicValue         : Skipping column re-registration: historiales_clinicos.notas
2024-11-18T12:45:49.507-04:00 DEBUG 24640 --- [examen2] [    Test worker] o.h.boot.model.internal.PropertyBinder   : Building property notas
2024-11-18T12:45:49.507-04:00 DEBUG 24640 --- [examen2] [    Test worker] o.h.boot.model.internal.AnnotatedColumn  : Binding column: AnnotatedJoinColumn(column='paciente_id')
2024-11-18T12:45:49.507-04:00 DEBUG 24640 --- [examen2] [    Test worker] o.h.boot.model.internal.AnnotatedColumn  : Binding column: AnnotatedColumn()
2024-11-18T12:45:49.507-04:00 DEBUG 24640 --- [examen2] [    Test worker] o.h.boot.model.internal.PropertyBinder   : Building property paciente
2024-11-18T12:45:49.508-04:00 DEBUG 24640 --- [examen2] [    Test worker] o.h.b.r.c.i.ClassLoaderServiceImpl       : HHH000194: Package not found or wo package-info.java: com.example.examen2.historialclinico.model
2024-11-18T12:45:49.508-04:00 DEBUG 24640 --- [examen2] [    Test worker] o.h.boot.model.internal.EntityBinder     : Binding entity from annotated class: com.example.examen2.horarios.model.Horario
2024-11-18T12:45:49.508-04:00 DEBUG 24640 --- [examen2] [    Test worker] o.h.boot.model.internal.EntityBinder     : Import with entity name Horario
2024-11-18T12:45:49.508-04:00 DEBUG 24640 --- [examen2] [    Test worker] o.h.boot.model.internal.EntityBinder     : Bind entity com.example.examen2.horarios.model.Horario on table horario
2024-11-18T12:45:49.508-04:00 DEBUG 24640 --- [examen2] [    Test worker] o.h.boot.model.internal.AnnotatedColumn  : Binding column: AnnotatedDiscriminatorColumn(column='DTYPE')
2024-11-18T12:45:49.508-04:00 DEBUG 24640 --- [examen2] [    Test worker] o.h.boot.model.internal.AnnotatedColumn  : Binding column: AnnotatedColumn()
2024-11-18T12:45:49.508-04:00 DEBUG 24640 --- [examen2] [    Test worker] o.h.boot.internal.ClassLoaderAccessImpl  : Not known whether passed class name [com.example.examen2.horarios.model.Horario] is safe
2024-11-18T12:45:49.508-04:00 DEBUG 24640 --- [examen2] [    Test worker] o.h.boot.internal.ClassLoaderAccessImpl  : No temp ClassLoader provided; using live ClassLoader for loading potentially unsafe class : com.example.examen2.horarios.model.Horario
2024-11-18T12:45:49.508-04:00 DEBUG 24640 --- [examen2] [    Test worker] o.h.boot.model.internal.PropertyBinder   : MetadataSourceProcessor property id with lazy=false
2024-11-18T12:45:49.508-04:00 DEBUG 24640 --- [examen2] [    Test worker] o.h.b.m.internal.AbstractPropertyHolder  : Attempting to locate auto-apply AttributeConverter for property [com.example.examen2.horarios.model.Horario:id]
2024-11-18T12:45:49.508-04:00 DEBUG 24640 --- [examen2] [    Test worker] o.h.b.model.internal.BasicValueBinder    : building BasicValue for id
2024-11-18T12:45:49.508-04:00 DEBUG 24640 --- [examen2] [    Test worker] org.hibernate.mapping.BasicValue         : Skipping column re-registration: horario.id
2024-11-18T12:45:49.508-04:00 DEBUG 24640 --- [examen2] [    Test worker] o.h.boot.model.internal.PropertyBinder   : Building property id
2024-11-18T12:45:49.508-04:00 DEBUG 24640 --- [examen2] [    Test worker] o.h.boot.model.internal.BinderHelper     : #makeIdGenerator(BasicValue([Column(id)]), id, identity, , ...)
2024-11-18T12:45:49.508-04:00 DEBUG 24640 --- [examen2] [    Test worker] o.h.boot.model.internal.AnnotatedColumn  : Binding column: AnnotatedColumn()
2024-11-18T12:45:49.508-04:00 DEBUG 24640 --- [examen2] [    Test worker] o.h.boot.model.internal.PropertyBinder   : MetadataSourceProcessor property dia with lazy=false
2024-11-18T12:45:49.508-04:00 DEBUG 24640 --- [examen2] [    Test worker] o.h.b.m.internal.AbstractPropertyHolder  : Attempting to locate auto-apply AttributeConverter for property [com.example.examen2.horarios.model.Horario:dia]
2024-11-18T12:45:49.508-04:00 DEBUG 24640 --- [examen2] [    Test worker] o.h.b.model.internal.BasicValueBinder    : building BasicValue for dia
2024-11-18T12:45:49.508-04:00 DEBUG 24640 --- [examen2] [    Test worker] org.hibernate.mapping.BasicValue         : Skipping column re-registration: horario.dia
2024-11-18T12:45:49.508-04:00 DEBUG 24640 --- [examen2] [    Test worker] o.h.boot.model.internal.PropertyBinder   : Building property dia
2024-11-18T12:45:49.508-04:00 DEBUG 24640 --- [examen2] [    Test worker] o.h.boot.model.internal.AnnotatedColumn  : Binding column: AnnotatedColumn()
2024-11-18T12:45:49.508-04:00 DEBUG 24640 --- [examen2] [    Test worker] o.h.boot.model.internal.PropertyBinder   : MetadataSourceProcessor property horaFin with lazy=false
2024-11-18T12:45:49.508-04:00 DEBUG 24640 --- [examen2] [    Test worker] o.h.b.m.internal.AbstractPropertyHolder  : Attempting to locate auto-apply AttributeConverter for property [com.example.examen2.horarios.model.Horario:horaFin]
2024-11-18T12:45:49.508-04:00 DEBUG 24640 --- [examen2] [    Test worker] o.h.b.model.internal.BasicValueBinder    : building BasicValue for horaFin
2024-11-18T12:45:49.508-04:00 DEBUG 24640 --- [examen2] [    Test worker] org.hibernate.mapping.BasicValue         : Skipping column re-registration: horario.hora_fin
2024-11-18T12:45:49.508-04:00 DEBUG 24640 --- [examen2] [    Test worker] o.h.boot.model.internal.PropertyBinder   : Building property horaFin
2024-11-18T12:45:49.508-04:00 DEBUG 24640 --- [examen2] [    Test worker] o.h.boot.model.internal.AnnotatedColumn  : Binding column: AnnotatedColumn()
2024-11-18T12:45:49.508-04:00 DEBUG 24640 --- [examen2] [    Test worker] o.h.boot.model.internal.PropertyBinder   : MetadataSourceProcessor property horaInicio with lazy=false
2024-11-18T12:45:49.508-04:00 DEBUG 24640 --- [examen2] [    Test worker] o.h.b.m.internal.AbstractPropertyHolder  : Attempting to locate auto-apply AttributeConverter for property [com.example.examen2.horarios.model.Horario:horaInicio]
2024-11-18T12:45:49.508-04:00 DEBUG 24640 --- [examen2] [    Test worker] o.h.b.model.internal.BasicValueBinder    : building BasicValue for horaInicio
2024-11-18T12:45:49.510-04:00 DEBUG 24640 --- [examen2] [    Test worker] org.hibernate.mapping.BasicValue         : Skipping column re-registration: horario.hora_inicio
2024-11-18T12:45:49.510-04:00 DEBUG 24640 --- [examen2] [    Test worker] o.h.boot.model.internal.PropertyBinder   : Building property horaInicio
2024-11-18T12:45:49.510-04:00 DEBUG 24640 --- [examen2] [    Test worker] o.h.boot.model.internal.AnnotatedColumn  : Binding column: AnnotatedJoinColumn(column='medico_id')
2024-11-18T12:45:49.510-04:00 DEBUG 24640 --- [examen2] [    Test worker] o.h.boot.model.internal.AnnotatedColumn  : Binding column: AnnotatedColumn()
2024-11-18T12:45:49.510-04:00 DEBUG 24640 --- [examen2] [    Test worker] o.h.boot.model.internal.PropertyBinder   : Building property medico
2024-11-18T12:45:49.511-04:00 DEBUG 24640 --- [examen2] [    Test worker] o.h.b.r.c.i.ClassLoaderServiceImpl       : HHH000194: Package not found or wo package-info.java: com.example.examen2.horarios.model
2024-11-18T12:45:49.511-04:00 DEBUG 24640 --- [examen2] [    Test worker] o.h.boot.model.internal.EntityBinder     : Binding entity from annotated class: com.example.examen2.medicos.model.Medico
2024-11-18T12:45:49.511-04:00 DEBUG 24640 --- [examen2] [    Test worker] o.h.boot.model.internal.EntityBinder     : Import with entity name Medico
2024-11-18T12:45:49.511-04:00 DEBUG 24640 --- [examen2] [    Test worker] o.h.boot.model.internal.EntityBinder     : Bind entity com.example.examen2.medicos.model.Medico on table medico
2024-11-18T12:45:49.511-04:00 DEBUG 24640 --- [examen2] [    Test worker] o.h.boot.model.internal.AnnotatedColumn  : Binding column: AnnotatedDiscriminatorColumn(column='DTYPE')
2024-11-18T12:45:49.513-04:00 DEBUG 24640 --- [examen2] [    Test worker] o.h.boot.model.internal.AnnotatedColumn  : Binding column: AnnotatedColumn()
2024-11-18T12:45:49.513-04:00 DEBUG 24640 --- [examen2] [    Test worker] o.h.boot.internal.ClassLoaderAccessImpl  : Not known whether passed class name [com.example.examen2.medicos.model.Medico] is safe
2024-11-18T12:45:49.513-04:00 DEBUG 24640 --- [examen2] [    Test worker] o.h.boot.internal.ClassLoaderAccessImpl  : No temp ClassLoader provided; using live ClassLoader for loading potentially unsafe class : com.example.examen2.medicos.model.Medico
2024-11-18T12:45:49.513-04:00 DEBUG 24640 --- [examen2] [    Test worker] o.h.boot.model.internal.PropertyBinder   : MetadataSourceProcessor property id with lazy=false
2024-11-18T12:45:49.513-04:00 DEBUG 24640 --- [examen2] [    Test worker] o.h.b.m.internal.AbstractPropertyHolder  : Attempting to locate auto-apply AttributeConverter for property [com.example.examen2.medicos.model.Medico:id]
2024-11-18T12:45:49.513-04:00 DEBUG 24640 --- [examen2] [    Test worker] o.h.b.model.internal.BasicValueBinder    : building BasicValue for id
2024-11-18T12:45:49.513-04:00 DEBUG 24640 --- [examen2] [    Test worker] org.hibernate.mapping.BasicValue         : Skipping column re-registration: medico.id
2024-11-18T12:45:49.513-04:00 DEBUG 24640 --- [examen2] [    Test worker] o.h.boot.model.internal.PropertyBinder   : Building property id
2024-11-18T12:45:49.513-04:00 DEBUG 24640 --- [examen2] [    Test worker] o.h.boot.model.internal.BinderHelper     : #makeIdGenerator(BasicValue([Column(id)]), id, identity, , ...)
2024-11-18T12:45:49.513-04:00 DEBUG 24640 --- [examen2] [    Test worker] o.h.boot.model.internal.AnnotatedColumn  : Binding column: AnnotatedColumn()
2024-11-18T12:45:49.513-04:00 DEBUG 24640 --- [examen2] [    Test worker] o.h.boot.model.internal.PropertyBinder   : MetadataSourceProcessor property ci with lazy=false
2024-11-18T12:45:49.513-04:00 DEBUG 24640 --- [examen2] [    Test worker] o.h.b.m.internal.AbstractPropertyHolder  : Attempting to locate auto-apply AttributeConverter for property [com.example.examen2.medicos.model.Medico:ci]
2024-11-18T12:45:49.513-04:00 DEBUG 24640 --- [examen2] [    Test worker] o.h.b.model.internal.BasicValueBinder    : building BasicValue for ci
2024-11-18T12:45:49.513-04:00 DEBUG 24640 --- [examen2] [    Test worker] org.hibernate.mapping.BasicValue         : Skipping column re-registration: medico.ci
2024-11-18T12:45:49.513-04:00 DEBUG 24640 --- [examen2] [    Test worker] o.h.boot.model.internal.PropertyBinder   : Building property ci
2024-11-18T12:45:49.513-04:00 DEBUG 24640 --- [examen2] [    Test worker] o.h.boot.model.internal.AnnotatedColumn  : Binding column: AnnotatedColumn()
2024-11-18T12:45:49.513-04:00 DEBUG 24640 --- [examen2] [    Test worker] o.h.boot.model.internal.PropertyBinder   : MetadataSourceProcessor property disponibilidad with lazy=false
2024-11-18T12:45:49.513-04:00 DEBUG 24640 --- [examen2] [    Test worker] o.h.b.m.internal.AbstractPropertyHolder  : Attempting to locate auto-apply AttributeConverter for property [com.example.examen2.medicos.model.Medico:disponibilidad]
2024-11-18T12:45:49.513-04:00 DEBUG 24640 --- [examen2] [    Test worker] o.h.b.model.internal.BasicValueBinder    : building BasicValue for disponibilidad
2024-11-18T12:45:49.513-04:00 DEBUG 24640 --- [examen2] [    Test worker] org.hibernate.mapping.BasicValue         : Skipping column re-registration: medico.disponibilidad
2024-11-18T12:45:49.513-04:00 DEBUG 24640 --- [examen2] [    Test worker] o.h.boot.model.internal.PropertyBinder   : Building property disponibilidad
2024-11-18T12:45:49.513-04:00 DEBUG 24640 --- [examen2] [    Test worker] o.h.boot.model.internal.AnnotatedColumn  : Binding column: IndexColumn(column='especialidades_ORDER')
2024-11-18T12:45:49.514-04:00 DEBUG 24640 --- [examen2] [    Test worker] o.h.boot.model.internal.AnnotatedColumn  : Binding column: AnnotatedColumn()
2024-11-18T12:45:49.514-04:00 DEBUG 24640 --- [examen2] [    Test worker] o.h.boot.model.internal.AnnotatedColumn  : Binding column: AnnotatedColumn(column='especialidades_KEY')
2024-11-18T12:45:49.514-04:00 DEBUG 24640 --- [examen2] [    Test worker] o.h.boot.model.internal.AnnotatedColumn  : Binding column: AnnotatedJoinColumn(column='especialidades_KEY')
2024-11-18T12:45:49.514-04:00 DEBUG 24640 --- [examen2] [    Test worker] o.h.boot.model.internal.AnnotatedColumn  : Binding column: AnnotatedJoinColumn(column='medico_id')
2024-11-18T12:45:49.514-04:00 DEBUG 24640 --- [examen2] [    Test worker] o.h.boot.model.internal.AnnotatedColumn  : Binding column: AnnotatedJoinColumn(column='especialidad_id')
2024-11-18T12:45:49.514-04:00 DEBUG 24640 --- [examen2] [    Test worker] o.h.b.model.internal.CollectionBinder    : Collection role: com.example.examen2.medicos.model.Medico.especialidades
2024-11-18T12:45:49.514-04:00 DEBUG 24640 --- [examen2] [    Test worker] o.h.boot.model.internal.PropertyBinder   : Building property especialidades
2024-11-18T12:45:49.514-04:00 DEBUG 24640 --- [examen2] [    Test worker] o.h.boot.model.internal.AnnotatedColumn  : Binding column: AnnotatedJoinColumn()
2024-11-18T12:45:49.515-04:00 DEBUG 24640 --- [examen2] [    Test worker] o.h.boot.model.internal.AnnotatedColumn  : Binding column: AnnotatedColumn()
2024-11-18T12:45:49.515-04:00 DEBUG 24640 --- [examen2] [    Test worker] o.h.boot.model.internal.AnnotatedColumn  : Binding column: IndexColumn(column='horarios_ORDER')
2024-11-18T12:45:49.515-04:00 DEBUG 24640 --- [examen2] [    Test worker] o.h.boot.model.internal.AnnotatedColumn  : Binding column: AnnotatedColumn()
2024-11-18T12:45:49.515-04:00 DEBUG 24640 --- [examen2] [    Test worker] o.h.boot.model.internal.AnnotatedColumn  : Binding column: AnnotatedColumn(column='horarios_KEY')
2024-11-18T12:45:49.515-04:00 DEBUG 24640 --- [examen2] [    Test worker] o.h.boot.model.internal.AnnotatedColumn  : Binding column: AnnotatedJoinColumn(column='horarios_KEY')
2024-11-18T12:45:49.515-04:00 DEBUG 24640 --- [examen2] [    Test worker] o.h.boot.model.internal.AnnotatedColumn  : Binding column: AnnotatedJoinColumn()
2024-11-18T12:45:49.515-04:00 DEBUG 24640 --- [examen2] [    Test worker] o.h.boot.model.internal.AnnotatedColumn  : Binding column: AnnotatedJoinColumn()
2024-11-18T12:45:49.515-04:00 DEBUG 24640 --- [examen2] [    Test worker] o.h.b.model.internal.CollectionBinder    : Collection role: com.example.examen2.medicos.model.Medico.horarios
2024-11-18T12:45:49.515-04:00 DEBUG 24640 --- [examen2] [    Test worker] o.h.boot.model.internal.PropertyBinder   : Building property horarios
2024-11-18T12:45:49.515-04:00 DEBUG 24640 --- [examen2] [    Test worker] o.h.boot.model.internal.AnnotatedColumn  : Binding column: AnnotatedColumn()
2024-11-18T12:45:49.515-04:00 DEBUG 24640 --- [examen2] [    Test worker] o.h.boot.model.internal.PropertyBinder   : MetadataSourceProcessor property numeroLicencia with lazy=false
2024-11-18T12:45:49.515-04:00 DEBUG 24640 --- [examen2] [    Test worker] o.h.b.m.internal.AbstractPropertyHolder  : Attempting to locate auto-apply AttributeConverter for property [com.example.examen2.medicos.model.Medico:numeroLicencia]
2024-11-18T12:45:49.515-04:00 DEBUG 24640 --- [examen2] [    Test worker] o.h.b.model.internal.BasicValueBinder    : building BasicValue for numeroLicencia
2024-11-18T12:45:49.515-04:00 DEBUG 24640 --- [examen2] [    Test worker] org.hibernate.mapping.BasicValue         : Skipping column re-registration: medico.numero_licencia
2024-11-18T12:45:49.515-04:00 DEBUG 24640 --- [examen2] [    Test worker] o.h.boot.model.internal.PropertyBinder   : Building property numeroLicencia
2024-11-18T12:45:49.515-04:00 DEBUG 24640 --- [examen2] [    Test worker] o.h.boot.model.internal.AnnotatedColumn  : Binding column: AnnotatedColumn()
2024-11-18T12:45:49.515-04:00 DEBUG 24640 --- [examen2] [    Test worker] o.h.boot.model.internal.PropertyBinder   : MetadataSourceProcessor property telefonoConsultorio with lazy=false
2024-11-18T12:45:49.515-04:00 DEBUG 24640 --- [examen2] [    Test worker] o.h.b.m.internal.AbstractPropertyHolder  : Attempting to locate auto-apply AttributeConverter for property [com.example.examen2.medicos.model.Medico:telefonoConsultorio]
2024-11-18T12:45:49.515-04:00 DEBUG 24640 --- [examen2] [    Test worker] o.h.b.model.internal.BasicValueBinder    : building BasicValue for telefonoConsultorio
2024-11-18T12:45:49.515-04:00 DEBUG 24640 --- [examen2] [    Test worker] org.hibernate.mapping.BasicValue         : Skipping column re-registration: medico.telefono_consultorio
2024-11-18T12:45:49.516-04:00 DEBUG 24640 --- [examen2] [    Test worker] o.h.boot.model.internal.PropertyBinder   : Building property telefonoConsultorio
2024-11-18T12:45:49.516-04:00 DEBUG 24640 --- [examen2] [    Test worker] o.h.boot.model.internal.AnnotatedColumn  : Binding column: AnnotatedJoinColumn(column='usuario_id')
2024-11-18T12:45:49.516-04:00 DEBUG 24640 --- [examen2] [    Test worker] o.h.boot.model.internal.AnnotatedColumn  : Binding column: AnnotatedColumn()
2024-11-18T12:45:49.516-04:00 DEBUG 24640 --- [examen2] [    Test worker] o.h.boot.model.internal.PropertyBinder   : Building property usuario
2024-11-18T12:45:49.517-04:00 DEBUG 24640 --- [examen2] [    Test worker] o.h.b.r.c.i.ClassLoaderServiceImpl       : HHH000194: Package not found or wo package-info.java: com.example.examen2.medicos.model
2024-11-18T12:45:49.517-04:00 DEBUG 24640 --- [examen2] [    Test worker] o.h.boot.model.internal.EntityBinder     : Binding entity from annotated class: com.example.examen2.paciente.model.Paciente
2024-11-18T12:45:49.517-04:00 DEBUG 24640 --- [examen2] [    Test worker] o.h.boot.model.internal.EntityBinder     : Import with entity name Paciente
2024-11-18T12:45:49.518-04:00 DEBUG 24640 --- [examen2] [    Test worker] o.h.boot.model.internal.EntityBinder     : Bind entity com.example.examen2.paciente.model.Paciente on table paciente
2024-11-18T12:45:49.518-04:00 DEBUG 24640 --- [examen2] [    Test worker] o.h.boot.model.internal.AnnotatedColumn  : Binding column: AnnotatedDiscriminatorColumn(column='DTYPE')
2024-11-18T12:45:49.519-04:00 DEBUG 24640 --- [examen2] [    Test worker] o.h.boot.model.internal.AnnotatedColumn  : Binding column: AnnotatedColumn()
2024-11-18T12:45:49.519-04:00 DEBUG 24640 --- [examen2] [    Test worker] o.h.boot.internal.ClassLoaderAccessImpl  : Not known whether passed class name [com.example.examen2.paciente.model.Paciente] is safe
2024-11-18T12:45:49.519-04:00 DEBUG 24640 --- [examen2] [    Test worker] o.h.boot.internal.ClassLoaderAccessImpl  : No temp ClassLoader provided; using live ClassLoader for loading potentially unsafe class : com.example.examen2.paciente.model.Paciente
2024-11-18T12:45:49.519-04:00 DEBUG 24640 --- [examen2] [    Test worker] o.h.boot.model.internal.PropertyBinder   : MetadataSourceProcessor property id with lazy=false
2024-11-18T12:45:49.519-04:00 DEBUG 24640 --- [examen2] [    Test worker] o.h.b.m.internal.AbstractPropertyHolder  : Attempting to locate auto-apply AttributeConverter for property [com.example.examen2.paciente.model.Paciente:id]
2024-11-18T12:45:49.519-04:00 DEBUG 24640 --- [examen2] [    Test worker] o.h.b.model.internal.BasicValueBinder    : building BasicValue for id
2024-11-18T12:45:49.519-04:00 DEBUG 24640 --- [examen2] [    Test worker] org.hibernate.mapping.BasicValue         : Skipping column re-registration: paciente.id
2024-11-18T12:45:49.519-04:00 DEBUG 24640 --- [examen2] [    Test worker] o.h.boot.model.internal.PropertyBinder   : Building property id
2024-11-18T12:45:49.519-04:00 DEBUG 24640 --- [examen2] [    Test worker] o.h.boot.model.internal.BinderHelper     : #makeIdGenerator(BasicValue([Column(id)]), id, identity, , ...)
2024-11-18T12:45:49.519-04:00 DEBUG 24640 --- [examen2] [    Test worker] o.h.boot.model.internal.AnnotatedColumn  : Binding column: AnnotatedColumn()
2024-11-18T12:45:49.519-04:00 DEBUG 24640 --- [examen2] [    Test worker] o.h.boot.model.internal.PropertyBinder   : MetadataSourceProcessor property carnet with lazy=false
2024-11-18T12:45:49.519-04:00 DEBUG 24640 --- [examen2] [    Test worker] o.h.b.m.internal.AbstractPropertyHolder  : Attempting to locate auto-apply AttributeConverter for property [com.example.examen2.paciente.model.Paciente:carnet]
2024-11-18T12:45:49.519-04:00 DEBUG 24640 --- [examen2] [    Test worker] o.h.b.model.internal.BasicValueBinder    : building BasicValue for carnet
2024-11-18T12:45:49.519-04:00 DEBUG 24640 --- [examen2] [    Test worker] org.hibernate.mapping.BasicValue         : Skipping column re-registration: paciente.carnet
2024-11-18T12:45:49.519-04:00 DEBUG 24640 --- [examen2] [    Test worker] o.h.boot.model.internal.PropertyBinder   : Building property carnet
2024-11-18T12:45:49.519-04:00 DEBUG 24640 --- [examen2] [    Test worker] o.h.boot.model.internal.AnnotatedColumn  : Binding column: AnnotatedColumn()
2024-11-18T12:45:49.519-04:00 DEBUG 24640 --- [examen2] [    Test worker] o.h.boot.model.internal.PropertyBinder   : MetadataSourceProcessor property edad with lazy=false
2024-11-18T12:45:49.519-04:00 DEBUG 24640 --- [examen2] [    Test worker] o.h.b.m.internal.AbstractPropertyHolder  : Attempting to locate auto-apply AttributeConverter for property [com.example.examen2.paciente.model.Paciente:edad]
2024-11-18T12:45:49.519-04:00 DEBUG 24640 --- [examen2] [    Test worker] o.h.b.model.internal.BasicValueBinder    : building BasicValue for edad
2024-11-18T12:45:49.519-04:00 DEBUG 24640 --- [examen2] [    Test worker] org.hibernate.mapping.BasicValue         : Skipping column re-registration: paciente.edad
2024-11-18T12:45:49.519-04:00 DEBUG 24640 --- [examen2] [    Test worker] o.h.boot.model.internal.PropertyBinder   : Building property edad
2024-11-18T12:45:49.519-04:00 DEBUG 24640 --- [examen2] [    Test worker] o.h.boot.model.internal.AnnotatedColumn  : Binding column: AnnotatedColumn()
2024-11-18T12:45:49.519-04:00 DEBUG 24640 --- [examen2] [    Test worker] o.h.boot.model.internal.PropertyBinder   : MetadataSourceProcessor property fechaFinSeguro with lazy=false
2024-11-18T12:45:49.519-04:00 DEBUG 24640 --- [examen2] [    Test worker] o.h.b.m.internal.AbstractPropertyHolder  : Attempting to locate auto-apply AttributeConverter for property [com.example.examen2.paciente.model.Paciente:fechaFinSeguro]
2024-11-18T12:45:49.519-04:00 DEBUG 24640 --- [examen2] [    Test worker] o.h.b.model.internal.BasicValueBinder    : building BasicValue for fechaFinSeguro
2024-11-18T12:45:49.519-04:00 DEBUG 24640 --- [examen2] [    Test worker] org.hibernate.mapping.BasicValue         : Skipping column re-registration: paciente.fecha_fin_seguro
2024-11-18T12:45:49.519-04:00 DEBUG 24640 --- [examen2] [    Test worker] o.h.boot.model.internal.PropertyBinder   : Building property fechaFinSeguro
2024-11-18T12:45:49.519-04:00 DEBUG 24640 --- [examen2] [    Test worker] o.h.boot.model.internal.AnnotatedColumn  : Binding column: AnnotatedColumn()
2024-11-18T12:45:49.519-04:00 DEBUG 24640 --- [examen2] [    Test worker] o.h.boot.model.internal.PropertyBinder   : MetadataSourceProcessor property fechaInicioSeguro with lazy=false
2024-11-18T12:45:49.519-04:00 DEBUG 24640 --- [examen2] [    Test worker] o.h.b.m.internal.AbstractPropertyHolder  : Attempting to locate auto-apply AttributeConverter for property [com.example.examen2.paciente.model.Paciente:fechaInicioSeguro]
2024-11-18T12:45:49.519-04:00 DEBUG 24640 --- [examen2] [    Test worker] o.h.b.model.internal.BasicValueBinder    : building BasicValue for fechaInicioSeguro
2024-11-18T12:45:49.519-04:00 DEBUG 24640 --- [examen2] [    Test worker] org.hibernate.mapping.BasicValue         : Skipping column re-registration: paciente.fecha_inicio_seguro
2024-11-18T12:45:49.519-04:00 DEBUG 24640 --- [examen2] [    Test worker] o.h.boot.model.internal.PropertyBinder   : Building property fechaInicioSeguro
2024-11-18T12:45:49.519-04:00 DEBUG 24640 --- [examen2] [    Test worker] o.h.boot.model.internal.AnnotatedColumn  : Binding column: AnnotatedColumn()
2024-11-18T12:45:49.520-04:00 DEBUG 24640 --- [examen2] [    Test worker] o.h.boot.model.internal.PropertyBinder   : MetadataSourceProcessor property fechaNacimiento with lazy=false
2024-11-18T12:45:49.520-04:00 DEBUG 24640 --- [examen2] [    Test worker] o.h.b.m.internal.AbstractPropertyHolder  : Attempting to locate auto-apply AttributeConverter for property [com.example.examen2.paciente.model.Paciente:fechaNacimiento]
2024-11-18T12:45:49.520-04:00 DEBUG 24640 --- [examen2] [    Test worker] o.h.b.model.internal.BasicValueBinder    : building BasicValue for fechaNacimiento
2024-11-18T12:45:49.520-04:00 DEBUG 24640 --- [examen2] [    Test worker] org.hibernate.mapping.BasicValue         : Skipping column re-registration: paciente.fecha_nacimiento
2024-11-18T12:45:49.520-04:00 DEBUG 24640 --- [examen2] [    Test worker] o.h.boot.model.internal.PropertyBinder   : Building property fechaNacimiento
2024-11-18T12:45:49.520-04:00 DEBUG 24640 --- [examen2] [    Test worker] o.h.boot.model.internal.AnnotatedColumn  : Binding column: AnnotatedColumn()
2024-11-18T12:45:49.520-04:00 DEBUG 24640 --- [examen2] [    Test worker] o.h.boot.model.internal.PropertyBinder   : MetadataSourceProcessor property sexo with lazy=false
2024-11-18T12:45:49.520-04:00 DEBUG 24640 --- [examen2] [    Test worker] o.h.b.m.internal.AbstractPropertyHolder  : Attempting to locate auto-apply AttributeConverter for property [com.example.examen2.paciente.model.Paciente:sexo]
2024-11-18T12:45:49.520-04:00 DEBUG 24640 --- [examen2] [    Test worker] o.h.b.model.internal.BasicValueBinder    : building BasicValue for sexo
2024-11-18T12:45:49.520-04:00 DEBUG 24640 --- [examen2] [    Test worker] org.hibernate.mapping.BasicValue         : Skipping column re-registration: paciente.sexo
2024-11-18T12:45:49.520-04:00 DEBUG 24640 --- [examen2] [    Test worker] o.h.boot.model.internal.PropertyBinder   : Building property sexo
2024-11-18T12:45:49.520-04:00 DEBUG 24640 --- [examen2] [    Test worker] o.h.boot.model.internal.AnnotatedColumn  : Binding column: AnnotatedJoinColumn(column='usuario_id')
2024-11-18T12:45:49.520-04:00 DEBUG 24640 --- [examen2] [    Test worker] o.h.boot.model.internal.AnnotatedColumn  : Binding column: AnnotatedColumn()
2024-11-18T12:45:49.520-04:00 DEBUG 24640 --- [examen2] [    Test worker] o.h.boot.model.internal.PropertyBinder   : Building property usuario
2024-11-18T12:45:49.522-04:00 DEBUG 24640 --- [examen2] [    Test worker] o.h.b.r.c.i.ClassLoaderServiceImpl       : HHH000194: Package not found or wo package-info.java: com.example.examen2.paciente.model
2024-11-18T12:45:49.522-04:00 DEBUG 24640 --- [examen2] [    Test worker] o.h.boot.model.internal.EntityBinder     : Binding entity from annotated class: com.example.examen2.procedimientos.model.Procedimiento
2024-11-18T12:45:49.523-04:00 DEBUG 24640 --- [examen2] [    Test worker] o.h.boot.model.internal.EntityBinder     : Import with entity name Procedimiento
2024-11-18T12:45:49.523-04:00 DEBUG 24640 --- [examen2] [    Test worker] o.h.boot.model.internal.EntityBinder     : Bind entity com.example.examen2.procedimientos.model.Procedimiento on table procedimientos
2024-11-18T12:45:49.523-04:00 DEBUG 24640 --- [examen2] [    Test worker] o.h.boot.model.internal.AnnotatedColumn  : Binding column: AnnotatedDiscriminatorColumn(column='DTYPE')
2024-11-18T12:45:49.524-04:00 DEBUG 24640 --- [examen2] [    Test worker] o.h.boot.model.internal.AnnotatedColumn  : Binding column: AnnotatedColumn()
2024-11-18T12:45:49.524-04:00 DEBUG 24640 --- [examen2] [    Test worker] o.h.boot.internal.ClassLoaderAccessImpl  : Not known whether passed class name [com.example.examen2.procedimientos.model.Procedimiento] is safe
2024-11-18T12:45:49.524-04:00 DEBUG 24640 --- [examen2] [    Test worker] o.h.boot.internal.ClassLoaderAccessImpl  : No temp ClassLoader provided; using live ClassLoader for loading potentially unsafe class : com.example.examen2.procedimientos.model.Procedimiento
2024-11-18T12:45:49.524-04:00 DEBUG 24640 --- [examen2] [    Test worker] o.h.boot.model.internal.PropertyBinder   : MetadataSourceProcessor property id with lazy=false
2024-11-18T12:45:49.524-04:00 DEBUG 24640 --- [examen2] [    Test worker] o.h.b.m.internal.AbstractPropertyHolder  : Attempting to locate auto-apply AttributeConverter for property [com.example.examen2.procedimientos.model.Procedimiento:id]
2024-11-18T12:45:49.524-04:00 DEBUG 24640 --- [examen2] [    Test worker] o.h.b.model.internal.BasicValueBinder    : building BasicValue for id
2024-11-18T12:45:49.524-04:00 DEBUG 24640 --- [examen2] [    Test worker] org.hibernate.mapping.BasicValue         : Skipping column re-registration: procedimientos.id
2024-11-18T12:45:49.524-04:00 DEBUG 24640 --- [examen2] [    Test worker] o.h.boot.model.internal.PropertyBinder   : Building property id
2024-11-18T12:45:49.524-04:00 DEBUG 24640 --- [examen2] [    Test worker] o.h.boot.model.internal.BinderHelper     : #makeIdGenerator(BasicValue([Column(id)]), id, identity, , ...)
2024-11-18T12:45:49.524-04:00 DEBUG 24640 --- [examen2] [    Test worker] o.h.boot.model.internal.AnnotatedColumn  : Binding column: AnnotatedColumn()
2024-11-18T12:45:49.524-04:00 DEBUG 24640 --- [examen2] [    Test worker] o.h.boot.model.internal.PropertyBinder   : MetadataSourceProcessor property archivoUrl with lazy=false
2024-11-18T12:45:49.524-04:00 DEBUG 24640 --- [examen2] [    Test worker] o.h.b.m.internal.AbstractPropertyHolder  : Attempting to locate auto-apply AttributeConverter for property [com.example.examen2.procedimientos.model.Procedimiento:archivoUrl]
2024-11-18T12:45:49.524-04:00 DEBUG 24640 --- [examen2] [    Test worker] o.h.b.model.internal.BasicValueBinder    : building BasicValue for archivoUrl
2024-11-18T12:45:49.524-04:00 DEBUG 24640 --- [examen2] [    Test worker] org.hibernate.mapping.BasicValue         : Skipping column re-registration: procedimientos.archivo_url
2024-11-18T12:45:49.524-04:00 DEBUG 24640 --- [examen2] [    Test worker] o.h.boot.model.internal.PropertyBinder   : Building property archivoUrl
2024-11-18T12:45:49.524-04:00 DEBUG 24640 --- [examen2] [    Test worker] o.h.boot.model.internal.AnnotatedColumn  : Binding column: AnnotatedJoinColumn(column='consulta_id')
2024-11-18T12:45:49.524-04:00 DEBUG 24640 --- [examen2] [    Test worker] o.h.boot.model.internal.AnnotatedColumn  : Binding column: AnnotatedColumn()
2024-11-18T12:45:49.525-04:00 DEBUG 24640 --- [examen2] [    Test worker] o.h.boot.model.internal.PropertyBinder   : Building property consulta
2024-11-18T12:45:49.525-04:00 DEBUG 24640 --- [examen2] [    Test worker] o.h.boot.model.internal.AnnotatedColumn  : Binding column: AnnotatedColumn()
2024-11-18T12:45:49.525-04:00 DEBUG 24640 --- [examen2] [    Test worker] o.h.boot.model.internal.PropertyBinder   : MetadataSourceProcessor property descripcion with lazy=false
2024-11-18T12:45:49.525-04:00 DEBUG 24640 --- [examen2] [    Test worker] o.h.b.m.internal.AbstractPropertyHolder  : Attempting to locate auto-apply AttributeConverter for property [com.example.examen2.procedimientos.model.Procedimiento:descripcion]
2024-11-18T12:45:49.525-04:00 DEBUG 24640 --- [examen2] [    Test worker] o.h.b.model.internal.BasicValueBinder    : building BasicValue for descripcion
2024-11-18T12:45:49.525-04:00 DEBUG 24640 --- [examen2] [    Test worker] org.hibernate.mapping.BasicValue         : Skipping column re-registration: procedimientos.descripcion
2024-11-18T12:45:49.525-04:00 DEBUG 24640 --- [examen2] [    Test worker] o.h.boot.model.internal.PropertyBinder   : Building property descripcion
2024-11-18T12:45:49.525-04:00 DEBUG 24640 --- [examen2] [    Test worker] o.h.boot.model.internal.AnnotatedColumn  : Binding column: AnnotatedColumn()
2024-11-18T12:45:49.525-04:00 DEBUG 24640 --- [examen2] [    Test worker] o.h.boot.model.internal.PropertyBinder   : MetadataSourceProcessor property fecha with lazy=false
2024-11-18T12:45:49.525-04:00 DEBUG 24640 --- [examen2] [    Test worker] o.h.b.m.internal.AbstractPropertyHolder  : Attempting to locate auto-apply AttributeConverter for property [com.example.examen2.procedimientos.model.Procedimiento:fecha]
2024-11-18T12:45:49.525-04:00 DEBUG 24640 --- [examen2] [    Test worker] o.h.b.model.internal.BasicValueBinder    : building BasicValue for fecha
2024-11-18T12:45:49.525-04:00 DEBUG 24640 --- [examen2] [    Test worker] org.hibernate.mapping.BasicValue         : Skipping column re-registration: procedimientos.fecha
2024-11-18T12:45:49.525-04:00 DEBUG 24640 --- [examen2] [    Test worker] o.h.boot.model.internal.PropertyBinder   : Building property fecha
2024-11-18T12:45:49.525-04:00 DEBUG 24640 --- [examen2] [    Test worker] o.h.boot.model.internal.AnnotatedColumn  : Binding column: AnnotatedJoinColumn(column='medico_id')
2024-11-18T12:45:49.525-04:00 DEBUG 24640 --- [examen2] [    Test worker] o.h.boot.model.internal.AnnotatedColumn  : Binding column: AnnotatedColumn()
2024-11-18T12:45:49.525-04:00 DEBUG 24640 --- [examen2] [    Test worker] o.h.boot.model.internal.PropertyBinder   : Building property medico
2024-11-18T12:45:49.525-04:00 DEBUG 24640 --- [examen2] [    Test worker] o.h.boot.model.internal.AnnotatedColumn  : Binding column: AnnotatedColumn()
2024-11-18T12:45:49.525-04:00 DEBUG 24640 --- [examen2] [    Test worker] o.h.boot.model.internal.PropertyBinder   : MetadataSourceProcessor property observaciones with lazy=false
2024-11-18T12:45:49.525-04:00 DEBUG 24640 --- [examen2] [    Test worker] o.h.b.m.internal.AbstractPropertyHolder  : Attempting to locate auto-apply AttributeConverter for property [com.example.examen2.procedimientos.model.Procedimiento:observaciones]
2024-11-18T12:45:49.525-04:00 DEBUG 24640 --- [examen2] [    Test worker] o.h.b.model.internal.BasicValueBinder    : building BasicValue for observaciones
2024-11-18T12:45:49.525-04:00 DEBUG 24640 --- [examen2] [    Test worker] org.hibernate.mapping.BasicValue         : Skipping column re-registration: procedimientos.observaciones
2024-11-18T12:45:49.525-04:00 DEBUG 24640 --- [examen2] [    Test worker] o.h.boot.model.internal.PropertyBinder   : Building property observaciones
2024-11-18T12:45:49.525-04:00 DEBUG 24640 --- [examen2] [    Test worker] o.h.boot.model.internal.AnnotatedColumn  : Binding column: AnnotatedJoinColumn(column='paciente_id')
2024-11-18T12:45:49.526-04:00 DEBUG 24640 --- [examen2] [    Test worker] o.h.boot.model.internal.AnnotatedColumn  : Binding column: AnnotatedColumn()
2024-11-18T12:45:49.526-04:00 DEBUG 24640 --- [examen2] [onnection adder] org.postgresql.Driver                    : Connecting with URL: jdbc:postgresql://localhost:5432/clinica
2024-11-18T12:45:49.526-04:00 DEBUG 24640 --- [examen2] [onnection adder] org.postgresql.jdbc.PgConnection         : PostgreSQL JDBC Driver 42.6.2
2024-11-18T12:45:49.526-04:00 DEBUG 24640 --- [examen2] [    Test worker] o.h.boot.model.internal.PropertyBinder   : Building property paciente
2024-11-18T12:45:49.526-04:00 DEBUG 24640 --- [examen2] [onnection adder] org.postgresql.jdbc.PgConnection         :   setDefaultFetchSize = 0
2024-11-18T12:45:49.526-04:00 DEBUG 24640 --- [examen2] [onnection adder] org.postgresql.jdbc.PgConnection         :   setPrepareThreshold = 5
2024-11-18T12:45:49.526-04:00 DEBUG 24640 --- [examen2] [onnection adder] o.p.core.v3.ConnectionFactoryImpl        : Trying to establish a protocol version 3 connection to localhost:5432
2024-11-18T12:45:49.526-04:00 DEBUG 24640 --- [examen2] [    Test worker] o.h.b.r.c.i.ClassLoaderServiceImpl       : HHH000194: Package not found or wo package-info.java: com.example.examen2.procedimientos.model
2024-11-18T12:45:49.526-04:00 DEBUG 24640 --- [examen2] [onnection adder] o.p.core.v3.ConnectionFactoryImpl        : Receive Buffer Size is 65.536
2024-11-18T12:45:49.526-04:00 DEBUG 24640 --- [examen2] [onnection adder] o.p.core.v3.ConnectionFactoryImpl        : Send Buffer Size is 65.536
2024-11-18T12:45:49.526-04:00 DEBUG 24640 --- [examen2] [    Test worker] o.h.boot.model.internal.EntityBinder     : Binding entity from annotated class: com.example.examen2.reportes.model.Reporte
2024-11-18T12:45:49.527-04:00 DEBUG 24640 --- [examen2] [    Test worker] o.h.boot.model.internal.EntityBinder     : Import with entity name Reporte
2024-11-18T12:45:49.527-04:00 DEBUG 24640 --- [examen2] [    Test worker] o.h.boot.model.internal.EntityBinder     : Bind entity com.example.examen2.reportes.model.Reporte on table reportes
2024-11-18T12:45:49.528-04:00 DEBUG 24640 --- [examen2] [    Test worker] o.h.boot.model.internal.AnnotatedColumn  : Binding column: AnnotatedDiscriminatorColumn(column='DTYPE')
2024-11-18T12:45:49.528-04:00 DEBUG 24640 --- [examen2] [    Test worker] o.h.boot.model.internal.AnnotatedColumn  : Binding column: AnnotatedColumn()
2024-11-18T12:45:49.528-04:00 DEBUG 24640 --- [examen2] [    Test worker] o.h.boot.internal.ClassLoaderAccessImpl  : Not known whether passed class name [com.example.examen2.reportes.model.Reporte] is safe
2024-11-18T12:45:49.528-04:00 DEBUG 24640 --- [examen2] [    Test worker] o.h.boot.internal.ClassLoaderAccessImpl  : No temp ClassLoader provided; using live ClassLoader for loading potentially unsafe class : com.example.examen2.reportes.model.Reporte
2024-11-18T12:45:49.528-04:00 DEBUG 24640 --- [examen2] [    Test worker] o.h.boot.model.internal.PropertyBinder   : MetadataSourceProcessor property id with lazy=false
2024-11-18T12:45:49.528-04:00 DEBUG 24640 --- [examen2] [    Test worker] o.h.b.m.internal.AbstractPropertyHolder  : Attempting to locate auto-apply AttributeConverter for property [com.example.examen2.reportes.model.Reporte:id]
2024-11-18T12:45:49.528-04:00 DEBUG 24640 --- [examen2] [    Test worker] o.h.b.model.internal.BasicValueBinder    : building BasicValue for id
2024-11-18T12:45:49.528-04:00 DEBUG 24640 --- [examen2] [    Test worker] org.hibernate.mapping.BasicValue         : Skipping column re-registration: reportes.id
2024-11-18T12:45:49.528-04:00 DEBUG 24640 --- [examen2] [    Test worker] o.h.boot.model.internal.PropertyBinder   : Building property id
2024-11-18T12:45:49.528-04:00 DEBUG 24640 --- [examen2] [    Test worker] o.h.boot.model.internal.BinderHelper     : #makeIdGenerator(BasicValue([Column(id)]), id, identity, , ...)
2024-11-18T12:45:49.528-04:00 DEBUG 24640 --- [examen2] [    Test worker] o.h.boot.model.internal.AnnotatedColumn  : Binding column: AnnotatedColumn()
2024-11-18T12:45:49.529-04:00 DEBUG 24640 --- [examen2] [    Test worker] o.h.boot.model.internal.PropertyBinder   : MetadataSourceProcessor property archivoUrl with lazy=false
2024-11-18T12:45:49.529-04:00 DEBUG 24640 --- [examen2] [    Test worker] o.h.b.m.internal.AbstractPropertyHolder  : Attempting to locate auto-apply AttributeConverter for property [com.example.examen2.reportes.model.Reporte:archivoUrl]
2024-11-18T12:45:49.529-04:00 DEBUG 24640 --- [examen2] [    Test worker] o.h.b.model.internal.BasicValueBinder    : building BasicValue for archivoUrl
2024-11-18T12:45:49.529-04:00 DEBUG 24640 --- [examen2] [    Test worker] org.hibernate.mapping.BasicValue         : Skipping column re-registration: reportes.archivo_url
2024-11-18T12:45:49.529-04:00 DEBUG 24640 --- [examen2] [    Test worker] o.h.boot.model.internal.PropertyBinder   : Building property archivoUrl
2024-11-18T12:45:49.529-04:00 DEBUG 24640 --- [examen2] [    Test worker] o.h.boot.model.internal.AnnotatedColumn  : Binding column: AnnotatedColumn()
2024-11-18T12:45:49.529-04:00 DEBUG 24640 --- [examen2] [    Test worker] o.h.boot.model.internal.PropertyBinder   : MetadataSourceProcessor property fechaGeneracion with lazy=false
2024-11-18T12:45:49.529-04:00 DEBUG 24640 --- [examen2] [    Test worker] o.h.b.m.internal.AbstractPropertyHolder  : Attempting to locate auto-apply AttributeConverter for property [com.example.examen2.reportes.model.Reporte:fechaGeneracion]
2024-11-18T12:45:49.529-04:00 DEBUG 24640 --- [examen2] [    Test worker] o.h.b.model.internal.BasicValueBinder    : building BasicValue for fechaGeneracion
2024-11-18T12:45:49.529-04:00 DEBUG 24640 --- [examen2] [    Test worker] org.hibernate.mapping.BasicValue         : Skipping column re-registration: reportes.fecha_generacion
2024-11-18T12:45:49.529-04:00 DEBUG 24640 --- [examen2] [    Test worker] o.h.boot.model.internal.PropertyBinder   : Building property fechaGeneracion
2024-11-18T12:45:49.529-04:00 DEBUG 24640 --- [examen2] [    Test worker] o.h.boot.model.internal.AnnotatedColumn  : Binding column: AnnotatedColumn()
2024-11-18T12:45:49.529-04:00 DEBUG 24640 --- [examen2] [    Test worker] o.h.boot.model.internal.PropertyBinder   : MetadataSourceProcessor property parametros with lazy=false
2024-11-18T12:45:49.529-04:00 DEBUG 24640 --- [examen2] [    Test worker] o.h.b.m.internal.AbstractPropertyHolder  : Attempting to locate auto-apply AttributeConverter for property [com.example.examen2.reportes.model.Reporte:parametros]
2024-11-18T12:45:49.529-04:00 DEBUG 24640 --- [examen2] [    Test worker] o.h.b.model.internal.BasicValueBinder    : building BasicValue for parametros
2024-11-18T12:45:49.529-04:00 DEBUG 24640 --- [examen2] [    Test worker] org.hibernate.mapping.BasicValue         : Skipping column re-registration: reportes.parametros
2024-11-18T12:45:49.529-04:00 DEBUG 24640 --- [examen2] [    Test worker] o.h.boot.model.internal.PropertyBinder   : Building property parametros
2024-11-18T12:45:49.529-04:00 DEBUG 24640 --- [examen2] [    Test worker] o.h.boot.model.internal.AnnotatedColumn  : Binding column: AnnotatedColumn()
2024-11-18T12:45:49.529-04:00 DEBUG 24640 --- [examen2] [    Test worker] o.h.boot.model.internal.PropertyBinder   : MetadataSourceProcessor property tipo with lazy=false
2024-11-18T12:45:49.529-04:00 DEBUG 24640 --- [examen2] [    Test worker] o.h.b.m.internal.AbstractPropertyHolder  : Attempting to locate auto-apply AttributeConverter for property [com.example.examen2.reportes.model.Reporte:tipo]
2024-11-18T12:45:49.529-04:00 DEBUG 24640 --- [examen2] [    Test worker] o.h.b.model.internal.BasicValueBinder    : building BasicValue for tipo
2024-11-18T12:45:49.529-04:00 DEBUG 24640 --- [examen2] [    Test worker] org.hibernate.mapping.BasicValue         : Skipping column re-registration: reportes.tipo
2024-11-18T12:45:49.529-04:00 DEBUG 24640 --- [examen2] [    Test worker] o.h.boot.model.internal.PropertyBinder   : Building property tipo
2024-11-18T12:45:49.531-04:00 DEBUG 24640 --- [examen2] [    Test worker] o.h.boot.model.internal.AnnotatedColumn  : Binding column: AnnotatedColumn()
2024-11-18T12:45:49.531-04:00 DEBUG 24640 --- [examen2] [    Test worker] o.h.boot.model.internal.PropertyBinder   : MetadataSourceProcessor property titulo with lazy=false
2024-11-18T12:45:49.531-04:00 DEBUG 24640 --- [examen2] [    Test worker] o.h.b.m.internal.AbstractPropertyHolder  : Attempting to locate auto-apply AttributeConverter for property [com.example.examen2.reportes.model.Reporte:titulo]
2024-11-18T12:45:49.531-04:00 DEBUG 24640 --- [examen2] [    Test worker] o.h.b.model.internal.BasicValueBinder    : building BasicValue for titulo
2024-11-18T12:45:49.531-04:00 DEBUG 24640 --- [examen2] [    Test worker] org.hibernate.mapping.BasicValue         : Skipping column re-registration: reportes.titulo
2024-11-18T12:45:49.531-04:00 DEBUG 24640 --- [examen2] [    Test worker] o.h.boot.model.internal.PropertyBinder   : Building property titulo
2024-11-18T12:45:49.532-04:00 DEBUG 24640 --- [examen2] [    Test worker] o.h.b.r.c.i.ClassLoaderServiceImpl       : HHH000194: Package not found or wo package-info.java: com.example.examen2.reportes.model
2024-11-18T12:45:49.532-04:00 DEBUG 24640 --- [examen2] [    Test worker] o.h.boot.model.internal.EntityBinder     : Binding entity from annotated class: com.example.examen2.usuarios.model.Rol
2024-11-18T12:45:49.532-04:00 DEBUG 24640 --- [examen2] [    Test worker] o.h.boot.model.internal.EntityBinder     : Import with entity name Rol
2024-11-18T12:45:49.532-04:00 DEBUG 24640 --- [examen2] [    Test worker] o.h.boot.model.internal.EntityBinder     : Bind entity com.example.examen2.usuarios.model.Rol on table rol
2024-11-18T12:45:49.533-04:00 DEBUG 24640 --- [examen2] [    Test worker] o.h.boot.model.internal.AnnotatedColumn  : Binding column: AnnotatedDiscriminatorColumn(column='DTYPE')
2024-11-18T12:45:49.533-04:00 DEBUG 24640 --- [examen2] [    Test worker] o.h.boot.model.internal.AnnotatedColumn  : Binding column: AnnotatedColumn()
2024-11-18T12:45:49.533-04:00 DEBUG 24640 --- [examen2] [    Test worker] o.h.boot.internal.ClassLoaderAccessImpl  : Not known whether passed class name [com.example.examen2.usuarios.model.Rol] is safe
2024-11-18T12:45:49.533-04:00 DEBUG 24640 --- [examen2] [    Test worker] o.h.boot.internal.ClassLoaderAccessImpl  : No temp ClassLoader provided; using live ClassLoader for loading potentially unsafe class : com.example.examen2.usuarios.model.Rol
2024-11-18T12:45:49.533-04:00 DEBUG 24640 --- [examen2] [    Test worker] o.h.boot.model.internal.PropertyBinder   : MetadataSourceProcessor property id with lazy=false
2024-11-18T12:45:49.533-04:00 DEBUG 24640 --- [examen2] [    Test worker] o.h.b.m.internal.AbstractPropertyHolder  : Attempting to locate auto-apply AttributeConverter for property [com.example.examen2.usuarios.model.Rol:id]
2024-11-18T12:45:49.533-04:00 DEBUG 24640 --- [examen2] [    Test worker] o.h.b.model.internal.BasicValueBinder    : building BasicValue for id
2024-11-18T12:45:49.533-04:00 DEBUG 24640 --- [examen2] [    Test worker] org.hibernate.mapping.BasicValue         : Skipping column re-registration: rol.id
2024-11-18T12:45:49.533-04:00 DEBUG 24640 --- [examen2] [    Test worker] o.h.boot.model.internal.PropertyBinder   : Building property id
2024-11-18T12:45:49.533-04:00 DEBUG 24640 --- [examen2] [    Test worker] o.h.boot.model.internal.BinderHelper     : #makeIdGenerator(BasicValue([Column(id)]), id, identity, , ...)
2024-11-18T12:45:49.533-04:00 DEBUG 24640 --- [examen2] [    Test worker] o.h.boot.model.internal.AnnotatedColumn  : Binding column: AnnotatedColumn()
2024-11-18T12:45:49.533-04:00 DEBUG 24640 --- [examen2] [    Test worker] o.h.boot.model.internal.PropertyBinder   : MetadataSourceProcessor property nombre with lazy=false
2024-11-18T12:45:49.533-04:00 DEBUG 24640 --- [examen2] [    Test worker] o.h.b.m.internal.AbstractPropertyHolder  : Attempting to locate auto-apply AttributeConverter for property [com.example.examen2.usuarios.model.Rol:nombre]
2024-11-18T12:45:49.533-04:00 DEBUG 24640 --- [examen2] [    Test worker] o.h.b.model.internal.BasicValueBinder    : building BasicValue for nombre
2024-11-18T12:45:49.533-04:00 DEBUG 24640 --- [examen2] [    Test worker] org.hibernate.mapping.BasicValue         : Skipping column re-registration: rol.nombre
2024-11-18T12:45:49.533-04:00 DEBUG 24640 --- [examen2] [    Test worker] o.h.boot.model.internal.PropertyBinder   : Building property nombre
2024-11-18T12:45:49.534-04:00 DEBUG 24640 --- [examen2] [    Test worker] o.h.b.r.c.i.ClassLoaderServiceImpl       : HHH000194: Package not found or wo package-info.java: com.example.examen2.usuarios.model
2024-11-18T12:45:49.534-04:00 DEBUG 24640 --- [examen2] [    Test worker] o.h.boot.model.internal.EntityBinder     : Binding entity from annotated class: com.example.examen2.usuarios.model.TestEntity
2024-11-18T12:45:49.535-04:00 DEBUG 24640 --- [examen2] [    Test worker] o.h.boot.model.internal.EntityBinder     : Import with entity name TestEntity
2024-11-18T12:45:49.535-04:00 DEBUG 24640 --- [examen2] [    Test worker] o.h.boot.model.internal.EntityBinder     : Bind entity com.example.examen2.usuarios.model.TestEntity on table test_entity
2024-11-18T12:45:49.535-04:00 DEBUG 24640 --- [examen2] [    Test worker] o.h.boot.model.internal.AnnotatedColumn  : Binding column: AnnotatedDiscriminatorColumn(column='DTYPE')
2024-11-18T12:45:49.535-04:00 DEBUG 24640 --- [examen2] [    Test worker] o.h.boot.model.internal.AnnotatedColumn  : Binding column: AnnotatedColumn()
2024-11-18T12:45:49.535-04:00 DEBUG 24640 --- [examen2] [    Test worker] o.h.boot.internal.ClassLoaderAccessImpl  : Not known whether passed class name [com.example.examen2.usuarios.model.TestEntity] is safe
2024-11-18T12:45:49.535-04:00 DEBUG 24640 --- [examen2] [    Test worker] o.h.boot.internal.ClassLoaderAccessImpl  : No temp ClassLoader provided; using live ClassLoader for loading potentially unsafe class : com.example.examen2.usuarios.model.TestEntity
2024-11-18T12:45:49.535-04:00 DEBUG 24640 --- [examen2] [    Test worker] o.h.boot.model.internal.PropertyBinder   : MetadataSourceProcessor property id with lazy=false
2024-11-18T12:45:49.535-04:00 DEBUG 24640 --- [examen2] [    Test worker] o.h.b.m.internal.AbstractPropertyHolder  : Attempting to locate auto-apply AttributeConverter for property [com.example.examen2.usuarios.model.TestEntity:id]
2024-11-18T12:45:49.535-04:00 DEBUG 24640 --- [examen2] [    Test worker] o.h.b.model.internal.BasicValueBinder    : building BasicValue for id
2024-11-18T12:45:49.535-04:00 DEBUG 24640 --- [examen2] [    Test worker] org.hibernate.mapping.BasicValue         : Skipping column re-registration: test_entity.id
2024-11-18T12:45:49.535-04:00 DEBUG 24640 --- [examen2] [    Test worker] o.h.boot.model.internal.PropertyBinder   : Building property id
2024-11-18T12:45:49.535-04:00 DEBUG 24640 --- [examen2] [    Test worker] o.h.boot.model.internal.BinderHelper     : #makeIdGenerator(BasicValue([Column(id)]), id, identity, , ...)
2024-11-18T12:45:49.535-04:00 DEBUG 24640 --- [examen2] [    Test worker] o.h.boot.model.internal.AnnotatedColumn  : Binding column: AnnotatedColumn()
2024-11-18T12:45:49.536-04:00 DEBUG 24640 --- [examen2] [    Test worker] o.h.boot.model.internal.PropertyBinder   : MetadataSourceProcessor property name with lazy=false
2024-11-18T12:45:49.536-04:00 DEBUG 24640 --- [examen2] [    Test worker] o.h.b.m.internal.AbstractPropertyHolder  : Attempting to locate auto-apply AttributeConverter for property [com.example.examen2.usuarios.model.TestEntity:name]
2024-11-18T12:45:49.536-04:00 DEBUG 24640 --- [examen2] [    Test worker] o.h.b.model.internal.BasicValueBinder    : building BasicValue for name
2024-11-18T12:45:49.536-04:00 DEBUG 24640 --- [examen2] [    Test worker] org.hibernate.mapping.BasicValue         : Skipping column re-registration: test_entity.name
2024-11-18T12:45:49.536-04:00 DEBUG 24640 --- [examen2] [    Test worker] o.h.boot.model.internal.PropertyBinder   : Building property name
2024-11-18T12:45:49.536-04:00 DEBUG 24640 --- [examen2] [    Test worker] o.h.b.r.c.i.ClassLoaderServiceImpl       : HHH000194: Package not found or wo package-info.java: com.example.examen2.usuarios.model
2024-11-18T12:45:49.536-04:00 DEBUG 24640 --- [examen2] [    Test worker] o.h.boot.model.internal.EntityBinder     : Binding entity from annotated class: com.example.examen2.usuarios.model.Usuario
2024-11-18T12:45:49.536-04:00 DEBUG 24640 --- [examen2] [    Test worker] o.h.boot.model.internal.EntityBinder     : Import with entity name Usuario
2024-11-18T12:45:49.536-04:00 DEBUG 24640 --- [examen2] [    Test worker] o.h.boot.model.internal.EntityBinder     : Bind entity com.example.examen2.usuarios.model.Usuario on table usuario
2024-11-18T12:45:49.536-04:00 DEBUG 24640 --- [examen2] [    Test worker] o.h.boot.model.internal.AnnotatedColumn  : Binding column: AnnotatedDiscriminatorColumn(column='dtype')
2024-11-18T12:45:49.536-04:00 DEBUG 24640 --- [examen2] [    Test worker] org.hibernate.mapping.BasicValue         : Skipping column re-registration: usuario.dtype
2024-11-18T12:45:49.542-04:00 DEBUG 24640 --- [examen2] [    Test worker] o.h.boot.model.internal.AnnotatedColumn  : Binding column: AnnotatedColumn()
2024-11-18T12:45:49.542-04:00 DEBUG 24640 --- [examen2] [    Test worker] o.h.boot.internal.ClassLoaderAccessImpl  : Not known whether passed class name [com.example.examen2.usuarios.model.Usuario] is safe
2024-11-18T12:45:49.542-04:00 DEBUG 24640 --- [examen2] [    Test worker] o.h.boot.internal.ClassLoaderAccessImpl  : No temp ClassLoader provided; using live ClassLoader for loading potentially unsafe class : com.example.examen2.usuarios.model.Usuario
2024-11-18T12:45:49.542-04:00 DEBUG 24640 --- [examen2] [    Test worker] o.h.boot.model.internal.PropertyBinder   : MetadataSourceProcessor property id with lazy=false
2024-11-18T12:45:49.542-04:00 DEBUG 24640 --- [examen2] [    Test worker] o.h.b.m.internal.AbstractPropertyHolder  : Attempting to locate auto-apply AttributeConverter for property [com.example.examen2.usuarios.model.Usuario:id]
2024-11-18T12:45:49.542-04:00 DEBUG 24640 --- [examen2] [    Test worker] o.h.b.model.internal.BasicValueBinder    : building BasicValue for id
2024-11-18T12:45:49.542-04:00 DEBUG 24640 --- [examen2] [    Test worker] org.hibernate.mapping.BasicValue         : Skipping column re-registration: usuario.id
2024-11-18T12:45:49.542-04:00 DEBUG 24640 --- [examen2] [    Test worker] o.h.boot.model.internal.PropertyBinder   : Building property id
2024-11-18T12:45:49.542-04:00 DEBUG 24640 --- [examen2] [    Test worker] o.h.boot.model.internal.BinderHelper     : #makeIdGenerator(BasicValue([Column(id)]), id, identity, , ...)
2024-11-18T12:45:49.542-04:00 DEBUG 24640 --- [examen2] [    Test worker] o.h.boot.model.internal.AnnotatedColumn  : Binding column: AnnotatedColumn()
2024-11-18T12:45:49.542-04:00 DEBUG 24640 --- [examen2] [    Test worker] o.h.boot.model.internal.PropertyBinder   : MetadataSourceProcessor property apellido with lazy=false
2024-11-18T12:45:49.542-04:00 DEBUG 24640 --- [examen2] [    Test worker] o.h.b.m.internal.AbstractPropertyHolder  : Attempting to locate auto-apply AttributeConverter for property [com.example.examen2.usuarios.model.Usuario:apellido]
2024-11-18T12:45:49.542-04:00 DEBUG 24640 --- [examen2] [    Test worker] o.h.b.model.internal.BasicValueBinder    : building BasicValue for apellido
2024-11-18T12:45:49.542-04:00 DEBUG 24640 --- [examen2] [    Test worker] org.hibernate.mapping.BasicValue         : Skipping column re-registration: usuario.apellido
2024-11-18T12:45:49.542-04:00 DEBUG 24640 --- [examen2] [    Test worker] o.h.boot.model.internal.PropertyBinder   : Building property apellido
2024-11-18T12:45:49.542-04:00 DEBUG 24640 --- [examen2] [    Test worker] o.h.boot.model.internal.AnnotatedColumn  : Binding column: AnnotatedColumn()
2024-11-18T12:45:49.542-04:00 DEBUG 24640 --- [examen2] [    Test worker] o.h.boot.model.internal.PropertyBinder   : MetadataSourceProcessor property contrasena with lazy=false
2024-11-18T12:45:49.542-04:00 DEBUG 24640 --- [examen2] [    Test worker] o.h.b.m.internal.AbstractPropertyHolder  : Attempting to locate auto-apply AttributeConverter for property [com.example.examen2.usuarios.model.Usuario:contrasena]
2024-11-18T12:45:49.542-04:00 DEBUG 24640 --- [examen2] [    Test worker] o.h.b.model.internal.BasicValueBinder    : building BasicValue for contrasena
2024-11-18T12:45:49.542-04:00 DEBUG 24640 --- [examen2] [    Test worker] org.hibernate.mapping.BasicValue         : Skipping column re-registration: usuario.contrasena
2024-11-18T12:45:49.542-04:00 DEBUG 24640 --- [examen2] [    Test worker] o.h.boot.model.internal.PropertyBinder   : Building property contrasena
2024-11-18T12:45:49.542-04:00 DEBUG 24640 --- [examen2] [    Test worker] o.h.boot.model.internal.AnnotatedColumn  : Binding column: AnnotatedColumn()
2024-11-18T12:45:49.542-04:00 DEBUG 24640 --- [examen2] [    Test worker] o.h.boot.model.internal.PropertyBinder   : MetadataSourceProcessor property email with lazy=false
2024-11-18T12:45:49.542-04:00 DEBUG 24640 --- [examen2] [    Test worker] o.h.b.m.internal.AbstractPropertyHolder  : Attempting to locate auto-apply AttributeConverter for property [com.example.examen2.usuarios.model.Usuario:email]
2024-11-18T12:45:49.543-04:00 DEBUG 24640 --- [examen2] [    Test worker] o.h.b.model.internal.BasicValueBinder    : building BasicValue for email
2024-11-18T12:45:49.543-04:00 DEBUG 24640 --- [examen2] [    Test worker] org.hibernate.mapping.BasicValue         : Skipping column re-registration: usuario.email
2024-11-18T12:45:49.543-04:00 DEBUG 24640 --- [examen2] [    Test worker] o.h.boot.model.internal.PropertyBinder   : Building property email
2024-11-18T12:45:49.543-04:00 DEBUG 24640 --- [examen2] [    Test worker] o.h.boot.model.internal.AnnotatedColumn  : Binding column: AnnotatedColumn()
2024-11-18T12:45:49.543-04:00 DEBUG 24640 --- [examen2] [    Test worker] o.h.boot.model.internal.PropertyBinder   : MetadataSourceProcessor property fcmToken with lazy=false
2024-11-18T12:45:49.543-04:00 DEBUG 24640 --- [examen2] [    Test worker] o.h.b.m.internal.AbstractPropertyHolder  : Attempting to locate auto-apply AttributeConverter for property [com.example.examen2.usuarios.model.Usuario:fcmToken]
2024-11-18T12:45:49.543-04:00 DEBUG 24640 --- [examen2] [    Test worker] o.h.b.model.internal.BasicValueBinder    : building BasicValue for fcmToken
2024-11-18T12:45:49.543-04:00 DEBUG 24640 --- [examen2] [    Test worker] org.hibernate.mapping.BasicValue         : Skipping column re-registration: usuario.fcm_token
2024-11-18T12:45:49.543-04:00 DEBUG 24640 --- [examen2] [    Test worker] o.h.boot.model.internal.PropertyBinder   : Building property fcmToken
2024-11-18T12:45:49.543-04:00 DEBUG 24640 --- [examen2] [    Test worker] o.h.boot.model.internal.AnnotatedColumn  : Binding column: AnnotatedColumn()
2024-11-18T12:45:49.543-04:00 DEBUG 24640 --- [examen2] [    Test worker] o.h.boot.model.internal.PropertyBinder   : MetadataSourceProcessor property nombre with lazy=false
2024-11-18T12:45:49.543-04:00 DEBUG 24640 --- [examen2] [    Test worker] o.h.b.m.internal.AbstractPropertyHolder  : Attempting to locate auto-apply AttributeConverter for property [com.example.examen2.usuarios.model.Usuario:nombre]
2024-11-18T12:45:49.543-04:00 DEBUG 24640 --- [examen2] [    Test worker] o.h.b.model.internal.BasicValueBinder    : building BasicValue for nombre
2024-11-18T12:45:49.543-04:00 DEBUG 24640 --- [examen2] [    Test worker] org.hibernate.mapping.BasicValue         : Skipping column re-registration: usuario.nombre
2024-11-18T12:45:49.543-04:00 DEBUG 24640 --- [examen2] [    Test worker] o.h.boot.model.internal.PropertyBinder   : Building property nombre
2024-11-18T12:45:49.543-04:00 DEBUG 24640 --- [examen2] [    Test worker] o.h.boot.model.internal.AnnotatedColumn  : Binding column: AnnotatedJoinColumn(column='rol_id')
2024-11-18T12:45:49.543-04:00 DEBUG 24640 --- [examen2] [    Test worker] o.h.boot.model.internal.AnnotatedColumn  : Binding column: AnnotatedColumn()
2024-11-18T12:45:49.543-04:00 DEBUG 24640 --- [examen2] [    Test worker] o.h.boot.model.internal.PropertyBinder   : Building property rol
2024-11-18T12:45:49.543-04:00 DEBUG 24640 --- [examen2] [    Test worker] o.h.b.r.c.i.ClassLoaderServiceImpl       : HHH000194: Package not found or wo package-info.java: com.example.examen2.usuarios.model
2024-11-18T12:45:49.544-04:00 DEBUG 24640 --- [examen2] [    Test worker] o.h.b.model.internal.BasicValueBinder    : Starting `BasicValueBinder#fillSimpleValue` for id
2024-11-18T12:45:49.545-04:00 DEBUG 24640 --- [examen2] [    Test worker] o.h.b.model.internal.BasicValueBinder    : Starting `BasicValueBinder#fillSimpleValue` for archivoUrl
2024-11-18T12:45:49.545-04:00 DEBUG 24640 --- [examen2] [    Test worker] o.h.b.model.internal.BasicValueBinder    : Starting `BasicValueBinder#fillSimpleValue` for fechaRealizacion
2024-11-18T12:45:49.545-04:00 DEBUG 24640 --- [examen2] [    Test worker] o.h.b.model.internal.BasicValueBinder    : Starting `BasicValueBinder#fillSimpleValue` for resultado
2024-11-18T12:45:49.545-04:00 DEBUG 24640 --- [examen2] [    Test worker] o.h.b.model.internal.BasicValueBinder    : Starting `BasicValueBinder#fillSimpleValue` for tipoAnalisis
2024-11-18T12:45:49.545-04:00 DEBUG 24640 --- [examen2] [    Test worker] o.h.b.model.internal.BasicValueBinder    : Starting `BasicValueBinder#fillSimpleValue` for id
2024-11-18T12:45:49.545-04:00 DEBUG 24640 --- [examen2] [    Test worker] o.h.b.model.internal.BasicValueBinder    : Starting `BasicValueBinder#fillSimpleValue` for consultaCreada
2024-11-18T12:45:49.545-04:00 DEBUG 24640 --- [examen2] [    Test worker] o.h.b.model.internal.BasicValueBinder    : Starting `BasicValueBinder#fillSimpleValue` for estado
2024-11-18T12:45:49.545-04:00 DEBUG 24640 --- [examen2] [    Test worker] o.h.b.model.internal.BasicValueBinder    : Starting `BasicValueBinder#fillSimpleValue` for fecha
2024-11-18T12:45:49.545-04:00 DEBUG 24640 --- [examen2] [    Test worker] o.h.b.model.internal.BasicValueBinder    : Starting `BasicValueBinder#fillSimpleValue` for hora
2024-11-18T12:45:49.545-04:00 DEBUG 24640 --- [examen2] [    Test worker] o.h.b.model.internal.BasicValueBinder    : Starting `BasicValueBinder#fillSimpleValue` for observaciones
2024-11-18T12:45:49.545-04:00 DEBUG 24640 --- [examen2] [    Test worker] o.h.b.model.internal.BasicValueBinder    : Starting `BasicValueBinder#fillSimpleValue` for id
2024-11-18T12:45:49.545-04:00 DEBUG 24640 --- [examen2] [    Test worker] o.h.b.model.internal.BasicValueBinder    : Starting `BasicValueBinder#fillSimpleValue` for derivoProcedimiento
2024-11-18T12:45:49.545-04:00 DEBUG 24640 --- [examen2] [    Test worker] o.h.b.model.internal.BasicValueBinder    : Starting `BasicValueBinder#fillSimpleValue` for diagnostico
2024-11-18T12:45:49.545-04:00 DEBUG 24640 --- [examen2] [    Test worker] o.h.b.model.internal.BasicValueBinder    : Starting `BasicValueBinder#fillSimpleValue` for fecha
2024-11-18T12:45:49.545-04:00 DEBUG 24640 --- [examen2] [    Test worker] o.h.b.model.internal.BasicValueBinder    : Starting `BasicValueBinder#fillSimpleValue` for notas
2024-11-18T12:45:49.545-04:00 DEBUG 24640 --- [examen2] [    Test worker] o.h.b.model.internal.BasicValueBinder    : Starting `BasicValueBinder#fillSimpleValue` for tratamiento
2024-11-18T12:45:49.545-04:00 DEBUG 24640 --- [examen2] [    Test worker] o.h.b.model.internal.BasicValueBinder    : Starting `BasicValueBinder#fillSimpleValue` for id
2024-11-18T12:45:49.545-04:00 DEBUG 24640 --- [examen2] [    Test worker] o.h.b.model.internal.BasicValueBinder    : Starting `BasicValueBinder#fillSimpleValue` for descripcion
2024-11-18T12:45:49.545-04:00 DEBUG 24640 --- [examen2] [    Test worker] o.h.b.model.internal.BasicValueBinder    : Starting `BasicValueBinder#fillSimpleValue` for nombre
2024-11-18T12:45:49.545-04:00 DEBUG 24640 --- [examen2] [    Test worker] o.h.b.model.internal.BasicValueBinder    : Starting `BasicValueBinder#fillSimpleValue` for id
2024-11-18T12:45:49.546-04:00 DEBUG 24640 --- [examen2] [    Test worker] o.h.b.model.internal.BasicValueBinder    : Starting `BasicValueBinder#fillSimpleValue` for archivoUrl
2024-11-18T12:45:49.546-04:00 DEBUG 24640 --- [examen2] [    Test worker] o.h.b.model.internal.BasicValueBinder    : Starting `BasicValueBinder#fillSimpleValue` for fechaCreacion
2024-11-18T12:45:49.546-04:00 DEBUG 24640 --- [examen2] [    Test worker] o.h.b.model.internal.BasicValueBinder    : Starting `BasicValueBinder#fillSimpleValue` for fechaUltimaActualizacion
2024-11-18T12:45:49.546-04:00 DEBUG 24640 --- [examen2] [    Test worker] o.h.b.model.internal.BasicValueBinder    : Starting `BasicValueBinder#fillSimpleValue` for notas
2024-11-18T12:45:49.546-04:00 DEBUG 24640 --- [examen2] [    Test worker] o.h.b.model.internal.BasicValueBinder    : Starting `BasicValueBinder#fillSimpleValue` for id
2024-11-18T12:45:49.546-04:00 DEBUG 24640 --- [examen2] [    Test worker] o.h.b.model.internal.BasicValueBinder    : Starting `BasicValueBinder#fillSimpleValue` for dia
2024-11-18T12:45:49.546-04:00 DEBUG 24640 --- [examen2] [    Test worker] o.h.b.model.internal.BasicValueBinder    : Starting `BasicValueBinder#fillSimpleValue` for horaFin
2024-11-18T12:45:49.546-04:00 DEBUG 24640 --- [examen2] [    Test worker] o.h.b.model.internal.BasicValueBinder    : Starting `BasicValueBinder#fillSimpleValue` for horaInicio
2024-11-18T12:45:49.546-04:00 DEBUG 24640 --- [examen2] [    Test worker] o.h.b.model.internal.BasicValueBinder    : Starting `BasicValueBinder#fillSimpleValue` for id
2024-11-18T12:45:49.546-04:00 DEBUG 24640 --- [examen2] [    Test worker] o.h.b.model.internal.BasicValueBinder    : Starting `BasicValueBinder#fillSimpleValue` for ci
2024-11-18T12:45:49.546-04:00 DEBUG 24640 --- [examen2] [    Test worker] o.h.b.model.internal.BasicValueBinder    : Starting `BasicValueBinder#fillSimpleValue` for disponibilidad
2024-11-18T12:45:49.546-04:00 DEBUG 24640 --- [examen2] [    Test worker] o.h.b.model.internal.BasicValueBinder    : Starting `BasicValueBinder#fillSimpleValue` for numeroLicencia
2024-11-18T12:45:49.546-04:00 DEBUG 24640 --- [examen2] [    Test worker] o.h.b.model.internal.BasicValueBinder    : Starting `BasicValueBinder#fillSimpleValue` for telefonoConsultorio
2024-11-18T12:45:49.546-04:00 DEBUG 24640 --- [examen2] [    Test worker] o.h.b.model.internal.BasicValueBinder    : Starting `BasicValueBinder#fillSimpleValue` for id
2024-11-18T12:45:49.546-04:00 DEBUG 24640 --- [examen2] [    Test worker] o.h.b.model.internal.BasicValueBinder    : Starting `BasicValueBinder#fillSimpleValue` for carnet
2024-11-18T12:45:49.546-04:00 DEBUG 24640 --- [examen2] [    Test worker] o.h.b.model.internal.BasicValueBinder    : Starting `BasicValueBinder#fillSimpleValue` for edad
2024-11-18T12:45:49.546-04:00 DEBUG 24640 --- [examen2] [    Test worker] o.h.b.model.internal.BasicValueBinder    : Starting `BasicValueBinder#fillSimpleValue` for fechaFinSeguro
2024-11-18T12:45:49.546-04:00 DEBUG 24640 --- [examen2] [    Test worker] o.h.b.model.internal.BasicValueBinder    : Starting `BasicValueBinder#fillSimpleValue` for fechaInicioSeguro
2024-11-18T12:45:49.546-04:00 DEBUG 24640 --- [examen2] [    Test worker] o.h.b.model.internal.BasicValueBinder    : Starting `BasicValueBinder#fillSimpleValue` for fechaNacimiento
2024-11-18T12:45:49.546-04:00 DEBUG 24640 --- [examen2] [    Test worker] o.h.b.model.internal.BasicValueBinder    : Starting `BasicValueBinder#fillSimpleValue` for sexo
2024-11-18T12:45:49.546-04:00 DEBUG 24640 --- [examen2] [    Test worker] o.h.b.model.internal.BasicValueBinder    : Starting `BasicValueBinder#fillSimpleValue` for id
2024-11-18T12:45:49.546-04:00 DEBUG 24640 --- [examen2] [    Test worker] o.h.b.model.internal.BasicValueBinder    : Starting `BasicValueBinder#fillSimpleValue` for archivoUrl
2024-11-18T12:45:49.546-04:00 DEBUG 24640 --- [examen2] [    Test worker] o.h.b.model.internal.BasicValueBinder    : Starting `BasicValueBinder#fillSimpleValue` for descripcion
2024-11-18T12:45:49.546-04:00 DEBUG 24640 --- [examen2] [    Test worker] o.h.b.model.internal.BasicValueBinder    : Starting `BasicValueBinder#fillSimpleValue` for fecha
2024-11-18T12:45:49.546-04:00 DEBUG 24640 --- [examen2] [    Test worker] o.h.b.model.internal.BasicValueBinder    : Starting `BasicValueBinder#fillSimpleValue` for observaciones
2024-11-18T12:45:49.546-04:00 DEBUG 24640 --- [examen2] [    Test worker] o.h.b.model.internal.BasicValueBinder    : Starting `BasicValueBinder#fillSimpleValue` for id
2024-11-18T12:45:49.547-04:00 DEBUG 24640 --- [examen2] [    Test worker] o.h.b.model.internal.BasicValueBinder    : Starting `BasicValueBinder#fillSimpleValue` for archivoUrl
2024-11-18T12:45:49.547-04:00 DEBUG 24640 --- [examen2] [    Test worker] o.h.b.model.internal.BasicValueBinder    : Starting `BasicValueBinder#fillSimpleValue` for fechaGeneracion
2024-11-18T12:45:49.547-04:00 DEBUG 24640 --- [examen2] [    Test worker] o.h.b.model.internal.BasicValueBinder    : Starting `BasicValueBinder#fillSimpleValue` for parametros
2024-11-18T12:45:49.547-04:00 DEBUG 24640 --- [examen2] [    Test worker] o.h.b.model.internal.BasicValueBinder    : Starting `BasicValueBinder#fillSimpleValue` for tipo
2024-11-18T12:45:49.547-04:00 DEBUG 24640 --- [examen2] [    Test worker] o.h.b.model.internal.BasicValueBinder    : Starting `BasicValueBinder#fillSimpleValue` for titulo
2024-11-18T12:45:49.547-04:00 DEBUG 24640 --- [examen2] [    Test worker] o.h.b.model.internal.BasicValueBinder    : Starting `BasicValueBinder#fillSimpleValue` for id
2024-11-18T12:45:49.547-04:00 DEBUG 24640 --- [examen2] [    Test worker] o.h.b.model.internal.BasicValueBinder    : Starting `BasicValueBinder#fillSimpleValue` for nombre
2024-11-18T12:45:49.547-04:00 DEBUG 24640 --- [examen2] [    Test worker] o.h.b.model.internal.BasicValueBinder    : Starting `BasicValueBinder#fillSimpleValue` for id
2024-11-18T12:45:49.547-04:00 DEBUG 24640 --- [examen2] [    Test worker] o.h.b.model.internal.BasicValueBinder    : Starting `BasicValueBinder#fillSimpleValue` for name
2024-11-18T12:45:49.547-04:00 DEBUG 24640 --- [examen2] [    Test worker] o.h.b.model.internal.BasicValueBinder    : Starting `BasicValueBinder#fillSimpleValue` for id
2024-11-18T12:45:49.547-04:00 DEBUG 24640 --- [examen2] [    Test worker] o.h.b.model.internal.BasicValueBinder    : Starting `BasicValueBinder#fillSimpleValue` for apellido
2024-11-18T12:45:49.547-04:00 DEBUG 24640 --- [examen2] [    Test worker] o.h.b.model.internal.BasicValueBinder    : Starting `BasicValueBinder#fillSimpleValue` for contrasena
2024-11-18T12:45:49.547-04:00 DEBUG 24640 --- [examen2] [    Test worker] o.h.b.model.internal.BasicValueBinder    : Starting `BasicValueBinder#fillSimpleValue` for email
2024-11-18T12:45:49.547-04:00 DEBUG 24640 --- [examen2] [    Test worker] o.h.b.model.internal.BasicValueBinder    : Starting `BasicValueBinder#fillSimpleValue` for fcmToken
2024-11-18T12:45:49.547-04:00 DEBUG 24640 --- [examen2] [    Test worker] o.h.b.model.internal.BasicValueBinder    : Starting `BasicValueBinder#fillSimpleValue` for nombre
2024-11-18T12:45:49.551-04:00 DEBUG 24640 --- [examen2] [onnection adder] com.zaxxer.hikari.pool.HikariPool        : HikariPool-1 - Added connection org.postgresql.jdbc.PgConnection@20092172
2024-11-18T12:45:49.551-04:00 DEBUG 24640 --- [examen2] [    Test worker] org.hibernate.mapping.PrimaryKey         : Forcing column [id] to be non-null as it is part of the primary key for table [analisis]
2024-11-18T12:45:49.551-04:00 DEBUG 24640 --- [examen2] [    Test worker] org.hibernate.mapping.PrimaryKey         : Forcing column [id] to be non-null as it is part of the primary key for table [cita]
2024-11-18T12:45:49.551-04:00 DEBUG 24640 --- [examen2] [    Test worker] org.hibernate.mapping.PrimaryKey         : Forcing column [id] to be non-null as it is part of the primary key for table [consultas]
2024-11-18T12:45:49.551-04:00 DEBUG 24640 --- [examen2] [    Test worker] org.hibernate.mapping.PrimaryKey         : Forcing column [id] to be non-null as it is part of the primary key for table [especialidad]
2024-11-18T12:45:49.551-04:00 DEBUG 24640 --- [examen2] [    Test worker] org.hibernate.mapping.PrimaryKey         : Forcing column [id] to be non-null as it is part of the primary key for table [historiales_clinicos]
2024-11-18T12:45:49.551-04:00 DEBUG 24640 --- [examen2] [    Test worker] org.hibernate.mapping.PrimaryKey         : Forcing column [id] to be non-null as it is part of the primary key for table [horario]
2024-11-18T12:45:49.551-04:00 DEBUG 24640 --- [examen2] [    Test worker] org.hibernate.mapping.PrimaryKey         : Forcing column [id] to be non-null as it is part of the primary key for table [medico]
2024-11-18T12:45:49.551-04:00 DEBUG 24640 --- [examen2] [    Test worker] org.hibernate.mapping.PrimaryKey         : Forcing column [id] to be non-null as it is part of the primary key for table [paciente]
2024-11-18T12:45:49.551-04:00 DEBUG 24640 --- [examen2] [    Test worker] org.hibernate.mapping.PrimaryKey         : Forcing column [id] to be non-null as it is part of the primary key for table [procedimientos]
2024-11-18T12:45:49.551-04:00 DEBUG 24640 --- [examen2] [    Test worker] org.hibernate.mapping.PrimaryKey         : Forcing column [id] to be non-null as it is part of the primary key for table [reportes]
2024-11-18T12:45:49.551-04:00 DEBUG 24640 --- [examen2] [    Test worker] org.hibernate.mapping.PrimaryKey         : Forcing column [id] to be non-null as it is part of the primary key for table [rol]
2024-11-18T12:45:49.551-04:00 DEBUG 24640 --- [examen2] [    Test worker] org.hibernate.mapping.PrimaryKey         : Forcing column [id] to be non-null as it is part of the primary key for table [test_entity]
2024-11-18T12:45:49.551-04:00 DEBUG 24640 --- [examen2] [    Test worker] org.hibernate.mapping.PrimaryKey         : Forcing column [id] to be non-null as it is part of the primary key for table [usuario]
2024-11-18T12:45:49.552-04:00 DEBUG 24640 --- [examen2] [    Test worker] o.h.b.m.internal.CollectionSecondPass    : Second pass for collection: com.example.examen2.medicos.model.Medico.especialidades
2024-11-18T12:45:49.552-04:00 DEBUG 24640 --- [examen2] [    Test worker] o.h.b.model.internal.CollectionBinder    : Binding a ManyToMany: com.example.examen2.medicos.model.Medico.especialidades
2024-11-18T12:45:49.553-04:00 DEBUG 24640 --- [examen2] [    Test worker] o.h.b.r.c.i.ClassLoaderServiceImpl       : HHH000194: Package not found or wo package-info.java: com.example.examen2.medicos.model
2024-11-18T12:45:49.555-04:00 DEBUG 24640 --- [examen2] [    Test worker] org.hibernate.mapping.PrimaryKey         : Forcing column [medico_id] to be non-null as it is part of the primary key for table [medico_especialidad]
2024-11-18T12:45:49.555-04:00 DEBUG 24640 --- [examen2] [    Test worker] org.hibernate.mapping.PrimaryKey         : Forcing column [especialidad_id] to be non-null as it is part of the primary key for table [medico_especialidad]
2024-11-18T12:45:49.555-04:00 DEBUG 24640 --- [examen2] [    Test worker] o.h.b.m.internal.CollectionSecondPass    : Mapped collection key: medico_id, element: especialidad_id
2024-11-18T12:45:49.555-04:00 DEBUG 24640 --- [examen2] [    Test worker] o.h.b.m.internal.CollectionSecondPass    : Second pass for collection: com.example.examen2.consultas.model.Consulta.sintomas
2024-11-18T12:45:49.555-04:00 DEBUG 24640 --- [examen2] [    Test worker] o.h.b.model.internal.CollectionBinder    : Binding a collection of element: com.example.examen2.consultas.model.Consulta.sintomas
2024-11-18T12:45:49.555-04:00 DEBUG 24640 --- [examen2] [    Test worker] o.h.b.r.c.i.ClassLoaderServiceImpl       : HHH000194: Package not found or wo package-info.java: com.example.examen2.consultas.model
2024-11-18T12:45:49.557-04:00 DEBUG 24640 --- [examen2] [    Test worker] o.h.b.m.i.CollectionPropertyHolder       : Attempting to locate auto-apply AttributeConverter for collection element [com.example.examen2.consultas.model.Consulta.sintomas]
2024-11-18T12:45:49.557-04:00 DEBUG 24640 --- [examen2] [    Test worker] o.h.b.model.internal.BasicValueBinder    : building BasicValue for null
2024-11-18T12:45:49.557-04:00 DEBUG 24640 --- [examen2] [    Test worker] org.hibernate.mapping.BasicValue         : Skipping column re-registration: consulta_sintomas.sintoma
2024-11-18T12:45:49.557-04:00 DEBUG 24640 --- [examen2] [    Test worker] o.h.b.model.internal.BasicValueBinder    : Starting `BasicValueBinder#fillSimpleValue` for null
2024-11-18T12:45:49.557-04:00 DEBUG 24640 --- [examen2] [    Test worker] o.h.b.m.internal.CollectionSecondPass    : Mapped collection key: consulta_id, element: sintoma
2024-11-18T12:45:49.559-04:00 DEBUG 24640 --- [examen2] [    Test worker] o.h.b.m.internal.CollectionSecondPass    : Second pass for collection: com.example.examen2.especialidades.model.Especialidad.medicos
2024-11-18T12:45:49.559-04:00 DEBUG 24640 --- [examen2] [    Test worker] o.h.b.model.internal.CollectionBinder    : Binding a ManyToMany: com.example.examen2.especialidades.model.Especialidad.medicos
2024-11-18T12:45:49.559-04:00 DEBUG 24640 --- [examen2] [    Test worker] o.h.b.r.c.i.ClassLoaderServiceImpl       : HHH000194: Package not found or wo package-info.java: com.example.examen2.especialidades.model
2024-11-18T12:45:49.559-04:00 DEBUG 24640 --- [examen2] [    Test worker] o.h.boot.model.internal.TableBinder      : Retrieving property com.example.examen2.medicos.model.Medico.especialidades
2024-11-18T12:45:49.559-04:00 DEBUG 24640 --- [examen2] [    Test worker] o.h.b.m.internal.CollectionSecondPass    : Mapped collection key: especialidad_id, element: medico_id
2024-11-18T12:45:49.560-04:00 DEBUG 24640 --- [examen2] [    Test worker] o.h.b.m.internal.CollectionSecondPass    : Second pass for collection: com.example.examen2.medicos.model.Medico.horarios
2024-11-18T12:45:49.560-04:00 DEBUG 24640 --- [examen2] [    Test worker] o.h.b.model.internal.CollectionBinder    : Binding a OneToMany: com.example.examen2.medicos.model.Medico.horarios through a foreign key
2024-11-18T12:45:49.560-04:00 DEBUG 24640 --- [examen2] [    Test worker] o.h.b.model.internal.CollectionBinder    : Mapping collection: com.example.examen2.medicos.model.Medico.horarios -> horario
2024-11-18T12:45:49.560-04:00 DEBUG 24640 --- [examen2] [    Test worker] o.h.boot.model.internal.TableBinder      : Retrieving property com.example.examen2.horarios.model.Horario.medico
2024-11-18T12:45:49.560-04:00 DEBUG 24640 --- [examen2] [    Test worker] o.h.b.m.internal.CollectionSecondPass    : Mapped collection key: medico_id, one-to-many: com.example.examen2.horarios.model.Horario
2024-11-18T12:45:49.560-04:00 DEBUG 24640 --- [examen2] [    Test worker] o.h.b.i.InFlightMetadataCollectorImpl    : Resolving reference to class: com.example.examen2.medicos.model.Medico
2024-11-18T12:45:49.562-04:00 DEBUG 24640 --- [examen2] [    Test worker] o.h.b.i.InFlightMetadataCollectorImpl    : Resolving reference to class: com.example.examen2.paciente.model.Paciente
2024-11-18T12:45:49.562-04:00 DEBUG 24640 --- [examen2] [    Test worker] o.h.b.i.InFlightMetadataCollectorImpl    : Resolving reference to class: com.example.examen2.especialidades.model.Especialidad
2024-11-18T12:45:49.562-04:00 DEBUG 24640 --- [examen2] [    Test worker] o.h.b.i.InFlightMetadataCollectorImpl    : Resolving reference to class: com.example.examen2.horarios.model.Horario
2024-11-18T12:45:49.562-04:00 DEBUG 24640 --- [examen2] [    Test worker] o.h.b.i.InFlightMetadataCollectorImpl    : Resolving reference to class: com.example.examen2.medicos.model.Medico
2024-11-18T12:45:49.562-04:00 DEBUG 24640 --- [examen2] [    Test worker] o.h.b.i.InFlightMetadataCollectorImpl    : Resolving reference to class: com.example.examen2.paciente.model.Paciente
2024-11-18T12:45:49.563-04:00 DEBUG 24640 --- [examen2] [    Test worker] o.h.b.i.InFlightMetadataCollectorImpl    : Resolving reference to class: com.example.examen2.consultas.model.Consulta
2024-11-18T12:45:49.563-04:00 DEBUG 24640 --- [examen2] [    Test worker] o.h.b.i.InFlightMetadataCollectorImpl    : Resolving reference to class: com.example.examen2.citas.model.Cita
2024-11-18T12:45:49.563-04:00 DEBUG 24640 --- [examen2] [    Test worker] o.h.b.i.InFlightMetadataCollectorImpl    : Resolving reference to class: com.example.examen2.medicos.model.Medico
2024-11-18T12:45:49.563-04:00 DEBUG 24640 --- [examen2] [    Test worker] o.h.b.i.InFlightMetadataCollectorImpl    : Resolving reference to class: com.example.examen2.paciente.model.Paciente
2024-11-18T12:45:49.563-04:00 DEBUG 24640 --- [examen2] [    Test worker] o.h.b.i.InFlightMetadataCollectorImpl    : Resolving reference to class: com.example.examen2.paciente.model.Paciente
2024-11-18T12:45:49.563-04:00 DEBUG 24640 --- [examen2] [    Test worker] o.h.b.i.InFlightMetadataCollectorImpl    : Resolving reference to class: com.example.examen2.medicos.model.Medico
2024-11-18T12:45:49.563-04:00 DEBUG 24640 --- [examen2] [    Test worker] o.h.b.i.InFlightMetadataCollectorImpl    : Resolving reference to class: com.example.examen2.usuarios.model.Usuario
2024-11-18T12:45:49.563-04:00 DEBUG 24640 --- [examen2] [    Test worker] o.h.b.i.InFlightMetadataCollectorImpl    : Resolving reference to class: com.example.examen2.especialidades.model.Especialidad
2024-11-18T12:45:49.563-04:00 DEBUG 24640 --- [examen2] [    Test worker] o.h.b.i.InFlightMetadataCollectorImpl    : Resolving reference to class: com.example.examen2.medicos.model.Medico
2024-11-18T12:45:49.563-04:00 DEBUG 24640 --- [examen2] [    Test worker] o.h.b.i.InFlightMetadataCollectorImpl    : Resolving reference to class: com.example.examen2.usuarios.model.Usuario
2024-11-18T12:45:49.563-04:00 DEBUG 24640 --- [examen2] [    Test worker] o.h.b.i.InFlightMetadataCollectorImpl    : Resolving reference to class: com.example.examen2.consultas.model.Consulta
2024-11-18T12:45:49.563-04:00 DEBUG 24640 --- [examen2] [    Test worker] o.h.b.i.InFlightMetadataCollectorImpl    : Resolving reference to class: com.example.examen2.medicos.model.Medico
2024-11-18T12:45:49.564-04:00 DEBUG 24640 --- [examen2] [    Test worker] o.h.b.i.InFlightMetadataCollectorImpl    : Resolving reference to class: com.example.examen2.paciente.model.Paciente
2024-11-18T12:45:49.564-04:00 DEBUG 24640 --- [examen2] [    Test worker] o.h.b.i.InFlightMetadataCollectorImpl    : Resolving reference to class: com.example.examen2.usuarios.model.Rol
2024-11-18T12:45:49.572-04:00 DEBUG 24640 --- [examen2] [onnection adder] org.postgresql.Driver                    : Connecting with URL: jdbc:postgresql://localhost:5432/clinica
2024-11-18T12:45:49.572-04:00 DEBUG 24640 --- [examen2] [onnection adder] org.postgresql.jdbc.PgConnection         : PostgreSQL JDBC Driver 42.6.2
2024-11-18T12:45:49.572-04:00 DEBUG 24640 --- [examen2] [onnection adder] org.postgresql.jdbc.PgConnection         :   setDefaultFetchSize = 0
2024-11-18T12:45:49.572-04:00 DEBUG 24640 --- [examen2] [onnection adder] org.postgresql.jdbc.PgConnection         :   setPrepareThreshold = 5
2024-11-18T12:45:49.572-04:00 DEBUG 24640 --- [examen2] [onnection adder] o.p.core.v3.ConnectionFactoryImpl        : Trying to establish a protocol version 3 connection to localhost:5432
2024-11-18T12:45:49.572-04:00 DEBUG 24640 --- [examen2] [    Test worker] o.h.b.i.InFlightMetadataCollectorImpl    : Resolving reference to class: com.example.examen2.medicos.model.Medico
2024-11-18T12:45:49.572-04:00 DEBUG 24640 --- [examen2] [    Test worker] o.h.b.i.InFlightMetadataCollectorImpl    : Resolving reference to class: com.example.examen2.paciente.model.Paciente
2024-11-18T12:45:49.572-04:00 DEBUG 24640 --- [examen2] [    Test worker] o.h.b.i.InFlightMetadataCollectorImpl    : Resolving reference to class: com.example.examen2.especialidades.model.Especialidad
2024-11-18T12:45:49.572-04:00 DEBUG 24640 --- [examen2] [    Test worker] o.h.b.i.InFlightMetadataCollectorImpl    : Resolving reference to class: com.example.examen2.horarios.model.Horario
2024-11-18T12:45:49.572-04:00 DEBUG 24640 --- [examen2] [    Test worker] o.h.b.i.InFlightMetadataCollectorImpl    : Resolving reference to class: com.example.examen2.medicos.model.Medico
2024-11-18T12:45:49.572-04:00 DEBUG 24640 --- [examen2] [    Test worker] o.h.b.i.InFlightMetadataCollectorImpl    : Resolving reference to class: com.example.examen2.paciente.model.Paciente
2024-11-18T12:45:49.572-04:00 DEBUG 24640 --- [examen2] [    Test worker] o.h.b.i.InFlightMetadataCollectorImpl    : Resolving reference to class: com.example.examen2.consultas.model.Consulta
2024-11-18T12:45:49.572-04:00 DEBUG 24640 --- [examen2] [    Test worker] o.h.b.i.InFlightMetadataCollectorImpl    : Resolving reference to class: com.example.examen2.citas.model.Cita
2024-11-18T12:45:49.573-04:00 DEBUG 24640 --- [examen2] [    Test worker] o.h.b.i.InFlightMetadataCollectorImpl    : Resolving reference to class: com.example.examen2.medicos.model.Medico
2024-11-18T12:45:49.573-04:00 DEBUG 24640 --- [examen2] [    Test worker] o.h.b.i.InFlightMetadataCollectorImpl    : Resolving reference to class: com.example.examen2.paciente.model.Paciente
2024-11-18T12:45:49.573-04:00 DEBUG 24640 --- [examen2] [    Test worker] o.h.b.i.InFlightMetadataCollectorImpl    : Resolving reference to class: com.example.examen2.paciente.model.Paciente
2024-11-18T12:45:49.573-04:00 DEBUG 24640 --- [examen2] [    Test worker] o.h.b.i.InFlightMetadataCollectorImpl    : Resolving reference to class: com.example.examen2.medicos.model.Medico
2024-11-18T12:45:49.573-04:00 DEBUG 24640 --- [examen2] [    Test worker] o.h.b.i.InFlightMetadataCollectorImpl    : Resolving reference to class: com.example.examen2.usuarios.model.Usuario
2024-11-18T12:45:49.573-04:00 DEBUG 24640 --- [examen2] [    Test worker] o.h.b.i.InFlightMetadataCollectorImpl    : Resolving reference to class: com.example.examen2.especialidades.model.Especialidad
2024-11-18T12:45:49.573-04:00 DEBUG 24640 --- [examen2] [    Test worker] o.h.b.i.InFlightMetadataCollectorImpl    : Resolving reference to class: com.example.examen2.medicos.model.Medico
2024-11-18T12:45:49.573-04:00 DEBUG 24640 --- [examen2] [onnection adder] o.p.core.v3.ConnectionFactoryImpl        : Receive Buffer Size is 65.536
2024-11-18T12:45:49.573-04:00 DEBUG 24640 --- [examen2] [    Test worker] o.h.b.i.InFlightMetadataCollectorImpl    : Resolving reference to class: com.example.examen2.usuarios.model.Usuario
2024-11-18T12:45:49.573-04:00 DEBUG 24640 --- [examen2] [    Test worker] o.h.b.i.InFlightMetadataCollectorImpl    : Resolving reference to class: com.example.examen2.consultas.model.Consulta
2024-11-18T12:45:49.573-04:00 DEBUG 24640 --- [examen2] [    Test worker] o.h.b.i.InFlightMetadataCollectorImpl    : Resolving reference to class: com.example.examen2.medicos.model.Medico
2024-11-18T12:45:49.573-04:00 DEBUG 24640 --- [examen2] [    Test worker] o.h.b.i.InFlightMetadataCollectorImpl    : Resolving reference to class: com.example.examen2.paciente.model.Paciente
2024-11-18T12:45:49.573-04:00 DEBUG 24640 --- [examen2] [onnection adder] o.p.core.v3.ConnectionFactoryImpl        : Send Buffer Size is 65.536
2024-11-18T12:45:49.573-04:00 DEBUG 24640 --- [examen2] [    Test worker] o.h.b.i.InFlightMetadataCollectorImpl    : Resolving reference to class: com.example.examen2.usuarios.model.Rol
2024-11-18T12:45:49.594-04:00 DEBUG 24640 --- [examen2] [onnection adder] com.zaxxer.hikari.pool.HikariPool        : HikariPool-1 - Added connection org.postgresql.jdbc.PgConnection@6427e30b
2024-11-18T12:45:49.598-04:00 DEBUG 24640 --- [examen2] [    Test worker] o.hibernate.internal.SessionFactoryImpl  : Building session factory
2024-11-18T12:45:49.618-04:00 DEBUG 24640 --- [examen2] [onnection adder] org.postgresql.Driver                    : Connecting with URL: jdbc:postgresql://localhost:5432/clinica
2024-11-18T12:45:49.618-04:00 DEBUG 24640 --- [examen2] [onnection adder] org.postgresql.jdbc.PgConnection         : PostgreSQL JDBC Driver 42.6.2
2024-11-18T12:45:49.618-04:00 DEBUG 24640 --- [examen2] [onnection adder] org.postgresql.jdbc.PgConnection         :   setDefaultFetchSize = 0
2024-11-18T12:45:49.618-04:00 DEBUG 24640 --- [examen2] [onnection adder] org.postgresql.jdbc.PgConnection         :   setPrepareThreshold = 5
2024-11-18T12:45:49.618-04:00 DEBUG 24640 --- [examen2] [onnection adder] o.p.core.v3.ConnectionFactoryImpl        : Trying to establish a protocol version 3 connection to localhost:5432
2024-11-18T12:45:49.621-04:00 DEBUG 24640 --- [examen2] [onnection adder] o.p.core.v3.ConnectionFactoryImpl        : Receive Buffer Size is 65.536
2024-11-18T12:45:49.621-04:00 DEBUG 24640 --- [examen2] [onnection adder] o.p.core.v3.ConnectionFactoryImpl        : Send Buffer Size is 65.536
2024-11-18T12:45:49.625-04:00 DEBUG 24640 --- [examen2] [    Test worker] .h.s.i.SessionFactoryServiceRegistryImpl : EventListenerRegistry access via ServiceRegistry is deprecated.  Use `sessionFactory.getEventEngine().getListenerRegistry()` instead
2024-11-18T12:45:49.626-04:00 DEBUG 24640 --- [examen2] [    Test worker] o.hibernate.internal.SessionFactoryImpl  : Instantiating SessionFactory with settings: {hibernate.format_sql=true, java.specification.version=17, sun.cpu.isalist=amd64, hibernate.resource.beans.container=org.springframework.orm.hibernate5.SpringBeanContainer@3adde4ea, hibernate.connection.handling_mode=DELAYED_ACQUISITION_AND_HOLD, sun.jnu.encoding=Cp1252, hibernate.dialect=org.hibernate.dialect.PostgreSQLDialect, org.gradle.test.worker=1, hibernate.implicit_naming_strategy=org.springframework.boot.orm.jpa.hibernate.SpringImplicitNamingStrategy, java.class.path=C:\\Users\\aliss\\.gradle\\caches\\8.8\\workerMain\\gradle-worker.jar;C:\\Users\\aliss\\IdeaProjects\\examen2\\build\\classes\\java\\test;C:\\Users\\aliss\\IdeaProjects\\examen2\\build\\classes\\java\\main;C:\\Users\\aliss\\IdeaProjects\\examen2\\build\\resources\\main;C:\\Users\\aliss\\.gradle\\caches\\modules-2\\files-2.1\\org.springframework.boot\\spring-boot-starter-data-jpa\\3.2.5\\99c1272c135f1c44b0c94ed0b65dca9b201323b7\\spring-boot-starter-data-jpa-3.2.5.jar;C:\\Users\\aliss\\.gradle\\caches\\modules-2\\files-2.1\\org.springframework.boot\\spring-boot-starter-security\\3.2.5\\8ce0f176dfcf9a0b3b5d76babd971057f009961d\\spring-boot-starter-security-3.2.5.jar;C:\\Users\\aliss\\.gradle\\caches\\modules-2\\files-2.1\\org.springframework.boot\\spring-boot-starter-web\\3.2.5\\664d75553c6af42122d4db645f4924a95084e382\\spring-boot-starter-web-3.2.5.jar;C:\\Users\\aliss\\.gradle\\caches\\modules-2\\files-2.1\\io.jsonwebtoken\\jjwt\\0.9.1\\54d2abfc3e63a28824d35bf600d6a5d627da681a\\jjwt-0.9.1.jar;C:\\Users\\aliss\\.gradle\\caches\\modules-2\\files-2.1\\org.springframework.boot\\spring-boot-starter-json\\3.2.5\\6df311af4c242eb95c3526f48ab4f31c384a247e\\spring-boot-starter-json-3.2.5.jar;C:\\Users\\aliss\\.gradle\\caches\\modules-2\\files-2.1\\com.fasterxml.jackson.datatype\\jackson-datatype-jsr310\\2.15.4\\7de629770a4559db57128d35ccae7d2fddd35db3\\jackson-datatype-jsr310-2.15.4.jar;C:\\Users\\aliss\\.gradle\\caches\\modules-2\\files-2.1\\com.fasterxml.jackson.module\\jackson-module-parameter-names\\2.15.4\\e654497a08359db2521b69b5f710e00836915d8c\\jackson-module-parameter-names-2.15.4.jar;C:\\Users\\aliss\\.gradle\\caches\\modules-2\\files-2.1\\com.fasterxml.jackson.core\\jackson-annotations\\2.14.1\\2a6ad504d591a7903ffdec76b5b7252819a2d162\\jackson-annotations-2.14.1.jar;C:\\Users\\aliss\\.gradle\\caches\\modules-2\\files-2.1\\com.google.firebase\\firebase-admin\\9.1.1\\ed4c3d54dc08904aed7308a0c9aca5c9a51e9802\\firebase-admin-9.1.1.jar;C:\\Users\\aliss\\.gradle\\caches\\modules-2\\files-2.1\\com.google.cloud\\google-cloud-storage\\2.14.0\\80e00faccaa8ada82661edbc06ed17cd1e01d128\\google-cloud-storage-2.14.0.jar;C:\\Users\\aliss\\.gradle\\caches\\modules-2\\files-2.1\\com.fasterxml.jackson.core\\jackson-core\\2.14.1\\7a07bc535ccf0b7f6929c4d0f2ab9b294ef7c4a3\\jackson-core-2.14.1.jar;C:\\Users\\aliss\\.gradle\\caches\\modules-2\\files-2.1\\com.fasterxml.jackson.datatype\\jackson-datatype-jdk8\\2.15.4\\694777f182334a21bf1aeab1b04cc4398c801f3f\\jackson-datatype-jdk8-2.15.4.jar;C:\\Users\\aliss\\.gradle\\caches\\modules-2\\files-2.1\\com.fasterxml.jackson.core\\jackson-databind\\2.14.1\\268524b9056cae1211b9f1f52560ef19347f4d17\\jackson-databind-2.14.1.jar;C:\\Users\\aliss\\.gradle\\caches\\modules-2\\files-2.1\\jakarta.servlet\\jakarta.servlet-api\\5.0.0\\2e6b8ccde55522c879434ddec3714683ccae6867\\jakarta.servlet-api-5.0.0.jar;C:\\Users\\aliss\\.gradle\\caches\\modules-2\\files-2.1\\org.springframework.boot\\spring-boot-starter-validation\\3.2.5\\3757dceb20eca3880ee1fb5f07159e42c7f7405\\spring-boot-starter-validation-3.2.5.jar;C:\\Users\\aliss\\.gradle\\caches\\modules-2\\files-2.1\\com.github.javafaker\\javafaker\\1.0.2\\be0ff271b1208416822db4438864df47f90af92f\\javafaker-1.0.2.jar;C:\\Users\\aliss\\.gradle\\caches\\modules-2\\files-2.1\\org.springframework.boot\\spring-boot-starter-mail\\3.2.5\\19fbf3b0760caef5ae64d499161121b7969ba2b6\\spring-boot-starter-mail-3.2.5.jar;C:\\Users\\aliss\\.gradle\\caches\\modules-2\\files-2.1\\org.springframework.boot\\spring-boot-starter-test\\3.2.5\\c2f2d1d01ef908d04bfa367ec48d13ab15f2b16f\\spring-boot-starter-test-3.2.5.jar;C:\\Users\\aliss\\.gradle\\caches\\modules-2\\files-2.1\\org.springframework.boot\\spring-boot-starter-aop\\3.2.5\\1c6c5d81e6c7f8b3e255c9e384153e9f52a93d1b\\spring-boot-starter-aop-3.2.5.jar;C:\\Users\\aliss\\.gradle\\caches\\modules-2\\files-2.1\\org.springframework.boot\\spring-boot-starter-jdbc\\3.2.5\\2fc156645b02bef43dcd4e697ae6f4ba9388a978\\spring-boot-starter-jdbc-3.2.5.jar;C:\\Users\\aliss\\.gradle\\caches\\modules-2\\files-2.1\\org.springframework.boot\\spring-boot-starter\\3.2.5\\a9837a876129cc6fe5f3abf1de5ec0a16faaf003\\spring-boot-starter-3.2.5.jar;C:\\Users\\aliss\\.gradle\\caches\\modules-2\\files-2.1\\org.yaml\\snakeyaml\\1.33\\2cd0a87ff7df953f810c344bdf2fe3340b954c69\\snakeyaml-1.33.jar;C:\\Users\\aliss\\.gradle\\caches\\modules-2\\files-2.1\\org.yaml\\snakeyaml\\1.33\\6d364e099cf5a67d4c6366200f3e9b1e2864567d\\snakeyaml-1.33-android.jar;C:\\Users\\aliss\\.gradle\\caches\\modules-2\\files-2.1\\com.itextpdf\\layout\\7.1.17\\170fbd16124abe3aee0fae0c0d1283caab31c50d\\layout-7.1.17.jar;C:\\Users\\aliss\\.gradle\\caches\\modules-2\\files-2.1\\com.itextpdf\\kernel\\7.1.17\\c93d4b2ea20e6ebbcf2e55fca286567912d6eb04\\kernel-7.1.17.jar;C:\\Users\\aliss\\.gradle\\caches\\modules-2\\files-2.1\\com.itextpdf\\io\\7.1.17\\f9ae0a3c323852e9aff9f41ae2ab9b58c9d1db50\\io-7.1.17.jar;C:\\Users\\aliss\\.gradle\\caches\\modules-2\\files-2.1\\com.cloudinary\\cloudinary-http44\\1.29.0\\600838f93afb6c324b7a674315f7b9160f864341\\cloudinary-http44-1.29.0.jar;C:\\Users\\aliss\\.gradle\\caches\\modules-2\\files-2.1\\org.hibernate.orm\\hibernate-core\\6.4.4.Final\\5c9decb3c5a70bf7801d41fc32633416c26be069\\hibernate-core-6.4.4.Final.jar;C:\\Users\\aliss\\.gradle\\caches\\modules-2\\files-2.1\\org.glassfish.jaxb\\jaxb-runtime\\2.3.1\\dd6dda9da676a54c5b36ca2806ff95ee017d8738\\jaxb-runtime-2.3.1.jar;C:\\Users\\aliss\\.gradle\\caches\\modules-2\\files-2.1\\javax.xml.bind\\jaxb-api\\2.3.1\\8531ad5ac454cc2deb9d4d32c40c4d7451939b5d\\jaxb-api-2.3.1.jar;C:\\Users\\aliss\\.gradle\\caches\\modules-2\\files-2.1\\org.apache.poi\\poi-ooxml\\5.2.3\\2efd11c940adb18c03eb9ce7ad88fc40ee6a196\\poi-ooxml-5.2.3.jar;C:\\Users\\aliss\\.gradle\\caches\\modules-2\\files-2.1\\org.apache.poi\\poi\\5.2.3\\2fb22ae74ad5aea6af1a9c64b9542f2ccf348604\\poi-5.2.3.jar;C:\\Users\\aliss\\.gradle\\caches\\modules-2\\files-2.1\\commons-fileupload\\commons-fileupload\\1.4\\f95188e3d372e20e7328706c37ef366e5d7859b0\\commons-fileupload-1.4.jar;C:\\Users\\aliss\\.gradle\\caches\\modules-2\\files-2.1\\org.postgresql\\postgresql\\42.6.2\\18c33c28326b2f81480833291b81f5eca080ab3c\\postgresql-42.6.2.jar;C:\\Users\\aliss\\.gradle\\caches\\modules-2\\files-2.1\\org.springframework.security\\spring-security-test\\6.2.4\\81ada37bf96d07d8e287a6a683c6dd3cdaa90671\\spring-security-test-6.2.4.jar;C:\\Users\\aliss\\.gradle\\caches\\modules-2\\files-2.1\\org.junit.jupiter\\junit-jupiter\\5.10.2\\831c0b86ddc2ce38391c5b81ea662b0cfdc02cce\\junit-jupiter-5.10.2.jar;C:\\Users\\aliss\\.gradle\\caches\\modules-2\\files-2.1\\org.junit.jupiter\\junit-jupiter-engine\\5.10.2\\f1f8fe97bd58e85569205f071274d459c2c4f8cd\\junit-jupiter-engine-5.10.2.jar;C:\\Users\\aliss\\.gradle\\caches\\modules-2\\files-2.1\\org.junit.platform\\junit-platform-engine\\1.10.2\\d53bb4e0ce7f211a498705783440614bfaf0df2e\\junit-platform-engine-1.10.2.jar;C:\\Users\\aliss\\.gradle\\caches\\modules-2\\files-2.1\\org.mockito\\mockito-junit-jupiter\\5.7.0\\ac2d6a3431747a7986b8f4abef465f72bf3a21ae\\mockito-junit-jupiter-5.7.0.jar;C:\\Users\\aliss\\.gradle\\caches\\modules-2\\files-2.1\\org.junit.jupiter\\junit-jupiter-params\\5.10.2\\359132c82a9d3fa87a325db6edd33b5fdc67a3d8\\junit-jupiter-params-5.10.2.jar;C:\\Users\\aliss\\.gradle\\caches\\modules-2\\files-2.1\\org.junit.jupiter\\junit-jupiter-api\\5.10.2\\fb55d6e2bce173f35fd28422e7975539621055ef\\junit-jupiter-api-5.10.2.jar;C:\\Users\\aliss\\.gradle\\caches\\modules-2\\files-2.1\\org.junit.platform\\junit-platform-commons\\1.10.2\\3197154a1f0c88da46c47a9ca27611ac7ec5d797\\junit-platform-commons-1.10.2.jar;C:\\Users\\aliss\\.gradle\\caches\\modules-2\\files-2.1\\org.junit.platform\\junit-platform-launcher\\1.10.2\\8125dd29e847ca274dd1a7a9ca54859acc284cb3\\junit-platform-launcher-1.10.2.jar;C:\\Users\\aliss\\.gradle\\caches\\modules-2\\files-2.1\\org.springframework.data\\spring-data-jpa\\3.2.5\\f5c674caedc0132c7865b9a2edaa04b8f5351262\\spring-data-jpa-3.2.5.jar;C:\\Users\\aliss\\.gradle\\caches\\modules-2\\files-2.1\\org.springframework\\spring-aspects\\6.1.6\\409aba797564c23c08e2307f2df728aed117e914\\spring-aspects-6.1.6.jar;C:\\Users\\aliss\\.gradle\\caches\\modules-2\\files-2.1\\org.springframework.security\\spring-security-config\\6.2.4\\ef1f16ce7900f602826b985f15b67bbe60015a08\\spring-security-config-6.2.4.jar;C:\\Users\\aliss\\.gradle\\caches\\modules-2\\files-2.1\\org.springframework.security\\spring-security-web\\6.2.4\\b4a436865cf6483e088c986432f44d9e90bab6a3\\spring-security-web-6.2.4.jar;C:\\Users\\aliss\\.gradle\\caches\\modules-2\\files-2.1\\org.springframework\\spring-webmvc\\6.1.6\\ef1f76db6d94bac428839cb91fa59235c8356e56\\spring-webmvc-6.1.6.jar;C:\\Users\\aliss\\.gradle\\caches\\modules-2\\files-2.1\\org.springframework.security\\spring-security-core\\6.2.4\\b1bb9c66df67cd6ecc5548dec8b37341cef11a80\\spring-security-core-6.2.4.jar;C:\\Users\\aliss\\.gradle\\caches\\modules-2\\files-2.1\\org.springframework\\spring-context-support\\6.1.6\\7cc404d7f0c6e1b1ecfa30080fe194b52867d6b2\\spring-context-support-6.1.6.jar;C:\\Users\\aliss\\.gradle\\caches\\modules-2\\files-2.1\\org.springframework.boot\\spring-boot-test-autoconfigure\\3.2.5\\678ff2604c4650db84dc7a63eb058fb322a58807\\spring-boot-test-autoconfigure-3.2.5.jar;C:\\Users\\aliss\\.gradle\\caches\\modules-2\\files-2.1\\org.springframework.boot\\spring-boot-test\\3.2.5\\df5c1f52e00aaa749932f9e213190b8635d59a86\\spring-boot-test-3.2.5.jar;C:\\Users\\aliss\\.gradle\\caches\\modules-2\\files-2.1\\org.springframework.boot\\spring-boot-autoconfigure\\3.2.5\\6385a2c00a03edb896b2833e4bdee2ae53cd69b8\\spring-boot-autoconfigure-3.2.5.jar;C:\\Users\\aliss\\.gradle\\caches\\modules-2\\files-2.1\\org.springframework.boot\\spring-boot\\3.2.5\\eec72431f6f56a50c9919129665ba3359ca02104\\spring-boot-3.2.5.jar;C:\\Users\\aliss\\.gradle\\caches\\modules-2\\files-2.1\\org.springframework\\spring-context\\6.1.6\\2be30298638975efaf7fff22f1570d79b2679814\\spring-context-6.1.6.jar;C:\\Users\\aliss\\.gradle\\caches\\modules-2\\files-2.1\\org.springframework\\spring-aop\\6.1.6\\4958f52cb9fcb3adf7e836304550de5431a9347e\\spring-aop-6.1.6.jar;C:\\Users\\aliss\\.gradle\\caches\\modules-2\\files-2.1\\org.springframework.boot\\spring-boot-starter-tomcat\\3.2.5\\a40ebfa6becb35b419b37e49e33b2822e22cf42a\\spring-boot-starter-tomcat-3.2.5.jar;C:\\Users\\aliss\\.gradle\\caches\\modules-2\\files-2.1\\org.springframework\\spring-web\\6.1.6\\49a32e3497fe39550da3b280bda5d9933ae2d51d\\spring-web-6.1.6.jar;C:\\Users\\aliss\\.gradle\\caches\\modules-2\\files-2.1\\org.apache.tomcat.embed\\tomcat-embed-el\\10.1.20\\cc1a42b8228699e92c8eba0187eccf54bf892802\\tomcat-embed-el-10.1.20.jar;C:\\Users\\aliss\\.gradle\\caches\\modules-2\\files-2.1\\org.hibernate.validator\\hibernate-validator\\8.0.1.Final\\e49e116b3d3928060599b176b3538bb848718e95\\hibernate-validator-8.0.1.Final.jar;C:\\Users\\aliss\\.gradle\\caches\\modules-2\\files-2.1\\org.apache.commons\\commons-lang3\\3.13.0\\b7263237aa89c1f99b327197c41d0669707a462e\\commons-lang3-3.13.0.jar;C:\\Users\\aliss\\.gradle\\caches\\modules-2\\files-2.1\\com.github.mifmif\\generex\\1.0.2\\b378f873b4e8d7616c3d920e2132cb1c87679600\\generex-1.0.2.jar;C:\\Users\\aliss\\.gradle\\caches\\modules-2\\files-2.1\\org.bouncycastle\\bcpkix-jdk15on\\1.68\\81da950604ff0b2652348cbd2b48fde46ced9867\\bcpkix-jdk15on-1.68.jar;C:\\Users\\aliss\\.gradle\\caches\\modules-2\\files-2.1\\org.bouncycastle\\bcprov-jdk15on\\1.68\\46a080368d38b428d237a59458f9bc915222894d\\bcprov-jdk15on-1.68.jar;C:\\Users\\aliss\\.gradle\\caches\\modules-2\\files-2.1\\com.jayway.jsonpath\\json-path\\2.9.0\\37fe2217f577b0b68b18e62c4d17a8858ecf9b69\\json-path-2.9.0.jar;C:\\Users\\aliss\\.gradle\\caches\\modules-2\\files-2.1\\com.zaxxer\\HikariCP\\5.0.1\\a74c7f0a37046846e88d54f7cb6ea6d565c65f9c\\HikariCP-5.0.1.jar;C:\\Users\\aliss\\.gradle\\caches\\modules-2\\files-2.1\\org.springframework.data\\spring-data-commons\\3.2.5\\d4bb5a08fad512b345ae4077bdf0f50c95eed07\\spring-data-commons-3.2.5.jar;C:\\Users\\aliss\\.gradle\\caches\\modules-2\\files-2.1\\org.springframework.boot\\spring-boot-starter-logging\\3.2.5\\28cf3a346da7bb624381ccc21d7a27500181de63\\spring-boot-starter-logging-3.2.5.jar;C:\\Users\\aliss\\.gradle\\caches\\modules-2\\files-2.1\\ch.qos.logback\\logback-classic\\1.4.14\\d98bc162275134cdf1518774da4a2a17ef6fb94d\\logback-classic-1.4.14.jar;C:\\Users\\aliss\\.gradle\\caches\\modules-2\\files-2.1\\org.apache.logging.log4j\\log4j-to-slf4j\\2.21.1\\d77b2ba81711ed596cd797cc2b5b5bd7409d841c\\log4j-to-slf4j-2.21.1.jar;C:\\Users\\aliss\\.gradle\\caches\\modules-2\\files-2.1\\org.slf4j\\jul-to-slf4j\\2.0.13\\a3bcd9d9dd50c71ce69f06b1fd05e40fdeff6ba5\\jul-to-slf4j-2.0.13.jar;C:\\Users\\aliss\\.gradle\\caches\\modules-2\\files-2.1\\org.slf4j\\slf4j-api\\2.0.13\\80229737f704b121a318bba5d5deacbcf395bc77\\slf4j-api-2.0.13.jar;C:\\Users\\aliss\\.gradle\\caches\\modules-2\\files-2.1\\com.google.api-client\\google-api-client-gson\\2.0.0\\dd73489be7d96c5f5f653b2bdebbfa07063901ca\\google-api-client-gson-2.0.0.jar;C:\\Users\\aliss\\.gradle\\caches\\modules-2\\files-2.1\\com.google.api-client\\google-api-client\\2.0.0\\c3daf5048a26a73182b5e6c81ad141fb859f0787\\google-api-client-2.0.0.jar;C:\\Users\\aliss\\.gradle\\caches\\modules-2\\files-2.1\\com.google.cloud\\google-cloud-firestore\\3.7.0\\3043370c68dac34bd58e419bbbf6267424e3baa2\\google-cloud-firestore-3.7.0.jar;C:\\Users\\aliss\\.gradle\\caches\\modules-2\\files-2.1\\com.google.auth\\google-auth-library-oauth2-http\\1.12.1\\b56719c46272b702be8e89fbc609beacd54929f2\\google-auth-library-oauth2-http-1.12.1.jar;C:\\Users\\aliss\\.gradle\\caches\\modules-2\\files-2.1\\com.google.oauth-client\\google-oauth-client\\1.34.1\\4a4f88c5e13143f882268c98239fb85c3b2c6cb2\\google-oauth-client-1.34.1.jar;C:\\Users\\aliss\\.gradle\\caches\\modules-2\\files-2.1\\com.google.http-client\\google-http-client-gson\\1.42.2\\863fbfbdb35c203c43cefd9e3cc1e3a7c8e9f51e\\google-http-client-gson-1.42.2.jar;C:\\Users\\aliss\\.gradle\\caches\\modules-2\\files-2.1\\com.google.http-client\\google-http-client-apache-v2\\1.42.2\\d89fc070f427f8200b7401cda1ed4ce3004ec58d\\google-http-client-apache-v2-1.42.2.jar;C:\\Users\\aliss\\.gradle\\caches\\modules-2\\files-2.1\\com.google.http-client\\google-http-client\\1.42.2\\6d6ab266972f0afc6987fe3b88ce321179515fa3\\google-http-client-1.42.2.jar;C:\\Users\\aliss\\.gradle\\caches\\modules-2\\files-2.1\\com.google.cloud\\proto-google-cloud-firestore-bundle-v1\\3.7.0\\e61a48ab3394826bdd4057b891d3def3ebba8810\\proto-google-cloud-firestore-bundle-v1-3.7.0.jar;C:\\Users\\aliss\\.gradle\\caches\\modules-2\\files-2.1\\com.google.api\\api-common\\2.2.1\\9eb62c522f96befccfbd8c92bafc952eed4417a8\\api-common-2.2.1.jar;C:\\Users\\aliss\\.gradle\\caches\\modules-2\\files-2.1\\io.opencensus\\opencensus-contrib-http-util\\0.31.1\\3c13fc5715231fadb16a9b74a44d9d59c460cfa8\\opencensus-contrib-http-util-0.31.1.jar;C:\\Users\\aliss\\.gradle\\caches\\modules-2\\files-2.1\\com.google.guava\\guava\\31.1-jre\\60458f877d055d0c9114d9e1a2efb737b4bc282c\\guava-31.1-jre.jar;C:\\Users\\aliss\\.gradle\\caches\\modules-2\\files-2.1\\io.netty\\netty-codec-http\\4.1.109.Final\\6dca43cedc0b2dc6bf57bdc85fce6ffca3e6b72a\\netty-codec-http-4.1.109.Final.jar;C:\\Users\\aliss\\.gradle\\caches\\modules-2\\files-2.1\\io.netty\\netty-handler\\4.1.109.Final\\9167863307b3c44cc12262e7b5512de3499b9c4a\\netty-handler-4.1.109.Final.jar;C:\\Users\\aliss\\.gradle\\caches\\modules-2\\files-2.1\\io.netty\\netty-codec\\4.1.109.Final\\16e0b2beb49318a549d3ba5d66d707bd5daa8c97\\netty-codec-4.1.109.Final.jar;C:\\Users\\aliss\\.gradle\\caches\\modules-2\\files-2.1\\io.netty\\netty-transport-native-unix-common\\4.1.109.Final\\da7fe1e6943cbab8ee48df2beadc2c8304f347a2\\netty-transport-native-unix-common-4.1.109.Final.jar;C:\\Users\\aliss\\.gradle\\caches\\modules-2\\files-2.1\\io.netty\\netty-transport\\4.1.109.Final\\79e3b07d58ef03c7a860d48f932b720675aa8bd3\\netty-transport-4.1.109.Final.jar;C:\\Users\\aliss\\.gradle\\caches\\modules-2\\files-2.1\\com.cloudinary\\cloudinary-core\\1.29.0\\b2e78d7817f419786b64ca6ff1efcc15c65f59b1\\cloudinary-core-1.29.0.jar;C:\\Users\\aliss\\.gradle\\caches\\modules-2\\files-2.1\\org.apache.httpcomponents\\httpmime\\4.4\\54646f004d5b4c37a5a75b1d416c59a3075204e2\\httpmime-4.4.jar;C:\\Users\\aliss\\.gradle\\caches\\modules-2\\files-2.1\\org.apache.httpcomponents\\httpclient\\4.5.13\\e5f6cae5ca7ecaac1ec2827a9e2d65ae2869cada\\httpclient-4.5.13.jar;C:\\Users\\aliss\\.gradle\\caches\\modules-2\\files-2.1\\javax.activation\\javax.activation-api\\1.2.0\\85262acf3ca9816f9537ca47d5adeabaead7cb16\\javax.activation-api-1.2.0.jar;C:\\Users\\aliss\\.gradle\\caches\\modules-2\\files-2.1\\org.glassfish.jaxb\\txw2\\4.0.5\\f36a4ef12120a9bb06d766d6a0e54b144fd7ed98\\txw2-4.0.5.jar;C:\\Users\\aliss\\.gradle\\caches\\modules-2\\files-2.1\\com.sun.istack\\istack-commons-runtime\\4.1.2\\18ec117c85f3ba0ac65409136afa8e42bc74e739\\istack-commons-runtime-4.1.2.jar;C:\\Users\\aliss\\.gradle\\caches\\modules-2\\files-2.1\\org.jvnet.staxex\\stax-ex\\2.1.0\\33160568d70c01da407f8ba982bacf283d00ad4a\\stax-ex-2.1.0.jar;C:\\Users\\aliss\\.gradle\\caches\\modules-2\\files-2.1\\com.sun.xml.fastinfoset\\FastInfoset\\2.1.1\\650c84348bbcf4461bd24d38e67f7a7ce687de24\\FastInfoset-2.1.1.jar;C:\\Users\\aliss\\.gradle\\caches\\modules-2\\files-2.1\\commons-codec\\commons-codec\\1.16.1\\47bd4d333fba53406f6c6c51884ddbca435c8862\\commons-codec-1.16.1.jar;C:\\Users\\aliss\\.gradle\\caches\\modules-2\\files-2.1\\org.apache.commons\\commons-collections4\\4.4\\62ebe7544cb7164d87e0637a2a6a2bdc981395e8\\commons-collections4-4.4.jar;C:\\Users\\aliss\\.gradle\\caches\\modules-2\\files-2.1\\org.apache.commons\\commons-math3\\3.6.1\\e4ba98f1d4b3c80ec46392f25e094a6a2e58fcbf\\commons-math3-3.6.1.jar;C:\\Users\\aliss\\.gradle\\caches\\modules-2\\files-2.1\\commons-io\\commons-io\\2.11.0\\a2503f302b11ebde7ebc3df41daebe0e4eea3689\\commons-io-2.11.0.jar;C:\\Users\\aliss\\.gradle\\caches\\modules-2\\files-2.1\\com.zaxxer\\SparseBitSet\\1.2\\8467c813d442837fcaeddbc42cf5c5359fab4933\\SparseBitSet-1.2.jar;C:\\Users\\aliss\\.gradle\\caches\\modules-2\\files-2.1\\org.apache.poi\\poi-ooxml-lite\\5.2.3\\db113c8e9051b0ff967f4911fa20336c8325a7c5\\poi-ooxml-lite-5.2.3.jar;C:\\Users\\aliss\\.gradle\\caches\\modules-2\\files-2.1\\org.apache.xmlbeans\\xmlbeans\\5.1.1\\48a369df0eccb509d46203104e4df9cb00f0f68b\\xmlbeans-5.1.1.jar;C:\\Users\\aliss\\.gradle\\caches\\modules-2\\files-2.1\\org.apache.logging.log4j\\log4j-api\\2.21.1\\74c65e87b9ce1694a01524e192d7be989ba70486\\log4j-api-2.21.1.jar;C:\\Users\\aliss\\.gradle\\caches\\modules-2\\files-2.1\\org.apache.commons\\commons-compress\\1.21\\4ec95b60d4e86b5c95a0e919cb172a0af98011ef\\commons-compress-1.21.jar;C:\\Users\\aliss\\.gradle\\caches\\modules-2\\files-2.1\\com.github.virtuald\\curvesapi\\1.07\\863654849995f9d4f0ed2ed1a3870da3a108473c\\curvesapi-1.07.jar;C:\\Users\\aliss\\.gradle\\caches\\modules-2\\files-2.1\\org.eclipse.angus\\jakarta.mail\\2.0.3\\3dea6aeee9603f573687b0d4da5dc1316d921bb7\\jakarta.mail-2.0.3.jar;C:\\Users\\aliss\\.gradle\\caches\\modules-2\\files-2.1\\com.google.api.grpc\\proto-google-cloud-firestore-v1\\3.7.0\\e3cb227472c14180570dcb3379f21b2c1f8267c7\\proto-google-cloud-firestore-v1-3.7.0.jar;C:\\Users\\aliss\\.gradle\\caches\\modules-2\\files-2.1\\org.checkerframework\\checker-qual\\3.31.0\\eeefd4af42e2f4221d145c1791582f91868f99ab\\checker-qual-3.31.0.jar;C:\\Users\\aliss\\.gradle\\caches\\modules-2\\files-2.1\\jakarta.xml.bind\\jakarta.xml.bind-api\\4.0.2\\6cd5a999b834b63238005b7144136379dc36cad2\\jakarta.xml.bind-api-4.0.2.jar;C:\\Users\\aliss\\.gradle\\caches\\modules-2\\files-2.1\\net.minidev\\json-smart\\2.5.1\\4c11d2808d009132dfbbf947ebf37de6bf266c8e\\json-smart-2.5.1.jar;C:\\Users\\aliss\\.gradle\\caches\\modules-2\\files-2.1\\org.assertj\\assertj-core\\3.24.2\\ebbf338e33f893139459ce5df023115971c2786f\\assertj-core-3.24.2.jar;C:\\Users\\aliss\\.gradle\\caches\\modules-2\\files-2.1\\org.awaitility\\awaitility\\4.2.1\\e56b600e0b184182ba5b2baccd2bab593a98a624\\awaitility-4.2.1.jar;C:\\Users\\aliss\\.gradle\\caches\\modules-2\\files-2.1\\org.hamcrest\\hamcrest\\2.2\\1820c0968dba3a11a1b30669bb1f01978a91dedc\\hamcrest-2.2.jar;C:\\Users\\aliss\\.gradle\\caches\\modules-2\\files-2.1\\org.mockito\\mockito-core\\5.7.0\\a1c258331ab91d66863c983aff7136357e9de056\\mockito-core-5.7.0.jar;C:\\Users\\aliss\\.gradle\\caches\\modules-2\\files-2.1\\org.skyscreamer\\jsonassert\\1.5.1\\6d842d0faf4cf6725c509a5e5347d319ee0431c3\\jsonassert-1.5.1.jar;C:\\Users\\aliss\\.gradle\\caches\\modules-2\\files-2.1\\org.springframework\\spring-test\\6.1.6\\7c2662da187db28f7721ff05c9718f1e3181c847\\spring-test-6.1.6.jar;C:\\Users\\aliss\\.gradle\\caches\\modules-2\\files-2.1\\org.springframework\\spring-orm\\6.1.6\\c8687b15d3ae95769cef73626e62ffc7fff7e0bf\\spring-orm-6.1.6.jar;C:\\Users\\aliss\\.gradle\\caches\\modules-2\\files-2.1\\org.springframework\\spring-jdbc\\6.1.6\\3f8a440a49c15264ff438598b715bd00c5a88109\\spring-jdbc-6.1.6.jar;C:\\Users\\aliss\\.gradle\\caches\\modules-2\\files-2.1\\org.springframework\\spring-tx\\6.1.6\\4e18554fb6669f266108cc838a4619bbc8f7db8d\\spring-tx-6.1.6.jar;C:\\Users\\aliss\\.gradle\\caches\\modules-2\\files-2.1\\org.springframework\\spring-beans\\6.1.6\\332d80ff134420db4ebf7614758e6a02a9bd3c41\\spring-beans-6.1.6.jar;C:\\Users\\aliss\\.gradle\\caches\\modules-2\\files-2.1\\org.springframework\\spring-expression\\6.1.6\\9c3d7f0e17a919a4ea9f087e4e2140ad39776bc8\\spring-expression-6.1.6.jar;C:\\Users\\aliss\\.gradle\\caches\\modules-2\\files-2.1\\org.springframework\\spring-core\\6.1.6\\dea4b8e110b7b54a02a4907e32dbb0adee8a7168\\spring-core-6.1.6.jar;C:\\Users\\aliss\\.gradle\\caches\\modules-2\\files-2.1\\org.xmlunit\\xmlunit-core\\2.9.1\\e5833662d9a1279a37da3ef6f62a1da29fcd68c4\\xmlunit-core-2.9.1.jar;C:\\Users\\aliss\\.gradle\\caches\\modules-2\\files-2.1\\org.aspectj\\aspectjweaver\\1.9.22\\10736ab74a53af5e2e1b07e76335a5391526b6f8\\aspectjweaver-1.9.22.jar;C:\\Users\\aliss\\.gradle\\caches\\modules-2\\files-2.1\\jakarta.persistence\\jakarta.persistence-api\\3.1.0\\66901fa1c373c6aff65c13791cc11da72060a8d6\\jakarta.persistence-api-3.1.0.jar;C:\\Users\\aliss\\.gradle\\caches\\modules-2\\files-2.1\\jakarta.transaction\\jakarta.transaction-api\\2.0.1\\51a520e3fae406abb84e2e1148e6746ce3f80a1a\\jakarta.transaction-api-2.0.1.jar;C:\\Users\\aliss\\.gradle\\caches\\modules-2\\files-2.1\\org.jboss.logging\\jboss-logging\\3.5.3.Final\\c88fc1d8a96d4c3491f55d4317458ccad53ca663\\jboss-logging-3.5.3.Final.jar;C:\\Users\\aliss\\.gradle\\caches\\modules-2\\files-2.1\\org.hibernate.common\\hibernate-commons-annotations\\6.0.6.Final\\77a5f94b56d49508e0ee334751db5b78e5ccd50c\\hibernate-commons-annotations-6.0.6.Final.jar;C:\\Users\\aliss\\.gradle\\caches\\modules-2\\files-2.1\\io.smallrye\\jandex\\3.1.2\\a6c1c89925c7df06242b03dddb353116ceb9584c\\jandex-3.1.2.jar;C:\\Users\\aliss\\.gradle\\caches\\modules-2\\files-2.1\\com.fasterxml\\classmate\\1.6.0\\91affab6f84a2182fce5dd72a8d01bc14346dddd\\classmate-1.6.0.jar;C:\\Users\\aliss\\.gradle\\caches\\modules-2\\files-2.1\\net.bytebuddy\\byte-buddy\\1.14.13\\45cf516d9a23485200950549ff72b204c307fc9d\\byte-buddy-1.14.13.jar;C:\\Users\\aliss\\.gradle\\caches\\modules-2\\files-2.1\\jakarta.inject\\jakarta.inject-api\\2.0.1\\4c28afe1991a941d7702fe1362c365f0a8641d1e\\jakarta.inject-api-2.0.1.jar;C:\\Users\\aliss\\.gradle\\caches\\modules-2\\files-2.1\\org.antlr\\antlr4-runtime\\4.13.0\\5a02e48521624faaf5ff4d99afc88b01686af655\\antlr4-runtime-4.13.0.jar;C:\\Users\\aliss\\.gradle\\caches\\modules-2\\files-2.1\\jakarta.annotation\\jakarta.annotation-api\\2.1.1\\48b9bda22b091b1f48b13af03fe36db3be6e1ae3\\jakarta.annotation-api-2.1.1.jar;C:\\Users\\aliss\\.gradle\\caches\\modules-2\\files-2.1\\org.apache.tomcat.embed\\tomcat-embed-websocket\\10.1.20\\21502adffaf9e6e4bc2b63a557e348d7f6c0faf7\\tomcat-embed-websocket-10.1.20.jar;C:\\Users\\aliss\\.gradle\\caches\\modules-2\\files-2.1\\org.apache.tomcat.embed\\tomcat-embed-core\\10.1.20\\ba0dc784e12086f83d8e1d5a10443b166abf5780\\tomcat-embed-core-10.1.20.jar;C:\\Users\\aliss\\.gradle\\caches\\modules-2\\files-2.1\\io.micrometer\\micrometer-observation\\1.12.5\\ee23704259a1aad5c8f503db4d37cdfe5352e766\\micrometer-observation-1.12.5.jar;C:\\Users\\aliss\\.gradle\\caches\\modules-2\\files-2.1\\jakarta.validation\\jakarta.validation-api\\3.0.2\\92b6631659ba35ca09e44874d3eb936edfeee532\\jakarta.validation-api-3.0.2.jar;C:\\Users\\aliss\\.gradle\\caches\\modules-2\\files-2.1\\dk.brics.automaton\\automaton\\1.11-8\\6ebfa65eb431ff4b715a23be7a750cbc4cc96d0f\\automaton-1.11-8.jar;C:\\Users\\aliss\\.gradle\\caches\\modules-2\\files-2.1\\org.apache.httpcomponents\\httpcore\\4.4.16\\51cf043c87253c9f58b539c9f7e44c8894223850\\httpcore-4.4.16.jar;C:\\Users\\aliss\\.gradle\\caches\\modules-2\\files-2.1\\com.google.code.findbugs\\jsr305\\3.0.2\\25ea2e8b0c338a877313bd4672d3fe056ea78f0d\\jsr305-3.0.2.jar;C:\\Users\\aliss\\.gradle\\caches\\modules-2\\files-2.1\\com.google.j2objc\\j2objc-annotations\\1.3\\ba035118bc8bac37d7eff77700720999acd9986d\\j2objc-annotations-1.3.jar;C:\\Users\\aliss\\.gradle\\caches\\modules-2\\files-2.1\\io.opencensus\\opencensus-api\\0.31.1\\66a60c7201c2b8b20ce495f0295b32bb0ccbbc57\\opencensus-api-0.31.1.jar;C:\\Users\\aliss\\.gradle\\caches\\modules-2\\files-2.1\\javax.annotation\\javax.annotation-api\\1.3.2\\934c04d3cfef185a8008e7bf34331b79730a9d43\\javax.annotation-api-1.3.2.jar;C:\\Users\\aliss\\.gradle\\caches\\modules-2\\files-2.1\\com.google.auto.value\\auto-value-annotations\\1.10\\6327dc019fb316a8df3a202b68f38c909414eae8\\auto-value-annotations-1.10.jar;C:\\Users\\aliss\\.gradle\\caches\\modules-2\\files-2.1\\com.google.auth\\google-auth-library-credentials\\1.12.1\\5c4fea509bf1c276a4f4e303b71b1b0cbedd74ee\\google-auth-library-credentials-1.12.1.jar;C:\\Users\\aliss\\.gradle\\caches\\modules-2\\files-2.1\\com.google.guava\\failureaccess\\1.0.1\\1dcf1de382a0bf95a3d8b0849546c88bac1292c9\\failureaccess-1.0.1.jar;C:\\Users\\aliss\\.gradle\\caches\\modules-2\\files-2.1\\com.google.guava\\listenablefuture\\9999.0-empty-to-avoid-conflict-with-guava\\b421526c5f297295adef1c886e5246c39d4ac629\\listenablefuture-9999.0-empty-to-avoid-conflict-with-guava.jar;C:\\Users\\aliss\\.gradle\\caches\\modules-2\\files-2.1\\com.google.http-client\\google-http-client-jackson2\\1.42.2\\e8f81a0b9de2cfc8b9ab8f8a2a7b678608afc4b5\\google-http-client-jackson2-1.42.2.jar;C:\\Users\\aliss\\.gradle\\caches\\modules-2\\files-2.1\\com.google.apis\\google-api-services-storage\\v1-rev20220705-2.0.0\\e1760aa74ae68bbdd0a8918893526b45c4d0aa3a\\google-api-services-storage-v1-rev20220705-2.0.0.jar;C:\\Users\\aliss\\.gradle\\caches\\modules-2\\files-2.1\\com.google.code.gson\\gson\\2.10.1\\b3add478d4382b78ea20b1671390a858002feb6c\\gson-2.10.1.jar;C:\\Users\\aliss\\.gradle\\caches\\modules-2\\files-2.1\\com.google.cloud\\google-cloud-core\\2.8.22\\1405442613425f9870f81c0e715c0914d4ac92\\google-cloud-core-2.8.22.jar;C:\\Users\\aliss\\.gradle\\caches\\modules-2\\files-2.1\\com.google.cloud\\google-cloud-core-http\\2.8.22\\56681c47f5458786544cc03c440b73f3bc365599\\google-cloud-core-http-2.8.22.jar;C:\\Users\\aliss\\.gradle\\caches\\modules-2\\files-2.1\\com.google.http-client\\google-http-client-appengine\\1.42.2\\d79bd2db2d608243124b53585d92d2be118f7fa7\\google-http-client-appengine-1.42.2.jar;C:\\Users\\aliss\\.gradle\\caches\\modules-2\\files-2.1\\com.google.api\\gax-httpjson\\0.104.4\\d21b4946d68ea260ba4064060a6270ce00c9a9f8\\gax-httpjson-0.104.4.jar;C:\\Users\\aliss\\.gradle\\caches\\modules-2\\files-2.1\\com.google.cloud\\google-cloud-core-grpc\\2.8.22\\37e77da5f590cca888ccd8ebfc19b45ba9c8a072\\google-cloud-core-grpc-2.8.22.jar;C:\\Users\\aliss\\.gradle\\caches\\modules-2\\files-2.1\\io.grpc\\grpc-core\\1.50.1\\6a41a894570c97c875d82cda13250dfee3fd3a93\\grpc-core-1.50.1.jar;C:\\Users\\aliss\\.gradle\\caches\\modules-2\\files-2.1\\com.google.android\\annotations\\4.1.1.4\\a1678ba907bf92691d879fef34e1a187038f9259\\annotations-4.1.1.4.jar;C:\\Users\\aliss\\.gradle\\caches\\modules-2\\files-2.1\\org.codehaus.mojo\\animal-sniffer-annotations\\1.22\\911f763493163e03d750b369cc162085db09b46b\\animal-sniffer-annotations-1.22.jar;C:\\Users\\aliss\\.gradle\\caches\\modules-2\\files-2.1\\com.google.api\\gax\\2.19.4\\af9e06d468490f0f9597cf8adb5dcd11b3da1bd5\\gax-2.19.4.jar;C:\\Users\\aliss\\.gradle\\caches\\modules-2\\files-2.1\\com.google.api\\gax-grpc\\2.19.4\\3f99cd8b17ff56b45b352ab79e74159fedd0c682\\gax-grpc-2.19.4.jar;C:\\Users\\aliss\\.gradle\\caches\\modules-2\\files-2.1\\io.grpc\\grpc-alts\\1.50.1\\7e9ca160f061198d20811b05167b0f6f2c19199e\\grpc-alts-1.50.1.jar;C:\\Users\\aliss\\.gradle\\caches\\modules-2\\files-2.1\\io.grpc\\grpc-grpclb\\1.50.1\\fb2c33661e4666b924bfdb50dd8577db5023a0b6\\grpc-grpclb-1.50.1.jar;C:\\Users\\aliss\\.gradle\\caches\\modules-2\\files-2.1\\org.conscrypt\\conscrypt-openjdk-uber\\2.5.2\\d858f142ea189c62771c505a6548d8606ac098fe\\conscrypt-openjdk-uber-2.5.2.jar;C:\\Users\\aliss\\.gradle\\caches\\modules-2\\files-2.1\\io.grpc\\grpc-context\\1.50.1\\9ba5b1fa99a9f9ae39319b496c6a2091b82d0c21\\grpc-context-1.50.1.jar;C:\\Users\\aliss\\.gradle\\caches\\modules-2\\files-2.1\\com.google.api.grpc\\proto-google-iam-v1\\1.6.4\\7e9ec9dd1755e9d6ac214ee81a89723e1f00f555\\proto-google-iam-v1-1.6.4.jar;C:\\Users\\aliss\\.gradle\\caches\\modules-2\\files-2.1\\com.google.protobuf\\protobuf-java\\3.21.8\\2a1eebb74b844d9ccdf1d22eb2f57cec709698a9\\protobuf-java-3.21.8.jar;C:\\Users\\aliss\\.gradle\\caches\\modules-2\\files-2.1\\com.google.protobuf\\protobuf-java-util\\3.21.8\\9f9b51347bfd695278ba4eeb54003ae9cc6d6ab\\protobuf-java-util-3.21.8.jar;C:\\Users\\aliss\\.gradle\\caches\\modules-2\\files-2.1\\com.google.api.grpc\\proto-google-common-protos\\2.9.6\\ddb06641a75e3084fc91d680d1e7af90656434a4\\proto-google-common-protos-2.9.6.jar;C:\\Users\\aliss\\.gradle\\caches\\modules-2\\files-2.1\\org.threeten\\threetenbp\\1.6.3\\121bf72e1c110a982ee7724ae0b6f83b18382ac3\\threetenbp-1.6.3.jar;C:\\Users\\aliss\\.gradle\\caches\\modules-2\\files-2.1\\com.google.api.grpc\\proto-google-cloud-storage-v2\\2.14.0-alpha\\b4793fb729340040663c2bc5760becbc25e1351a\\proto-google-cloud-storage-v2-2.14.0-alpha.jar;C:\\Users\\aliss\\.gradle\\caches\\modules-2\\files-2.1\\com.google.api.grpc\\grpc-google-cloud-storage-v2\\2.14.0-alpha\\6a7f6f3d85b3ca69a62f5537f06ec6aa8896a8e1\\grpc-google-cloud-storage-v2-2.14.0-alpha.jar;C:\\Users\\aliss\\.gradle\\caches\\modules-2\\files-2.1\\io.grpc\\grpc-protobuf\\1.50.1\\9fe96e868c741c194ae74b44c8196e3f43935e2c\\grpc-protobuf-1.50.1.jar;C:\\Users\\aliss\\.gradle\\caches\\modules-2\\files-2.1\\com.google.api.grpc\\gapic-google-cloud-storage-v2\\2.14.0-alpha\\4f2f8eaaed0d2cb09abaf46f01060d36eb875a43\\gapic-google-cloud-storage-v2-2.14.0-alpha.jar;C:\\Users\\aliss\\.gradle\\caches\\modules-2\\files-2.1\\io.grpc\\grpc-api\\1.50.1\\e16a030d5724a9070fdd6bf702bc2ed5230909b8\\grpc-api-1.50.1.jar;C:\\Users\\aliss\\.gradle\\caches\\modules-2\\files-2.1\\io.grpc\\grpc-netty-shaded\\1.50.1\\8b56e8405141c7dbc389eaa9993a3a11784ed175\\grpc-netty-shaded-1.50.1.jar;C:\\Users\\aliss\\.gradle\\caches\\modules-2\\files-2.1\\io.perfmark\\perfmark-api\\0.25.0\\340a0c3d81cdcd9ecd7dc2ae00fb2633b469b157\\perfmark-api-0.25.0.jar;C:\\Users\\aliss\\.gradle\\caches\\modules-2\\files-2.1\\io.grpc\\grpc-auth\\1.50.1\\176ee028d8d1fc23bb6194fb3cc40b4c8a4e59db\\grpc-auth-1.50.1.jar;C:\\Users\\aliss\\.gradle\\caches\\modules-2\\files-2.1\\io.grpc\\grpc-stub\\1.50.1\\c578717d8445923f92c8eb06ec41c8def192be5c\\grpc-stub-1.50.1.jar;C:\\Users\\aliss\\.gradle\\caches\\modules-2\\files-2.1\\io.grpc\\grpc-googleapis\\1.50.1\\a1842155811366efc49961a573ac0161f7e3d3a9\\grpc-googleapis-1.50.1.jar;C:\\Users\\aliss\\.gradle\\caches\\modules-2\\files-2.1\\io.grpc\\grpc-xds\\1.50.1\\7b551b7069f69346270093f7838a1ad0ebae6714\\grpc-xds-1.50.1.jar;C:\\Users\\aliss\\.gradle\\caches\\modules-2\\files-2.1\\io.opencensus\\opencensus-proto\\0.2.0\\c05b6b32b69d5d9144087ea0ebc6fab183fb9151\\opencensus-proto-0.2.0.jar;C:\\Users\\aliss\\.gradle\\caches\\modules-2\\files-2.1\\io.grpc\\grpc-services\\1.50.1\\cf4d36f89ebb43685f5f9b0e405900c9c149a2a8\\grpc-services-1.50.1.jar;C:\\Users\\aliss\\.gradle\\caches\\modules-2\\files-2.1\\com.google.re2j\\re2j\\1.6\\a13e879fd7971738d06020fefeb108cc14e14169\\re2j-1.6.jar;C:\\Users\\aliss\\.gradle\\caches\\modules-2\\files-2.1\\com.google.api.grpc\\grpc-google-iam-v1\\1.6.4\\6eea75d33a9614f4b989255b94b48b931eae9355\\grpc-google-iam-v1-1.6.4.jar;C:\\Users\\aliss\\.gradle\\caches\\modules-2\\files-2.1\\io.grpc\\grpc-protobuf-lite\\1.50.1\\2904b2d58711ec68850500dcaa4710bea42f8f30\\grpc-protobuf-lite-1.50.1.jar;C:\\Users\\aliss\\.gradle\\caches\\modules-2\\files-2.1\\commons-logging\\commons-logging\\1.2\\4bfc12adfe4842bf07b657f0369c4cb522955686\\commons-logging-1.2.jar;C:\\Users\\aliss\\.gradle\\caches\\modules-2\\files-2.1\\io.opencensus\\opencensus-contrib-grpc-util\\0.31.1\\89b1d2f8f64749256983446cbdfae25da5450de7\\opencensus-contrib-grpc-util-0.31.1.jar;C:\\Users\\aliss\\.gradle\\caches\\modules-2\\files-2.1\\com.google.errorprone\\error_prone_annotations\\2.16\\3fdb501b45ba22c6e9c0f2abdb6ed747a48c71af\\error_prone_annotations-2.16.jar;C:\\Users\\aliss\\.gradle\\caches\\modules-2\\files-2.1\\io.netty\\netty-buffer\\4.1.109.Final\\9d21d602ad7c639fa16b1d26559065d310a34c51\\netty-buffer-4.1.109.Final.jar;C:\\Users\\aliss\\.gradle\\caches\\modules-2\\files-2.1\\io.netty\\netty-resolver\\4.1.109.Final\\55485ac976e27c8bb67ee111a8490c58f67b70c\\netty-resolver-4.1.109.Final.jar;C:\\Users\\aliss\\.gradle\\caches\\modules-2\\files-2.1\\io.netty\\netty-common\\4.1.109.Final\\da63e54ee1ca69abf4206cb74fadef7f50850911\\netty-common-4.1.109.Final.jar;C:\\Users\\aliss\\.gradle\\caches\\modules-2\\files-2.1\\org.eclipse.angus\\angus-activation\\2.0.2\\41f1e0ddd157c856926ed149ab837d110955a9fc\\angus-activation-2.0.2.jar;C:\\Users\\aliss\\.gradle\\caches\\modules-2\\files-2.1\\jakarta.activation\\jakarta.activation-api\\2.1.3\\fa165bd70cda600368eee31555222776a46b881f\\jakarta.activation-api-2.1.3.jar;C:\\Users\\aliss\\.gradle\\caches\\modules-2\\files-2.1\\net.minidev\\accessors-smart\\2.5.1\\19b820261eb2e7de7d5bde11d1c06e4501dd7e5f\\accessors-smart-2.5.1.jar;C:\\Users\\aliss\\.gradle\\caches\\modules-2\\files-2.1\\net.bytebuddy\\byte-buddy-agent\\1.14.13\\979ce25f7d3096a2e82214ba7dc972a05ce7a171\\byte-buddy-agent-1.14.13.jar;C:\\Users\\aliss\\.gradle\\caches\\modules-2\\files-2.1\\org.objenesis\\objenesis\\3.3\\1049c09f1de4331e8193e579448d0916d75b7631\\objenesis-3.3.jar;C:\\Users\\aliss\\.gradle\\caches\\modules-2\\files-2.1\\com.vaadin.external.google\\android-json\\0.0.20131108.vaadin1\\fa26d351fe62a6a17f5cda1287c1c6110dec413f\\android-json-0.0.20131108.vaadin1.jar;C:\\Users\\aliss\\.gradle\\caches\\modules-2\\files-2.1\\org.springframework\\spring-jcl\\6.1.6\\84cb19b30b22feca73c2ac005ca849c5890935a3\\spring-jcl-6.1.6.jar;C:\\Users\\aliss\\.gradle\\caches\\modules-2\\files-2.1\\org.springframework.security\\spring-security-crypto\\6.2.4\\9583253c66bafe7cbf0f082d069b08675331ce78\\spring-security-crypto-6.2.4.jar;C:\\Users\\aliss\\.gradle\\caches\\modules-2\\files-2.1\\org.opentest4j\\opentest4j\\1.3.0\\152ea56b3a72f655d4fd677fc0ef2596c3dd5e6e\\opentest4j-1.3.0.jar;C:\\Users\\aliss\\.gradle\\caches\\modules-2\\files-2.1\\io.micrometer\\micrometer-commons\\1.12.5\\da45afd81a6a05267df5ddfe10438ea857e0f7d9\\micrometer-commons-1.12.5.jar;C:\\Users\\aliss\\.gradle\\caches\\modules-2\\files-2.1\\org.ow2.asm\\asm\\9.6\\aa205cf0a06dbd8e04ece91c0b37c3f5d567546a\\asm-9.6.jar;C:\\Users\\aliss\\.gradle\\caches\\modules-2\\files-2.1\\ch.qos.logback\\logback-core\\1.4.14\\4d3c2248219ac0effeb380ed4c5280a80bf395e8\\logback-core-1.4.14.jar, java.vm.vendor=Oracle Corporation, sun.arch.data.model=64, user.variant=, java.vendor.url=https://java.oracle.com/, user.timezone=America/La_Paz, jakarta.persistence.sharedCache.mode=UNSPECIFIED, org.jboss.logging.provider=slf4j, java.vm.specification.version=17, os.name=Windows 11, jakarta.persistence.nonJtaDataSource=HikariDataSource (HikariPool-1), user.country=ES, sun.java.launcher=SUN_STANDARD, sun.boot.library.path=C:\Program Files\Java\jdk-17.0.3\bin, sun.java.command=worker.org.gradle.process.internal.worker.GradleWorkerMain 'Gradle Test Executor 1', javax.persistence.nonJtaDataSource=HikariDataSource (HikariPool-1), hibernate.transaction.jta.platform=org.hibernate.engine.transaction.jta.platform.internal.NoJtaPlatform@75663443, jdk.debug=release, sun.cpu.endian=little, hibernate.cdi.extensions=true, user.home=C:\Users\aliss, user.language=es, java.specification.vendor=Oracle Corporation, java.version.date=2022-04-19, java.home=C:\Program Files\Java\jdk-17.0.3, file.separator=\, java.vm.compressedOopsMode=32-bit, line.separator=
, hibernate.persistenceUnitName=default, java.vm.specification.vendor=Oracle Corporation, java.specification.name=Java Platform API Specification, FILE_LOG_CHARSET=windows-1252, hibernate.transaction.coordinator_class=class org.hibernate.resource.transaction.backend.jdbc.internal.JdbcResourceLocalTransactionCoordinatorBuilderImpl, java.awt.headless=true, jakarta.persistence.validation.mode=AUTO, hibernate.hbm2ddl.auto=update, user.script=, sun.management.compiler=HotSpot 64-Bit Tiered Compilers, java.runtime.version=17.0.3+8-LTS-111, user.name=Samuel Huanca, path.separator=;, os.version=10.0, java.runtime.name=Java(TM) SE Runtime Environment, file.encoding=windows-1252, java.vm.name=Java HotSpot(TM) 64-Bit Server VM, hibernate.show_sql=true, java.vendor.url.bug=https://bugreport.java.com/bugreport/, java.io.tmpdir=C:\Users\aliss\AppData\Local\Temp\, java.version=17.0.3, hibernate.physical_naming_strategy=org.hibernate.boot.model.naming.CamelCaseToUnderscoresNamingStrategy, user.dir=C:\Users\aliss\IdeaProjects\examen2, os.arch=amd64, java.vm.specification.name=Java Virtual Machine Specification, PID=24640, org.gradle.internal.worker.tmpdir=C:\Users\aliss\IdeaProjects\examen2\build\tmp\test\work, sun.os.patch.level=, CONSOLE_LOG_CHARSET=windows-1252, hibernate.boot.CfgXmlAccessService.key=org.hibernate.boot.registry.StandardServiceRegistryBuilder$1@780546f8, native.encoding=Cp1252, java.library.path=C:\Program Files\Java\jdk-17.0.3\bin;C:\Windows\Sun\Java\bin;C:\Windows\system32;C:\Windows;C:\Program Files\Microsoft MPI\Bin\;C:\Program Files\Common Files\Oracle\Java\javapath;C:\Program Files (x86)\Common Files\Oracle\Java\javapath;C:\Users\aliss\AppData\Local\Programs\Python\Python311\Scripts\;C:\Users\aliss\AppData\Local\Programs\Python\Python311\;C:\Windows\system32;C:\Windows;C:\Windows\System32\Wbem;C:\Windows\System32\WindowsPowerShell\v1.0\;C:\Windows\System32\OpenSSH\;C:\Program Files (x86)\NVIDIA Corporation\PhysX\Common;C:\Program Files\NVIDIA Corporation\NVIDIA NvDLISR;C:\Program Files\dotnet\;C:\Users\aliss\AppData\Local\Programs\Python\Python311;C:\Program Files\Git\cmd;C:\xampp\php;C:\ProgramData\ComposerSetup\bin;C:\Program Files\nodejs\;C:\ProgramData\chocolatey\bin;C:\Program Files\Java\jdk-17.0.3\bin;C:\Program Files\Memurai\;C:\Program Files\Redis\;C:\Program Files (x86)\Microsoft SQL Server\160\Tools\Binn\;C:\Program Files\Microsoft SQL Server\160\Tools\Binn\;C:\Program Files\Microsoft SQL Server\Client SDK\ODBC\170\Tools\Binn\;C:\Program Files\Microsoft SQL Server\160\DTS\Binn\;C:\Program Files (x86)\Microsoft SQL Server\160\DTS\Binn\;C:\Users\aliss\AppData\Local\Microsoft\WindowsApps;C:\Program Files\JetBrains\PyCharm Community Edition 2022.3.3\bin;;C:\Users\aliss\AppData\Local\Programs\Microsoft VS Code\bin;C:\Users\aliss\.dotnet\tools;C:\Users\aliss\AppData\Roaming\Composer\vendor\bin;C:\Users\aliss\AppData\Roaming\npm;C:\Users\aliss\AppData\Local\Pub\Cache\bin;C:\Program Files\Java\jdk-17.0.3\bin;C:\Users\aliss\AppData\Local\Android\Sdk\platform-tools;C:\Program Files\GDAL\;C:\Users\aliss\miniconda3\Library\bin;C:\Program Files\JetBrains\IntelliJ IDEA 2024.1.1\bin;;C:\flutter\bin;C:\ProgramData\chocolatey\lib\ngrok\tools\;C:\Program Files\JetBrains\PyCharm 2024.2.1\bin;;C:\Program Files\maven\bin;;., java.vendor=Oracle Corporation, java.vm.info=mixed mode, sharing, java.vm.version=17.0.3+8-LTS-111, sun.io.unicode.encoding=UnicodeLittle, hibernate.archive.scanner=org.hibernate.boot.archive.scan.internal.DisabledScanner, hibernate.connection.datasource=HikariDataSource (HikariPool-1), java.class.version=61.0, LOGGED_APPLICATION_NAME=[examen2] }
2024-11-18T12:45:49.631-04:00 DEBUG 24640 --- [examen2] [    Test worker] o.hibernate.internal.SessionFactoryImpl  : Session factory constructed with filter configurations : {}
2024-11-18T12:45:49.634-04:00 DEBUG 24640 --- [examen2] [    Test worker] o.h.v.i.xml.config.ValidationXmlParser   : Trying to load META-INF/validation.xml for XML based Validator configuration.
2024-11-18T12:45:49.634-04:00 DEBUG 24640 --- [examen2] [    Test worker] o.h.v.i.xml.config.ResourceLoaderHelper  : Trying to load META-INF/validation.xml via TCCL
2024-11-18T12:45:49.634-04:00 DEBUG 24640 --- [examen2] [    Test worker] o.h.v.i.xml.config.ResourceLoaderHelper  : Trying to load META-INF/validation.xml via Hibernate Validator's class loader
2024-11-18T12:45:49.634-04:00 DEBUG 24640 --- [examen2] [    Test worker] o.h.v.i.xml.config.ValidationXmlParser   : No META-INF/validation.xml found. Using annotation based configuration only.
2024-11-18T12:45:49.634-04:00 DEBUG 24640 --- [examen2] [    Test worker] o.h.v.i.e.resolver.TraversableResolvers  : Found jakarta.persistence.Persistence on classpath containing 'getPersistenceUtil'. Assuming JPA 2 environment. Trying to instantiate JPA aware TraversableResolver
2024-11-18T12:45:49.634-04:00 DEBUG 24640 --- [examen2] [    Test worker] o.h.v.i.e.resolver.TraversableResolvers  : Instantiated JPA aware TraversableResolver of type org.hibernate.validator.internal.engine.resolver.JPATraversableResolver.
2024-11-18T12:45:49.634-04:00 DEBUG 24640 --- [examen2] [    Test worker] .h.v.m.ResourceBundleMessageInterpolator : Loaded expression factory via original TCCL
2024-11-18T12:45:49.635-04:00 DEBUG 24640 --- [examen2] [    Test worker] .i.e.ValidatorFactoryConfigurationHelper : HV000252: Using org.hibernate.validator.internal.engine.DefaultPropertyNodeNameProvider as property node name provider.
2024-11-18T12:45:49.635-04:00 DEBUG 24640 --- [examen2] [    Test worker] .i.e.ValidatorFactoryConfigurationHelper : HV000234: Using org.hibernate.validator.messageinterpolation.ResourceBundleMessageInterpolator as ValidatorFactory-scoped message interpolator.
2024-11-18T12:45:49.635-04:00 DEBUG 24640 --- [examen2] [    Test worker] .i.e.ValidatorFactoryConfigurationHelper : HV000234: Using org.hibernate.validator.internal.engine.resolver.JPATraversableResolver as ValidatorFactory-scoped traversable resolver.
2024-11-18T12:45:49.635-04:00 DEBUG 24640 --- [examen2] [    Test worker] .i.e.ValidatorFactoryConfigurationHelper : HV000234: Using org.hibernate.validator.internal.util.ExecutableParameterNameProvider as ValidatorFactory-scoped parameter name provider.
2024-11-18T12:45:49.637-04:00 DEBUG 24640 --- [examen2] [    Test worker] .i.e.ValidatorFactoryConfigurationHelper : HV000234: Using org.hibernate.validator.internal.engine.DefaultClockProvider as ValidatorFactory-scoped clock provider.
2024-11-18T12:45:49.637-04:00 DEBUG 24640 --- [examen2] [    Test worker] .i.e.ValidatorFactoryConfigurationHelper : HV000234: Using org.hibernate.validator.internal.engine.scripting.DefaultScriptEvaluatorFactory as ValidatorFactory-scoped script evaluator factory.
2024-11-18T12:45:49.637-04:00 DEBUG 24640 --- [examen2] [    Test worker] o.h.boot.internal.ClassLoaderAccessImpl  : Not known whether passed class name [com.example.examen2.usuarios.model.Usuario] is safe
2024-11-18T12:45:49.637-04:00 DEBUG 24640 --- [examen2] [    Test worker] o.h.boot.internal.ClassLoaderAccessImpl  : No temp ClassLoader provided; using live ClassLoader for loading potentially unsafe class : com.example.examen2.usuarios.model.Usuario
2024-11-18T12:45:49.645-04:00 DEBUG 24640 --- [examen2] [onnection adder] com.zaxxer.hikari.pool.HikariPool        : HikariPool-1 - Added connection org.postgresql.jdbc.PgConnection@50d85026
2024-11-18T12:45:49.654-04:00 DEBUG 24640 --- [examen2] [    Test worker] o.h.boot.internal.ClassLoaderAccessImpl  : Not known whether passed class name [com.example.examen2.horarios.model.Horario] is safe
2024-11-18T12:45:49.654-04:00 DEBUG 24640 --- [examen2] [    Test worker] o.h.boot.internal.ClassLoaderAccessImpl  : No temp ClassLoader provided; using live ClassLoader for loading potentially unsafe class : com.example.examen2.horarios.model.Horario
2024-11-18T12:45:49.655-04:00 DEBUG 24640 --- [examen2] [    Test worker] o.h.boot.internal.ClassLoaderAccessImpl  : Not known whether passed class name [com.example.examen2.reportes.model.Reporte] is safe
2024-11-18T12:45:49.655-04:00 DEBUG 24640 --- [examen2] [    Test worker] o.h.boot.internal.ClassLoaderAccessImpl  : No temp ClassLoader provided; using live ClassLoader for loading potentially unsafe class : com.example.examen2.reportes.model.Reporte
2024-11-18T12:45:49.657-04:00 DEBUG 24640 --- [examen2] [    Test worker] o.h.boot.internal.ClassLoaderAccessImpl  : Not known whether passed class name [com.example.examen2.analisis.model.Analisis] is safe
2024-11-18T12:45:49.657-04:00 DEBUG 24640 --- [examen2] [    Test worker] o.h.boot.internal.ClassLoaderAccessImpl  : No temp ClassLoader provided; using live ClassLoader for loading potentially unsafe class : com.example.examen2.analisis.model.Analisis
2024-11-18T12:45:49.657-04:00 DEBUG 24640 --- [examen2] [    Test worker] o.h.boot.internal.ClassLoaderAccessImpl  : Not known whether passed class name [com.example.examen2.consultas.model.Consulta] is safe
2024-11-18T12:45:49.657-04:00 DEBUG 24640 --- [examen2] [    Test worker] o.h.boot.internal.ClassLoaderAccessImpl  : No temp ClassLoader provided; using live ClassLoader for loading potentially unsafe class : com.example.examen2.consultas.model.Consulta
2024-11-18T12:45:49.659-04:00 DEBUG 24640 --- [examen2] [    Test worker] o.h.boot.internal.ClassLoaderAccessImpl  : Not known whether passed class name [com.example.examen2.medicos.model.Medico] is safe
2024-11-18T12:45:49.659-04:00 DEBUG 24640 --- [examen2] [    Test worker] o.h.boot.internal.ClassLoaderAccessImpl  : No temp ClassLoader provided; using live ClassLoader for loading potentially unsafe class : com.example.examen2.medicos.model.Medico
2024-11-18T12:45:49.660-04:00 DEBUG 24640 --- [examen2] [    Test worker] o.h.boot.internal.ClassLoaderAccessImpl  : Not known whether passed class name [com.example.examen2.procedimientos.model.Procedimiento] is safe
2024-11-18T12:45:49.660-04:00 DEBUG 24640 --- [examen2] [    Test worker] o.h.boot.internal.ClassLoaderAccessImpl  : No temp ClassLoader provided; using live ClassLoader for loading potentially unsafe class : com.example.examen2.procedimientos.model.Procedimiento
2024-11-18T12:45:49.662-04:00 DEBUG 24640 --- [examen2] [    Test worker] o.h.boot.internal.ClassLoaderAccessImpl  : Not known whether passed class name [com.example.examen2.paciente.model.Paciente] is safe
2024-11-18T12:45:49.662-04:00 DEBUG 24640 --- [examen2] [    Test worker] o.h.boot.internal.ClassLoaderAccessImpl  : No temp ClassLoader provided; using live ClassLoader for loading potentially unsafe class : com.example.examen2.paciente.model.Paciente
2024-11-18T12:45:49.663-04:00 DEBUG 24640 --- [examen2] [    Test worker] o.h.boot.internal.ClassLoaderAccessImpl  : Not known whether passed class name [com.example.examen2.historialclinico.model.HistorialClinico] is safe
2024-11-18T12:45:49.663-04:00 DEBUG 24640 --- [examen2] [    Test worker] o.h.boot.internal.ClassLoaderAccessImpl  : No temp ClassLoader provided; using live ClassLoader for loading potentially unsafe class : com.example.examen2.historialclinico.model.HistorialClinico
2024-11-18T12:45:49.663-04:00 DEBUG 24640 --- [examen2] [    Test worker] o.h.boot.internal.ClassLoaderAccessImpl  : Not known whether passed class name [com.example.examen2.especialidades.model.Especialidad] is safe
2024-11-18T12:45:49.663-04:00 DEBUG 24640 --- [examen2] [    Test worker] o.h.boot.internal.ClassLoaderAccessImpl  : No temp ClassLoader provided; using live ClassLoader for loading potentially unsafe class : com.example.examen2.especialidades.model.Especialidad
2024-11-18T12:45:49.664-04:00 DEBUG 24640 --- [examen2] [    Test worker] o.h.boot.internal.ClassLoaderAccessImpl  : Not known whether passed class name [com.example.examen2.usuarios.model.TestEntity] is safe
2024-11-18T12:45:49.664-04:00 DEBUG 24640 --- [examen2] [    Test worker] o.h.boot.internal.ClassLoaderAccessImpl  : No temp ClassLoader provided; using live ClassLoader for loading potentially unsafe class : com.example.examen2.usuarios.model.TestEntity
2024-11-18T12:45:49.665-04:00 DEBUG 24640 --- [examen2] [    Test worker] o.h.boot.internal.ClassLoaderAccessImpl  : Not known whether passed class name [com.example.examen2.citas.model.Cita] is safe
2024-11-18T12:45:49.665-04:00 DEBUG 24640 --- [examen2] [    Test worker] o.h.boot.internal.ClassLoaderAccessImpl  : No temp ClassLoader provided; using live ClassLoader for loading potentially unsafe class : com.example.examen2.citas.model.Cita
2024-11-18T12:45:49.666-04:00 DEBUG 24640 --- [examen2] [    Test worker] o.h.boot.internal.ClassLoaderAccessImpl  : Not known whether passed class name [com.example.examen2.usuarios.model.Rol] is safe
2024-11-18T12:45:49.666-04:00 DEBUG 24640 --- [examen2] [    Test worker] o.h.boot.internal.ClassLoaderAccessImpl  : No temp ClassLoader provided; using live ClassLoader for loading potentially unsafe class : com.example.examen2.usuarios.model.Rol
2024-11-18T12:45:49.666-04:00 DEBUG 24640 --- [examen2] [onnection adder] org.postgresql.Driver                    : Connecting with URL: jdbc:postgresql://localhost:5432/clinica
2024-11-18T12:45:49.666-04:00 DEBUG 24640 --- [examen2] [onnection adder] org.postgresql.jdbc.PgConnection         : PostgreSQL JDBC Driver 42.6.2
2024-11-18T12:45:49.666-04:00 DEBUG 24640 --- [examen2] [onnection adder] org.postgresql.jdbc.PgConnection         :   setDefaultFetchSize = 0
2024-11-18T12:45:49.666-04:00 DEBUG 24640 --- [examen2] [onnection adder] org.postgresql.jdbc.PgConnection         :   setPrepareThreshold = 5
2024-11-18T12:45:49.666-04:00 DEBUG 24640 --- [examen2] [onnection adder] o.p.core.v3.ConnectionFactoryImpl        : Trying to establish a protocol version 3 connection to localhost:5432
2024-11-18T12:45:49.667-04:00 DEBUG 24640 --- [examen2] [onnection adder] o.p.core.v3.ConnectionFactoryImpl        : Receive Buffer Size is 65.536
2024-11-18T12:45:49.667-04:00 DEBUG 24640 --- [examen2] [onnection adder] o.p.core.v3.ConnectionFactoryImpl        : Send Buffer Size is 65.536
2024-11-18T12:45:49.668-04:00 DEBUG 24640 --- [examen2] [    Test worker] .h.s.i.SessionFactoryServiceRegistryImpl : EventListenerRegistry access via ServiceRegistry is deprecated.  Use `sessionFactory.getEventEngine().getListenerRegistry()` instead
2024-11-18T12:45:49.686-04:00 DEBUG 24640 --- [examen2] [onnection adder] com.zaxxer.hikari.pool.HikariPool        : HikariPool-1 - Added connection org.postgresql.jdbc.PgConnection@52e6d1c3
2024-11-18T12:45:49.691-04:00 DEBUG 24640 --- [examen2] [    Test worker] o.h.q.sqm.function.SqmFunctionRegistry   : Registered SqmFunctionTemplate [NamedSqmFunctionTemplate(max)] under max; prior registration was null
2024-11-18T12:45:49.691-04:00 DEBUG 24640 --- [examen2] [    Test worker] o.h.q.sqm.function.SqmFunctionRegistry   : Registered SqmFunctionTemplate [NamedSqmFunctionTemplate(min)] under min; prior registration was null
2024-11-18T12:45:49.691-04:00 DEBUG 24640 --- [examen2] [    Test worker] o.h.q.sqm.function.SqmFunctionRegistry   : Registered SqmFunctionTemplate [NamedSqmFunctionTemplate(sum)] under sum; prior registration was null
2024-11-18T12:45:49.691-04:00 DEBUG 24640 --- [examen2] [    Test worker] o.h.q.sqm.function.SqmFunctionRegistry   : Registered SqmFunctionTemplate [NamedSqmFunctionTemplate(avg)] under avg; prior registration was null
2024-11-18T12:45:49.692-04:00 DEBUG 24640 --- [examen2] [    Test worker] o.h.q.sqm.function.SqmFunctionRegistry   : Registered SqmFunctionTemplate [org.hibernate.dialect.function.CountFunction@36453773] under count; prior registration was null
2024-11-18T12:45:49.693-04:00 DEBUG 24640 --- [examen2] [    Test worker] o.h.q.sqm.function.SqmFunctionRegistry   : Registered SqmFunctionTemplate [org.hibernate.dialect.function.EveryAnyEmulation@3dee3a6c] under every; prior registration was null
2024-11-18T12:45:49.693-04:00 DEBUG 24640 --- [examen2] [    Test worker] o.h.q.sqm.function.SqmFunctionRegistry   : Registered SqmFunctionTemplate [org.hibernate.dialect.function.EveryAnyEmulation@62de20d3] under any; prior registration was null
2024-11-18T12:45:49.693-04:00 DEBUG 24640 --- [examen2] [    Test worker] o.h.q.sqm.function.SqmFunctionRegistry   : Registered SqmFunctionTemplate [NamedSqmFunctionTemplate(floor)] under floor; prior registration was null
2024-11-18T12:45:49.693-04:00 DEBUG 24640 --- [examen2] [    Test worker] o.h.q.sqm.function.SqmFunctionRegistry   : Registered SqmFunctionTemplate [NamedSqmFunctionTemplate(ceiling)] under ceiling; prior registration was null
2024-11-18T12:45:49.693-04:00 DEBUG 24640 --- [examen2] [    Test worker] o.h.q.sqm.function.SqmFunctionRegistry   : Registered SqmFunctionTemplate [NamedSqmFunctionTemplate(mod)] under mod; prior registration was null
2024-11-18T12:45:49.693-04:00 DEBUG 24640 --- [examen2] [    Test worker] o.h.q.sqm.function.SqmFunctionRegistry   : Registered SqmFunctionTemplate [NamedSqmFunctionTemplate(abs)] under abs; prior registration was null
2024-11-18T12:45:49.693-04:00 DEBUG 24640 --- [examen2] [    Test worker] o.h.q.sqm.function.SqmFunctionRegistry   : Registered SqmFunctionTemplate [NamedSqmFunctionTemplate(sign)] under sign; prior registration was null
2024-11-18T12:45:49.693-04:00 DEBUG 24640 --- [examen2] [    Test worker] o.h.q.sqm.function.SqmFunctionRegistry   : Registered SqmFunctionTemplate [NamedSqmFunctionTemplate(sqrt)] under sqrt; prior registration was null
2024-11-18T12:45:49.693-04:00 DEBUG 24640 --- [examen2] [    Test worker] o.h.q.sqm.function.SqmFunctionRegistry   : Registered SqmFunctionTemplate [NamedSqmFunctionTemplate(ln)] under ln; prior registration was null
2024-11-18T12:45:49.693-04:00 DEBUG 24640 --- [examen2] [    Test worker] o.h.q.sqm.function.SqmFunctionRegistry   : Registered SqmFunctionTemplate [NamedSqmFunctionTemplate(exp)] under exp; prior registration was null
2024-11-18T12:45:49.693-04:00 DEBUG 24640 --- [examen2] [    Test worker] o.h.q.sqm.function.SqmFunctionRegistry   : Registered SqmFunctionTemplate [NamedSqmFunctionTemplate(power)] under power; prior registration was null
2024-11-18T12:45:49.693-04:00 DEBUG 24640 --- [examen2] [    Test worker] o.h.q.sqm.function.SqmFunctionRegistry   : Registered SqmFunctionTemplate [NamedSqmFunctionTemplate(round)] under round; prior registration was null
2024-11-18T12:45:49.693-04:00 DEBUG 24640 --- [examen2] [    Test worker] o.h.q.sqm.function.SqmFunctionRegistry   : Registered SqmFunctionTemplate [NamedSqmFunctionTemplate(sin)] under sin; prior registration was null
2024-11-18T12:45:49.693-04:00 DEBUG 24640 --- [examen2] [    Test worker] o.h.q.sqm.function.SqmFunctionRegistry   : Registered SqmFunctionTemplate [NamedSqmFunctionTemplate(cos)] under cos; prior registration was null
2024-11-18T12:45:49.693-04:00 DEBUG 24640 --- [examen2] [    Test worker] o.h.q.sqm.function.SqmFunctionRegistry   : Registered SqmFunctionTemplate [NamedSqmFunctionTemplate(tan)] under tan; prior registration was null
2024-11-18T12:45:49.693-04:00 DEBUG 24640 --- [examen2] [    Test worker] o.h.q.sqm.function.SqmFunctionRegistry   : Registered SqmFunctionTemplate [NamedSqmFunctionTemplate(asin)] under asin; prior registration was null
2024-11-18T12:45:49.693-04:00 DEBUG 24640 --- [examen2] [    Test worker] o.h.q.sqm.function.SqmFunctionRegistry   : Registered SqmFunctionTemplate [NamedSqmFunctionTemplate(acos)] under acos; prior registration was null
2024-11-18T12:45:49.693-04:00 DEBUG 24640 --- [examen2] [    Test worker] o.h.q.sqm.function.SqmFunctionRegistry   : Registered SqmFunctionTemplate [NamedSqmFunctionTemplate(atan)] under atan; prior registration was null
2024-11-18T12:45:49.693-04:00 DEBUG 24640 --- [examen2] [    Test worker] o.h.q.sqm.function.SqmFunctionRegistry   : Registered SqmFunctionTemplate [NamedSqmFunctionTemplate(atan2)] under atan2; prior registration was null
2024-11-18T12:45:49.694-04:00 DEBUG 24640 --- [examen2] [    Test worker] o.h.q.sqm.function.SqmFunctionRegistry   : Registered SqmFunctionTemplate [org.hibernate.query.sqm.function.PatternBasedSqmFunctionDescriptor@1f72fbd1] under sinh; prior registration was null
2024-11-18T12:45:49.694-04:00 DEBUG 24640 --- [examen2] [    Test worker] o.h.q.sqm.function.SqmFunctionRegistry   : Registered SqmFunctionTemplate [org.hibernate.query.sqm.function.PatternBasedSqmFunctionDescriptor@6f785a27] under cosh; prior registration was null
2024-11-18T12:45:49.694-04:00 DEBUG 24640 --- [examen2] [    Test worker] o.h.q.sqm.function.SqmFunctionRegistry   : Registered SqmFunctionTemplate [org.hibernate.query.sqm.function.PatternBasedSqmFunctionDescriptor@443dae2] under tanh; prior registration was null
2024-11-18T12:45:49.694-04:00 DEBUG 24640 --- [examen2] [    Test worker] o.h.q.sqm.function.SqmFunctionRegistry   : Registered SqmFunctionTemplate [org.hibernate.query.sqm.function.PatternBasedSqmFunctionDescriptor@8f09a02] under pi; prior registration was null
2024-11-18T12:45:49.694-04:00 DEBUG 24640 --- [examen2] [    Test worker] o.h.q.sqm.function.SqmFunctionRegistry   : Registered SqmFunctionTemplate [org.hibernate.query.sqm.function.PatternBasedSqmFunctionDescriptor@5454be] under log; prior registration was null
2024-11-18T12:45:49.695-04:00 DEBUG 24640 --- [examen2] [    Test worker] o.h.q.sqm.function.SqmFunctionRegistry   : Registered SqmFunctionTemplate [NamedSqmFunctionTemplate(coalesce)] under coalesce; prior registration was null
2024-11-18T12:45:49.695-04:00 DEBUG 24640 --- [examen2] [    Test worker] o.h.q.sqm.function.SqmFunctionRegistry   : Registered SqmFunctionTemplate [NamedSqmFunctionTemplate(nullif)] under nullif; prior registration was null
2024-11-18T12:45:49.695-04:00 DEBUG 24640 --- [examen2] [    Test worker] o.h.q.sqm.function.SqmFunctionRegistry   : Registered SqmFunctionTemplate [NamedSqmFunctionTemplate(left)] under left; prior registration was null
2024-11-18T12:45:49.695-04:00 DEBUG 24640 --- [examen2] [    Test worker] o.h.q.sqm.function.SqmFunctionRegistry   : Registered SqmFunctionTemplate [NamedSqmFunctionTemplate(right)] under right; prior registration was null
2024-11-18T12:45:49.695-04:00 DEBUG 24640 --- [examen2] [    Test worker] o.h.q.sqm.function.SqmFunctionRegistry   : Registered SqmFunctionTemplate [NamedSqmFunctionTemplate(replace)] under replace; prior registration was null
2024-11-18T12:45:49.695-04:00 DEBUG 24640 --- [examen2] [    Test worker] o.h.q.sqm.function.SqmFunctionRegistry   : Registered SqmFunctionTemplate [NamedSqmFunctionTemplate(concat)] under concat; prior registration was null
2024-11-18T12:45:49.695-04:00 DEBUG 24640 --- [examen2] [    Test worker] o.h.q.sqm.function.SqmFunctionRegistry   : Registered SqmFunctionTemplate [NamedSqmFunctionTemplate(lower)] under lower; prior registration was null
2024-11-18T12:45:49.695-04:00 DEBUG 24640 --- [examen2] [    Test worker] o.h.q.sqm.function.SqmFunctionRegistry   : Registered SqmFunctionTemplate [NamedSqmFunctionTemplate(upper)] under upper; prior registration was null
2024-11-18T12:45:49.695-04:00 DEBUG 24640 --- [examen2] [    Test worker] o.h.q.sqm.function.SqmFunctionRegistry   : Registered SqmFunctionTemplate [NamedSqmFunctionTemplate(substring)] under substring; prior registration was null
2024-11-18T12:45:49.695-04:00 DEBUG 24640 --- [examen2] [    Test worker] o.h.q.sqm.function.SqmFunctionRegistry   : Registered SqmFunctionTemplate [NamedSqmFunctionTemplate(locate)] under locate; prior registration was null
2024-11-18T12:45:49.695-04:00 DEBUG 24640 --- [examen2] [    Test worker] o.h.q.sqm.function.SqmFunctionRegistry   : Registered SqmFunctionTemplate [NamedSqmFunctionTemplate(character_length)] under character_length; prior registration was null
2024-11-18T12:45:49.695-04:00 DEBUG 24640 --- [examen2] [    Test worker] o.h.q.sqm.function.SqmFunctionRegistry   : Registering alternate key : length -> character_length
2024-11-18T12:45:49.695-04:00 DEBUG 24640 --- [examen2] [    Test worker] o.h.q.sqm.function.SqmFunctionRegistry   : Registered SqmFunctionTemplate [org.hibernate.dialect.function.LocatePositionEmulation@6942ee48] under position; prior registration was null
2024-11-18T12:45:49.696-04:00 DEBUG 24640 --- [examen2] [    Test worker] o.h.q.sqm.function.SqmFunctionRegistry   : Registered SqmFunctionTemplate [org.hibernate.dialect.function.InsertSubstringOverlayEmulation@7d90764a] under overlay; prior registration was null
2024-11-18T12:45:49.696-04:00 DEBUG 24640 --- [examen2] [    Test worker] o.h.q.sqm.function.SqmFunctionRegistry   : Registered SqmFunctionTemplate [org.hibernate.dialect.function.TrimFunction@119f072c] under trim; prior registration was null
2024-11-18T12:45:49.696-04:00 DEBUG 24640 --- [examen2] [    Test worker] o.h.q.sqm.function.SqmFunctionRegistry   : Registered SqmFunctionTemplate [org.hibernate.dialect.function.CastFunction@46a97805] under cast; prior registration was null
2024-11-18T12:45:49.696-04:00 DEBUG 24640 --- [examen2] [    Test worker] o.h.q.sqm.function.SqmFunctionRegistry   : Registered SqmFunctionTemplate [org.hibernate.query.sqm.function.PatternBasedSqmFunctionDescriptor@667dd150] under collate; prior registration was null
2024-11-18T12:45:49.697-04:00 DEBUG 24640 --- [examen2] [    Test worker] o.h.q.sqm.function.SqmFunctionRegistry   : Registered SqmFunctionTemplate [org.hibernate.dialect.function.ExtractFunction@7096d451] under extract; prior registration was null
2024-11-18T12:45:49.697-04:00 DEBUG 24640 --- [examen2] [    Test worker] o.h.q.sqm.function.SqmFunctionRegistry   : Registered SqmFunctionTemplate [NamedSqmFunctionTemplate(least)] under least; prior registration was null
2024-11-18T12:45:49.697-04:00 DEBUG 24640 --- [examen2] [    Test worker] o.h.q.sqm.function.SqmFunctionRegistry   : Registered SqmFunctionTemplate [NamedSqmFunctionTemplate(greatest)] under greatest; prior registration was null
2024-11-18T12:45:49.697-04:00 DEBUG 24640 --- [examen2] [    Test worker] o.h.q.sqm.function.SqmFunctionRegistry   : Registered SqmFunctionTemplate [org.hibernate.dialect.function.CoalesceIfnullEmulation@1293f8d7] under ifnull; prior registration was null
2024-11-18T12:45:49.697-04:00 DEBUG 24640 --- [examen2] [    Test worker] o.h.q.sqm.function.SqmFunctionRegistry   : Registered SqmFunctionTemplate [NamedSqmFunctionTemplate(lpad)] under lpad; prior registration was null
2024-11-18T12:45:49.697-04:00 DEBUG 24640 --- [examen2] [    Test worker] o.h.q.sqm.function.SqmFunctionRegistry   : Registered SqmFunctionTemplate [NamedSqmFunctionTemplate(rpad)] under rpad; prior registration was null
2024-11-18T12:45:49.697-04:00 DEBUG 24640 --- [examen2] [    Test worker] o.h.q.sqm.function.SqmFunctionRegistry   : Registered SqmFunctionTemplate [org.hibernate.dialect.function.LpadRpadPadEmulation@666b91db] under pad; prior registration was null
2024-11-18T12:45:49.697-04:00 DEBUG 24640 --- [examen2] [    Test worker] o.h.q.sqm.function.SqmFunctionRegistry   : Registered SqmFunctionTemplate [org.hibernate.dialect.function.CastStrEmulation@2b6ee447] under str; prior registration was null
2024-11-18T12:45:49.698-04:00 DEBUG 24640 --- [examen2] [    Test worker] o.h.q.sqm.function.SqmFunctionRegistry   : Registered SqmFunctionTemplate [org.hibernate.dialect.function.FormatFunction@504c415c] under format; prior registration was null
2024-11-18T12:45:49.698-04:00 DEBUG 24640 --- [examen2] [    Test worker] o.h.q.sqm.function.SqmFunctionRegistry   : Registered SqmFunctionTemplate [org.hibernate.dialect.function.TimestampaddFunction@62c47480] under timestampadd; prior registration was null
2024-11-18T12:45:49.699-04:00 DEBUG 24640 --- [examen2] [    Test worker] o.h.q.sqm.function.SqmFunctionRegistry   : Registered SqmFunctionTemplate [org.hibernate.dialect.function.TimestampdiffFunction@3c6b300a] under timestampdiff; prior registration was null
2024-11-18T12:45:49.699-04:00 DEBUG 24640 --- [examen2] [    Test worker] o.h.q.sqm.function.SqmFunctionRegistry   : Registering alternate key : dateadd -> timestampadd
2024-11-18T12:45:49.699-04:00 DEBUG 24640 --- [examen2] [    Test worker] o.h.q.sqm.function.SqmFunctionRegistry   : Registering alternate key : datediff -> timestampdiff
2024-11-18T12:45:49.699-04:00 DEBUG 24640 --- [examen2] [    Test worker] o.h.q.sqm.function.SqmFunctionRegistry   : Registered SqmFunctionTemplate [org.hibernate.dialect.function.CurrentFunction@3e55eeb9] under current_date; prior registration was null
2024-11-18T12:45:49.699-04:00 DEBUG 24640 --- [examen2] [    Test worker] o.h.q.sqm.function.SqmFunctionRegistry   : Registered SqmFunctionTemplate [org.hibernate.dialect.function.CurrentFunction@44a13699] under current_time; prior registration was null
2024-11-18T12:45:49.699-04:00 DEBUG 24640 --- [examen2] [    Test worker] o.h.q.sqm.function.SqmFunctionRegistry   : Registered SqmFunctionTemplate [org.hibernate.dialect.function.CurrentFunction@1253b822] under current_timestamp; prior registration was null
2024-11-18T12:45:49.699-04:00 DEBUG 24640 --- [examen2] [    Test worker] o.h.q.sqm.function.SqmFunctionRegistry   : Registering alternate key : current date -> current_date
2024-11-18T12:45:49.699-04:00 DEBUG 24640 --- [examen2] [    Test worker] o.h.q.sqm.function.SqmFunctionRegistry   : Registering alternate key : current time -> current_time
2024-11-18T12:45:49.699-04:00 DEBUG 24640 --- [examen2] [    Test worker] o.h.q.sqm.function.SqmFunctionRegistry   : Registering alternate key : current timestamp -> current_timestamp
2024-11-18T12:45:49.699-04:00 DEBUG 24640 --- [examen2] [    Test worker] o.h.q.sqm.function.SqmFunctionRegistry   : Registered SqmFunctionTemplate [org.hibernate.dialect.function.CurrentFunction@127d2aee] under local_date; prior registration was null
2024-11-18T12:45:49.699-04:00 DEBUG 24640 --- [examen2] [    Test worker] o.h.q.sqm.function.SqmFunctionRegistry   : Registered SqmFunctionTemplate [org.hibernate.dialect.function.CurrentFunction@3cc2e3e] under local_time; prior registration was null
2024-11-18T12:45:49.699-04:00 DEBUG 24640 --- [examen2] [    Test worker] o.h.q.sqm.function.SqmFunctionRegistry   : Registered SqmFunctionTemplate [org.hibernate.dialect.function.CurrentFunction@4e14d520] under local_datetime; prior registration was null
2024-11-18T12:45:49.699-04:00 DEBUG 24640 --- [examen2] [    Test worker] o.h.q.sqm.function.SqmFunctionRegistry   : Registered SqmFunctionTemplate [org.hibernate.dialect.function.CurrentFunction@4189e668] under offset_datetime; prior registration was null
2024-11-18T12:45:49.699-04:00 DEBUG 24640 --- [examen2] [    Test worker] o.h.q.sqm.function.SqmFunctionRegistry   : Registering alternate key : local date -> local_date
2024-11-18T12:45:49.699-04:00 DEBUG 24640 --- [examen2] [    Test worker] o.h.q.sqm.function.SqmFunctionRegistry   : Registering alternate key : local time -> local_time
2024-11-18T12:45:49.699-04:00 DEBUG 24640 --- [examen2] [    Test worker] o.h.q.sqm.function.SqmFunctionRegistry   : Registering alternate key : local datetime -> local_datetime
2024-11-18T12:45:49.699-04:00 DEBUG 24640 --- [examen2] [    Test worker] o.h.q.sqm.function.SqmFunctionRegistry   : Registering alternate key : offset datetime -> offset_datetime
2024-11-18T12:45:49.699-04:00 DEBUG 24640 --- [examen2] [    Test worker] o.h.q.sqm.function.SqmFunctionRegistry   : Registered SqmFunctionTemplate [org.hibernate.dialect.function.CurrentFunction@3a589eed] under instant; prior registration was null
2024-11-18T12:45:49.699-04:00 DEBUG 24640 --- [examen2] [    Test worker] o.h.q.sqm.function.SqmFunctionRegistry   : Registering alternate key : current_instant -> instant
2024-11-18T12:45:49.699-04:00 DEBUG 24640 --- [examen2] [    Test worker] o.h.q.sqm.function.SqmFunctionRegistry   : Registered SqmFunctionTemplate [org.hibernate.dialect.function.SqlFunction@4037cdb0] under sql; prior registration was null
2024-11-18T12:45:49.699-04:00 DEBUG 24640 --- [examen2] [    Test worker] o.h.q.sqm.function.SqmFunctionRegistry   : Registered SqmFunctionTemplate [NamedSqmFunctionTemplate(cot)] under cot; prior registration was null
2024-11-18T12:45:49.699-04:00 DEBUG 24640 --- [examen2] [    Test worker] o.h.q.sqm.function.SqmFunctionRegistry   : Registered SqmFunctionTemplate [NamedSqmFunctionTemplate(radians)] under radians; prior registration was null
2024-11-18T12:45:49.699-04:00 DEBUG 24640 --- [examen2] [    Test worker] o.h.q.sqm.function.SqmFunctionRegistry   : Registered SqmFunctionTemplate [NamedSqmFunctionTemplate(degrees)] under degrees; prior registration was null
2024-11-18T12:45:49.699-04:00 DEBUG 24640 --- [examen2] [    Test worker] o.h.q.sqm.function.SqmFunctionRegistry   : Registered SqmFunctionTemplate [NamedSqmFunctionTemplate(log)] under log; prior registration was org.hibernate.query.sqm.function.PatternBasedSqmFunctionDescriptor@5454be
2024-11-18T12:45:49.699-04:00 DEBUG 24640 --- [examen2] [    Test worker] o.h.q.sqm.function.SqmFunctionRegistry   : Registered SqmFunctionTemplate [org.hibernate.query.sqm.function.PatternBasedSqmFunctionDescriptor@27055a2a] under mod; prior registration was NamedSqmFunctionTemplate(mod)
2024-11-18T12:45:49.699-04:00 DEBUG 24640 --- [examen2] [    Test worker] o.h.q.sqm.function.SqmFunctionRegistry   : Registered SqmFunctionTemplate [NamedSqmFunctionTemplate(log10)] under log10; prior registration was null
2024-11-18T12:45:49.699-04:00 DEBUG 24640 --- [examen2] [    Test worker] o.h.q.sqm.function.SqmFunctionRegistry   : Registered SqmFunctionTemplate [NamedSqmFunctionTemplate(tanh)] under tanh; prior registration was org.hibernate.query.sqm.function.PatternBasedSqmFunctionDescriptor@443dae2
2024-11-18T12:45:49.699-04:00 DEBUG 24640 --- [examen2] [    Test worker] o.h.q.sqm.function.SqmFunctionRegistry   : Registered SqmFunctionTemplate [NamedSqmFunctionTemplate(sinh)] under sinh; prior registration was org.hibernate.query.sqm.function.PatternBasedSqmFunctionDescriptor@1f72fbd1
2024-11-18T12:45:49.699-04:00 DEBUG 24640 --- [examen2] [    Test worker] o.h.q.sqm.function.SqmFunctionRegistry   : Registered SqmFunctionTemplate [NamedSqmFunctionTemplate(cosh)] under cosh; prior registration was org.hibernate.query.sqm.function.PatternBasedSqmFunctionDescriptor@6f785a27
2024-11-18T12:45:49.699-04:00 DEBUG 24640 --- [examen2] [    Test worker] o.h.q.sqm.function.SqmFunctionRegistry   : Registered SqmFunctionTemplate [NamedSqmFunctionTemplate(acosh)] under acosh; prior registration was null
2024-11-18T12:45:49.699-04:00 DEBUG 24640 --- [examen2] [    Test worker] o.h.q.sqm.function.SqmFunctionRegistry   : Registered SqmFunctionTemplate [NamedSqmFunctionTemplate(asinh)] under asinh; prior registration was null
2024-11-18T12:45:49.699-04:00 DEBUG 24640 --- [examen2] [    Test worker] o.h.q.sqm.function.SqmFunctionRegistry   : Registered SqmFunctionTemplate [NamedSqmFunctionTemplate(atanh)] under atanh; prior registration was null
2024-11-18T12:45:49.699-04:00 DEBUG 24640 --- [examen2] [    Test worker] o.h.q.sqm.function.SqmFunctionRegistry   : Registered SqmFunctionTemplate [NamedSqmFunctionTemplate(cbrt)] under cbrt; prior registration was null
2024-11-18T12:45:49.699-04:00 DEBUG 24640 --- [examen2] [    Test worker] o.h.q.sqm.function.SqmFunctionRegistry   : Registered SqmFunctionTemplate [NamedSqmFunctionTemplate(pi)] under pi; prior registration was org.hibernate.query.sqm.function.PatternBasedSqmFunctionDescriptor@8f09a02
2024-11-18T12:45:49.699-04:00 DEBUG 24640 --- [examen2] [    Test worker] o.h.q.sqm.function.SqmFunctionRegistry   : Registered SqmFunctionTemplate [NamedSqmFunctionTemplate(ltrim)] under ltrim; prior registration was null
2024-11-18T12:45:49.699-04:00 DEBUG 24640 --- [examen2] [    Test worker] o.h.q.sqm.function.SqmFunctionRegistry   : Registered SqmFunctionTemplate [NamedSqmFunctionTemplate(rtrim)] under rtrim; prior registration was null
2024-11-18T12:45:49.699-04:00 DEBUG 24640 --- [examen2] [    Test worker] o.h.q.sqm.function.SqmFunctionRegistry   : Registered SqmFunctionTemplate [NamedSqmFunctionTemplate(repeat)] under repeat; prior registration was null
2024-11-18T12:45:49.699-04:00 DEBUG 24640 --- [examen2] [    Test worker] o.h.q.sqm.function.SqmFunctionRegistry   : Registered SqmFunctionTemplate [NamedSqmFunctionTemplate(md5)] under md5; prior registration was null
2024-11-18T12:45:49.700-04:00 DEBUG 24640 --- [examen2] [    Test worker] o.h.q.sqm.function.SqmFunctionRegistry   : Registered SqmFunctionTemplate [NamedSqmFunctionTemplate(initcap)] under initcap; prior registration was null
2024-11-18T12:45:49.700-04:00 DEBUG 24640 --- [examen2] [    Test worker] o.h.q.sqm.function.SqmFunctionRegistry   : Registered SqmFunctionTemplate [NamedSqmFunctionTemplate(substr)] under substr; prior registration was null
2024-11-18T12:45:49.700-04:00 DEBUG 24640 --- [examen2] [    Test worker] o.h.q.sqm.function.SqmFunctionRegistry   : Registered SqmFunctionTemplate [NamedSqmFunctionTemplate(substr)] under substring; prior registration was NamedSqmFunctionTemplate(substring)
2024-11-18T12:45:49.700-04:00 DEBUG 24640 --- [examen2] [    Test worker] o.h.q.sqm.function.SqmFunctionRegistry   : Registered SqmFunctionTemplate [NamedSqmFunctionTemplate(translate)] under translate; prior registration was null
2024-11-18T12:45:49.700-04:00 DEBUG 24640 --- [examen2] [    Test worker] o.h.q.sqm.function.SqmFunctionRegistry   : Registered SqmFunctionTemplate [NamedSqmFunctionTemplate(to_number)] under to_number; prior registration was null
2024-11-18T12:45:49.700-04:00 DEBUG 24640 --- [examen2] [    Test worker] o.h.q.sqm.function.SqmFunctionRegistry   : Registered SqmFunctionTemplate [NamedSqmFunctionTemplate(to_char)] under to_char; prior registration was null
2024-11-18T12:45:49.700-04:00 DEBUG 24640 --- [examen2] [    Test worker] o.h.q.sqm.function.SqmFunctionRegistry   : Registered SqmFunctionTemplate [NamedSqmFunctionTemplate(to_date)] under to_date; prior registration was null
2024-11-18T12:45:49.700-04:00 DEBUG 24640 --- [examen2] [    Test worker] o.h.q.sqm.function.SqmFunctionRegistry   : Registered SqmFunctionTemplate [NamedSqmFunctionTemplate(to_timestamp)] under to_timestamp; prior registration was null
2024-11-18T12:45:49.700-04:00 DEBUG 24640 --- [examen2] [    Test worker] o.h.q.sqm.function.SqmFunctionRegistry   : Registered SqmFunctionTemplate [org.hibernate.dialect.function.ConcatPipeFunction@7a34505a] under concat; prior registration was NamedSqmFunctionTemplate(concat)
2024-11-18T12:45:49.700-04:00 DEBUG 24640 --- [examen2] [    Test worker] o.h.q.sqm.function.SqmFunctionRegistry   : Registered SqmFunctionTemplate [NamedSqmFunctionTemplate(localtime)] under localtime; prior registration was null
2024-11-18T12:45:49.700-04:00 DEBUG 24640 --- [examen2] [    Test worker] o.h.q.sqm.function.SqmFunctionRegistry   : Registered SqmFunctionTemplate [NamedSqmFunctionTemplate(localtimestamp)] under localtimestamp; prior registration was null
2024-11-18T12:45:49.700-04:00 DEBUG 24640 --- [examen2] [    Test worker] o.h.q.sqm.function.SqmFunctionRegistry   : Registered SqmFunctionTemplate [NamedSqmFunctionTemplate(localtime)] under local_time; prior registration was org.hibernate.dialect.function.CurrentFunction@3cc2e3e
2024-11-18T12:45:49.700-04:00 DEBUG 24640 --- [examen2] [    Test worker] o.h.q.sqm.function.SqmFunctionRegistry   : Registered SqmFunctionTemplate [NamedSqmFunctionTemplate(localtimestamp)] under local_datetime; prior registration was org.hibernate.dialect.function.CurrentFunction@4e14d520
2024-11-18T12:45:49.700-04:00 DEBUG 24640 --- [examen2] [    Test worker] o.h.q.sqm.function.SqmFunctionRegistry   : Registered SqmFunctionTemplate [org.hibernate.dialect.function.LengthFunction@d5a72cd] under character_length; prior registration was NamedSqmFunctionTemplate(character_length)
2024-11-18T12:45:49.700-04:00 DEBUG 24640 --- [examen2] [    Test worker] o.h.q.sqm.function.SqmFunctionRegistry   : Registering alternate key : length -> character_length
2024-11-18T12:45:49.700-04:00 DEBUG 24640 --- [examen2] [    Test worker] o.h.q.sqm.function.SqmFunctionRegistry   : Registered SqmFunctionTemplate [org.hibernate.dialect.function.LengthFunction@45f95ac0] under bit_length; prior registration was null
2024-11-18T12:45:49.700-04:00 DEBUG 24640 --- [examen2] [    Test worker] o.h.q.sqm.function.SqmFunctionRegistry   : Registered SqmFunctionTemplate [org.hibernate.dialect.function.LengthFunction@3b77940f] under octet_length; prior registration was null
2024-11-18T12:45:49.700-04:00 DEBUG 24640 --- [examen2] [    Test worker] o.h.q.sqm.function.SqmFunctionRegistry   : Registered SqmFunctionTemplate [NamedSqmFunctionTemplate(ascii)] under ascii; prior registration was null
2024-11-18T12:45:49.700-04:00 DEBUG 24640 --- [examen2] [    Test worker] o.h.q.sqm.function.SqmFunctionRegistry   : Registered SqmFunctionTemplate [NamedSqmFunctionTemplate(chr)] under chr; prior registration was null
2024-11-18T12:45:49.700-04:00 DEBUG 24640 --- [examen2] [    Test worker] o.h.q.sqm.function.SqmFunctionRegistry   : Registering alternate key : char -> chr
2024-11-18T12:45:49.700-04:00 DEBUG 24640 --- [examen2] [    Test worker] o.h.q.sqm.function.SqmFunctionRegistry   : Registered SqmFunctionTemplate [org.hibernate.query.sqm.function.PatternBasedSqmFunctionDescriptor@4c418496] under position; prior registration was org.hibernate.dialect.function.LocatePositionEmulation@6942ee48
2024-11-18T12:45:49.700-04:00 DEBUG 24640 --- [examen2] [    Test worker] o.h.q.sqm.function.SqmFunctionRegistry   : Registered SqmFunctionTemplate [org.hibernate.query.sqm.function.PatternBasedSqmFunctionDescriptor@12d35bc9] under bitand; prior registration was null
2024-11-18T12:45:49.700-04:00 DEBUG 24640 --- [examen2] [    Test worker] o.h.q.sqm.function.SqmFunctionRegistry   : Registered SqmFunctionTemplate [org.hibernate.query.sqm.function.PatternBasedSqmFunctionDescriptor@1df32c09] under bitor; prior registration was null
2024-11-18T12:45:49.700-04:00 DEBUG 24640 --- [examen2] [    Test worker] o.h.q.sqm.function.SqmFunctionRegistry   : Registered SqmFunctionTemplate [org.hibernate.query.sqm.function.PatternBasedSqmFunctionDescriptor@1aa31454] under bitxor; prior registration was null
2024-11-18T12:45:49.700-04:00 DEBUG 24640 --- [examen2] [    Test worker] o.h.q.sqm.function.SqmFunctionRegistry   : Registered SqmFunctionTemplate [org.hibernate.query.sqm.function.PatternBasedSqmFunctionDescriptor@5a8656a2] under bitnot; prior registration was null
2024-11-18T12:45:49.700-04:00 DEBUG 24640 --- [examen2] [    Test worker] o.h.q.sqm.function.SqmFunctionRegistry   : Registered SqmFunctionTemplate [NamedSqmFunctionTemplate(bit_and)] under bit_and; prior registration was null
2024-11-18T12:45:49.700-04:00 DEBUG 24640 --- [examen2] [    Test worker] o.h.q.sqm.function.SqmFunctionRegistry   : Registered SqmFunctionTemplate [NamedSqmFunctionTemplate(bit_or)] under bit_or; prior registration was null
2024-11-18T12:45:49.700-04:00 DEBUG 24640 --- [examen2] [    Test worker] o.h.q.sqm.function.SqmFunctionRegistry   : Registered SqmFunctionTemplate [NamedSqmFunctionTemplate(bool_and)] under bool_and; prior registration was null
2024-11-18T12:45:49.700-04:00 DEBUG 24640 --- [examen2] [    Test worker] o.h.q.sqm.function.SqmFunctionRegistry   : Registering alternate key : every -> bool_and
2024-11-18T12:45:49.700-04:00 DEBUG 24640 --- [examen2] [    Test worker] o.h.q.sqm.function.SqmFunctionRegistry   : Registered SqmFunctionTemplate [NamedSqmFunctionTemplate(bool_or)] under bool_or; prior registration was null
2024-11-18T12:45:49.700-04:00 DEBUG 24640 --- [examen2] [    Test worker] o.h.q.sqm.function.SqmFunctionRegistry   : Registering alternate key : any -> bool_or
2024-11-18T12:45:49.700-04:00 DEBUG 24640 --- [examen2] [    Test worker] o.h.q.sqm.function.SqmFunctionRegistry   : Registered SqmFunctionTemplate [org.hibernate.query.sqm.function.PatternBasedSqmFunctionDescriptor@52035328] under median; prior registration was null
2024-11-18T12:45:49.700-04:00 DEBUG 24640 --- [examen2] [    Test worker] o.h.q.sqm.function.SqmFunctionRegistry   : Registered SqmFunctionTemplate [NamedSqmFunctionTemplate(stddev)] under stddev; prior registration was null
2024-11-18T12:45:49.700-04:00 DEBUG 24640 --- [examen2] [    Test worker] o.h.q.sqm.function.SqmFunctionRegistry   : Registered SqmFunctionTemplate [NamedSqmFunctionTemplate(stddev_pop)] under stddev_pop; prior registration was null
2024-11-18T12:45:49.701-04:00 DEBUG 24640 --- [examen2] [    Test worker] o.h.q.sqm.function.SqmFunctionRegistry   : Registered SqmFunctionTemplate [NamedSqmFunctionTemplate(stddev_samp)] under stddev_samp; prior registration was null
2024-11-18T12:45:49.701-04:00 DEBUG 24640 --- [examen2] [    Test worker] o.h.q.sqm.function.SqmFunctionRegistry   : Registered SqmFunctionTemplate [NamedSqmFunctionTemplate(variance)] under variance; prior registration was null
2024-11-18T12:45:49.701-04:00 DEBUG 24640 --- [examen2] [    Test worker] o.h.q.sqm.function.SqmFunctionRegistry   : Registered SqmFunctionTemplate [NamedSqmFunctionTemplate(var_pop)] under var_pop; prior registration was null
2024-11-18T12:45:49.701-04:00 DEBUG 24640 --- [examen2] [    Test worker] o.h.q.sqm.function.SqmFunctionRegistry   : Registered SqmFunctionTemplate [NamedSqmFunctionTemplate(var_samp)] under var_samp; prior registration was null
2024-11-18T12:45:49.701-04:00 DEBUG 24640 --- [examen2] [    Test worker] o.h.q.sqm.function.SqmFunctionRegistry   : Registered SqmFunctionTemplate [NamedSqmFunctionTemplate(covar_pop)] under covar_pop; prior registration was null
2024-11-18T12:45:49.701-04:00 DEBUG 24640 --- [examen2] [    Test worker] o.h.q.sqm.function.SqmFunctionRegistry   : Registered SqmFunctionTemplate [NamedSqmFunctionTemplate(covar_samp)] under covar_samp; prior registration was null
2024-11-18T12:45:49.701-04:00 DEBUG 24640 --- [examen2] [    Test worker] o.h.q.sqm.function.SqmFunctionRegistry   : Registered SqmFunctionTemplate [NamedSqmFunctionTemplate(corr)] under corr; prior registration was null
2024-11-18T12:45:49.701-04:00 DEBUG 24640 --- [examen2] [    Test worker] o.h.q.sqm.function.SqmFunctionRegistry   : Registered SqmFunctionTemplate [NamedSqmFunctionTemplate(regr_avgx)] under regr_avgx; prior registration was null
2024-11-18T12:45:49.701-04:00 DEBUG 24640 --- [examen2] [    Test worker] o.h.q.sqm.function.SqmFunctionRegistry   : Registered SqmFunctionTemplate [NamedSqmFunctionTemplate(regr_avgy)] under regr_avgy; prior registration was null
2024-11-18T12:45:49.701-04:00 DEBUG 24640 --- [examen2] [    Test worker] o.h.q.sqm.function.SqmFunctionRegistry   : Registered SqmFunctionTemplate [NamedSqmFunctionTemplate(regr_count)] under regr_count; prior registration was null
2024-11-18T12:45:49.701-04:00 DEBUG 24640 --- [examen2] [    Test worker] o.h.q.sqm.function.SqmFunctionRegistry   : Registered SqmFunctionTemplate [NamedSqmFunctionTemplate(regr_intercept)] under regr_intercept; prior registration was null
2024-11-18T12:45:49.701-04:00 DEBUG 24640 --- [examen2] [    Test worker] o.h.q.sqm.function.SqmFunctionRegistry   : Registered SqmFunctionTemplate [NamedSqmFunctionTemplate(regr_r2)] under regr_r2; prior registration was null
2024-11-18T12:45:49.701-04:00 DEBUG 24640 --- [examen2] [    Test worker] o.h.q.sqm.function.SqmFunctionRegistry   : Registered SqmFunctionTemplate [NamedSqmFunctionTemplate(regr_slope)] under regr_slope; prior registration was null
2024-11-18T12:45:49.701-04:00 DEBUG 24640 --- [examen2] [    Test worker] o.h.q.sqm.function.SqmFunctionRegistry   : Registered SqmFunctionTemplate [NamedSqmFunctionTemplate(regr_sxx)] under regr_sxx; prior registration was null
2024-11-18T12:45:49.701-04:00 DEBUG 24640 --- [examen2] [    Test worker] o.h.q.sqm.function.SqmFunctionRegistry   : Registered SqmFunctionTemplate [NamedSqmFunctionTemplate(regr_sxy)] under regr_sxy; prior registration was null
2024-11-18T12:45:49.701-04:00 DEBUG 24640 --- [examen2] [    Test worker] o.h.q.sqm.function.SqmFunctionRegistry   : Registered SqmFunctionTemplate [NamedSqmFunctionTemplate(regr_syy)] under regr_syy; prior registration was null
2024-11-18T12:45:49.701-04:00 DEBUG 24640 --- [examen2] [    Test worker] o.h.q.sqm.function.SqmFunctionRegistry   : Registered SqmFunctionTemplate [org.hibernate.query.sqm.function.PatternBasedSqmFunctionDescriptor@54970127] under insert; prior registration was null
2024-11-18T12:45:49.702-04:00 DEBUG 24640 --- [examen2] [    Test worker] o.h.q.sqm.function.SqmFunctionRegistry   : Registered SqmFunctionTemplate [org.hibernate.query.sqm.function.MultipatternSqmFunctionDescriptor@6bfbab1c] under overlay; prior registration was org.hibernate.dialect.function.InsertSubstringOverlayEmulation@7d90764a
2024-11-18T12:45:49.702-04:00 DEBUG 24640 --- [examen2] [    Test worker] o.h.q.sqm.function.SqmFunctionRegistry   : Registered SqmFunctionTemplate [NamedSqmFunctionTemplate(soundex)] under soundex; prior registration was null
2024-11-18T12:45:49.702-04:00 DEBUG 24640 --- [examen2] [    Test worker] o.h.q.sqm.function.SqmFunctionRegistry   : Registered SqmFunctionTemplate [org.hibernate.query.sqm.function.MultipatternSqmFunctionDescriptor@349aeec4] under locate; prior registration was NamedSqmFunctionTemplate(locate)
2024-11-18T12:45:49.702-04:00 DEBUG 24640 --- [examen2] [    Test worker] o.h.q.sqm.function.SqmFunctionRegistry   : Registered SqmFunctionTemplate [NamedSqmFunctionTemplate(row_number)] under row_number; prior registration was null
2024-11-18T12:45:49.702-04:00 DEBUG 24640 --- [examen2] [    Test worker] o.h.q.sqm.function.SqmFunctionRegistry   : Registered SqmFunctionTemplate [NamedSqmFunctionTemplate(lag)] under lag; prior registration was null
2024-11-18T12:45:49.702-04:00 DEBUG 24640 --- [examen2] [    Test worker] o.h.q.sqm.function.SqmFunctionRegistry   : Registered SqmFunctionTemplate [NamedSqmFunctionTemplate(lead)] under lead; prior registration was null
2024-11-18T12:45:49.702-04:00 DEBUG 24640 --- [examen2] [    Test worker] o.h.q.sqm.function.SqmFunctionRegistry   : Registered SqmFunctionTemplate [NamedSqmFunctionTemplate(first_value)] under first_value; prior registration was null
2024-11-18T12:45:49.702-04:00 DEBUG 24640 --- [examen2] [    Test worker] o.h.q.sqm.function.SqmFunctionRegistry   : Registered SqmFunctionTemplate [NamedSqmFunctionTemplate(last_value)] under last_value; prior registration was null
2024-11-18T12:45:49.702-04:00 DEBUG 24640 --- [examen2] [    Test worker] o.h.q.sqm.function.SqmFunctionRegistry   : Registered SqmFunctionTemplate [NamedSqmFunctionTemplate(nth_value)] under nth_value; prior registration was null
2024-11-18T12:45:49.703-04:00 DEBUG 24640 --- [examen2] [    Test worker] o.h.q.sqm.function.SqmFunctionRegistry   : Registered SqmFunctionTemplate [org.hibernate.dialect.function.ListaggStringAggEmulation@7744195] under listagg; prior registration was null
2024-11-18T12:45:49.704-04:00 DEBUG 24640 --- [examen2] [    Test worker] o.h.q.sqm.function.SqmFunctionRegistry   : Registered SqmFunctionTemplate [org.hibernate.dialect.function.array.PostgreSQLArrayConstructorFunction@118e2487] under array; prior registration was null
2024-11-18T12:45:49.704-04:00 DEBUG 24640 --- [examen2] [    Test worker] o.h.q.sqm.function.SqmFunctionRegistry   : Registered SqmFunctionTemplate [org.hibernate.dialect.function.array.PostgreSQLArrayConstructorFunction@6032622] under array_list; prior registration was null
2024-11-18T12:45:49.704-04:00 DEBUG 24640 --- [examen2] [    Test worker] o.h.q.sqm.function.SqmFunctionRegistry   : Registered SqmFunctionTemplate [org.hibernate.dialect.function.array.ArrayAggFunction@7b423f90] under array_agg; prior registration was null
2024-11-18T12:45:49.706-04:00 DEBUG 24640 --- [examen2] [    Test worker] o.h.q.sqm.function.SqmFunctionRegistry   : Registered SqmFunctionTemplate [org.hibernate.dialect.function.array.PostgreSQLArrayPositionFunction@215a329c] under array_position; prior registration was null
2024-11-18T12:45:49.709-04:00 DEBUG 24640 --- [examen2] [    Test worker] o.h.q.sqm.function.SqmFunctionRegistry   : Registered SqmFunctionTemplate [org.hibernate.dialect.function.array.PostgreSQLArrayPositionsFunction@5e3405a1] under array_positions; prior registration was null
2024-11-18T12:45:49.710-04:00 DEBUG 24640 --- [examen2] [    Test worker] o.h.q.sqm.function.SqmFunctionRegistry   : Registered SqmFunctionTemplate [org.hibernate.dialect.function.array.PostgreSQLArrayPositionsFunction@1a88d194] under array_positions_list; prior registration was null
2024-11-18T12:45:49.710-04:00 DEBUG 24640 --- [examen2] [    Test worker] o.h.q.sqm.function.SqmFunctionRegistry   : Registered SqmFunctionTemplate [org.hibernate.query.sqm.function.PatternBasedSqmFunctionDescriptor@6949cead] under array_length; prior registration was null
2024-11-18T12:45:49.710-04:00 DEBUG 24640 --- [examen2] [    Test worker] o.h.q.sqm.function.SqmFunctionRegistry   : Registered SqmFunctionTemplate [org.hibernate.dialect.function.array.PostgreSQLArrayConcatFunction@6b278b17] under array_concat; prior registration was null
2024-11-18T12:45:49.711-04:00 DEBUG 24640 --- [examen2] [    Test worker] o.h.q.sqm.function.SqmFunctionRegistry   : Registered SqmFunctionTemplate [org.hibernate.dialect.function.array.PostgreSQLArrayConcatElementFunction@36eb8e07] under array_prepend; prior registration was null
2024-11-18T12:45:49.711-04:00 DEBUG 24640 --- [examen2] [    Test worker] o.h.q.sqm.function.SqmFunctionRegistry   : Registered SqmFunctionTemplate [org.hibernate.dialect.function.array.PostgreSQLArrayConcatElementFunction@3df6494f] under array_append; prior registration was null
2024-11-18T12:45:49.712-04:00 DEBUG 24640 --- [examen2] [onnection adder] org.postgresql.Driver                    : Connecting with URL: jdbc:postgresql://localhost:5432/clinica
2024-11-18T12:45:49.712-04:00 DEBUG 24640 --- [examen2] [onnection adder] org.postgresql.jdbc.PgConnection         : PostgreSQL JDBC Driver 42.6.2
2024-11-18T12:45:49.712-04:00 DEBUG 24640 --- [examen2] [    Test worker] o.h.q.sqm.function.SqmFunctionRegistry   : Registered SqmFunctionTemplate [org.hibernate.dialect.function.array.ArrayContainsOperatorFunction@50ef2906] under array_contains; prior registration was null
2024-11-18T12:45:49.712-04:00 DEBUG 24640 --- [examen2] [    Test worker] o.h.q.sqm.function.SqmFunctionRegistry   : Registered SqmFunctionTemplate [org.hibernate.dialect.function.array.ArrayContainsOperatorFunction@1f70bce5] under array_contains_nullable; prior registration was null
2024-11-18T12:45:49.712-04:00 DEBUG 24640 --- [examen2] [onnection adder] org.postgresql.jdbc.PgConnection         :   setDefaultFetchSize = 0
2024-11-18T12:45:49.712-04:00 DEBUG 24640 --- [examen2] [onnection adder] org.postgresql.jdbc.PgConnection         :   setPrepareThreshold = 5
2024-11-18T12:45:49.712-04:00 DEBUG 24640 --- [examen2] [onnection adder] o.p.core.v3.ConnectionFactoryImpl        : Trying to establish a protocol version 3 connection to localhost:5432
2024-11-18T12:45:49.712-04:00 DEBUG 24640 --- [examen2] [    Test worker] o.h.q.sqm.function.SqmFunctionRegistry   : Registered SqmFunctionTemplate [org.hibernate.dialect.function.array.ArrayOverlapsOperatorFunction@4790b897] under array_overlaps; prior registration was null
2024-11-18T12:45:49.712-04:00 DEBUG 24640 --- [examen2] [    Test worker] o.h.q.sqm.function.SqmFunctionRegistry   : Registered SqmFunctionTemplate [org.hibernate.dialect.function.array.ArrayOverlapsOperatorFunction@5cba890e] under array_overlaps_nullable; prior registration was null
2024-11-18T12:45:49.712-04:00 DEBUG 24640 --- [examen2] [onnection adder] o.p.core.v3.ConnectionFactoryImpl        : Receive Buffer Size is 65.536
2024-11-18T12:45:49.712-04:00 DEBUG 24640 --- [examen2] [onnection adder] o.p.core.v3.ConnectionFactoryImpl        : Send Buffer Size is 65.536
2024-11-18T12:45:49.713-04:00 DEBUG 24640 --- [examen2] [    Test worker] o.h.q.sqm.function.SqmFunctionRegistry   : Registered SqmFunctionTemplate [org.hibernate.query.sqm.function.PatternBasedSqmFunctionDescriptor@79b4cff] under array_get; prior registration was null
2024-11-18T12:45:49.713-04:00 DEBUG 24640 --- [examen2] [    Test worker] o.h.q.sqm.function.SqmFunctionRegistry   : Registered SqmFunctionTemplate [org.hibernate.dialect.function.array.ArraySetUnnestFunction@4dd752e8] under array_set; prior registration was null
2024-11-18T12:45:49.713-04:00 DEBUG 24640 --- [examen2] [    Test worker] o.h.q.sqm.function.SqmFunctionRegistry   : Registered SqmFunctionTemplate [NamedSqmFunctionTemplate(array_remove)] under array_remove; prior registration was null
2024-11-18T12:45:49.713-04:00 DEBUG 24640 --- [examen2] [    Test worker] o.h.q.sqm.function.SqmFunctionRegistry   : Registered SqmFunctionTemplate [org.hibernate.dialect.function.array.ArrayRemoveIndexUnnestFunction@42ef5216] under array_remove_index; prior registration was null
2024-11-18T12:45:49.713-04:00 DEBUG 24640 --- [examen2] [    Test worker] o.h.q.sqm.function.SqmFunctionRegistry   : Registered SqmFunctionTemplate [org.hibernate.query.sqm.function.PatternBasedSqmFunctionDescriptor@3180aee] under array_slice; prior registration was null
2024-11-18T12:45:49.713-04:00 DEBUG 24640 --- [examen2] [    Test worker] o.h.q.sqm.function.SqmFunctionRegistry   : Registered SqmFunctionTemplate [NamedSqmFunctionTemplate(array_replace)] under array_replace; prior registration was null
2024-11-18T12:45:49.713-04:00 DEBUG 24640 --- [examen2] [    Test worker] o.h.q.sqm.function.SqmFunctionRegistry   : Registered SqmFunctionTemplate [org.hibernate.query.sqm.function.PatternBasedSqmFunctionDescriptor@5d94ac8a] under array_trim; prior registration was null
2024-11-18T12:45:49.714-04:00 DEBUG 24640 --- [examen2] [    Test worker] o.h.q.sqm.function.SqmFunctionRegistry   : Registered SqmFunctionTemplate [org.hibernate.dialect.function.array.PostgreSQLArrayFillFunction@72646d16] under array_fill; prior registration was null
2024-11-18T12:45:49.714-04:00 DEBUG 24640 --- [examen2] [    Test worker] o.h.q.sqm.function.SqmFunctionRegistry   : Registered SqmFunctionTemplate [org.hibernate.dialect.function.array.PostgreSQLArrayFillFunction@6ec2d990] under array_fill_list; prior registration was null
2024-11-18T12:45:49.714-04:00 DEBUG 24640 --- [examen2] [    Test worker] o.h.q.sqm.function.SqmFunctionRegistry   : Registered SqmFunctionTemplate [org.hibernate.dialect.function.array.ArrayToStringFunction@2f39b534] under array_to_string; prior registration was null
2024-11-18T12:45:49.714-04:00 DEBUG 24640 --- [examen2] [    Test worker] o.h.q.sqm.function.SqmFunctionRegistry   : Registered SqmFunctionTemplate [NamedSqmFunctionTemplate(make_date)] under make_date; prior registration was null
2024-11-18T12:45:49.714-04:00 DEBUG 24640 --- [examen2] [    Test worker] o.h.q.sqm.function.SqmFunctionRegistry   : Registered SqmFunctionTemplate [NamedSqmFunctionTemplate(make_time)] under make_time; prior registration was null
2024-11-18T12:45:49.714-04:00 DEBUG 24640 --- [examen2] [    Test worker] o.h.q.sqm.function.SqmFunctionRegistry   : Registered SqmFunctionTemplate [NamedSqmFunctionTemplate(make_timestamp)] under make_timestamp; prior registration was null
2024-11-18T12:45:49.714-04:00 DEBUG 24640 --- [examen2] [    Test worker] o.h.q.sqm.function.SqmFunctionRegistry   : Registered SqmFunctionTemplate [NamedSqmFunctionTemplate(make_timestamptz)] under make_timestamptz; prior registration was null
2024-11-18T12:45:49.716-04:00 DEBUG 24640 --- [examen2] [    Test worker] o.h.q.sqm.function.SqmFunctionRegistry   : Registered SqmFunctionTemplate [org.hibernate.dialect.function.InverseDistributionFunction@42ebece0] under mode; prior registration was null
2024-11-18T12:45:49.716-04:00 DEBUG 24640 --- [examen2] [    Test worker] o.h.q.sqm.function.SqmFunctionRegistry   : Registered SqmFunctionTemplate [org.hibernate.dialect.function.InverseDistributionFunction@15c4b1a4] under percentile_cont; prior registration was null
2024-11-18T12:45:49.716-04:00 DEBUG 24640 --- [examen2] [    Test worker] o.h.q.sqm.function.SqmFunctionRegistry   : Registered SqmFunctionTemplate [org.hibernate.dialect.function.InverseDistributionFunction@341964d0] under percentile_disc; prior registration was null
2024-11-18T12:45:49.716-04:00 DEBUG 24640 --- [examen2] [    Test worker] o.h.q.sqm.function.SqmFunctionRegistry   : Registered SqmFunctionTemplate [org.hibernate.dialect.function.HypotheticalSetFunction@31de27c] under rank; prior registration was null
2024-11-18T12:45:49.716-04:00 DEBUG 24640 --- [examen2] [    Test worker] o.h.q.sqm.function.SqmFunctionRegistry   : Registered SqmFunctionTemplate [org.hibernate.dialect.function.HypotheticalSetFunction@7ebfe01a] under dense_rank; prior registration was null
2024-11-18T12:45:49.716-04:00 DEBUG 24640 --- [examen2] [    Test worker] o.h.q.sqm.function.SqmFunctionRegistry   : Registered SqmFunctionTemplate [org.hibernate.dialect.function.HypotheticalSetFunction@154b0748] under percent_rank; prior registration was null
2024-11-18T12:45:49.716-04:00 DEBUG 24640 --- [examen2] [    Test worker] o.h.q.sqm.function.SqmFunctionRegistry   : Registered SqmFunctionTemplate [org.hibernate.dialect.function.HypotheticalSetFunction@35c00c] under cume_dist; prior registration was null
2024-11-18T12:45:49.716-04:00 DEBUG 24640 --- [examen2] [    Test worker] o.h.q.sqm.function.SqmFunctionRegistry   : Registered SqmFunctionTemplate [org.hibernate.dialect.function.PostgreSQLMinMaxFunction@e4ef4c0] under min; prior registration was NamedSqmFunctionTemplate(min)
2024-11-18T12:45:49.716-04:00 DEBUG 24640 --- [examen2] [    Test worker] o.h.q.sqm.function.SqmFunctionRegistry   : Registered SqmFunctionTemplate [org.hibernate.dialect.function.PostgreSQLMinMaxFunction@5ca8bd01] under max; prior registration was NamedSqmFunctionTemplate(max)
2024-11-18T12:45:49.717-04:00 DEBUG 24640 --- [examen2] [    Test worker] o.h.q.sqm.function.SqmFunctionRegistry   : Registered SqmFunctionTemplate [org.hibernate.dialect.function.PostgreSQLTruncRoundFunction@10ad95cd] under round; prior registration was NamedSqmFunctionTemplate(round)
2024-11-18T12:45:49.718-04:00 DEBUG 24640 --- [examen2] [    Test worker] o.h.q.sqm.function.SqmFunctionRegistry   : Registered SqmFunctionTemplate [org.hibernate.dialect.function.PostgreSQLTruncFunction@7cbede2b] under trunc; prior registration was null
2024-11-18T12:45:49.718-04:00 DEBUG 24640 --- [examen2] [    Test worker] o.h.q.sqm.function.SqmFunctionRegistry   : Registering alternate key : truncate -> trunc
2024-11-18T12:45:49.718-04:00 DEBUG 24640 --- [examen2] [    Test worker] o.h.q.sqm.function.SqmFunctionRegistry   : Registered SqmFunctionTemplate [org.hibernate.query.sqm.function.PatternBasedSqmFunctionDescriptor@1ef04613] under date_trunc; prior registration was null
2024-11-18T12:45:49.719-04:00 DEBUG 24640 --- [examen2] [    Test worker] org.hibernate.HQL_FUNCTIONS              : abs(NUMERIC arg)
2024-11-18T12:45:49.719-04:00 DEBUG 24640 --- [examen2] [    Test worker] org.hibernate.HQL_FUNCTIONS              : Double acos(NUMERIC arg)
2024-11-18T12:45:49.719-04:00 DEBUG 24640 --- [examen2] [    Test worker] org.hibernate.HQL_FUNCTIONS              : Double acosh(NUMERIC arg)
2024-11-18T12:45:49.719-04:00 DEBUG 24640 --- [examen2] [    Test worker] org.hibernate.HQL_FUNCTIONS              : Boolean any(BOOLEAN predicate)
2024-11-18T12:45:49.719-04:00 DEBUG 24640 --- [examen2] [    Test worker] org.hibernate.HQL_FUNCTIONS              : array( ... )
2024-11-18T12:45:49.719-04:00 DEBUG 24640 --- [examen2] [    Test worker] org.hibernate.HQL_FUNCTIONS              : array_agg(arg)
2024-11-18T12:45:49.719-04:00 DEBUG 24640 --- [examen2] [    Test worker] org.hibernate.HQL_FUNCTIONS              : array_append( ... )
2024-11-18T12:45:49.719-04:00 DEBUG 24640 --- [examen2] [    Test worker] org.hibernate.HQL_FUNCTIONS              : array_concat( ... )
2024-11-18T12:45:49.719-04:00 DEBUG 24640 --- [examen2] [    Test worker] org.hibernate.HQL_FUNCTIONS              : Boolean array_contains(ARRAY haystackArray, OBJECT needleElementOrArray)
2024-11-18T12:45:49.719-04:00 DEBUG 24640 --- [examen2] [    Test worker] org.hibernate.HQL_FUNCTIONS              : Boolean array_contains_nullable(ARRAY haystackArray, OBJECT needleElementOrArray)
2024-11-18T12:45:49.719-04:00 DEBUG 24640 --- [examen2] [    Test worker] org.hibernate.HQL_FUNCTIONS              : array_fill(OBJECT element, INTEGER elementCount)
2024-11-18T12:45:49.719-04:00 DEBUG 24640 --- [examen2] [    Test worker] org.hibernate.HQL_FUNCTIONS              : array_fill_list(OBJECT element, INTEGER elementCount)
2024-11-18T12:45:49.719-04:00 DEBUG 24640 --- [examen2] [    Test worker] org.hibernate.HQL_FUNCTIONS              : array_get(ARRAY array, INTEGER index)
2024-11-18T12:45:49.719-04:00 DEBUG 24640 --- [examen2] [    Test worker] org.hibernate.HQL_FUNCTIONS              : Integer array_length(ARRAY array)
2024-11-18T12:45:49.719-04:00 DEBUG 24640 --- [examen2] [    Test worker] org.hibernate.HQL_FUNCTIONS              : array_list( ... )
2024-11-18T12:45:49.719-04:00 DEBUG 24640 --- [examen2] [    Test worker] org.hibernate.HQL_FUNCTIONS              : Boolean array_overlaps(ARRAY array0, OBJECT array1)
2024-11-18T12:45:49.719-04:00 DEBUG 24640 --- [examen2] [    Test worker] org.hibernate.HQL_FUNCTIONS              : Boolean array_overlaps_nullable(ARRAY array0, OBJECT array1)
2024-11-18T12:45:49.719-04:00 DEBUG 24640 --- [examen2] [    Test worker] org.hibernate.HQL_FUNCTIONS              : Integer array_position(ARRAY array, OBJECT element[, INTEGER startPosition])
2024-11-18T12:45:49.719-04:00 DEBUG 24640 --- [examen2] [    Test worker] org.hibernate.HQL_FUNCTIONS              : int[] array_positions(ARRAY array, OBJECT element)
2024-11-18T12:45:49.719-04:00 DEBUG 24640 --- [examen2] [    Test worker] org.hibernate.HQL_FUNCTIONS              : List array_positions_list(ARRAY array, OBJECT element)
2024-11-18T12:45:49.719-04:00 DEBUG 24640 --- [examen2] [    Test worker] org.hibernate.HQL_FUNCTIONS              : array_prepend( ... )
2024-11-18T12:45:49.719-04:00 DEBUG 24640 --- [examen2] [    Test worker] org.hibernate.HQL_FUNCTIONS              : array_remove( ... )
2024-11-18T12:45:49.719-04:00 DEBUG 24640 --- [examen2] [    Test worker] org.hibernate.HQL_FUNCTIONS              : array_remove_index( ... )
2024-11-18T12:45:49.719-04:00 DEBUG 24640 --- [examen2] [    Test worker] org.hibernate.HQL_FUNCTIONS              : array_replace(ARRAY array, OBJECT old, OBJECT new)
2024-11-18T12:45:49.719-04:00 DEBUG 24640 --- [examen2] [    Test worker] org.hibernate.HQL_FUNCTIONS              : array_set( ... )
2024-11-18T12:45:49.719-04:00 DEBUG 24640 --- [examen2] [    Test worker] org.hibernate.HQL_FUNCTIONS              : array_slice(ARRAY array, INTEGER start, INTEGER end)
2024-11-18T12:45:49.719-04:00 DEBUG 24640 --- [examen2] [    Test worker] org.hibernate.HQL_FUNCTIONS              : String array_to_string( ... )
2024-11-18T12:45:49.719-04:00 DEBUG 24640 --- [examen2] [    Test worker] org.hibernate.HQL_FUNCTIONS              : array_trim(ARRAY array, INTEGER elementsToRemove)
2024-11-18T12:45:49.719-04:00 DEBUG 24640 --- [examen2] [    Test worker] org.hibernate.HQL_FUNCTIONS              : Integer ascii(STRING arg)
2024-11-18T12:45:49.719-04:00 DEBUG 24640 --- [examen2] [    Test worker] org.hibernate.HQL_FUNCTIONS              : Double asin(NUMERIC arg)
2024-11-18T12:45:49.719-04:00 DEBUG 24640 --- [examen2] [    Test worker] org.hibernate.HQL_FUNCTIONS              : Double asinh(NUMERIC arg)
2024-11-18T12:45:49.719-04:00 DEBUG 24640 --- [examen2] [    Test worker] org.hibernate.HQL_FUNCTIONS              : Double atan(NUMERIC arg)
2024-11-18T12:45:49.719-04:00 DEBUG 24640 --- [examen2] [    Test worker] org.hibernate.HQL_FUNCTIONS              : Double atan2(NUMERIC arg0, NUMERIC arg1)
2024-11-18T12:45:49.719-04:00 DEBUG 24640 --- [examen2] [    Test worker] org.hibernate.HQL_FUNCTIONS              : Double atanh(NUMERIC arg)
2024-11-18T12:45:49.719-04:00 DEBUG 24640 --- [examen2] [    Test worker] org.hibernate.HQL_FUNCTIONS              : avg(arg)
2024-11-18T12:45:49.719-04:00 DEBUG 24640 --- [examen2] [    Test worker] org.hibernate.HQL_FUNCTIONS              : bit_and(arg)
2024-11-18T12:45:49.719-04:00 DEBUG 24640 --- [examen2] [    Test worker] org.hibernate.HQL_FUNCTIONS              : Integer bit_length(STRING_OR_CLOB arg)
2024-11-18T12:45:49.719-04:00 DEBUG 24640 --- [examen2] [    Test worker] org.hibernate.HQL_FUNCTIONS              : bit_or(arg)
2024-11-18T12:45:49.719-04:00 DEBUG 24640 --- [examen2] [    Test worker] org.hibernate.HQL_FUNCTIONS              : bitand(arg0, arg1)
2024-11-18T12:45:49.719-04:00 DEBUG 24640 --- [examen2] [    Test worker] org.hibernate.HQL_FUNCTIONS              : bitnot(arg)
2024-11-18T12:45:49.719-04:00 DEBUG 24640 --- [examen2] [    Test worker] org.hibernate.HQL_FUNCTIONS              : bitor(arg0, arg1)
2024-11-18T12:45:49.719-04:00 DEBUG 24640 --- [examen2] [    Test worker] org.hibernate.HQL_FUNCTIONS              : bitxor(arg0, arg1)
2024-11-18T12:45:49.719-04:00 DEBUG 24640 --- [examen2] [    Test worker] org.hibernate.HQL_FUNCTIONS              : Boolean bool_and(BOOLEAN predicate)
2024-11-18T12:45:49.719-04:00 DEBUG 24640 --- [examen2] [    Test worker] org.hibernate.HQL_FUNCTIONS              : Boolean bool_or(BOOLEAN predicate)
2024-11-18T12:45:49.719-04:00 DEBUG 24640 --- [examen2] [    Test worker] org.hibernate.HQL_FUNCTIONS              : cast(arg as Type)
2024-11-18T12:45:49.719-04:00 DEBUG 24640 --- [examen2] [    Test worker] org.hibernate.HQL_FUNCTIONS              : Double cbrt(NUMERIC arg)
2024-11-18T12:45:49.719-04:00 DEBUG 24640 --- [examen2] [    Test worker] org.hibernate.HQL_FUNCTIONS              : ceiling(NUMERIC arg)
2024-11-18T12:45:49.719-04:00 DEBUG 24640 --- [examen2] [    Test worker] org.hibernate.HQL_FUNCTIONS              : Character char(INTEGER arg)
2024-11-18T12:45:49.719-04:00 DEBUG 24640 --- [examen2] [    Test worker] org.hibernate.HQL_FUNCTIONS              : Integer character_length(STRING_OR_CLOB arg)
2024-11-18T12:45:49.719-04:00 DEBUG 24640 --- [examen2] [    Test worker] org.hibernate.HQL_FUNCTIONS              : Character chr(INTEGER arg)
2024-11-18T12:45:49.719-04:00 DEBUG 24640 --- [examen2] [    Test worker] org.hibernate.HQL_FUNCTIONS              : coalesce(arg0[, arg1[, ...]])
2024-11-18T12:45:49.719-04:00 DEBUG 24640 --- [examen2] [    Test worker] org.hibernate.HQL_FUNCTIONS              : String collate(STRING string as COLLATION collation)
2024-11-18T12:45:49.719-04:00 DEBUG 24640 --- [examen2] [    Test worker] org.hibernate.HQL_FUNCTIONS              : (STRING string0[, STRING string1[, ...]])
2024-11-18T12:45:49.720-04:00 DEBUG 24640 --- [examen2] [    Test worker] org.hibernate.HQL_FUNCTIONS              : Double corr(NUMERIC arg0, NUMERIC arg1)
2024-11-18T12:45:49.720-04:00 DEBUG 24640 --- [examen2] [    Test worker] org.hibernate.HQL_FUNCTIONS              : Double cos(NUMERIC arg)
2024-11-18T12:45:49.720-04:00 DEBUG 24640 --- [examen2] [    Test worker] org.hibernate.HQL_FUNCTIONS              : Double cosh(NUMERIC arg)
2024-11-18T12:45:49.720-04:00 DEBUG 24640 --- [examen2] [    Test worker] org.hibernate.HQL_FUNCTIONS              : Double cot(NUMERIC arg)
2024-11-18T12:45:49.720-04:00 DEBUG 24640 --- [examen2] [    Test worker] org.hibernate.HQL_FUNCTIONS              : Long count([distinct ]{arg|*})
2024-11-18T12:45:49.720-04:00 DEBUG 24640 --- [examen2] [    Test worker] org.hibernate.HQL_FUNCTIONS              : Double covar_pop(NUMERIC arg0, NUMERIC arg1)
2024-11-18T12:45:49.720-04:00 DEBUG 24640 --- [examen2] [    Test worker] org.hibernate.HQL_FUNCTIONS              : Double covar_samp(NUMERIC arg0, NUMERIC arg1)
2024-11-18T12:45:49.720-04:00 DEBUG 24640 --- [examen2] [    Test worker] org.hibernate.HQL_FUNCTIONS              : Double cume_dist([arg0[, ...]])
2024-11-18T12:45:49.720-04:00 DEBUG 24640 --- [examen2] [    Test worker] org.hibernate.HQL_FUNCTIONS              : Date current date
2024-11-18T12:45:49.720-04:00 DEBUG 24640 --- [examen2] [    Test worker] org.hibernate.HQL_FUNCTIONS              : Time current time
2024-11-18T12:45:49.720-04:00 DEBUG 24640 --- [examen2] [    Test worker] org.hibernate.HQL_FUNCTIONS              : Timestamp current timestamp
2024-11-18T12:45:49.720-04:00 DEBUG 24640 --- [examen2] [    Test worker] org.hibernate.HQL_FUNCTIONS              : Date current_date
2024-11-18T12:45:49.720-04:00 DEBUG 24640 --- [examen2] [    Test worker] org.hibernate.HQL_FUNCTIONS              : Instant current_instant
2024-11-18T12:45:49.720-04:00 DEBUG 24640 --- [examen2] [    Test worker] org.hibernate.HQL_FUNCTIONS              : Time current_time
2024-11-18T12:45:49.720-04:00 DEBUG 24640 --- [examen2] [    Test worker] org.hibernate.HQL_FUNCTIONS              : Timestamp current_timestamp
2024-11-18T12:45:49.720-04:00 DEBUG 24640 --- [examen2] [    Test worker] org.hibernate.HQL_FUNCTIONS              : date_trunc(STRING field, TEMPORAL datetime)
2024-11-18T12:45:49.720-04:00 DEBUG 24640 --- [examen2] [    Test worker] org.hibernate.HQL_FUNCTIONS              : dateadd(TEMPORAL_UNIT field, INTEGER magnitude, TEMPORAL datetime)
2024-11-18T12:45:49.720-04:00 DEBUG 24640 --- [examen2] [    Test worker] org.hibernate.HQL_FUNCTIONS              : basicType@6(java.lang.Long,-5)|basicType@18(java.lang.Double,8) datediff(TEMPORAL_UNIT field, TEMPORAL start, TEMPORAL end)
2024-11-18T12:45:49.720-04:00 DEBUG 24640 --- [examen2] [    Test worker] org.hibernate.HQL_FUNCTIONS              : Double degrees(NUMERIC arg)
2024-11-18T12:45:49.720-04:00 DEBUG 24640 --- [examen2] [    Test worker] org.hibernate.HQL_FUNCTIONS              : Long dense_rank([arg0[, ...]])
2024-11-18T12:45:49.720-04:00 DEBUG 24640 --- [examen2] [    Test worker] org.hibernate.HQL_FUNCTIONS              : Boolean every(BOOLEAN predicate)
2024-11-18T12:45:49.720-04:00 DEBUG 24640 --- [examen2] [    Test worker] org.hibernate.HQL_FUNCTIONS              : Double exp(NUMERIC arg)
2024-11-18T12:45:49.720-04:00 DEBUG 24640 --- [examen2] [    Test worker] org.hibernate.HQL_FUNCTIONS              : extract(TEMPORAL_UNIT field from TEMPORAL arg)
2024-11-18T12:45:49.720-04:00 DEBUG 24640 --- [examen2] [    Test worker] org.hibernate.HQL_FUNCTIONS              : first_valueANY value
2024-11-18T12:45:49.720-04:00 DEBUG 24640 --- [examen2] [    Test worker] org.hibernate.HQL_FUNCTIONS              : floor(NUMERIC arg)
2024-11-18T12:45:49.720-04:00 DEBUG 24640 --- [examen2] [    Test worker] org.hibernate.HQL_FUNCTIONS              : String format(TEMPORAL datetime as STRING pattern)
2024-11-18T12:45:49.720-04:00 DEBUG 24640 --- [examen2] [    Test worker] org.hibernate.HQL_FUNCTIONS              : greatest(COMPARABLE arg0, COMPARABLE arg1[, arg2[, ...]])
2024-11-18T12:45:49.720-04:00 DEBUG 24640 --- [examen2] [    Test worker] org.hibernate.HQL_FUNCTIONS              : ifnull(arg0, arg1)
2024-11-18T12:45:49.720-04:00 DEBUG 24640 --- [examen2] [    Test worker] org.hibernate.HQL_FUNCTIONS              : String initcap(arg)
2024-11-18T12:45:49.720-04:00 DEBUG 24640 --- [examen2] [    Test worker] org.hibernate.HQL_FUNCTIONS              : String insert(STRING string, INTEGER start, INTEGER length, STRING replacement)
2024-11-18T12:45:49.720-04:00 DEBUG 24640 --- [examen2] [    Test worker] org.hibernate.HQL_FUNCTIONS              : Instant instant
2024-11-18T12:45:49.720-04:00 DEBUG 24640 --- [examen2] [    Test worker] org.hibernate.HQL_FUNCTIONS              : lagANY value[, INTEGER offset[, ANY default]]
2024-11-18T12:45:49.720-04:00 DEBUG 24640 --- [examen2] [    Test worker] org.hibernate.HQL_FUNCTIONS              : last_valueANY value
2024-11-18T12:45:49.720-04:00 DEBUG 24640 --- [examen2] [    Test worker] org.hibernate.HQL_FUNCTIONS              : leadANY value[, INTEGER offset[, ANY default]]
2024-11-18T12:45:49.720-04:00 DEBUG 24640 --- [examen2] [    Test worker] org.hibernate.HQL_FUNCTIONS              : least(COMPARABLE arg0, COMPARABLE arg1[, arg2[, ...]])
2024-11-18T12:45:49.720-04:00 DEBUG 24640 --- [examen2] [    Test worker] org.hibernate.HQL_FUNCTIONS              : String left(STRING string, INTEGER length)
2024-11-18T12:45:49.721-04:00 DEBUG 24640 --- [examen2] [    Test worker] org.hibernate.HQL_FUNCTIONS              : Integer length(STRING_OR_CLOB arg)
2024-11-18T12:45:49.721-04:00 DEBUG 24640 --- [examen2] [    Test worker] org.hibernate.HQL_FUNCTIONS              : String listagg(STRING arg0, STRING arg1)
2024-11-18T12:45:49.721-04:00 DEBUG 24640 --- [examen2] [    Test worker] org.hibernate.HQL_FUNCTIONS              : Double ln(NUMERIC arg)
2024-11-18T12:45:49.721-04:00 DEBUG 24640 --- [examen2] [    Test worker] org.hibernate.HQL_FUNCTIONS              : LocalDate local date
2024-11-18T12:45:49.721-04:00 DEBUG 24640 --- [examen2] [    Test worker] org.hibernate.HQL_FUNCTIONS              : LocalDateTime local datetime
2024-11-18T12:45:49.721-04:00 DEBUG 24640 --- [examen2] [    Test worker] org.hibernate.HQL_FUNCTIONS              : LocalTime local time
2024-11-18T12:45:49.721-04:00 DEBUG 24640 --- [examen2] [    Test worker] org.hibernate.HQL_FUNCTIONS              : LocalDate local_date
2024-11-18T12:45:49.721-04:00 DEBUG 24640 --- [examen2] [    Test worker] org.hibernate.HQL_FUNCTIONS              : LocalDateTime local_datetime
2024-11-18T12:45:49.721-04:00 DEBUG 24640 --- [examen2] [    Test worker] org.hibernate.HQL_FUNCTIONS              : LocalTime local_time
2024-11-18T12:45:49.721-04:00 DEBUG 24640 --- [examen2] [    Test worker] org.hibernate.HQL_FUNCTIONS              : Time localtime
2024-11-18T12:45:49.721-04:00 DEBUG 24640 --- [examen2] [    Test worker] org.hibernate.HQL_FUNCTIONS              : Timestamp localtimestamp
2024-11-18T12:45:49.721-04:00 DEBUG 24640 --- [examen2] [    Test worker] org.hibernate.HQL_FUNCTIONS              : Integer locate(STRING pattern, STRING string[, INTEGER start])
2024-11-18T12:45:49.721-04:00 DEBUG 24640 --- [examen2] [    Test worker] org.hibernate.HQL_FUNCTIONS              : Double log(NUMERIC arg0[, NUMERIC arg1])
2024-11-18T12:45:49.721-04:00 DEBUG 24640 --- [examen2] [    Test worker] org.hibernate.HQL_FUNCTIONS              : Double log10(NUMERIC arg)
2024-11-18T12:45:49.721-04:00 DEBUG 24640 --- [examen2] [    Test worker] org.hibernate.HQL_FUNCTIONS              : String lower(STRING string)
2024-11-18T12:45:49.721-04:00 DEBUG 24640 --- [examen2] [    Test worker] org.hibernate.HQL_FUNCTIONS              : String lpad(STRING string, INTEGER length[, STRING padding])
2024-11-18T12:45:49.721-04:00 DEBUG 24640 --- [examen2] [    Test worker] org.hibernate.HQL_FUNCTIONS              : String ltrim(STRING string[, STRING characters])
2024-11-18T12:45:49.721-04:00 DEBUG 24640 --- [examen2] [    Test worker] org.hibernate.HQL_FUNCTIONS              : Date make_date(INTEGER arg0, INTEGER arg1, INTEGER arg2)
2024-11-18T12:45:49.721-04:00 DEBUG 24640 --- [examen2] [    Test worker] org.hibernate.HQL_FUNCTIONS              : Time make_time(INTEGER arg0, INTEGER arg1, INTEGER arg2)
2024-11-18T12:45:49.721-04:00 DEBUG 24640 --- [examen2] [    Test worker] org.hibernate.HQL_FUNCTIONS              : Timestamp make_timestamp(INTEGER arg0, INTEGER arg1, INTEGER arg2, INTEGER arg3, INTEGER arg4, INTEGER arg5)
2024-11-18T12:45:49.721-04:00 DEBUG 24640 --- [examen2] [    Test worker] org.hibernate.HQL_FUNCTIONS              : Timestamp make_timestamptz(INTEGER arg0, INTEGER arg1, INTEGER arg2, INTEGER arg3, INTEGER arg4, INTEGER arg5[, INTEGER arg6])
2024-11-18T12:45:49.721-04:00 DEBUG 24640 --- [examen2] [    Test worker] org.hibernate.HQL_FUNCTIONS              : max(COMPARABLE arg)
2024-11-18T12:45:49.721-04:00 DEBUG 24640 --- [examen2] [    Test worker] org.hibernate.HQL_FUNCTIONS              : String md5(arg)
2024-11-18T12:45:49.721-04:00 DEBUG 24640 --- [examen2] [    Test worker] org.hibernate.HQL_FUNCTIONS              : Double median(NUMERIC arg)
2024-11-18T12:45:49.721-04:00 DEBUG 24640 --- [examen2] [    Test worker] org.hibernate.HQL_FUNCTIONS              : min(COMPARABLE arg)
2024-11-18T12:45:49.721-04:00 DEBUG 24640 --- [examen2] [    Test worker] org.hibernate.HQL_FUNCTIONS              : Integer mod(INTEGER arg0, INTEGER arg1)
2024-11-18T12:45:49.721-04:00 DEBUG 24640 --- [examen2] [    Test worker] org.hibernate.HQL_FUNCTIONS              : mode()
2024-11-18T12:45:49.721-04:00 DEBUG 24640 --- [examen2] [    Test worker] org.hibernate.HQL_FUNCTIONS              : nth_valueANY value, INTEGER nth
2024-11-18T12:45:49.721-04:00 DEBUG 24640 --- [examen2] [    Test worker] org.hibernate.HQL_FUNCTIONS              : nullif(arg0, arg1)
2024-11-18T12:45:49.721-04:00 DEBUG 24640 --- [examen2] [    Test worker] org.hibernate.HQL_FUNCTIONS              : Integer octet_length(STRING_OR_CLOB arg)
2024-11-18T12:45:49.721-04:00 DEBUG 24640 --- [examen2] [    Test worker] org.hibernate.HQL_FUNCTIONS              : OffsetDateTime offset datetime
2024-11-18T12:45:49.721-04:00 DEBUG 24640 --- [examen2] [    Test worker] org.hibernate.HQL_FUNCTIONS              : OffsetDateTime offset_datetime
2024-11-18T12:45:49.721-04:00 DEBUG 24640 --- [examen2] [    Test worker] org.hibernate.HQL_FUNCTIONS              : String overlay(string placing replacement from start[ for length])
2024-11-18T12:45:49.721-04:00 DEBUG 24640 --- [examen2] [    Test worker] org.hibernate.HQL_FUNCTIONS              : String pad(STRING string with INTEGER length {leading|trailing}[ STRING character])
2024-11-18T12:45:49.721-04:00 DEBUG 24640 --- [examen2] [    Test worker] org.hibernate.HQL_FUNCTIONS              : Double percent_rank([arg0[, ...]])
2024-11-18T12:45:49.721-04:00 DEBUG 24640 --- [examen2] [    Test worker] org.hibernate.HQL_FUNCTIONS              : percentile_cont(NUMERIC arg)
2024-11-18T12:45:49.721-04:00 DEBUG 24640 --- [examen2] [    Test worker] org.hibernate.HQL_FUNCTIONS              : percentile_disc(NUMERIC arg)
2024-11-18T12:45:49.721-04:00 DEBUG 24640 --- [examen2] [    Test worker] org.hibernate.HQL_FUNCTIONS              : Double pi
2024-11-18T12:45:49.721-04:00 DEBUG 24640 --- [examen2] [    Test worker] org.hibernate.HQL_FUNCTIONS              : Integer position(STRING pattern in STRING string)
2024-11-18T12:45:49.721-04:00 DEBUG 24640 --- [examen2] [    Test worker] org.hibernate.HQL_FUNCTIONS              : Double power(NUMERIC arg0, NUMERIC arg1)
2024-11-18T12:45:49.721-04:00 DEBUG 24640 --- [examen2] [    Test worker] org.hibernate.HQL_FUNCTIONS              : Double radians(NUMERIC arg)
2024-11-18T12:45:49.721-04:00 DEBUG 24640 --- [examen2] [    Test worker] org.hibernate.HQL_FUNCTIONS              : Long rank([arg0[, ...]])
2024-11-18T12:45:49.721-04:00 DEBUG 24640 --- [examen2] [    Test worker] org.hibernate.HQL_FUNCTIONS              : Double regr_avgx(NUMERIC arg0, NUMERIC arg1)
2024-11-18T12:45:49.721-04:00 DEBUG 24640 --- [examen2] [    Test worker] org.hibernate.HQL_FUNCTIONS              : Double regr_avgy(NUMERIC arg0, NUMERIC arg1)
2024-11-18T12:45:49.721-04:00 DEBUG 24640 --- [examen2] [    Test worker] org.hibernate.HQL_FUNCTIONS              : Double regr_count(NUMERIC arg0, NUMERIC arg1)
2024-11-18T12:45:49.722-04:00 DEBUG 24640 --- [examen2] [    Test worker] org.hibernate.HQL_FUNCTIONS              : Double regr_intercept(NUMERIC arg0, NUMERIC arg1)
2024-11-18T12:45:49.722-04:00 DEBUG 24640 --- [examen2] [    Test worker] org.hibernate.HQL_FUNCTIONS              : Double regr_r2(NUMERIC arg0, NUMERIC arg1)
2024-11-18T12:45:49.722-04:00 DEBUG 24640 --- [examen2] [    Test worker] org.hibernate.HQL_FUNCTIONS              : Double regr_slope(NUMERIC arg0, NUMERIC arg1)
2024-11-18T12:45:49.722-04:00 DEBUG 24640 --- [examen2] [    Test worker] org.hibernate.HQL_FUNCTIONS              : Double regr_sxx(NUMERIC arg0, NUMERIC arg1)
2024-11-18T12:45:49.722-04:00 DEBUG 24640 --- [examen2] [    Test worker] org.hibernate.HQL_FUNCTIONS              : Double regr_sxy(NUMERIC arg0, NUMERIC arg1)
2024-11-18T12:45:49.722-04:00 DEBUG 24640 --- [examen2] [    Test worker] org.hibernate.HQL_FUNCTIONS              : Double regr_syy(NUMERIC arg0, NUMERIC arg1)
2024-11-18T12:45:49.722-04:00 DEBUG 24640 --- [examen2] [    Test worker] org.hibernate.HQL_FUNCTIONS              : String repeat(STRING string, INTEGER times)
2024-11-18T12:45:49.722-04:00 DEBUG 24640 --- [examen2] [    Test worker] org.hibernate.HQL_FUNCTIONS              : String replace(STRING string, STRING pattern, STRING replacement)
2024-11-18T12:45:49.722-04:00 DEBUG 24640 --- [examen2] [    Test worker] org.hibernate.HQL_FUNCTIONS              : String right(STRING string, INTEGER length)
2024-11-18T12:45:49.722-04:00 DEBUG 24640 --- [examen2] [    Test worker] org.hibernate.HQL_FUNCTIONS              : round(NUMERIC number[, INTEGER places])
2024-11-18T12:45:49.722-04:00 DEBUG 24640 --- [examen2] [    Test worker] org.hibernate.HQL_FUNCTIONS              : Long row_number()
2024-11-18T12:45:49.722-04:00 DEBUG 24640 --- [examen2] [    Test worker] org.hibernate.HQL_FUNCTIONS              : String rpad(STRING string, INTEGER length[, STRING padding])
2024-11-18T12:45:49.722-04:00 DEBUG 24640 --- [examen2] [    Test worker] org.hibernate.HQL_FUNCTIONS              : String rtrim(STRING string[, STRING characters])
2024-11-18T12:45:49.722-04:00 DEBUG 24640 --- [examen2] [    Test worker] org.hibernate.HQL_FUNCTIONS              : Integer sign(NUMERIC arg)
2024-11-18T12:45:49.722-04:00 DEBUG 24640 --- [examen2] [    Test worker] org.hibernate.HQL_FUNCTIONS              : Double sin(NUMERIC arg)
2024-11-18T12:45:49.722-04:00 DEBUG 24640 --- [examen2] [    Test worker] org.hibernate.HQL_FUNCTIONS              : Double sinh(NUMERIC arg)
2024-11-18T12:45:49.722-04:00 DEBUG 24640 --- [examen2] [    Test worker] org.hibernate.HQL_FUNCTIONS              : String soundex(arg)
2024-11-18T12:45:49.722-04:00 DEBUG 24640 --- [examen2] [    Test worker] org.hibernate.HQL_FUNCTIONS              : Object sql
2024-11-18T12:45:49.722-04:00 DEBUG 24640 --- [examen2] [    Test worker] org.hibernate.HQL_FUNCTIONS              : Double sqrt(NUMERIC arg)
2024-11-18T12:45:49.722-04:00 DEBUG 24640 --- [examen2] [    Test worker] org.hibernate.HQL_FUNCTIONS              : Double stddev(NUMERIC arg)
2024-11-18T12:45:49.722-04:00 DEBUG 24640 --- [examen2] [    Test worker] org.hibernate.HQL_FUNCTIONS              : Double stddev_pop(NUMERIC arg)
2024-11-18T12:45:49.722-04:00 DEBUG 24640 --- [examen2] [    Test worker] org.hibernate.HQL_FUNCTIONS              : Double stddev_samp(NUMERIC arg)
2024-11-18T12:45:49.722-04:00 DEBUG 24640 --- [examen2] [    Test worker] org.hibernate.HQL_FUNCTIONS              : String str(arg)
2024-11-18T12:45:49.722-04:00 DEBUG 24640 --- [examen2] [    Test worker] org.hibernate.HQL_FUNCTIONS              : String substr(STRING string, INTEGER start[, INTEGER length])
2024-11-18T12:45:49.722-04:00 DEBUG 24640 --- [examen2] [    Test worker] org.hibernate.HQL_FUNCTIONS              : String substring(STRING string{ from|,} INTEGER start[{ for|,} INTEGER length])
2024-11-18T12:45:49.722-04:00 DEBUG 24640 --- [examen2] [    Test worker] org.hibernate.HQL_FUNCTIONS              : sum(arg)
2024-11-18T12:45:49.722-04:00 DEBUG 24640 --- [examen2] [    Test worker] org.hibernate.HQL_FUNCTIONS              : Double tan(NUMERIC arg)
2024-11-18T12:45:49.722-04:00 DEBUG 24640 --- [examen2] [    Test worker] org.hibernate.HQL_FUNCTIONS              : Double tanh(NUMERIC arg)
2024-11-18T12:45:49.722-04:00 DEBUG 24640 --- [examen2] [    Test worker] org.hibernate.HQL_FUNCTIONS              : timestampadd(TEMPORAL_UNIT field, INTEGER magnitude, TEMPORAL datetime)
2024-11-18T12:45:49.722-04:00 DEBUG 24640 --- [examen2] [    Test worker] org.hibernate.HQL_FUNCTIONS              : basicType@6(java.lang.Long,-5)|basicType@18(java.lang.Double,8) timestampdiff(TEMPORAL_UNIT field, TEMPORAL start, TEMPORAL end)
2024-11-18T12:45:49.722-04:00 DEBUG 24640 --- [examen2] [    Test worker] org.hibernate.HQL_FUNCTIONS              : String to_char(ANY arg0[, STRING arg1, STRING arg2])
2024-11-18T12:45:49.722-04:00 DEBUG 24640 --- [examen2] [    Test worker] org.hibernate.HQL_FUNCTIONS              : Date to_date(STRING arg0[, STRING arg1, STRING arg2])
2024-11-18T12:45:49.722-04:00 DEBUG 24640 --- [examen2] [    Test worker] org.hibernate.HQL_FUNCTIONS              : Double to_number(STRING arg0[, STRING arg1, STRING arg2])
2024-11-18T12:45:49.722-04:00 DEBUG 24640 --- [examen2] [    Test worker] org.hibernate.HQL_FUNCTIONS              : Timestamp to_timestamp(STRING arg0[, STRING arg1, STRING arg2])
2024-11-18T12:45:49.722-04:00 DEBUG 24640 --- [examen2] [    Test worker] org.hibernate.HQL_FUNCTIONS              : String translate(STRING arg0, STRING arg1, STRING arg2)
2024-11-18T12:45:49.722-04:00 DEBUG 24640 --- [examen2] [    Test worker] org.hibernate.HQL_FUNCTIONS              : String trim([[{leading|trailing|both} ][STRING arg0 ]from] STRING arg1)
2024-11-18T12:45:49.722-04:00 DEBUG 24640 --- [examen2] [    Test worker] org.hibernate.HQL_FUNCTIONS              : trunc( ... )
2024-11-18T12:45:49.722-04:00 DEBUG 24640 --- [examen2] [    Test worker] org.hibernate.HQL_FUNCTIONS              : truncate( ... )
2024-11-18T12:45:49.722-04:00 DEBUG 24640 --- [examen2] [    Test worker] org.hibernate.HQL_FUNCTIONS              : String upper(STRING string)
2024-11-18T12:45:49.722-04:00 DEBUG 24640 --- [examen2] [    Test worker] org.hibernate.HQL_FUNCTIONS              : Double var_pop(NUMERIC arg)
2024-11-18T12:45:49.722-04:00 DEBUG 24640 --- [examen2] [    Test worker] org.hibernate.HQL_FUNCTIONS              : Double var_samp(NUMERIC arg)
2024-11-18T12:45:49.722-04:00 DEBUG 24640 --- [examen2] [    Test worker] org.hibernate.HQL_FUNCTIONS              : Double variance(NUMERIC arg)
2024-11-18T12:45:49.725-04:00 DEBUG 24640 --- [examen2] [    Test worker] org.hibernate.orm.query.plan.cache       : Starting QueryInterpretationCache(2048)
2024-11-18T12:45:49.736-04:00 DEBUG 24640 --- [examen2] [onnection adder] com.zaxxer.hikari.pool.HikariPool        : HikariPool-1 - Added connection org.postgresql.jdbc.PgConnection@3b0d685c
2024-11-18T12:45:49.759-04:00 DEBUG 24640 --- [examen2] [onnection adder] org.postgresql.Driver                    : Connecting with URL: jdbc:postgresql://localhost:5432/clinica
2024-11-18T12:45:49.759-04:00 DEBUG 24640 --- [examen2] [onnection adder] org.postgresql.jdbc.PgConnection         : PostgreSQL JDBC Driver 42.6.2
2024-11-18T12:45:49.759-04:00 DEBUG 24640 --- [examen2] [onnection adder] org.postgresql.jdbc.PgConnection         :   setDefaultFetchSize = 0
2024-11-18T12:45:49.759-04:00 DEBUG 24640 --- [examen2] [onnection adder] org.postgresql.jdbc.PgConnection         :   setPrepareThreshold = 5
2024-11-18T12:45:49.759-04:00 DEBUG 24640 --- [examen2] [onnection adder] o.p.core.v3.ConnectionFactoryImpl        : Trying to establish a protocol version 3 connection to localhost:5432
2024-11-18T12:45:49.759-04:00 DEBUG 24640 --- [examen2] [onnection adder] o.p.core.v3.ConnectionFactoryImpl        : Receive Buffer Size is 65.536
2024-11-18T12:45:49.759-04:00 DEBUG 24640 --- [examen2] [onnection adder] o.p.core.v3.ConnectionFactoryImpl        : Send Buffer Size is 65.536
2024-11-18T12:45:49.766-04:00 DEBUG 24640 --- [examen2] [    Test worker] .h.s.i.SessionFactoryServiceRegistryImpl : EventListenerRegistry access via ServiceRegistry is deprecated.  Use `sessionFactory.getEventEngine().getListenerRegistry()` instead
2024-11-18T12:45:49.767-04:00 DEBUG 24640 --- [examen2] [    Test worker] h.e.i.EntityCopyObserverFactoryInitiator : Configured EntityCopyObserver strategy: disallow
2024-11-18T12:45:49.781-04:00 DEBUG 24640 --- [examen2] [onnection adder] com.zaxxer.hikari.pool.HikariPool        : HikariPool-1 - Added connection org.postgresql.jdbc.PgConnection@6069fb8d
2024-11-18T12:45:49.806-04:00 DEBUG 24640 --- [examen2] [onnection adder] org.postgresql.Driver                    : Connecting with URL: jdbc:postgresql://localhost:5432/clinica
2024-11-18T12:45:49.806-04:00 DEBUG 24640 --- [examen2] [onnection adder] org.postgresql.jdbc.PgConnection         : PostgreSQL JDBC Driver 42.6.2
2024-11-18T12:45:49.806-04:00 DEBUG 24640 --- [examen2] [onnection adder] org.postgresql.jdbc.PgConnection         :   setDefaultFetchSize = 0
2024-11-18T12:45:49.806-04:00 DEBUG 24640 --- [examen2] [onnection adder] org.postgresql.jdbc.PgConnection         :   setPrepareThreshold = 5
2024-11-18T12:45:49.806-04:00 DEBUG 24640 --- [examen2] [onnection adder] o.p.core.v3.ConnectionFactoryImpl        : Trying to establish a protocol version 3 connection to localhost:5432
2024-11-18T12:45:49.807-04:00 DEBUG 24640 --- [examen2] [onnection adder] o.p.core.v3.ConnectionFactoryImpl        : Receive Buffer Size is 65.536
2024-11-18T12:45:49.807-04:00 DEBUG 24640 --- [examen2] [onnection adder] o.p.core.v3.ConnectionFactoryImpl        : Send Buffer Size is 65.536
2024-11-18T12:45:49.808-04:00 DEBUG 24640 --- [examen2] [    Test worker] org.hibernate.ormbytecode.interceptor    : To-one property `com.example.examen2.usuarios.model.Usuario#rol` was mapped with LAZY + NO_PROXY but the class was not enhanced
2024-11-18T12:45:49.808-04:00 DEBUG 24640 --- [examen2] [    Test worker] org.hibernate.ormbytecode.interceptor    : To-one property `com.example.examen2.usuarios.model.Usuario#rol` was mapped with LAZY + NO_PROXY but the class was not enhanced
2024-11-18T12:45:49.808-04:00 DEBUG 24640 --- [examen2] [    Test worker] o.h.boot.internal.ClassLoaderAccessImpl  : Not known whether passed class name [com.example.examen2.usuarios.model.Usuario] is safe
2024-11-18T12:45:49.808-04:00 DEBUG 24640 --- [examen2] [    Test worker] o.h.boot.internal.ClassLoaderAccessImpl  : No temp ClassLoader provided; using live ClassLoader for loading potentially unsafe class : com.example.examen2.usuarios.model.Usuario
2024-11-18T12:45:49.827-04:00 DEBUG 24640 --- [examen2] [onnection adder] com.zaxxer.hikari.pool.HikariPool        : HikariPool-1 - Added connection org.postgresql.jdbc.PgConnection@72a2dec6
2024-11-18T12:45:49.852-04:00 DEBUG 24640 --- [examen2] [onnection adder] com.zaxxer.hikari.pool.HikariPool        : HikariPool-1 - After adding stats (total=10, active=0, idle=10, waiting=0)
2024-11-18T12:45:49.927-04:00 DEBUG 24640 --- [examen2] [    Test worker] o.h.b.i.bytebuddy.BytecodeProviderImpl   : HHH000513: Unable to create the ReflectionOptimizer for [com.example.examen2.usuarios.model.Usuario]: private accessor [apellido]
2024-11-18T12:45:49.930-04:00 DEBUG 24640 --- [examen2] [    Test worker] org.hibernate.ormbytecode.interceptor    : To-one property `com.example.examen2.usuarios.model.Usuario#rol` was mapped with LAZY + NO_PROXY but the class was not enhanced
2024-11-18T12:45:49.942-04:00 DEBUG 24640 --- [examen2] [    Test worker] org.hibernate.ormbytecode.interceptor    : To-one property `com.example.examen2.horarios.model.Horario#medico` was mapped with LAZY + NO_PROXY but the class was not enhanced
2024-11-18T12:45:49.942-04:00 DEBUG 24640 --- [examen2] [    Test worker] org.hibernate.ormbytecode.interceptor    : To-one property `com.example.examen2.horarios.model.Horario#medico` was mapped with LAZY + NO_PROXY but the class was not enhanced
2024-11-18T12:45:49.942-04:00 DEBUG 24640 --- [examen2] [    Test worker] o.h.boot.internal.ClassLoaderAccessImpl  : Not known whether passed class name [com.example.examen2.horarios.model.Horario] is safe
2024-11-18T12:45:49.942-04:00 DEBUG 24640 --- [examen2] [    Test worker] o.h.boot.internal.ClassLoaderAccessImpl  : No temp ClassLoader provided; using live ClassLoader for loading potentially unsafe class : com.example.examen2.horarios.model.Horario
2024-11-18T12:45:49.954-04:00 DEBUG 24640 --- [examen2] [    Test worker] o.h.b.i.bytebuddy.BytecodeProviderImpl   : HHH000513: Unable to create the ReflectionOptimizer for [com.example.examen2.horarios.model.Horario]: private accessor [dia]
2024-11-18T12:45:49.954-04:00 DEBUG 24640 --- [examen2] [    Test worker] org.hibernate.ormbytecode.interceptor    : To-one property `com.example.examen2.horarios.model.Horario#medico` was mapped with LAZY + NO_PROXY but the class was not enhanced
2024-11-18T12:45:49.954-04:00 DEBUG 24640 --- [examen2] [    Test worker] o.h.boot.internal.ClassLoaderAccessImpl  : Not known whether passed class name [com.example.examen2.reportes.model.Reporte] is safe
2024-11-18T12:45:49.954-04:00 DEBUG 24640 --- [examen2] [    Test worker] o.h.boot.internal.ClassLoaderAccessImpl  : No temp ClassLoader provided; using live ClassLoader for loading potentially unsafe class : com.example.examen2.reportes.model.Reporte
2024-11-18T12:45:49.966-04:00 DEBUG 24640 --- [examen2] [    Test worker] o.h.b.i.bytebuddy.BytecodeProviderImpl   : HHH000513: Unable to create the ReflectionOptimizer for [com.example.examen2.reportes.model.Reporte]: private accessor [archivoUrl]
2024-11-18T12:45:49.966-04:00 DEBUG 24640 --- [examen2] [    Test worker] org.hibernate.ormbytecode.interceptor    : To-one property `com.example.examen2.analisis.model.Analisis#medico` was mapped with LAZY + NO_PROXY but the class was not enhanced
2024-11-18T12:45:49.966-04:00 DEBUG 24640 --- [examen2] [    Test worker] org.hibernate.ormbytecode.interceptor    : To-one property `com.example.examen2.analisis.model.Analisis#medico` was mapped with LAZY + NO_PROXY but the class was not enhanced
2024-11-18T12:45:49.966-04:00 DEBUG 24640 --- [examen2] [    Test worker] org.hibernate.ormbytecode.interceptor    : To-one property `com.example.examen2.analisis.model.Analisis#paciente` was mapped with LAZY + NO_PROXY but the class was not enhanced
2024-11-18T12:45:49.966-04:00 DEBUG 24640 --- [examen2] [    Test worker] org.hibernate.ormbytecode.interceptor    : To-one property `com.example.examen2.analisis.model.Analisis#paciente` was mapped with LAZY + NO_PROXY but the class was not enhanced
2024-11-18T12:45:49.966-04:00 DEBUG 24640 --- [examen2] [    Test worker] o.h.boot.internal.ClassLoaderAccessImpl  : Not known whether passed class name [com.example.examen2.analisis.model.Analisis] is safe
2024-11-18T12:45:49.966-04:00 DEBUG 24640 --- [examen2] [    Test worker] o.h.boot.internal.ClassLoaderAccessImpl  : No temp ClassLoader provided; using live ClassLoader for loading potentially unsafe class : com.example.examen2.analisis.model.Analisis
2024-11-18T12:45:49.975-04:00 DEBUG 24640 --- [examen2] [    Test worker] o.h.b.i.bytebuddy.BytecodeProviderImpl   : HHH000513: Unable to create the ReflectionOptimizer for [com.example.examen2.analisis.model.Analisis]: private accessor [archivoUrl]
2024-11-18T12:45:49.975-04:00 DEBUG 24640 --- [examen2] [    Test worker] org.hibernate.ormbytecode.interceptor    : To-one property `com.example.examen2.analisis.model.Analisis#medico` was mapped with LAZY + NO_PROXY but the class was not enhanced
2024-11-18T12:45:49.976-04:00 DEBUG 24640 --- [examen2] [    Test worker] org.hibernate.ormbytecode.interceptor    : To-one property `com.example.examen2.analisis.model.Analisis#paciente` was mapped with LAZY + NO_PROXY but the class was not enhanced
2024-11-18T12:45:49.976-04:00 DEBUG 24640 --- [examen2] [    Test worker] org.hibernate.ormbytecode.interceptor    : To-one property `com.example.examen2.consultas.model.Consulta#cita` was mapped with LAZY + NO_PROXY but the class was not enhanced
2024-11-18T12:45:49.976-04:00 DEBUG 24640 --- [examen2] [    Test worker] org.hibernate.ormbytecode.interceptor    : To-one property `com.example.examen2.consultas.model.Consulta#cita` was mapped with LAZY + NO_PROXY but the class was not enhanced
2024-11-18T12:45:49.976-04:00 DEBUG 24640 --- [examen2] [    Test worker] org.hibernate.ormbytecode.interceptor    : To-one property `com.example.examen2.consultas.model.Consulta#medico` was mapped with LAZY + NO_PROXY but the class was not enhanced
2024-11-18T12:45:49.976-04:00 DEBUG 24640 --- [examen2] [    Test worker] org.hibernate.ormbytecode.interceptor    : To-one property `com.example.examen2.consultas.model.Consulta#medico` was mapped with LAZY + NO_PROXY but the class was not enhanced
2024-11-18T12:45:49.976-04:00 DEBUG 24640 --- [examen2] [    Test worker] org.hibernate.ormbytecode.interceptor    : To-one property `com.example.examen2.consultas.model.Consulta#paciente` was mapped with LAZY + NO_PROXY but the class was not enhanced
2024-11-18T12:45:49.976-04:00 DEBUG 24640 --- [examen2] [    Test worker] org.hibernate.ormbytecode.interceptor    : To-one property `com.example.examen2.consultas.model.Consulta#paciente` was mapped with LAZY + NO_PROXY but the class was not enhanced
2024-11-18T12:45:49.977-04:00 DEBUG 24640 --- [examen2] [    Test worker] o.h.boot.internal.ClassLoaderAccessImpl  : Not known whether passed class name [com.example.examen2.consultas.model.Consulta] is safe
2024-11-18T12:45:49.977-04:00 DEBUG 24640 --- [examen2] [    Test worker] o.h.boot.internal.ClassLoaderAccessImpl  : No temp ClassLoader provided; using live ClassLoader for loading potentially unsafe class : com.example.examen2.consultas.model.Consulta
2024-11-18T12:45:49.989-04:00 DEBUG 24640 --- [examen2] [    Test worker] o.h.b.i.bytebuddy.BytecodeProviderImpl   : HHH000513: Unable to create the ReflectionOptimizer for [com.example.examen2.consultas.model.Consulta]: private accessor [cita]
2024-11-18T12:45:49.989-04:00 DEBUG 24640 --- [examen2] [    Test worker] org.hibernate.ormbytecode.interceptor    : To-one property `com.example.examen2.consultas.model.Consulta#cita` was mapped with LAZY + NO_PROXY but the class was not enhanced
2024-11-18T12:45:49.989-04:00 DEBUG 24640 --- [examen2] [    Test worker] org.hibernate.ormbytecode.interceptor    : To-one property `com.example.examen2.consultas.model.Consulta#medico` was mapped with LAZY + NO_PROXY but the class was not enhanced
2024-11-18T12:45:49.989-04:00 DEBUG 24640 --- [examen2] [    Test worker] org.hibernate.ormbytecode.interceptor    : To-one property `com.example.examen2.consultas.model.Consulta#paciente` was mapped with LAZY + NO_PROXY but the class was not enhanced
2024-11-18T12:45:49.990-04:00 DEBUG 24640 --- [examen2] [    Test worker] org.hibernate.ormbytecode.interceptor    : To-one property `com.example.examen2.medicos.model.Medico#usuario` was mapped with LAZY + NO_PROXY but the class was not enhanced
2024-11-18T12:45:49.990-04:00 DEBUG 24640 --- [examen2] [    Test worker] org.hibernate.ormbytecode.interceptor    : To-one property `com.example.examen2.medicos.model.Medico#usuario` was mapped with LAZY + NO_PROXY but the class was not enhanced
2024-11-18T12:45:49.990-04:00 DEBUG 24640 --- [examen2] [    Test worker] o.h.boot.internal.ClassLoaderAccessImpl  : Not known whether passed class name [com.example.examen2.medicos.model.Medico] is safe
2024-11-18T12:45:49.990-04:00 DEBUG 24640 --- [examen2] [    Test worker] o.h.boot.internal.ClassLoaderAccessImpl  : No temp ClassLoader provided; using live ClassLoader for loading potentially unsafe class : com.example.examen2.medicos.model.Medico
2024-11-18T12:45:49.999-04:00 DEBUG 24640 --- [examen2] [    Test worker] o.h.b.i.bytebuddy.BytecodeProviderImpl   : HHH000513: Unable to create the ReflectionOptimizer for [com.example.examen2.medicos.model.Medico]: private accessor [ci]
2024-11-18T12:45:49.999-04:00 DEBUG 24640 --- [examen2] [    Test worker] org.hibernate.ormbytecode.interceptor    : To-one property `com.example.examen2.medicos.model.Medico#usuario` was mapped with LAZY + NO_PROXY but the class was not enhanced
2024-11-18T12:45:50.000-04:00 DEBUG 24640 --- [examen2] [    Test worker] org.hibernate.ormbytecode.interceptor    : To-one property `com.example.examen2.procedimientos.model.Procedimiento#consulta` was mapped with LAZY + NO_PROXY but the class was not enhanced
2024-11-18T12:45:50.000-04:00 DEBUG 24640 --- [examen2] [    Test worker] org.hibernate.ormbytecode.interceptor    : To-one property `com.example.examen2.procedimientos.model.Procedimiento#consulta` was mapped with LAZY + NO_PROXY but the class was not enhanced
2024-11-18T12:45:50.000-04:00 DEBUG 24640 --- [examen2] [    Test worker] org.hibernate.ormbytecode.interceptor    : To-one property `com.example.examen2.procedimientos.model.Procedimiento#medico` was mapped with LAZY + NO_PROXY but the class was not enhanced
2024-11-18T12:45:50.000-04:00 DEBUG 24640 --- [examen2] [    Test worker] org.hibernate.ormbytecode.interceptor    : To-one property `com.example.examen2.procedimientos.model.Procedimiento#medico` was mapped with LAZY + NO_PROXY but the class was not enhanced
2024-11-18T12:45:50.000-04:00 DEBUG 24640 --- [examen2] [    Test worker] org.hibernate.ormbytecode.interceptor    : To-one property `com.example.examen2.procedimientos.model.Procedimiento#paciente` was mapped with LAZY + NO_PROXY but the class was not enhanced
2024-11-18T12:45:50.000-04:00 DEBUG 24640 --- [examen2] [    Test worker] org.hibernate.ormbytecode.interceptor    : To-one property `com.example.examen2.procedimientos.model.Procedimiento#paciente` was mapped with LAZY + NO_PROXY but the class was not enhanced
2024-11-18T12:45:50.000-04:00 DEBUG 24640 --- [examen2] [    Test worker] o.h.boot.internal.ClassLoaderAccessImpl  : Not known whether passed class name [com.example.examen2.procedimientos.model.Procedimiento] is safe
2024-11-18T12:45:50.000-04:00 DEBUG 24640 --- [examen2] [    Test worker] o.h.boot.internal.ClassLoaderAccessImpl  : No temp ClassLoader provided; using live ClassLoader for loading potentially unsafe class : com.example.examen2.procedimientos.model.Procedimiento
2024-11-18T12:45:50.008-04:00 DEBUG 24640 --- [examen2] [    Test worker] o.h.b.i.bytebuddy.BytecodeProviderImpl   : HHH000513: Unable to create the ReflectionOptimizer for [com.example.examen2.procedimientos.model.Procedimiento]: private accessor [archivoUrl]
2024-11-18T12:45:50.008-04:00 DEBUG 24640 --- [examen2] [    Test worker] org.hibernate.ormbytecode.interceptor    : To-one property `com.example.examen2.procedimientos.model.Procedimiento#consulta` was mapped with LAZY + NO_PROXY but the class was not enhanced
2024-11-18T12:45:50.008-04:00 DEBUG 24640 --- [examen2] [    Test worker] org.hibernate.ormbytecode.interceptor    : To-one property `com.example.examen2.procedimientos.model.Procedimiento#medico` was mapped with LAZY + NO_PROXY but the class was not enhanced
2024-11-18T12:45:50.008-04:00 DEBUG 24640 --- [examen2] [    Test worker] org.hibernate.ormbytecode.interceptor    : To-one property `com.example.examen2.procedimientos.model.Procedimiento#paciente` was mapped with LAZY + NO_PROXY but the class was not enhanced
2024-11-18T12:45:50.009-04:00 DEBUG 24640 --- [examen2] [    Test worker] org.hibernate.ormbytecode.interceptor    : To-one property `com.example.examen2.paciente.model.Paciente#usuario` was mapped with LAZY + NO_PROXY but the class was not enhanced
2024-11-18T12:45:50.009-04:00 DEBUG 24640 --- [examen2] [    Test worker] org.hibernate.ormbytecode.interceptor    : To-one property `com.example.examen2.paciente.model.Paciente#usuario` was mapped with LAZY + NO_PROXY but the class was not enhanced
2024-11-18T12:45:50.009-04:00 DEBUG 24640 --- [examen2] [    Test worker] o.h.boot.internal.ClassLoaderAccessImpl  : Not known whether passed class name [com.example.examen2.paciente.model.Paciente] is safe
2024-11-18T12:45:50.009-04:00 DEBUG 24640 --- [examen2] [    Test worker] o.h.boot.internal.ClassLoaderAccessImpl  : No temp ClassLoader provided; using live ClassLoader for loading potentially unsafe class : com.example.examen2.paciente.model.Paciente
2024-11-18T12:45:50.015-04:00 DEBUG 24640 --- [examen2] [    Test worker] o.h.b.i.bytebuddy.BytecodeProviderImpl   : HHH000513: Unable to create the ReflectionOptimizer for [com.example.examen2.paciente.model.Paciente]: private accessor [carnet]
2024-11-18T12:45:50.015-04:00 DEBUG 24640 --- [examen2] [    Test worker] org.hibernate.ormbytecode.interceptor    : To-one property `com.example.examen2.paciente.model.Paciente#usuario` was mapped with LAZY + NO_PROXY but the class was not enhanced
2024-11-18T12:45:50.015-04:00 DEBUG 24640 --- [examen2] [    Test worker] org.hibernate.ormbytecode.interceptor    : To-one property `com.example.examen2.historialclinico.model.HistorialClinico#paciente` was mapped with LAZY + NO_PROXY but the class was not enhanced
2024-11-18T12:45:50.015-04:00 DEBUG 24640 --- [examen2] [    Test worker] org.hibernate.ormbytecode.interceptor    : To-one property `com.example.examen2.historialclinico.model.HistorialClinico#paciente` was mapped with LAZY + NO_PROXY but the class was not enhanced
2024-11-18T12:45:50.015-04:00 DEBUG 24640 --- [examen2] [    Test worker] o.h.boot.internal.ClassLoaderAccessImpl  : Not known whether passed class name [com.example.examen2.historialclinico.model.HistorialClinico] is safe
2024-11-18T12:45:50.015-04:00 DEBUG 24640 --- [examen2] [    Test worker] o.h.boot.internal.ClassLoaderAccessImpl  : No temp ClassLoader provided; using live ClassLoader for loading potentially unsafe class : com.example.examen2.historialclinico.model.HistorialClinico
2024-11-18T12:45:50.019-04:00 DEBUG 24640 --- [examen2] [    Test worker] o.h.b.i.bytebuddy.BytecodeProviderImpl   : HHH000513: Unable to create the ReflectionOptimizer for [com.example.examen2.historialclinico.model.HistorialClinico]: private accessor [archivoUrl]
2024-11-18T12:45:50.020-04:00 DEBUG 24640 --- [examen2] [    Test worker] org.hibernate.ormbytecode.interceptor    : To-one property `com.example.examen2.historialclinico.model.HistorialClinico#paciente` was mapped with LAZY + NO_PROXY but the class was not enhanced
2024-11-18T12:45:50.020-04:00 DEBUG 24640 --- [examen2] [    Test worker] o.h.boot.internal.ClassLoaderAccessImpl  : Not known whether passed class name [com.example.examen2.especialidades.model.Especialidad] is safe
2024-11-18T12:45:50.020-04:00 DEBUG 24640 --- [examen2] [    Test worker] o.h.boot.internal.ClassLoaderAccessImpl  : No temp ClassLoader provided; using live ClassLoader for loading potentially unsafe class : com.example.examen2.especialidades.model.Especialidad
2024-11-18T12:45:50.026-04:00 DEBUG 24640 --- [examen2] [    Test worker] o.h.b.i.bytebuddy.BytecodeProviderImpl   : HHH000513: Unable to create the ReflectionOptimizer for [com.example.examen2.especialidades.model.Especialidad]: private accessor [descripcion]
2024-11-18T12:45:50.026-04:00 DEBUG 24640 --- [examen2] [    Test worker] o.h.boot.internal.ClassLoaderAccessImpl  : Not known whether passed class name [com.example.examen2.usuarios.model.TestEntity] is safe
2024-11-18T12:45:50.026-04:00 DEBUG 24640 --- [examen2] [    Test worker] o.h.boot.internal.ClassLoaderAccessImpl  : No temp ClassLoader provided; using live ClassLoader for loading potentially unsafe class : com.example.examen2.usuarios.model.TestEntity
2024-11-18T12:45:50.031-04:00 DEBUG 24640 --- [examen2] [    Test worker] o.h.b.i.bytebuddy.BytecodeProviderImpl   : HHH000513: Unable to create the ReflectionOptimizer for [com.example.examen2.usuarios.model.TestEntity]: private accessor [name]
2024-11-18T12:45:50.031-04:00 DEBUG 24640 --- [examen2] [    Test worker] org.hibernate.ormbytecode.interceptor    : To-one property `com.example.examen2.citas.model.Cita#especialidad` was mapped with LAZY + NO_PROXY but the class was not enhanced
2024-11-18T12:45:50.031-04:00 DEBUG 24640 --- [examen2] [    Test worker] org.hibernate.ormbytecode.interceptor    : To-one property `com.example.examen2.citas.model.Cita#especialidad` was mapped with LAZY + NO_PROXY but the class was not enhanced
2024-11-18T12:45:50.031-04:00 DEBUG 24640 --- [examen2] [    Test worker] org.hibernate.ormbytecode.interceptor    : To-one property `com.example.examen2.citas.model.Cita#horario` was mapped with LAZY + NO_PROXY but the class was not enhanced
2024-11-18T12:45:50.031-04:00 DEBUG 24640 --- [examen2] [    Test worker] org.hibernate.ormbytecode.interceptor    : To-one property `com.example.examen2.citas.model.Cita#horario` was mapped with LAZY + NO_PROXY but the class was not enhanced
2024-11-18T12:45:50.031-04:00 DEBUG 24640 --- [examen2] [    Test worker] org.hibernate.ormbytecode.interceptor    : To-one property `com.example.examen2.citas.model.Cita#medico` was mapped with LAZY + NO_PROXY but the class was not enhanced
2024-11-18T12:45:50.031-04:00 DEBUG 24640 --- [examen2] [    Test worker] org.hibernate.ormbytecode.interceptor    : To-one property `com.example.examen2.citas.model.Cita#medico` was mapped with LAZY + NO_PROXY but the class was not enhanced
2024-11-18T12:45:50.031-04:00 DEBUG 24640 --- [examen2] [    Test worker] org.hibernate.ormbytecode.interceptor    : To-one property `com.example.examen2.citas.model.Cita#paciente` was mapped with LAZY + NO_PROXY but the class was not enhanced
2024-11-18T12:45:50.031-04:00 DEBUG 24640 --- [examen2] [    Test worker] org.hibernate.ormbytecode.interceptor    : To-one property `com.example.examen2.citas.model.Cita#paciente` was mapped with LAZY + NO_PROXY but the class was not enhanced
2024-11-18T12:45:50.031-04:00 DEBUG 24640 --- [examen2] [    Test worker] o.h.boot.internal.ClassLoaderAccessImpl  : Not known whether passed class name [com.example.examen2.citas.model.Cita] is safe
2024-11-18T12:45:50.031-04:00 DEBUG 24640 --- [examen2] [    Test worker] o.h.boot.internal.ClassLoaderAccessImpl  : No temp ClassLoader provided; using live ClassLoader for loading potentially unsafe class : com.example.examen2.citas.model.Cita
2024-11-18T12:45:50.038-04:00 DEBUG 24640 --- [examen2] [    Test worker] o.h.b.i.bytebuddy.BytecodeProviderImpl   : HHH000513: Unable to create the ReflectionOptimizer for [com.example.examen2.citas.model.Cita]: private accessor [consultaCreada]
2024-11-18T12:45:50.038-04:00 DEBUG 24640 --- [examen2] [    Test worker] org.hibernate.ormbytecode.interceptor    : To-one property `com.example.examen2.citas.model.Cita#especialidad` was mapped with LAZY + NO_PROXY but the class was not enhanced
2024-11-18T12:45:50.038-04:00 DEBUG 24640 --- [examen2] [    Test worker] org.hibernate.ormbytecode.interceptor    : To-one property `com.example.examen2.citas.model.Cita#horario` was mapped with LAZY + NO_PROXY but the class was not enhanced
2024-11-18T12:45:50.038-04:00 DEBUG 24640 --- [examen2] [    Test worker] org.hibernate.ormbytecode.interceptor    : To-one property `com.example.examen2.citas.model.Cita#medico` was mapped with LAZY + NO_PROXY but the class was not enhanced
2024-11-18T12:45:50.038-04:00 DEBUG 24640 --- [examen2] [    Test worker] org.hibernate.ormbytecode.interceptor    : To-one property `com.example.examen2.citas.model.Cita#paciente` was mapped with LAZY + NO_PROXY but the class was not enhanced
2024-11-18T12:45:50.039-04:00 DEBUG 24640 --- [examen2] [    Test worker] o.h.boot.internal.ClassLoaderAccessImpl  : Not known whether passed class name [com.example.examen2.usuarios.model.Rol] is safe
2024-11-18T12:45:50.039-04:00 DEBUG 24640 --- [examen2] [    Test worker] o.h.boot.internal.ClassLoaderAccessImpl  : No temp ClassLoader provided; using live ClassLoader for loading potentially unsafe class : com.example.examen2.usuarios.model.Rol
2024-11-18T12:45:50.041-04:00 DEBUG 24640 --- [examen2] [    Test worker] o.h.b.i.bytebuddy.BytecodeProviderImpl   : HHH000513: Unable to create the ReflectionOptimizer for [com.example.examen2.usuarios.model.Rol]: private accessor [nombre]
2024-11-18T12:45:50.053-04:00 DEBUG 24640 --- [examen2] [    Test worker] org.hibernate.orm.jdbc.mutation          : Skipping collection row updates - com.example.examen2.consultas.model.Consulta.sintomas
2024-11-18T12:45:50.054-04:00 DEBUG 24640 --- [examen2] [    Test worker] org.hibernate.orm.jdbc.mutation          : Skipping collection inserts - com.example.examen2.especialidades.model.Especialidad.medicos
2024-11-18T12:45:50.054-04:00 DEBUG 24640 --- [examen2] [    Test worker] org.hibernate.orm.jdbc.mutation          : Skipping collection row updates - com.example.examen2.especialidades.model.Especialidad.medicos
2024-11-18T12:45:50.054-04:00 DEBUG 24640 --- [examen2] [    Test worker] org.hibernate.orm.jdbc.mutation          : Skipping collection row deletions - com.example.examen2.especialidades.model.Especialidad.medicos
2024-11-18T12:45:50.054-04:00 DEBUG 24640 --- [examen2] [    Test worker] org.hibernate.orm.jdbc.mutation          : Skipping collection removals - com.example.examen2.especialidades.model.Especialidad.medicos
2024-11-18T12:45:50.054-04:00 DEBUG 24640 --- [examen2] [    Test worker] org.hibernate.orm.jdbc.mutation          : Skipping collection row updates - com.example.examen2.medicos.model.Medico.especialidades
2024-11-18T12:45:50.055-04:00 DEBUG 24640 --- [examen2] [    Test worker] org.hibernate.orm.jdbc.mutation          : Skipping collection (re)creation - com.example.examen2.medicos.model.Medico.horarios
2024-11-18T12:45:50.056-04:00 DEBUG 24640 --- [examen2] [    Test worker] org.hibernate.orm.jdbc.mutation          : Skipping collection row deletions - com.example.examen2.medicos.model.Medico.horarios
2024-11-18T12:45:50.056-04:00 DEBUG 24640 --- [examen2] [    Test worker] org.hibernate.orm.jdbc.mutation          : Skipping collection removals - com.example.examen2.medicos.model.Medico.horarios
2024-11-18T12:45:50.076-04:00 DEBUG 24640 --- [examen2] [    Test worker] o.hibernate.orm.model.mapping.creation   : Starting post-init callbacks
2024-11-18T12:45:50.076-04:00 DEBUG 24640 --- [examen2] [    Test worker] o.hibernate.orm.model.mapping.creation   : Starting PostInitCallbackEntry : To-one key - NavigableRole[com.example.examen2.usuarios.model.Usuario.rol]
2024-11-18T12:45:50.077-04:00 DEBUG 24640 --- [examen2] [    Test worker] o.hibernate.orm.model.mapping.creation   : Starting PostInitCallbackEntry : Entity(com.example.examen2.usuarios.model.Usuario) `staticFetchableList` generator
2024-11-18T12:45:50.077-04:00 DEBUG 24640 --- [examen2] [    Test worker] o.hibernate.orm.model.mapping.creation   : Starting PostInitCallbackEntry : To-one key - NavigableRole[com.example.examen2.horarios.model.Horario.medico]
2024-11-18T12:45:50.077-04:00 DEBUG 24640 --- [examen2] [    Test worker] o.hibernate.orm.model.mapping.creation   : Starting PostInitCallbackEntry : Entity(com.example.examen2.horarios.model.Horario) `staticFetchableList` generator
2024-11-18T12:45:50.077-04:00 DEBUG 24640 --- [examen2] [    Test worker] o.hibernate.orm.model.mapping.creation   : Starting PostInitCallbackEntry : Entity(com.example.examen2.reportes.model.Reporte) `staticFetchableList` generator
2024-11-18T12:45:50.077-04:00 DEBUG 24640 --- [examen2] [    Test worker] o.hibernate.orm.model.mapping.creation   : Starting PostInitCallbackEntry : To-one key - NavigableRole[com.example.examen2.analisis.model.Analisis.medico]
2024-11-18T12:45:50.077-04:00 DEBUG 24640 --- [examen2] [    Test worker] o.hibernate.orm.model.mapping.creation   : Starting PostInitCallbackEntry : To-one key - NavigableRole[com.example.examen2.analisis.model.Analisis.paciente]
2024-11-18T12:45:50.078-04:00 DEBUG 24640 --- [examen2] [    Test worker] o.hibernate.orm.model.mapping.creation   : Starting PostInitCallbackEntry : Entity(com.example.examen2.analisis.model.Analisis) `staticFetchableList` generator
2024-11-18T12:45:50.078-04:00 DEBUG 24640 --- [examen2] [    Test worker] o.hibernate.orm.model.mapping.creation   : Starting PostInitCallbackEntry : To-one key - NavigableRole[com.example.examen2.consultas.model.Consulta.cita]
2024-11-18T12:45:50.078-04:00 DEBUG 24640 --- [examen2] [    Test worker] o.hibernate.orm.model.mapping.creation   : Starting PostInitCallbackEntry : To-one key - NavigableRole[com.example.examen2.consultas.model.Consulta.medico]
2024-11-18T12:45:50.078-04:00 DEBUG 24640 --- [examen2] [    Test worker] o.hibernate.orm.model.mapping.creation   : Starting PostInitCallbackEntry : To-one key - NavigableRole[com.example.examen2.consultas.model.Consulta.paciente]
2024-11-18T12:45:50.078-04:00 DEBUG 24640 --- [examen2] [    Test worker] o.hibernate.orm.model.mapping.creation   : Starting PostInitCallbackEntry : PluralAttributeMapping(com.example.examen2.consultas.model.Consulta.sintomas)#finishInitialization
2024-11-18T12:45:50.078-04:00 DEBUG 24640 --- [examen2] [    Test worker] o.hibernate.orm.model.mapping.creation   : Starting PostInitCallbackEntry : PluralAttributeMapping(com.example.examen2.consultas.model.Consulta.sintomas) - key descriptor
2024-11-18T12:45:50.078-04:00 DEBUG 24640 --- [examen2] [    Test worker] o.hibernate.orm.model.mapping.creation   : Starting PostInitCallbackEntry : Entity(com.example.examen2.consultas.model.Consulta) `staticFetchableList` generator
2024-11-18T12:45:50.078-04:00 DEBUG 24640 --- [examen2] [    Test worker] o.hibernate.orm.model.mapping.creation   : Starting PostInitCallbackEntry : PluralAttributeMapping( NavigableRole[com.example.examen2.medicos.model.Medico.especialidades#{element}]) - element descriptor
2024-11-18T12:45:50.078-04:00 DEBUG 24640 --- [examen2] [    Test worker] o.hibernate.orm.model.mapping.creation   : Starting PostInitCallbackEntry : PluralAttributeMapping(com.example.examen2.medicos.model.Medico.especialidades)#finishInitialization
2024-11-18T12:45:50.078-04:00 DEBUG 24640 --- [examen2] [    Test worker] o.hibernate.orm.model.mapping.creation   : Starting PostInitCallbackEntry : PluralAttributeMapping(com.example.examen2.medicos.model.Medico.especialidades) - key descriptor
2024-11-18T12:45:50.078-04:00 DEBUG 24640 --- [examen2] [    Test worker] o.hibernate.orm.model.mapping.creation   : Starting PostInitCallbackEntry : PluralAttributeMapping( NavigableRole[com.example.examen2.medicos.model.Medico.horarios#{element}]) - element descriptor
2024-11-18T12:45:50.078-04:00 DEBUG 24640 --- [examen2] [    Test worker] o.hibernate.orm.model.mapping.creation   : Starting PostInitCallbackEntry : PluralAttributeMapping(com.example.examen2.medicos.model.Medico.horarios)#finishInitialization
2024-11-18T12:45:50.078-04:00 DEBUG 24640 --- [examen2] [    Test worker] o.hibernate.orm.model.mapping.creation   : Starting PostInitCallbackEntry : PluralAttributeMapping(com.example.examen2.medicos.model.Medico.horarios) - key descriptor
2024-11-18T12:45:50.078-04:00 DEBUG 24640 --- [examen2] [    Test worker] o.hibernate.orm.model.mapping.creation   : Starting PostInitCallbackEntry : To-one key - NavigableRole[com.example.examen2.medicos.model.Medico.usuario]
2024-11-18T12:45:50.078-04:00 DEBUG 24640 --- [examen2] [    Test worker] o.hibernate.orm.model.mapping.creation   : Starting PostInitCallbackEntry : Entity(com.example.examen2.medicos.model.Medico) `staticFetchableList` generator
2024-11-18T12:45:50.078-04:00 DEBUG 24640 --- [examen2] [    Test worker] o.hibernate.orm.model.mapping.creation   : Starting PostInitCallbackEntry : To-one key - NavigableRole[com.example.examen2.procedimientos.model.Procedimiento.consulta]
2024-11-18T12:45:50.078-04:00 DEBUG 24640 --- [examen2] [    Test worker] o.hibernate.orm.model.mapping.creation   : Starting PostInitCallbackEntry : To-one key - NavigableRole[com.example.examen2.procedimientos.model.Procedimiento.medico]
2024-11-18T12:45:50.078-04:00 DEBUG 24640 --- [examen2] [    Test worker] o.hibernate.orm.model.mapping.creation   : Starting PostInitCallbackEntry : To-one key - NavigableRole[com.example.examen2.procedimientos.model.Procedimiento.paciente]
2024-11-18T12:45:50.078-04:00 DEBUG 24640 --- [examen2] [    Test worker] o.hibernate.orm.model.mapping.creation   : Starting PostInitCallbackEntry : Entity(com.example.examen2.procedimientos.model.Procedimiento) `staticFetchableList` generator
2024-11-18T12:45:50.078-04:00 DEBUG 24640 --- [examen2] [    Test worker] o.hibernate.orm.model.mapping.creation   : Starting PostInitCallbackEntry : To-one key - NavigableRole[com.example.examen2.paciente.model.Paciente.usuario]
2024-11-18T12:45:50.078-04:00 DEBUG 24640 --- [examen2] [    Test worker] o.hibernate.orm.model.mapping.creation   : Starting PostInitCallbackEntry : Entity(com.example.examen2.paciente.model.Paciente) `staticFetchableList` generator
2024-11-18T12:45:50.078-04:00 DEBUG 24640 --- [examen2] [    Test worker] o.hibernate.orm.model.mapping.creation   : Starting PostInitCallbackEntry : To-one key - NavigableRole[com.example.examen2.historialclinico.model.HistorialClinico.paciente]
2024-11-18T12:45:50.078-04:00 DEBUG 24640 --- [examen2] [    Test worker] o.hibernate.orm.model.mapping.creation   : Starting PostInitCallbackEntry : Entity(com.example.examen2.historialclinico.model.HistorialClinico) `staticFetchableList` generator
2024-11-18T12:45:50.078-04:00 DEBUG 24640 --- [examen2] [    Test worker] o.hibernate.orm.model.mapping.creation   : Starting PostInitCallbackEntry : PluralAttributeMapping( NavigableRole[com.example.examen2.especialidades.model.Especialidad.medicos#{element}]) - element descriptor
2024-11-18T12:45:50.078-04:00 DEBUG 24640 --- [examen2] [    Test worker] o.hibernate.orm.model.mapping.creation   : Starting PostInitCallbackEntry : PluralAttributeMapping(com.example.examen2.especialidades.model.Especialidad.medicos)#finishInitialization
2024-11-18T12:45:50.078-04:00 DEBUG 24640 --- [examen2] [    Test worker] o.hibernate.orm.model.mapping.creation   : Starting PostInitCallbackEntry : PluralAttributeMapping(com.example.examen2.especialidades.model.Especialidad.medicos) - key descriptor
2024-11-18T12:45:50.078-04:00 DEBUG 24640 --- [examen2] [    Test worker] o.hibernate.orm.model.mapping.creation   : Starting PostInitCallbackEntry : Entity(com.example.examen2.especialidades.model.Especialidad) `staticFetchableList` generator
2024-11-18T12:45:50.078-04:00 DEBUG 24640 --- [examen2] [    Test worker] o.hibernate.orm.model.mapping.creation   : Starting PostInitCallbackEntry : Entity(com.example.examen2.usuarios.model.TestEntity) `staticFetchableList` generator
2024-11-18T12:45:50.078-04:00 DEBUG 24640 --- [examen2] [    Test worker] o.hibernate.orm.model.mapping.creation   : Starting PostInitCallbackEntry : To-one key - NavigableRole[com.example.examen2.citas.model.Cita.especialidad]
2024-11-18T12:45:50.078-04:00 DEBUG 24640 --- [examen2] [    Test worker] o.hibernate.orm.model.mapping.creation   : Starting PostInitCallbackEntry : To-one key - NavigableRole[com.example.examen2.citas.model.Cita.horario]
2024-11-18T12:45:50.078-04:00 DEBUG 24640 --- [examen2] [    Test worker] o.hibernate.orm.model.mapping.creation   : Starting PostInitCallbackEntry : To-one key - NavigableRole[com.example.examen2.citas.model.Cita.medico]
2024-11-18T12:45:50.078-04:00 DEBUG 24640 --- [examen2] [    Test worker] o.hibernate.orm.model.mapping.creation   : Starting PostInitCallbackEntry : To-one key - NavigableRole[com.example.examen2.citas.model.Cita.paciente]
2024-11-18T12:45:50.078-04:00 DEBUG 24640 --- [examen2] [    Test worker] o.hibernate.orm.model.mapping.creation   : Starting PostInitCallbackEntry : Entity(com.example.examen2.citas.model.Cita) `staticFetchableList` generator
2024-11-18T12:45:50.078-04:00 DEBUG 24640 --- [examen2] [    Test worker] o.hibernate.orm.model.mapping.creation   : Starting PostInitCallbackEntry : Entity(com.example.examen2.usuarios.model.Rol) `staticFetchableList` generator
2024-11-18T12:45:50.078-04:00 DEBUG 24640 --- [examen2] [    Test worker] o.hibernate.orm.model.mapping.creation   : Starting PostInitCallbackEntry : PluralAttributeMapping( NavigableRole[com.example.examen2.medicos.model.Medico.horarios#{element}]) - element descriptor
2024-11-18T12:45:50.128-04:00 DEBUG 24640 --- [examen2] [    Test worker] org.hibernate.orm.sql.ast.create         : Created new SQL alias : u1_0
2024-11-18T12:45:50.129-04:00 DEBUG 24640 --- [examen2] [    Test worker] org.hibernate.orm.sql.ast.create         : Registration of TableGroup [StandardTableGroup(com.example.examen2.usuarios.model.Usuario)] with identifierForTableGroup [com.example.examen2.usuarios.model.Usuario] for NavigablePath [com.example.examen2.usuarios.model.Usuario] 
2024-11-18T12:45:50.136-04:00 DEBUG 24640 --- [examen2] [    Test worker] org.hibernate.orm.sql.ast.create         : Registration of TableGroup [org.hibernate.sql.ast.tree.from.LazyTableGroup@71c74011] with identifierForTableGroup [com.example.examen2.usuarios.model.Usuario.rol] for NavigablePath [com.example.examen2.usuarios.model.Usuario.rol] 
2024-11-18T12:45:50.137-04:00 DEBUG 24640 --- [examen2] [    Test worker] org.hibernate.orm.sql.ast.create         : Created new SQL alias : r1_0
2024-11-18T12:45:50.141-04:00 DEBUG 24640 --- [examen2] [    Test worker] org.hibernate.orm.results.graph.AST      : DomainResult Graph:
 \-EntityResultImpl [com.example.examen2.usuarios.model.Usuario]
 |  +-BasicFetch [com.example.examen2.usuarios.model.Usuario.apellido]
 |  +-BasicFetch [com.example.examen2.usuarios.model.Usuario.contrasena]
 |  +-BasicFetch [com.example.examen2.usuarios.model.Usuario.email]
 |  +-BasicFetch [com.example.examen2.usuarios.model.Usuario.fcmToken]
 |  +-BasicFetch [com.example.examen2.usuarios.model.Usuario.nombre]
 |  \-EntityFetchJoinedImpl [com.example.examen2.usuarios.model.Usuario.rol]

2024-11-18T12:45:50.145-04:00 DEBUG 24640 --- [examen2] [    Test worker] org.hibernate.orm.sql.ast.tree           : SQL AST Tree:
    SelectStatement {
      FromClause {
        StandardTableGroup (u1 : com.example.examen2.usuarios.model.Usuario) {
          primaryTableReference : usuario as u1_0
          TableGroupJoins {
            left  join LazyTableGroup (r1 : com.example.examen2.usuarios.model.Usuario.rol) {
              primaryTableReference : rol as r1_0
            }
          }
        }
      }
    }

2024-11-18T12:45:50.150-04:00 DEBUG 24640 --- [examen2] [    Test worker] o.h.p.entity.AbstractEntityPersister     : Static SQL for entity: com.example.examen2.usuarios.model.Usuario
2024-11-18T12:45:50.150-04:00 DEBUG 24640 --- [examen2] [    Test worker] o.h.p.entity.AbstractEntityPersister     :  Version select: select id from usuario where id=?
2024-11-18T12:45:50.150-04:00 DEBUG 24640 --- [examen2] [    Test worker] o.h.p.entity.AbstractEntityPersister     :  Insert (0): insert into usuario (apellido,contrasena,email,fcm_token,nombre,rol_id,dtype) values (?,?,?,?,?,?,'Usuario')
2024-11-18T12:45:50.150-04:00 DEBUG 24640 --- [examen2] [    Test worker] o.h.p.entity.AbstractEntityPersister     :  Update (0): update usuario set apellido=?,contrasena=?,email=?,fcm_token=?,nombre=?,rol_id=? where id=?
2024-11-18T12:45:50.150-04:00 DEBUG 24640 --- [examen2] [    Test worker] o.h.p.entity.AbstractEntityPersister     :  Delete (0): delete from usuario where id=?
2024-11-18T12:45:50.150-04:00 DEBUG 24640 --- [examen2] [    Test worker] org.hibernate.orm.sql.ast.create         : Created new SQL alias : h1_0
2024-11-18T12:45:50.150-04:00 DEBUG 24640 --- [examen2] [    Test worker] org.hibernate.orm.sql.ast.create         : Registration of TableGroup [StandardTableGroup(com.example.examen2.horarios.model.Horario)] with identifierForTableGroup [com.example.examen2.horarios.model.Horario] for NavigablePath [com.example.examen2.horarios.model.Horario] 
2024-11-18T12:45:50.150-04:00 DEBUG 24640 --- [examen2] [    Test worker] org.hibernate.orm.sql.ast.create         : Registration of TableGroup [org.hibernate.sql.ast.tree.from.LazyTableGroup@6dde913e] with identifierForTableGroup [com.example.examen2.horarios.model.Horario.medico] for NavigablePath [com.example.examen2.horarios.model.Horario.medico] 
2024-11-18T12:45:50.150-04:00 DEBUG 24640 --- [examen2] [    Test worker] org.hibernate.orm.sql.ast.create         : Created new SQL alias : m1_0
2024-11-18T12:45:50.151-04:00 DEBUG 24640 --- [examen2] [    Test worker] org.hibernate.orm.sql.ast.create         : Registration of TableGroup [org.hibernate.sql.ast.tree.from.LazyTableGroup@5f01361e] with identifierForTableGroup [com.example.examen2.horarios.model.Horario.medico.usuario] for NavigablePath [com.example.examen2.horarios.model.Horario.medico.usuario] 
2024-11-18T12:45:50.151-04:00 DEBUG 24640 --- [examen2] [    Test worker] org.hibernate.orm.sql.ast.create         : Created new SQL alias : u1_0
2024-11-18T12:45:50.151-04:00 DEBUG 24640 --- [examen2] [    Test worker] org.hibernate.orm.sql.ast.create         : Registration of TableGroup [org.hibernate.sql.ast.tree.from.LazyTableGroup@769a9b7a] with identifierForTableGroup [com.example.examen2.horarios.model.Horario.medico.usuario.rol] for NavigablePath [com.example.examen2.horarios.model.Horario.medico.usuario.rol] 
2024-11-18T12:45:50.151-04:00 DEBUG 24640 --- [examen2] [    Test worker] org.hibernate.orm.sql.ast.create         : Created new SQL alias : r1_0
2024-11-18T12:45:50.151-04:00 DEBUG 24640 --- [examen2] [    Test worker] org.hibernate.orm.results.graph.AST      : DomainResult Graph:
 \-EntityResultImpl [com.example.examen2.horarios.model.Horario]
 |  +-BasicFetch [com.example.examen2.horarios.model.Horario.dia]
 |  +-BasicFetch [com.example.examen2.horarios.model.Horario.horaFin]
 |  +-BasicFetch [com.example.examen2.horarios.model.Horario.horaInicio]
 |  \-EntityFetchJoinedImpl [com.example.examen2.horarios.model.Horario.medico]

2024-11-18T12:45:50.151-04:00 DEBUG 24640 --- [examen2] [    Test worker] org.hibernate.orm.sql.ast.tree           : SQL AST Tree:
    SelectStatement {
      FromClause {
        StandardTableGroup (h1 : com.example.examen2.horarios.model.Horario) {
          primaryTableReference : horario as h1_0
          TableGroupJoins {
            left  join LazyTableGroup (m1 : com.example.examen2.horarios.model.Horario.medico) {
              primaryTableReference : medico as m1_0
              TableGroupJoins {
                left  join LazyTableGroup (u1 : com.example.examen2.horarios.model.Horario.medico.usuario) {
                  primaryTableReference : usuario as u1_0
                  TableGroupJoins {
                    left  join LazyTableGroup (r1 : com.example.examen2.horarios.model.Horario.medico.usuario.rol) {
                      primaryTableReference : rol as r1_0
                    }
                  }
                }
              }
            }
          }
        }
      }
    }

2024-11-18T12:45:50.151-04:00 DEBUG 24640 --- [examen2] [    Test worker] o.h.p.entity.AbstractEntityPersister     : Static SQL for entity: com.example.examen2.horarios.model.Horario
2024-11-18T12:45:50.151-04:00 DEBUG 24640 --- [examen2] [    Test worker] o.h.p.entity.AbstractEntityPersister     :  Version select: select id from horario where id=?
2024-11-18T12:45:50.151-04:00 DEBUG 24640 --- [examen2] [    Test worker] o.h.p.entity.AbstractEntityPersister     :  Insert (0): insert into horario (dia,hora_fin,hora_inicio,medico_id) values (?,?,?,?)
2024-11-18T12:45:50.151-04:00 DEBUG 24640 --- [examen2] [    Test worker] o.h.p.entity.AbstractEntityPersister     :  Update (0): update horario set dia=?,hora_fin=?,hora_inicio=?,medico_id=? where id=?
2024-11-18T12:45:50.151-04:00 DEBUG 24640 --- [examen2] [    Test worker] o.h.p.entity.AbstractEntityPersister     :  Delete (0): delete from horario where id=?
2024-11-18T12:45:50.151-04:00 DEBUG 24640 --- [examen2] [    Test worker] org.hibernate.orm.sql.ast.create         : Created new SQL alias : r1_0
2024-11-18T12:45:50.151-04:00 DEBUG 24640 --- [examen2] [    Test worker] org.hibernate.orm.sql.ast.create         : Registration of TableGroup [StandardTableGroup(com.example.examen2.reportes.model.Reporte)] with identifierForTableGroup [com.example.examen2.reportes.model.Reporte] for NavigablePath [com.example.examen2.reportes.model.Reporte] 
2024-11-18T12:45:50.152-04:00 DEBUG 24640 --- [examen2] [    Test worker] org.hibernate.orm.results.graph.AST      : DomainResult Graph:
 \-EntityResultImpl [com.example.examen2.reportes.model.Reporte]
 |  +-BasicFetch [com.example.examen2.reportes.model.Reporte.archivoUrl]
 |  +-BasicFetch [com.example.examen2.reportes.model.Reporte.fechaGeneracion]
 |  +-BasicFetch [com.example.examen2.reportes.model.Reporte.parametros]
 |  +-BasicFetch [com.example.examen2.reportes.model.Reporte.tipo]
 |  \-BasicFetch [com.example.examen2.reportes.model.Reporte.titulo]

2024-11-18T12:45:50.152-04:00 DEBUG 24640 --- [examen2] [    Test worker] org.hibernate.orm.sql.ast.tree           : SQL AST Tree:
    SelectStatement {
      FromClause {
        StandardTableGroup (r1 : com.example.examen2.reportes.model.Reporte) {
          primaryTableReference : reportes as r1_0
        }
      }
    }

2024-11-18T12:45:50.152-04:00 DEBUG 24640 --- [examen2] [    Test worker] o.h.p.entity.AbstractEntityPersister     : Static SQL for entity: com.example.examen2.reportes.model.Reporte
2024-11-18T12:45:50.152-04:00 DEBUG 24640 --- [examen2] [    Test worker] o.h.p.entity.AbstractEntityPersister     :  Version select: select id from reportes where id=?
2024-11-18T12:45:50.152-04:00 DEBUG 24640 --- [examen2] [    Test worker] o.h.p.entity.AbstractEntityPersister     :  Insert (0): insert into reportes (archivo_url,fecha_generacion,parametros,tipo,titulo) values (?,?,?,?,?)
2024-11-18T12:45:50.152-04:00 DEBUG 24640 --- [examen2] [    Test worker] o.h.p.entity.AbstractEntityPersister     :  Update (0): update reportes set archivo_url=?,fecha_generacion=?,parametros=?,tipo=?,titulo=? where id=?
2024-11-18T12:45:50.152-04:00 DEBUG 24640 --- [examen2] [    Test worker] o.h.p.entity.AbstractEntityPersister     :  Delete (0): delete from reportes where id=?
2024-11-18T12:45:50.152-04:00 DEBUG 24640 --- [examen2] [    Test worker] org.hibernate.orm.sql.ast.create         : Created new SQL alias : a1_0
2024-11-18T12:45:50.152-04:00 DEBUG 24640 --- [examen2] [    Test worker] org.hibernate.orm.sql.ast.create         : Registration of TableGroup [StandardTableGroup(com.example.examen2.analisis.model.Analisis)] with identifierForTableGroup [com.example.examen2.analisis.model.Analisis] for NavigablePath [com.example.examen2.analisis.model.Analisis] 
2024-11-18T12:45:50.152-04:00 DEBUG 24640 --- [examen2] [    Test worker] org.hibernate.orm.sql.ast.create         : Registration of TableGroup [org.hibernate.sql.ast.tree.from.LazyTableGroup@2487b621] with identifierForTableGroup [com.example.examen2.analisis.model.Analisis.medico] for NavigablePath [com.example.examen2.analisis.model.Analisis.medico] 
2024-11-18T12:45:50.152-04:00 DEBUG 24640 --- [examen2] [    Test worker] org.hibernate.orm.sql.ast.create         : Created new SQL alias : m1_0
2024-11-18T12:45:50.153-04:00 DEBUG 24640 --- [examen2] [    Test worker] org.hibernate.orm.sql.ast.create         : Registration of TableGroup [org.hibernate.sql.ast.tree.from.LazyTableGroup@3d2ff73a] with identifierForTableGroup [com.example.examen2.analisis.model.Analisis.medico.usuario] for NavigablePath [com.example.examen2.analisis.model.Analisis.medico.usuario] 
2024-11-18T12:45:50.153-04:00 DEBUG 24640 --- [examen2] [    Test worker] org.hibernate.orm.sql.ast.create         : Created new SQL alias : u1_0
2024-11-18T12:45:50.153-04:00 DEBUG 24640 --- [examen2] [    Test worker] org.hibernate.orm.sql.ast.create         : Registration of TableGroup [org.hibernate.sql.ast.tree.from.LazyTableGroup@736a8aea] with identifierForTableGroup [com.example.examen2.analisis.model.Analisis.medico.usuario.rol] for NavigablePath [com.example.examen2.analisis.model.Analisis.medico.usuario.rol] 
2024-11-18T12:45:50.153-04:00 DEBUG 24640 --- [examen2] [    Test worker] org.hibernate.orm.sql.ast.create         : Created new SQL alias : r1_0
2024-11-18T12:45:50.153-04:00 DEBUG 24640 --- [examen2] [    Test worker] org.hibernate.orm.sql.ast.create         : Registration of TableGroup [org.hibernate.sql.ast.tree.from.LazyTableGroup@2caa9666] with identifierForTableGroup [com.example.examen2.analisis.model.Analisis.paciente] for NavigablePath [com.example.examen2.analisis.model.Analisis.paciente] 
2024-11-18T12:45:50.153-04:00 DEBUG 24640 --- [examen2] [    Test worker] org.hibernate.orm.sql.ast.create         : Created new SQL alias : p1_0
2024-11-18T12:45:50.153-04:00 DEBUG 24640 --- [examen2] [    Test worker] org.hibernate.orm.sql.ast.create         : Registration of TableGroup [org.hibernate.sql.ast.tree.from.LazyTableGroup@49741e80] with identifierForTableGroup [com.example.examen2.analisis.model.Analisis.paciente.usuario] for NavigablePath [com.example.examen2.analisis.model.Analisis.paciente.usuario] 
2024-11-18T12:45:50.153-04:00 DEBUG 24640 --- [examen2] [    Test worker] org.hibernate.orm.sql.ast.create         : Created new SQL alias : u2_0
2024-11-18T12:45:50.153-04:00 DEBUG 24640 --- [examen2] [    Test worker] org.hibernate.orm.sql.ast.create         : Registration of TableGroup [org.hibernate.sql.ast.tree.from.LazyTableGroup@414d466e] with identifierForTableGroup [com.example.examen2.analisis.model.Analisis.paciente.usuario.rol] for NavigablePath [com.example.examen2.analisis.model.Analisis.paciente.usuario.rol] 
2024-11-18T12:45:50.153-04:00 DEBUG 24640 --- [examen2] [    Test worker] org.hibernate.orm.sql.ast.create         : Created new SQL alias : r2_0
2024-11-18T12:45:50.154-04:00 DEBUG 24640 --- [examen2] [    Test worker] org.hibernate.orm.results.graph.AST      : DomainResult Graph:
 \-EntityResultImpl [com.example.examen2.analisis.model.Analisis]
 |  +-BasicFetch [com.example.examen2.analisis.model.Analisis.archivoUrl]
 |  +-BasicFetch [com.example.examen2.analisis.model.Analisis.fechaRealizacion]
 |  +-EntityFetchJoinedImpl [com.example.examen2.analisis.model.Analisis.medico]
 |  +-EntityFetchJoinedImpl [com.example.examen2.analisis.model.Analisis.paciente]
 |  +-BasicFetch [com.example.examen2.analisis.model.Analisis.resultado]
 |  \-BasicFetch [com.example.examen2.analisis.model.Analisis.tipoAnalisis]

2024-11-18T12:45:50.154-04:00 DEBUG 24640 --- [examen2] [    Test worker] org.hibernate.orm.sql.ast.tree           : SQL AST Tree:
    SelectStatement {
      FromClause {
        StandardTableGroup (a1 : com.example.examen2.analisis.model.Analisis) {
          primaryTableReference : analisis as a1_0
          TableGroupJoins {
             join LazyTableGroup (m1 : com.example.examen2.analisis.model.Analisis.medico) {
              primaryTableReference : medico as m1_0
              TableGroupJoins {
                left  join LazyTableGroup (u1 : com.example.examen2.analisis.model.Analisis.medico.usuario) {
                  primaryTableReference : usuario as u1_0
                  TableGroupJoins {
                    left  join LazyTableGroup (r1 : com.example.examen2.analisis.model.Analisis.medico.usuario.rol) {
                      primaryTableReference : rol as r1_0
                    }
                  }
                }
              }
            }
             join LazyTableGroup (p1 : com.example.examen2.analisis.model.Analisis.paciente) {
              primaryTableReference : paciente as p1_0
              TableGroupJoins {
                left  join LazyTableGroup (u2 : com.example.examen2.analisis.model.Analisis.paciente.usuario) {
                  primaryTableReference : usuario as u2_0
                  TableGroupJoins {
                    left  join LazyTableGroup (r2 : com.example.examen2.analisis.model.Analisis.paciente.usuario.rol) {
                      primaryTableReference : rol as r2_0
                    }
                  }
                }
              }
            }
          }
        }
      }
    }

2024-11-18T12:45:50.154-04:00 DEBUG 24640 --- [examen2] [    Test worker] o.h.p.entity.AbstractEntityPersister     : Static SQL for entity: com.example.examen2.analisis.model.Analisis
2024-11-18T12:45:50.154-04:00 DEBUG 24640 --- [examen2] [    Test worker] o.h.p.entity.AbstractEntityPersister     :  Version select: select id from analisis where id=?
2024-11-18T12:45:50.154-04:00 DEBUG 24640 --- [examen2] [    Test worker] o.h.p.entity.AbstractEntityPersister     :  Insert (0): insert into analisis (archivo_url,fecha_realizacion,medico_id,paciente_id,resultado,tipo_analisis) values (?,?,?,?,?,?)
2024-11-18T12:45:50.154-04:00 DEBUG 24640 --- [examen2] [    Test worker] o.h.p.entity.AbstractEntityPersister     :  Update (0): update analisis set archivo_url=?,fecha_realizacion=?,medico_id=?,paciente_id=?,resultado=?,tipo_analisis=? where id=?
2024-11-18T12:45:50.154-04:00 DEBUG 24640 --- [examen2] [    Test worker] o.h.p.entity.AbstractEntityPersister     :  Delete (0): delete from analisis where id=?
2024-11-18T12:45:50.154-04:00 DEBUG 24640 --- [examen2] [    Test worker] org.hibernate.orm.sql.ast.create         : Created new SQL alias : c1_0
2024-11-18T12:45:50.154-04:00 DEBUG 24640 --- [examen2] [    Test worker] org.hibernate.orm.sql.ast.create         : Registration of TableGroup [StandardTableGroup(com.example.examen2.consultas.model.Consulta)] with identifierForTableGroup [com.example.examen2.consultas.model.Consulta] for NavigablePath [com.example.examen2.consultas.model.Consulta] 
2024-11-18T12:45:50.154-04:00 DEBUG 24640 --- [examen2] [    Test worker] org.hibernate.orm.sql.ast.create         : Registration of TableGroup [org.hibernate.sql.ast.tree.from.LazyTableGroup@643a73fa] with identifierForTableGroup [com.example.examen2.consultas.model.Consulta.cita] for NavigablePath [com.example.examen2.consultas.model.Consulta.cita] 
2024-11-18T12:45:50.154-04:00 DEBUG 24640 --- [examen2] [    Test worker] org.hibernate.orm.sql.ast.create         : Created new SQL alias : c2_0
2024-11-18T12:45:50.154-04:00 DEBUG 24640 --- [examen2] [    Test worker] org.hibernate.orm.sql.ast.create         : Registration of TableGroup [org.hibernate.sql.ast.tree.from.LazyTableGroup@dd3e1e3] with identifierForTableGroup [com.example.examen2.consultas.model.Consulta.cita.especialidad] for NavigablePath [com.example.examen2.consultas.model.Consulta.cita.especialidad] 
2024-11-18T12:45:50.154-04:00 DEBUG 24640 --- [examen2] [    Test worker] org.hibernate.orm.sql.ast.create         : Created new SQL alias : e1_0
2024-11-18T12:45:50.154-04:00 DEBUG 24640 --- [examen2] [    Test worker] org.hibernate.orm.sql.ast.create         : Registration of TableGroup [org.hibernate.sql.ast.tree.from.LazyTableGroup@2686a801] with identifierForTableGroup [com.example.examen2.consultas.model.Consulta.cita.horario] for NavigablePath [com.example.examen2.consultas.model.Consulta.cita.horario] 
2024-11-18T12:45:50.154-04:00 DEBUG 24640 --- [examen2] [    Test worker] org.hibernate.orm.sql.ast.create         : Created new SQL alias : h1_0
2024-11-18T12:45:50.155-04:00 DEBUG 24640 --- [examen2] [    Test worker] org.hibernate.orm.sql.ast.create         : Registration of TableGroup [org.hibernate.sql.ast.tree.from.LazyTableGroup@7878459f] with identifierForTableGroup [com.example.examen2.consultas.model.Consulta.cita.horario.medico] for NavigablePath [com.example.examen2.consultas.model.Consulta.cita.horario.medico] 
2024-11-18T12:45:50.155-04:00 DEBUG 24640 --- [examen2] [    Test worker] org.hibernate.orm.sql.ast.create         : Created new SQL alias : m1_0
2024-11-18T12:45:50.155-04:00 DEBUG 24640 --- [examen2] [    Test worker] org.hibernate.orm.sql.ast.create         : Registration of TableGroup [org.hibernate.sql.ast.tree.from.LazyTableGroup@4f6a5cc9] with identifierForTableGroup [com.example.examen2.consultas.model.Consulta.cita.horario.medico.usuario] for NavigablePath [com.example.examen2.consultas.model.Consulta.cita.horario.medico.usuario] 
2024-11-18T12:45:50.155-04:00 DEBUG 24640 --- [examen2] [    Test worker] org.hibernate.orm.sql.ast.create         : Created new SQL alias : u1_0
2024-11-18T12:45:50.155-04:00 DEBUG 24640 --- [examen2] [    Test worker] org.hibernate.orm.sql.ast.create         : Registration of TableGroup [org.hibernate.sql.ast.tree.from.LazyTableGroup@5d24703e] with identifierForTableGroup [com.example.examen2.consultas.model.Consulta.cita.horario.medico.usuario.rol] for NavigablePath [com.example.examen2.consultas.model.Consulta.cita.horario.medico.usuario.rol] 
2024-11-18T12:45:50.155-04:00 DEBUG 24640 --- [examen2] [    Test worker] org.hibernate.orm.sql.ast.create         : Created new SQL alias : r1_0
2024-11-18T12:45:50.155-04:00 DEBUG 24640 --- [examen2] [    Test worker] org.hibernate.orm.sql.ast.create         : Registration of TableGroup [org.hibernate.sql.ast.tree.from.LazyTableGroup@4ef10d3b] with identifierForTableGroup [com.example.examen2.consultas.model.Consulta.cita.medico] for NavigablePath [com.example.examen2.consultas.model.Consulta.cita.medico] 
2024-11-18T12:45:50.155-04:00 DEBUG 24640 --- [examen2] [    Test worker] org.hibernate.orm.sql.ast.create         : Created new SQL alias : m2_0
2024-11-18T12:45:50.155-04:00 DEBUG 24640 --- [examen2] [    Test worker] org.hibernate.orm.sql.ast.create         : Registration of TableGroup [org.hibernate.sql.ast.tree.from.LazyTableGroup@749ffdc7] with identifierForTableGroup [com.example.examen2.consultas.model.Consulta.cita.medico.usuario] for NavigablePath [com.example.examen2.consultas.model.Consulta.cita.medico.usuario] 
2024-11-18T12:45:50.155-04:00 DEBUG 24640 --- [examen2] [    Test worker] org.hibernate.orm.sql.ast.create         : Created new SQL alias : u2_0
2024-11-18T12:45:50.155-04:00 DEBUG 24640 --- [examen2] [    Test worker] org.hibernate.orm.sql.ast.create         : Registration of TableGroup [org.hibernate.sql.ast.tree.from.LazyTableGroup@690e7b89] with identifierForTableGroup [com.example.examen2.consultas.model.Consulta.cita.medico.usuario.rol] for NavigablePath [com.example.examen2.consultas.model.Consulta.cita.medico.usuario.rol] 
2024-11-18T12:45:50.155-04:00 DEBUG 24640 --- [examen2] [    Test worker] org.hibernate.orm.sql.ast.create         : Created new SQL alias : r2_0
2024-11-18T12:45:50.155-04:00 DEBUG 24640 --- [examen2] [    Test worker] org.hibernate.orm.sql.ast.create         : Registration of TableGroup [org.hibernate.sql.ast.tree.from.LazyTableGroup@17554316] with identifierForTableGroup [com.example.examen2.consultas.model.Consulta.cita.paciente] for NavigablePath [com.example.examen2.consultas.model.Consulta.cita.paciente] 
2024-11-18T12:45:50.155-04:00 DEBUG 24640 --- [examen2] [    Test worker] org.hibernate.orm.sql.ast.create         : Created new SQL alias : p1_0
2024-11-18T12:45:50.156-04:00 DEBUG 24640 --- [examen2] [    Test worker] org.hibernate.orm.sql.ast.create         : Registration of TableGroup [org.hibernate.sql.ast.tree.from.LazyTableGroup@518b0c12] with identifierForTableGroup [com.example.examen2.consultas.model.Consulta.cita.paciente.usuario] for NavigablePath [com.example.examen2.consultas.model.Consulta.cita.paciente.usuario] 
2024-11-18T12:45:50.156-04:00 DEBUG 24640 --- [examen2] [    Test worker] org.hibernate.orm.sql.ast.create         : Created new SQL alias : u3_0
2024-11-18T12:45:50.156-04:00 DEBUG 24640 --- [examen2] [    Test worker] org.hibernate.orm.sql.ast.create         : Registration of TableGroup [org.hibernate.sql.ast.tree.from.LazyTableGroup@5af1b221] with identifierForTableGroup [com.example.examen2.consultas.model.Consulta.cita.paciente.usuario.rol] for NavigablePath [com.example.examen2.consultas.model.Consulta.cita.paciente.usuario.rol] 
2024-11-18T12:45:50.156-04:00 DEBUG 24640 --- [examen2] [    Test worker] org.hibernate.orm.sql.ast.create         : Created new SQL alias : r3_0
2024-11-18T12:45:50.156-04:00 DEBUG 24640 --- [examen2] [    Test worker] org.hibernate.orm.sql.ast.create         : Registration of TableGroup [org.hibernate.sql.ast.tree.from.LazyTableGroup@40b958c5] with identifierForTableGroup [com.example.examen2.consultas.model.Consulta.medico] for NavigablePath [com.example.examen2.consultas.model.Consulta.medico] 
2024-11-18T12:45:50.156-04:00 DEBUG 24640 --- [examen2] [    Test worker] org.hibernate.orm.sql.ast.create         : Created new SQL alias : m3_0
2024-11-18T12:45:50.157-04:00 DEBUG 24640 --- [examen2] [    Test worker] org.hibernate.orm.sql.ast.create         : Registration of TableGroup [org.hibernate.sql.ast.tree.from.LazyTableGroup@7d49fe37] with identifierForTableGroup [com.example.examen2.consultas.model.Consulta.medico.usuario] for NavigablePath [com.example.examen2.consultas.model.Consulta.medico.usuario] 
2024-11-18T12:45:50.157-04:00 DEBUG 24640 --- [examen2] [    Test worker] org.hibernate.orm.sql.ast.create         : Created new SQL alias : u4_0
2024-11-18T12:45:50.157-04:00 DEBUG 24640 --- [examen2] [    Test worker] org.hibernate.orm.sql.ast.create         : Registration of TableGroup [org.hibernate.sql.ast.tree.from.LazyTableGroup@74ab8610] with identifierForTableGroup [com.example.examen2.consultas.model.Consulta.medico.usuario.rol] for NavigablePath [com.example.examen2.consultas.model.Consulta.medico.usuario.rol] 
2024-11-18T12:45:50.157-04:00 DEBUG 24640 --- [examen2] [    Test worker] org.hibernate.orm.sql.ast.create         : Created new SQL alias : r4_0
2024-11-18T12:45:50.157-04:00 DEBUG 24640 --- [examen2] [    Test worker] org.hibernate.orm.sql.ast.create         : Registration of TableGroup [org.hibernate.sql.ast.tree.from.LazyTableGroup@231c521e] with identifierForTableGroup [com.example.examen2.consultas.model.Consulta.paciente] for NavigablePath [com.example.examen2.consultas.model.Consulta.paciente] 
2024-11-18T12:45:50.157-04:00 DEBUG 24640 --- [examen2] [    Test worker] org.hibernate.orm.sql.ast.create         : Created new SQL alias : p2_0
2024-11-18T12:45:50.157-04:00 DEBUG 24640 --- [examen2] [    Test worker] org.hibernate.orm.sql.ast.create         : Registration of TableGroup [org.hibernate.sql.ast.tree.from.LazyTableGroup@296949c8] with identifierForTableGroup [com.example.examen2.consultas.model.Consulta.paciente.usuario] for NavigablePath [com.example.examen2.consultas.model.Consulta.paciente.usuario] 
2024-11-18T12:45:50.157-04:00 DEBUG 24640 --- [examen2] [    Test worker] org.hibernate.orm.sql.ast.create         : Created new SQL alias : u5_0
2024-11-18T12:45:50.157-04:00 DEBUG 24640 --- [examen2] [    Test worker] org.hibernate.orm.sql.ast.create         : Registration of TableGroup [org.hibernate.sql.ast.tree.from.LazyTableGroup@1be3a294] with identifierForTableGroup [com.example.examen2.consultas.model.Consulta.paciente.usuario.rol] for NavigablePath [com.example.examen2.consultas.model.Consulta.paciente.usuario.rol] 
2024-11-18T12:45:50.157-04:00 DEBUG 24640 --- [examen2] [    Test worker] org.hibernate.orm.sql.ast.create         : Created new SQL alias : r5_0
2024-11-18T12:45:50.158-04:00 DEBUG 24640 --- [examen2] [    Test worker] org.hibernate.orm.results.graph.AST      : DomainResult Graph:
 \-EntityResultImpl [com.example.examen2.consultas.model.Consulta]
 |  +-EntityFetchJoinedImpl [com.example.examen2.consultas.model.Consulta.cita]
 |  +-BasicFetch [com.example.examen2.consultas.model.Consulta.derivoProcedimiento]
 |  +-BasicFetch [com.example.examen2.consultas.model.Consulta.diagnostico]
 |  +-BasicFetch [com.example.examen2.consultas.model.Consulta.fecha]
 |  +-EntityFetchJoinedImpl [com.example.examen2.consultas.model.Consulta.medico]
 |  +-BasicFetch [com.example.examen2.consultas.model.Consulta.notas]
 |  +-EntityFetchJoinedImpl [com.example.examen2.consultas.model.Consulta.paciente]
 |  +-DelayedCollectionFetch [com.example.examen2.consultas.model.Consulta.sintomas]
 |  \-BasicFetch [com.example.examen2.consultas.model.Consulta.tratamiento]

2024-11-18T12:45:50.158-04:00 DEBUG 24640 --- [examen2] [    Test worker] org.hibernate.orm.sql.ast.tree           : SQL AST Tree:
    SelectStatement {
      FromClause {
        StandardTableGroup (c1 : com.example.examen2.consultas.model.Consulta) {
          primaryTableReference : consultas as c1_0
          TableGroupJoins {
             join LazyTableGroup (c2 : com.example.examen2.consultas.model.Consulta.cita) {
              primaryTableReference : cita as c2_0
              TableGroupJoins {
                left  join LazyTableGroup (e1 : com.example.examen2.consultas.model.Consulta.cita.especialidad) {
                  primaryTableReference : especialidad as e1_0
                }
                left  join LazyTableGroup (h1 : com.example.examen2.consultas.model.Consulta.cita.horario) {
                  primaryTableReference : horario as h1_0
                  TableGroupJoins {
                    left  join LazyTableGroup (m1 : com.example.examen2.consultas.model.Consulta.cita.horario.medico) {
                      primaryTableReference : medico as m1_0
                      TableGroupJoins {
                        left  join LazyTableGroup (u1 : com.example.examen2.consultas.model.Consulta.cita.horario.medico.usuario) {
                          primaryTableReference : usuario as u1_0
                          TableGroupJoins {
                            left  join LazyTableGroup (r1 : com.example.examen2.consultas.model.Consulta.cita.horario.medico.usuario.rol) {
                              primaryTableReference : rol as r1_0
                            }
                          }
                        }
                      }
                    }
                  }
                }
                left  join LazyTableGroup (m2 : com.example.examen2.consultas.model.Consulta.cita.medico) {
                  primaryTableReference : medico as m2_0
                  TableGroupJoins {
                    left  join LazyTableGroup (u2 : com.example.examen2.consultas.model.Consulta.cita.medico.usuario) {
                      primaryTableReference : usuario as u2_0
                      TableGroupJoins {
                        left  join LazyTableGroup (r2 : com.example.examen2.consultas.model.Consulta.cita.medico.usuario.rol) {
                          primaryTableReference : rol as r2_0
                        }
                      }
                    }
                  }
                }
                left  join LazyTableGroup (p1 : com.example.examen2.consultas.model.Consulta.cita.paciente) {
                  primaryTableReference : paciente as p1_0
                  TableGroupJoins {
                    left  join LazyTableGroup (u3 : com.example.examen2.consultas.model.Consulta.cita.paciente.usuario) {
                      primaryTableReference : usuario as u3_0
                      TableGroupJoins {
                        left  join LazyTableGroup (r3 : com.example.examen2.consultas.model.Consulta.cita.paciente.usuario.rol) {
                          primaryTableReference : rol as r3_0
                        }
                      }
                    }
                  }
                }
              }
            }
             join LazyTableGroup (m3 : com.example.examen2.consultas.model.Consulta.medico) {
              primaryTableReference : medico as m3_0
              TableGroupJoins {
                left  join LazyTableGroup (u4 : com.example.examen2.consultas.model.Consulta.medico.usuario) {
                  primaryTableReference : usuario as u4_0
                  TableGroupJoins {
                    left  join LazyTableGroup (r4 : com.example.examen2.consultas.model.Consulta.medico.usuario.rol) {
                      primaryTableReference : rol as r4_0
                    }
                  }
                }
              }
            }
             join LazyTableGroup (p2 : com.example.examen2.consultas.model.Consulta.paciente) {
              primaryTableReference : paciente as p2_0
              TableGroupJoins {
                left  join LazyTableGroup (u5 : com.example.examen2.consultas.model.Consulta.paciente.usuario) {
                  primaryTableReference : usuario as u5_0
                  TableGroupJoins {
                    left  join LazyTableGroup (r5 : com.example.examen2.consultas.model.Consulta.paciente.usuario.rol) {
                      primaryTableReference : rol as r5_0
                    }
                  }
                }
              }
            }
          }
        }
      }
    }

2024-11-18T12:45:50.158-04:00 DEBUG 24640 --- [examen2] [    Test worker] o.h.p.entity.AbstractEntityPersister     : Static SQL for entity: com.example.examen2.consultas.model.Consulta
2024-11-18T12:45:50.158-04:00 DEBUG 24640 --- [examen2] [    Test worker] o.h.p.entity.AbstractEntityPersister     :  Version select: select id from consultas where id=?
2024-11-18T12:45:50.158-04:00 DEBUG 24640 --- [examen2] [    Test worker] o.h.p.entity.AbstractEntityPersister     :  Insert (0): insert into consultas (cita_id,derivo_procedimiento,diagnostico,fecha,medico_id,notas,paciente_id,tratamiento) values (?,?,?,?,?,?,?,?)
2024-11-18T12:45:50.158-04:00 DEBUG 24640 --- [examen2] [    Test worker] o.h.p.entity.AbstractEntityPersister     :  Update (0): update consultas set cita_id=?,derivo_procedimiento=?,diagnostico=?,fecha=?,medico_id=?,notas=?,paciente_id=?,tratamiento=? where id=?
2024-11-18T12:45:50.158-04:00 DEBUG 24640 --- [examen2] [    Test worker] o.h.p.entity.AbstractEntityPersister     :  Delete (0): delete from consultas where id=?
2024-11-18T12:45:50.158-04:00 DEBUG 24640 --- [examen2] [    Test worker] org.hibernate.orm.sql.ast.create         : Created new SQL alias : m1_0
2024-11-18T12:45:50.158-04:00 DEBUG 24640 --- [examen2] [    Test worker] org.hibernate.orm.sql.ast.create         : Registration of TableGroup [StandardTableGroup(com.example.examen2.medicos.model.Medico)] with identifierForTableGroup [com.example.examen2.medicos.model.Medico] for NavigablePath [com.example.examen2.medicos.model.Medico] 
2024-11-18T12:45:50.158-04:00 DEBUG 24640 --- [examen2] [    Test worker] org.hibernate.orm.sql.ast.create         : Registration of TableGroup [org.hibernate.sql.ast.tree.from.LazyTableGroup@729d1428] with identifierForTableGroup [com.example.examen2.medicos.model.Medico.usuario] for NavigablePath [com.example.examen2.medicos.model.Medico.usuario] 
2024-11-18T12:45:50.158-04:00 DEBUG 24640 --- [examen2] [    Test worker] org.hibernate.orm.sql.ast.create         : Created new SQL alias : u1_0
2024-11-18T12:45:50.160-04:00 DEBUG 24640 --- [examen2] [    Test worker] org.hibernate.orm.sql.ast.create         : Registration of TableGroup [org.hibernate.sql.ast.tree.from.LazyTableGroup@115924ba] with identifierForTableGroup [com.example.examen2.medicos.model.Medico.usuario.rol] for NavigablePath [com.example.examen2.medicos.model.Medico.usuario.rol] 
2024-11-18T12:45:50.160-04:00 DEBUG 24640 --- [examen2] [    Test worker] org.hibernate.orm.sql.ast.create         : Created new SQL alias : r1_0
2024-11-18T12:45:50.160-04:00 DEBUG 24640 --- [examen2] [    Test worker] org.hibernate.orm.results.graph.AST      : DomainResult Graph:
 \-EntityResultImpl [com.example.examen2.medicos.model.Medico]
 |  +-BasicFetch [com.example.examen2.medicos.model.Medico.ci]
 |  +-BasicFetch [com.example.examen2.medicos.model.Medico.disponibilidad]
 |  +-DelayedCollectionFetch [com.example.examen2.medicos.model.Medico.especialidades]
 |  +-DelayedCollectionFetch [com.example.examen2.medicos.model.Medico.horarios]
 |  +-BasicFetch [com.example.examen2.medicos.model.Medico.numeroLicencia]
 |  +-BasicFetch [com.example.examen2.medicos.model.Medico.telefonoConsultorio]
 |  \-EntityFetchJoinedImpl [com.example.examen2.medicos.model.Medico.usuario]

2024-11-18T12:45:50.160-04:00 DEBUG 24640 --- [examen2] [    Test worker] org.hibernate.orm.sql.ast.tree           : SQL AST Tree:
    SelectStatement {
      FromClause {
        StandardTableGroup (m1 : com.example.examen2.medicos.model.Medico) {
          primaryTableReference : medico as m1_0
          TableGroupJoins {
            left  join LazyTableGroup (u1 : com.example.examen2.medicos.model.Medico.usuario) {
              primaryTableReference : usuario as u1_0
              TableGroupJoins {
                left  join LazyTableGroup (r1 : com.example.examen2.medicos.model.Medico.usuario.rol) {
                  primaryTableReference : rol as r1_0
                }
              }
            }
          }
        }
      }
    }

2024-11-18T12:45:50.160-04:00 DEBUG 24640 --- [examen2] [    Test worker] o.h.p.entity.AbstractEntityPersister     : Static SQL for entity: com.example.examen2.medicos.model.Medico
2024-11-18T12:45:50.160-04:00 DEBUG 24640 --- [examen2] [    Test worker] o.h.p.entity.AbstractEntityPersister     :  Version select: select id from medico where id=?
2024-11-18T12:45:50.160-04:00 DEBUG 24640 --- [examen2] [    Test worker] o.h.p.entity.AbstractEntityPersister     :  Insert (0): insert into medico (ci,disponibilidad,numero_licencia,telefono_consultorio,usuario_id) values (?,?,?,?,?)
2024-11-18T12:45:50.160-04:00 DEBUG 24640 --- [examen2] [    Test worker] o.h.p.entity.AbstractEntityPersister     :  Update (0): update medico set ci=?,disponibilidad=?,numero_licencia=?,telefono_consultorio=?,usuario_id=? where id=?
2024-11-18T12:45:50.160-04:00 DEBUG 24640 --- [examen2] [    Test worker] o.h.p.entity.AbstractEntityPersister     :  Delete (0): delete from medico where id=?
2024-11-18T12:45:50.160-04:00 DEBUG 24640 --- [examen2] [    Test worker] org.hibernate.orm.sql.ast.create         : Created new SQL alias : p1_0
2024-11-18T12:45:50.160-04:00 DEBUG 24640 --- [examen2] [    Test worker] org.hibernate.orm.sql.ast.create         : Registration of TableGroup [StandardTableGroup(com.example.examen2.procedimientos.model.Procedimiento)] with identifierForTableGroup [com.example.examen2.procedimientos.model.Procedimiento] for NavigablePath [com.example.examen2.procedimientos.model.Procedimiento] 
2024-11-18T12:45:50.160-04:00 DEBUG 24640 --- [examen2] [    Test worker] org.hibernate.orm.sql.ast.create         : Registration of TableGroup [org.hibernate.sql.ast.tree.from.LazyTableGroup@252d2ac0] with identifierForTableGroup [com.example.examen2.procedimientos.model.Procedimiento.consulta] for NavigablePath [com.example.examen2.procedimientos.model.Procedimiento.consulta] 
2024-11-18T12:45:50.160-04:00 DEBUG 24640 --- [examen2] [    Test worker] org.hibernate.orm.sql.ast.create         : Created new SQL alias : c1_0
2024-11-18T12:45:50.160-04:00 DEBUG 24640 --- [examen2] [    Test worker] org.hibernate.orm.sql.ast.create         : Registration of TableGroup [org.hibernate.sql.ast.tree.from.LazyTableGroup@3f0b5619] with identifierForTableGroup [com.example.examen2.procedimientos.model.Procedimiento.consulta.cita] for NavigablePath [com.example.examen2.procedimientos.model.Procedimiento.consulta.cita] 
2024-11-18T12:45:50.161-04:00 DEBUG 24640 --- [examen2] [    Test worker] org.hibernate.orm.sql.ast.create         : Created new SQL alias : c2_0
2024-11-18T12:45:50.161-04:00 DEBUG 24640 --- [examen2] [    Test worker] org.hibernate.orm.sql.ast.create         : Registration of TableGroup [org.hibernate.sql.ast.tree.from.LazyTableGroup@67afc9b6] with identifierForTableGroup [com.example.examen2.procedimientos.model.Procedimiento.consulta.cita.especialidad] for NavigablePath [com.example.examen2.procedimientos.model.Procedimiento.consulta.cita.especialidad] 
2024-11-18T12:45:50.161-04:00 DEBUG 24640 --- [examen2] [    Test worker] org.hibernate.orm.sql.ast.create         : Created new SQL alias : e1_0
2024-11-18T12:45:50.161-04:00 DEBUG 24640 --- [examen2] [    Test worker] org.hibernate.orm.sql.ast.create         : Registration of TableGroup [org.hibernate.sql.ast.tree.from.LazyTableGroup@36ce9eaf] with identifierForTableGroup [com.example.examen2.procedimientos.model.Procedimiento.consulta.cita.horario] for NavigablePath [com.example.examen2.procedimientos.model.Procedimiento.consulta.cita.horario] 
2024-11-18T12:45:50.161-04:00 DEBUG 24640 --- [examen2] [    Test worker] org.hibernate.orm.sql.ast.create         : Created new SQL alias : h1_0
2024-11-18T12:45:50.161-04:00 DEBUG 24640 --- [examen2] [    Test worker] org.hibernate.orm.sql.ast.create         : Registration of TableGroup [org.hibernate.sql.ast.tree.from.LazyTableGroup@7a79d99c] with identifierForTableGroup [com.example.examen2.procedimientos.model.Procedimiento.consulta.cita.horario.medico] for NavigablePath [com.example.examen2.procedimientos.model.Procedimiento.consulta.cita.horario.medico] 
2024-11-18T12:45:50.161-04:00 DEBUG 24640 --- [examen2] [    Test worker] org.hibernate.orm.sql.ast.create         : Created new SQL alias : m1_0
2024-11-18T12:45:50.161-04:00 DEBUG 24640 --- [examen2] [    Test worker] org.hibernate.orm.sql.ast.create         : Registration of TableGroup [org.hibernate.sql.ast.tree.from.LazyTableGroup@1f27f354] with identifierForTableGroup [com.example.examen2.procedimientos.model.Procedimiento.consulta.cita.horario.medico.usuario] for NavigablePath [com.example.examen2.procedimientos.model.Procedimiento.consulta.cita.horario.medico.usuario] 
2024-11-18T12:45:50.161-04:00 DEBUG 24640 --- [examen2] [    Test worker] org.hibernate.orm.sql.ast.create         : Created new SQL alias : u1_0
2024-11-18T12:45:50.161-04:00 DEBUG 24640 --- [examen2] [    Test worker] org.hibernate.orm.sql.ast.create         : Registration of TableGroup [org.hibernate.sql.ast.tree.from.LazyTableGroup@6dc7b7f] with identifierForTableGroup [com.example.examen2.procedimientos.model.Procedimiento.consulta.cita.horario.medico.usuario.rol] for NavigablePath [com.example.examen2.procedimientos.model.Procedimiento.consulta.cita.horario.medico.usuario.rol] 
2024-11-18T12:45:50.161-04:00 DEBUG 24640 --- [examen2] [    Test worker] org.hibernate.orm.sql.ast.create         : Created new SQL alias : r1_0
2024-11-18T12:45:50.161-04:00 DEBUG 24640 --- [examen2] [    Test worker] org.hibernate.orm.sql.ast.create         : Registration of TableGroup [org.hibernate.sql.ast.tree.from.LazyTableGroup@4425b6ed] with identifierForTableGroup [com.example.examen2.procedimientos.model.Procedimiento.consulta.cita.medico] for NavigablePath [com.example.examen2.procedimientos.model.Procedimiento.consulta.cita.medico] 
2024-11-18T12:45:50.161-04:00 DEBUG 24640 --- [examen2] [    Test worker] org.hibernate.orm.sql.ast.create         : Created new SQL alias : m2_0
2024-11-18T12:45:50.162-04:00 DEBUG 24640 --- [examen2] [    Test worker] org.hibernate.orm.sql.ast.create         : Registration of TableGroup [org.hibernate.sql.ast.tree.from.LazyTableGroup@702432cc] with identifierForTableGroup [com.example.examen2.procedimientos.model.Procedimiento.consulta.cita.medico.usuario] for NavigablePath [com.example.examen2.procedimientos.model.Procedimiento.consulta.cita.medico.usuario] 
2024-11-18T12:45:50.162-04:00 DEBUG 24640 --- [examen2] [    Test worker] org.hibernate.orm.sql.ast.create         : Created new SQL alias : u2_0
2024-11-18T12:45:50.162-04:00 DEBUG 24640 --- [examen2] [    Test worker] org.hibernate.orm.sql.ast.create         : Registration of TableGroup [org.hibernate.sql.ast.tree.from.LazyTableGroup@5039c2cf] with identifierForTableGroup [com.example.examen2.procedimientos.model.Procedimiento.consulta.cita.medico.usuario.rol] for NavigablePath [com.example.examen2.procedimientos.model.Procedimiento.consulta.cita.medico.usuario.rol] 
2024-11-18T12:45:50.162-04:00 DEBUG 24640 --- [examen2] [    Test worker] org.hibernate.orm.sql.ast.create         : Created new SQL alias : r2_0
2024-11-18T12:45:50.162-04:00 DEBUG 24640 --- [examen2] [    Test worker] org.hibernate.orm.sql.ast.create         : Registration of TableGroup [org.hibernate.sql.ast.tree.from.LazyTableGroup@355b4c34] with identifierForTableGroup [com.example.examen2.procedimientos.model.Procedimiento.consulta.cita.paciente] for NavigablePath [com.example.examen2.procedimientos.model.Procedimiento.consulta.cita.paciente] 
2024-11-18T12:45:50.162-04:00 DEBUG 24640 --- [examen2] [    Test worker] org.hibernate.orm.sql.ast.create         : Created new SQL alias : p2_0
2024-11-18T12:45:50.162-04:00 DEBUG 24640 --- [examen2] [    Test worker] org.hibernate.orm.sql.ast.create         : Registration of TableGroup [org.hibernate.sql.ast.tree.from.LazyTableGroup@5ca006ac] with identifierForTableGroup [com.example.examen2.procedimientos.model.Procedimiento.consulta.cita.paciente.usuario] for NavigablePath [com.example.examen2.procedimientos.model.Procedimiento.consulta.cita.paciente.usuario] 
2024-11-18T12:45:50.162-04:00 DEBUG 24640 --- [examen2] [    Test worker] org.hibernate.orm.sql.ast.create         : Created new SQL alias : u3_0
2024-11-18T12:45:50.162-04:00 DEBUG 24640 --- [examen2] [    Test worker] org.hibernate.orm.sql.ast.create         : Registration of TableGroup [org.hibernate.sql.ast.tree.from.LazyTableGroup@dc3eda6] with identifierForTableGroup [com.example.examen2.procedimientos.model.Procedimiento.consulta.cita.paciente.usuario.rol] for NavigablePath [com.example.examen2.procedimientos.model.Procedimiento.consulta.cita.paciente.usuario.rol] 
2024-11-18T12:45:50.162-04:00 DEBUG 24640 --- [examen2] [    Test worker] org.hibernate.orm.sql.ast.create         : Created new SQL alias : r3_0
2024-11-18T12:45:50.162-04:00 DEBUG 24640 --- [examen2] [    Test worker] org.hibernate.orm.sql.ast.create         : Registration of TableGroup [org.hibernate.sql.ast.tree.from.LazyTableGroup@1372696b] with identifierForTableGroup [com.example.examen2.procedimientos.model.Procedimiento.consulta.medico] for NavigablePath [com.example.examen2.procedimientos.model.Procedimiento.consulta.medico] 
2024-11-18T12:45:50.162-04:00 DEBUG 24640 --- [examen2] [    Test worker] org.hibernate.orm.sql.ast.create         : Created new SQL alias : m3_0
2024-11-18T12:45:50.162-04:00 DEBUG 24640 --- [examen2] [    Test worker] org.hibernate.orm.sql.ast.create         : Registration of TableGroup [org.hibernate.sql.ast.tree.from.LazyTableGroup@7ca7bddd] with identifierForTableGroup [com.example.examen2.procedimientos.model.Procedimiento.consulta.medico.usuario] for NavigablePath [com.example.examen2.procedimientos.model.Procedimiento.consulta.medico.usuario] 
2024-11-18T12:45:50.162-04:00 DEBUG 24640 --- [examen2] [    Test worker] org.hibernate.orm.sql.ast.create         : Created new SQL alias : u4_0
2024-11-18T12:45:50.163-04:00 DEBUG 24640 --- [examen2] [    Test worker] org.hibernate.orm.sql.ast.create         : Registration of TableGroup [org.hibernate.sql.ast.tree.from.LazyTableGroup@206e5183] with identifierForTableGroup [com.example.examen2.procedimientos.model.Procedimiento.consulta.medico.usuario.rol] for NavigablePath [com.example.examen2.procedimientos.model.Procedimiento.consulta.medico.usuario.rol] 
2024-11-18T12:45:50.163-04:00 DEBUG 24640 --- [examen2] [    Test worker] org.hibernate.orm.sql.ast.create         : Created new SQL alias : r4_0
2024-11-18T12:45:50.163-04:00 DEBUG 24640 --- [examen2] [    Test worker] org.hibernate.orm.sql.ast.create         : Registration of TableGroup [org.hibernate.sql.ast.tree.from.LazyTableGroup@325236f5] with identifierForTableGroup [com.example.examen2.procedimientos.model.Procedimiento.consulta.paciente] for NavigablePath [com.example.examen2.procedimientos.model.Procedimiento.consulta.paciente] 
2024-11-18T12:45:50.163-04:00 DEBUG 24640 --- [examen2] [    Test worker] org.hibernate.orm.sql.ast.create         : Created new SQL alias : p3_0
2024-11-18T12:45:50.163-04:00 DEBUG 24640 --- [examen2] [    Test worker] org.hibernate.orm.sql.ast.create         : Registration of TableGroup [org.hibernate.sql.ast.tree.from.LazyTableGroup@32eb38e5] with identifierForTableGroup [com.example.examen2.procedimientos.model.Procedimiento.consulta.paciente.usuario] for NavigablePath [com.example.examen2.procedimientos.model.Procedimiento.consulta.paciente.usuario] 
2024-11-18T12:45:50.163-04:00 DEBUG 24640 --- [examen2] [    Test worker] org.hibernate.orm.sql.ast.create         : Created new SQL alias : u5_0
2024-11-18T12:45:50.163-04:00 DEBUG 24640 --- [examen2] [    Test worker] org.hibernate.orm.sql.ast.create         : Registration of TableGroup [org.hibernate.sql.ast.tree.from.LazyTableGroup@73633230] with identifierForTableGroup [com.example.examen2.procedimientos.model.Procedimiento.consulta.paciente.usuario.rol] for NavigablePath [com.example.examen2.procedimientos.model.Procedimiento.consulta.paciente.usuario.rol] 
2024-11-18T12:45:50.163-04:00 DEBUG 24640 --- [examen2] [    Test worker] org.hibernate.orm.sql.ast.create         : Created new SQL alias : r5_0
2024-11-18T12:45:50.163-04:00 DEBUG 24640 --- [examen2] [    Test worker] org.hibernate.orm.sql.ast.create         : Registration of TableGroup [org.hibernate.sql.ast.tree.from.LazyTableGroup@21539796] with identifierForTableGroup [com.example.examen2.procedimientos.model.Procedimiento.medico] for NavigablePath [com.example.examen2.procedimientos.model.Procedimiento.medico] 
2024-11-18T12:45:50.164-04:00 DEBUG 24640 --- [examen2] [    Test worker] org.hibernate.orm.sql.ast.create         : Created new SQL alias : m4_0
2024-11-18T12:45:50.164-04:00 DEBUG 24640 --- [examen2] [    Test worker] org.hibernate.orm.sql.ast.create         : Registration of TableGroup [org.hibernate.sql.ast.tree.from.LazyTableGroup@215f8d7] with identifierForTableGroup [com.example.examen2.procedimientos.model.Procedimiento.medico.usuario] for NavigablePath [com.example.examen2.procedimientos.model.Procedimiento.medico.usuario] 
2024-11-18T12:45:50.164-04:00 DEBUG 24640 --- [examen2] [    Test worker] org.hibernate.orm.sql.ast.create         : Created new SQL alias : u6_0
2024-11-18T12:45:50.164-04:00 DEBUG 24640 --- [examen2] [    Test worker] org.hibernate.orm.sql.ast.create         : Registration of TableGroup [org.hibernate.sql.ast.tree.from.LazyTableGroup@69d2c460] with identifierForTableGroup [com.example.examen2.procedimientos.model.Procedimiento.medico.usuario.rol] for NavigablePath [com.example.examen2.procedimientos.model.Procedimiento.medico.usuario.rol] 
2024-11-18T12:45:50.164-04:00 DEBUG 24640 --- [examen2] [    Test worker] org.hibernate.orm.sql.ast.create         : Created new SQL alias : r6_0
2024-11-18T12:45:50.164-04:00 DEBUG 24640 --- [examen2] [    Test worker] org.hibernate.orm.sql.ast.create         : Registration of TableGroup [org.hibernate.sql.ast.tree.from.LazyTableGroup@34a99d8] with identifierForTableGroup [com.example.examen2.procedimientos.model.Procedimiento.paciente] for NavigablePath [com.example.examen2.procedimientos.model.Procedimiento.paciente] 
2024-11-18T12:45:50.164-04:00 DEBUG 24640 --- [examen2] [    Test worker] org.hibernate.orm.sql.ast.create         : Created new SQL alias : p4_0
2024-11-18T12:45:50.164-04:00 DEBUG 24640 --- [examen2] [    Test worker] org.hibernate.orm.sql.ast.create         : Registration of TableGroup [org.hibernate.sql.ast.tree.from.LazyTableGroup@3e984100] with identifierForTableGroup [com.example.examen2.procedimientos.model.Procedimiento.paciente.usuario] for NavigablePath [com.example.examen2.procedimientos.model.Procedimiento.paciente.usuario] 
2024-11-18T12:45:50.164-04:00 DEBUG 24640 --- [examen2] [    Test worker] org.hibernate.orm.sql.ast.create         : Created new SQL alias : u7_0
2024-11-18T12:45:50.164-04:00 DEBUG 24640 --- [examen2] [    Test worker] org.hibernate.orm.sql.ast.create         : Registration of TableGroup [org.hibernate.sql.ast.tree.from.LazyTableGroup@13e6c544] with identifierForTableGroup [com.example.examen2.procedimientos.model.Procedimiento.paciente.usuario.rol] for NavigablePath [com.example.examen2.procedimientos.model.Procedimiento.paciente.usuario.rol] 
2024-11-18T12:45:50.164-04:00 DEBUG 24640 --- [examen2] [    Test worker] org.hibernate.orm.sql.ast.create         : Created new SQL alias : r7_0
2024-11-18T12:45:50.164-04:00 DEBUG 24640 --- [examen2] [    Test worker] org.hibernate.orm.results.graph.AST      : DomainResult Graph:
 \-EntityResultImpl [com.example.examen2.procedimientos.model.Procedimiento]
 |  +-BasicFetch [com.example.examen2.procedimientos.model.Procedimiento.archivoUrl]
 |  +-EntityFetchJoinedImpl [com.example.examen2.procedimientos.model.Procedimiento.consulta]
 |  +-BasicFetch [com.example.examen2.procedimientos.model.Procedimiento.descripcion]
 |  +-BasicFetch [com.example.examen2.procedimientos.model.Procedimiento.fecha]
 |  +-EntityFetchJoinedImpl [com.example.examen2.procedimientos.model.Procedimiento.medico]
 |  +-BasicFetch [com.example.examen2.procedimientos.model.Procedimiento.observaciones]
 |  \-EntityFetchJoinedImpl [com.example.examen2.procedimientos.model.Procedimiento.paciente]

2024-11-18T12:45:50.165-04:00 DEBUG 24640 --- [examen2] [    Test worker] org.hibernate.orm.sql.ast.tree           : SQL AST Tree:
    SelectStatement {
      FromClause {
        StandardTableGroup (p1 : com.example.examen2.procedimientos.model.Procedimiento) {
          primaryTableReference : procedimientos as p1_0
          TableGroupJoins {
             join LazyTableGroup (c1 : com.example.examen2.procedimientos.model.Procedimiento.consulta) {
              primaryTableReference : consultas as c1_0
              TableGroupJoins {
                left  join LazyTableGroup (c2 : com.example.examen2.procedimientos.model.Procedimiento.consulta.cita) {
                  primaryTableReference : cita as c2_0
                  TableGroupJoins {
                    left  join LazyTableGroup (e1 : com.example.examen2.procedimientos.model.Procedimiento.consulta.cita.especialidad) {
                      primaryTableReference : especialidad as e1_0
                    }
                    left  join LazyTableGroup (h1 : com.example.examen2.procedimientos.model.Procedimiento.consulta.cita.horario) {
                      primaryTableReference : horario as h1_0
                      TableGroupJoins {
                        left  join LazyTableGroup (m1 : com.example.examen2.procedimientos.model.Procedimiento.consulta.cita.horario.medico) {
                          primaryTableReference : medico as m1_0
                          TableGroupJoins {
                            left  join LazyTableGroup (u1 : com.example.examen2.procedimientos.model.Procedimiento.consulta.cita.horario.medico.usuario) {
                              primaryTableReference : usuario as u1_0
                              TableGroupJoins {
                                left  join LazyTableGroup (r1 : com.example.examen2.procedimientos.model.Procedimiento.consulta.cita.horario.medico.usuario.rol) {
                                  primaryTableReference : rol as r1_0
                                }
                              }
                            }
                          }
                        }
                      }
                    }
                    left  join LazyTableGroup (m2 : com.example.examen2.procedimientos.model.Procedimiento.consulta.cita.medico) {
                      primaryTableReference : medico as m2_0
                      TableGroupJoins {
                        left  join LazyTableGroup (u2 : com.example.examen2.procedimientos.model.Procedimiento.consulta.cita.medico.usuario) {
                          primaryTableReference : usuario as u2_0
                          TableGroupJoins {
                            left  join LazyTableGroup (r2 : com.example.examen2.procedimientos.model.Procedimiento.consulta.cita.medico.usuario.rol) {
                              primaryTableReference : rol as r2_0
                            }
                          }
                        }
                      }
                    }
                    left  join LazyTableGroup (p2 : com.example.examen2.procedimientos.model.Procedimiento.consulta.cita.paciente) {
                      primaryTableReference : paciente as p2_0
                      TableGroupJoins {
                        left  join LazyTableGroup (u3 : com.example.examen2.procedimientos.model.Procedimiento.consulta.cita.paciente.usuario) {
                          primaryTableReference : usuario as u3_0
                          TableGroupJoins {
                            left  join LazyTableGroup (r3 : com.example.examen2.procedimientos.model.Procedimiento.consulta.cita.paciente.usuario.rol) {
                              primaryTableReference : rol as r3_0
                            }
                          }
                        }
                      }
                    }
                  }
                }
                left  join LazyTableGroup (m3 : com.example.examen2.procedimientos.model.Procedimiento.consulta.medico) {
                  primaryTableReference : medico as m3_0
                  TableGroupJoins {
                    left  join LazyTableGroup (u4 : com.example.examen2.procedimientos.model.Procedimiento.consulta.medico.usuario) {
                      primaryTableReference : usuario as u4_0
                      TableGroupJoins {
                        left  join LazyTableGroup (r4 : com.example.examen2.procedimientos.model.Procedimiento.consulta.medico.usuario.rol) {
                          primaryTableReference : rol as r4_0
                        }
                      }
                    }
                  }
                }
                left  join LazyTableGroup (p3 : com.example.examen2.procedimientos.model.Procedimiento.consulta.paciente) {
                  primaryTableReference : paciente as p3_0
                  TableGroupJoins {
                    left  join LazyTableGroup (u5 : com.example.examen2.procedimientos.model.Procedimiento.consulta.paciente.usuario) {
                      primaryTableReference : usuario as u5_0
                      TableGroupJoins {
                        left  join LazyTableGroup (r5 : com.example.examen2.procedimientos.model.Procedimiento.consulta.paciente.usuario.rol) {
                          primaryTableReference : rol as r5_0
                        }
                      }
                    }
                  }
                }
              }
            }
             join LazyTableGroup (m4 : com.example.examen2.procedimientos.model.Procedimiento.medico) {
              primaryTableReference : medico as m4_0
              TableGroupJoins {
                left  join LazyTableGroup (u6 : com.example.examen2.procedimientos.model.Procedimiento.medico.usuario) {
                  primaryTableReference : usuario as u6_0
                  TableGroupJoins {
                    left  join LazyTableGroup (r6 : com.example.examen2.procedimientos.model.Procedimiento.medico.usuario.rol) {
                      primaryTableReference : rol as r6_0
                    }
                  }
                }
              }
            }
             join LazyTableGroup (p4 : com.example.examen2.procedimientos.model.Procedimiento.paciente) {
              primaryTableReference : paciente as p4_0
              TableGroupJoins {
                left  join LazyTableGroup (u7 : com.example.examen2.procedimientos.model.Procedimiento.paciente.usuario) {
                  primaryTableReference : usuario as u7_0
                  TableGroupJoins {
                    left  join LazyTableGroup (r7 : com.example.examen2.procedimientos.model.Procedimiento.paciente.usuario.rol) {
                      primaryTableReference : rol as r7_0
                    }
                  }
                }
              }
            }
          }
        }
      }
    }

2024-11-18T12:45:50.166-04:00 DEBUG 24640 --- [examen2] [    Test worker] o.h.p.entity.AbstractEntityPersister     : Static SQL for entity: com.example.examen2.procedimientos.model.Procedimiento
2024-11-18T12:45:50.166-04:00 DEBUG 24640 --- [examen2] [    Test worker] o.h.p.entity.AbstractEntityPersister     :  Version select: select id from procedimientos where id=?
2024-11-18T12:45:50.166-04:00 DEBUG 24640 --- [examen2] [    Test worker] o.h.p.entity.AbstractEntityPersister     :  Insert (0): insert into procedimientos (archivo_url,consulta_id,descripcion,fecha,medico_id,observaciones,paciente_id) values (?,?,?,?,?,?,?)
2024-11-18T12:45:50.166-04:00 DEBUG 24640 --- [examen2] [    Test worker] o.h.p.entity.AbstractEntityPersister     :  Update (0): update procedimientos set archivo_url=?,consulta_id=?,descripcion=?,fecha=?,medico_id=?,observaciones=?,paciente_id=? where id=?
2024-11-18T12:45:50.166-04:00 DEBUG 24640 --- [examen2] [    Test worker] o.h.p.entity.AbstractEntityPersister     :  Delete (0): delete from procedimientos where id=?
2024-11-18T12:45:50.166-04:00 DEBUG 24640 --- [examen2] [    Test worker] org.hibernate.orm.sql.ast.create         : Created new SQL alias : p1_0
2024-11-18T12:45:50.166-04:00 DEBUG 24640 --- [examen2] [    Test worker] org.hibernate.orm.sql.ast.create         : Registration of TableGroup [StandardTableGroup(com.example.examen2.paciente.model.Paciente)] with identifierForTableGroup [com.example.examen2.paciente.model.Paciente] for NavigablePath [com.example.examen2.paciente.model.Paciente] 
2024-11-18T12:45:50.166-04:00 DEBUG 24640 --- [examen2] [    Test worker] org.hibernate.orm.sql.ast.create         : Registration of TableGroup [org.hibernate.sql.ast.tree.from.LazyTableGroup@3b3b2290] with identifierForTableGroup [com.example.examen2.paciente.model.Paciente.usuario] for NavigablePath [com.example.examen2.paciente.model.Paciente.usuario] 
2024-11-18T12:45:50.166-04:00 DEBUG 24640 --- [examen2] [    Test worker] org.hibernate.orm.sql.ast.create         : Created new SQL alias : u1_0
2024-11-18T12:45:50.166-04:00 DEBUG 24640 --- [examen2] [    Test worker] org.hibernate.orm.sql.ast.create         : Registration of TableGroup [org.hibernate.sql.ast.tree.from.LazyTableGroup@47d7e4b6] with identifierForTableGroup [com.example.examen2.paciente.model.Paciente.usuario.rol] for NavigablePath [com.example.examen2.paciente.model.Paciente.usuario.rol] 
2024-11-18T12:45:50.166-04:00 DEBUG 24640 --- [examen2] [    Test worker] org.hibernate.orm.sql.ast.create         : Created new SQL alias : r1_0
2024-11-18T12:45:50.167-04:00 DEBUG 24640 --- [examen2] [    Test worker] org.hibernate.orm.results.graph.AST      : DomainResult Graph:
 \-EntityResultImpl [com.example.examen2.paciente.model.Paciente]
 |  +-BasicFetch [com.example.examen2.paciente.model.Paciente.carnet]
 |  +-BasicFetch [com.example.examen2.paciente.model.Paciente.edad]
 |  +-BasicFetch [com.example.examen2.paciente.model.Paciente.fechaFinSeguro]
 |  +-BasicFetch [com.example.examen2.paciente.model.Paciente.fechaInicioSeguro]
 |  +-BasicFetch [com.example.examen2.paciente.model.Paciente.fechaNacimiento]
 |  +-BasicFetch [com.example.examen2.paciente.model.Paciente.sexo]
 |  \-EntityFetchJoinedImpl [com.example.examen2.paciente.model.Paciente.usuario]

2024-11-18T12:45:50.167-04:00 DEBUG 24640 --- [examen2] [    Test worker] org.hibernate.orm.sql.ast.tree           : SQL AST Tree:
    SelectStatement {
      FromClause {
        StandardTableGroup (p1 : com.example.examen2.paciente.model.Paciente) {
          primaryTableReference : paciente as p1_0
          TableGroupJoins {
            left  join LazyTableGroup (u1 : com.example.examen2.paciente.model.Paciente.usuario) {
              primaryTableReference : usuario as u1_0
              TableGroupJoins {
                left  join LazyTableGroup (r1 : com.example.examen2.paciente.model.Paciente.usuario.rol) {
                  primaryTableReference : rol as r1_0
                }
              }
            }
          }
        }
      }
    }

2024-11-18T12:45:50.167-04:00 DEBUG 24640 --- [examen2] [    Test worker] o.h.p.entity.AbstractEntityPersister     : Static SQL for entity: com.example.examen2.paciente.model.Paciente
2024-11-18T12:45:50.167-04:00 DEBUG 24640 --- [examen2] [    Test worker] o.h.p.entity.AbstractEntityPersister     :  Version select: select id from paciente where id=?
2024-11-18T12:45:50.167-04:00 DEBUG 24640 --- [examen2] [    Test worker] o.h.p.entity.AbstractEntityPersister     :  Insert (0): insert into paciente (carnet,edad,fecha_fin_seguro,fecha_inicio_seguro,fecha_nacimiento,sexo,usuario_id) values (?,?,?,?,?,?,?)
2024-11-18T12:45:50.167-04:00 DEBUG 24640 --- [examen2] [    Test worker] o.h.p.entity.AbstractEntityPersister     :  Update (0): update paciente set carnet=?,edad=?,fecha_fin_seguro=?,fecha_inicio_seguro=?,fecha_nacimiento=?,sexo=?,usuario_id=? where id=?
2024-11-18T12:45:50.167-04:00 DEBUG 24640 --- [examen2] [    Test worker] o.h.p.entity.AbstractEntityPersister     :  Delete (0): delete from paciente where id=?
2024-11-18T12:45:50.167-04:00 DEBUG 24640 --- [examen2] [    Test worker] org.hibernate.orm.sql.ast.create         : Created new SQL alias : hc1_0
2024-11-18T12:45:50.167-04:00 DEBUG 24640 --- [examen2] [    Test worker] org.hibernate.orm.sql.ast.create         : Registration of TableGroup [StandardTableGroup(com.example.examen2.historialclinico.model.HistorialClinico)] with identifierForTableGroup [com.example.examen2.historialclinico.model.HistorialClinico] for NavigablePath [com.example.examen2.historialclinico.model.HistorialClinico] 
2024-11-18T12:45:50.167-04:00 DEBUG 24640 --- [examen2] [    Test worker] org.hibernate.orm.sql.ast.create         : Registration of TableGroup [org.hibernate.sql.ast.tree.from.LazyTableGroup@2ba4b32b] with identifierForTableGroup [com.example.examen2.historialclinico.model.HistorialClinico.paciente] for NavigablePath [com.example.examen2.historialclinico.model.HistorialClinico.paciente] 
2024-11-18T12:45:50.167-04:00 DEBUG 24640 --- [examen2] [    Test worker] org.hibernate.orm.sql.ast.create         : Created new SQL alias : p1_0
2024-11-18T12:45:50.167-04:00 DEBUG 24640 --- [examen2] [    Test worker] org.hibernate.orm.sql.ast.create         : Registration of TableGroup [org.hibernate.sql.ast.tree.from.LazyTableGroup@532e00bd] with identifierForTableGroup [com.example.examen2.historialclinico.model.HistorialClinico.paciente.usuario] for NavigablePath [com.example.examen2.historialclinico.model.HistorialClinico.paciente.usuario] 
2024-11-18T12:45:50.167-04:00 DEBUG 24640 --- [examen2] [    Test worker] org.hibernate.orm.sql.ast.create         : Created new SQL alias : u1_0
2024-11-18T12:45:50.167-04:00 DEBUG 24640 --- [examen2] [    Test worker] org.hibernate.orm.sql.ast.create         : Registration of TableGroup [org.hibernate.sql.ast.tree.from.LazyTableGroup@47ab3688] with identifierForTableGroup [com.example.examen2.historialclinico.model.HistorialClinico.paciente.usuario.rol] for NavigablePath [com.example.examen2.historialclinico.model.HistorialClinico.paciente.usuario.rol] 
2024-11-18T12:45:50.167-04:00 DEBUG 24640 --- [examen2] [    Test worker] org.hibernate.orm.sql.ast.create         : Created new SQL alias : r1_0
2024-11-18T12:45:50.168-04:00 DEBUG 24640 --- [examen2] [    Test worker] org.hibernate.orm.results.graph.AST      : DomainResult Graph:
 \-EntityResultImpl [com.example.examen2.historialclinico.model.HistorialClinico]
 |  +-BasicFetch [com.example.examen2.historialclinico.model.HistorialClinico.archivoUrl]
 |  +-BasicFetch [com.example.examen2.historialclinico.model.HistorialClinico.fechaCreacion]
 |  +-BasicFetch [com.example.examen2.historialclinico.model.HistorialClinico.fechaUltimaActualizacion]
 |  +-BasicFetch [com.example.examen2.historialclinico.model.HistorialClinico.notas]
 |  \-EntityFetchJoinedImpl [com.example.examen2.historialclinico.model.HistorialClinico.paciente]

2024-11-18T12:45:50.168-04:00 DEBUG 24640 --- [examen2] [    Test worker] org.hibernate.orm.sql.ast.tree           : SQL AST Tree:
    SelectStatement {
      FromClause {
        StandardTableGroup (hc1 : com.example.examen2.historialclinico.model.HistorialClinico) {
          primaryTableReference : historiales_clinicos as hc1_0
          TableGroupJoins {
             join LazyTableGroup (p1 : com.example.examen2.historialclinico.model.HistorialClinico.paciente) {
              primaryTableReference : paciente as p1_0
              TableGroupJoins {
                left  join LazyTableGroup (u1 : com.example.examen2.historialclinico.model.HistorialClinico.paciente.usuario) {
                  primaryTableReference : usuario as u1_0
                  TableGroupJoins {
                    left  join LazyTableGroup (r1 : com.example.examen2.historialclinico.model.HistorialClinico.paciente.usuario.rol) {
                      primaryTableReference : rol as r1_0
                    }
                  }
                }
              }
            }
          }
        }
      }
    }

2024-11-18T12:45:50.168-04:00 DEBUG 24640 --- [examen2] [    Test worker] o.h.p.entity.AbstractEntityPersister     : Static SQL for entity: com.example.examen2.historialclinico.model.HistorialClinico
2024-11-18T12:45:50.168-04:00 DEBUG 24640 --- [examen2] [    Test worker] o.h.p.entity.AbstractEntityPersister     :  Version select: select id from historiales_clinicos where id=?
2024-11-18T12:45:50.168-04:00 DEBUG 24640 --- [examen2] [    Test worker] o.h.p.entity.AbstractEntityPersister     :  Insert (0): insert into historiales_clinicos (archivo_url,fecha_creacion,fecha_ultima_actualizacion,notas,paciente_id) values (?,?,?,?,?)
2024-11-18T12:45:50.168-04:00 DEBUG 24640 --- [examen2] [    Test worker] o.h.p.entity.AbstractEntityPersister     :  Update (0): update historiales_clinicos set archivo_url=?,fecha_creacion=?,fecha_ultima_actualizacion=?,notas=?,paciente_id=? where id=?
2024-11-18T12:45:50.168-04:00 DEBUG 24640 --- [examen2] [    Test worker] o.h.p.entity.AbstractEntityPersister     :  Delete (0): delete from historiales_clinicos where id=?
2024-11-18T12:45:50.168-04:00 DEBUG 24640 --- [examen2] [    Test worker] org.hibernate.orm.sql.ast.create         : Created new SQL alias : e1_0
2024-11-18T12:45:50.168-04:00 DEBUG 24640 --- [examen2] [    Test worker] org.hibernate.orm.sql.ast.create         : Registration of TableGroup [StandardTableGroup(com.example.examen2.especialidades.model.Especialidad)] with identifierForTableGroup [com.example.examen2.especialidades.model.Especialidad] for NavigablePath [com.example.examen2.especialidades.model.Especialidad] 
2024-11-18T12:45:50.168-04:00 DEBUG 24640 --- [examen2] [    Test worker] org.hibernate.orm.results.graph.AST      : DomainResult Graph:
 \-EntityResultImpl [com.example.examen2.especialidades.model.Especialidad]
 |  +-BasicFetch [com.example.examen2.especialidades.model.Especialidad.descripcion]
 |  +-DelayedCollectionFetch [com.example.examen2.especialidades.model.Especialidad.medicos]
 |  \-BasicFetch [com.example.examen2.especialidades.model.Especialidad.nombre]

2024-11-18T12:45:50.168-04:00 DEBUG 24640 --- [examen2] [    Test worker] org.hibernate.orm.sql.ast.tree           : SQL AST Tree:
    SelectStatement {
      FromClause {
        StandardTableGroup (e1 : com.example.examen2.especialidades.model.Especialidad) {
          primaryTableReference : especialidad as e1_0
        }
      }
    }

2024-11-18T12:45:50.168-04:00 DEBUG 24640 --- [examen2] [    Test worker] o.h.p.entity.AbstractEntityPersister     : Static SQL for entity: com.example.examen2.especialidades.model.Especialidad
2024-11-18T12:45:50.168-04:00 DEBUG 24640 --- [examen2] [    Test worker] o.h.p.entity.AbstractEntityPersister     :  Version select: select id from especialidad where id=?
2024-11-18T12:45:50.168-04:00 DEBUG 24640 --- [examen2] [    Test worker] o.h.p.entity.AbstractEntityPersister     :  Insert (0): insert into especialidad (descripcion,nombre) values (?,?)
2024-11-18T12:45:50.168-04:00 DEBUG 24640 --- [examen2] [    Test worker] o.h.p.entity.AbstractEntityPersister     :  Update (0): update especialidad set descripcion=?,nombre=? where id=?
2024-11-18T12:45:50.168-04:00 DEBUG 24640 --- [examen2] [    Test worker] o.h.p.entity.AbstractEntityPersister     :  Delete (0): delete from especialidad where id=?
2024-11-18T12:45:50.168-04:00 DEBUG 24640 --- [examen2] [    Test worker] org.hibernate.orm.sql.ast.create         : Created new SQL alias : te1_0
2024-11-18T12:45:50.168-04:00 DEBUG 24640 --- [examen2] [    Test worker] org.hibernate.orm.sql.ast.create         : Registration of TableGroup [StandardTableGroup(com.example.examen2.usuarios.model.TestEntity)] with identifierForTableGroup [com.example.examen2.usuarios.model.TestEntity] for NavigablePath [com.example.examen2.usuarios.model.TestEntity] 
2024-11-18T12:45:50.168-04:00 DEBUG 24640 --- [examen2] [    Test worker] org.hibernate.orm.results.graph.AST      : DomainResult Graph:
 \-EntityResultImpl [com.example.examen2.usuarios.model.TestEntity]
 |  \-BasicFetch [com.example.examen2.usuarios.model.TestEntity.name]

2024-11-18T12:45:50.168-04:00 DEBUG 24640 --- [examen2] [    Test worker] org.hibernate.orm.sql.ast.tree           : SQL AST Tree:
    SelectStatement {
      FromClause {
        StandardTableGroup (te1 : com.example.examen2.usuarios.model.TestEntity) {
          primaryTableReference : test_entity as te1_0
        }
      }
    }

2024-11-18T12:45:50.168-04:00 DEBUG 24640 --- [examen2] [    Test worker] o.h.p.entity.AbstractEntityPersister     : Static SQL for entity: com.example.examen2.usuarios.model.TestEntity
2024-11-18T12:45:50.169-04:00 DEBUG 24640 --- [examen2] [    Test worker] o.h.p.entity.AbstractEntityPersister     :  Version select: select id from test_entity where id=?
2024-11-18T12:45:50.169-04:00 DEBUG 24640 --- [examen2] [    Test worker] o.h.p.entity.AbstractEntityPersister     :  Insert (0): insert into test_entity (name) values (?)
2024-11-18T12:45:50.169-04:00 DEBUG 24640 --- [examen2] [    Test worker] o.h.p.entity.AbstractEntityPersister     :  Update (0): update test_entity set name=? where id=?
2024-11-18T12:45:50.169-04:00 DEBUG 24640 --- [examen2] [    Test worker] o.h.p.entity.AbstractEntityPersister     :  Delete (0): delete from test_entity where id=?
2024-11-18T12:45:50.169-04:00 DEBUG 24640 --- [examen2] [    Test worker] org.hibernate.orm.sql.ast.create         : Created new SQL alias : c1_0
2024-11-18T12:45:50.169-04:00 DEBUG 24640 --- [examen2] [    Test worker] org.hibernate.orm.sql.ast.create         : Registration of TableGroup [StandardTableGroup(com.example.examen2.citas.model.Cita)] with identifierForTableGroup [com.example.examen2.citas.model.Cita] for NavigablePath [com.example.examen2.citas.model.Cita] 
2024-11-18T12:45:50.169-04:00 DEBUG 24640 --- [examen2] [    Test worker] org.hibernate.orm.sql.ast.create         : Registration of TableGroup [org.hibernate.sql.ast.tree.from.LazyTableGroup@744199bb] with identifierForTableGroup [com.example.examen2.citas.model.Cita.especialidad] for NavigablePath [com.example.examen2.citas.model.Cita.especialidad] 
2024-11-18T12:45:50.169-04:00 DEBUG 24640 --- [examen2] [    Test worker] org.hibernate.orm.sql.ast.create         : Created new SQL alias : e1_0
2024-11-18T12:45:50.169-04:00 DEBUG 24640 --- [examen2] [    Test worker] org.hibernate.orm.sql.ast.create         : Registration of TableGroup [org.hibernate.sql.ast.tree.from.LazyTableGroup@6ce8bf64] with identifierForTableGroup [com.example.examen2.citas.model.Cita.horario] for NavigablePath [com.example.examen2.citas.model.Cita.horario] 
2024-11-18T12:45:50.169-04:00 DEBUG 24640 --- [examen2] [    Test worker] org.hibernate.orm.sql.ast.create         : Created new SQL alias : h1_0
2024-11-18T12:45:50.169-04:00 DEBUG 24640 --- [examen2] [    Test worker] org.hibernate.orm.sql.ast.create         : Registration of TableGroup [org.hibernate.sql.ast.tree.from.LazyTableGroup@6413eeb7] with identifierForTableGroup [com.example.examen2.citas.model.Cita.horario.medico] for NavigablePath [com.example.examen2.citas.model.Cita.horario.medico] 
2024-11-18T12:45:50.169-04:00 DEBUG 24640 --- [examen2] [    Test worker] org.hibernate.orm.sql.ast.create         : Created new SQL alias : m1_0
2024-11-18T12:45:50.169-04:00 DEBUG 24640 --- [examen2] [    Test worker] org.hibernate.orm.sql.ast.create         : Registration of TableGroup [org.hibernate.sql.ast.tree.from.LazyTableGroup@956cf3d] with identifierForTableGroup [com.example.examen2.citas.model.Cita.horario.medico.usuario] for NavigablePath [com.example.examen2.citas.model.Cita.horario.medico.usuario] 
2024-11-18T12:45:50.169-04:00 DEBUG 24640 --- [examen2] [    Test worker] org.hibernate.orm.sql.ast.create         : Created new SQL alias : u1_0
2024-11-18T12:45:50.169-04:00 DEBUG 24640 --- [examen2] [    Test worker] org.hibernate.orm.sql.ast.create         : Registration of TableGroup [org.hibernate.sql.ast.tree.from.LazyTableGroup@712213ed] with identifierForTableGroup [com.example.examen2.citas.model.Cita.horario.medico.usuario.rol] for NavigablePath [com.example.examen2.citas.model.Cita.horario.medico.usuario.rol] 
2024-11-18T12:45:50.169-04:00 DEBUG 24640 --- [examen2] [    Test worker] org.hibernate.orm.sql.ast.create         : Created new SQL alias : r1_0
2024-11-18T12:45:50.170-04:00 DEBUG 24640 --- [examen2] [    Test worker] org.hibernate.orm.sql.ast.create         : Registration of TableGroup [org.hibernate.sql.ast.tree.from.LazyTableGroup@58189132] with identifierForTableGroup [com.example.examen2.citas.model.Cita.medico] for NavigablePath [com.example.examen2.citas.model.Cita.medico] 
2024-11-18T12:45:50.170-04:00 DEBUG 24640 --- [examen2] [    Test worker] org.hibernate.orm.sql.ast.create         : Created new SQL alias : m2_0
2024-11-18T12:45:50.170-04:00 DEBUG 24640 --- [examen2] [    Test worker] org.hibernate.orm.sql.ast.create         : Registration of TableGroup [org.hibernate.sql.ast.tree.from.LazyTableGroup@2305aad0] with identifierForTableGroup [com.example.examen2.citas.model.Cita.medico.usuario] for NavigablePath [com.example.examen2.citas.model.Cita.medico.usuario] 
2024-11-18T12:45:50.170-04:00 DEBUG 24640 --- [examen2] [    Test worker] org.hibernate.orm.sql.ast.create         : Created new SQL alias : u2_0
2024-11-18T12:45:50.170-04:00 DEBUG 24640 --- [examen2] [    Test worker] org.hibernate.orm.sql.ast.create         : Registration of TableGroup [org.hibernate.sql.ast.tree.from.LazyTableGroup@1c15a6aa] with identifierForTableGroup [com.example.examen2.citas.model.Cita.medico.usuario.rol] for NavigablePath [com.example.examen2.citas.model.Cita.medico.usuario.rol] 
2024-11-18T12:45:50.170-04:00 DEBUG 24640 --- [examen2] [    Test worker] org.hibernate.orm.sql.ast.create         : Created new SQL alias : r2_0
2024-11-18T12:45:50.170-04:00 DEBUG 24640 --- [examen2] [    Test worker] org.hibernate.orm.sql.ast.create         : Registration of TableGroup [org.hibernate.sql.ast.tree.from.LazyTableGroup@7dc963be] with identifierForTableGroup [com.example.examen2.citas.model.Cita.paciente] for NavigablePath [com.example.examen2.citas.model.Cita.paciente] 
2024-11-18T12:45:50.170-04:00 DEBUG 24640 --- [examen2] [    Test worker] org.hibernate.orm.sql.ast.create         : Created new SQL alias : p1_0
2024-11-18T12:45:50.170-04:00 DEBUG 24640 --- [examen2] [    Test worker] org.hibernate.orm.sql.ast.create         : Registration of TableGroup [org.hibernate.sql.ast.tree.from.LazyTableGroup@61c4fc34] with identifierForTableGroup [com.example.examen2.citas.model.Cita.paciente.usuario] for NavigablePath [com.example.examen2.citas.model.Cita.paciente.usuario] 
2024-11-18T12:45:50.170-04:00 DEBUG 24640 --- [examen2] [    Test worker] org.hibernate.orm.sql.ast.create         : Created new SQL alias : u3_0
2024-11-18T12:45:50.170-04:00 DEBUG 24640 --- [examen2] [    Test worker] org.hibernate.orm.sql.ast.create         : Registration of TableGroup [org.hibernate.sql.ast.tree.from.LazyTableGroup@6f9999f6] with identifierForTableGroup [com.example.examen2.citas.model.Cita.paciente.usuario.rol] for NavigablePath [com.example.examen2.citas.model.Cita.paciente.usuario.rol] 
2024-11-18T12:45:50.170-04:00 DEBUG 24640 --- [examen2] [    Test worker] org.hibernate.orm.sql.ast.create         : Created new SQL alias : r3_0
2024-11-18T12:45:50.170-04:00 DEBUG 24640 --- [examen2] [    Test worker] org.hibernate.orm.results.graph.AST      : DomainResult Graph:
 \-EntityResultImpl [com.example.examen2.citas.model.Cita]
 |  +-BasicFetch [com.example.examen2.citas.model.Cita.consultaCreada]
 |  +-EntityFetchJoinedImpl [com.example.examen2.citas.model.Cita.especialidad]
 |  +-BasicFetch [com.example.examen2.citas.model.Cita.estado]
 |  +-BasicFetch [com.example.examen2.citas.model.Cita.fecha]
 |  +-BasicFetch [com.example.examen2.citas.model.Cita.hora]
 |  +-EntityFetchJoinedImpl [com.example.examen2.citas.model.Cita.horario]
 |  +-EntityFetchJoinedImpl [com.example.examen2.citas.model.Cita.medico]
 |  +-BasicFetch [com.example.examen2.citas.model.Cita.observaciones]
 |  \-EntityFetchJoinedImpl [com.example.examen2.citas.model.Cita.paciente]

2024-11-18T12:45:50.170-04:00 DEBUG 24640 --- [examen2] [    Test worker] org.hibernate.orm.sql.ast.tree           : SQL AST Tree:
    SelectStatement {
      FromClause {
        StandardTableGroup (c1 : com.example.examen2.citas.model.Cita) {
          primaryTableReference : cita as c1_0
          TableGroupJoins {
            left  join LazyTableGroup (e1 : com.example.examen2.citas.model.Cita.especialidad) {
              primaryTableReference : especialidad as e1_0
            }
            left  join LazyTableGroup (h1 : com.example.examen2.citas.model.Cita.horario) {
              primaryTableReference : horario as h1_0
              TableGroupJoins {
                left  join LazyTableGroup (m1 : com.example.examen2.citas.model.Cita.horario.medico) {
                  primaryTableReference : medico as m1_0
                  TableGroupJoins {
                    left  join LazyTableGroup (u1 : com.example.examen2.citas.model.Cita.horario.medico.usuario) {
                      primaryTableReference : usuario as u1_0
                      TableGroupJoins {
                        left  join LazyTableGroup (r1 : com.example.examen2.citas.model.Cita.horario.medico.usuario.rol) {
                          primaryTableReference : rol as r1_0
                        }
                      }
                    }
                  }
                }
              }
            }
            left  join LazyTableGroup (m2 : com.example.examen2.citas.model.Cita.medico) {
              primaryTableReference : medico as m2_0
              TableGroupJoins {
                left  join LazyTableGroup (u2 : com.example.examen2.citas.model.Cita.medico.usuario) {
                  primaryTableReference : usuario as u2_0
                  TableGroupJoins {
                    left  join LazyTableGroup (r2 : com.example.examen2.citas.model.Cita.medico.usuario.rol) {
                      primaryTableReference : rol as r2_0
                    }
                  }
                }
              }
            }
            left  join LazyTableGroup (p1 : com.example.examen2.citas.model.Cita.paciente) {
              primaryTableReference : paciente as p1_0
              TableGroupJoins {
                left  join LazyTableGroup (u3 : com.example.examen2.citas.model.Cita.paciente.usuario) {
                  primaryTableReference : usuario as u3_0
                  TableGroupJoins {
                    left  join LazyTableGroup (r3 : com.example.examen2.citas.model.Cita.paciente.usuario.rol) {
                      primaryTableReference : rol as r3_0
                    }
                  }
                }
              }
            }
          }
        }
      }
    }

2024-11-18T12:45:50.171-04:00 DEBUG 24640 --- [examen2] [    Test worker] o.h.p.entity.AbstractEntityPersister     : Static SQL for entity: com.example.examen2.citas.model.Cita
2024-11-18T12:45:50.171-04:00 DEBUG 24640 --- [examen2] [    Test worker] o.h.p.entity.AbstractEntityPersister     :  Version select: select id from cita where id=?
2024-11-18T12:45:50.171-04:00 DEBUG 24640 --- [examen2] [    Test worker] o.h.p.entity.AbstractEntityPersister     :  Insert (0): insert into cita (consulta_creada,especialidad_id,estado,fecha,hora,horario_id,medico_id,observaciones,paciente_id) values (?,?,?,?,?,?,?,?,?)
2024-11-18T12:45:50.171-04:00 DEBUG 24640 --- [examen2] [    Test worker] o.h.p.entity.AbstractEntityPersister     :  Update (0): update cita set consulta_creada=?,especialidad_id=?,estado=?,fecha=?,hora=?,horario_id=?,medico_id=?,observaciones=?,paciente_id=? where id=?
2024-11-18T12:45:50.171-04:00 DEBUG 24640 --- [examen2] [    Test worker] o.h.p.entity.AbstractEntityPersister     :  Delete (0): delete from cita where id=?
2024-11-18T12:45:50.171-04:00 DEBUG 24640 --- [examen2] [    Test worker] org.hibernate.orm.sql.ast.create         : Created new SQL alias : r1_0
2024-11-18T12:45:50.171-04:00 DEBUG 24640 --- [examen2] [    Test worker] org.hibernate.orm.sql.ast.create         : Registration of TableGroup [StandardTableGroup(com.example.examen2.usuarios.model.Rol)] with identifierForTableGroup [com.example.examen2.usuarios.model.Rol] for NavigablePath [com.example.examen2.usuarios.model.Rol] 
2024-11-18T12:45:50.171-04:00 DEBUG 24640 --- [examen2] [    Test worker] org.hibernate.orm.results.graph.AST      : DomainResult Graph:
 \-EntityResultImpl [com.example.examen2.usuarios.model.Rol]
 |  \-BasicFetch [com.example.examen2.usuarios.model.Rol.nombre]

2024-11-18T12:45:50.171-04:00 DEBUG 24640 --- [examen2] [    Test worker] org.hibernate.orm.sql.ast.tree           : SQL AST Tree:
    SelectStatement {
      FromClause {
        StandardTableGroup (r1 : com.example.examen2.usuarios.model.Rol) {
          primaryTableReference : rol as r1_0
        }
      }
    }

2024-11-18T12:45:50.171-04:00 DEBUG 24640 --- [examen2] [    Test worker] o.h.p.entity.AbstractEntityPersister     : Static SQL for entity: com.example.examen2.usuarios.model.Rol
2024-11-18T12:45:50.171-04:00 DEBUG 24640 --- [examen2] [    Test worker] o.h.p.entity.AbstractEntityPersister     :  Version select: select id from rol where id=?
2024-11-18T12:45:50.171-04:00 DEBUG 24640 --- [examen2] [    Test worker] o.h.p.entity.AbstractEntityPersister     :  Insert (0): insert into rol (nombre) values (?)
2024-11-18T12:45:50.171-04:00 DEBUG 24640 --- [examen2] [    Test worker] o.h.p.entity.AbstractEntityPersister     :  Update (0): update rol set nombre=? where id=?
2024-11-18T12:45:50.171-04:00 DEBUG 24640 --- [examen2] [    Test worker] o.h.p.entity.AbstractEntityPersister     :  Delete (0): delete from rol where id=?
2024-11-18T12:45:50.172-04:00 DEBUG 24640 --- [examen2] [    Test worker] org.hibernate.orm.sql.ast.create         : Created new SQL alias : s1_0
2024-11-18T12:45:50.173-04:00 DEBUG 24640 --- [examen2] [    Test worker] org.hibernate.orm.sql.ast.create         : Registration of TableGroup [CollectionTableGroup(com.example.examen2.consultas.model.Consulta.sintomas)] with identifierForTableGroup [com.example.examen2.consultas.model.Consulta.sintomas] for NavigablePath [com.example.examen2.consultas.model.Consulta.sintomas] 
2024-11-18T12:45:50.174-04:00 DEBUG 24640 --- [examen2] [    Test worker] org.hibernate.orm.results                : Generating Fetch for collection-part : `com.example.examen2.consultas.model.Consulta.sintomas` -> `{element}`
2024-11-18T12:45:50.175-04:00 DEBUG 24640 --- [examen2] [    Test worker] org.hibernate.orm.results.graph.AST      : DomainResult Graph:
 \-CollectionDomainResult [com.example.examen2.consultas.model.Consulta.sintomas]

2024-11-18T12:45:50.175-04:00 DEBUG 24640 --- [examen2] [    Test worker] org.hibernate.orm.sql.ast.tree           : SQL AST Tree:
    SelectStatement {
      FromClause {
        CollectionTableGroup (s1 : com.example.examen2.consultas.model.Consulta.sintomas) {
          primaryTableReference : consulta_sintomas as s1_0
        }
      }
    }

2024-11-18T12:45:50.176-04:00 DEBUG 24640 --- [examen2] [    Test worker] org.hibernate.orm.jdbc.mutation          : Static SQL for collection: com.example.examen2.consultas.model.Consulta.sintomas
2024-11-18T12:45:50.176-04:00 DEBUG 24640 --- [examen2] [    Test worker] org.hibernate.orm.jdbc.mutation          :  Row insert: insert into consulta_sintomas (consulta_id,sintoma) values (?,?)
2024-11-18T12:45:50.176-04:00 DEBUG 24640 --- [examen2] [    Test worker] org.hibernate.orm.jdbc.mutation          :  Row delete: delete from consulta_sintomas where consulta_id=? and sintoma=?
2024-11-18T12:45:50.177-04:00 DEBUG 24640 --- [examen2] [    Test worker] org.hibernate.orm.jdbc.mutation          :  One-shot delete: delete from consulta_sintomas where consulta_id=?
2024-11-18T12:45:50.177-04:00 DEBUG 24640 --- [examen2] [    Test worker] org.hibernate.orm.sql.ast.create         : Created new SQL alias : m1_0
2024-11-18T12:45:50.177-04:00 DEBUG 24640 --- [examen2] [    Test worker] org.hibernate.orm.sql.ast.create         : Registration of TableGroup [CollectionTableGroup(com.example.examen2.especialidades.model.Especialidad.medicos)] with identifierForTableGroup [com.example.examen2.especialidades.model.Especialidad.medicos] for NavigablePath [com.example.examen2.especialidades.model.Especialidad.medicos] 
2024-11-18T12:45:50.177-04:00 DEBUG 24640 --- [examen2] [    Test worker] org.hibernate.orm.sql.ast.create         : Registration of TableGroup [org.hibernate.sql.ast.tree.from.LazyTableGroup@3ad9fea] with identifierForTableGroup [com.example.examen2.especialidades.model.Especialidad.medicos.{element}] for NavigablePath [com.example.examen2.especialidades.model.Especialidad.medicos.{element}] 
2024-11-18T12:45:50.177-04:00 DEBUG 24640 --- [examen2] [    Test worker] org.hibernate.orm.sql.ast.create         : Created new SQL alias : m1_1
2024-11-18T12:45:50.178-04:00 DEBUG 24640 --- [examen2] [    Test worker] org.hibernate.orm.sql.ast.create         : Registration of TableGroup [org.hibernate.sql.ast.tree.from.LazyTableGroup@574e4184] with identifierForTableGroup [com.example.examen2.especialidades.model.Especialidad.medicos.{element}.usuario] for NavigablePath [com.example.examen2.especialidades.model.Especialidad.medicos.{element}.usuario] 
2024-11-18T12:45:50.178-04:00 DEBUG 24640 --- [examen2] [    Test worker] org.hibernate.orm.sql.ast.create         : Created new SQL alias : u1_0
2024-11-18T12:45:50.178-04:00 DEBUG 24640 --- [examen2] [    Test worker] org.hibernate.orm.sql.ast.create         : Registration of TableGroup [org.hibernate.sql.ast.tree.from.LazyTableGroup@70ab1ce0] with identifierForTableGroup [com.example.examen2.especialidades.model.Especialidad.medicos.{element}.usuario.rol] for NavigablePath [com.example.examen2.especialidades.model.Especialidad.medicos.{element}.usuario.rol] 
2024-11-18T12:45:50.178-04:00 DEBUG 24640 --- [examen2] [    Test worker] org.hibernate.orm.sql.ast.create         : Created new SQL alias : r1_0
2024-11-18T12:45:50.179-04:00 DEBUG 24640 --- [examen2] [    Test worker] org.hibernate.orm.results.graph.AST      : DomainResult Graph:
 \-CollectionDomainResult [com.example.examen2.especialidades.model.Especialidad.medicos]

2024-11-18T12:45:50.179-04:00 DEBUG 24640 --- [examen2] [    Test worker] org.hibernate.orm.sql.ast.tree           : SQL AST Tree:
    SelectStatement {
      FromClause {
        CollectionTableGroup (m1 : com.example.examen2.especialidades.model.Especialidad.medicos) {
          primaryTableReference : medico_especialidad as m1_0
          TableGroupJoins {
             join LazyTableGroup (m1 : com.example.examen2.especialidades.model.Especialidad.medicos.{element}) {
              primaryTableReference : medico as m1_1
              TableGroupJoins {
                left  join LazyTableGroup (u1 : com.example.examen2.especialidades.model.Especialidad.medicos.{element}.usuario) {
                  primaryTableReference : usuario as u1_0
                  TableGroupJoins {
                    left  join LazyTableGroup (r1 : com.example.examen2.especialidades.model.Especialidad.medicos.{element}.usuario.rol) {
                      primaryTableReference : rol as r1_0
                    }
                  }
                }
              }
            }
          }
        }
      }
    }

2024-11-18T12:45:50.179-04:00 DEBUG 24640 --- [examen2] [    Test worker] org.hibernate.orm.jdbc.mutation          : Static SQL for collection: com.example.examen2.especialidades.model.Especialidad.medicos
2024-11-18T12:45:50.179-04:00 DEBUG 24640 --- [examen2] [    Test worker] org.hibernate.orm.sql.ast.create         : Created new SQL alias : e1_0
2024-11-18T12:45:50.179-04:00 DEBUG 24640 --- [examen2] [    Test worker] org.hibernate.orm.sql.ast.create         : Registration of TableGroup [CollectionTableGroup(com.example.examen2.medicos.model.Medico.especialidades)] with identifierForTableGroup [com.example.examen2.medicos.model.Medico.especialidades] for NavigablePath [com.example.examen2.medicos.model.Medico.especialidades] 
2024-11-18T12:45:50.179-04:00 DEBUG 24640 --- [examen2] [    Test worker] org.hibernate.orm.sql.ast.create         : Registration of TableGroup [org.hibernate.sql.ast.tree.from.LazyTableGroup@1e12fdcf] with identifierForTableGroup [com.example.examen2.medicos.model.Medico.especialidades.{element}] for NavigablePath [com.example.examen2.medicos.model.Medico.especialidades.{element}] 
2024-11-18T12:45:50.179-04:00 DEBUG 24640 --- [examen2] [    Test worker] org.hibernate.orm.sql.ast.create         : Created new SQL alias : e1_1
2024-11-18T12:45:50.179-04:00 DEBUG 24640 --- [examen2] [    Test worker] org.hibernate.orm.results.graph.AST      : DomainResult Graph:
 \-CollectionDomainResult [com.example.examen2.medicos.model.Medico.especialidades]

2024-11-18T12:45:50.179-04:00 DEBUG 24640 --- [examen2] [    Test worker] org.hibernate.orm.sql.ast.tree           : SQL AST Tree:
    SelectStatement {
      FromClause {
        CollectionTableGroup (e1 : com.example.examen2.medicos.model.Medico.especialidades) {
          primaryTableReference : medico_especialidad as e1_0
          TableGroupJoins {
             join LazyTableGroup (e1 : com.example.examen2.medicos.model.Medico.especialidades.{element}) {
              primaryTableReference : especialidad as e1_1
            }
          }
        }
      }
    }

2024-11-18T12:45:50.179-04:00 DEBUG 24640 --- [examen2] [    Test worker] org.hibernate.orm.jdbc.mutation          : Static SQL for collection: com.example.examen2.medicos.model.Medico.especialidades
2024-11-18T12:45:50.180-04:00 DEBUG 24640 --- [examen2] [    Test worker] org.hibernate.orm.jdbc.mutation          :  Row insert: insert into medico_especialidad (medico_id,especialidad_id) values (?,?)
2024-11-18T12:45:50.180-04:00 DEBUG 24640 --- [examen2] [    Test worker] org.hibernate.orm.jdbc.mutation          :  Row delete: delete from medico_especialidad where medico_id=? and especialidad_id=?
2024-11-18T12:45:50.180-04:00 DEBUG 24640 --- [examen2] [    Test worker] org.hibernate.orm.jdbc.mutation          :  One-shot delete: delete from medico_especialidad where medico_id=?
2024-11-18T12:45:50.180-04:00 DEBUG 24640 --- [examen2] [    Test worker] org.hibernate.orm.sql.ast.create         : Created new SQL alias : h1_0
2024-11-18T12:45:50.180-04:00 DEBUG 24640 --- [examen2] [    Test worker] org.hibernate.orm.sql.ast.create         : Registration of TableGroup [org.hibernate.sql.ast.tree.from.OneToManyTableGroup@4b5ceb5d] with identifierForTableGroup [com.example.examen2.medicos.model.Medico.horarios] for NavigablePath [com.example.examen2.medicos.model.Medico.horarios] 
2024-11-18T12:45:50.180-04:00 DEBUG 24640 --- [examen2] [    Test worker] org.hibernate.orm.sql.ast.create         : Registration of TableGroup [StandardTableGroup(com.example.examen2.medicos.model.Medico.horarios.{element})] with identifierForTableGroup [com.example.examen2.medicos.model.Medico.horarios.{element}] for NavigablePath [com.example.examen2.medicos.model.Medico.horarios.{element}] 
2024-11-18T12:45:50.182-04:00 DEBUG 24640 --- [examen2] [    Test worker] org.hibernate.orm.sql.ast.create         : Registration of TableGroup [org.hibernate.sql.ast.tree.from.LazyTableGroup@22bca04e] with identifierForTableGroup [com.example.examen2.medicos.model.Medico.horarios.{element}.medico] for NavigablePath [com.example.examen2.medicos.model.Medico.horarios.{element}.medico] 
2024-11-18T12:45:50.183-04:00 DEBUG 24640 --- [examen2] [    Test worker] org.hibernate.orm.results.graph.AST      : DomainResult Graph:
 \-CollectionDomainResult [com.example.examen2.medicos.model.Medico.horarios]

2024-11-18T12:45:50.183-04:00 DEBUG 24640 --- [examen2] [    Test worker] org.hibernate.orm.sql.ast.tree           : SQL AST Tree:
    SelectStatement {
      FromClause {
        OneToManyTableGroup (h1 : com.example.examen2.medicos.model.Medico.horarios) {
          primaryTableReference : horario as h1_0
          TableGroupJoins {
            left  join LazyTableGroup (m1 : com.example.examen2.medicos.model.Medico.horarios.{element}.medico) {
            }
          }
        }
      }
    }

2024-11-18T12:45:50.183-04:00 DEBUG 24640 --- [examen2] [    Test worker] org.hibernate.orm.jdbc.mutation          : Static SQL for collection: com.example.examen2.medicos.model.Medico.horarios
2024-11-18T12:45:50.202-04:00  INFO 24640 --- [examen2] [    Test worker] o.h.e.t.j.p.i.JtaPlatformInitiator       : HHH000489: No JTA platform available (set 'hibernate.transaction.jta.platform' to enable JTA platform integration)
2024-11-18T12:45:50.203-04:00 DEBUG 24640 --- [examen2] [    Test worker] o.h.type.spi.TypeConfiguration$Scope     : Scoping TypeConfiguration [org.hibernate.type.spi.TypeConfiguration@186295cc] to SessionFactoryImplementor [org.hibernate.internal.SessionFactoryImpl@507fecf3]
2024-11-18T12:45:50.203-04:00 DEBUG 24640 --- [examen2] [    Test worker] o.h.query.named.NamedObjectRepository    : Checking 0 named HQL queries
2024-11-18T12:45:50.203-04:00 DEBUG 24640 --- [examen2] [    Test worker] o.h.query.named.NamedObjectRepository    : Checking 0 named SQL queries
2024-11-18T12:45:50.241-04:00 DEBUG 24640 --- [examen2] [    Test worker] org.hibernate.mapping.Table              : No alter strings for table : analisis
2024-11-18T12:45:50.242-04:00 DEBUG 24640 --- [examen2] [    Test worker] org.hibernate.mapping.Table              : No alter strings for table : cita
2024-11-18T12:45:50.242-04:00 DEBUG 24640 --- [examen2] [    Test worker] org.hibernate.mapping.Table              : No alter strings for table : consulta_sintomas
2024-11-18T12:45:50.242-04:00 DEBUG 24640 --- [examen2] [    Test worker] org.hibernate.mapping.Table              : No alter strings for table : consultas
2024-11-18T12:45:50.242-04:00 DEBUG 24640 --- [examen2] [    Test worker] org.hibernate.mapping.Table              : No alter strings for table : especialidad
2024-11-18T12:45:50.242-04:00 DEBUG 24640 --- [examen2] [    Test worker] org.hibernate.mapping.Table              : No alter strings for table : historiales_clinicos
2024-11-18T12:45:50.242-04:00 DEBUG 24640 --- [examen2] [    Test worker] org.hibernate.mapping.Table              : No alter strings for table : horario
2024-11-18T12:45:50.242-04:00 DEBUG 24640 --- [examen2] [    Test worker] org.hibernate.mapping.Table              : No alter strings for table : medico
2024-11-18T12:45:50.242-04:00 DEBUG 24640 --- [examen2] [    Test worker] org.hibernate.mapping.Table              : No alter strings for table : medico_especialidad
2024-11-18T12:45:50.242-04:00 DEBUG 24640 --- [examen2] [    Test worker] org.hibernate.mapping.Table              : No alter strings for table : paciente
2024-11-18T12:45:50.242-04:00 DEBUG 24640 --- [examen2] [    Test worker] org.hibernate.mapping.Table              : No alter strings for table : procedimientos
2024-11-18T12:45:50.242-04:00 DEBUG 24640 --- [examen2] [    Test worker] org.hibernate.mapping.Table              : No alter strings for table : reportes
2024-11-18T12:45:50.242-04:00 DEBUG 24640 --- [examen2] [    Test worker] org.hibernate.mapping.Table              : No alter strings for table : rol
2024-11-18T12:45:50.242-04:00 DEBUG 24640 --- [examen2] [    Test worker] org.hibernate.mapping.Table              : No alter strings for table : test_entity
2024-11-18T12:45:50.242-04:00 DEBUG 24640 --- [examen2] [    Test worker] org.hibernate.mapping.Table              : No alter strings for table : usuario
2024-11-18T12:45:50.360-04:00 DEBUG 24640 --- [examen2] [    Test worker] o.h.internal.SessionFactoryRegistry      : Initializing SessionFactoryRegistry : org.hibernate.internal.SessionFactoryRegistry@69e308e2
2024-11-18T12:45:50.360-04:00 DEBUG 24640 --- [examen2] [    Test worker] o.h.internal.SessionFactoryRegistry      : Registering SessionFactory: 1f706da9-325f-4408-bf41-61c682cb663a (<unnamed>)
2024-11-18T12:45:50.360-04:00 DEBUG 24640 --- [examen2] [    Test worker] o.h.internal.SessionFactoryRegistry      : Not binding SessionFactory to JNDI, no JNDI name configured
2024-11-18T12:45:50.360-04:00 DEBUG 24640 --- [examen2] [    Test worker] o.hibernate.internal.SessionFactoryImpl  : Instantiated SessionFactory
2024-11-18T12:45:50.360-04:00  INFO 24640 --- [examen2] [    Test worker] j.LocalContainerEntityManagerFactoryBean : Initialized JPA EntityManagerFactory for persistence unit 'default'
2024-11-18T12:45:50.362-04:00 DEBUG 24640 --- [examen2] [    Test worker] o.s.b.f.s.DefaultListableBeanFactory     : Creating shared instance of singleton bean 'examen2Application'
2024-11-18T12:45:50.363-04:00 DEBUG 24640 --- [examen2] [    Test worker] o.s.b.f.s.DefaultListableBeanFactory     : Creating shared instance of singleton bean 'analisisController'
2024-11-18T12:45:50.367-04:00 DEBUG 24640 --- [examen2] [    Test worker] o.s.b.f.s.DefaultListableBeanFactory     : Creating shared instance of singleton bean 'analisisService'
2024-11-18T12:45:50.368-04:00 DEBUG 24640 --- [examen2] [    Test worker] o.s.b.f.s.DefaultListableBeanFactory     : Creating shared instance of singleton bean 'analisisRepository'
2024-11-18T12:45:50.374-04:00 DEBUG 24640 --- [examen2] [    Test worker] o.s.b.f.s.DefaultListableBeanFactory     : Creating shared instance of singleton bean 'jpa.named-queries#1'
2024-11-18T12:45:50.377-04:00 DEBUG 24640 --- [examen2] [    Test worker] o.s.b.f.s.DefaultListableBeanFactory     : Creating shared instance of singleton bean 'jpa.AnalisisRepository.fragments#0'
2024-11-18T12:45:50.380-04:00 DEBUG 24640 --- [examen2] [    Test worker] o.s.b.f.s.DefaultListableBeanFactory     : Creating shared instance of singleton bean 'jpaSharedEM_entityManagerFactory'
2024-11-18T12:45:50.399-04:00 DEBUG 24640 --- [examen2] [    Test worker] o.s.b.f.s.DefaultListableBeanFactory     : Creating shared instance of singleton bean 'jpaMappingContext'
2024-11-18T12:45:50.399-04:00 DEBUG 24640 --- [examen2] [    Test worker] .c.JpaMetamodelMappingContextFactoryBean : Initializing JpaMetamodelMappingContext…
2024-11-18T12:45:50.418-04:00 DEBUG 24640 --- [examen2] [    Test worker] .c.JpaMetamodelMappingContextFactoryBean : Finished initializing JpaMetamodelMappingContext
2024-11-18T12:45:50.434-04:00 DEBUG 24640 --- [examen2] [    Test worker] tor$SharedEntityManagerInvocationHandler : Creating new EntityManager for shared EntityManager invocation
2024-11-18T12:45:50.459-04:00 DEBUG 24640 --- [examen2] [    Test worker] o.h.stat.internal.StatisticsInitiator    : Statistics initialized [enabled=false]
2024-11-18T12:45:50.462-04:00 DEBUG 24640 --- [examen2] [    Test worker] tor$SharedEntityManagerInvocationHandler : Creating new EntityManager for shared EntityManager invocation
2024-11-18T12:45:50.515-04:00 DEBUG 24640 --- [examen2] [    Test worker] o.s.d.r.c.s.RepositoryFactorySupport     : Initializing repository instance for com.example.examen2.analisis.repository.AnalisisRepository…
2024-11-18T12:45:50.532-04:00 DEBUG 24640 --- [examen2] [    Test worker] tor$SharedEntityManagerInvocationHandler : Creating new EntityManager for shared EntityManager invocation
2024-11-18T12:45:50.575-04:00  INFO 24640 --- [examen2] [    Test worker] o.s.d.j.r.query.QueryEnhancerFactory     : Hibernate is in classpath; If applicable, HQL parser will be used.
2024-11-18T12:45:50.712-04:00 DEBUG 24640 --- [examen2] [    Test worker] cResourceLocalTransactionCoordinatorImpl : JDBC transaction marked for rollback-only (exception provided for stack trace)

java.lang.Exception: exception just for purpose of providing stack trace
	at org.hibernate.resource.transaction.backend.jdbc.internal.JdbcResourceLocalTransactionCoordinatorImpl$TransactionDriverControlImpl.markRollbackOnly(JdbcResourceLocalTransactionCoordinatorImpl.java:310) ~[hibernate-core-6.4.4.Final.jar:6.4.4.Final]
	at org.hibernate.internal.AbstractSharedSessionContract.buildNamedQuery(AbstractSharedSessionContract.java:1097) ~[hibernate-core-6.4.4.Final.jar:6.4.4.Final]
	at org.hibernate.internal.AbstractSharedSessionContract.createNamedQuery(AbstractSharedSessionContract.java:975) ~[hibernate-core-6.4.4.Final.jar:6.4.4.Final]
	at org.hibernate.internal.AbstractSharedSessionContract.createNamedQuery(AbstractSharedSessionContract.java:136) ~[hibernate-core-6.4.4.Final.jar:6.4.4.Final]
	at java.base/jdk.internal.reflect.NativeMethodAccessorImpl.invoke0(Native Method) ~[na:na]
	at java.base/jdk.internal.reflect.NativeMethodAccessorImpl.invoke(NativeMethodAccessorImpl.java:77) ~[na:na]
	at java.base/jdk.internal.reflect.DelegatingMethodAccessorImpl.invoke(DelegatingMethodAccessorImpl.java:43) ~[na:na]
	at java.base/java.lang.reflect.Method.invoke(Method.java:568) ~[na:na]
	at org.springframework.orm.jpa.ExtendedEntityManagerCreator$ExtendedEntityManagerInvocationHandler.invoke(ExtendedEntityManagerCreator.java:364) ~[spring-orm-6.1.6.jar:6.1.6]
	at jdk.proxy3/jdk.proxy3.$Proxy137.createNamedQuery(Unknown Source) ~[na:na]
	at org.springframework.data.jpa.repository.query.NamedQuery.hasNamedQuery(NamedQuery.java:113) ~[spring-data-jpa-3.2.5.jar:3.2.5]
	at org.springframework.data.jpa.repository.query.JpaQueryLookupStrategy$DeclaredQueryLookupStrategy.getCountQuery(JpaQueryLookupStrategy.java:204) ~[spring-data-jpa-3.2.5.jar:3.2.5]
	at org.springframework.data.jpa.repository.query.JpaQueryLookupStrategy$DeclaredQueryLookupStrategy.resolveQuery(JpaQueryLookupStrategy.java:171) ~[spring-data-jpa-3.2.5.jar:3.2.5]
	at org.springframework.data.jpa.repository.query.JpaQueryLookupStrategy$CreateIfNotFoundQueryLookupStrategy.resolveQuery(JpaQueryLookupStrategy.java:252) ~[spring-data-jpa-3.2.5.jar:3.2.5]
	at org.springframework.data.jpa.repository.query.JpaQueryLookupStrategy$AbstractQueryLookupStrategy.resolveQuery(JpaQueryLookupStrategy.java:95) ~[spring-data-jpa-3.2.5.jar:3.2.5]
	at org.springframework.data.repository.core.support.QueryExecutorMethodInterceptor.lookupQuery(QueryExecutorMethodInterceptor.java:111) ~[spring-data-commons-3.2.5.jar:3.2.5]
	at org.springframework.data.repository.core.support.QueryExecutorMethodInterceptor.mapMethodsToQuery(QueryExecutorMethodInterceptor.java:99) ~[spring-data-commons-3.2.5.jar:3.2.5]
	at org.springframework.data.repository.core.support.QueryExecutorMethodInterceptor.lambda$new$0(QueryExecutorMethodInterceptor.java:88) ~[spring-data-commons-3.2.5.jar:3.2.5]
	at java.base/java.util.Optional.map(Optional.java:260) ~[na:na]
	at org.springframework.data.repository.core.support.QueryExecutorMethodInterceptor.<init>(QueryExecutorMethodInterceptor.java:88) ~[spring-data-commons-3.2.5.jar:3.2.5]
	at org.springframework.data.repository.core.support.RepositoryFactorySupport.getRepository(RepositoryFactorySupport.java:357) ~[spring-data-commons-3.2.5.jar:3.2.5]
	at org.springframework.data.repository.core.support.RepositoryFactoryBeanSupport.lambda$afterPropertiesSet$5(RepositoryFactoryBeanSupport.java:279) ~[spring-data-commons-3.2.5.jar:3.2.5]
	at org.springframework.data.util.Lazy.getNullable(Lazy.java:135) ~[spring-data-commons-3.2.5.jar:3.2.5]
	at org.springframework.data.util.Lazy.get(Lazy.java:113) ~[spring-data-commons-3.2.5.jar:3.2.5]
	at org.springframework.data.repository.core.support.RepositoryFactoryBeanSupport.afterPropertiesSet(RepositoryFactoryBeanSupport.java:285) ~[spring-data-commons-3.2.5.jar:3.2.5]
	at org.springframework.data.jpa.repository.support.JpaRepositoryFactoryBean.afterPropertiesSet(JpaRepositoryFactoryBean.java:132) ~[spring-data-jpa-3.2.5.jar:3.2.5]
	at org.springframework.beans.factory.support.AbstractAutowireCapableBeanFactory.invokeInitMethods(AbstractAutowireCapableBeanFactory.java:1833) ~[spring-beans-6.1.6.jar:6.1.6]
	at org.springframework.beans.factory.support.AbstractAutowireCapableBeanFactory.initializeBean(AbstractAutowireCapableBeanFactory.java:1782) ~[spring-beans-6.1.6.jar:6.1.6]
	at org.springframework.beans.factory.support.AbstractAutowireCapableBeanFactory.doCreateBean(AbstractAutowireCapableBeanFactory.java:600) ~[spring-beans-6.1.6.jar:6.1.6]
	at org.springframework.beans.factory.support.AbstractAutowireCapableBeanFactory.createBean(AbstractAutowireCapableBeanFactory.java:522) ~[spring-beans-6.1.6.jar:6.1.6]
	at org.springframework.beans.factory.support.AbstractBeanFactory.lambda$doGetBean$0(AbstractBeanFactory.java:326) ~[spring-beans-6.1.6.jar:6.1.6]
	at org.springframework.beans.factory.support.DefaultSingletonBeanRegistry.getSingleton(DefaultSingletonBeanRegistry.java:234) ~[spring-beans-6.1.6.jar:6.1.6]
	at org.springframework.beans.factory.support.AbstractBeanFactory.doGetBean(AbstractBeanFactory.java:324) ~[spring-beans-6.1.6.jar:6.1.6]
	at org.springframework.beans.factory.support.AbstractBeanFactory.getBean(AbstractBeanFactory.java:200) ~[spring-beans-6.1.6.jar:6.1.6]
	at org.springframework.beans.factory.config.DependencyDescriptor.resolveCandidate(DependencyDescriptor.java:254) ~[spring-beans-6.1.6.jar:6.1.6]
	at org.springframework.beans.factory.support.DefaultListableBeanFactory.doResolveDependency(DefaultListableBeanFactory.java:1443) ~[spring-beans-6.1.6.jar:6.1.6]
	at org.springframework.beans.factory.support.DefaultListableBeanFactory.resolveDependency(DefaultListableBeanFactory.java:1353) ~[spring-beans-6.1.6.jar:6.1.6]
	at org.springframework.beans.factory.annotation.AutowiredAnnotationBeanPostProcessor$AutowiredFieldElement.resolveFieldValue(AutowiredAnnotationBeanPostProcessor.java:784) ~[spring-beans-6.1.6.jar:6.1.6]
	at org.springframework.beans.factory.annotation.AutowiredAnnotationBeanPostProcessor$AutowiredFieldElement.inject(AutowiredAnnotationBeanPostProcessor.java:767) ~[spring-beans-6.1.6.jar:6.1.6]
	at org.springframework.beans.factory.annotation.InjectionMetadata.inject(InjectionMetadata.java:145) ~[spring-beans-6.1.6.jar:6.1.6]
	at org.springframework.beans.factory.annotation.AutowiredAnnotationBeanPostProcessor.postProcessProperties(AutowiredAnnotationBeanPostProcessor.java:508) ~[spring-beans-6.1.6.jar:6.1.6]
	at org.springframework.beans.factory.support.AbstractAutowireCapableBeanFactory.populateBean(AbstractAutowireCapableBeanFactory.java:1419) ~[spring-beans-6.1.6.jar:6.1.6]
	at org.springframework.beans.factory.support.AbstractAutowireCapableBeanFactory.doCreateBean(AbstractAutowireCapableBeanFactory.java:599) ~[spring-beans-6.1.6.jar:6.1.6]
	at org.springframework.beans.factory.support.AbstractAutowireCapableBeanFactory.createBean(AbstractAutowireCapableBeanFactory.java:522) ~[spring-beans-6.1.6.jar:6.1.6]
	at org.springframework.beans.factory.support.AbstractBeanFactory.lambda$doGetBean$0(AbstractBeanFactory.java:326) ~[spring-beans-6.1.6.jar:6.1.6]
	at org.springframework.beans.factory.support.DefaultSingletonBeanRegistry.getSingleton(DefaultSingletonBeanRegistry.java:234) ~[spring-beans-6.1.6.jar:6.1.6]
	at org.springframework.beans.factory.support.AbstractBeanFactory.doGetBean(AbstractBeanFactory.java:324) ~[spring-beans-6.1.6.jar:6.1.6]
	at org.springframework.beans.factory.support.AbstractBeanFactory.getBean(AbstractBeanFactory.java:200) ~[spring-beans-6.1.6.jar:6.1.6]
	at org.springframework.beans.factory.config.DependencyDescriptor.resolveCandidate(DependencyDescriptor.java:254) ~[spring-beans-6.1.6.jar:6.1.6]
	at org.springframework.beans.factory.support.DefaultListableBeanFactory.doResolveDependency(DefaultListableBeanFactory.java:1443) ~[spring-beans-6.1.6.jar:6.1.6]
	at org.springframework.beans.factory.support.DefaultListableBeanFactory.resolveDependency(DefaultListableBeanFactory.java:1353) ~[spring-beans-6.1.6.jar:6.1.6]
	at org.springframework.beans.factory.annotation.AutowiredAnnotationBeanPostProcessor$AutowiredFieldElement.resolveFieldValue(AutowiredAnnotationBeanPostProcessor.java:784) ~[spring-beans-6.1.6.jar:6.1.6]
	at org.springframework.beans.factory.annotation.AutowiredAnnotationBeanPostProcessor$AutowiredFieldElement.inject(AutowiredAnnotationBeanPostProcessor.java:767) ~[spring-beans-6.1.6.jar:6.1.6]
	at org.springframework.beans.factory.annotation.InjectionMetadata.inject(InjectionMetadata.java:145) ~[spring-beans-6.1.6.jar:6.1.6]
	at org.springframework.beans.factory.annotation.AutowiredAnnotationBeanPostProcessor.postProcessProperties(AutowiredAnnotationBeanPostProcessor.java:508) ~[spring-beans-6.1.6.jar:6.1.6]
	at org.springframework.beans.factory.support.AbstractAutowireCapableBeanFactory.populateBean(AbstractAutowireCapableBeanFactory.java:1419) ~[spring-beans-6.1.6.jar:6.1.6]
	at org.springframework.beans.factory.support.AbstractAutowireCapableBeanFactory.doCreateBean(AbstractAutowireCapableBeanFactory.java:599) ~[spring-beans-6.1.6.jar:6.1.6]
	at org.springframework.beans.factory.support.AbstractAutowireCapableBeanFactory.createBean(AbstractAutowireCapableBeanFactory.java:522) ~[spring-beans-6.1.6.jar:6.1.6]
	at org.springframework.beans.factory.support.AbstractBeanFactory.lambda$doGetBean$0(AbstractBeanFactory.java:326) ~[spring-beans-6.1.6.jar:6.1.6]
	at org.springframework.beans.factory.support.DefaultSingletonBeanRegistry.getSingleton(DefaultSingletonBeanRegistry.java:234) ~[spring-beans-6.1.6.jar:6.1.6]
	at org.springframework.beans.factory.support.AbstractBeanFactory.doGetBean(AbstractBeanFactory.java:324) ~[spring-beans-6.1.6.jar:6.1.6]
	at org.springframework.beans.factory.support.AbstractBeanFactory.getBean(AbstractBeanFactory.java:200) ~[spring-beans-6.1.6.jar:6.1.6]
	at org.springframework.beans.factory.support.DefaultListableBeanFactory.preInstantiateSingletons(DefaultListableBeanFactory.java:975) ~[spring-beans-6.1.6.jar:6.1.6]
	at org.springframework.context.support.AbstractApplicationContext.finishBeanFactoryInitialization(AbstractApplicationContext.java:962) ~[spring-context-6.1.6.jar:6.1.6]
	at org.springframework.context.support.AbstractApplicationContext.refresh(AbstractApplicationContext.java:624) ~[spring-context-6.1.6.jar:6.1.6]
	at org.springframework.boot.SpringApplication.refresh(SpringApplication.java:754) ~[spring-boot-3.2.5.jar:3.2.5]
	at org.springframework.boot.SpringApplication.refreshContext(SpringApplication.java:456) ~[spring-boot-3.2.5.jar:3.2.5]
	at org.springframework.boot.SpringApplication.run(SpringApplication.java:334) ~[spring-boot-3.2.5.jar:3.2.5]
	at org.springframework.boot.test.context.SpringBootContextLoader.lambda$loadContext$3(SpringBootContextLoader.java:137) ~[spring-boot-test-3.2.5.jar:3.2.5]
	at org.springframework.util.function.ThrowingSupplier.get(ThrowingSupplier.java:58) ~[spring-core-6.1.6.jar:6.1.6]
	at org.springframework.util.function.ThrowingSupplier.get(ThrowingSupplier.java:46) ~[spring-core-6.1.6.jar:6.1.6]
	at org.springframework.boot.SpringApplication.withHook(SpringApplication.java:1454) ~[spring-boot-3.2.5.jar:3.2.5]
	at org.springframework.boot.test.context.SpringBootContextLoader$ContextLoaderHook.run(SpringBootContextLoader.java:553) ~[spring-boot-test-3.2.5.jar:3.2.5]
	at org.springframework.boot.test.context.SpringBootContextLoader.loadContext(SpringBootContextLoader.java:137) ~[spring-boot-test-3.2.5.jar:3.2.5]
	at org.springframework.boot.test.context.SpringBootContextLoader.loadContext(SpringBootContextLoader.java:108) ~[spring-boot-test-3.2.5.jar:3.2.5]
	at org.springframework.test.context.cache.DefaultCacheAwareContextLoaderDelegate.loadContextInternal(DefaultCacheAwareContextLoaderDelegate.java:225) ~[spring-test-6.1.6.jar:6.1.6]
	at org.springframework.test.context.cache.DefaultCacheAwareContextLoaderDelegate.loadContext(DefaultCacheAwareContextLoaderDelegate.java:152) ~[spring-test-6.1.6.jar:6.1.6]
	at org.springframework.test.context.support.DefaultTestContext.getApplicationContext(DefaultTestContext.java:130) ~[spring-test-6.1.6.jar:6.1.6]
	at org.springframework.test.context.web.ServletTestExecutionListener.setUpRequestContextIfNecessary(ServletTestExecutionListener.java:191) ~[spring-test-6.1.6.jar:6.1.6]
	at org.springframework.test.context.web.ServletTestExecutionListener.prepareTestInstance(ServletTestExecutionListener.java:130) ~[spring-test-6.1.6.jar:6.1.6]
	at org.springframework.test.context.TestContextManager.prepareTestInstance(TestContextManager.java:260) ~[spring-test-6.1.6.jar:6.1.6]
	at org.springframework.test.context.junit.jupiter.SpringExtension.postProcessTestInstance(SpringExtension.java:163) ~[spring-test-6.1.6.jar:6.1.6]
	at org.junit.jupiter.engine.descriptor.ClassBasedTestDescriptor.lambda$invokeTestInstancePostProcessors$10(ClassBasedTestDescriptor.java:378) ~[junit-jupiter-engine-5.10.2.jar:5.10.2]
	at org.junit.jupiter.engine.descriptor.ClassBasedTestDescriptor.executeAndMaskThrowable(ClassBasedTestDescriptor.java:383) ~[junit-jupiter-engine-5.10.2.jar:5.10.2]
	at org.junit.jupiter.engine.descriptor.ClassBasedTestDescriptor.lambda$invokeTestInstancePostProcessors$11(ClassBasedTestDescriptor.java:378) ~[junit-jupiter-engine-5.10.2.jar:5.10.2]
	at java.base/java.util.stream.ReferencePipeline$3$1.accept(ReferencePipeline.java:197) ~[na:na]
	at java.base/java.util.stream.ReferencePipeline$2$1.accept(ReferencePipeline.java:179) ~[na:na]
	at java.base/java.util.ArrayList$ArrayListSpliterator.forEachRemaining(ArrayList.java:1625) ~[na:na]
	at java.base/java.util.stream.AbstractPipeline.copyInto(AbstractPipeline.java:509) ~[na:na]
	at java.base/java.util.stream.AbstractPipeline.wrapAndCopyInto(AbstractPipeline.java:499) ~[na:na]
	at java.base/java.util.stream.StreamSpliterators$WrappingSpliterator.forEachRemaining(StreamSpliterators.java:310) ~[na:na]
	at java.base/java.util.stream.Streams$ConcatSpliterator.forEachRemaining(Streams.java:735) ~[na:na]
	at java.base/java.util.stream.Streams$ConcatSpliterator.forEachRemaining(Streams.java:734) ~[na:na]
	at java.base/java.util.stream.ReferencePipeline$Head.forEach(ReferencePipeline.java:762) ~[na:na]
	at org.junit.jupiter.engine.descriptor.ClassBasedTestDescriptor.invokeTestInstancePostProcessors(ClassBasedTestDescriptor.java:377) ~[junit-jupiter-engine-5.10.2.jar:5.10.2]
	at org.junit.jupiter.engine.descriptor.ClassBasedTestDescriptor.lambda$instantiateAndPostProcessTestInstance$6(ClassBasedTestDescriptor.java:290) ~[junit-jupiter-engine-5.10.2.jar:5.10.2]
	at org.junit.platform.engine.support.hierarchical.ThrowableCollector.execute(ThrowableCollector.java:73) ~[junit-platform-engine-1.10.2.jar:1.10.2]
	at org.junit.jupiter.engine.descriptor.ClassBasedTestDescriptor.instantiateAndPostProcessTestInstance(ClassBasedTestDescriptor.java:289) ~[junit-jupiter-engine-5.10.2.jar:5.10.2]
	at org.junit.jupiter.engine.descriptor.ClassBasedTestDescriptor.lambda$testInstancesProvider$4(ClassBasedTestDescriptor.java:279) ~[junit-jupiter-engine-5.10.2.jar:5.10.2]
	at java.base/java.util.Optional.orElseGet(Optional.java:364) ~[na:na]
	at org.junit.jupiter.engine.descriptor.ClassBasedTestDescriptor.lambda$testInstancesProvider$5(ClassBasedTestDescriptor.java:278) ~[junit-jupiter-engine-5.10.2.jar:5.10.2]
	at org.junit.jupiter.engine.execution.TestInstancesProvider.getTestInstances(TestInstancesProvider.java:31) ~[junit-jupiter-engine-5.10.2.jar:5.10.2]
	at org.junit.jupiter.engine.descriptor.TestMethodTestDescriptor.lambda$prepare$0(TestMethodTestDescriptor.java:106) ~[junit-jupiter-engine-5.10.2.jar:5.10.2]
	at org.junit.platform.engine.support.hierarchical.ThrowableCollector.execute(ThrowableCollector.java:73) ~[junit-platform-engine-1.10.2.jar:1.10.2]
	at org.junit.jupiter.engine.descriptor.TestMethodTestDescriptor.prepare(TestMethodTestDescriptor.java:105) ~[junit-jupiter-engine-5.10.2.jar:5.10.2]
	at org.junit.jupiter.engine.descriptor.TestMethodTestDescriptor.prepare(TestMethodTestDescriptor.java:69) ~[junit-jupiter-engine-5.10.2.jar:5.10.2]
	at org.junit.platform.engine.support.hierarchical.NodeTestTask.lambda$prepare$2(NodeTestTask.java:123) ~[junit-platform-engine-1.10.2.jar:1.10.2]
	at org.junit.platform.engine.support.hierarchical.ThrowableCollector.execute(ThrowableCollector.java:73) ~[junit-platform-engine-1.10.2.jar:1.10.2]
	at org.junit.platform.engine.support.hierarchical.NodeTestTask.prepare(NodeTestTask.java:123) ~[junit-platform-engine-1.10.2.jar:1.10.2]
	at org.junit.platform.engine.support.hierarchical.NodeTestTask.execute(NodeTestTask.java:90) ~[junit-platform-engine-1.10.2.jar:1.10.2]
	at java.base/java.util.ArrayList.forEach(ArrayList.java:1511) ~[na:na]
	at org.junit.platform.engine.support.hierarchical.SameThreadHierarchicalTestExecutorService.invokeAll(SameThreadHierarchicalTestExecutorService.java:41) ~[junit-platform-engine-1.10.2.jar:1.10.2]
	at org.junit.platform.engine.support.hierarchical.NodeTestTask.lambda$executeRecursively$6(NodeTestTask.java:155) ~[junit-platform-engine-1.10.2.jar:1.10.2]
	at org.junit.platform.engine.support.hierarchical.ThrowableCollector.execute(ThrowableCollector.java:73) ~[junit-platform-engine-1.10.2.jar:1.10.2]
	at org.junit.platform.engine.support.hierarchical.NodeTestTask.lambda$executeRecursively$8(NodeTestTask.java:141) ~[junit-platform-engine-1.10.2.jar:1.10.2]
	at org.junit.platform.engine.support.hierarchical.Node.around(Node.java:137) ~[junit-platform-engine-1.10.2.jar:1.10.2]
	at org.junit.platform.engine.support.hierarchical.NodeTestTask.lambda$executeRecursively$9(NodeTestTask.java:139) ~[junit-platform-engine-1.10.2.jar:1.10.2]
	at org.junit.platform.engine.support.hierarchical.ThrowableCollector.execute(ThrowableCollector.java:73) ~[junit-platform-engine-1.10.2.jar:1.10.2]
	at org.junit.platform.engine.support.hierarchical.NodeTestTask.executeRecursively(NodeTestTask.java:138) ~[junit-platform-engine-1.10.2.jar:1.10.2]
	at org.junit.platform.engine.support.hierarchical.NodeTestTask.execute(NodeTestTask.java:95) ~[junit-platform-engine-1.10.2.jar:1.10.2]
	at java.base/java.util.ArrayList.forEach(ArrayList.java:1511) ~[na:na]
	at org.junit.platform.engine.support.hierarchical.SameThreadHierarchicalTestExecutorService.invokeAll(SameThreadHierarchicalTestExecutorService.java:41) ~[junit-platform-engine-1.10.2.jar:1.10.2]
	at org.junit.platform.engine.support.hierarchical.NodeTestTask.lambda$executeRecursively$6(NodeTestTask.java:155) ~[junit-platform-engine-1.10.2.jar:1.10.2]
	at org.junit.platform.engine.support.hierarchical.ThrowableCollector.execute(ThrowableCollector.java:73) ~[junit-platform-engine-1.10.2.jar:1.10.2]
	at org.junit.platform.engine.support.hierarchical.NodeTestTask.lambda$executeRecursively$8(NodeTestTask.java:141) ~[junit-platform-engine-1.10.2.jar:1.10.2]
	at org.junit.platform.engine.support.hierarchical.Node.around(Node.java:137) ~[junit-platform-engine-1.10.2.jar:1.10.2]
	at org.junit.platform.engine.support.hierarchical.NodeTestTask.lambda$executeRecursively$9(NodeTestTask.java:139) ~[junit-platform-engine-1.10.2.jar:1.10.2]
	at org.junit.platform.engine.support.hierarchical.ThrowableCollector.execute(ThrowableCollector.java:73) ~[junit-platform-engine-1.10.2.jar:1.10.2]
	at org.junit.platform.engine.support.hierarchical.NodeTestTask.executeRecursively(NodeTestTask.java:138) ~[junit-platform-engine-1.10.2.jar:1.10.2]
	at org.junit.platform.engine.support.hierarchical.NodeTestTask.execute(NodeTestTask.java:95) ~[junit-platform-engine-1.10.2.jar:1.10.2]
	at org.junit.platform.engine.support.hierarchical.SameThreadHierarchicalTestExecutorService.submit(SameThreadHierarchicalTestExecutorService.java:35) ~[junit-platform-engine-1.10.2.jar:1.10.2]
	at org.junit.platform.engine.support.hierarchical.HierarchicalTestExecutor.execute(HierarchicalTestExecutor.java:57) ~[junit-platform-engine-1.10.2.jar:1.10.2]
	at org.junit.platform.engine.support.hierarchical.HierarchicalTestEngine.execute(HierarchicalTestEngine.java:54) ~[junit-platform-engine-1.10.2.jar:1.10.2]
	at org.junit.platform.launcher.core.EngineExecutionOrchestrator.execute(EngineExecutionOrchestrator.java:198) ~[junit-platform-launcher-1.10.2.jar:1.10.2]
	at org.junit.platform.launcher.core.EngineExecutionOrchestrator.execute(EngineExecutionOrchestrator.java:169) ~[junit-platform-launcher-1.10.2.jar:1.10.2]
	at org.junit.platform.launcher.core.EngineExecutionOrchestrator.execute(EngineExecutionOrchestrator.java:93) ~[junit-platform-launcher-1.10.2.jar:1.10.2]
	at org.junit.platform.launcher.core.EngineExecutionOrchestrator.lambda$execute$0(EngineExecutionOrchestrator.java:58) ~[junit-platform-launcher-1.10.2.jar:1.10.2]
	at org.junit.platform.launcher.core.EngineExecutionOrchestrator.withInterceptedStreams(EngineExecutionOrchestrator.java:141) ~[junit-platform-launcher-1.10.2.jar:1.10.2]
	at org.junit.platform.launcher.core.EngineExecutionOrchestrator.execute(EngineExecutionOrchestrator.java:57) ~[junit-platform-launcher-1.10.2.jar:1.10.2]
	at org.junit.platform.launcher.core.DefaultLauncher.execute(DefaultLauncher.java:103) ~[junit-platform-launcher-1.10.2.jar:1.10.2]
	at org.junit.platform.launcher.core.DefaultLauncher.execute(DefaultLauncher.java:85) ~[junit-platform-launcher-1.10.2.jar:1.10.2]
	at org.junit.platform.launcher.core.DelegatingLauncher.execute(DelegatingLauncher.java:47) ~[junit-platform-launcher-1.10.2.jar:1.10.2]
	at org.gradle.api.internal.tasks.testing.junitplatform.JUnitPlatformTestClassProcessor$CollectAllTestClassesExecutor.processAllTestClasses(JUnitPlatformTestClassProcessor.java:119) ~[na:na]
	at org.gradle.api.internal.tasks.testing.junitplatform.JUnitPlatformTestClassProcessor$CollectAllTestClassesExecutor.access$000(JUnitPlatformTestClassProcessor.java:94) ~[na:na]
	at org.gradle.api.internal.tasks.testing.junitplatform.JUnitPlatformTestClassProcessor.stop(JUnitPlatformTestClassProcessor.java:89) ~[na:na]
	at org.gradle.api.internal.tasks.testing.SuiteTestClassProcessor.stop(SuiteTestClassProcessor.java:62) ~[na:na]
	at java.base/jdk.internal.reflect.NativeMethodAccessorImpl.invoke0(Native Method) ~[na:na]
	at java.base/jdk.internal.reflect.NativeMethodAccessorImpl.invoke(NativeMethodAccessorImpl.java:77) ~[na:na]
	at java.base/jdk.internal.reflect.DelegatingMethodAccessorImpl.invoke(DelegatingMethodAccessorImpl.java:43) ~[na:na]
	at java.base/java.lang.reflect.Method.invoke(Method.java:568) ~[na:na]
	at org.gradle.internal.dispatch.ReflectionDispatch.dispatch(ReflectionDispatch.java:36) ~[na:na]
	at org.gradle.internal.dispatch.ReflectionDispatch.dispatch(ReflectionDispatch.java:24) ~[na:na]
	at org.gradle.internal.dispatch.ContextClassLoaderDispatch.dispatch(ContextClassLoaderDispatch.java:33) ~[na:na]
	at org.gradle.internal.dispatch.ProxyDispatchAdapter$DispatchingInvocationHandler.invoke(ProxyDispatchAdapter.java:94) ~[na:na]
	at jdk.proxy1/jdk.proxy1.$Proxy2.stop(Unknown Source) ~[na:na]
	at org.gradle.api.internal.tasks.testing.worker.TestWorker$3.run(TestWorker.java:193) ~[na:na]
	at org.gradle.api.internal.tasks.testing.worker.TestWorker.executeAndMaintainThreadName(TestWorker.java:129) ~[na:na]
	at org.gradle.api.internal.tasks.testing.worker.TestWorker.execute(TestWorker.java:100) ~[na:na]
	at org.gradle.api.internal.tasks.testing.worker.TestWorker.execute(TestWorker.java:60) ~[na:na]
	at org.gradle.process.internal.worker.child.ActionExecutionWorker.execute(ActionExecutionWorker.java:56) ~[na:na]
	at org.gradle.process.internal.worker.child.SystemApplicationClassLoaderWorker.call(SystemApplicationClassLoaderWorker.java:119) ~[na:na]
	at org.gradle.process.internal.worker.child.SystemApplicationClassLoaderWorker.call(SystemApplicationClassLoaderWorker.java:66) ~[na:na]
	at worker.org.gradle.process.internal.worker.GradleWorkerMain.run(GradleWorkerMain.java:69) ~[gradle-worker.jar:na]
	at worker.org.gradle.process.internal.worker.GradleWorkerMain.main(GradleWorkerMain.java:74) ~[gradle-worker.jar:na]

2024-11-18T12:45:50.720-04:00 DEBUG 24640 --- [examen2] [    Test worker] o.s.d.jpa.repository.query.NamedQuery    : Did not find named query Analisis.filtrarAnalisis.count
2024-11-18T12:45:50.721-04:00 DEBUG 24640 --- [examen2] [    Test worker] tor$SharedEntityManagerInvocationHandler : Creating new EntityManager for shared EntityManager invocation
2024-11-18T12:45:50.727-04:00 DEBUG 24640 --- [examen2] [    Test worker] org.hibernate.orm.query.hql              : HQL : SELECT a FROM Analisis a WHERE (:fechaInicio IS NULL OR a.fechaRealizacion >= :fechaInicio) AND (:fechaFin IS NULL OR a.fechaRealizacion <= :fechaFin) AND (:pacienteId IS NULL OR a.paciente.id = :pacienteId) AND (:medicoId IS NULL OR a.medico.id = :medicoId)
2024-11-18T12:45:50.831-04:00 DEBUG 24640 --- [examen2] [    Test worker] o.h.o.q.hql.reservedWordAsIdentifier     : Encountered use of reserved word as identifier : =
2024-11-18T12:45:50.831-04:00 DEBUG 24640 --- [examen2] [    Test worker] o.h.o.q.hql.reservedWordAsIdentifier     : Encountered use of reserved word as identifier : =
2024-11-18T12:45:50.871-04:00 DEBUG 24640 --- [examen2] [    Test worker] org.hibernate.orm.query.sqm.creation     : Applying inferable type to SqmExpression [SqmNamedParameter(fechaInicio)] : null -> SqmBasicValuedSimplePath(com.example.examen2.analisis.model.Analisis(a).fechaRealizacion)
2024-11-18T12:45:50.872-04:00 DEBUG 24640 --- [examen2] [    Test worker] org.hibernate.orm.query.sqm.creation     : Applying inferable type to SqmExpression [SqmNamedParameter(fechaFin)] : null -> SqmBasicValuedSimplePath(com.example.examen2.analisis.model.Analisis(a).fechaRealizacion)
2024-11-18T12:45:50.872-04:00 DEBUG 24640 --- [examen2] [    Test worker] org.hibernate.orm.query.sqm.creation     : Applying inferable type to SqmExpression [SqmNamedParameter(pacienteId)] : null -> SqmBasicValuedSimplePath(com.example.examen2.analisis.model.Analisis(a).paciente.id)
2024-11-18T12:45:50.872-04:00 DEBUG 24640 --- [examen2] [    Test worker] org.hibernate.orm.query.sqm.creation     : Applying inferable type to SqmExpression [SqmNamedParameter(medicoId)] : null -> SqmBasicValuedSimplePath(com.example.examen2.analisis.model.Analisis(a).medico.id)
2024-11-18T12:45:50.878-04:00 DEBUG 24640 --- [examen2] [    Test worker] org.hibernate.orm.query.sqm.ast          : SqmStatement Tree :
    -> [select]
      -> [query-spec]
        -> [select]
          -> [selection]
            -> [root] - `com.example.examen2.analisis.model.Analisis(a)`
            <- [root] - `com.example.examen2.analisis.model.Analisis(a)`
          <- [selection]
        <- [select]
        -> [from]
          -> [root] - `com.example.examen2.analisis.model.Analisis(a)`
          <- [root] - `com.example.examen2.analisis.model.Analisis(a)`
        <- [from]
        -> [where]
          -> [and]
            -> [grouped]
                -> [or]
                  -> [is-null]
                      :fechaInicio
                  <- [is-null]
                  -> [GREATER_THAN_OR_EQUAL]
                      -> [basic-path] - `com.example.examen2.analisis.model.Analisis(a).fechaRealizacion`
                      :fechaInicio
                  <- [GREATER_THAN_OR_EQUAL]
                <- [or]
            <- [grouped]
            -> [grouped]
                -> [or]
                  -> [is-null]
                      :fechaFin
                  <- [is-null]
                  -> [LESS_THAN_OR_EQUAL]
                      -> [basic-path] - `com.example.examen2.analisis.model.Analisis(a).fechaRealizacion`
                      :fechaFin
                  <- [LESS_THAN_OR_EQUAL]
                <- [or]
            <- [grouped]
            -> [grouped]
                -> [or]
                  -> [is-null]
                      :pacienteId
                  <- [is-null]
                  -> [EQUAL]
                      -> [basic-path] - `com.example.examen2.analisis.model.Analisis(a).paciente.id`
                      :pacienteId
                  <- [EQUAL]
                <- [or]
            <- [grouped]
            -> [grouped]
                -> [or]
                  -> [is-null]
                      :medicoId
                  <- [is-null]
                  -> [EQUAL]
                      -> [basic-path] - `com.example.examen2.analisis.model.Analisis(a).medico.id`
                      :medicoId
                  <- [EQUAL]
                <- [or]
            <- [grouped]
          <- [and]
        <- [where]
      <- [query-spec]
    <- [select]

2024-11-18T12:45:50.898-04:00 DEBUG 24640 --- [examen2] [    Test worker] o.s.d.jpa.repository.query.NamedQuery    : Looking up named query Analisis.findByPacienteId
2024-11-18T12:45:50.898-04:00 DEBUG 24640 --- [examen2] [    Test worker] cResourceLocalTransactionCoordinatorImpl : JDBC transaction marked for rollback-only (exception provided for stack trace)

java.lang.Exception: exception just for purpose of providing stack trace
	at org.hibernate.resource.transaction.backend.jdbc.internal.JdbcResourceLocalTransactionCoordinatorImpl$TransactionDriverControlImpl.markRollbackOnly(JdbcResourceLocalTransactionCoordinatorImpl.java:310) ~[hibernate-core-6.4.4.Final.jar:6.4.4.Final]
	at org.hibernate.internal.AbstractSharedSessionContract.buildNamedQuery(AbstractSharedSessionContract.java:1097) ~[hibernate-core-6.4.4.Final.jar:6.4.4.Final]
	at org.hibernate.internal.AbstractSharedSessionContract.createNamedQuery(AbstractSharedSessionContract.java:975) ~[hibernate-core-6.4.4.Final.jar:6.4.4.Final]
	at org.hibernate.internal.AbstractSharedSessionContract.createNamedQuery(AbstractSharedSessionContract.java:136) ~[hibernate-core-6.4.4.Final.jar:6.4.4.Final]
	at java.base/jdk.internal.reflect.NativeMethodAccessorImpl.invoke0(Native Method) ~[na:na]
	at java.base/jdk.internal.reflect.NativeMethodAccessorImpl.invoke(NativeMethodAccessorImpl.java:77) ~[na:na]
	at java.base/jdk.internal.reflect.DelegatingMethodAccessorImpl.invoke(DelegatingMethodAccessorImpl.java:43) ~[na:na]
	at java.base/java.lang.reflect.Method.invoke(Method.java:568) ~[na:na]
	at org.springframework.orm.jpa.ExtendedEntityManagerCreator$ExtendedEntityManagerInvocationHandler.invoke(ExtendedEntityManagerCreator.java:364) ~[spring-orm-6.1.6.jar:6.1.6]
	at jdk.proxy3/jdk.proxy3.$Proxy137.createNamedQuery(Unknown Source) ~[na:na]
	at org.springframework.data.jpa.repository.query.NamedQuery.hasNamedQuery(NamedQuery.java:113) ~[spring-data-jpa-3.2.5.jar:3.2.5]
	at org.springframework.data.jpa.repository.query.NamedQuery.lookupFrom(NamedQuery.java:141) ~[spring-data-jpa-3.2.5.jar:3.2.5]
	at org.springframework.data.jpa.repository.query.JpaQueryLookupStrategy$DeclaredQueryLookupStrategy.resolveQuery(JpaQueryLookupStrategy.java:180) ~[spring-data-jpa-3.2.5.jar:3.2.5]
	at org.springframework.data.jpa.repository.query.JpaQueryLookupStrategy$CreateIfNotFoundQueryLookupStrategy.resolveQuery(JpaQueryLookupStrategy.java:252) ~[spring-data-jpa-3.2.5.jar:3.2.5]
	at org.springframework.data.jpa.repository.query.JpaQueryLookupStrategy$AbstractQueryLookupStrategy.resolveQuery(JpaQueryLookupStrategy.java:95) ~[spring-data-jpa-3.2.5.jar:3.2.5]
	at org.springframework.data.repository.core.support.QueryExecutorMethodInterceptor.lookupQuery(QueryExecutorMethodInterceptor.java:111) ~[spring-data-commons-3.2.5.jar:3.2.5]
	at org.springframework.data.repository.core.support.QueryExecutorMethodInterceptor.mapMethodsToQuery(QueryExecutorMethodInterceptor.java:99) ~[spring-data-commons-3.2.5.jar:3.2.5]
	at org.springframework.data.repository.core.support.QueryExecutorMethodInterceptor.lambda$new$0(QueryExecutorMethodInterceptor.java:88) ~[spring-data-commons-3.2.5.jar:3.2.5]
	at java.base/java.util.Optional.map(Optional.java:260) ~[na:na]
	at org.springframework.data.repository.core.support.QueryExecutorMethodInterceptor.<init>(QueryExecutorMethodInterceptor.java:88) ~[spring-data-commons-3.2.5.jar:3.2.5]
	at org.springframework.data.repository.core.support.RepositoryFactorySupport.getRepository(RepositoryFactorySupport.java:357) ~[spring-data-commons-3.2.5.jar:3.2.5]
	at org.springframework.data.repository.core.support.RepositoryFactoryBeanSupport.lambda$afterPropertiesSet$5(RepositoryFactoryBeanSupport.java:279) ~[spring-data-commons-3.2.5.jar:3.2.5]
	at org.springframework.data.util.Lazy.getNullable(Lazy.java:135) ~[spring-data-commons-3.2.5.jar:3.2.5]
	at org.springframework.data.util.Lazy.get(Lazy.java:113) ~[spring-data-commons-3.2.5.jar:3.2.5]
	at org.springframework.data.repository.core.support.RepositoryFactoryBeanSupport.afterPropertiesSet(RepositoryFactoryBeanSupport.java:285) ~[spring-data-commons-3.2.5.jar:3.2.5]
	at org.springframework.data.jpa.repository.support.JpaRepositoryFactoryBean.afterPropertiesSet(JpaRepositoryFactoryBean.java:132) ~[spring-data-jpa-3.2.5.jar:3.2.5]
	at org.springframework.beans.factory.support.AbstractAutowireCapableBeanFactory.invokeInitMethods(AbstractAutowireCapableBeanFactory.java:1833) ~[spring-beans-6.1.6.jar:6.1.6]
	at org.springframework.beans.factory.support.AbstractAutowireCapableBeanFactory.initializeBean(AbstractAutowireCapableBeanFactory.java:1782) ~[spring-beans-6.1.6.jar:6.1.6]
	at org.springframework.beans.factory.support.AbstractAutowireCapableBeanFactory.doCreateBean(AbstractAutowireCapableBeanFactory.java:600) ~[spring-beans-6.1.6.jar:6.1.6]
	at org.springframework.beans.factory.support.AbstractAutowireCapableBeanFactory.createBean(AbstractAutowireCapableBeanFactory.java:522) ~[spring-beans-6.1.6.jar:6.1.6]
	at org.springframework.beans.factory.support.AbstractBeanFactory.lambda$doGetBean$0(AbstractBeanFactory.java:326) ~[spring-beans-6.1.6.jar:6.1.6]
	at org.springframework.beans.factory.support.DefaultSingletonBeanRegistry.getSingleton(DefaultSingletonBeanRegistry.java:234) ~[spring-beans-6.1.6.jar:6.1.6]
	at org.springframework.beans.factory.support.AbstractBeanFactory.doGetBean(AbstractBeanFactory.java:324) ~[spring-beans-6.1.6.jar:6.1.6]
	at org.springframework.beans.factory.support.AbstractBeanFactory.getBean(AbstractBeanFactory.java:200) ~[spring-beans-6.1.6.jar:6.1.6]
	at org.springframework.beans.factory.config.DependencyDescriptor.resolveCandidate(DependencyDescriptor.java:254) ~[spring-beans-6.1.6.jar:6.1.6]
	at org.springframework.beans.factory.support.DefaultListableBeanFactory.doResolveDependency(DefaultListableBeanFactory.java:1443) ~[spring-beans-6.1.6.jar:6.1.6]
	at org.springframework.beans.factory.support.DefaultListableBeanFactory.resolveDependency(DefaultListableBeanFactory.java:1353) ~[spring-beans-6.1.6.jar:6.1.6]
	at org.springframework.beans.factory.annotation.AutowiredAnnotationBeanPostProcessor$AutowiredFieldElement.resolveFieldValue(AutowiredAnnotationBeanPostProcessor.java:784) ~[spring-beans-6.1.6.jar:6.1.6]
	at org.springframework.beans.factory.annotation.AutowiredAnnotationBeanPostProcessor$AutowiredFieldElement.inject(AutowiredAnnotationBeanPostProcessor.java:767) ~[spring-beans-6.1.6.jar:6.1.6]
	at org.springframework.beans.factory.annotation.InjectionMetadata.inject(InjectionMetadata.java:145) ~[spring-beans-6.1.6.jar:6.1.6]
	at org.springframework.beans.factory.annotation.AutowiredAnnotationBeanPostProcessor.postProcessProperties(AutowiredAnnotationBeanPostProcessor.java:508) ~[spring-beans-6.1.6.jar:6.1.6]
	at org.springframework.beans.factory.support.AbstractAutowireCapableBeanFactory.populateBean(AbstractAutowireCapableBeanFactory.java:1419) ~[spring-beans-6.1.6.jar:6.1.6]
	at org.springframework.beans.factory.support.AbstractAutowireCapableBeanFactory.doCreateBean(AbstractAutowireCapableBeanFactory.java:599) ~[spring-beans-6.1.6.jar:6.1.6]
	at org.springframework.beans.factory.support.AbstractAutowireCapableBeanFactory.createBean(AbstractAutowireCapableBeanFactory.java:522) ~[spring-beans-6.1.6.jar:6.1.6]
	at org.springframework.beans.factory.support.AbstractBeanFactory.lambda$doGetBean$0(AbstractBeanFactory.java:326) ~[spring-beans-6.1.6.jar:6.1.6]
	at org.springframework.beans.factory.support.DefaultSingletonBeanRegistry.getSingleton(DefaultSingletonBeanRegistry.java:234) ~[spring-beans-6.1.6.jar:6.1.6]
	at org.springframework.beans.factory.support.AbstractBeanFactory.doGetBean(AbstractBeanFactory.java:324) ~[spring-beans-6.1.6.jar:6.1.6]
	at org.springframework.beans.factory.support.AbstractBeanFactory.getBean(AbstractBeanFactory.java:200) ~[spring-beans-6.1.6.jar:6.1.6]
	at org.springframework.beans.factory.config.DependencyDescriptor.resolveCandidate(DependencyDescriptor.java:254) ~[spring-beans-6.1.6.jar:6.1.6]
	at org.springframework.beans.factory.support.DefaultListableBeanFactory.doResolveDependency(DefaultListableBeanFactory.java:1443) ~[spring-beans-6.1.6.jar:6.1.6]
	at org.springframework.beans.factory.support.DefaultListableBeanFactory.resolveDependency(DefaultListableBeanFactory.java:1353) ~[spring-beans-6.1.6.jar:6.1.6]
	at org.springframework.beans.factory.annotation.AutowiredAnnotationBeanPostProcessor$AutowiredFieldElement.resolveFieldValue(AutowiredAnnotationBeanPostProcessor.java:784) ~[spring-beans-6.1.6.jar:6.1.6]
	at org.springframework.beans.factory.annotation.AutowiredAnnotationBeanPostProcessor$AutowiredFieldElement.inject(AutowiredAnnotationBeanPostProcessor.java:767) ~[spring-beans-6.1.6.jar:6.1.6]
	at org.springframework.beans.factory.annotation.InjectionMetadata.inject(InjectionMetadata.java:145) ~[spring-beans-6.1.6.jar:6.1.6]
	at org.springframework.beans.factory.annotation.AutowiredAnnotationBeanPostProcessor.postProcessProperties(AutowiredAnnotationBeanPostProcessor.java:508) ~[spring-beans-6.1.6.jar:6.1.6]
	at org.springframework.beans.factory.support.AbstractAutowireCapableBeanFactory.populateBean(AbstractAutowireCapableBeanFactory.java:1419) ~[spring-beans-6.1.6.jar:6.1.6]
	at org.springframework.beans.factory.support.AbstractAutowireCapableBeanFactory.doCreateBean(AbstractAutowireCapableBeanFactory.java:599) ~[spring-beans-6.1.6.jar:6.1.6]
	at org.springframework.beans.factory.support.AbstractAutowireCapableBeanFactory.createBean(AbstractAutowireCapableBeanFactory.java:522) ~[spring-beans-6.1.6.jar:6.1.6]
	at org.springframework.beans.factory.support.AbstractBeanFactory.lambda$doGetBean$0(AbstractBeanFactory.java:326) ~[spring-beans-6.1.6.jar:6.1.6]
	at org.springframework.beans.factory.support.DefaultSingletonBeanRegistry.getSingleton(DefaultSingletonBeanRegistry.java:234) ~[spring-beans-6.1.6.jar:6.1.6]
	at org.springframework.beans.factory.support.AbstractBeanFactory.doGetBean(AbstractBeanFactory.java:324) ~[spring-beans-6.1.6.jar:6.1.6]
	at org.springframework.beans.factory.support.AbstractBeanFactory.getBean(AbstractBeanFactory.java:200) ~[spring-beans-6.1.6.jar:6.1.6]
	at org.springframework.beans.factory.support.DefaultListableBeanFactory.preInstantiateSingletons(DefaultListableBeanFactory.java:975) ~[spring-beans-6.1.6.jar:6.1.6]
	at org.springframework.context.support.AbstractApplicationContext.finishBeanFactoryInitialization(AbstractApplicationContext.java:962) ~[spring-context-6.1.6.jar:6.1.6]
	at org.springframework.context.support.AbstractApplicationContext.refresh(AbstractApplicationContext.java:624) ~[spring-context-6.1.6.jar:6.1.6]
	at org.springframework.boot.SpringApplication.refresh(SpringApplication.java:754) ~[spring-boot-3.2.5.jar:3.2.5]
	at org.springframework.boot.SpringApplication.refreshContext(SpringApplication.java:456) ~[spring-boot-3.2.5.jar:3.2.5]
	at org.springframework.boot.SpringApplication.run(SpringApplication.java:334) ~[spring-boot-3.2.5.jar:3.2.5]
	at org.springframework.boot.test.context.SpringBootContextLoader.lambda$loadContext$3(SpringBootContextLoader.java:137) ~[spring-boot-test-3.2.5.jar:3.2.5]
	at org.springframework.util.function.ThrowingSupplier.get(ThrowingSupplier.java:58) ~[spring-core-6.1.6.jar:6.1.6]
	at org.springframework.util.function.ThrowingSupplier.get(ThrowingSupplier.java:46) ~[spring-core-6.1.6.jar:6.1.6]
	at org.springframework.boot.SpringApplication.withHook(SpringApplication.java:1454) ~[spring-boot-3.2.5.jar:3.2.5]
	at org.springframework.boot.test.context.SpringBootContextLoader$ContextLoaderHook.run(SpringBootContextLoader.java:553) ~[spring-boot-test-3.2.5.jar:3.2.5]
	at org.springframework.boot.test.context.SpringBootContextLoader.loadContext(SpringBootContextLoader.java:137) ~[spring-boot-test-3.2.5.jar:3.2.5]
	at org.springframework.boot.test.context.SpringBootContextLoader.loadContext(SpringBootContextLoader.java:108) ~[spring-boot-test-3.2.5.jar:3.2.5]
	at org.springframework.test.context.cache.DefaultCacheAwareContextLoaderDelegate.loadContextInternal(DefaultCacheAwareContextLoaderDelegate.java:225) ~[spring-test-6.1.6.jar:6.1.6]
	at org.springframework.test.context.cache.DefaultCacheAwareContextLoaderDelegate.loadContext(DefaultCacheAwareContextLoaderDelegate.java:152) ~[spring-test-6.1.6.jar:6.1.6]
	at org.springframework.test.context.support.DefaultTestContext.getApplicationContext(DefaultTestContext.java:130) ~[spring-test-6.1.6.jar:6.1.6]
	at org.springframework.test.context.web.ServletTestExecutionListener.setUpRequestContextIfNecessary(ServletTestExecutionListener.java:191) ~[spring-test-6.1.6.jar:6.1.6]
	at org.springframework.test.context.web.ServletTestExecutionListener.prepareTestInstance(ServletTestExecutionListener.java:130) ~[spring-test-6.1.6.jar:6.1.6]
	at org.springframework.test.context.TestContextManager.prepareTestInstance(TestContextManager.java:260) ~[spring-test-6.1.6.jar:6.1.6]
	at org.springframework.test.context.junit.jupiter.SpringExtension.postProcessTestInstance(SpringExtension.java:163) ~[spring-test-6.1.6.jar:6.1.6]
	at org.junit.jupiter.engine.descriptor.ClassBasedTestDescriptor.lambda$invokeTestInstancePostProcessors$10(ClassBasedTestDescriptor.java:378) ~[junit-jupiter-engine-5.10.2.jar:5.10.2]
	at org.junit.jupiter.engine.descriptor.ClassBasedTestDescriptor.executeAndMaskThrowable(ClassBasedTestDescriptor.java:383) ~[junit-jupiter-engine-5.10.2.jar:5.10.2]
	at org.junit.jupiter.engine.descriptor.ClassBasedTestDescriptor.lambda$invokeTestInstancePostProcessors$11(ClassBasedTestDescriptor.java:378) ~[junit-jupiter-engine-5.10.2.jar:5.10.2]
	at java.base/java.util.stream.ReferencePipeline$3$1.accept(ReferencePipeline.java:197) ~[na:na]
	at java.base/java.util.stream.ReferencePipeline$2$1.accept(ReferencePipeline.java:179) ~[na:na]
	at java.base/java.util.ArrayList$ArrayListSpliterator.forEachRemaining(ArrayList.java:1625) ~[na:na]
	at java.base/java.util.stream.AbstractPipeline.copyInto(AbstractPipeline.java:509) ~[na:na]
	at java.base/java.util.stream.AbstractPipeline.wrapAndCopyInto(AbstractPipeline.java:499) ~[na:na]
	at java.base/java.util.stream.StreamSpliterators$WrappingSpliterator.forEachRemaining(StreamSpliterators.java:310) ~[na:na]
	at java.base/java.util.stream.Streams$ConcatSpliterator.forEachRemaining(Streams.java:735) ~[na:na]
	at java.base/java.util.stream.Streams$ConcatSpliterator.forEachRemaining(Streams.java:734) ~[na:na]
	at java.base/java.util.stream.ReferencePipeline$Head.forEach(ReferencePipeline.java:762) ~[na:na]
	at org.junit.jupiter.engine.descriptor.ClassBasedTestDescriptor.invokeTestInstancePostProcessors(ClassBasedTestDescriptor.java:377) ~[junit-jupiter-engine-5.10.2.jar:5.10.2]
	at org.junit.jupiter.engine.descriptor.ClassBasedTestDescriptor.lambda$instantiateAndPostProcessTestInstance$6(ClassBasedTestDescriptor.java:290) ~[junit-jupiter-engine-5.10.2.jar:5.10.2]
	at org.junit.platform.engine.support.hierarchical.ThrowableCollector.execute(ThrowableCollector.java:73) ~[junit-platform-engine-1.10.2.jar:1.10.2]
	at org.junit.jupiter.engine.descriptor.ClassBasedTestDescriptor.instantiateAndPostProcessTestInstance(ClassBasedTestDescriptor.java:289) ~[junit-jupiter-engine-5.10.2.jar:5.10.2]
	at org.junit.jupiter.engine.descriptor.ClassBasedTestDescriptor.lambda$testInstancesProvider$4(ClassBasedTestDescriptor.java:279) ~[junit-jupiter-engine-5.10.2.jar:5.10.2]
	at java.base/java.util.Optional.orElseGet(Optional.java:364) ~[na:na]
	at org.junit.jupiter.engine.descriptor.ClassBasedTestDescriptor.lambda$testInstancesProvider$5(ClassBasedTestDescriptor.java:278) ~[junit-jupiter-engine-5.10.2.jar:5.10.2]
	at org.junit.jupiter.engine.execution.TestInstancesProvider.getTestInstances(TestInstancesProvider.java:31) ~[junit-jupiter-engine-5.10.2.jar:5.10.2]
	at org.junit.jupiter.engine.descriptor.TestMethodTestDescriptor.lambda$prepare$0(TestMethodTestDescriptor.java:106) ~[junit-jupiter-engine-5.10.2.jar:5.10.2]
	at org.junit.platform.engine.support.hierarchical.ThrowableCollector.execute(ThrowableCollector.java:73) ~[junit-platform-engine-1.10.2.jar:1.10.2]
	at org.junit.jupiter.engine.descriptor.TestMethodTestDescriptor.prepare(TestMethodTestDescriptor.java:105) ~[junit-jupiter-engine-5.10.2.jar:5.10.2]
	at org.junit.jupiter.engine.descriptor.TestMethodTestDescriptor.prepare(TestMethodTestDescriptor.java:69) ~[junit-jupiter-engine-5.10.2.jar:5.10.2]
	at org.junit.platform.engine.support.hierarchical.NodeTestTask.lambda$prepare$2(NodeTestTask.java:123) ~[junit-platform-engine-1.10.2.jar:1.10.2]
	at org.junit.platform.engine.support.hierarchical.ThrowableCollector.execute(ThrowableCollector.java:73) ~[junit-platform-engine-1.10.2.jar:1.10.2]
	at org.junit.platform.engine.support.hierarchical.NodeTestTask.prepare(NodeTestTask.java:123) ~[junit-platform-engine-1.10.2.jar:1.10.2]
	at org.junit.platform.engine.support.hierarchical.NodeTestTask.execute(NodeTestTask.java:90) ~[junit-platform-engine-1.10.2.jar:1.10.2]
	at java.base/java.util.ArrayList.forEach(ArrayList.java:1511) ~[na:na]
	at org.junit.platform.engine.support.hierarchical.SameThreadHierarchicalTestExecutorService.invokeAll(SameThreadHierarchicalTestExecutorService.java:41) ~[junit-platform-engine-1.10.2.jar:1.10.2]
	at org.junit.platform.engine.support.hierarchical.NodeTestTask.lambda$executeRecursively$6(NodeTestTask.java:155) ~[junit-platform-engine-1.10.2.jar:1.10.2]
	at org.junit.platform.engine.support.hierarchical.ThrowableCollector.execute(ThrowableCollector.java:73) ~[junit-platform-engine-1.10.2.jar:1.10.2]
	at org.junit.platform.engine.support.hierarchical.NodeTestTask.lambda$executeRecursively$8(NodeTestTask.java:141) ~[junit-platform-engine-1.10.2.jar:1.10.2]
	at org.junit.platform.engine.support.hierarchical.Node.around(Node.java:137) ~[junit-platform-engine-1.10.2.jar:1.10.2]
	at org.junit.platform.engine.support.hierarchical.NodeTestTask.lambda$executeRecursively$9(NodeTestTask.java:139) ~[junit-platform-engine-1.10.2.jar:1.10.2]
	at org.junit.platform.engine.support.hierarchical.ThrowableCollector.execute(ThrowableCollector.java:73) ~[junit-platform-engine-1.10.2.jar:1.10.2]
	at org.junit.platform.engine.support.hierarchical.NodeTestTask.executeRecursively(NodeTestTask.java:138) ~[junit-platform-engine-1.10.2.jar:1.10.2]
	at org.junit.platform.engine.support.hierarchical.NodeTestTask.execute(NodeTestTask.java:95) ~[junit-platform-engine-1.10.2.jar:1.10.2]
	at java.base/java.util.ArrayList.forEach(ArrayList.java:1511) ~[na:na]
	at org.junit.platform.engine.support.hierarchical.SameThreadHierarchicalTestExecutorService.invokeAll(SameThreadHierarchicalTestExecutorService.java:41) ~[junit-platform-engine-1.10.2.jar:1.10.2]
	at org.junit.platform.engine.support.hierarchical.NodeTestTask.lambda$executeRecursively$6(NodeTestTask.java:155) ~[junit-platform-engine-1.10.2.jar:1.10.2]
	at org.junit.platform.engine.support.hierarchical.ThrowableCollector.execute(ThrowableCollector.java:73) ~[junit-platform-engine-1.10.2.jar:1.10.2]
	at org.junit.platform.engine.support.hierarchical.NodeTestTask.lambda$executeRecursively$8(NodeTestTask.java:141) ~[junit-platform-engine-1.10.2.jar:1.10.2]
	at org.junit.platform.engine.support.hierarchical.Node.around(Node.java:137) ~[junit-platform-engine-1.10.2.jar:1.10.2]
	at org.junit.platform.engine.support.hierarchical.NodeTestTask.lambda$executeRecursively$9(NodeTestTask.java:139) ~[junit-platform-engine-1.10.2.jar:1.10.2]
	at org.junit.platform.engine.support.hierarchical.ThrowableCollector.execute(ThrowableCollector.java:73) ~[junit-platform-engine-1.10.2.jar:1.10.2]
	at org.junit.platform.engine.support.hierarchical.NodeTestTask.executeRecursively(NodeTestTask.java:138) ~[junit-platform-engine-1.10.2.jar:1.10.2]
	at org.junit.platform.engine.support.hierarchical.NodeTestTask.execute(NodeTestTask.java:95) ~[junit-platform-engine-1.10.2.jar:1.10.2]
	at org.junit.platform.engine.support.hierarchical.SameThreadHierarchicalTestExecutorService.submit(SameThreadHierarchicalTestExecutorService.java:35) ~[junit-platform-engine-1.10.2.jar:1.10.2]
	at org.junit.platform.engine.support.hierarchical.HierarchicalTestExecutor.execute(HierarchicalTestExecutor.java:57) ~[junit-platform-engine-1.10.2.jar:1.10.2]
	at org.junit.platform.engine.support.hierarchical.HierarchicalTestEngine.execute(HierarchicalTestEngine.java:54) ~[junit-platform-engine-1.10.2.jar:1.10.2]
	at org.junit.platform.launcher.core.EngineExecutionOrchestrator.execute(EngineExecutionOrchestrator.java:198) ~[junit-platform-launcher-1.10.2.jar:1.10.2]
	at org.junit.platform.launcher.core.EngineExecutionOrchestrator.execute(EngineExecutionOrchestrator.java:169) ~[junit-platform-launcher-1.10.2.jar:1.10.2]
	at org.junit.platform.launcher.core.EngineExecutionOrchestrator.execute(EngineExecutionOrchestrator.java:93) ~[junit-platform-launcher-1.10.2.jar:1.10.2]
	at org.junit.platform.launcher.core.EngineExecutionOrchestrator.lambda$execute$0(EngineExecutionOrchestrator.java:58) ~[junit-platform-launcher-1.10.2.jar:1.10.2]
	at org.junit.platform.launcher.core.EngineExecutionOrchestrator.withInterceptedStreams(EngineExecutionOrchestrator.java:141) ~[junit-platform-launcher-1.10.2.jar:1.10.2]
	at org.junit.platform.launcher.core.EngineExecutionOrchestrator.execute(EngineExecutionOrchestrator.java:57) ~[junit-platform-launcher-1.10.2.jar:1.10.2]
	at org.junit.platform.launcher.core.DefaultLauncher.execute(DefaultLauncher.java:103) ~[junit-platform-launcher-1.10.2.jar:1.10.2]
	at org.junit.platform.launcher.core.DefaultLauncher.execute(DefaultLauncher.java:85) ~[junit-platform-launcher-1.10.2.jar:1.10.2]
	at org.junit.platform.launcher.core.DelegatingLauncher.execute(DelegatingLauncher.java:47) ~[junit-platform-launcher-1.10.2.jar:1.10.2]
	at org.gradle.api.internal.tasks.testing.junitplatform.JUnitPlatformTestClassProcessor$CollectAllTestClassesExecutor.processAllTestClasses(JUnitPlatformTestClassProcessor.java:119) ~[na:na]
	at org.gradle.api.internal.tasks.testing.junitplatform.JUnitPlatformTestClassProcessor$CollectAllTestClassesExecutor.access$000(JUnitPlatformTestClassProcessor.java:94) ~[na:na]
	at org.gradle.api.internal.tasks.testing.junitplatform.JUnitPlatformTestClassProcessor.stop(JUnitPlatformTestClassProcessor.java:89) ~[na:na]
	at org.gradle.api.internal.tasks.testing.SuiteTestClassProcessor.stop(SuiteTestClassProcessor.java:62) ~[na:na]
	at java.base/jdk.internal.reflect.NativeMethodAccessorImpl.invoke0(Native Method) ~[na:na]
	at java.base/jdk.internal.reflect.NativeMethodAccessorImpl.invoke(NativeMethodAccessorImpl.java:77) ~[na:na]
	at java.base/jdk.internal.reflect.DelegatingMethodAccessorImpl.invoke(DelegatingMethodAccessorImpl.java:43) ~[na:na]
	at java.base/java.lang.reflect.Method.invoke(Method.java:568) ~[na:na]
	at org.gradle.internal.dispatch.ReflectionDispatch.dispatch(ReflectionDispatch.java:36) ~[na:na]
	at org.gradle.internal.dispatch.ReflectionDispatch.dispatch(ReflectionDispatch.java:24) ~[na:na]
	at org.gradle.internal.dispatch.ContextClassLoaderDispatch.dispatch(ContextClassLoaderDispatch.java:33) ~[na:na]
	at org.gradle.internal.dispatch.ProxyDispatchAdapter$DispatchingInvocationHandler.invoke(ProxyDispatchAdapter.java:94) ~[na:na]
	at jdk.proxy1/jdk.proxy1.$Proxy2.stop(Unknown Source) ~[na:na]
	at org.gradle.api.internal.tasks.testing.worker.TestWorker$3.run(TestWorker.java:193) ~[na:na]
	at org.gradle.api.internal.tasks.testing.worker.TestWorker.executeAndMaintainThreadName(TestWorker.java:129) ~[na:na]
	at org.gradle.api.internal.tasks.testing.worker.TestWorker.execute(TestWorker.java:100) ~[na:na]
	at org.gradle.api.internal.tasks.testing.worker.TestWorker.execute(TestWorker.java:60) ~[na:na]
	at org.gradle.process.internal.worker.child.ActionExecutionWorker.execute(ActionExecutionWorker.java:56) ~[na:na]
	at org.gradle.process.internal.worker.child.SystemApplicationClassLoaderWorker.call(SystemApplicationClassLoaderWorker.java:119) ~[na:na]
	at org.gradle.process.internal.worker.child.SystemApplicationClassLoaderWorker.call(SystemApplicationClassLoaderWorker.java:66) ~[na:na]
	at worker.org.gradle.process.internal.worker.GradleWorkerMain.run(GradleWorkerMain.java:69) ~[gradle-worker.jar:na]
	at worker.org.gradle.process.internal.worker.GradleWorkerMain.main(GradleWorkerMain.java:74) ~[gradle-worker.jar:na]

2024-11-18T12:45:50.903-04:00 DEBUG 24640 --- [examen2] [    Test worker] o.s.d.jpa.repository.query.NamedQuery    : Did not find named query Analisis.findByPacienteId
2024-11-18T12:45:50.905-04:00 DEBUG 24640 --- [examen2] [    Test worker] tor$SharedEntityManagerInvocationHandler : Creating new EntityManager for shared EntityManager invocation
2024-11-18T12:45:50.921-04:00 DEBUG 24640 --- [examen2] [    Test worker] o.s.d.jpa.repository.query.NamedQuery    : Looking up named query Analisis.findByMedicoId
2024-11-18T12:45:50.922-04:00 DEBUG 24640 --- [examen2] [    Test worker] cResourceLocalTransactionCoordinatorImpl : JDBC transaction marked for rollback-only (exception provided for stack trace)

java.lang.Exception: exception just for purpose of providing stack trace
	at org.hibernate.resource.transaction.backend.jdbc.internal.JdbcResourceLocalTransactionCoordinatorImpl$TransactionDriverControlImpl.markRollbackOnly(JdbcResourceLocalTransactionCoordinatorImpl.java:310) ~[hibernate-core-6.4.4.Final.jar:6.4.4.Final]
	at org.hibernate.internal.AbstractSharedSessionContract.buildNamedQuery(AbstractSharedSessionContract.java:1097) ~[hibernate-core-6.4.4.Final.jar:6.4.4.Final]
	at org.hibernate.internal.AbstractSharedSessionContract.createNamedQuery(AbstractSharedSessionContract.java:975) ~[hibernate-core-6.4.4.Final.jar:6.4.4.Final]
	at org.hibernate.internal.AbstractSharedSessionContract.createNamedQuery(AbstractSharedSessionContract.java:136) ~[hibernate-core-6.4.4.Final.jar:6.4.4.Final]
	at java.base/jdk.internal.reflect.NativeMethodAccessorImpl.invoke0(Native Method) ~[na:na]
	at java.base/jdk.internal.reflect.NativeMethodAccessorImpl.invoke(NativeMethodAccessorImpl.java:77) ~[na:na]
	at java.base/jdk.internal.reflect.DelegatingMethodAccessorImpl.invoke(DelegatingMethodAccessorImpl.java:43) ~[na:na]
	at java.base/java.lang.reflect.Method.invoke(Method.java:568) ~[na:na]
	at org.springframework.orm.jpa.ExtendedEntityManagerCreator$ExtendedEntityManagerInvocationHandler.invoke(ExtendedEntityManagerCreator.java:364) ~[spring-orm-6.1.6.jar:6.1.6]
	at jdk.proxy3/jdk.proxy3.$Proxy137.createNamedQuery(Unknown Source) ~[na:na]
	at org.springframework.data.jpa.repository.query.NamedQuery.hasNamedQuery(NamedQuery.java:113) ~[spring-data-jpa-3.2.5.jar:3.2.5]
	at org.springframework.data.jpa.repository.query.NamedQuery.lookupFrom(NamedQuery.java:141) ~[spring-data-jpa-3.2.5.jar:3.2.5]
	at org.springframework.data.jpa.repository.query.JpaQueryLookupStrategy$DeclaredQueryLookupStrategy.resolveQuery(JpaQueryLookupStrategy.java:180) ~[spring-data-jpa-3.2.5.jar:3.2.5]
	at org.springframework.data.jpa.repository.query.JpaQueryLookupStrategy$CreateIfNotFoundQueryLookupStrategy.resolveQuery(JpaQueryLookupStrategy.java:252) ~[spring-data-jpa-3.2.5.jar:3.2.5]
	at org.springframework.data.jpa.repository.query.JpaQueryLookupStrategy$AbstractQueryLookupStrategy.resolveQuery(JpaQueryLookupStrategy.java:95) ~[spring-data-jpa-3.2.5.jar:3.2.5]
	at org.springframework.data.repository.core.support.QueryExecutorMethodInterceptor.lookupQuery(QueryExecutorMethodInterceptor.java:111) ~[spring-data-commons-3.2.5.jar:3.2.5]
	at org.springframework.data.repository.core.support.QueryExecutorMethodInterceptor.mapMethodsToQuery(QueryExecutorMethodInterceptor.java:99) ~[spring-data-commons-3.2.5.jar:3.2.5]
	at org.springframework.data.repository.core.support.QueryExecutorMethodInterceptor.lambda$new$0(QueryExecutorMethodInterceptor.java:88) ~[spring-data-commons-3.2.5.jar:3.2.5]
	at java.base/java.util.Optional.map(Optional.java:260) ~[na:na]
	at org.springframework.data.repository.core.support.QueryExecutorMethodInterceptor.<init>(QueryExecutorMethodInterceptor.java:88) ~[spring-data-commons-3.2.5.jar:3.2.5]
	at org.springframework.data.repository.core.support.RepositoryFactorySupport.getRepository(RepositoryFactorySupport.java:357) ~[spring-data-commons-3.2.5.jar:3.2.5]
	at org.springframework.data.repository.core.support.RepositoryFactoryBeanSupport.lambda$afterPropertiesSet$5(RepositoryFactoryBeanSupport.java:279) ~[spring-data-commons-3.2.5.jar:3.2.5]
	at org.springframework.data.util.Lazy.getNullable(Lazy.java:135) ~[spring-data-commons-3.2.5.jar:3.2.5]
	at org.springframework.data.util.Lazy.get(Lazy.java:113) ~[spring-data-commons-3.2.5.jar:3.2.5]
	at org.springframework.data.repository.core.support.RepositoryFactoryBeanSupport.afterPropertiesSet(RepositoryFactoryBeanSupport.java:285) ~[spring-data-commons-3.2.5.jar:3.2.5]
	at org.springframework.data.jpa.repository.support.JpaRepositoryFactoryBean.afterPropertiesSet(JpaRepositoryFactoryBean.java:132) ~[spring-data-jpa-3.2.5.jar:3.2.5]
	at org.springframework.beans.factory.support.AbstractAutowireCapableBeanFactory.invokeInitMethods(AbstractAutowireCapableBeanFactory.java:1833) ~[spring-beans-6.1.6.jar:6.1.6]
	at org.springframework.beans.factory.support.AbstractAutowireCapableBeanFactory.initializeBean(AbstractAutowireCapableBeanFactory.java:1782) ~[spring-beans-6.1.6.jar:6.1.6]
	at org.springframework.beans.factory.support.AbstractAutowireCapableBeanFactory.doCreateBean(AbstractAutowireCapableBeanFactory.java:600) ~[spring-beans-6.1.6.jar:6.1.6]
	at org.springframework.beans.factory.support.AbstractAutowireCapableBeanFactory.createBean(AbstractAutowireCapableBeanFactory.java:522) ~[spring-beans-6.1.6.jar:6.1.6]
	at org.springframework.beans.factory.support.AbstractBeanFactory.lambda$doGetBean$0(AbstractBeanFactory.java:326) ~[spring-beans-6.1.6.jar:6.1.6]
	at org.springframework.beans.factory.support.DefaultSingletonBeanRegistry.getSingleton(DefaultSingletonBeanRegistry.java:234) ~[spring-beans-6.1.6.jar:6.1.6]
	at org.springframework.beans.factory.support.AbstractBeanFactory.doGetBean(AbstractBeanFactory.java:324) ~[spring-beans-6.1.6.jar:6.1.6]
	at org.springframework.beans.factory.support.AbstractBeanFactory.getBean(AbstractBeanFactory.java:200) ~[spring-beans-6.1.6.jar:6.1.6]
	at org.springframework.beans.factory.config.DependencyDescriptor.resolveCandidate(DependencyDescriptor.java:254) ~[spring-beans-6.1.6.jar:6.1.6]
	at org.springframework.beans.factory.support.DefaultListableBeanFactory.doResolveDependency(DefaultListableBeanFactory.java:1443) ~[spring-beans-6.1.6.jar:6.1.6]
	at org.springframework.beans.factory.support.DefaultListableBeanFactory.resolveDependency(DefaultListableBeanFactory.java:1353) ~[spring-beans-6.1.6.jar:6.1.6]
	at org.springframework.beans.factory.annotation.AutowiredAnnotationBeanPostProcessor$AutowiredFieldElement.resolveFieldValue(AutowiredAnnotationBeanPostProcessor.java:784) ~[spring-beans-6.1.6.jar:6.1.6]
	at org.springframework.beans.factory.annotation.AutowiredAnnotationBeanPostProcessor$AutowiredFieldElement.inject(AutowiredAnnotationBeanPostProcessor.java:767) ~[spring-beans-6.1.6.jar:6.1.6]
	at org.springframework.beans.factory.annotation.InjectionMetadata.inject(InjectionMetadata.java:145) ~[spring-beans-6.1.6.jar:6.1.6]
	at org.springframework.beans.factory.annotation.AutowiredAnnotationBeanPostProcessor.postProcessProperties(AutowiredAnnotationBeanPostProcessor.java:508) ~[spring-beans-6.1.6.jar:6.1.6]
	at org.springframework.beans.factory.support.AbstractAutowireCapableBeanFactory.populateBean(AbstractAutowireCapableBeanFactory.java:1419) ~[spring-beans-6.1.6.jar:6.1.6]
	at org.springframework.beans.factory.support.AbstractAutowireCapableBeanFactory.doCreateBean(AbstractAutowireCapableBeanFactory.java:599) ~[spring-beans-6.1.6.jar:6.1.6]
	at org.springframework.beans.factory.support.AbstractAutowireCapableBeanFactory.createBean(AbstractAutowireCapableBeanFactory.java:522) ~[spring-beans-6.1.6.jar:6.1.6]
	at org.springframework.beans.factory.support.AbstractBeanFactory.lambda$doGetBean$0(AbstractBeanFactory.java:326) ~[spring-beans-6.1.6.jar:6.1.6]
	at org.springframework.beans.factory.support.DefaultSingletonBeanRegistry.getSingleton(DefaultSingletonBeanRegistry.java:234) ~[spring-beans-6.1.6.jar:6.1.6]
	at org.springframework.beans.factory.support.AbstractBeanFactory.doGetBean(AbstractBeanFactory.java:324) ~[spring-beans-6.1.6.jar:6.1.6]
	at org.springframework.beans.factory.support.AbstractBeanFactory.getBean(AbstractBeanFactory.java:200) ~[spring-beans-6.1.6.jar:6.1.6]
	at org.springframework.beans.factory.config.DependencyDescriptor.resolveCandidate(DependencyDescriptor.java:254) ~[spring-beans-6.1.6.jar:6.1.6]
	at org.springframework.beans.factory.support.DefaultListableBeanFactory.doResolveDependency(DefaultListableBeanFactory.java:1443) ~[spring-beans-6.1.6.jar:6.1.6]
	at org.springframework.beans.factory.support.DefaultListableBeanFactory.resolveDependency(DefaultListableBeanFactory.java:1353) ~[spring-beans-6.1.6.jar:6.1.6]
	at org.springframework.beans.factory.annotation.AutowiredAnnotationBeanPostProcessor$AutowiredFieldElement.resolveFieldValue(AutowiredAnnotationBeanPostProcessor.java:784) ~[spring-beans-6.1.6.jar:6.1.6]
	at org.springframework.beans.factory.annotation.AutowiredAnnotationBeanPostProcessor$AutowiredFieldElement.inject(AutowiredAnnotationBeanPostProcessor.java:767) ~[spring-beans-6.1.6.jar:6.1.6]
	at org.springframework.beans.factory.annotation.InjectionMetadata.inject(InjectionMetadata.java:145) ~[spring-beans-6.1.6.jar:6.1.6]
	at org.springframework.beans.factory.annotation.AutowiredAnnotationBeanPostProcessor.postProcessProperties(AutowiredAnnotationBeanPostProcessor.java:508) ~[spring-beans-6.1.6.jar:6.1.6]
	at org.springframework.beans.factory.support.AbstractAutowireCapableBeanFactory.populateBean(AbstractAutowireCapableBeanFactory.java:1419) ~[spring-beans-6.1.6.jar:6.1.6]
	at org.springframework.beans.factory.support.AbstractAutowireCapableBeanFactory.doCreateBean(AbstractAutowireCapableBeanFactory.java:599) ~[spring-beans-6.1.6.jar:6.1.6]
	at org.springframework.beans.factory.support.AbstractAutowireCapableBeanFactory.createBean(AbstractAutowireCapableBeanFactory.java:522) ~[spring-beans-6.1.6.jar:6.1.6]
	at org.springframework.beans.factory.support.AbstractBeanFactory.lambda$doGetBean$0(AbstractBeanFactory.java:326) ~[spring-beans-6.1.6.jar:6.1.6]
	at org.springframework.beans.factory.support.DefaultSingletonBeanRegistry.getSingleton(DefaultSingletonBeanRegistry.java:234) ~[spring-beans-6.1.6.jar:6.1.6]
	at org.springframework.beans.factory.support.AbstractBeanFactory.doGetBean(AbstractBeanFactory.java:324) ~[spring-beans-6.1.6.jar:6.1.6]
	at org.springframework.beans.factory.support.AbstractBeanFactory.getBean(AbstractBeanFactory.java:200) ~[spring-beans-6.1.6.jar:6.1.6]
	at org.springframework.beans.factory.support.DefaultListableBeanFactory.preInstantiateSingletons(DefaultListableBeanFactory.java:975) ~[spring-beans-6.1.6.jar:6.1.6]
	at org.springframework.context.support.AbstractApplicationContext.finishBeanFactoryInitialization(AbstractApplicationContext.java:962) ~[spring-context-6.1.6.jar:6.1.6]
	at org.springframework.context.support.AbstractApplicationContext.refresh(AbstractApplicationContext.java:624) ~[spring-context-6.1.6.jar:6.1.6]
	at org.springframework.boot.SpringApplication.refresh(SpringApplication.java:754) ~[spring-boot-3.2.5.jar:3.2.5]
	at org.springframework.boot.SpringApplication.refreshContext(SpringApplication.java:456) ~[spring-boot-3.2.5.jar:3.2.5]
	at org.springframework.boot.SpringApplication.run(SpringApplication.java:334) ~[spring-boot-3.2.5.jar:3.2.5]
	at org.springframework.boot.test.context.SpringBootContextLoader.lambda$loadContext$3(SpringBootContextLoader.java:137) ~[spring-boot-test-3.2.5.jar:3.2.5]
	at org.springframework.util.function.ThrowingSupplier.get(ThrowingSupplier.java:58) ~[spring-core-6.1.6.jar:6.1.6]
	at org.springframework.util.function.ThrowingSupplier.get(ThrowingSupplier.java:46) ~[spring-core-6.1.6.jar:6.1.6]
	at org.springframework.boot.SpringApplication.withHook(SpringApplication.java:1454) ~[spring-boot-3.2.5.jar:3.2.5]
	at org.springframework.boot.test.context.SpringBootContextLoader$ContextLoaderHook.run(SpringBootContextLoader.java:553) ~[spring-boot-test-3.2.5.jar:3.2.5]
	at org.springframework.boot.test.context.SpringBootContextLoader.loadContext(SpringBootContextLoader.java:137) ~[spring-boot-test-3.2.5.jar:3.2.5]
	at org.springframework.boot.test.context.SpringBootContextLoader.loadContext(SpringBootContextLoader.java:108) ~[spring-boot-test-3.2.5.jar:3.2.5]
	at org.springframework.test.context.cache.DefaultCacheAwareContextLoaderDelegate.loadContextInternal(DefaultCacheAwareContextLoaderDelegate.java:225) ~[spring-test-6.1.6.jar:6.1.6]
	at org.springframework.test.context.cache.DefaultCacheAwareContextLoaderDelegate.loadContext(DefaultCacheAwareContextLoaderDelegate.java:152) ~[spring-test-6.1.6.jar:6.1.6]
	at org.springframework.test.context.support.DefaultTestContext.getApplicationContext(DefaultTestContext.java:130) ~[spring-test-6.1.6.jar:6.1.6]
	at org.springframework.test.context.web.ServletTestExecutionListener.setUpRequestContextIfNecessary(ServletTestExecutionListener.java:191) ~[spring-test-6.1.6.jar:6.1.6]
	at org.springframework.test.context.web.ServletTestExecutionListener.prepareTestInstance(ServletTestExecutionListener.java:130) ~[spring-test-6.1.6.jar:6.1.6]
	at org.springframework.test.context.TestContextManager.prepareTestInstance(TestContextManager.java:260) ~[spring-test-6.1.6.jar:6.1.6]
	at org.springframework.test.context.junit.jupiter.SpringExtension.postProcessTestInstance(SpringExtension.java:163) ~[spring-test-6.1.6.jar:6.1.6]
	at org.junit.jupiter.engine.descriptor.ClassBasedTestDescriptor.lambda$invokeTestInstancePostProcessors$10(ClassBasedTestDescriptor.java:378) ~[junit-jupiter-engine-5.10.2.jar:5.10.2]
	at org.junit.jupiter.engine.descriptor.ClassBasedTestDescriptor.executeAndMaskThrowable(ClassBasedTestDescriptor.java:383) ~[junit-jupiter-engine-5.10.2.jar:5.10.2]
	at org.junit.jupiter.engine.descriptor.ClassBasedTestDescriptor.lambda$invokeTestInstancePostProcessors$11(ClassBasedTestDescriptor.java:378) ~[junit-jupiter-engine-5.10.2.jar:5.10.2]
	at java.base/java.util.stream.ReferencePipeline$3$1.accept(ReferencePipeline.java:197) ~[na:na]
	at java.base/java.util.stream.ReferencePipeline$2$1.accept(ReferencePipeline.java:179) ~[na:na]
	at java.base/java.util.ArrayList$ArrayListSpliterator.forEachRemaining(ArrayList.java:1625) ~[na:na]
	at java.base/java.util.stream.AbstractPipeline.copyInto(AbstractPipeline.java:509) ~[na:na]
	at java.base/java.util.stream.AbstractPipeline.wrapAndCopyInto(AbstractPipeline.java:499) ~[na:na]
	at java.base/java.util.stream.StreamSpliterators$WrappingSpliterator.forEachRemaining(StreamSpliterators.java:310) ~[na:na]
	at java.base/java.util.stream.Streams$ConcatSpliterator.forEachRemaining(Streams.java:735) ~[na:na]
	at java.base/java.util.stream.Streams$ConcatSpliterator.forEachRemaining(Streams.java:734) ~[na:na]
	at java.base/java.util.stream.ReferencePipeline$Head.forEach(ReferencePipeline.java:762) ~[na:na]
	at org.junit.jupiter.engine.descriptor.ClassBasedTestDescriptor.invokeTestInstancePostProcessors(ClassBasedTestDescriptor.java:377) ~[junit-jupiter-engine-5.10.2.jar:5.10.2]
	at org.junit.jupiter.engine.descriptor.ClassBasedTestDescriptor.lambda$instantiateAndPostProcessTestInstance$6(ClassBasedTestDescriptor.java:290) ~[junit-jupiter-engine-5.10.2.jar:5.10.2]
	at org.junit.platform.engine.support.hierarchical.ThrowableCollector.execute(ThrowableCollector.java:73) ~[junit-platform-engine-1.10.2.jar:1.10.2]
	at org.junit.jupiter.engine.descriptor.ClassBasedTestDescriptor.instantiateAndPostProcessTestInstance(ClassBasedTestDescriptor.java:289) ~[junit-jupiter-engine-5.10.2.jar:5.10.2]
	at org.junit.jupiter.engine.descriptor.ClassBasedTestDescriptor.lambda$testInstancesProvider$4(ClassBasedTestDescriptor.java:279) ~[junit-jupiter-engine-5.10.2.jar:5.10.2]
	at java.base/java.util.Optional.orElseGet(Optional.java:364) ~[na:na]
	at org.junit.jupiter.engine.descriptor.ClassBasedTestDescriptor.lambda$testInstancesProvider$5(ClassBasedTestDescriptor.java:278) ~[junit-jupiter-engine-5.10.2.jar:5.10.2]
	at org.junit.jupiter.engine.execution.TestInstancesProvider.getTestInstances(TestInstancesProvider.java:31) ~[junit-jupiter-engine-5.10.2.jar:5.10.2]
	at org.junit.jupiter.engine.descriptor.TestMethodTestDescriptor.lambda$prepare$0(TestMethodTestDescriptor.java:106) ~[junit-jupiter-engine-5.10.2.jar:5.10.2]
	at org.junit.platform.engine.support.hierarchical.ThrowableCollector.execute(ThrowableCollector.java:73) ~[junit-platform-engine-1.10.2.jar:1.10.2]
	at org.junit.jupiter.engine.descriptor.TestMethodTestDescriptor.prepare(TestMethodTestDescriptor.java:105) ~[junit-jupiter-engine-5.10.2.jar:5.10.2]
	at org.junit.jupiter.engine.descriptor.TestMethodTestDescriptor.prepare(TestMethodTestDescriptor.java:69) ~[junit-jupiter-engine-5.10.2.jar:5.10.2]
	at org.junit.platform.engine.support.hierarchical.NodeTestTask.lambda$prepare$2(NodeTestTask.java:123) ~[junit-platform-engine-1.10.2.jar:1.10.2]
	at org.junit.platform.engine.support.hierarchical.ThrowableCollector.execute(ThrowableCollector.java:73) ~[junit-platform-engine-1.10.2.jar:1.10.2]
	at org.junit.platform.engine.support.hierarchical.NodeTestTask.prepare(NodeTestTask.java:123) ~[junit-platform-engine-1.10.2.jar:1.10.2]
	at org.junit.platform.engine.support.hierarchical.NodeTestTask.execute(NodeTestTask.java:90) ~[junit-platform-engine-1.10.2.jar:1.10.2]
	at java.base/java.util.ArrayList.forEach(ArrayList.java:1511) ~[na:na]
	at org.junit.platform.engine.support.hierarchical.SameThreadHierarchicalTestExecutorService.invokeAll(SameThreadHierarchicalTestExecutorService.java:41) ~[junit-platform-engine-1.10.2.jar:1.10.2]
	at org.junit.platform.engine.support.hierarchical.NodeTestTask.lambda$executeRecursively$6(NodeTestTask.java:155) ~[junit-platform-engine-1.10.2.jar:1.10.2]
	at org.junit.platform.engine.support.hierarchical.ThrowableCollector.execute(ThrowableCollector.java:73) ~[junit-platform-engine-1.10.2.jar:1.10.2]
	at org.junit.platform.engine.support.hierarchical.NodeTestTask.lambda$executeRecursively$8(NodeTestTask.java:141) ~[junit-platform-engine-1.10.2.jar:1.10.2]
	at org.junit.platform.engine.support.hierarchical.Node.around(Node.java:137) ~[junit-platform-engine-1.10.2.jar:1.10.2]
	at org.junit.platform.engine.support.hierarchical.NodeTestTask.lambda$executeRecursively$9(NodeTestTask.java:139) ~[junit-platform-engine-1.10.2.jar:1.10.2]
	at org.junit.platform.engine.support.hierarchical.ThrowableCollector.execute(ThrowableCollector.java:73) ~[junit-platform-engine-1.10.2.jar:1.10.2]
	at org.junit.platform.engine.support.hierarchical.NodeTestTask.executeRecursively(NodeTestTask.java:138) ~[junit-platform-engine-1.10.2.jar:1.10.2]
	at org.junit.platform.engine.support.hierarchical.NodeTestTask.execute(NodeTestTask.java:95) ~[junit-platform-engine-1.10.2.jar:1.10.2]
	at java.base/java.util.ArrayList.forEach(ArrayList.java:1511) ~[na:na]
	at org.junit.platform.engine.support.hierarchical.SameThreadHierarchicalTestExecutorService.invokeAll(SameThreadHierarchicalTestExecutorService.java:41) ~[junit-platform-engine-1.10.2.jar:1.10.2]
	at org.junit.platform.engine.support.hierarchical.NodeTestTask.lambda$executeRecursively$6(NodeTestTask.java:155) ~[junit-platform-engine-1.10.2.jar:1.10.2]
	at org.junit.platform.engine.support.hierarchical.ThrowableCollector.execute(ThrowableCollector.java:73) ~[junit-platform-engine-1.10.2.jar:1.10.2]
	at org.junit.platform.engine.support.hierarchical.NodeTestTask.lambda$executeRecursively$8(NodeTestTask.java:141) ~[junit-platform-engine-1.10.2.jar:1.10.2]
	at org.junit.platform.engine.support.hierarchical.Node.around(Node.java:137) ~[junit-platform-engine-1.10.2.jar:1.10.2]
	at org.junit.platform.engine.support.hierarchical.NodeTestTask.lambda$executeRecursively$9(NodeTestTask.java:139) ~[junit-platform-engine-1.10.2.jar:1.10.2]
	at org.junit.platform.engine.support.hierarchical.ThrowableCollector.execute(ThrowableCollector.java:73) ~[junit-platform-engine-1.10.2.jar:1.10.2]
	at org.junit.platform.engine.support.hierarchical.NodeTestTask.executeRecursively(NodeTestTask.java:138) ~[junit-platform-engine-1.10.2.jar:1.10.2]
	at org.junit.platform.engine.support.hierarchical.NodeTestTask.execute(NodeTestTask.java:95) ~[junit-platform-engine-1.10.2.jar:1.10.2]
	at org.junit.platform.engine.support.hierarchical.SameThreadHierarchicalTestExecutorService.submit(SameThreadHierarchicalTestExecutorService.java:35) ~[junit-platform-engine-1.10.2.jar:1.10.2]
	at org.junit.platform.engine.support.hierarchical.HierarchicalTestExecutor.execute(HierarchicalTestExecutor.java:57) ~[junit-platform-engine-1.10.2.jar:1.10.2]
	at org.junit.platform.engine.support.hierarchical.HierarchicalTestEngine.execute(HierarchicalTestEngine.java:54) ~[junit-platform-engine-1.10.2.jar:1.10.2]
	at org.junit.platform.launcher.core.EngineExecutionOrchestrator.execute(EngineExecutionOrchestrator.java:198) ~[junit-platform-launcher-1.10.2.jar:1.10.2]
	at org.junit.platform.launcher.core.EngineExecutionOrchestrator.execute(EngineExecutionOrchestrator.java:169) ~[junit-platform-launcher-1.10.2.jar:1.10.2]
	at org.junit.platform.launcher.core.EngineExecutionOrchestrator.execute(EngineExecutionOrchestrator.java:93) ~[junit-platform-launcher-1.10.2.jar:1.10.2]
	at org.junit.platform.launcher.core.EngineExecutionOrchestrator.lambda$execute$0(EngineExecutionOrchestrator.java:58) ~[junit-platform-launcher-1.10.2.jar:1.10.2]
	at org.junit.platform.launcher.core.EngineExecutionOrchestrator.withInterceptedStreams(EngineExecutionOrchestrator.java:141) ~[junit-platform-launcher-1.10.2.jar:1.10.2]
	at org.junit.platform.launcher.core.EngineExecutionOrchestrator.execute(EngineExecutionOrchestrator.java:57) ~[junit-platform-launcher-1.10.2.jar:1.10.2]
	at org.junit.platform.launcher.core.DefaultLauncher.execute(DefaultLauncher.java:103) ~[junit-platform-launcher-1.10.2.jar:1.10.2]
	at org.junit.platform.launcher.core.DefaultLauncher.execute(DefaultLauncher.java:85) ~[junit-platform-launcher-1.10.2.jar:1.10.2]
	at org.junit.platform.launcher.core.DelegatingLauncher.execute(DelegatingLauncher.java:47) ~[junit-platform-launcher-1.10.2.jar:1.10.2]
	at org.gradle.api.internal.tasks.testing.junitplatform.JUnitPlatformTestClassProcessor$CollectAllTestClassesExecutor.processAllTestClasses(JUnitPlatformTestClassProcessor.java:119) ~[na:na]
	at org.gradle.api.internal.tasks.testing.junitplatform.JUnitPlatformTestClassProcessor$CollectAllTestClassesExecutor.access$000(JUnitPlatformTestClassProcessor.java:94) ~[na:na]
	at org.gradle.api.internal.tasks.testing.junitplatform.JUnitPlatformTestClassProcessor.stop(JUnitPlatformTestClassProcessor.java:89) ~[na:na]
	at org.gradle.api.internal.tasks.testing.SuiteTestClassProcessor.stop(SuiteTestClassProcessor.java:62) ~[na:na]
	at java.base/jdk.internal.reflect.NativeMethodAccessorImpl.invoke0(Native Method) ~[na:na]
	at java.base/jdk.internal.reflect.NativeMethodAccessorImpl.invoke(NativeMethodAccessorImpl.java:77) ~[na:na]
	at java.base/jdk.internal.reflect.DelegatingMethodAccessorImpl.invoke(DelegatingMethodAccessorImpl.java:43) ~[na:na]
	at java.base/java.lang.reflect.Method.invoke(Method.java:568) ~[na:na]
	at org.gradle.internal.dispatch.ReflectionDispatch.dispatch(ReflectionDispatch.java:36) ~[na:na]
	at org.gradle.internal.dispatch.ReflectionDispatch.dispatch(ReflectionDispatch.java:24) ~[na:na]
	at org.gradle.internal.dispatch.ContextClassLoaderDispatch.dispatch(ContextClassLoaderDispatch.java:33) ~[na:na]
	at org.gradle.internal.dispatch.ProxyDispatchAdapter$DispatchingInvocationHandler.invoke(ProxyDispatchAdapter.java:94) ~[na:na]
	at jdk.proxy1/jdk.proxy1.$Proxy2.stop(Unknown Source) ~[na:na]
	at org.gradle.api.internal.tasks.testing.worker.TestWorker$3.run(TestWorker.java:193) ~[na:na]
	at org.gradle.api.internal.tasks.testing.worker.TestWorker.executeAndMaintainThreadName(TestWorker.java:129) ~[na:na]
	at org.gradle.api.internal.tasks.testing.worker.TestWorker.execute(TestWorker.java:100) ~[na:na]
	at org.gradle.api.internal.tasks.testing.worker.TestWorker.execute(TestWorker.java:60) ~[na:na]
	at org.gradle.process.internal.worker.child.ActionExecutionWorker.execute(ActionExecutionWorker.java:56) ~[na:na]
	at org.gradle.process.internal.worker.child.SystemApplicationClassLoaderWorker.call(SystemApplicationClassLoaderWorker.java:119) ~[na:na]
	at org.gradle.process.internal.worker.child.SystemApplicationClassLoaderWorker.call(SystemApplicationClassLoaderWorker.java:66) ~[na:na]
	at worker.org.gradle.process.internal.worker.GradleWorkerMain.run(GradleWorkerMain.java:69) ~[gradle-worker.jar:na]
	at worker.org.gradle.process.internal.worker.GradleWorkerMain.main(GradleWorkerMain.java:74) ~[gradle-worker.jar:na]

2024-11-18T12:45:50.924-04:00 DEBUG 24640 --- [examen2] [    Test worker] o.s.d.jpa.repository.query.NamedQuery    : Did not find named query Analisis.findByMedicoId
2024-11-18T12:45:50.924-04:00 DEBUG 24640 --- [examen2] [    Test worker] tor$SharedEntityManagerInvocationHandler : Creating new EntityManager for shared EntityManager invocation
2024-11-18T12:45:50.931-04:00 DEBUG 24640 --- [examen2] [    Test worker] o.s.d.r.c.s.RepositoryFactorySupport     : Finished creation of repository instance for com.example.examen2.analisis.repository.AnalisisRepository.
2024-11-18T12:45:50.936-04:00 DEBUG 24640 --- [examen2] [    Test worker] o.s.b.f.s.DefaultListableBeanFactory     : Creating shared instance of singleton bean 'pacienteRepository'
2024-11-18T12:45:50.938-04:00 DEBUG 24640 --- [examen2] [    Test worker] o.s.b.f.s.DefaultListableBeanFactory     : Creating shared instance of singleton bean 'jpa.named-queries#11'
2024-11-18T12:45:50.939-04:00 DEBUG 24640 --- [examen2] [    Test worker] o.s.b.f.s.DefaultListableBeanFactory     : Creating shared instance of singleton bean 'jpa.PacienteRepository.fragments#0'
2024-11-18T12:45:50.940-04:00 DEBUG 24640 --- [examen2] [    Test worker] tor$SharedEntityManagerInvocationHandler : Creating new EntityManager for shared EntityManager invocation
2024-11-18T12:45:50.940-04:00 DEBUG 24640 --- [examen2] [    Test worker] o.s.d.r.c.s.RepositoryFactorySupport     : Initializing repository instance for com.example.examen2.paciente.repository.PacienteRepository…
2024-11-18T12:45:50.940-04:00 DEBUG 24640 --- [examen2] [    Test worker] tor$SharedEntityManagerInvocationHandler : Creating new EntityManager for shared EntityManager invocation
2024-11-18T12:45:50.948-04:00 DEBUG 24640 --- [examen2] [    Test worker] o.s.d.jpa.repository.query.NamedQuery    : Looking up named query Paciente.findByCarnet
2024-11-18T12:45:50.948-04:00 DEBUG 24640 --- [examen2] [    Test worker] cResourceLocalTransactionCoordinatorImpl : JDBC transaction marked for rollback-only (exception provided for stack trace)

java.lang.Exception: exception just for purpose of providing stack trace
	at org.hibernate.resource.transaction.backend.jdbc.internal.JdbcResourceLocalTransactionCoordinatorImpl$TransactionDriverControlImpl.markRollbackOnly(JdbcResourceLocalTransactionCoordinatorImpl.java:310) ~[hibernate-core-6.4.4.Final.jar:6.4.4.Final]
	at org.hibernate.internal.AbstractSharedSessionContract.buildNamedQuery(AbstractSharedSessionContract.java:1097) ~[hibernate-core-6.4.4.Final.jar:6.4.4.Final]
	at org.hibernate.internal.AbstractSharedSessionContract.createNamedQuery(AbstractSharedSessionContract.java:975) ~[hibernate-core-6.4.4.Final.jar:6.4.4.Final]
	at org.hibernate.internal.AbstractSharedSessionContract.createNamedQuery(AbstractSharedSessionContract.java:136) ~[hibernate-core-6.4.4.Final.jar:6.4.4.Final]
	at java.base/jdk.internal.reflect.NativeMethodAccessorImpl.invoke0(Native Method) ~[na:na]
	at java.base/jdk.internal.reflect.NativeMethodAccessorImpl.invoke(NativeMethodAccessorImpl.java:77) ~[na:na]
	at java.base/jdk.internal.reflect.DelegatingMethodAccessorImpl.invoke(DelegatingMethodAccessorImpl.java:43) ~[na:na]
	at java.base/java.lang.reflect.Method.invoke(Method.java:568) ~[na:na]
	at org.springframework.orm.jpa.ExtendedEntityManagerCreator$ExtendedEntityManagerInvocationHandler.invoke(ExtendedEntityManagerCreator.java:364) ~[spring-orm-6.1.6.jar:6.1.6]
	at jdk.proxy3/jdk.proxy3.$Proxy137.createNamedQuery(Unknown Source) ~[na:na]
	at org.springframework.data.jpa.repository.query.NamedQuery.hasNamedQuery(NamedQuery.java:113) ~[spring-data-jpa-3.2.5.jar:3.2.5]
	at org.springframework.data.jpa.repository.query.NamedQuery.lookupFrom(NamedQuery.java:141) ~[spring-data-jpa-3.2.5.jar:3.2.5]
	at org.springframework.data.jpa.repository.query.JpaQueryLookupStrategy$DeclaredQueryLookupStrategy.resolveQuery(JpaQueryLookupStrategy.java:180) ~[spring-data-jpa-3.2.5.jar:3.2.5]
	at org.springframework.data.jpa.repository.query.JpaQueryLookupStrategy$CreateIfNotFoundQueryLookupStrategy.resolveQuery(JpaQueryLookupStrategy.java:252) ~[spring-data-jpa-3.2.5.jar:3.2.5]
	at org.springframework.data.jpa.repository.query.JpaQueryLookupStrategy$AbstractQueryLookupStrategy.resolveQuery(JpaQueryLookupStrategy.java:95) ~[spring-data-jpa-3.2.5.jar:3.2.5]
	at org.springframework.data.repository.core.support.QueryExecutorMethodInterceptor.lookupQuery(QueryExecutorMethodInterceptor.java:111) ~[spring-data-commons-3.2.5.jar:3.2.5]
	at org.springframework.data.repository.core.support.QueryExecutorMethodInterceptor.mapMethodsToQuery(QueryExecutorMethodInterceptor.java:99) ~[spring-data-commons-3.2.5.jar:3.2.5]
	at org.springframework.data.repository.core.support.QueryExecutorMethodInterceptor.lambda$new$0(QueryExecutorMethodInterceptor.java:88) ~[spring-data-commons-3.2.5.jar:3.2.5]
	at java.base/java.util.Optional.map(Optional.java:260) ~[na:na]
	at org.springframework.data.repository.core.support.QueryExecutorMethodInterceptor.<init>(QueryExecutorMethodInterceptor.java:88) ~[spring-data-commons-3.2.5.jar:3.2.5]
	at org.springframework.data.repository.core.support.RepositoryFactorySupport.getRepository(RepositoryFactorySupport.java:357) ~[spring-data-commons-3.2.5.jar:3.2.5]
	at org.springframework.data.repository.core.support.RepositoryFactoryBeanSupport.lambda$afterPropertiesSet$5(RepositoryFactoryBeanSupport.java:279) ~[spring-data-commons-3.2.5.jar:3.2.5]
	at org.springframework.data.util.Lazy.getNullable(Lazy.java:135) ~[spring-data-commons-3.2.5.jar:3.2.5]
	at org.springframework.data.util.Lazy.get(Lazy.java:113) ~[spring-data-commons-3.2.5.jar:3.2.5]
	at org.springframework.data.repository.core.support.RepositoryFactoryBeanSupport.afterPropertiesSet(RepositoryFactoryBeanSupport.java:285) ~[spring-data-commons-3.2.5.jar:3.2.5]
	at org.springframework.data.jpa.repository.support.JpaRepositoryFactoryBean.afterPropertiesSet(JpaRepositoryFactoryBean.java:132) ~[spring-data-jpa-3.2.5.jar:3.2.5]
	at org.springframework.beans.factory.support.AbstractAutowireCapableBeanFactory.invokeInitMethods(AbstractAutowireCapableBeanFactory.java:1833) ~[spring-beans-6.1.6.jar:6.1.6]
	at org.springframework.beans.factory.support.AbstractAutowireCapableBeanFactory.initializeBean(AbstractAutowireCapableBeanFactory.java:1782) ~[spring-beans-6.1.6.jar:6.1.6]
	at org.springframework.beans.factory.support.AbstractAutowireCapableBeanFactory.doCreateBean(AbstractAutowireCapableBeanFactory.java:600) ~[spring-beans-6.1.6.jar:6.1.6]
	at org.springframework.beans.factory.support.AbstractAutowireCapableBeanFactory.createBean(AbstractAutowireCapableBeanFactory.java:522) ~[spring-beans-6.1.6.jar:6.1.6]
	at org.springframework.beans.factory.support.AbstractBeanFactory.lambda$doGetBean$0(AbstractBeanFactory.java:326) ~[spring-beans-6.1.6.jar:6.1.6]
	at org.springframework.beans.factory.support.DefaultSingletonBeanRegistry.getSingleton(DefaultSingletonBeanRegistry.java:234) ~[spring-beans-6.1.6.jar:6.1.6]
	at org.springframework.beans.factory.support.AbstractBeanFactory.doGetBean(AbstractBeanFactory.java:324) ~[spring-beans-6.1.6.jar:6.1.6]
	at org.springframework.beans.factory.support.AbstractBeanFactory.getBean(AbstractBeanFactory.java:200) ~[spring-beans-6.1.6.jar:6.1.6]
	at org.springframework.beans.factory.config.DependencyDescriptor.resolveCandidate(DependencyDescriptor.java:254) ~[spring-beans-6.1.6.jar:6.1.6]
	at org.springframework.beans.factory.support.DefaultListableBeanFactory.doResolveDependency(DefaultListableBeanFactory.java:1443) ~[spring-beans-6.1.6.jar:6.1.6]
	at org.springframework.beans.factory.support.DefaultListableBeanFactory.resolveDependency(DefaultListableBeanFactory.java:1353) ~[spring-beans-6.1.6.jar:6.1.6]
	at org.springframework.beans.factory.annotation.AutowiredAnnotationBeanPostProcessor$AutowiredFieldElement.resolveFieldValue(AutowiredAnnotationBeanPostProcessor.java:784) ~[spring-beans-6.1.6.jar:6.1.6]
	at org.springframework.beans.factory.annotation.AutowiredAnnotationBeanPostProcessor$AutowiredFieldElement.inject(AutowiredAnnotationBeanPostProcessor.java:767) ~[spring-beans-6.1.6.jar:6.1.6]
	at org.springframework.beans.factory.annotation.InjectionMetadata.inject(InjectionMetadata.java:145) ~[spring-beans-6.1.6.jar:6.1.6]
	at org.springframework.beans.factory.annotation.AutowiredAnnotationBeanPostProcessor.postProcessProperties(AutowiredAnnotationBeanPostProcessor.java:508) ~[spring-beans-6.1.6.jar:6.1.6]
	at org.springframework.beans.factory.support.AbstractAutowireCapableBeanFactory.populateBean(AbstractAutowireCapableBeanFactory.java:1419) ~[spring-beans-6.1.6.jar:6.1.6]
	at org.springframework.beans.factory.support.AbstractAutowireCapableBeanFactory.doCreateBean(AbstractAutowireCapableBeanFactory.java:599) ~[spring-beans-6.1.6.jar:6.1.6]
	at org.springframework.beans.factory.support.AbstractAutowireCapableBeanFactory.createBean(AbstractAutowireCapableBeanFactory.java:522) ~[spring-beans-6.1.6.jar:6.1.6]
	at org.springframework.beans.factory.support.AbstractBeanFactory.lambda$doGetBean$0(AbstractBeanFactory.java:326) ~[spring-beans-6.1.6.jar:6.1.6]
	at org.springframework.beans.factory.support.DefaultSingletonBeanRegistry.getSingleton(DefaultSingletonBeanRegistry.java:234) ~[spring-beans-6.1.6.jar:6.1.6]
	at org.springframework.beans.factory.support.AbstractBeanFactory.doGetBean(AbstractBeanFactory.java:324) ~[spring-beans-6.1.6.jar:6.1.6]
	at org.springframework.beans.factory.support.AbstractBeanFactory.getBean(AbstractBeanFactory.java:200) ~[spring-beans-6.1.6.jar:6.1.6]
	at org.springframework.beans.factory.config.DependencyDescriptor.resolveCandidate(DependencyDescriptor.java:254) ~[spring-beans-6.1.6.jar:6.1.6]
	at org.springframework.beans.factory.support.DefaultListableBeanFactory.doResolveDependency(DefaultListableBeanFactory.java:1443) ~[spring-beans-6.1.6.jar:6.1.6]
	at org.springframework.beans.factory.support.DefaultListableBeanFactory.resolveDependency(DefaultListableBeanFactory.java:1353) ~[spring-beans-6.1.6.jar:6.1.6]
	at org.springframework.beans.factory.annotation.AutowiredAnnotationBeanPostProcessor$AutowiredFieldElement.resolveFieldValue(AutowiredAnnotationBeanPostProcessor.java:784) ~[spring-beans-6.1.6.jar:6.1.6]
	at org.springframework.beans.factory.annotation.AutowiredAnnotationBeanPostProcessor$AutowiredFieldElement.inject(AutowiredAnnotationBeanPostProcessor.java:767) ~[spring-beans-6.1.6.jar:6.1.6]
	at org.springframework.beans.factory.annotation.InjectionMetadata.inject(InjectionMetadata.java:145) ~[spring-beans-6.1.6.jar:6.1.6]
	at org.springframework.beans.factory.annotation.AutowiredAnnotationBeanPostProcessor.postProcessProperties(AutowiredAnnotationBeanPostProcessor.java:508) ~[spring-beans-6.1.6.jar:6.1.6]
	at org.springframework.beans.factory.support.AbstractAutowireCapableBeanFactory.populateBean(AbstractAutowireCapableBeanFactory.java:1419) ~[spring-beans-6.1.6.jar:6.1.6]
	at org.springframework.beans.factory.support.AbstractAutowireCapableBeanFactory.doCreateBean(AbstractAutowireCapableBeanFactory.java:599) ~[spring-beans-6.1.6.jar:6.1.6]
	at org.springframework.beans.factory.support.AbstractAutowireCapableBeanFactory.createBean(AbstractAutowireCapableBeanFactory.java:522) ~[spring-beans-6.1.6.jar:6.1.6]
	at org.springframework.beans.factory.support.AbstractBeanFactory.lambda$doGetBean$0(AbstractBeanFactory.java:326) ~[spring-beans-6.1.6.jar:6.1.6]
	at org.springframework.beans.factory.support.DefaultSingletonBeanRegistry.getSingleton(DefaultSingletonBeanRegistry.java:234) ~[spring-beans-6.1.6.jar:6.1.6]
	at org.springframework.beans.factory.support.AbstractBeanFactory.doGetBean(AbstractBeanFactory.java:324) ~[spring-beans-6.1.6.jar:6.1.6]
	at org.springframework.beans.factory.support.AbstractBeanFactory.getBean(AbstractBeanFactory.java:200) ~[spring-beans-6.1.6.jar:6.1.6]
	at org.springframework.beans.factory.support.DefaultListableBeanFactory.preInstantiateSingletons(DefaultListableBeanFactory.java:975) ~[spring-beans-6.1.6.jar:6.1.6]
	at org.springframework.context.support.AbstractApplicationContext.finishBeanFactoryInitialization(AbstractApplicationContext.java:962) ~[spring-context-6.1.6.jar:6.1.6]
	at org.springframework.context.support.AbstractApplicationContext.refresh(AbstractApplicationContext.java:624) ~[spring-context-6.1.6.jar:6.1.6]
	at org.springframework.boot.SpringApplication.refresh(SpringApplication.java:754) ~[spring-boot-3.2.5.jar:3.2.5]
	at org.springframework.boot.SpringApplication.refreshContext(SpringApplication.java:456) ~[spring-boot-3.2.5.jar:3.2.5]
	at org.springframework.boot.SpringApplication.run(SpringApplication.java:334) ~[spring-boot-3.2.5.jar:3.2.5]
	at org.springframework.boot.test.context.SpringBootContextLoader.lambda$loadContext$3(SpringBootContextLoader.java:137) ~[spring-boot-test-3.2.5.jar:3.2.5]
	at org.springframework.util.function.ThrowingSupplier.get(ThrowingSupplier.java:58) ~[spring-core-6.1.6.jar:6.1.6]
	at org.springframework.util.function.ThrowingSupplier.get(ThrowingSupplier.java:46) ~[spring-core-6.1.6.jar:6.1.6]
	at org.springframework.boot.SpringApplication.withHook(SpringApplication.java:1454) ~[spring-boot-3.2.5.jar:3.2.5]
	at org.springframework.boot.test.context.SpringBootContextLoader$ContextLoaderHook.run(SpringBootContextLoader.java:553) ~[spring-boot-test-3.2.5.jar:3.2.5]
	at org.springframework.boot.test.context.SpringBootContextLoader.loadContext(SpringBootContextLoader.java:137) ~[spring-boot-test-3.2.5.jar:3.2.5]
	at org.springframework.boot.test.context.SpringBootContextLoader.loadContext(SpringBootContextLoader.java:108) ~[spring-boot-test-3.2.5.jar:3.2.5]
	at org.springframework.test.context.cache.DefaultCacheAwareContextLoaderDelegate.loadContextInternal(DefaultCacheAwareContextLoaderDelegate.java:225) ~[spring-test-6.1.6.jar:6.1.6]
	at org.springframework.test.context.cache.DefaultCacheAwareContextLoaderDelegate.loadContext(DefaultCacheAwareContextLoaderDelegate.java:152) ~[spring-test-6.1.6.jar:6.1.6]
	at org.springframework.test.context.support.DefaultTestContext.getApplicationContext(DefaultTestContext.java:130) ~[spring-test-6.1.6.jar:6.1.6]
	at org.springframework.test.context.web.ServletTestExecutionListener.setUpRequestContextIfNecessary(ServletTestExecutionListener.java:191) ~[spring-test-6.1.6.jar:6.1.6]
	at org.springframework.test.context.web.ServletTestExecutionListener.prepareTestInstance(ServletTestExecutionListener.java:130) ~[spring-test-6.1.6.jar:6.1.6]
	at org.springframework.test.context.TestContextManager.prepareTestInstance(TestContextManager.java:260) ~[spring-test-6.1.6.jar:6.1.6]
	at org.springframework.test.context.junit.jupiter.SpringExtension.postProcessTestInstance(SpringExtension.java:163) ~[spring-test-6.1.6.jar:6.1.6]
	at org.junit.jupiter.engine.descriptor.ClassBasedTestDescriptor.lambda$invokeTestInstancePostProcessors$10(ClassBasedTestDescriptor.java:378) ~[junit-jupiter-engine-5.10.2.jar:5.10.2]
	at org.junit.jupiter.engine.descriptor.ClassBasedTestDescriptor.executeAndMaskThrowable(ClassBasedTestDescriptor.java:383) ~[junit-jupiter-engine-5.10.2.jar:5.10.2]
	at org.junit.jupiter.engine.descriptor.ClassBasedTestDescriptor.lambda$invokeTestInstancePostProcessors$11(ClassBasedTestDescriptor.java:378) ~[junit-jupiter-engine-5.10.2.jar:5.10.2]
	at java.base/java.util.stream.ReferencePipeline$3$1.accept(ReferencePipeline.java:197) ~[na:na]
	at java.base/java.util.stream.ReferencePipeline$2$1.accept(ReferencePipeline.java:179) ~[na:na]
	at java.base/java.util.ArrayList$ArrayListSpliterator.forEachRemaining(ArrayList.java:1625) ~[na:na]
	at java.base/java.util.stream.AbstractPipeline.copyInto(AbstractPipeline.java:509) ~[na:na]
	at java.base/java.util.stream.AbstractPipeline.wrapAndCopyInto(AbstractPipeline.java:499) ~[na:na]
	at java.base/java.util.stream.StreamSpliterators$WrappingSpliterator.forEachRemaining(StreamSpliterators.java:310) ~[na:na]
	at java.base/java.util.stream.Streams$ConcatSpliterator.forEachRemaining(Streams.java:735) ~[na:na]
	at java.base/java.util.stream.Streams$ConcatSpliterator.forEachRemaining(Streams.java:734) ~[na:na]
	at java.base/java.util.stream.ReferencePipeline$Head.forEach(ReferencePipeline.java:762) ~[na:na]
	at org.junit.jupiter.engine.descriptor.ClassBasedTestDescriptor.invokeTestInstancePostProcessors(ClassBasedTestDescriptor.java:377) ~[junit-jupiter-engine-5.10.2.jar:5.10.2]
	at org.junit.jupiter.engine.descriptor.ClassBasedTestDescriptor.lambda$instantiateAndPostProcessTestInstance$6(ClassBasedTestDescriptor.java:290) ~[junit-jupiter-engine-5.10.2.jar:5.10.2]
	at org.junit.platform.engine.support.hierarchical.ThrowableCollector.execute(ThrowableCollector.java:73) ~[junit-platform-engine-1.10.2.jar:1.10.2]
	at org.junit.jupiter.engine.descriptor.ClassBasedTestDescriptor.instantiateAndPostProcessTestInstance(ClassBasedTestDescriptor.java:289) ~[junit-jupiter-engine-5.10.2.jar:5.10.2]
	at org.junit.jupiter.engine.descriptor.ClassBasedTestDescriptor.lambda$testInstancesProvider$4(ClassBasedTestDescriptor.java:279) ~[junit-jupiter-engine-5.10.2.jar:5.10.2]
	at java.base/java.util.Optional.orElseGet(Optional.java:364) ~[na:na]
	at org.junit.jupiter.engine.descriptor.ClassBasedTestDescriptor.lambda$testInstancesProvider$5(ClassBasedTestDescriptor.java:278) ~[junit-jupiter-engine-5.10.2.jar:5.10.2]
	at org.junit.jupiter.engine.execution.TestInstancesProvider.getTestInstances(TestInstancesProvider.java:31) ~[junit-jupiter-engine-5.10.2.jar:5.10.2]
	at org.junit.jupiter.engine.descriptor.TestMethodTestDescriptor.lambda$prepare$0(TestMethodTestDescriptor.java:106) ~[junit-jupiter-engine-5.10.2.jar:5.10.2]
	at org.junit.platform.engine.support.hierarchical.ThrowableCollector.execute(ThrowableCollector.java:73) ~[junit-platform-engine-1.10.2.jar:1.10.2]
	at org.junit.jupiter.engine.descriptor.TestMethodTestDescriptor.prepare(TestMethodTestDescriptor.java:105) ~[junit-jupiter-engine-5.10.2.jar:5.10.2]
	at org.junit.jupiter.engine.descriptor.TestMethodTestDescriptor.prepare(TestMethodTestDescriptor.java:69) ~[junit-jupiter-engine-5.10.2.jar:5.10.2]
	at org.junit.platform.engine.support.hierarchical.NodeTestTask.lambda$prepare$2(NodeTestTask.java:123) ~[junit-platform-engine-1.10.2.jar:1.10.2]
	at org.junit.platform.engine.support.hierarchical.ThrowableCollector.execute(ThrowableCollector.java:73) ~[junit-platform-engine-1.10.2.jar:1.10.2]
	at org.junit.platform.engine.support.hierarchical.NodeTestTask.prepare(NodeTestTask.java:123) ~[junit-platform-engine-1.10.2.jar:1.10.2]
	at org.junit.platform.engine.support.hierarchical.NodeTestTask.execute(NodeTestTask.java:90) ~[junit-platform-engine-1.10.2.jar:1.10.2]
	at java.base/java.util.ArrayList.forEach(ArrayList.java:1511) ~[na:na]
	at org.junit.platform.engine.support.hierarchical.SameThreadHierarchicalTestExecutorService.invokeAll(SameThreadHierarchicalTestExecutorService.java:41) ~[junit-platform-engine-1.10.2.jar:1.10.2]
	at org.junit.platform.engine.support.hierarchical.NodeTestTask.lambda$executeRecursively$6(NodeTestTask.java:155) ~[junit-platform-engine-1.10.2.jar:1.10.2]
	at org.junit.platform.engine.support.hierarchical.ThrowableCollector.execute(ThrowableCollector.java:73) ~[junit-platform-engine-1.10.2.jar:1.10.2]
	at org.junit.platform.engine.support.hierarchical.NodeTestTask.lambda$executeRecursively$8(NodeTestTask.java:141) ~[junit-platform-engine-1.10.2.jar:1.10.2]
	at org.junit.platform.engine.support.hierarchical.Node.around(Node.java:137) ~[junit-platform-engine-1.10.2.jar:1.10.2]
	at org.junit.platform.engine.support.hierarchical.NodeTestTask.lambda$executeRecursively$9(NodeTestTask.java:139) ~[junit-platform-engine-1.10.2.jar:1.10.2]
	at org.junit.platform.engine.support.hierarchical.ThrowableCollector.execute(ThrowableCollector.java:73) ~[junit-platform-engine-1.10.2.jar:1.10.2]
	at org.junit.platform.engine.support.hierarchical.NodeTestTask.executeRecursively(NodeTestTask.java:138) ~[junit-platform-engine-1.10.2.jar:1.10.2]
	at org.junit.platform.engine.support.hierarchical.NodeTestTask.execute(NodeTestTask.java:95) ~[junit-platform-engine-1.10.2.jar:1.10.2]
	at java.base/java.util.ArrayList.forEach(ArrayList.java:1511) ~[na:na]
	at org.junit.platform.engine.support.hierarchical.SameThreadHierarchicalTestExecutorService.invokeAll(SameThreadHierarchicalTestExecutorService.java:41) ~[junit-platform-engine-1.10.2.jar:1.10.2]
	at org.junit.platform.engine.support.hierarchical.NodeTestTask.lambda$executeRecursively$6(NodeTestTask.java:155) ~[junit-platform-engine-1.10.2.jar:1.10.2]
	at org.junit.platform.engine.support.hierarchical.ThrowableCollector.execute(ThrowableCollector.java:73) ~[junit-platform-engine-1.10.2.jar:1.10.2]
	at org.junit.platform.engine.support.hierarchical.NodeTestTask.lambda$executeRecursively$8(NodeTestTask.java:141) ~[junit-platform-engine-1.10.2.jar:1.10.2]
	at org.junit.platform.engine.support.hierarchical.Node.around(Node.java:137) ~[junit-platform-engine-1.10.2.jar:1.10.2]
	at org.junit.platform.engine.support.hierarchical.NodeTestTask.lambda$executeRecursively$9(NodeTestTask.java:139) ~[junit-platform-engine-1.10.2.jar:1.10.2]
	at org.junit.platform.engine.support.hierarchical.ThrowableCollector.execute(ThrowableCollector.java:73) ~[junit-platform-engine-1.10.2.jar:1.10.2]
	at org.junit.platform.engine.support.hierarchical.NodeTestTask.executeRecursively(NodeTestTask.java:138) ~[junit-platform-engine-1.10.2.jar:1.10.2]
	at org.junit.platform.engine.support.hierarchical.NodeTestTask.execute(NodeTestTask.java:95) ~[junit-platform-engine-1.10.2.jar:1.10.2]
	at org.junit.platform.engine.support.hierarchical.SameThreadHierarchicalTestExecutorService.submit(SameThreadHierarchicalTestExecutorService.java:35) ~[junit-platform-engine-1.10.2.jar:1.10.2]
	at org.junit.platform.engine.support.hierarchical.HierarchicalTestExecutor.execute(HierarchicalTestExecutor.java:57) ~[junit-platform-engine-1.10.2.jar:1.10.2]
	at org.junit.platform.engine.support.hierarchical.HierarchicalTestEngine.execute(HierarchicalTestEngine.java:54) ~[junit-platform-engine-1.10.2.jar:1.10.2]
	at org.junit.platform.launcher.core.EngineExecutionOrchestrator.execute(EngineExecutionOrchestrator.java:198) ~[junit-platform-launcher-1.10.2.jar:1.10.2]
	at org.junit.platform.launcher.core.EngineExecutionOrchestrator.execute(EngineExecutionOrchestrator.java:169) ~[junit-platform-launcher-1.10.2.jar:1.10.2]
	at org.junit.platform.launcher.core.EngineExecutionOrchestrator.execute(EngineExecutionOrchestrator.java:93) ~[junit-platform-launcher-1.10.2.jar:1.10.2]
	at org.junit.platform.launcher.core.EngineExecutionOrchestrator.lambda$execute$0(EngineExecutionOrchestrator.java:58) ~[junit-platform-launcher-1.10.2.jar:1.10.2]
	at org.junit.platform.launcher.core.EngineExecutionOrchestrator.withInterceptedStreams(EngineExecutionOrchestrator.java:141) ~[junit-platform-launcher-1.10.2.jar:1.10.2]
	at org.junit.platform.launcher.core.EngineExecutionOrchestrator.execute(EngineExecutionOrchestrator.java:57) ~[junit-platform-launcher-1.10.2.jar:1.10.2]
	at org.junit.platform.launcher.core.DefaultLauncher.execute(DefaultLauncher.java:103) ~[junit-platform-launcher-1.10.2.jar:1.10.2]
	at org.junit.platform.launcher.core.DefaultLauncher.execute(DefaultLauncher.java:85) ~[junit-platform-launcher-1.10.2.jar:1.10.2]
	at org.junit.platform.launcher.core.DelegatingLauncher.execute(DelegatingLauncher.java:47) ~[junit-platform-launcher-1.10.2.jar:1.10.2]
	at org.gradle.api.internal.tasks.testing.junitplatform.JUnitPlatformTestClassProcessor$CollectAllTestClassesExecutor.processAllTestClasses(JUnitPlatformTestClassProcessor.java:119) ~[na:na]
	at org.gradle.api.internal.tasks.testing.junitplatform.JUnitPlatformTestClassProcessor$CollectAllTestClassesExecutor.access$000(JUnitPlatformTestClassProcessor.java:94) ~[na:na]
	at org.gradle.api.internal.tasks.testing.junitplatform.JUnitPlatformTestClassProcessor.stop(JUnitPlatformTestClassProcessor.java:89) ~[na:na]
	at org.gradle.api.internal.tasks.testing.SuiteTestClassProcessor.stop(SuiteTestClassProcessor.java:62) ~[na:na]
	at java.base/jdk.internal.reflect.NativeMethodAccessorImpl.invoke0(Native Method) ~[na:na]
	at java.base/jdk.internal.reflect.NativeMethodAccessorImpl.invoke(NativeMethodAccessorImpl.java:77) ~[na:na]
	at java.base/jdk.internal.reflect.DelegatingMethodAccessorImpl.invoke(DelegatingMethodAccessorImpl.java:43) ~[na:na]
	at java.base/java.lang.reflect.Method.invoke(Method.java:568) ~[na:na]
	at org.gradle.internal.dispatch.ReflectionDispatch.dispatch(ReflectionDispatch.java:36) ~[na:na]
	at org.gradle.internal.dispatch.ReflectionDispatch.dispatch(ReflectionDispatch.java:24) ~[na:na]
	at org.gradle.internal.dispatch.ContextClassLoaderDispatch.dispatch(ContextClassLoaderDispatch.java:33) ~[na:na]
	at org.gradle.internal.dispatch.ProxyDispatchAdapter$DispatchingInvocationHandler.invoke(ProxyDispatchAdapter.java:94) ~[na:na]
	at jdk.proxy1/jdk.proxy1.$Proxy2.stop(Unknown Source) ~[na:na]
	at org.gradle.api.internal.tasks.testing.worker.TestWorker$3.run(TestWorker.java:193) ~[na:na]
	at org.gradle.api.internal.tasks.testing.worker.TestWorker.executeAndMaintainThreadName(TestWorker.java:129) ~[na:na]
	at org.gradle.api.internal.tasks.testing.worker.TestWorker.execute(TestWorker.java:100) ~[na:na]
	at org.gradle.api.internal.tasks.testing.worker.TestWorker.execute(TestWorker.java:60) ~[na:na]
	at org.gradle.process.internal.worker.child.ActionExecutionWorker.execute(ActionExecutionWorker.java:56) ~[na:na]
	at org.gradle.process.internal.worker.child.SystemApplicationClassLoaderWorker.call(SystemApplicationClassLoaderWorker.java:119) ~[na:na]
	at org.gradle.process.internal.worker.child.SystemApplicationClassLoaderWorker.call(SystemApplicationClassLoaderWorker.java:66) ~[na:na]
	at worker.org.gradle.process.internal.worker.GradleWorkerMain.run(GradleWorkerMain.java:69) ~[gradle-worker.jar:na]
	at worker.org.gradle.process.internal.worker.GradleWorkerMain.main(GradleWorkerMain.java:74) ~[gradle-worker.jar:na]

2024-11-18T12:45:50.954-04:00 DEBUG 24640 --- [examen2] [    Test worker] o.s.d.jpa.repository.query.NamedQuery    : Did not find named query Paciente.findByCarnet
2024-11-18T12:45:50.956-04:00 DEBUG 24640 --- [examen2] [    Test worker] tor$SharedEntityManagerInvocationHandler : Creating new EntityManager for shared EntityManager invocation
2024-11-18T12:45:50.958-04:00 DEBUG 24640 --- [examen2] [    Test worker] o.s.d.r.c.s.RepositoryFactorySupport     : Finished creation of repository instance for com.example.examen2.paciente.repository.PacienteRepository.
2024-11-18T12:45:50.960-04:00 DEBUG 24640 --- [examen2] [    Test worker] o.s.b.f.s.DefaultListableBeanFactory     : Creating shared instance of singleton bean 'medicoRepository'
2024-11-18T12:45:50.960-04:00 DEBUG 24640 --- [examen2] [    Test worker] o.s.b.f.s.DefaultListableBeanFactory     : Creating shared instance of singleton bean 'jpa.named-queries#2'
2024-11-18T12:45:50.961-04:00 DEBUG 24640 --- [examen2] [    Test worker] o.s.b.f.s.DefaultListableBeanFactory     : Creating shared instance of singleton bean 'jpa.MedicoRepository.fragments#0'
2024-11-18T12:45:50.961-04:00 DEBUG 24640 --- [examen2] [    Test worker] tor$SharedEntityManagerInvocationHandler : Creating new EntityManager for shared EntityManager invocation
2024-11-18T12:45:50.963-04:00 DEBUG 24640 --- [examen2] [    Test worker] o.s.d.r.c.s.RepositoryFactorySupport     : Initializing repository instance for com.example.examen2.medicos.repository.MedicoRepository…
2024-11-18T12:45:50.963-04:00 DEBUG 24640 --- [examen2] [    Test worker] tor$SharedEntityManagerInvocationHandler : Creating new EntityManager for shared EntityManager invocation
2024-11-18T12:45:50.966-04:00 DEBUG 24640 --- [examen2] [    Test worker] o.s.d.r.c.s.RepositoryFactorySupport     : Finished creation of repository instance for com.example.examen2.medicos.repository.MedicoRepository.
2024-11-18T12:45:50.967-04:00 DEBUG 24640 --- [examen2] [    Test worker] o.s.b.f.s.DefaultListableBeanFactory     : Creating shared instance of singleton bean 'cloudinaryService'
2024-11-18T12:45:50.967-04:00 DEBUG 24640 --- [examen2] [    Test worker] o.s.b.f.s.DefaultListableBeanFactory     : Creating shared instance of singleton bean 'cloudinary'
2024-11-18T12:45:50.967-04:00 DEBUG 24640 --- [examen2] [    Test worker] o.s.b.f.s.DefaultListableBeanFactory     : Creating shared instance of singleton bean 'cloudinaryConfig'
2024-11-18T12:45:50.968-04:00 DEBUG 24640 --- [examen2] [    Test worker] ySourcesPropertyResolver$DefaultResolver : Found key 'cloudinary.cloud_name' in PropertySource 'Config resource 'class path resource [application.properties]' via location 'optional:classpath:/'' with value of type String
2024-11-18T12:45:50.968-04:00 DEBUG 24640 --- [examen2] [    Test worker] o.s.c.e.PropertySourcesPropertyResolver  : Found key 'cloudinary.cloud_name' in PropertySource 'environmentProperties' with value of type String
2024-11-18T12:45:50.968-04:00 DEBUG 24640 --- [examen2] [    Test worker] ySourcesPropertyResolver$DefaultResolver : Found key 'cloudinary.api_key' in PropertySource 'Config resource 'class path resource [application.properties]' via location 'optional:classpath:/'' with value of type String
2024-11-18T12:45:50.968-04:00 DEBUG 24640 --- [examen2] [    Test worker] o.s.c.e.PropertySourcesPropertyResolver  : Found key 'cloudinary.api_key' in PropertySource 'environmentProperties' with value of type String
2024-11-18T12:45:50.969-04:00 DEBUG 24640 --- [examen2] [    Test worker] ySourcesPropertyResolver$DefaultResolver : Found key 'cloudinary.api_secret' in PropertySource 'Config resource 'class path resource [application.properties]' via location 'optional:classpath:/'' with value of type String
2024-11-18T12:45:50.969-04:00 DEBUG 24640 --- [examen2] [    Test worker] o.s.c.e.PropertySourcesPropertyResolver  : Found key 'cloudinary.api_secret' in PropertySource 'environmentProperties' with value of type String
2024-11-18T12:45:50.982-04:00 DEBUG 24640 --- [examen2] [    Test worker] o.s.b.f.s.DefaultListableBeanFactory     : Autowiring by type from bean name 'cloudinaryService' via constructor to bean named 'cloudinary'
2024-11-18T12:45:50.983-04:00 DEBUG 24640 --- [examen2] [    Test worker] o.s.b.f.s.DefaultListableBeanFactory     : Creating shared instance of singleton bean 'historialClinicoService'
2024-11-18T12:45:50.984-04:00 DEBUG 24640 --- [examen2] [    Test worker] o.s.b.f.s.DefaultListableBeanFactory     : Creating shared instance of singleton bean 'historialClinicoRepository'
2024-11-18T12:45:50.985-04:00 DEBUG 24640 --- [examen2] [    Test worker] o.s.b.f.s.DefaultListableBeanFactory     : Creating shared instance of singleton bean 'jpa.named-queries#3'
2024-11-18T12:45:50.986-04:00 DEBUG 24640 --- [examen2] [    Test worker] o.s.b.f.s.DefaultListableBeanFactory     : Creating shared instance of singleton bean 'jpa.HistorialClinicoRepository.fragments#0'
2024-11-18T12:45:50.986-04:00 DEBUG 24640 --- [examen2] [    Test worker] tor$SharedEntityManagerInvocationHandler : Creating new EntityManager for shared EntityManager invocation
2024-11-18T12:45:50.988-04:00 DEBUG 24640 --- [examen2] [    Test worker] o.s.d.r.c.s.RepositoryFactorySupport     : Initializing repository instance for com.example.examen2.historialclinico.repository.HistorialClinicoRepository…
2024-11-18T12:45:50.989-04:00 DEBUG 24640 --- [examen2] [    Test worker] tor$SharedEntityManagerInvocationHandler : Creating new EntityManager for shared EntityManager invocation
2024-11-18T12:45:50.992-04:00 DEBUG 24640 --- [examen2] [    Test worker] o.s.d.jpa.repository.query.NamedQuery    : Looking up named query HistorialClinico.findByPacienteId
2024-11-18T12:45:50.992-04:00 DEBUG 24640 --- [examen2] [    Test worker] cResourceLocalTransactionCoordinatorImpl : JDBC transaction marked for rollback-only (exception provided for stack trace)

java.lang.Exception: exception just for purpose of providing stack trace
	at org.hibernate.resource.transaction.backend.jdbc.internal.JdbcResourceLocalTransactionCoordinatorImpl$TransactionDriverControlImpl.markRollbackOnly(JdbcResourceLocalTransactionCoordinatorImpl.java:310) ~[hibernate-core-6.4.4.Final.jar:6.4.4.Final]
	at org.hibernate.internal.AbstractSharedSessionContract.buildNamedQuery(AbstractSharedSessionContract.java:1097) ~[hibernate-core-6.4.4.Final.jar:6.4.4.Final]
	at org.hibernate.internal.AbstractSharedSessionContract.createNamedQuery(AbstractSharedSessionContract.java:975) ~[hibernate-core-6.4.4.Final.jar:6.4.4.Final]
	at org.hibernate.internal.AbstractSharedSessionContract.createNamedQuery(AbstractSharedSessionContract.java:136) ~[hibernate-core-6.4.4.Final.jar:6.4.4.Final]
	at java.base/jdk.internal.reflect.NativeMethodAccessorImpl.invoke0(Native Method) ~[na:na]
	at java.base/jdk.internal.reflect.NativeMethodAccessorImpl.invoke(NativeMethodAccessorImpl.java:77) ~[na:na]
	at java.base/jdk.internal.reflect.DelegatingMethodAccessorImpl.invoke(DelegatingMethodAccessorImpl.java:43) ~[na:na]
	at java.base/java.lang.reflect.Method.invoke(Method.java:568) ~[na:na]
	at org.springframework.orm.jpa.ExtendedEntityManagerCreator$ExtendedEntityManagerInvocationHandler.invoke(ExtendedEntityManagerCreator.java:364) ~[spring-orm-6.1.6.jar:6.1.6]
	at jdk.proxy3/jdk.proxy3.$Proxy137.createNamedQuery(Unknown Source) ~[na:na]
	at org.springframework.data.jpa.repository.query.NamedQuery.hasNamedQuery(NamedQuery.java:113) ~[spring-data-jpa-3.2.5.jar:3.2.5]
	at org.springframework.data.jpa.repository.query.NamedQuery.lookupFrom(NamedQuery.java:141) ~[spring-data-jpa-3.2.5.jar:3.2.5]
	at org.springframework.data.jpa.repository.query.JpaQueryLookupStrategy$DeclaredQueryLookupStrategy.resolveQuery(JpaQueryLookupStrategy.java:180) ~[spring-data-jpa-3.2.5.jar:3.2.5]
	at org.springframework.data.jpa.repository.query.JpaQueryLookupStrategy$CreateIfNotFoundQueryLookupStrategy.resolveQuery(JpaQueryLookupStrategy.java:252) ~[spring-data-jpa-3.2.5.jar:3.2.5]
	at org.springframework.data.jpa.repository.query.JpaQueryLookupStrategy$AbstractQueryLookupStrategy.resolveQuery(JpaQueryLookupStrategy.java:95) ~[spring-data-jpa-3.2.5.jar:3.2.5]
	at org.springframework.data.repository.core.support.QueryExecutorMethodInterceptor.lookupQuery(QueryExecutorMethodInterceptor.java:111) ~[spring-data-commons-3.2.5.jar:3.2.5]
	at org.springframework.data.repository.core.support.QueryExecutorMethodInterceptor.mapMethodsToQuery(QueryExecutorMethodInterceptor.java:99) ~[spring-data-commons-3.2.5.jar:3.2.5]
	at org.springframework.data.repository.core.support.QueryExecutorMethodInterceptor.lambda$new$0(QueryExecutorMethodInterceptor.java:88) ~[spring-data-commons-3.2.5.jar:3.2.5]
	at java.base/java.util.Optional.map(Optional.java:260) ~[na:na]
	at org.springframework.data.repository.core.support.QueryExecutorMethodInterceptor.<init>(QueryExecutorMethodInterceptor.java:88) ~[spring-data-commons-3.2.5.jar:3.2.5]
	at org.springframework.data.repository.core.support.RepositoryFactorySupport.getRepository(RepositoryFactorySupport.java:357) ~[spring-data-commons-3.2.5.jar:3.2.5]
	at org.springframework.data.repository.core.support.RepositoryFactoryBeanSupport.lambda$afterPropertiesSet$5(RepositoryFactoryBeanSupport.java:279) ~[spring-data-commons-3.2.5.jar:3.2.5]
	at org.springframework.data.util.Lazy.getNullable(Lazy.java:135) ~[spring-data-commons-3.2.5.jar:3.2.5]
	at org.springframework.data.util.Lazy.get(Lazy.java:113) ~[spring-data-commons-3.2.5.jar:3.2.5]
	at org.springframework.data.repository.core.support.RepositoryFactoryBeanSupport.afterPropertiesSet(RepositoryFactoryBeanSupport.java:285) ~[spring-data-commons-3.2.5.jar:3.2.5]
	at org.springframework.data.jpa.repository.support.JpaRepositoryFactoryBean.afterPropertiesSet(JpaRepositoryFactoryBean.java:132) ~[spring-data-jpa-3.2.5.jar:3.2.5]
	at org.springframework.beans.factory.support.AbstractAutowireCapableBeanFactory.invokeInitMethods(AbstractAutowireCapableBeanFactory.java:1833) ~[spring-beans-6.1.6.jar:6.1.6]
	at org.springframework.beans.factory.support.AbstractAutowireCapableBeanFactory.initializeBean(AbstractAutowireCapableBeanFactory.java:1782) ~[spring-beans-6.1.6.jar:6.1.6]
	at org.springframework.beans.factory.support.AbstractAutowireCapableBeanFactory.doCreateBean(AbstractAutowireCapableBeanFactory.java:600) ~[spring-beans-6.1.6.jar:6.1.6]
	at org.springframework.beans.factory.support.AbstractAutowireCapableBeanFactory.createBean(AbstractAutowireCapableBeanFactory.java:522) ~[spring-beans-6.1.6.jar:6.1.6]
	at org.springframework.beans.factory.support.AbstractBeanFactory.lambda$doGetBean$0(AbstractBeanFactory.java:326) ~[spring-beans-6.1.6.jar:6.1.6]
	at org.springframework.beans.factory.support.DefaultSingletonBeanRegistry.getSingleton(DefaultSingletonBeanRegistry.java:234) ~[spring-beans-6.1.6.jar:6.1.6]
	at org.springframework.beans.factory.support.AbstractBeanFactory.doGetBean(AbstractBeanFactory.java:324) ~[spring-beans-6.1.6.jar:6.1.6]
	at org.springframework.beans.factory.support.AbstractBeanFactory.getBean(AbstractBeanFactory.java:200) ~[spring-beans-6.1.6.jar:6.1.6]
	at org.springframework.beans.factory.config.DependencyDescriptor.resolveCandidate(DependencyDescriptor.java:254) ~[spring-beans-6.1.6.jar:6.1.6]
	at org.springframework.beans.factory.support.DefaultListableBeanFactory.doResolveDependency(DefaultListableBeanFactory.java:1443) ~[spring-beans-6.1.6.jar:6.1.6]
	at org.springframework.beans.factory.support.DefaultListableBeanFactory.resolveDependency(DefaultListableBeanFactory.java:1353) ~[spring-beans-6.1.6.jar:6.1.6]
	at org.springframework.beans.factory.annotation.AutowiredAnnotationBeanPostProcessor$AutowiredFieldElement.resolveFieldValue(AutowiredAnnotationBeanPostProcessor.java:784) ~[spring-beans-6.1.6.jar:6.1.6]
	at org.springframework.beans.factory.annotation.AutowiredAnnotationBeanPostProcessor$AutowiredFieldElement.inject(AutowiredAnnotationBeanPostProcessor.java:767) ~[spring-beans-6.1.6.jar:6.1.6]
	at org.springframework.beans.factory.annotation.InjectionMetadata.inject(InjectionMetadata.java:145) ~[spring-beans-6.1.6.jar:6.1.6]
	at org.springframework.beans.factory.annotation.AutowiredAnnotationBeanPostProcessor.postProcessProperties(AutowiredAnnotationBeanPostProcessor.java:508) ~[spring-beans-6.1.6.jar:6.1.6]
	at org.springframework.beans.factory.support.AbstractAutowireCapableBeanFactory.populateBean(AbstractAutowireCapableBeanFactory.java:1419) ~[spring-beans-6.1.6.jar:6.1.6]
	at org.springframework.beans.factory.support.AbstractAutowireCapableBeanFactory.doCreateBean(AbstractAutowireCapableBeanFactory.java:599) ~[spring-beans-6.1.6.jar:6.1.6]
	at org.springframework.beans.factory.support.AbstractAutowireCapableBeanFactory.createBean(AbstractAutowireCapableBeanFactory.java:522) ~[spring-beans-6.1.6.jar:6.1.6]
	at org.springframework.beans.factory.support.AbstractBeanFactory.lambda$doGetBean$0(AbstractBeanFactory.java:326) ~[spring-beans-6.1.6.jar:6.1.6]
	at org.springframework.beans.factory.support.DefaultSingletonBeanRegistry.getSingleton(DefaultSingletonBeanRegistry.java:234) ~[spring-beans-6.1.6.jar:6.1.6]
	at org.springframework.beans.factory.support.AbstractBeanFactory.doGetBean(AbstractBeanFactory.java:324) ~[spring-beans-6.1.6.jar:6.1.6]
	at org.springframework.beans.factory.support.AbstractBeanFactory.getBean(AbstractBeanFactory.java:200) ~[spring-beans-6.1.6.jar:6.1.6]
	at org.springframework.beans.factory.config.DependencyDescriptor.resolveCandidate(DependencyDescriptor.java:254) ~[spring-beans-6.1.6.jar:6.1.6]
	at org.springframework.beans.factory.support.DefaultListableBeanFactory.doResolveDependency(DefaultListableBeanFactory.java:1443) ~[spring-beans-6.1.6.jar:6.1.6]
	at org.springframework.beans.factory.support.DefaultListableBeanFactory.resolveDependency(DefaultListableBeanFactory.java:1353) ~[spring-beans-6.1.6.jar:6.1.6]
	at org.springframework.beans.factory.annotation.AutowiredAnnotationBeanPostProcessor$AutowiredFieldElement.resolveFieldValue(AutowiredAnnotationBeanPostProcessor.java:784) ~[spring-beans-6.1.6.jar:6.1.6]
	at org.springframework.beans.factory.annotation.AutowiredAnnotationBeanPostProcessor$AutowiredFieldElement.inject(AutowiredAnnotationBeanPostProcessor.java:767) ~[spring-beans-6.1.6.jar:6.1.6]
	at org.springframework.beans.factory.annotation.InjectionMetadata.inject(InjectionMetadata.java:145) ~[spring-beans-6.1.6.jar:6.1.6]
	at org.springframework.beans.factory.annotation.AutowiredAnnotationBeanPostProcessor.postProcessProperties(AutowiredAnnotationBeanPostProcessor.java:508) ~[spring-beans-6.1.6.jar:6.1.6]
	at org.springframework.beans.factory.support.AbstractAutowireCapableBeanFactory.populateBean(AbstractAutowireCapableBeanFactory.java:1419) ~[spring-beans-6.1.6.jar:6.1.6]
	at org.springframework.beans.factory.support.AbstractAutowireCapableBeanFactory.doCreateBean(AbstractAutowireCapableBeanFactory.java:599) ~[spring-beans-6.1.6.jar:6.1.6]
	at org.springframework.beans.factory.support.AbstractAutowireCapableBeanFactory.createBean(AbstractAutowireCapableBeanFactory.java:522) ~[spring-beans-6.1.6.jar:6.1.6]
	at org.springframework.beans.factory.support.AbstractBeanFactory.lambda$doGetBean$0(AbstractBeanFactory.java:326) ~[spring-beans-6.1.6.jar:6.1.6]
	at org.springframework.beans.factory.support.DefaultSingletonBeanRegistry.getSingleton(DefaultSingletonBeanRegistry.java:234) ~[spring-beans-6.1.6.jar:6.1.6]
	at org.springframework.beans.factory.support.AbstractBeanFactory.doGetBean(AbstractBeanFactory.java:324) ~[spring-beans-6.1.6.jar:6.1.6]
	at org.springframework.beans.factory.support.AbstractBeanFactory.getBean(AbstractBeanFactory.java:200) ~[spring-beans-6.1.6.jar:6.1.6]
	at org.springframework.beans.factory.config.DependencyDescriptor.resolveCandidate(DependencyDescriptor.java:254) ~[spring-beans-6.1.6.jar:6.1.6]
	at org.springframework.beans.factory.support.DefaultListableBeanFactory.doResolveDependency(DefaultListableBeanFactory.java:1443) ~[spring-beans-6.1.6.jar:6.1.6]
	at org.springframework.beans.factory.support.DefaultListableBeanFactory.resolveDependency(DefaultListableBeanFactory.java:1353) ~[spring-beans-6.1.6.jar:6.1.6]
	at org.springframework.beans.factory.annotation.AutowiredAnnotationBeanPostProcessor$AutowiredFieldElement.resolveFieldValue(AutowiredAnnotationBeanPostProcessor.java:784) ~[spring-beans-6.1.6.jar:6.1.6]
	at org.springframework.beans.factory.annotation.AutowiredAnnotationBeanPostProcessor$AutowiredFieldElement.inject(AutowiredAnnotationBeanPostProcessor.java:767) ~[spring-beans-6.1.6.jar:6.1.6]
	at org.springframework.beans.factory.annotation.InjectionMetadata.inject(InjectionMetadata.java:145) ~[spring-beans-6.1.6.jar:6.1.6]
	at org.springframework.beans.factory.annotation.AutowiredAnnotationBeanPostProcessor.postProcessProperties(AutowiredAnnotationBeanPostProcessor.java:508) ~[spring-beans-6.1.6.jar:6.1.6]
	at org.springframework.beans.factory.support.AbstractAutowireCapableBeanFactory.populateBean(AbstractAutowireCapableBeanFactory.java:1419) ~[spring-beans-6.1.6.jar:6.1.6]
	at org.springframework.beans.factory.support.AbstractAutowireCapableBeanFactory.doCreateBean(AbstractAutowireCapableBeanFactory.java:599) ~[spring-beans-6.1.6.jar:6.1.6]
	at org.springframework.beans.factory.support.AbstractAutowireCapableBeanFactory.createBean(AbstractAutowireCapableBeanFactory.java:522) ~[spring-beans-6.1.6.jar:6.1.6]
	at org.springframework.beans.factory.support.AbstractBeanFactory.lambda$doGetBean$0(AbstractBeanFactory.java:326) ~[spring-beans-6.1.6.jar:6.1.6]
	at org.springframework.beans.factory.support.DefaultSingletonBeanRegistry.getSingleton(DefaultSingletonBeanRegistry.java:234) ~[spring-beans-6.1.6.jar:6.1.6]
	at org.springframework.beans.factory.support.AbstractBeanFactory.doGetBean(AbstractBeanFactory.java:324) ~[spring-beans-6.1.6.jar:6.1.6]
	at org.springframework.beans.factory.support.AbstractBeanFactory.getBean(AbstractBeanFactory.java:200) ~[spring-beans-6.1.6.jar:6.1.6]
	at org.springframework.beans.factory.support.DefaultListableBeanFactory.preInstantiateSingletons(DefaultListableBeanFactory.java:975) ~[spring-beans-6.1.6.jar:6.1.6]
	at org.springframework.context.support.AbstractApplicationContext.finishBeanFactoryInitialization(AbstractApplicationContext.java:962) ~[spring-context-6.1.6.jar:6.1.6]
	at org.springframework.context.support.AbstractApplicationContext.refresh(AbstractApplicationContext.java:624) ~[spring-context-6.1.6.jar:6.1.6]
	at org.springframework.boot.SpringApplication.refresh(SpringApplication.java:754) ~[spring-boot-3.2.5.jar:3.2.5]
	at org.springframework.boot.SpringApplication.refreshContext(SpringApplication.java:456) ~[spring-boot-3.2.5.jar:3.2.5]
	at org.springframework.boot.SpringApplication.run(SpringApplication.java:334) ~[spring-boot-3.2.5.jar:3.2.5]
	at org.springframework.boot.test.context.SpringBootContextLoader.lambda$loadContext$3(SpringBootContextLoader.java:137) ~[spring-boot-test-3.2.5.jar:3.2.5]
	at org.springframework.util.function.ThrowingSupplier.get(ThrowingSupplier.java:58) ~[spring-core-6.1.6.jar:6.1.6]
	at org.springframework.util.function.ThrowingSupplier.get(ThrowingSupplier.java:46) ~[spring-core-6.1.6.jar:6.1.6]
	at org.springframework.boot.SpringApplication.withHook(SpringApplication.java:1454) ~[spring-boot-3.2.5.jar:3.2.5]
	at org.springframework.boot.test.context.SpringBootContextLoader$ContextLoaderHook.run(SpringBootContextLoader.java:553) ~[spring-boot-test-3.2.5.jar:3.2.5]
	at org.springframework.boot.test.context.SpringBootContextLoader.loadContext(SpringBootContextLoader.java:137) ~[spring-boot-test-3.2.5.jar:3.2.5]
	at org.springframework.boot.test.context.SpringBootContextLoader.loadContext(SpringBootContextLoader.java:108) ~[spring-boot-test-3.2.5.jar:3.2.5]
	at org.springframework.test.context.cache.DefaultCacheAwareContextLoaderDelegate.loadContextInternal(DefaultCacheAwareContextLoaderDelegate.java:225) ~[spring-test-6.1.6.jar:6.1.6]
	at org.springframework.test.context.cache.DefaultCacheAwareContextLoaderDelegate.loadContext(DefaultCacheAwareContextLoaderDelegate.java:152) ~[spring-test-6.1.6.jar:6.1.6]
	at org.springframework.test.context.support.DefaultTestContext.getApplicationContext(DefaultTestContext.java:130) ~[spring-test-6.1.6.jar:6.1.6]
	at org.springframework.test.context.web.ServletTestExecutionListener.setUpRequestContextIfNecessary(ServletTestExecutionListener.java:191) ~[spring-test-6.1.6.jar:6.1.6]
	at org.springframework.test.context.web.ServletTestExecutionListener.prepareTestInstance(ServletTestExecutionListener.java:130) ~[spring-test-6.1.6.jar:6.1.6]
	at org.springframework.test.context.TestContextManager.prepareTestInstance(TestContextManager.java:260) ~[spring-test-6.1.6.jar:6.1.6]
	at org.springframework.test.context.junit.jupiter.SpringExtension.postProcessTestInstance(SpringExtension.java:163) ~[spring-test-6.1.6.jar:6.1.6]
	at org.junit.jupiter.engine.descriptor.ClassBasedTestDescriptor.lambda$invokeTestInstancePostProcessors$10(ClassBasedTestDescriptor.java:378) ~[junit-jupiter-engine-5.10.2.jar:5.10.2]
	at org.junit.jupiter.engine.descriptor.ClassBasedTestDescriptor.executeAndMaskThrowable(ClassBasedTestDescriptor.java:383) ~[junit-jupiter-engine-5.10.2.jar:5.10.2]
	at org.junit.jupiter.engine.descriptor.ClassBasedTestDescriptor.lambda$invokeTestInstancePostProcessors$11(ClassBasedTestDescriptor.java:378) ~[junit-jupiter-engine-5.10.2.jar:5.10.2]
	at java.base/java.util.stream.ReferencePipeline$3$1.accept(ReferencePipeline.java:197) ~[na:na]
	at java.base/java.util.stream.ReferencePipeline$2$1.accept(ReferencePipeline.java:179) ~[na:na]
	at java.base/java.util.ArrayList$ArrayListSpliterator.forEachRemaining(ArrayList.java:1625) ~[na:na]
	at java.base/java.util.stream.AbstractPipeline.copyInto(AbstractPipeline.java:509) ~[na:na]
	at java.base/java.util.stream.AbstractPipeline.wrapAndCopyInto(AbstractPipeline.java:499) ~[na:na]
	at java.base/java.util.stream.StreamSpliterators$WrappingSpliterator.forEachRemaining(StreamSpliterators.java:310) ~[na:na]
	at java.base/java.util.stream.Streams$ConcatSpliterator.forEachRemaining(Streams.java:735) ~[na:na]
	at java.base/java.util.stream.Streams$ConcatSpliterator.forEachRemaining(Streams.java:734) ~[na:na]
	at java.base/java.util.stream.ReferencePipeline$Head.forEach(ReferencePipeline.java:762) ~[na:na]
	at org.junit.jupiter.engine.descriptor.ClassBasedTestDescriptor.invokeTestInstancePostProcessors(ClassBasedTestDescriptor.java:377) ~[junit-jupiter-engine-5.10.2.jar:5.10.2]
	at org.junit.jupiter.engine.descriptor.ClassBasedTestDescriptor.lambda$instantiateAndPostProcessTestInstance$6(ClassBasedTestDescriptor.java:290) ~[junit-jupiter-engine-5.10.2.jar:5.10.2]
	at org.junit.platform.engine.support.hierarchical.ThrowableCollector.execute(ThrowableCollector.java:73) ~[junit-platform-engine-1.10.2.jar:1.10.2]
	at org.junit.jupiter.engine.descriptor.ClassBasedTestDescriptor.instantiateAndPostProcessTestInstance(ClassBasedTestDescriptor.java:289) ~[junit-jupiter-engine-5.10.2.jar:5.10.2]
	at org.junit.jupiter.engine.descriptor.ClassBasedTestDescriptor.lambda$testInstancesProvider$4(ClassBasedTestDescriptor.java:279) ~[junit-jupiter-engine-5.10.2.jar:5.10.2]
	at java.base/java.util.Optional.orElseGet(Optional.java:364) ~[na:na]
	at org.junit.jupiter.engine.descriptor.ClassBasedTestDescriptor.lambda$testInstancesProvider$5(ClassBasedTestDescriptor.java:278) ~[junit-jupiter-engine-5.10.2.jar:5.10.2]
	at org.junit.jupiter.engine.execution.TestInstancesProvider.getTestInstances(TestInstancesProvider.java:31) ~[junit-jupiter-engine-5.10.2.jar:5.10.2]
	at org.junit.jupiter.engine.descriptor.TestMethodTestDescriptor.lambda$prepare$0(TestMethodTestDescriptor.java:106) ~[junit-jupiter-engine-5.10.2.jar:5.10.2]
	at org.junit.platform.engine.support.hierarchical.ThrowableCollector.execute(ThrowableCollector.java:73) ~[junit-platform-engine-1.10.2.jar:1.10.2]
	at org.junit.jupiter.engine.descriptor.TestMethodTestDescriptor.prepare(TestMethodTestDescriptor.java:105) ~[junit-jupiter-engine-5.10.2.jar:5.10.2]
	at org.junit.jupiter.engine.descriptor.TestMethodTestDescriptor.prepare(TestMethodTestDescriptor.java:69) ~[junit-jupiter-engine-5.10.2.jar:5.10.2]
	at org.junit.platform.engine.support.hierarchical.NodeTestTask.lambda$prepare$2(NodeTestTask.java:123) ~[junit-platform-engine-1.10.2.jar:1.10.2]
	at org.junit.platform.engine.support.hierarchical.ThrowableCollector.execute(ThrowableCollector.java:73) ~[junit-platform-engine-1.10.2.jar:1.10.2]
	at org.junit.platform.engine.support.hierarchical.NodeTestTask.prepare(NodeTestTask.java:123) ~[junit-platform-engine-1.10.2.jar:1.10.2]
	at org.junit.platform.engine.support.hierarchical.NodeTestTask.execute(NodeTestTask.java:90) ~[junit-platform-engine-1.10.2.jar:1.10.2]
	at java.base/java.util.ArrayList.forEach(ArrayList.java:1511) ~[na:na]
	at org.junit.platform.engine.support.hierarchical.SameThreadHierarchicalTestExecutorService.invokeAll(SameThreadHierarchicalTestExecutorService.java:41) ~[junit-platform-engine-1.10.2.jar:1.10.2]
	at org.junit.platform.engine.support.hierarchical.NodeTestTask.lambda$executeRecursively$6(NodeTestTask.java:155) ~[junit-platform-engine-1.10.2.jar:1.10.2]
	at org.junit.platform.engine.support.hierarchical.ThrowableCollector.execute(ThrowableCollector.java:73) ~[junit-platform-engine-1.10.2.jar:1.10.2]
	at org.junit.platform.engine.support.hierarchical.NodeTestTask.lambda$executeRecursively$8(NodeTestTask.java:141) ~[junit-platform-engine-1.10.2.jar:1.10.2]
	at org.junit.platform.engine.support.hierarchical.Node.around(Node.java:137) ~[junit-platform-engine-1.10.2.jar:1.10.2]
	at org.junit.platform.engine.support.hierarchical.NodeTestTask.lambda$executeRecursively$9(NodeTestTask.java:139) ~[junit-platform-engine-1.10.2.jar:1.10.2]
	at org.junit.platform.engine.support.hierarchical.ThrowableCollector.execute(ThrowableCollector.java:73) ~[junit-platform-engine-1.10.2.jar:1.10.2]
	at org.junit.platform.engine.support.hierarchical.NodeTestTask.executeRecursively(NodeTestTask.java:138) ~[junit-platform-engine-1.10.2.jar:1.10.2]
	at org.junit.platform.engine.support.hierarchical.NodeTestTask.execute(NodeTestTask.java:95) ~[junit-platform-engine-1.10.2.jar:1.10.2]
	at java.base/java.util.ArrayList.forEach(ArrayList.java:1511) ~[na:na]
	at org.junit.platform.engine.support.hierarchical.SameThreadHierarchicalTestExecutorService.invokeAll(SameThreadHierarchicalTestExecutorService.java:41) ~[junit-platform-engine-1.10.2.jar:1.10.2]
	at org.junit.platform.engine.support.hierarchical.NodeTestTask.lambda$executeRecursively$6(NodeTestTask.java:155) ~[junit-platform-engine-1.10.2.jar:1.10.2]
	at org.junit.platform.engine.support.hierarchical.ThrowableCollector.execute(ThrowableCollector.java:73) ~[junit-platform-engine-1.10.2.jar:1.10.2]
	at org.junit.platform.engine.support.hierarchical.NodeTestTask.lambda$executeRecursively$8(NodeTestTask.java:141) ~[junit-platform-engine-1.10.2.jar:1.10.2]
	at org.junit.platform.engine.support.hierarchical.Node.around(Node.java:137) ~[junit-platform-engine-1.10.2.jar:1.10.2]
	at org.junit.platform.engine.support.hierarchical.NodeTestTask.lambda$executeRecursively$9(NodeTestTask.java:139) ~[junit-platform-engine-1.10.2.jar:1.10.2]
	at org.junit.platform.engine.support.hierarchical.ThrowableCollector.execute(ThrowableCollector.java:73) ~[junit-platform-engine-1.10.2.jar:1.10.2]
	at org.junit.platform.engine.support.hierarchical.NodeTestTask.executeRecursively(NodeTestTask.java:138) ~[junit-platform-engine-1.10.2.jar:1.10.2]
	at org.junit.platform.engine.support.hierarchical.NodeTestTask.execute(NodeTestTask.java:95) ~[junit-platform-engine-1.10.2.jar:1.10.2]
	at org.junit.platform.engine.support.hierarchical.SameThreadHierarchicalTestExecutorService.submit(SameThreadHierarchicalTestExecutorService.java:35) ~[junit-platform-engine-1.10.2.jar:1.10.2]
	at org.junit.platform.engine.support.hierarchical.HierarchicalTestExecutor.execute(HierarchicalTestExecutor.java:57) ~[junit-platform-engine-1.10.2.jar:1.10.2]
	at org.junit.platform.engine.support.hierarchical.HierarchicalTestEngine.execute(HierarchicalTestEngine.java:54) ~[junit-platform-engine-1.10.2.jar:1.10.2]
	at org.junit.platform.launcher.core.EngineExecutionOrchestrator.execute(EngineExecutionOrchestrator.java:198) ~[junit-platform-launcher-1.10.2.jar:1.10.2]
	at org.junit.platform.launcher.core.EngineExecutionOrchestrator.execute(EngineExecutionOrchestrator.java:169) ~[junit-platform-launcher-1.10.2.jar:1.10.2]
	at org.junit.platform.launcher.core.EngineExecutionOrchestrator.execute(EngineExecutionOrchestrator.java:93) ~[junit-platform-launcher-1.10.2.jar:1.10.2]
	at org.junit.platform.launcher.core.EngineExecutionOrchestrator.lambda$execute$0(EngineExecutionOrchestrator.java:58) ~[junit-platform-launcher-1.10.2.jar:1.10.2]
	at org.junit.platform.launcher.core.EngineExecutionOrchestrator.withInterceptedStreams(EngineExecutionOrchestrator.java:141) ~[junit-platform-launcher-1.10.2.jar:1.10.2]
	at org.junit.platform.launcher.core.EngineExecutionOrchestrator.execute(EngineExecutionOrchestrator.java:57) ~[junit-platform-launcher-1.10.2.jar:1.10.2]
	at org.junit.platform.launcher.core.DefaultLauncher.execute(DefaultLauncher.java:103) ~[junit-platform-launcher-1.10.2.jar:1.10.2]
	at org.junit.platform.launcher.core.DefaultLauncher.execute(DefaultLauncher.java:85) ~[junit-platform-launcher-1.10.2.jar:1.10.2]
	at org.junit.platform.launcher.core.DelegatingLauncher.execute(DelegatingLauncher.java:47) ~[junit-platform-launcher-1.10.2.jar:1.10.2]
	at org.gradle.api.internal.tasks.testing.junitplatform.JUnitPlatformTestClassProcessor$CollectAllTestClassesExecutor.processAllTestClasses(JUnitPlatformTestClassProcessor.java:119) ~[na:na]
	at org.gradle.api.internal.tasks.testing.junitplatform.JUnitPlatformTestClassProcessor$CollectAllTestClassesExecutor.access$000(JUnitPlatformTestClassProcessor.java:94) ~[na:na]
	at org.gradle.api.internal.tasks.testing.junitplatform.JUnitPlatformTestClassProcessor.stop(JUnitPlatformTestClassProcessor.java:89) ~[na:na]
	at org.gradle.api.internal.tasks.testing.SuiteTestClassProcessor.stop(SuiteTestClassProcessor.java:62) ~[na:na]
	at java.base/jdk.internal.reflect.NativeMethodAccessorImpl.invoke0(Native Method) ~[na:na]
	at java.base/jdk.internal.reflect.NativeMethodAccessorImpl.invoke(NativeMethodAccessorImpl.java:77) ~[na:na]
	at java.base/jdk.internal.reflect.DelegatingMethodAccessorImpl.invoke(DelegatingMethodAccessorImpl.java:43) ~[na:na]
	at java.base/java.lang.reflect.Method.invoke(Method.java:568) ~[na:na]
	at org.gradle.internal.dispatch.ReflectionDispatch.dispatch(ReflectionDispatch.java:36) ~[na:na]
	at org.gradle.internal.dispatch.ReflectionDispatch.dispatch(ReflectionDispatch.java:24) ~[na:na]
	at org.gradle.internal.dispatch.ContextClassLoaderDispatch.dispatch(ContextClassLoaderDispatch.java:33) ~[na:na]
	at org.gradle.internal.dispatch.ProxyDispatchAdapter$DispatchingInvocationHandler.invoke(ProxyDispatchAdapter.java:94) ~[na:na]
	at jdk.proxy1/jdk.proxy1.$Proxy2.stop(Unknown Source) ~[na:na]
	at org.gradle.api.internal.tasks.testing.worker.TestWorker$3.run(TestWorker.java:193) ~[na:na]
	at org.gradle.api.internal.tasks.testing.worker.TestWorker.executeAndMaintainThreadName(TestWorker.java:129) ~[na:na]
	at org.gradle.api.internal.tasks.testing.worker.TestWorker.execute(TestWorker.java:100) ~[na:na]
	at org.gradle.api.internal.tasks.testing.worker.TestWorker.execute(TestWorker.java:60) ~[na:na]
	at org.gradle.process.internal.worker.child.ActionExecutionWorker.execute(ActionExecutionWorker.java:56) ~[na:na]
	at org.gradle.process.internal.worker.child.SystemApplicationClassLoaderWorker.call(SystemApplicationClassLoaderWorker.java:119) ~[na:na]
	at org.gradle.process.internal.worker.child.SystemApplicationClassLoaderWorker.call(SystemApplicationClassLoaderWorker.java:66) ~[na:na]
	at worker.org.gradle.process.internal.worker.GradleWorkerMain.run(GradleWorkerMain.java:69) ~[gradle-worker.jar:na]
	at worker.org.gradle.process.internal.worker.GradleWorkerMain.main(GradleWorkerMain.java:74) ~[gradle-worker.jar:na]

2024-11-18T12:45:50.995-04:00 DEBUG 24640 --- [examen2] [    Test worker] o.s.d.jpa.repository.query.NamedQuery    : Did not find named query HistorialClinico.findByPacienteId
2024-11-18T12:45:50.995-04:00 DEBUG 24640 --- [examen2] [    Test worker] tor$SharedEntityManagerInvocationHandler : Creating new EntityManager for shared EntityManager invocation
2024-11-18T12:45:50.998-04:00 DEBUG 24640 --- [examen2] [    Test worker] o.s.d.r.c.s.RepositoryFactorySupport     : Finished creation of repository instance for com.example.examen2.historialclinico.repository.HistorialClinicoRepository.
2024-11-18T12:45:50.998-04:00 DEBUG 24640 --- [examen2] [    Test worker] o.s.b.f.s.DefaultListableBeanFactory     : Creating shared instance of singleton bean 'pdfGenerator'
2024-11-18T12:45:51.000-04:00 DEBUG 24640 --- [examen2] [    Test worker] o.s.b.f.s.DefaultListableBeanFactory     : Creating shared instance of singleton bean 'consultaRepository'
2024-11-18T12:45:51.001-04:00 DEBUG 24640 --- [examen2] [    Test worker] o.s.b.f.s.DefaultListableBeanFactory     : Creating shared instance of singleton bean 'jpa.named-queries#7'
2024-11-18T12:45:51.002-04:00 DEBUG 24640 --- [examen2] [    Test worker] o.s.b.f.s.DefaultListableBeanFactory     : Creating shared instance of singleton bean 'jpa.ConsultaRepository.fragments#0'
2024-11-18T12:45:51.002-04:00 DEBUG 24640 --- [examen2] [    Test worker] tor$SharedEntityManagerInvocationHandler : Creating new EntityManager for shared EntityManager invocation
2024-11-18T12:45:51.007-04:00 DEBUG 24640 --- [examen2] [    Test worker] o.s.d.r.c.s.RepositoryFactorySupport     : Initializing repository instance for com.example.examen2.consultas.repository.ConsultaRepository…
2024-11-18T12:45:51.008-04:00 DEBUG 24640 --- [examen2] [    Test worker] tor$SharedEntityManagerInvocationHandler : Creating new EntityManager for shared EntityManager invocation
2024-11-18T12:45:51.015-04:00 DEBUG 24640 --- [examen2] [    Test worker] cResourceLocalTransactionCoordinatorImpl : JDBC transaction marked for rollback-only (exception provided for stack trace)

java.lang.Exception: exception just for purpose of providing stack trace
	at org.hibernate.resource.transaction.backend.jdbc.internal.JdbcResourceLocalTransactionCoordinatorImpl$TransactionDriverControlImpl.markRollbackOnly(JdbcResourceLocalTransactionCoordinatorImpl.java:310) ~[hibernate-core-6.4.4.Final.jar:6.4.4.Final]
	at org.hibernate.internal.AbstractSharedSessionContract.buildNamedQuery(AbstractSharedSessionContract.java:1097) ~[hibernate-core-6.4.4.Final.jar:6.4.4.Final]
	at org.hibernate.internal.AbstractSharedSessionContract.createNamedQuery(AbstractSharedSessionContract.java:975) ~[hibernate-core-6.4.4.Final.jar:6.4.4.Final]
	at org.hibernate.internal.AbstractSharedSessionContract.createNamedQuery(AbstractSharedSessionContract.java:136) ~[hibernate-core-6.4.4.Final.jar:6.4.4.Final]
	at java.base/jdk.internal.reflect.NativeMethodAccessorImpl.invoke0(Native Method) ~[na:na]
	at java.base/jdk.internal.reflect.NativeMethodAccessorImpl.invoke(NativeMethodAccessorImpl.java:77) ~[na:na]
	at java.base/jdk.internal.reflect.DelegatingMethodAccessorImpl.invoke(DelegatingMethodAccessorImpl.java:43) ~[na:na]
	at java.base/java.lang.reflect.Method.invoke(Method.java:568) ~[na:na]
	at org.springframework.orm.jpa.ExtendedEntityManagerCreator$ExtendedEntityManagerInvocationHandler.invoke(ExtendedEntityManagerCreator.java:364) ~[spring-orm-6.1.6.jar:6.1.6]
	at jdk.proxy3/jdk.proxy3.$Proxy137.createNamedQuery(Unknown Source) ~[na:na]
	at org.springframework.data.jpa.repository.query.NamedQuery.hasNamedQuery(NamedQuery.java:113) ~[spring-data-jpa-3.2.5.jar:3.2.5]
	at org.springframework.data.jpa.repository.query.JpaQueryLookupStrategy$DeclaredQueryLookupStrategy.getCountQuery(JpaQueryLookupStrategy.java:204) ~[spring-data-jpa-3.2.5.jar:3.2.5]
	at org.springframework.data.jpa.repository.query.JpaQueryLookupStrategy$DeclaredQueryLookupStrategy.resolveQuery(JpaQueryLookupStrategy.java:171) ~[spring-data-jpa-3.2.5.jar:3.2.5]
	at org.springframework.data.jpa.repository.query.JpaQueryLookupStrategy$CreateIfNotFoundQueryLookupStrategy.resolveQuery(JpaQueryLookupStrategy.java:252) ~[spring-data-jpa-3.2.5.jar:3.2.5]
	at org.springframework.data.jpa.repository.query.JpaQueryLookupStrategy$AbstractQueryLookupStrategy.resolveQuery(JpaQueryLookupStrategy.java:95) ~[spring-data-jpa-3.2.5.jar:3.2.5]
	at org.springframework.data.repository.core.support.QueryExecutorMethodInterceptor.lookupQuery(QueryExecutorMethodInterceptor.java:111) ~[spring-data-commons-3.2.5.jar:3.2.5]
	at org.springframework.data.repository.core.support.QueryExecutorMethodInterceptor.mapMethodsToQuery(QueryExecutorMethodInterceptor.java:99) ~[spring-data-commons-3.2.5.jar:3.2.5]
	at org.springframework.data.repository.core.support.QueryExecutorMethodInterceptor.lambda$new$0(QueryExecutorMethodInterceptor.java:88) ~[spring-data-commons-3.2.5.jar:3.2.5]
	at java.base/java.util.Optional.map(Optional.java:260) ~[na:na]
	at org.springframework.data.repository.core.support.QueryExecutorMethodInterceptor.<init>(QueryExecutorMethodInterceptor.java:88) ~[spring-data-commons-3.2.5.jar:3.2.5]
	at org.springframework.data.repository.core.support.RepositoryFactorySupport.getRepository(RepositoryFactorySupport.java:357) ~[spring-data-commons-3.2.5.jar:3.2.5]
	at org.springframework.data.repository.core.support.RepositoryFactoryBeanSupport.lambda$afterPropertiesSet$5(RepositoryFactoryBeanSupport.java:279) ~[spring-data-commons-3.2.5.jar:3.2.5]
	at org.springframework.data.util.Lazy.getNullable(Lazy.java:135) ~[spring-data-commons-3.2.5.jar:3.2.5]
	at org.springframework.data.util.Lazy.get(Lazy.java:113) ~[spring-data-commons-3.2.5.jar:3.2.5]
	at org.springframework.data.repository.core.support.RepositoryFactoryBeanSupport.afterPropertiesSet(RepositoryFactoryBeanSupport.java:285) ~[spring-data-commons-3.2.5.jar:3.2.5]
	at org.springframework.data.jpa.repository.support.JpaRepositoryFactoryBean.afterPropertiesSet(JpaRepositoryFactoryBean.java:132) ~[spring-data-jpa-3.2.5.jar:3.2.5]
	at org.springframework.beans.factory.support.AbstractAutowireCapableBeanFactory.invokeInitMethods(AbstractAutowireCapableBeanFactory.java:1833) ~[spring-beans-6.1.6.jar:6.1.6]
	at org.springframework.beans.factory.support.AbstractAutowireCapableBeanFactory.initializeBean(AbstractAutowireCapableBeanFactory.java:1782) ~[spring-beans-6.1.6.jar:6.1.6]
	at org.springframework.beans.factory.support.AbstractAutowireCapableBeanFactory.doCreateBean(AbstractAutowireCapableBeanFactory.java:600) ~[spring-beans-6.1.6.jar:6.1.6]
	at org.springframework.beans.factory.support.AbstractAutowireCapableBeanFactory.createBean(AbstractAutowireCapableBeanFactory.java:522) ~[spring-beans-6.1.6.jar:6.1.6]
	at org.springframework.beans.factory.support.AbstractBeanFactory.lambda$doGetBean$0(AbstractBeanFactory.java:326) ~[spring-beans-6.1.6.jar:6.1.6]
	at org.springframework.beans.factory.support.DefaultSingletonBeanRegistry.getSingleton(DefaultSingletonBeanRegistry.java:234) ~[spring-beans-6.1.6.jar:6.1.6]
	at org.springframework.beans.factory.support.AbstractBeanFactory.doGetBean(AbstractBeanFactory.java:324) ~[spring-beans-6.1.6.jar:6.1.6]
	at org.springframework.beans.factory.support.AbstractBeanFactory.getBean(AbstractBeanFactory.java:200) ~[spring-beans-6.1.6.jar:6.1.6]
	at org.springframework.beans.factory.config.DependencyDescriptor.resolveCandidate(DependencyDescriptor.java:254) ~[spring-beans-6.1.6.jar:6.1.6]
	at org.springframework.beans.factory.support.DefaultListableBeanFactory.doResolveDependency(DefaultListableBeanFactory.java:1443) ~[spring-beans-6.1.6.jar:6.1.6]
	at org.springframework.beans.factory.support.DefaultListableBeanFactory.resolveDependency(DefaultListableBeanFactory.java:1353) ~[spring-beans-6.1.6.jar:6.1.6]
	at org.springframework.beans.factory.annotation.AutowiredAnnotationBeanPostProcessor$AutowiredFieldElement.resolveFieldValue(AutowiredAnnotationBeanPostProcessor.java:784) ~[spring-beans-6.1.6.jar:6.1.6]
	at org.springframework.beans.factory.annotation.AutowiredAnnotationBeanPostProcessor$AutowiredFieldElement.inject(AutowiredAnnotationBeanPostProcessor.java:767) ~[spring-beans-6.1.6.jar:6.1.6]
	at org.springframework.beans.factory.annotation.InjectionMetadata.inject(InjectionMetadata.java:145) ~[spring-beans-6.1.6.jar:6.1.6]
	at org.springframework.beans.factory.annotation.AutowiredAnnotationBeanPostProcessor.postProcessProperties(AutowiredAnnotationBeanPostProcessor.java:508) ~[spring-beans-6.1.6.jar:6.1.6]
	at org.springframework.beans.factory.support.AbstractAutowireCapableBeanFactory.populateBean(AbstractAutowireCapableBeanFactory.java:1419) ~[spring-beans-6.1.6.jar:6.1.6]
	at org.springframework.beans.factory.support.AbstractAutowireCapableBeanFactory.doCreateBean(AbstractAutowireCapableBeanFactory.java:599) ~[spring-beans-6.1.6.jar:6.1.6]
	at org.springframework.beans.factory.support.AbstractAutowireCapableBeanFactory.createBean(AbstractAutowireCapableBeanFactory.java:522) ~[spring-beans-6.1.6.jar:6.1.6]
	at org.springframework.beans.factory.support.AbstractBeanFactory.lambda$doGetBean$0(AbstractBeanFactory.java:326) ~[spring-beans-6.1.6.jar:6.1.6]
	at org.springframework.beans.factory.support.DefaultSingletonBeanRegistry.getSingleton(DefaultSingletonBeanRegistry.java:234) ~[spring-beans-6.1.6.jar:6.1.6]
	at org.springframework.beans.factory.support.AbstractBeanFactory.doGetBean(AbstractBeanFactory.java:324) ~[spring-beans-6.1.6.jar:6.1.6]
	at org.springframework.beans.factory.support.AbstractBeanFactory.getBean(AbstractBeanFactory.java:200) ~[spring-beans-6.1.6.jar:6.1.6]
	at org.springframework.beans.factory.config.DependencyDescriptor.resolveCandidate(DependencyDescriptor.java:254) ~[spring-beans-6.1.6.jar:6.1.6]
	at org.springframework.beans.factory.support.DefaultListableBeanFactory.doResolveDependency(DefaultListableBeanFactory.java:1443) ~[spring-beans-6.1.6.jar:6.1.6]
	at org.springframework.beans.factory.support.DefaultListableBeanFactory.resolveDependency(DefaultListableBeanFactory.java:1353) ~[spring-beans-6.1.6.jar:6.1.6]
	at org.springframework.beans.factory.annotation.AutowiredAnnotationBeanPostProcessor$AutowiredFieldElement.resolveFieldValue(AutowiredAnnotationBeanPostProcessor.java:784) ~[spring-beans-6.1.6.jar:6.1.6]
	at org.springframework.beans.factory.annotation.AutowiredAnnotationBeanPostProcessor$AutowiredFieldElement.inject(AutowiredAnnotationBeanPostProcessor.java:767) ~[spring-beans-6.1.6.jar:6.1.6]
	at org.springframework.beans.factory.annotation.InjectionMetadata.inject(InjectionMetadata.java:145) ~[spring-beans-6.1.6.jar:6.1.6]
	at org.springframework.beans.factory.annotation.AutowiredAnnotationBeanPostProcessor.postProcessProperties(AutowiredAnnotationBeanPostProcessor.java:508) ~[spring-beans-6.1.6.jar:6.1.6]
	at org.springframework.beans.factory.support.AbstractAutowireCapableBeanFactory.populateBean(AbstractAutowireCapableBeanFactory.java:1419) ~[spring-beans-6.1.6.jar:6.1.6]
	at org.springframework.beans.factory.support.AbstractAutowireCapableBeanFactory.doCreateBean(AbstractAutowireCapableBeanFactory.java:599) ~[spring-beans-6.1.6.jar:6.1.6]
	at org.springframework.beans.factory.support.AbstractAutowireCapableBeanFactory.createBean(AbstractAutowireCapableBeanFactory.java:522) ~[spring-beans-6.1.6.jar:6.1.6]
	at org.springframework.beans.factory.support.AbstractBeanFactory.lambda$doGetBean$0(AbstractBeanFactory.java:326) ~[spring-beans-6.1.6.jar:6.1.6]
	at org.springframework.beans.factory.support.DefaultSingletonBeanRegistry.getSingleton(DefaultSingletonBeanRegistry.java:234) ~[spring-beans-6.1.6.jar:6.1.6]
	at org.springframework.beans.factory.support.AbstractBeanFactory.doGetBean(AbstractBeanFactory.java:324) ~[spring-beans-6.1.6.jar:6.1.6]
	at org.springframework.beans.factory.support.AbstractBeanFactory.getBean(AbstractBeanFactory.java:200) ~[spring-beans-6.1.6.jar:6.1.6]
	at org.springframework.beans.factory.config.DependencyDescriptor.resolveCandidate(DependencyDescriptor.java:254) ~[spring-beans-6.1.6.jar:6.1.6]
	at org.springframework.beans.factory.support.DefaultListableBeanFactory.doResolveDependency(DefaultListableBeanFactory.java:1443) ~[spring-beans-6.1.6.jar:6.1.6]
	at org.springframework.beans.factory.support.DefaultListableBeanFactory.resolveDependency(DefaultListableBeanFactory.java:1353) ~[spring-beans-6.1.6.jar:6.1.6]
	at org.springframework.beans.factory.annotation.AutowiredAnnotationBeanPostProcessor$AutowiredFieldElement.resolveFieldValue(AutowiredAnnotationBeanPostProcessor.java:784) ~[spring-beans-6.1.6.jar:6.1.6]
	at org.springframework.beans.factory.annotation.AutowiredAnnotationBeanPostProcessor$AutowiredFieldElement.inject(AutowiredAnnotationBeanPostProcessor.java:767) ~[spring-beans-6.1.6.jar:6.1.6]
	at org.springframework.beans.factory.annotation.InjectionMetadata.inject(InjectionMetadata.java:145) ~[spring-beans-6.1.6.jar:6.1.6]
	at org.springframework.beans.factory.annotation.AutowiredAnnotationBeanPostProcessor.postProcessProperties(AutowiredAnnotationBeanPostProcessor.java:508) ~[spring-beans-6.1.6.jar:6.1.6]
	at org.springframework.beans.factory.support.AbstractAutowireCapableBeanFactory.populateBean(AbstractAutowireCapableBeanFactory.java:1419) ~[spring-beans-6.1.6.jar:6.1.6]
	at org.springframework.beans.factory.support.AbstractAutowireCapableBeanFactory.doCreateBean(AbstractAutowireCapableBeanFactory.java:599) ~[spring-beans-6.1.6.jar:6.1.6]
	at org.springframework.beans.factory.support.AbstractAutowireCapableBeanFactory.createBean(AbstractAutowireCapableBeanFactory.java:522) ~[spring-beans-6.1.6.jar:6.1.6]
	at org.springframework.beans.factory.support.AbstractBeanFactory.lambda$doGetBean$0(AbstractBeanFactory.java:326) ~[spring-beans-6.1.6.jar:6.1.6]
	at org.springframework.beans.factory.support.DefaultSingletonBeanRegistry.getSingleton(DefaultSingletonBeanRegistry.java:234) ~[spring-beans-6.1.6.jar:6.1.6]
	at org.springframework.beans.factory.support.AbstractBeanFactory.doGetBean(AbstractBeanFactory.java:324) ~[spring-beans-6.1.6.jar:6.1.6]
	at org.springframework.beans.factory.support.AbstractBeanFactory.getBean(AbstractBeanFactory.java:200) ~[spring-beans-6.1.6.jar:6.1.6]
	at org.springframework.beans.factory.support.DefaultListableBeanFactory.preInstantiateSingletons(DefaultListableBeanFactory.java:975) ~[spring-beans-6.1.6.jar:6.1.6]
	at org.springframework.context.support.AbstractApplicationContext.finishBeanFactoryInitialization(AbstractApplicationContext.java:962) ~[spring-context-6.1.6.jar:6.1.6]
	at org.springframework.context.support.AbstractApplicationContext.refresh(AbstractApplicationContext.java:624) ~[spring-context-6.1.6.jar:6.1.6]
	at org.springframework.boot.SpringApplication.refresh(SpringApplication.java:754) ~[spring-boot-3.2.5.jar:3.2.5]
	at org.springframework.boot.SpringApplication.refreshContext(SpringApplication.java:456) ~[spring-boot-3.2.5.jar:3.2.5]
	at org.springframework.boot.SpringApplication.run(SpringApplication.java:334) ~[spring-boot-3.2.5.jar:3.2.5]
	at org.springframework.boot.test.context.SpringBootContextLoader.lambda$loadContext$3(SpringBootContextLoader.java:137) ~[spring-boot-test-3.2.5.jar:3.2.5]
	at org.springframework.util.function.ThrowingSupplier.get(ThrowingSupplier.java:58) ~[spring-core-6.1.6.jar:6.1.6]
	at org.springframework.util.function.ThrowingSupplier.get(ThrowingSupplier.java:46) ~[spring-core-6.1.6.jar:6.1.6]
	at org.springframework.boot.SpringApplication.withHook(SpringApplication.java:1454) ~[spring-boot-3.2.5.jar:3.2.5]
	at org.springframework.boot.test.context.SpringBootContextLoader$ContextLoaderHook.run(SpringBootContextLoader.java:553) ~[spring-boot-test-3.2.5.jar:3.2.5]
	at org.springframework.boot.test.context.SpringBootContextLoader.loadContext(SpringBootContextLoader.java:137) ~[spring-boot-test-3.2.5.jar:3.2.5]
	at org.springframework.boot.test.context.SpringBootContextLoader.loadContext(SpringBootContextLoader.java:108) ~[spring-boot-test-3.2.5.jar:3.2.5]
	at org.springframework.test.context.cache.DefaultCacheAwareContextLoaderDelegate.loadContextInternal(DefaultCacheAwareContextLoaderDelegate.java:225) ~[spring-test-6.1.6.jar:6.1.6]
	at org.springframework.test.context.cache.DefaultCacheAwareContextLoaderDelegate.loadContext(DefaultCacheAwareContextLoaderDelegate.java:152) ~[spring-test-6.1.6.jar:6.1.6]
	at org.springframework.test.context.support.DefaultTestContext.getApplicationContext(DefaultTestContext.java:130) ~[spring-test-6.1.6.jar:6.1.6]
	at org.springframework.test.context.web.ServletTestExecutionListener.setUpRequestContextIfNecessary(ServletTestExecutionListener.java:191) ~[spring-test-6.1.6.jar:6.1.6]
	at org.springframework.test.context.web.ServletTestExecutionListener.prepareTestInstance(ServletTestExecutionListener.java:130) ~[spring-test-6.1.6.jar:6.1.6]
	at org.springframework.test.context.TestContextManager.prepareTestInstance(TestContextManager.java:260) ~[spring-test-6.1.6.jar:6.1.6]
	at org.springframework.test.context.junit.jupiter.SpringExtension.postProcessTestInstance(SpringExtension.java:163) ~[spring-test-6.1.6.jar:6.1.6]
	at org.junit.jupiter.engine.descriptor.ClassBasedTestDescriptor.lambda$invokeTestInstancePostProcessors$10(ClassBasedTestDescriptor.java:378) ~[junit-jupiter-engine-5.10.2.jar:5.10.2]
	at org.junit.jupiter.engine.descriptor.ClassBasedTestDescriptor.executeAndMaskThrowable(ClassBasedTestDescriptor.java:383) ~[junit-jupiter-engine-5.10.2.jar:5.10.2]
	at org.junit.jupiter.engine.descriptor.ClassBasedTestDescriptor.lambda$invokeTestInstancePostProcessors$11(ClassBasedTestDescriptor.java:378) ~[junit-jupiter-engine-5.10.2.jar:5.10.2]
	at java.base/java.util.stream.ReferencePipeline$3$1.accept(ReferencePipeline.java:197) ~[na:na]
	at java.base/java.util.stream.ReferencePipeline$2$1.accept(ReferencePipeline.java:179) ~[na:na]
	at java.base/java.util.ArrayList$ArrayListSpliterator.forEachRemaining(ArrayList.java:1625) ~[na:na]
	at java.base/java.util.stream.AbstractPipeline.copyInto(AbstractPipeline.java:509) ~[na:na]
	at java.base/java.util.stream.AbstractPipeline.wrapAndCopyInto(AbstractPipeline.java:499) ~[na:na]
	at java.base/java.util.stream.StreamSpliterators$WrappingSpliterator.forEachRemaining(StreamSpliterators.java:310) ~[na:na]
	at java.base/java.util.stream.Streams$ConcatSpliterator.forEachRemaining(Streams.java:735) ~[na:na]
	at java.base/java.util.stream.Streams$ConcatSpliterator.forEachRemaining(Streams.java:734) ~[na:na]
	at java.base/java.util.stream.ReferencePipeline$Head.forEach(ReferencePipeline.java:762) ~[na:na]
	at org.junit.jupiter.engine.descriptor.ClassBasedTestDescriptor.invokeTestInstancePostProcessors(ClassBasedTestDescriptor.java:377) ~[junit-jupiter-engine-5.10.2.jar:5.10.2]
	at org.junit.jupiter.engine.descriptor.ClassBasedTestDescriptor.lambda$instantiateAndPostProcessTestInstance$6(ClassBasedTestDescriptor.java:290) ~[junit-jupiter-engine-5.10.2.jar:5.10.2]
	at org.junit.platform.engine.support.hierarchical.ThrowableCollector.execute(ThrowableCollector.java:73) ~[junit-platform-engine-1.10.2.jar:1.10.2]
	at org.junit.jupiter.engine.descriptor.ClassBasedTestDescriptor.instantiateAndPostProcessTestInstance(ClassBasedTestDescriptor.java:289) ~[junit-jupiter-engine-5.10.2.jar:5.10.2]
	at org.junit.jupiter.engine.descriptor.ClassBasedTestDescriptor.lambda$testInstancesProvider$4(ClassBasedTestDescriptor.java:279) ~[junit-jupiter-engine-5.10.2.jar:5.10.2]
	at java.base/java.util.Optional.orElseGet(Optional.java:364) ~[na:na]
	at org.junit.jupiter.engine.descriptor.ClassBasedTestDescriptor.lambda$testInstancesProvider$5(ClassBasedTestDescriptor.java:278) ~[junit-jupiter-engine-5.10.2.jar:5.10.2]
	at org.junit.jupiter.engine.execution.TestInstancesProvider.getTestInstances(TestInstancesProvider.java:31) ~[junit-jupiter-engine-5.10.2.jar:5.10.2]
	at org.junit.jupiter.engine.descriptor.TestMethodTestDescriptor.lambda$prepare$0(TestMethodTestDescriptor.java:106) ~[junit-jupiter-engine-5.10.2.jar:5.10.2]
	at org.junit.platform.engine.support.hierarchical.ThrowableCollector.execute(ThrowableCollector.java:73) ~[junit-platform-engine-1.10.2.jar:1.10.2]
	at org.junit.jupiter.engine.descriptor.TestMethodTestDescriptor.prepare(TestMethodTestDescriptor.java:105) ~[junit-jupiter-engine-5.10.2.jar:5.10.2]
	at org.junit.jupiter.engine.descriptor.TestMethodTestDescriptor.prepare(TestMethodTestDescriptor.java:69) ~[junit-jupiter-engine-5.10.2.jar:5.10.2]
	at org.junit.platform.engine.support.hierarchical.NodeTestTask.lambda$prepare$2(NodeTestTask.java:123) ~[junit-platform-engine-1.10.2.jar:1.10.2]
	at org.junit.platform.engine.support.hierarchical.ThrowableCollector.execute(ThrowableCollector.java:73) ~[junit-platform-engine-1.10.2.jar:1.10.2]
	at org.junit.platform.engine.support.hierarchical.NodeTestTask.prepare(NodeTestTask.java:123) ~[junit-platform-engine-1.10.2.jar:1.10.2]
	at org.junit.platform.engine.support.hierarchical.NodeTestTask.execute(NodeTestTask.java:90) ~[junit-platform-engine-1.10.2.jar:1.10.2]
	at java.base/java.util.ArrayList.forEach(ArrayList.java:1511) ~[na:na]
	at org.junit.platform.engine.support.hierarchical.SameThreadHierarchicalTestExecutorService.invokeAll(SameThreadHierarchicalTestExecutorService.java:41) ~[junit-platform-engine-1.10.2.jar:1.10.2]
	at org.junit.platform.engine.support.hierarchical.NodeTestTask.lambda$executeRecursively$6(NodeTestTask.java:155) ~[junit-platform-engine-1.10.2.jar:1.10.2]
	at org.junit.platform.engine.support.hierarchical.ThrowableCollector.execute(ThrowableCollector.java:73) ~[junit-platform-engine-1.10.2.jar:1.10.2]
	at org.junit.platform.engine.support.hierarchical.NodeTestTask.lambda$executeRecursively$8(NodeTestTask.java:141) ~[junit-platform-engine-1.10.2.jar:1.10.2]
	at org.junit.platform.engine.support.hierarchical.Node.around(Node.java:137) ~[junit-platform-engine-1.10.2.jar:1.10.2]
	at org.junit.platform.engine.support.hierarchical.NodeTestTask.lambda$executeRecursively$9(NodeTestTask.java:139) ~[junit-platform-engine-1.10.2.jar:1.10.2]
	at org.junit.platform.engine.support.hierarchical.ThrowableCollector.execute(ThrowableCollector.java:73) ~[junit-platform-engine-1.10.2.jar:1.10.2]
	at org.junit.platform.engine.support.hierarchical.NodeTestTask.executeRecursively(NodeTestTask.java:138) ~[junit-platform-engine-1.10.2.jar:1.10.2]
	at org.junit.platform.engine.support.hierarchical.NodeTestTask.execute(NodeTestTask.java:95) ~[junit-platform-engine-1.10.2.jar:1.10.2]
	at java.base/java.util.ArrayList.forEach(ArrayList.java:1511) ~[na:na]
	at org.junit.platform.engine.support.hierarchical.SameThreadHierarchicalTestExecutorService.invokeAll(SameThreadHierarchicalTestExecutorService.java:41) ~[junit-platform-engine-1.10.2.jar:1.10.2]
	at org.junit.platform.engine.support.hierarchical.NodeTestTask.lambda$executeRecursively$6(NodeTestTask.java:155) ~[junit-platform-engine-1.10.2.jar:1.10.2]
	at org.junit.platform.engine.support.hierarchical.ThrowableCollector.execute(ThrowableCollector.java:73) ~[junit-platform-engine-1.10.2.jar:1.10.2]
	at org.junit.platform.engine.support.hierarchical.NodeTestTask.lambda$executeRecursively$8(NodeTestTask.java:141) ~[junit-platform-engine-1.10.2.jar:1.10.2]
	at org.junit.platform.engine.support.hierarchical.Node.around(Node.java:137) ~[junit-platform-engine-1.10.2.jar:1.10.2]
	at org.junit.platform.engine.support.hierarchical.NodeTestTask.lambda$executeRecursively$9(NodeTestTask.java:139) ~[junit-platform-engine-1.10.2.jar:1.10.2]
	at org.junit.platform.engine.support.hierarchical.ThrowableCollector.execute(ThrowableCollector.java:73) ~[junit-platform-engine-1.10.2.jar:1.10.2]
	at org.junit.platform.engine.support.hierarchical.NodeTestTask.executeRecursively(NodeTestTask.java:138) ~[junit-platform-engine-1.10.2.jar:1.10.2]
	at org.junit.platform.engine.support.hierarchical.NodeTestTask.execute(NodeTestTask.java:95) ~[junit-platform-engine-1.10.2.jar:1.10.2]
	at org.junit.platform.engine.support.hierarchical.SameThreadHierarchicalTestExecutorService.submit(SameThreadHierarchicalTestExecutorService.java:35) ~[junit-platform-engine-1.10.2.jar:1.10.2]
	at org.junit.platform.engine.support.hierarchical.HierarchicalTestExecutor.execute(HierarchicalTestExecutor.java:57) ~[junit-platform-engine-1.10.2.jar:1.10.2]
	at org.junit.platform.engine.support.hierarchical.HierarchicalTestEngine.execute(HierarchicalTestEngine.java:54) ~[junit-platform-engine-1.10.2.jar:1.10.2]
	at org.junit.platform.launcher.core.EngineExecutionOrchestrator.execute(EngineExecutionOrchestrator.java:198) ~[junit-platform-launcher-1.10.2.jar:1.10.2]
	at org.junit.platform.launcher.core.EngineExecutionOrchestrator.execute(EngineExecutionOrchestrator.java:169) ~[junit-platform-launcher-1.10.2.jar:1.10.2]
	at org.junit.platform.launcher.core.EngineExecutionOrchestrator.execute(EngineExecutionOrchestrator.java:93) ~[junit-platform-launcher-1.10.2.jar:1.10.2]
	at org.junit.platform.launcher.core.EngineExecutionOrchestrator.lambda$execute$0(EngineExecutionOrchestrator.java:58) ~[junit-platform-launcher-1.10.2.jar:1.10.2]
	at org.junit.platform.launcher.core.EngineExecutionOrchestrator.withInterceptedStreams(EngineExecutionOrchestrator.java:141) ~[junit-platform-launcher-1.10.2.jar:1.10.2]
	at org.junit.platform.launcher.core.EngineExecutionOrchestrator.execute(EngineExecutionOrchestrator.java:57) ~[junit-platform-launcher-1.10.2.jar:1.10.2]
	at org.junit.platform.launcher.core.DefaultLauncher.execute(DefaultLauncher.java:103) ~[junit-platform-launcher-1.10.2.jar:1.10.2]
	at org.junit.platform.launcher.core.DefaultLauncher.execute(DefaultLauncher.java:85) ~[junit-platform-launcher-1.10.2.jar:1.10.2]
	at org.junit.platform.launcher.core.DelegatingLauncher.execute(DelegatingLauncher.java:47) ~[junit-platform-launcher-1.10.2.jar:1.10.2]
	at org.gradle.api.internal.tasks.testing.junitplatform.JUnitPlatformTestClassProcessor$CollectAllTestClassesExecutor.processAllTestClasses(JUnitPlatformTestClassProcessor.java:119) ~[na:na]
	at org.gradle.api.internal.tasks.testing.junitplatform.JUnitPlatformTestClassProcessor$CollectAllTestClassesExecutor.access$000(JUnitPlatformTestClassProcessor.java:94) ~[na:na]
	at org.gradle.api.internal.tasks.testing.junitplatform.JUnitPlatformTestClassProcessor.stop(JUnitPlatformTestClassProcessor.java:89) ~[na:na]
	at org.gradle.api.internal.tasks.testing.SuiteTestClassProcessor.stop(SuiteTestClassProcessor.java:62) ~[na:na]
	at java.base/jdk.internal.reflect.NativeMethodAccessorImpl.invoke0(Native Method) ~[na:na]
	at java.base/jdk.internal.reflect.NativeMethodAccessorImpl.invoke(NativeMethodAccessorImpl.java:77) ~[na:na]
	at java.base/jdk.internal.reflect.DelegatingMethodAccessorImpl.invoke(DelegatingMethodAccessorImpl.java:43) ~[na:na]
	at java.base/java.lang.reflect.Method.invoke(Method.java:568) ~[na:na]
	at org.gradle.internal.dispatch.ReflectionDispatch.dispatch(ReflectionDispatch.java:36) ~[na:na]
	at org.gradle.internal.dispatch.ReflectionDispatch.dispatch(ReflectionDispatch.java:24) ~[na:na]
	at org.gradle.internal.dispatch.ContextClassLoaderDispatch.dispatch(ContextClassLoaderDispatch.java:33) ~[na:na]
	at org.gradle.internal.dispatch.ProxyDispatchAdapter$DispatchingInvocationHandler.invoke(ProxyDispatchAdapter.java:94) ~[na:na]
	at jdk.proxy1/jdk.proxy1.$Proxy2.stop(Unknown Source) ~[na:na]
	at org.gradle.api.internal.tasks.testing.worker.TestWorker$3.run(TestWorker.java:193) ~[na:na]
	at org.gradle.api.internal.tasks.testing.worker.TestWorker.executeAndMaintainThreadName(TestWorker.java:129) ~[na:na]
	at org.gradle.api.internal.tasks.testing.worker.TestWorker.execute(TestWorker.java:100) ~[na:na]
	at org.gradle.api.internal.tasks.testing.worker.TestWorker.execute(TestWorker.java:60) ~[na:na]
	at org.gradle.process.internal.worker.child.ActionExecutionWorker.execute(ActionExecutionWorker.java:56) ~[na:na]
	at org.gradle.process.internal.worker.child.SystemApplicationClassLoaderWorker.call(SystemApplicationClassLoaderWorker.java:119) ~[na:na]
	at org.gradle.process.internal.worker.child.SystemApplicationClassLoaderWorker.call(SystemApplicationClassLoaderWorker.java:66) ~[na:na]
	at worker.org.gradle.process.internal.worker.GradleWorkerMain.run(GradleWorkerMain.java:69) ~[gradle-worker.jar:na]
	at worker.org.gradle.process.internal.worker.GradleWorkerMain.main(GradleWorkerMain.java:74) ~[gradle-worker.jar:na]

2024-11-18T12:45:51.019-04:00 DEBUG 24640 --- [examen2] [    Test worker] o.s.d.jpa.repository.query.NamedQuery    : Did not find named query Consulta.filtrarConsultas.count
2024-11-18T12:45:51.019-04:00 DEBUG 24640 --- [examen2] [    Test worker] tor$SharedEntityManagerInvocationHandler : Creating new EntityManager for shared EntityManager invocation
2024-11-18T12:45:51.021-04:00 DEBUG 24640 --- [examen2] [    Test worker] org.hibernate.orm.query.hql              : HQL : SELECT c FROM Consulta c WHERE (:fechaInicio IS NULL OR c.fecha >= :fechaInicio) AND (:fechaFin IS NULL OR c.fecha <= :fechaFin) AND (:pacienteId IS NULL OR c.paciente.id = :pacienteId) AND (:medicoId IS NULL OR c.medico.id = :medicoId) AND (:especialidadId IS NULL OR c.cita.especialidad = :especialidadId)
2024-11-18T12:45:51.022-04:00 DEBUG 24640 --- [examen2] [    Test worker] o.h.o.q.hql.reservedWordAsIdentifier     : Encountered use of reserved word as identifier : =
2024-11-18T12:45:51.022-04:00 DEBUG 24640 --- [examen2] [    Test worker] o.h.o.q.hql.reservedWordAsIdentifier     : Encountered use of reserved word as identifier : =
2024-11-18T12:45:51.022-04:00 DEBUG 24640 --- [examen2] [    Test worker] org.hibernate.orm.query.sqm.creation     : Applying inferable type to SqmExpression [SqmNamedParameter(fechaInicio)] : null -> SqmBasicValuedSimplePath(com.example.examen2.consultas.model.Consulta(c).fecha)
2024-11-18T12:45:51.023-04:00 DEBUG 24640 --- [examen2] [    Test worker] org.hibernate.orm.query.sqm.creation     : Applying inferable type to SqmExpression [SqmNamedParameter(fechaFin)] : null -> SqmBasicValuedSimplePath(com.example.examen2.consultas.model.Consulta(c).fecha)
2024-11-18T12:45:51.023-04:00 DEBUG 24640 --- [examen2] [    Test worker] org.hibernate.orm.query.sqm.creation     : Applying inferable type to SqmExpression [SqmNamedParameter(pacienteId)] : null -> SqmBasicValuedSimplePath(com.example.examen2.consultas.model.Consulta(c).paciente.id)
2024-11-18T12:45:51.023-04:00 DEBUG 24640 --- [examen2] [    Test worker] org.hibernate.orm.query.sqm.creation     : Applying inferable type to SqmExpression [SqmNamedParameter(medicoId)] : null -> SqmBasicValuedSimplePath(com.example.examen2.consultas.model.Consulta(c).medico.id)
2024-11-18T12:45:51.023-04:00 DEBUG 24640 --- [examen2] [    Test worker] org.hibernate.orm.query.sqm.creation     : Applying inferable type to SqmExpression [SqmNamedParameter(especialidadId)] : null -> com.example.examen2.citas.model.Cita#especialidad(MANY_TO_ONE)
2024-11-18T12:45:51.023-04:00 DEBUG 24640 --- [examen2] [    Test worker] org.hibernate.orm.query.sqm.ast          : SqmStatement Tree :
    -> [select]
      -> [query-spec]
        -> [select]
          -> [selection]
            -> [root] - `com.example.examen2.consultas.model.Consulta(c)`
            <- [root] - `com.example.examen2.consultas.model.Consulta(c)`
          <- [selection]
        <- [select]
        -> [from]
          -> [root] - `com.example.examen2.consultas.model.Consulta(c)`
          <- [root] - `com.example.examen2.consultas.model.Consulta(c)`
        <- [from]
        -> [where]
          -> [and]
            -> [grouped]
                -> [or]
                  -> [is-null]
                      :fechaInicio
                  <- [is-null]
                  -> [GREATER_THAN_OR_EQUAL]
                      -> [basic-path] - `com.example.examen2.consultas.model.Consulta(c).fecha`
                      :fechaInicio
                  <- [GREATER_THAN_OR_EQUAL]
                <- [or]
            <- [grouped]
            -> [grouped]
                -> [or]
                  -> [is-null]
                      :fechaFin
                  <- [is-null]
                  -> [LESS_THAN_OR_EQUAL]
                      -> [basic-path] - `com.example.examen2.consultas.model.Consulta(c).fecha`
                      :fechaFin
                  <- [LESS_THAN_OR_EQUAL]
                <- [or]
            <- [grouped]
            -> [grouped]
                -> [or]
                  -> [is-null]
                      :pacienteId
                  <- [is-null]
                  -> [EQUAL]
                      -> [basic-path] - `com.example.examen2.consultas.model.Consulta(c).paciente.id`
                      :pacienteId
                  <- [EQUAL]
                <- [or]
            <- [grouped]
            -> [grouped]
                -> [or]
                  -> [is-null]
                      :medicoId
                  <- [is-null]
                  -> [EQUAL]
                      -> [basic-path] - `com.example.examen2.consultas.model.Consulta(c).medico.id`
                      :medicoId
                  <- [EQUAL]
                <- [or]
            <- [grouped]
            -> [grouped]
                -> [or]
                  -> [is-null]
                      :especialidadId
                  <- [is-null]
                  -> [EQUAL]
                      -> [entity-path] - `com.example.examen2.consultas.model.Consulta(c).cita.especialidad`
                      :especialidadId
                  <- [EQUAL]
                <- [or]
            <- [grouped]
          <- [and]
        <- [where]
      <- [query-spec]
    <- [select]

2024-11-18T12:45:51.024-04:00 DEBUG 24640 --- [examen2] [    Test worker] o.s.d.jpa.repository.query.NamedQuery    : Looking up named query Consulta.findByPacienteId
2024-11-18T12:45:51.024-04:00 DEBUG 24640 --- [examen2] [    Test worker] cResourceLocalTransactionCoordinatorImpl : JDBC transaction marked for rollback-only (exception provided for stack trace)

java.lang.Exception: exception just for purpose of providing stack trace
	at org.hibernate.resource.transaction.backend.jdbc.internal.JdbcResourceLocalTransactionCoordinatorImpl$TransactionDriverControlImpl.markRollbackOnly(JdbcResourceLocalTransactionCoordinatorImpl.java:310) ~[hibernate-core-6.4.4.Final.jar:6.4.4.Final]
	at org.hibernate.internal.AbstractSharedSessionContract.buildNamedQuery(AbstractSharedSessionContract.java:1097) ~[hibernate-core-6.4.4.Final.jar:6.4.4.Final]
	at org.hibernate.internal.AbstractSharedSessionContract.createNamedQuery(AbstractSharedSessionContract.java:975) ~[hibernate-core-6.4.4.Final.jar:6.4.4.Final]
	at org.hibernate.internal.AbstractSharedSessionContract.createNamedQuery(AbstractSharedSessionContract.java:136) ~[hibernate-core-6.4.4.Final.jar:6.4.4.Final]
	at java.base/jdk.internal.reflect.NativeMethodAccessorImpl.invoke0(Native Method) ~[na:na]
	at java.base/jdk.internal.reflect.NativeMethodAccessorImpl.invoke(NativeMethodAccessorImpl.java:77) ~[na:na]
	at java.base/jdk.internal.reflect.DelegatingMethodAccessorImpl.invoke(DelegatingMethodAccessorImpl.java:43) ~[na:na]
	at java.base/java.lang.reflect.Method.invoke(Method.java:568) ~[na:na]
	at org.springframework.orm.jpa.ExtendedEntityManagerCreator$ExtendedEntityManagerInvocationHandler.invoke(ExtendedEntityManagerCreator.java:364) ~[spring-orm-6.1.6.jar:6.1.6]
	at jdk.proxy3/jdk.proxy3.$Proxy137.createNamedQuery(Unknown Source) ~[na:na]
	at org.springframework.data.jpa.repository.query.NamedQuery.hasNamedQuery(NamedQuery.java:113) ~[spring-data-jpa-3.2.5.jar:3.2.5]
	at org.springframework.data.jpa.repository.query.NamedQuery.lookupFrom(NamedQuery.java:141) ~[spring-data-jpa-3.2.5.jar:3.2.5]
	at org.springframework.data.jpa.repository.query.JpaQueryLookupStrategy$DeclaredQueryLookupStrategy.resolveQuery(JpaQueryLookupStrategy.java:180) ~[spring-data-jpa-3.2.5.jar:3.2.5]
	at org.springframework.data.jpa.repository.query.JpaQueryLookupStrategy$CreateIfNotFoundQueryLookupStrategy.resolveQuery(JpaQueryLookupStrategy.java:252) ~[spring-data-jpa-3.2.5.jar:3.2.5]
	at org.springframework.data.jpa.repository.query.JpaQueryLookupStrategy$AbstractQueryLookupStrategy.resolveQuery(JpaQueryLookupStrategy.java:95) ~[spring-data-jpa-3.2.5.jar:3.2.5]
	at org.springframework.data.repository.core.support.QueryExecutorMethodInterceptor.lookupQuery(QueryExecutorMethodInterceptor.java:111) ~[spring-data-commons-3.2.5.jar:3.2.5]
	at org.springframework.data.repository.core.support.QueryExecutorMethodInterceptor.mapMethodsToQuery(QueryExecutorMethodInterceptor.java:99) ~[spring-data-commons-3.2.5.jar:3.2.5]
	at org.springframework.data.repository.core.support.QueryExecutorMethodInterceptor.lambda$new$0(QueryExecutorMethodInterceptor.java:88) ~[spring-data-commons-3.2.5.jar:3.2.5]
	at java.base/java.util.Optional.map(Optional.java:260) ~[na:na]
	at org.springframework.data.repository.core.support.QueryExecutorMethodInterceptor.<init>(QueryExecutorMethodInterceptor.java:88) ~[spring-data-commons-3.2.5.jar:3.2.5]
	at org.springframework.data.repository.core.support.RepositoryFactorySupport.getRepository(RepositoryFactorySupport.java:357) ~[spring-data-commons-3.2.5.jar:3.2.5]
	at org.springframework.data.repository.core.support.RepositoryFactoryBeanSupport.lambda$afterPropertiesSet$5(RepositoryFactoryBeanSupport.java:279) ~[spring-data-commons-3.2.5.jar:3.2.5]
	at org.springframework.data.util.Lazy.getNullable(Lazy.java:135) ~[spring-data-commons-3.2.5.jar:3.2.5]
	at org.springframework.data.util.Lazy.get(Lazy.java:113) ~[spring-data-commons-3.2.5.jar:3.2.5]
	at org.springframework.data.repository.core.support.RepositoryFactoryBeanSupport.afterPropertiesSet(RepositoryFactoryBeanSupport.java:285) ~[spring-data-commons-3.2.5.jar:3.2.5]
	at org.springframework.data.jpa.repository.support.JpaRepositoryFactoryBean.afterPropertiesSet(JpaRepositoryFactoryBean.java:132) ~[spring-data-jpa-3.2.5.jar:3.2.5]
	at org.springframework.beans.factory.support.AbstractAutowireCapableBeanFactory.invokeInitMethods(AbstractAutowireCapableBeanFactory.java:1833) ~[spring-beans-6.1.6.jar:6.1.6]
	at org.springframework.beans.factory.support.AbstractAutowireCapableBeanFactory.initializeBean(AbstractAutowireCapableBeanFactory.java:1782) ~[spring-beans-6.1.6.jar:6.1.6]
	at org.springframework.beans.factory.support.AbstractAutowireCapableBeanFactory.doCreateBean(AbstractAutowireCapableBeanFactory.java:600) ~[spring-beans-6.1.6.jar:6.1.6]
	at org.springframework.beans.factory.support.AbstractAutowireCapableBeanFactory.createBean(AbstractAutowireCapableBeanFactory.java:522) ~[spring-beans-6.1.6.jar:6.1.6]
	at org.springframework.beans.factory.support.AbstractBeanFactory.lambda$doGetBean$0(AbstractBeanFactory.java:326) ~[spring-beans-6.1.6.jar:6.1.6]
	at org.springframework.beans.factory.support.DefaultSingletonBeanRegistry.getSingleton(DefaultSingletonBeanRegistry.java:234) ~[spring-beans-6.1.6.jar:6.1.6]
	at org.springframework.beans.factory.support.AbstractBeanFactory.doGetBean(AbstractBeanFactory.java:324) ~[spring-beans-6.1.6.jar:6.1.6]
	at org.springframework.beans.factory.support.AbstractBeanFactory.getBean(AbstractBeanFactory.java:200) ~[spring-beans-6.1.6.jar:6.1.6]
	at org.springframework.beans.factory.config.DependencyDescriptor.resolveCandidate(DependencyDescriptor.java:254) ~[spring-beans-6.1.6.jar:6.1.6]
	at org.springframework.beans.factory.support.DefaultListableBeanFactory.doResolveDependency(DefaultListableBeanFactory.java:1443) ~[spring-beans-6.1.6.jar:6.1.6]
	at org.springframework.beans.factory.support.DefaultListableBeanFactory.resolveDependency(DefaultListableBeanFactory.java:1353) ~[spring-beans-6.1.6.jar:6.1.6]
	at org.springframework.beans.factory.annotation.AutowiredAnnotationBeanPostProcessor$AutowiredFieldElement.resolveFieldValue(AutowiredAnnotationBeanPostProcessor.java:784) ~[spring-beans-6.1.6.jar:6.1.6]
	at org.springframework.beans.factory.annotation.AutowiredAnnotationBeanPostProcessor$AutowiredFieldElement.inject(AutowiredAnnotationBeanPostProcessor.java:767) ~[spring-beans-6.1.6.jar:6.1.6]
	at org.springframework.beans.factory.annotation.InjectionMetadata.inject(InjectionMetadata.java:145) ~[spring-beans-6.1.6.jar:6.1.6]
	at org.springframework.beans.factory.annotation.AutowiredAnnotationBeanPostProcessor.postProcessProperties(AutowiredAnnotationBeanPostProcessor.java:508) ~[spring-beans-6.1.6.jar:6.1.6]
	at org.springframework.beans.factory.support.AbstractAutowireCapableBeanFactory.populateBean(AbstractAutowireCapableBeanFactory.java:1419) ~[spring-beans-6.1.6.jar:6.1.6]
	at org.springframework.beans.factory.support.AbstractAutowireCapableBeanFactory.doCreateBean(AbstractAutowireCapableBeanFactory.java:599) ~[spring-beans-6.1.6.jar:6.1.6]
	at org.springframework.beans.factory.support.AbstractAutowireCapableBeanFactory.createBean(AbstractAutowireCapableBeanFactory.java:522) ~[spring-beans-6.1.6.jar:6.1.6]
	at org.springframework.beans.factory.support.AbstractBeanFactory.lambda$doGetBean$0(AbstractBeanFactory.java:326) ~[spring-beans-6.1.6.jar:6.1.6]
	at org.springframework.beans.factory.support.DefaultSingletonBeanRegistry.getSingleton(DefaultSingletonBeanRegistry.java:234) ~[spring-beans-6.1.6.jar:6.1.6]
	at org.springframework.beans.factory.support.AbstractBeanFactory.doGetBean(AbstractBeanFactory.java:324) ~[spring-beans-6.1.6.jar:6.1.6]
	at org.springframework.beans.factory.support.AbstractBeanFactory.getBean(AbstractBeanFactory.java:200) ~[spring-beans-6.1.6.jar:6.1.6]
	at org.springframework.beans.factory.config.DependencyDescriptor.resolveCandidate(DependencyDescriptor.java:254) ~[spring-beans-6.1.6.jar:6.1.6]
	at org.springframework.beans.factory.support.DefaultListableBeanFactory.doResolveDependency(DefaultListableBeanFactory.java:1443) ~[spring-beans-6.1.6.jar:6.1.6]
	at org.springframework.beans.factory.support.DefaultListableBeanFactory.resolveDependency(DefaultListableBeanFactory.java:1353) ~[spring-beans-6.1.6.jar:6.1.6]
	at org.springframework.beans.factory.annotation.AutowiredAnnotationBeanPostProcessor$AutowiredFieldElement.resolveFieldValue(AutowiredAnnotationBeanPostProcessor.java:784) ~[spring-beans-6.1.6.jar:6.1.6]
	at org.springframework.beans.factory.annotation.AutowiredAnnotationBeanPostProcessor$AutowiredFieldElement.inject(AutowiredAnnotationBeanPostProcessor.java:767) ~[spring-beans-6.1.6.jar:6.1.6]
	at org.springframework.beans.factory.annotation.InjectionMetadata.inject(InjectionMetadata.java:145) ~[spring-beans-6.1.6.jar:6.1.6]
	at org.springframework.beans.factory.annotation.AutowiredAnnotationBeanPostProcessor.postProcessProperties(AutowiredAnnotationBeanPostProcessor.java:508) ~[spring-beans-6.1.6.jar:6.1.6]
	at org.springframework.beans.factory.support.AbstractAutowireCapableBeanFactory.populateBean(AbstractAutowireCapableBeanFactory.java:1419) ~[spring-beans-6.1.6.jar:6.1.6]
	at org.springframework.beans.factory.support.AbstractAutowireCapableBeanFactory.doCreateBean(AbstractAutowireCapableBeanFactory.java:599) ~[spring-beans-6.1.6.jar:6.1.6]
	at org.springframework.beans.factory.support.AbstractAutowireCapableBeanFactory.createBean(AbstractAutowireCapableBeanFactory.java:522) ~[spring-beans-6.1.6.jar:6.1.6]
	at org.springframework.beans.factory.support.AbstractBeanFactory.lambda$doGetBean$0(AbstractBeanFactory.java:326) ~[spring-beans-6.1.6.jar:6.1.6]
	at org.springframework.beans.factory.support.DefaultSingletonBeanRegistry.getSingleton(DefaultSingletonBeanRegistry.java:234) ~[spring-beans-6.1.6.jar:6.1.6]
	at org.springframework.beans.factory.support.AbstractBeanFactory.doGetBean(AbstractBeanFactory.java:324) ~[spring-beans-6.1.6.jar:6.1.6]
	at org.springframework.beans.factory.support.AbstractBeanFactory.getBean(AbstractBeanFactory.java:200) ~[spring-beans-6.1.6.jar:6.1.6]
	at org.springframework.beans.factory.config.DependencyDescriptor.resolveCandidate(DependencyDescriptor.java:254) ~[spring-beans-6.1.6.jar:6.1.6]
	at org.springframework.beans.factory.support.DefaultListableBeanFactory.doResolveDependency(DefaultListableBeanFactory.java:1443) ~[spring-beans-6.1.6.jar:6.1.6]
	at org.springframework.beans.factory.support.DefaultListableBeanFactory.resolveDependency(DefaultListableBeanFactory.java:1353) ~[spring-beans-6.1.6.jar:6.1.6]
	at org.springframework.beans.factory.annotation.AutowiredAnnotationBeanPostProcessor$AutowiredFieldElement.resolveFieldValue(AutowiredAnnotationBeanPostProcessor.java:784) ~[spring-beans-6.1.6.jar:6.1.6]
	at org.springframework.beans.factory.annotation.AutowiredAnnotationBeanPostProcessor$AutowiredFieldElement.inject(AutowiredAnnotationBeanPostProcessor.java:767) ~[spring-beans-6.1.6.jar:6.1.6]
	at org.springframework.beans.factory.annotation.InjectionMetadata.inject(InjectionMetadata.java:145) ~[spring-beans-6.1.6.jar:6.1.6]
	at org.springframework.beans.factory.annotation.AutowiredAnnotationBeanPostProcessor.postProcessProperties(AutowiredAnnotationBeanPostProcessor.java:508) ~[spring-beans-6.1.6.jar:6.1.6]
	at org.springframework.beans.factory.support.AbstractAutowireCapableBeanFactory.populateBean(AbstractAutowireCapableBeanFactory.java:1419) ~[spring-beans-6.1.6.jar:6.1.6]
	at org.springframework.beans.factory.support.AbstractAutowireCapableBeanFactory.doCreateBean(AbstractAutowireCapableBeanFactory.java:599) ~[spring-beans-6.1.6.jar:6.1.6]
	at org.springframework.beans.factory.support.AbstractAutowireCapableBeanFactory.createBean(AbstractAutowireCapableBeanFactory.java:522) ~[spring-beans-6.1.6.jar:6.1.6]
	at org.springframework.beans.factory.support.AbstractBeanFactory.lambda$doGetBean$0(AbstractBeanFactory.java:326) ~[spring-beans-6.1.6.jar:6.1.6]
	at org.springframework.beans.factory.support.DefaultSingletonBeanRegistry.getSingleton(DefaultSingletonBeanRegistry.java:234) ~[spring-beans-6.1.6.jar:6.1.6]
	at org.springframework.beans.factory.support.AbstractBeanFactory.doGetBean(AbstractBeanFactory.java:324) ~[spring-beans-6.1.6.jar:6.1.6]
	at org.springframework.beans.factory.support.AbstractBeanFactory.getBean(AbstractBeanFactory.java:200) ~[spring-beans-6.1.6.jar:6.1.6]
	at org.springframework.beans.factory.support.DefaultListableBeanFactory.preInstantiateSingletons(DefaultListableBeanFactory.java:975) ~[spring-beans-6.1.6.jar:6.1.6]
	at org.springframework.context.support.AbstractApplicationContext.finishBeanFactoryInitialization(AbstractApplicationContext.java:962) ~[spring-context-6.1.6.jar:6.1.6]
	at org.springframework.context.support.AbstractApplicationContext.refresh(AbstractApplicationContext.java:624) ~[spring-context-6.1.6.jar:6.1.6]
	at org.springframework.boot.SpringApplication.refresh(SpringApplication.java:754) ~[spring-boot-3.2.5.jar:3.2.5]
	at org.springframework.boot.SpringApplication.refreshContext(SpringApplication.java:456) ~[spring-boot-3.2.5.jar:3.2.5]
	at org.springframework.boot.SpringApplication.run(SpringApplication.java:334) ~[spring-boot-3.2.5.jar:3.2.5]
	at org.springframework.boot.test.context.SpringBootContextLoader.lambda$loadContext$3(SpringBootContextLoader.java:137) ~[spring-boot-test-3.2.5.jar:3.2.5]
	at org.springframework.util.function.ThrowingSupplier.get(ThrowingSupplier.java:58) ~[spring-core-6.1.6.jar:6.1.6]
	at org.springframework.util.function.ThrowingSupplier.get(ThrowingSupplier.java:46) ~[spring-core-6.1.6.jar:6.1.6]
	at org.springframework.boot.SpringApplication.withHook(SpringApplication.java:1454) ~[spring-boot-3.2.5.jar:3.2.5]
	at org.springframework.boot.test.context.SpringBootContextLoader$ContextLoaderHook.run(SpringBootContextLoader.java:553) ~[spring-boot-test-3.2.5.jar:3.2.5]
	at org.springframework.boot.test.context.SpringBootContextLoader.loadContext(SpringBootContextLoader.java:137) ~[spring-boot-test-3.2.5.jar:3.2.5]
	at org.springframework.boot.test.context.SpringBootContextLoader.loadContext(SpringBootContextLoader.java:108) ~[spring-boot-test-3.2.5.jar:3.2.5]
	at org.springframework.test.context.cache.DefaultCacheAwareContextLoaderDelegate.loadContextInternal(DefaultCacheAwareContextLoaderDelegate.java:225) ~[spring-test-6.1.6.jar:6.1.6]
	at org.springframework.test.context.cache.DefaultCacheAwareContextLoaderDelegate.loadContext(DefaultCacheAwareContextLoaderDelegate.java:152) ~[spring-test-6.1.6.jar:6.1.6]
	at org.springframework.test.context.support.DefaultTestContext.getApplicationContext(DefaultTestContext.java:130) ~[spring-test-6.1.6.jar:6.1.6]
	at org.springframework.test.context.web.ServletTestExecutionListener.setUpRequestContextIfNecessary(ServletTestExecutionListener.java:191) ~[spring-test-6.1.6.jar:6.1.6]
	at org.springframework.test.context.web.ServletTestExecutionListener.prepareTestInstance(ServletTestExecutionListener.java:130) ~[spring-test-6.1.6.jar:6.1.6]
	at org.springframework.test.context.TestContextManager.prepareTestInstance(TestContextManager.java:260) ~[spring-test-6.1.6.jar:6.1.6]
	at org.springframework.test.context.junit.jupiter.SpringExtension.postProcessTestInstance(SpringExtension.java:163) ~[spring-test-6.1.6.jar:6.1.6]
	at org.junit.jupiter.engine.descriptor.ClassBasedTestDescriptor.lambda$invokeTestInstancePostProcessors$10(ClassBasedTestDescriptor.java:378) ~[junit-jupiter-engine-5.10.2.jar:5.10.2]
	at org.junit.jupiter.engine.descriptor.ClassBasedTestDescriptor.executeAndMaskThrowable(ClassBasedTestDescriptor.java:383) ~[junit-jupiter-engine-5.10.2.jar:5.10.2]
	at org.junit.jupiter.engine.descriptor.ClassBasedTestDescriptor.lambda$invokeTestInstancePostProcessors$11(ClassBasedTestDescriptor.java:378) ~[junit-jupiter-engine-5.10.2.jar:5.10.2]
	at java.base/java.util.stream.ReferencePipeline$3$1.accept(ReferencePipeline.java:197) ~[na:na]
	at java.base/java.util.stream.ReferencePipeline$2$1.accept(ReferencePipeline.java:179) ~[na:na]
	at java.base/java.util.ArrayList$ArrayListSpliterator.forEachRemaining(ArrayList.java:1625) ~[na:na]
	at java.base/java.util.stream.AbstractPipeline.copyInto(AbstractPipeline.java:509) ~[na:na]
	at java.base/java.util.stream.AbstractPipeline.wrapAndCopyInto(AbstractPipeline.java:499) ~[na:na]
	at java.base/java.util.stream.StreamSpliterators$WrappingSpliterator.forEachRemaining(StreamSpliterators.java:310) ~[na:na]
	at java.base/java.util.stream.Streams$ConcatSpliterator.forEachRemaining(Streams.java:735) ~[na:na]
	at java.base/java.util.stream.Streams$ConcatSpliterator.forEachRemaining(Streams.java:734) ~[na:na]
	at java.base/java.util.stream.ReferencePipeline$Head.forEach(ReferencePipeline.java:762) ~[na:na]
	at org.junit.jupiter.engine.descriptor.ClassBasedTestDescriptor.invokeTestInstancePostProcessors(ClassBasedTestDescriptor.java:377) ~[junit-jupiter-engine-5.10.2.jar:5.10.2]
	at org.junit.jupiter.engine.descriptor.ClassBasedTestDescriptor.lambda$instantiateAndPostProcessTestInstance$6(ClassBasedTestDescriptor.java:290) ~[junit-jupiter-engine-5.10.2.jar:5.10.2]
	at org.junit.platform.engine.support.hierarchical.ThrowableCollector.execute(ThrowableCollector.java:73) ~[junit-platform-engine-1.10.2.jar:1.10.2]
	at org.junit.jupiter.engine.descriptor.ClassBasedTestDescriptor.instantiateAndPostProcessTestInstance(ClassBasedTestDescriptor.java:289) ~[junit-jupiter-engine-5.10.2.jar:5.10.2]
	at org.junit.jupiter.engine.descriptor.ClassBasedTestDescriptor.lambda$testInstancesProvider$4(ClassBasedTestDescriptor.java:279) ~[junit-jupiter-engine-5.10.2.jar:5.10.2]
	at java.base/java.util.Optional.orElseGet(Optional.java:364) ~[na:na]
	at org.junit.jupiter.engine.descriptor.ClassBasedTestDescriptor.lambda$testInstancesProvider$5(ClassBasedTestDescriptor.java:278) ~[junit-jupiter-engine-5.10.2.jar:5.10.2]
	at org.junit.jupiter.engine.execution.TestInstancesProvider.getTestInstances(TestInstancesProvider.java:31) ~[junit-jupiter-engine-5.10.2.jar:5.10.2]
	at org.junit.jupiter.engine.descriptor.TestMethodTestDescriptor.lambda$prepare$0(TestMethodTestDescriptor.java:106) ~[junit-jupiter-engine-5.10.2.jar:5.10.2]
	at org.junit.platform.engine.support.hierarchical.ThrowableCollector.execute(ThrowableCollector.java:73) ~[junit-platform-engine-1.10.2.jar:1.10.2]
	at org.junit.jupiter.engine.descriptor.TestMethodTestDescriptor.prepare(TestMethodTestDescriptor.java:105) ~[junit-jupiter-engine-5.10.2.jar:5.10.2]
	at org.junit.jupiter.engine.descriptor.TestMethodTestDescriptor.prepare(TestMethodTestDescriptor.java:69) ~[junit-jupiter-engine-5.10.2.jar:5.10.2]
	at org.junit.platform.engine.support.hierarchical.NodeTestTask.lambda$prepare$2(NodeTestTask.java:123) ~[junit-platform-engine-1.10.2.jar:1.10.2]
	at org.junit.platform.engine.support.hierarchical.ThrowableCollector.execute(ThrowableCollector.java:73) ~[junit-platform-engine-1.10.2.jar:1.10.2]
	at org.junit.platform.engine.support.hierarchical.NodeTestTask.prepare(NodeTestTask.java:123) ~[junit-platform-engine-1.10.2.jar:1.10.2]
	at org.junit.platform.engine.support.hierarchical.NodeTestTask.execute(NodeTestTask.java:90) ~[junit-platform-engine-1.10.2.jar:1.10.2]
	at java.base/java.util.ArrayList.forEach(ArrayList.java:1511) ~[na:na]
	at org.junit.platform.engine.support.hierarchical.SameThreadHierarchicalTestExecutorService.invokeAll(SameThreadHierarchicalTestExecutorService.java:41) ~[junit-platform-engine-1.10.2.jar:1.10.2]
	at org.junit.platform.engine.support.hierarchical.NodeTestTask.lambda$executeRecursively$6(NodeTestTask.java:155) ~[junit-platform-engine-1.10.2.jar:1.10.2]
	at org.junit.platform.engine.support.hierarchical.ThrowableCollector.execute(ThrowableCollector.java:73) ~[junit-platform-engine-1.10.2.jar:1.10.2]
	at org.junit.platform.engine.support.hierarchical.NodeTestTask.lambda$executeRecursively$8(NodeTestTask.java:141) ~[junit-platform-engine-1.10.2.jar:1.10.2]
	at org.junit.platform.engine.support.hierarchical.Node.around(Node.java:137) ~[junit-platform-engine-1.10.2.jar:1.10.2]
	at org.junit.platform.engine.support.hierarchical.NodeTestTask.lambda$executeRecursively$9(NodeTestTask.java:139) ~[junit-platform-engine-1.10.2.jar:1.10.2]
	at org.junit.platform.engine.support.hierarchical.ThrowableCollector.execute(ThrowableCollector.java:73) ~[junit-platform-engine-1.10.2.jar:1.10.2]
	at org.junit.platform.engine.support.hierarchical.NodeTestTask.executeRecursively(NodeTestTask.java:138) ~[junit-platform-engine-1.10.2.jar:1.10.2]
	at org.junit.platform.engine.support.hierarchical.NodeTestTask.execute(NodeTestTask.java:95) ~[junit-platform-engine-1.10.2.jar:1.10.2]
	at java.base/java.util.ArrayList.forEach(ArrayList.java:1511) ~[na:na]
	at org.junit.platform.engine.support.hierarchical.SameThreadHierarchicalTestExecutorService.invokeAll(SameThreadHierarchicalTestExecutorService.java:41) ~[junit-platform-engine-1.10.2.jar:1.10.2]
	at org.junit.platform.engine.support.hierarchical.NodeTestTask.lambda$executeRecursively$6(NodeTestTask.java:155) ~[junit-platform-engine-1.10.2.jar:1.10.2]
	at org.junit.platform.engine.support.hierarchical.ThrowableCollector.execute(ThrowableCollector.java:73) ~[junit-platform-engine-1.10.2.jar:1.10.2]
	at org.junit.platform.engine.support.hierarchical.NodeTestTask.lambda$executeRecursively$8(NodeTestTask.java:141) ~[junit-platform-engine-1.10.2.jar:1.10.2]
	at org.junit.platform.engine.support.hierarchical.Node.around(Node.java:137) ~[junit-platform-engine-1.10.2.jar:1.10.2]
	at org.junit.platform.engine.support.hierarchical.NodeTestTask.lambda$executeRecursively$9(NodeTestTask.java:139) ~[junit-platform-engine-1.10.2.jar:1.10.2]
	at org.junit.platform.engine.support.hierarchical.ThrowableCollector.execute(ThrowableCollector.java:73) ~[junit-platform-engine-1.10.2.jar:1.10.2]
	at org.junit.platform.engine.support.hierarchical.NodeTestTask.executeRecursively(NodeTestTask.java:138) ~[junit-platform-engine-1.10.2.jar:1.10.2]
	at org.junit.platform.engine.support.hierarchical.NodeTestTask.execute(NodeTestTask.java:95) ~[junit-platform-engine-1.10.2.jar:1.10.2]
	at org.junit.platform.engine.support.hierarchical.SameThreadHierarchicalTestExecutorService.submit(SameThreadHierarchicalTestExecutorService.java:35) ~[junit-platform-engine-1.10.2.jar:1.10.2]
	at org.junit.platform.engine.support.hierarchical.HierarchicalTestExecutor.execute(HierarchicalTestExecutor.java:57) ~[junit-platform-engine-1.10.2.jar:1.10.2]
	at org.junit.platform.engine.support.hierarchical.HierarchicalTestEngine.execute(HierarchicalTestEngine.java:54) ~[junit-platform-engine-1.10.2.jar:1.10.2]
	at org.junit.platform.launcher.core.EngineExecutionOrchestrator.execute(EngineExecutionOrchestrator.java:198) ~[junit-platform-launcher-1.10.2.jar:1.10.2]
	at org.junit.platform.launcher.core.EngineExecutionOrchestrator.execute(EngineExecutionOrchestrator.java:169) ~[junit-platform-launcher-1.10.2.jar:1.10.2]
	at org.junit.platform.launcher.core.EngineExecutionOrchestrator.execute(EngineExecutionOrchestrator.java:93) ~[junit-platform-launcher-1.10.2.jar:1.10.2]
	at org.junit.platform.launcher.core.EngineExecutionOrchestrator.lambda$execute$0(EngineExecutionOrchestrator.java:58) ~[junit-platform-launcher-1.10.2.jar:1.10.2]
	at org.junit.platform.launcher.core.EngineExecutionOrchestrator.withInterceptedStreams(EngineExecutionOrchestrator.java:141) ~[junit-platform-launcher-1.10.2.jar:1.10.2]
	at org.junit.platform.launcher.core.EngineExecutionOrchestrator.execute(EngineExecutionOrchestrator.java:57) ~[junit-platform-launcher-1.10.2.jar:1.10.2]
	at org.junit.platform.launcher.core.DefaultLauncher.execute(DefaultLauncher.java:103) ~[junit-platform-launcher-1.10.2.jar:1.10.2]
	at org.junit.platform.launcher.core.DefaultLauncher.execute(DefaultLauncher.java:85) ~[junit-platform-launcher-1.10.2.jar:1.10.2]
	at org.junit.platform.launcher.core.DelegatingLauncher.execute(DelegatingLauncher.java:47) ~[junit-platform-launcher-1.10.2.jar:1.10.2]
	at org.gradle.api.internal.tasks.testing.junitplatform.JUnitPlatformTestClassProcessor$CollectAllTestClassesExecutor.processAllTestClasses(JUnitPlatformTestClassProcessor.java:119) ~[na:na]
	at org.gradle.api.internal.tasks.testing.junitplatform.JUnitPlatformTestClassProcessor$CollectAllTestClassesExecutor.access$000(JUnitPlatformTestClassProcessor.java:94) ~[na:na]
	at org.gradle.api.internal.tasks.testing.junitplatform.JUnitPlatformTestClassProcessor.stop(JUnitPlatformTestClassProcessor.java:89) ~[na:na]
	at org.gradle.api.internal.tasks.testing.SuiteTestClassProcessor.stop(SuiteTestClassProcessor.java:62) ~[na:na]
	at java.base/jdk.internal.reflect.NativeMethodAccessorImpl.invoke0(Native Method) ~[na:na]
	at java.base/jdk.internal.reflect.NativeMethodAccessorImpl.invoke(NativeMethodAccessorImpl.java:77) ~[na:na]
	at java.base/jdk.internal.reflect.DelegatingMethodAccessorImpl.invoke(DelegatingMethodAccessorImpl.java:43) ~[na:na]
	at java.base/java.lang.reflect.Method.invoke(Method.java:568) ~[na:na]
	at org.gradle.internal.dispatch.ReflectionDispatch.dispatch(ReflectionDispatch.java:36) ~[na:na]
	at org.gradle.internal.dispatch.ReflectionDispatch.dispatch(ReflectionDispatch.java:24) ~[na:na]
	at org.gradle.internal.dispatch.ContextClassLoaderDispatch.dispatch(ContextClassLoaderDispatch.java:33) ~[na:na]
	at org.gradle.internal.dispatch.ProxyDispatchAdapter$DispatchingInvocationHandler.invoke(ProxyDispatchAdapter.java:94) ~[na:na]
	at jdk.proxy1/jdk.proxy1.$Proxy2.stop(Unknown Source) ~[na:na]
	at org.gradle.api.internal.tasks.testing.worker.TestWorker$3.run(TestWorker.java:193) ~[na:na]
	at org.gradle.api.internal.tasks.testing.worker.TestWorker.executeAndMaintainThreadName(TestWorker.java:129) ~[na:na]
	at org.gradle.api.internal.tasks.testing.worker.TestWorker.execute(TestWorker.java:100) ~[na:na]
	at org.gradle.api.internal.tasks.testing.worker.TestWorker.execute(TestWorker.java:60) ~[na:na]
	at org.gradle.process.internal.worker.child.ActionExecutionWorker.execute(ActionExecutionWorker.java:56) ~[na:na]
	at org.gradle.process.internal.worker.child.SystemApplicationClassLoaderWorker.call(SystemApplicationClassLoaderWorker.java:119) ~[na:na]
	at org.gradle.process.internal.worker.child.SystemApplicationClassLoaderWorker.call(SystemApplicationClassLoaderWorker.java:66) ~[na:na]
	at worker.org.gradle.process.internal.worker.GradleWorkerMain.run(GradleWorkerMain.java:69) ~[gradle-worker.jar:na]
	at worker.org.gradle.process.internal.worker.GradleWorkerMain.main(GradleWorkerMain.java:74) ~[gradle-worker.jar:na]

2024-11-18T12:45:51.028-04:00 DEBUG 24640 --- [examen2] [    Test worker] o.s.d.jpa.repository.query.NamedQuery    : Did not find named query Consulta.findByPacienteId
2024-11-18T12:45:51.028-04:00 DEBUG 24640 --- [examen2] [    Test worker] tor$SharedEntityManagerInvocationHandler : Creating new EntityManager for shared EntityManager invocation
2024-11-18T12:45:51.030-04:00 DEBUG 24640 --- [examen2] [    Test worker] o.s.d.jpa.repository.query.NamedQuery    : Looking up named query Consulta.findByMedicoId
2024-11-18T12:45:51.030-04:00 DEBUG 24640 --- [examen2] [    Test worker] cResourceLocalTransactionCoordinatorImpl : JDBC transaction marked for rollback-only (exception provided for stack trace)

java.lang.Exception: exception just for purpose of providing stack trace
	at org.hibernate.resource.transaction.backend.jdbc.internal.JdbcResourceLocalTransactionCoordinatorImpl$TransactionDriverControlImpl.markRollbackOnly(JdbcResourceLocalTransactionCoordinatorImpl.java:310) ~[hibernate-core-6.4.4.Final.jar:6.4.4.Final]
	at org.hibernate.internal.AbstractSharedSessionContract.buildNamedQuery(AbstractSharedSessionContract.java:1097) ~[hibernate-core-6.4.4.Final.jar:6.4.4.Final]
	at org.hibernate.internal.AbstractSharedSessionContract.createNamedQuery(AbstractSharedSessionContract.java:975) ~[hibernate-core-6.4.4.Final.jar:6.4.4.Final]
	at org.hibernate.internal.AbstractSharedSessionContract.createNamedQuery(AbstractSharedSessionContract.java:136) ~[hibernate-core-6.4.4.Final.jar:6.4.4.Final]
	at java.base/jdk.internal.reflect.NativeMethodAccessorImpl.invoke0(Native Method) ~[na:na]
	at java.base/jdk.internal.reflect.NativeMethodAccessorImpl.invoke(NativeMethodAccessorImpl.java:77) ~[na:na]
	at java.base/jdk.internal.reflect.DelegatingMethodAccessorImpl.invoke(DelegatingMethodAccessorImpl.java:43) ~[na:na]
	at java.base/java.lang.reflect.Method.invoke(Method.java:568) ~[na:na]
	at org.springframework.orm.jpa.ExtendedEntityManagerCreator$ExtendedEntityManagerInvocationHandler.invoke(ExtendedEntityManagerCreator.java:364) ~[spring-orm-6.1.6.jar:6.1.6]
	at jdk.proxy3/jdk.proxy3.$Proxy137.createNamedQuery(Unknown Source) ~[na:na]
	at org.springframework.data.jpa.repository.query.NamedQuery.hasNamedQuery(NamedQuery.java:113) ~[spring-data-jpa-3.2.5.jar:3.2.5]
	at org.springframework.data.jpa.repository.query.NamedQuery.lookupFrom(NamedQuery.java:141) ~[spring-data-jpa-3.2.5.jar:3.2.5]
	at org.springframework.data.jpa.repository.query.JpaQueryLookupStrategy$DeclaredQueryLookupStrategy.resolveQuery(JpaQueryLookupStrategy.java:180) ~[spring-data-jpa-3.2.5.jar:3.2.5]
	at org.springframework.data.jpa.repository.query.JpaQueryLookupStrategy$CreateIfNotFoundQueryLookupStrategy.resolveQuery(JpaQueryLookupStrategy.java:252) ~[spring-data-jpa-3.2.5.jar:3.2.5]
	at org.springframework.data.jpa.repository.query.JpaQueryLookupStrategy$AbstractQueryLookupStrategy.resolveQuery(JpaQueryLookupStrategy.java:95) ~[spring-data-jpa-3.2.5.jar:3.2.5]
	at org.springframework.data.repository.core.support.QueryExecutorMethodInterceptor.lookupQuery(QueryExecutorMethodInterceptor.java:111) ~[spring-data-commons-3.2.5.jar:3.2.5]
	at org.springframework.data.repository.core.support.QueryExecutorMethodInterceptor.mapMethodsToQuery(QueryExecutorMethodInterceptor.java:99) ~[spring-data-commons-3.2.5.jar:3.2.5]
	at org.springframework.data.repository.core.support.QueryExecutorMethodInterceptor.lambda$new$0(QueryExecutorMethodInterceptor.java:88) ~[spring-data-commons-3.2.5.jar:3.2.5]
	at java.base/java.util.Optional.map(Optional.java:260) ~[na:na]
	at org.springframework.data.repository.core.support.QueryExecutorMethodInterceptor.<init>(QueryExecutorMethodInterceptor.java:88) ~[spring-data-commons-3.2.5.jar:3.2.5]
	at org.springframework.data.repository.core.support.RepositoryFactorySupport.getRepository(RepositoryFactorySupport.java:357) ~[spring-data-commons-3.2.5.jar:3.2.5]
	at org.springframework.data.repository.core.support.RepositoryFactoryBeanSupport.lambda$afterPropertiesSet$5(RepositoryFactoryBeanSupport.java:279) ~[spring-data-commons-3.2.5.jar:3.2.5]
	at org.springframework.data.util.Lazy.getNullable(Lazy.java:135) ~[spring-data-commons-3.2.5.jar:3.2.5]
	at org.springframework.data.util.Lazy.get(Lazy.java:113) ~[spring-data-commons-3.2.5.jar:3.2.5]
	at org.springframework.data.repository.core.support.RepositoryFactoryBeanSupport.afterPropertiesSet(RepositoryFactoryBeanSupport.java:285) ~[spring-data-commons-3.2.5.jar:3.2.5]
	at org.springframework.data.jpa.repository.support.JpaRepositoryFactoryBean.afterPropertiesSet(JpaRepositoryFactoryBean.java:132) ~[spring-data-jpa-3.2.5.jar:3.2.5]
	at org.springframework.beans.factory.support.AbstractAutowireCapableBeanFactory.invokeInitMethods(AbstractAutowireCapableBeanFactory.java:1833) ~[spring-beans-6.1.6.jar:6.1.6]
	at org.springframework.beans.factory.support.AbstractAutowireCapableBeanFactory.initializeBean(AbstractAutowireCapableBeanFactory.java:1782) ~[spring-beans-6.1.6.jar:6.1.6]
	at org.springframework.beans.factory.support.AbstractAutowireCapableBeanFactory.doCreateBean(AbstractAutowireCapableBeanFactory.java:600) ~[spring-beans-6.1.6.jar:6.1.6]
	at org.springframework.beans.factory.support.AbstractAutowireCapableBeanFactory.createBean(AbstractAutowireCapableBeanFactory.java:522) ~[spring-beans-6.1.6.jar:6.1.6]
	at org.springframework.beans.factory.support.AbstractBeanFactory.lambda$doGetBean$0(AbstractBeanFactory.java:326) ~[spring-beans-6.1.6.jar:6.1.6]
	at org.springframework.beans.factory.support.DefaultSingletonBeanRegistry.getSingleton(DefaultSingletonBeanRegistry.java:234) ~[spring-beans-6.1.6.jar:6.1.6]
	at org.springframework.beans.factory.support.AbstractBeanFactory.doGetBean(AbstractBeanFactory.java:324) ~[spring-beans-6.1.6.jar:6.1.6]
	at org.springframework.beans.factory.support.AbstractBeanFactory.getBean(AbstractBeanFactory.java:200) ~[spring-beans-6.1.6.jar:6.1.6]
	at org.springframework.beans.factory.config.DependencyDescriptor.resolveCandidate(DependencyDescriptor.java:254) ~[spring-beans-6.1.6.jar:6.1.6]
	at org.springframework.beans.factory.support.DefaultListableBeanFactory.doResolveDependency(DefaultListableBeanFactory.java:1443) ~[spring-beans-6.1.6.jar:6.1.6]
	at org.springframework.beans.factory.support.DefaultListableBeanFactory.resolveDependency(DefaultListableBeanFactory.java:1353) ~[spring-beans-6.1.6.jar:6.1.6]
	at org.springframework.beans.factory.annotation.AutowiredAnnotationBeanPostProcessor$AutowiredFieldElement.resolveFieldValue(AutowiredAnnotationBeanPostProcessor.java:784) ~[spring-beans-6.1.6.jar:6.1.6]
	at org.springframework.beans.factory.annotation.AutowiredAnnotationBeanPostProcessor$AutowiredFieldElement.inject(AutowiredAnnotationBeanPostProcessor.java:767) ~[spring-beans-6.1.6.jar:6.1.6]
	at org.springframework.beans.factory.annotation.InjectionMetadata.inject(InjectionMetadata.java:145) ~[spring-beans-6.1.6.jar:6.1.6]
	at org.springframework.beans.factory.annotation.AutowiredAnnotationBeanPostProcessor.postProcessProperties(AutowiredAnnotationBeanPostProcessor.java:508) ~[spring-beans-6.1.6.jar:6.1.6]
	at org.springframework.beans.factory.support.AbstractAutowireCapableBeanFactory.populateBean(AbstractAutowireCapableBeanFactory.java:1419) ~[spring-beans-6.1.6.jar:6.1.6]
	at org.springframework.beans.factory.support.AbstractAutowireCapableBeanFactory.doCreateBean(AbstractAutowireCapableBeanFactory.java:599) ~[spring-beans-6.1.6.jar:6.1.6]
	at org.springframework.beans.factory.support.AbstractAutowireCapableBeanFactory.createBean(AbstractAutowireCapableBeanFactory.java:522) ~[spring-beans-6.1.6.jar:6.1.6]
	at org.springframework.beans.factory.support.AbstractBeanFactory.lambda$doGetBean$0(AbstractBeanFactory.java:326) ~[spring-beans-6.1.6.jar:6.1.6]
	at org.springframework.beans.factory.support.DefaultSingletonBeanRegistry.getSingleton(DefaultSingletonBeanRegistry.java:234) ~[spring-beans-6.1.6.jar:6.1.6]
	at org.springframework.beans.factory.support.AbstractBeanFactory.doGetBean(AbstractBeanFactory.java:324) ~[spring-beans-6.1.6.jar:6.1.6]
	at org.springframework.beans.factory.support.AbstractBeanFactory.getBean(AbstractBeanFactory.java:200) ~[spring-beans-6.1.6.jar:6.1.6]
	at org.springframework.beans.factory.config.DependencyDescriptor.resolveCandidate(DependencyDescriptor.java:254) ~[spring-beans-6.1.6.jar:6.1.6]
	at org.springframework.beans.factory.support.DefaultListableBeanFactory.doResolveDependency(DefaultListableBeanFactory.java:1443) ~[spring-beans-6.1.6.jar:6.1.6]
	at org.springframework.beans.factory.support.DefaultListableBeanFactory.resolveDependency(DefaultListableBeanFactory.java:1353) ~[spring-beans-6.1.6.jar:6.1.6]
	at org.springframework.beans.factory.annotation.AutowiredAnnotationBeanPostProcessor$AutowiredFieldElement.resolveFieldValue(AutowiredAnnotationBeanPostProcessor.java:784) ~[spring-beans-6.1.6.jar:6.1.6]
	at org.springframework.beans.factory.annotation.AutowiredAnnotationBeanPostProcessor$AutowiredFieldElement.inject(AutowiredAnnotationBeanPostProcessor.java:767) ~[spring-beans-6.1.6.jar:6.1.6]
	at org.springframework.beans.factory.annotation.InjectionMetadata.inject(InjectionMetadata.java:145) ~[spring-beans-6.1.6.jar:6.1.6]
	at org.springframework.beans.factory.annotation.AutowiredAnnotationBeanPostProcessor.postProcessProperties(AutowiredAnnotationBeanPostProcessor.java:508) ~[spring-beans-6.1.6.jar:6.1.6]
	at org.springframework.beans.factory.support.AbstractAutowireCapableBeanFactory.populateBean(AbstractAutowireCapableBeanFactory.java:1419) ~[spring-beans-6.1.6.jar:6.1.6]
	at org.springframework.beans.factory.support.AbstractAutowireCapableBeanFactory.doCreateBean(AbstractAutowireCapableBeanFactory.java:599) ~[spring-beans-6.1.6.jar:6.1.6]
	at org.springframework.beans.factory.support.AbstractAutowireCapableBeanFactory.createBean(AbstractAutowireCapableBeanFactory.java:522) ~[spring-beans-6.1.6.jar:6.1.6]
	at org.springframework.beans.factory.support.AbstractBeanFactory.lambda$doGetBean$0(AbstractBeanFactory.java:326) ~[spring-beans-6.1.6.jar:6.1.6]
	at org.springframework.beans.factory.support.DefaultSingletonBeanRegistry.getSingleton(DefaultSingletonBeanRegistry.java:234) ~[spring-beans-6.1.6.jar:6.1.6]
	at org.springframework.beans.factory.support.AbstractBeanFactory.doGetBean(AbstractBeanFactory.java:324) ~[spring-beans-6.1.6.jar:6.1.6]
	at org.springframework.beans.factory.support.AbstractBeanFactory.getBean(AbstractBeanFactory.java:200) ~[spring-beans-6.1.6.jar:6.1.6]
	at org.springframework.beans.factory.config.DependencyDescriptor.resolveCandidate(DependencyDescriptor.java:254) ~[spring-beans-6.1.6.jar:6.1.6]
	at org.springframework.beans.factory.support.DefaultListableBeanFactory.doResolveDependency(DefaultListableBeanFactory.java:1443) ~[spring-beans-6.1.6.jar:6.1.6]
	at org.springframework.beans.factory.support.DefaultListableBeanFactory.resolveDependency(DefaultListableBeanFactory.java:1353) ~[spring-beans-6.1.6.jar:6.1.6]
	at org.springframework.beans.factory.annotation.AutowiredAnnotationBeanPostProcessor$AutowiredFieldElement.resolveFieldValue(AutowiredAnnotationBeanPostProcessor.java:784) ~[spring-beans-6.1.6.jar:6.1.6]
	at org.springframework.beans.factory.annotation.AutowiredAnnotationBeanPostProcessor$AutowiredFieldElement.inject(AutowiredAnnotationBeanPostProcessor.java:767) ~[spring-beans-6.1.6.jar:6.1.6]
	at org.springframework.beans.factory.annotation.InjectionMetadata.inject(InjectionMetadata.java:145) ~[spring-beans-6.1.6.jar:6.1.6]
	at org.springframework.beans.factory.annotation.AutowiredAnnotationBeanPostProcessor.postProcessProperties(AutowiredAnnotationBeanPostProcessor.java:508) ~[spring-beans-6.1.6.jar:6.1.6]
	at org.springframework.beans.factory.support.AbstractAutowireCapableBeanFactory.populateBean(AbstractAutowireCapableBeanFactory.java:1419) ~[spring-beans-6.1.6.jar:6.1.6]
	at org.springframework.beans.factory.support.AbstractAutowireCapableBeanFactory.doCreateBean(AbstractAutowireCapableBeanFactory.java:599) ~[spring-beans-6.1.6.jar:6.1.6]
	at org.springframework.beans.factory.support.AbstractAutowireCapableBeanFactory.createBean(AbstractAutowireCapableBeanFactory.java:522) ~[spring-beans-6.1.6.jar:6.1.6]
	at org.springframework.beans.factory.support.AbstractBeanFactory.lambda$doGetBean$0(AbstractBeanFactory.java:326) ~[spring-beans-6.1.6.jar:6.1.6]
	at org.springframework.beans.factory.support.DefaultSingletonBeanRegistry.getSingleton(DefaultSingletonBeanRegistry.java:234) ~[spring-beans-6.1.6.jar:6.1.6]
	at org.springframework.beans.factory.support.AbstractBeanFactory.doGetBean(AbstractBeanFactory.java:324) ~[spring-beans-6.1.6.jar:6.1.6]
	at org.springframework.beans.factory.support.AbstractBeanFactory.getBean(AbstractBeanFactory.java:200) ~[spring-beans-6.1.6.jar:6.1.6]
	at org.springframework.beans.factory.support.DefaultListableBeanFactory.preInstantiateSingletons(DefaultListableBeanFactory.java:975) ~[spring-beans-6.1.6.jar:6.1.6]
	at org.springframework.context.support.AbstractApplicationContext.finishBeanFactoryInitialization(AbstractApplicationContext.java:962) ~[spring-context-6.1.6.jar:6.1.6]
	at org.springframework.context.support.AbstractApplicationContext.refresh(AbstractApplicationContext.java:624) ~[spring-context-6.1.6.jar:6.1.6]
	at org.springframework.boot.SpringApplication.refresh(SpringApplication.java:754) ~[spring-boot-3.2.5.jar:3.2.5]
	at org.springframework.boot.SpringApplication.refreshContext(SpringApplication.java:456) ~[spring-boot-3.2.5.jar:3.2.5]
	at org.springframework.boot.SpringApplication.run(SpringApplication.java:334) ~[spring-boot-3.2.5.jar:3.2.5]
	at org.springframework.boot.test.context.SpringBootContextLoader.lambda$loadContext$3(SpringBootContextLoader.java:137) ~[spring-boot-test-3.2.5.jar:3.2.5]
	at org.springframework.util.function.ThrowingSupplier.get(ThrowingSupplier.java:58) ~[spring-core-6.1.6.jar:6.1.6]
	at org.springframework.util.function.ThrowingSupplier.get(ThrowingSupplier.java:46) ~[spring-core-6.1.6.jar:6.1.6]
	at org.springframework.boot.SpringApplication.withHook(SpringApplication.java:1454) ~[spring-boot-3.2.5.jar:3.2.5]
	at org.springframework.boot.test.context.SpringBootContextLoader$ContextLoaderHook.run(SpringBootContextLoader.java:553) ~[spring-boot-test-3.2.5.jar:3.2.5]
	at org.springframework.boot.test.context.SpringBootContextLoader.loadContext(SpringBootContextLoader.java:137) ~[spring-boot-test-3.2.5.jar:3.2.5]
	at org.springframework.boot.test.context.SpringBootContextLoader.loadContext(SpringBootContextLoader.java:108) ~[spring-boot-test-3.2.5.jar:3.2.5]
	at org.springframework.test.context.cache.DefaultCacheAwareContextLoaderDelegate.loadContextInternal(DefaultCacheAwareContextLoaderDelegate.java:225) ~[spring-test-6.1.6.jar:6.1.6]
	at org.springframework.test.context.cache.DefaultCacheAwareContextLoaderDelegate.loadContext(DefaultCacheAwareContextLoaderDelegate.java:152) ~[spring-test-6.1.6.jar:6.1.6]
	at org.springframework.test.context.support.DefaultTestContext.getApplicationContext(DefaultTestContext.java:130) ~[spring-test-6.1.6.jar:6.1.6]
	at org.springframework.test.context.web.ServletTestExecutionListener.setUpRequestContextIfNecessary(ServletTestExecutionListener.java:191) ~[spring-test-6.1.6.jar:6.1.6]
	at org.springframework.test.context.web.ServletTestExecutionListener.prepareTestInstance(ServletTestExecutionListener.java:130) ~[spring-test-6.1.6.jar:6.1.6]
	at org.springframework.test.context.TestContextManager.prepareTestInstance(TestContextManager.java:260) ~[spring-test-6.1.6.jar:6.1.6]
	at org.springframework.test.context.junit.jupiter.SpringExtension.postProcessTestInstance(SpringExtension.java:163) ~[spring-test-6.1.6.jar:6.1.6]
	at org.junit.jupiter.engine.descriptor.ClassBasedTestDescriptor.lambda$invokeTestInstancePostProcessors$10(ClassBasedTestDescriptor.java:378) ~[junit-jupiter-engine-5.10.2.jar:5.10.2]
	at org.junit.jupiter.engine.descriptor.ClassBasedTestDescriptor.executeAndMaskThrowable(ClassBasedTestDescriptor.java:383) ~[junit-jupiter-engine-5.10.2.jar:5.10.2]
	at org.junit.jupiter.engine.descriptor.ClassBasedTestDescriptor.lambda$invokeTestInstancePostProcessors$11(ClassBasedTestDescriptor.java:378) ~[junit-jupiter-engine-5.10.2.jar:5.10.2]
	at java.base/java.util.stream.ReferencePipeline$3$1.accept(ReferencePipeline.java:197) ~[na:na]
	at java.base/java.util.stream.ReferencePipeline$2$1.accept(ReferencePipeline.java:179) ~[na:na]
	at java.base/java.util.ArrayList$ArrayListSpliterator.forEachRemaining(ArrayList.java:1625) ~[na:na]
	at java.base/java.util.stream.AbstractPipeline.copyInto(AbstractPipeline.java:509) ~[na:na]
	at java.base/java.util.stream.AbstractPipeline.wrapAndCopyInto(AbstractPipeline.java:499) ~[na:na]
	at java.base/java.util.stream.StreamSpliterators$WrappingSpliterator.forEachRemaining(StreamSpliterators.java:310) ~[na:na]
	at java.base/java.util.stream.Streams$ConcatSpliterator.forEachRemaining(Streams.java:735) ~[na:na]
	at java.base/java.util.stream.Streams$ConcatSpliterator.forEachRemaining(Streams.java:734) ~[na:na]
	at java.base/java.util.stream.ReferencePipeline$Head.forEach(ReferencePipeline.java:762) ~[na:na]
	at org.junit.jupiter.engine.descriptor.ClassBasedTestDescriptor.invokeTestInstancePostProcessors(ClassBasedTestDescriptor.java:377) ~[junit-jupiter-engine-5.10.2.jar:5.10.2]
	at org.junit.jupiter.engine.descriptor.ClassBasedTestDescriptor.lambda$instantiateAndPostProcessTestInstance$6(ClassBasedTestDescriptor.java:290) ~[junit-jupiter-engine-5.10.2.jar:5.10.2]
	at org.junit.platform.engine.support.hierarchical.ThrowableCollector.execute(ThrowableCollector.java:73) ~[junit-platform-engine-1.10.2.jar:1.10.2]
	at org.junit.jupiter.engine.descriptor.ClassBasedTestDescriptor.instantiateAndPostProcessTestInstance(ClassBasedTestDescriptor.java:289) ~[junit-jupiter-engine-5.10.2.jar:5.10.2]
	at org.junit.jupiter.engine.descriptor.ClassBasedTestDescriptor.lambda$testInstancesProvider$4(ClassBasedTestDescriptor.java:279) ~[junit-jupiter-engine-5.10.2.jar:5.10.2]
	at java.base/java.util.Optional.orElseGet(Optional.java:364) ~[na:na]
	at org.junit.jupiter.engine.descriptor.ClassBasedTestDescriptor.lambda$testInstancesProvider$5(ClassBasedTestDescriptor.java:278) ~[junit-jupiter-engine-5.10.2.jar:5.10.2]
	at org.junit.jupiter.engine.execution.TestInstancesProvider.getTestInstances(TestInstancesProvider.java:31) ~[junit-jupiter-engine-5.10.2.jar:5.10.2]
	at org.junit.jupiter.engine.descriptor.TestMethodTestDescriptor.lambda$prepare$0(TestMethodTestDescriptor.java:106) ~[junit-jupiter-engine-5.10.2.jar:5.10.2]
	at org.junit.platform.engine.support.hierarchical.ThrowableCollector.execute(ThrowableCollector.java:73) ~[junit-platform-engine-1.10.2.jar:1.10.2]
	at org.junit.jupiter.engine.descriptor.TestMethodTestDescriptor.prepare(TestMethodTestDescriptor.java:105) ~[junit-jupiter-engine-5.10.2.jar:5.10.2]
	at org.junit.jupiter.engine.descriptor.TestMethodTestDescriptor.prepare(TestMethodTestDescriptor.java:69) ~[junit-jupiter-engine-5.10.2.jar:5.10.2]
	at org.junit.platform.engine.support.hierarchical.NodeTestTask.lambda$prepare$2(NodeTestTask.java:123) ~[junit-platform-engine-1.10.2.jar:1.10.2]
	at org.junit.platform.engine.support.hierarchical.ThrowableCollector.execute(ThrowableCollector.java:73) ~[junit-platform-engine-1.10.2.jar:1.10.2]
	at org.junit.platform.engine.support.hierarchical.NodeTestTask.prepare(NodeTestTask.java:123) ~[junit-platform-engine-1.10.2.jar:1.10.2]
	at org.junit.platform.engine.support.hierarchical.NodeTestTask.execute(NodeTestTask.java:90) ~[junit-platform-engine-1.10.2.jar:1.10.2]
	at java.base/java.util.ArrayList.forEach(ArrayList.java:1511) ~[na:na]
	at org.junit.platform.engine.support.hierarchical.SameThreadHierarchicalTestExecutorService.invokeAll(SameThreadHierarchicalTestExecutorService.java:41) ~[junit-platform-engine-1.10.2.jar:1.10.2]
	at org.junit.platform.engine.support.hierarchical.NodeTestTask.lambda$executeRecursively$6(NodeTestTask.java:155) ~[junit-platform-engine-1.10.2.jar:1.10.2]
	at org.junit.platform.engine.support.hierarchical.ThrowableCollector.execute(ThrowableCollector.java:73) ~[junit-platform-engine-1.10.2.jar:1.10.2]
	at org.junit.platform.engine.support.hierarchical.NodeTestTask.lambda$executeRecursively$8(NodeTestTask.java:141) ~[junit-platform-engine-1.10.2.jar:1.10.2]
	at org.junit.platform.engine.support.hierarchical.Node.around(Node.java:137) ~[junit-platform-engine-1.10.2.jar:1.10.2]
	at org.junit.platform.engine.support.hierarchical.NodeTestTask.lambda$executeRecursively$9(NodeTestTask.java:139) ~[junit-platform-engine-1.10.2.jar:1.10.2]
	at org.junit.platform.engine.support.hierarchical.ThrowableCollector.execute(ThrowableCollector.java:73) ~[junit-platform-engine-1.10.2.jar:1.10.2]
	at org.junit.platform.engine.support.hierarchical.NodeTestTask.executeRecursively(NodeTestTask.java:138) ~[junit-platform-engine-1.10.2.jar:1.10.2]
	at org.junit.platform.engine.support.hierarchical.NodeTestTask.execute(NodeTestTask.java:95) ~[junit-platform-engine-1.10.2.jar:1.10.2]
	at java.base/java.util.ArrayList.forEach(ArrayList.java:1511) ~[na:na]
	at org.junit.platform.engine.support.hierarchical.SameThreadHierarchicalTestExecutorService.invokeAll(SameThreadHierarchicalTestExecutorService.java:41) ~[junit-platform-engine-1.10.2.jar:1.10.2]
	at org.junit.platform.engine.support.hierarchical.NodeTestTask.lambda$executeRecursively$6(NodeTestTask.java:155) ~[junit-platform-engine-1.10.2.jar:1.10.2]
	at org.junit.platform.engine.support.hierarchical.ThrowableCollector.execute(ThrowableCollector.java:73) ~[junit-platform-engine-1.10.2.jar:1.10.2]
	at org.junit.platform.engine.support.hierarchical.NodeTestTask.lambda$executeRecursively$8(NodeTestTask.java:141) ~[junit-platform-engine-1.10.2.jar:1.10.2]
	at org.junit.platform.engine.support.hierarchical.Node.around(Node.java:137) ~[junit-platform-engine-1.10.2.jar:1.10.2]
	at org.junit.platform.engine.support.hierarchical.NodeTestTask.lambda$executeRecursively$9(NodeTestTask.java:139) ~[junit-platform-engine-1.10.2.jar:1.10.2]
	at org.junit.platform.engine.support.hierarchical.ThrowableCollector.execute(ThrowableCollector.java:73) ~[junit-platform-engine-1.10.2.jar:1.10.2]
	at org.junit.platform.engine.support.hierarchical.NodeTestTask.executeRecursively(NodeTestTask.java:138) ~[junit-platform-engine-1.10.2.jar:1.10.2]
	at org.junit.platform.engine.support.hierarchical.NodeTestTask.execute(NodeTestTask.java:95) ~[junit-platform-engine-1.10.2.jar:1.10.2]
	at org.junit.platform.engine.support.hierarchical.SameThreadHierarchicalTestExecutorService.submit(SameThreadHierarchicalTestExecutorService.java:35) ~[junit-platform-engine-1.10.2.jar:1.10.2]
	at org.junit.platform.engine.support.hierarchical.HierarchicalTestExecutor.execute(HierarchicalTestExecutor.java:57) ~[junit-platform-engine-1.10.2.jar:1.10.2]
	at org.junit.platform.engine.support.hierarchical.HierarchicalTestEngine.execute(HierarchicalTestEngine.java:54) ~[junit-platform-engine-1.10.2.jar:1.10.2]
	at org.junit.platform.launcher.core.EngineExecutionOrchestrator.execute(EngineExecutionOrchestrator.java:198) ~[junit-platform-launcher-1.10.2.jar:1.10.2]
	at org.junit.platform.launcher.core.EngineExecutionOrchestrator.execute(EngineExecutionOrchestrator.java:169) ~[junit-platform-launcher-1.10.2.jar:1.10.2]
	at org.junit.platform.launcher.core.EngineExecutionOrchestrator.execute(EngineExecutionOrchestrator.java:93) ~[junit-platform-launcher-1.10.2.jar:1.10.2]
	at org.junit.platform.launcher.core.EngineExecutionOrchestrator.lambda$execute$0(EngineExecutionOrchestrator.java:58) ~[junit-platform-launcher-1.10.2.jar:1.10.2]
	at org.junit.platform.launcher.core.EngineExecutionOrchestrator.withInterceptedStreams(EngineExecutionOrchestrator.java:141) ~[junit-platform-launcher-1.10.2.jar:1.10.2]
	at org.junit.platform.launcher.core.EngineExecutionOrchestrator.execute(EngineExecutionOrchestrator.java:57) ~[junit-platform-launcher-1.10.2.jar:1.10.2]
	at org.junit.platform.launcher.core.DefaultLauncher.execute(DefaultLauncher.java:103) ~[junit-platform-launcher-1.10.2.jar:1.10.2]
	at org.junit.platform.launcher.core.DefaultLauncher.execute(DefaultLauncher.java:85) ~[junit-platform-launcher-1.10.2.jar:1.10.2]
	at org.junit.platform.launcher.core.DelegatingLauncher.execute(DelegatingLauncher.java:47) ~[junit-platform-launcher-1.10.2.jar:1.10.2]
	at org.gradle.api.internal.tasks.testing.junitplatform.JUnitPlatformTestClassProcessor$CollectAllTestClassesExecutor.processAllTestClasses(JUnitPlatformTestClassProcessor.java:119) ~[na:na]
	at org.gradle.api.internal.tasks.testing.junitplatform.JUnitPlatformTestClassProcessor$CollectAllTestClassesExecutor.access$000(JUnitPlatformTestClassProcessor.java:94) ~[na:na]
	at org.gradle.api.internal.tasks.testing.junitplatform.JUnitPlatformTestClassProcessor.stop(JUnitPlatformTestClassProcessor.java:89) ~[na:na]
	at org.gradle.api.internal.tasks.testing.SuiteTestClassProcessor.stop(SuiteTestClassProcessor.java:62) ~[na:na]
	at java.base/jdk.internal.reflect.NativeMethodAccessorImpl.invoke0(Native Method) ~[na:na]
	at java.base/jdk.internal.reflect.NativeMethodAccessorImpl.invoke(NativeMethodAccessorImpl.java:77) ~[na:na]
	at java.base/jdk.internal.reflect.DelegatingMethodAccessorImpl.invoke(DelegatingMethodAccessorImpl.java:43) ~[na:na]
	at java.base/java.lang.reflect.Method.invoke(Method.java:568) ~[na:na]
	at org.gradle.internal.dispatch.ReflectionDispatch.dispatch(ReflectionDispatch.java:36) ~[na:na]
	at org.gradle.internal.dispatch.ReflectionDispatch.dispatch(ReflectionDispatch.java:24) ~[na:na]
	at org.gradle.internal.dispatch.ContextClassLoaderDispatch.dispatch(ContextClassLoaderDispatch.java:33) ~[na:na]
	at org.gradle.internal.dispatch.ProxyDispatchAdapter$DispatchingInvocationHandler.invoke(ProxyDispatchAdapter.java:94) ~[na:na]
	at jdk.proxy1/jdk.proxy1.$Proxy2.stop(Unknown Source) ~[na:na]
	at org.gradle.api.internal.tasks.testing.worker.TestWorker$3.run(TestWorker.java:193) ~[na:na]
	at org.gradle.api.internal.tasks.testing.worker.TestWorker.executeAndMaintainThreadName(TestWorker.java:129) ~[na:na]
	at org.gradle.api.internal.tasks.testing.worker.TestWorker.execute(TestWorker.java:100) ~[na:na]
	at org.gradle.api.internal.tasks.testing.worker.TestWorker.execute(TestWorker.java:60) ~[na:na]
	at org.gradle.process.internal.worker.child.ActionExecutionWorker.execute(ActionExecutionWorker.java:56) ~[na:na]
	at org.gradle.process.internal.worker.child.SystemApplicationClassLoaderWorker.call(SystemApplicationClassLoaderWorker.java:119) ~[na:na]
	at org.gradle.process.internal.worker.child.SystemApplicationClassLoaderWorker.call(SystemApplicationClassLoaderWorker.java:66) ~[na:na]
	at worker.org.gradle.process.internal.worker.GradleWorkerMain.run(GradleWorkerMain.java:69) ~[gradle-worker.jar:na]
	at worker.org.gradle.process.internal.worker.GradleWorkerMain.main(GradleWorkerMain.java:74) ~[gradle-worker.jar:na]

2024-11-18T12:45:51.032-04:00 DEBUG 24640 --- [examen2] [    Test worker] o.s.d.jpa.repository.query.NamedQuery    : Did not find named query Consulta.findByMedicoId
2024-11-18T12:45:51.032-04:00 DEBUG 24640 --- [examen2] [    Test worker] tor$SharedEntityManagerInvocationHandler : Creating new EntityManager for shared EntityManager invocation
2024-11-18T12:45:51.034-04:00 DEBUG 24640 --- [examen2] [    Test worker] o.s.d.r.c.s.RepositoryFactorySupport     : Finished creation of repository instance for com.example.examen2.consultas.repository.ConsultaRepository.
2024-11-18T12:45:51.035-04:00 DEBUG 24640 --- [examen2] [    Test worker] o.s.b.f.s.DefaultListableBeanFactory     : Creating shared instance of singleton bean 'procedimientoRepository'
2024-11-18T12:45:51.036-04:00 DEBUG 24640 --- [examen2] [    Test worker] o.s.b.f.s.DefaultListableBeanFactory     : Creating shared instance of singleton bean 'jpa.named-queries#8'
2024-11-18T12:45:51.036-04:00 DEBUG 24640 --- [examen2] [    Test worker] o.s.b.f.s.DefaultListableBeanFactory     : Creating shared instance of singleton bean 'jpa.ProcedimientoRepository.fragments#0'
2024-11-18T12:45:51.036-04:00 DEBUG 24640 --- [examen2] [    Test worker] tor$SharedEntityManagerInvocationHandler : Creating new EntityManager for shared EntityManager invocation
2024-11-18T12:45:51.040-04:00 DEBUG 24640 --- [examen2] [    Test worker] o.s.d.r.c.s.RepositoryFactorySupport     : Initializing repository instance for com.example.examen2.procedimientos.repository.ProcedimientoRepository…
2024-11-18T12:45:51.040-04:00 DEBUG 24640 --- [examen2] [    Test worker] tor$SharedEntityManagerInvocationHandler : Creating new EntityManager for shared EntityManager invocation
2024-11-18T12:45:51.043-04:00 DEBUG 24640 --- [examen2] [    Test worker] cResourceLocalTransactionCoordinatorImpl : JDBC transaction marked for rollback-only (exception provided for stack trace)

java.lang.Exception: exception just for purpose of providing stack trace
	at org.hibernate.resource.transaction.backend.jdbc.internal.JdbcResourceLocalTransactionCoordinatorImpl$TransactionDriverControlImpl.markRollbackOnly(JdbcResourceLocalTransactionCoordinatorImpl.java:310) ~[hibernate-core-6.4.4.Final.jar:6.4.4.Final]
	at org.hibernate.internal.AbstractSharedSessionContract.buildNamedQuery(AbstractSharedSessionContract.java:1097) ~[hibernate-core-6.4.4.Final.jar:6.4.4.Final]
	at org.hibernate.internal.AbstractSharedSessionContract.createNamedQuery(AbstractSharedSessionContract.java:975) ~[hibernate-core-6.4.4.Final.jar:6.4.4.Final]
	at org.hibernate.internal.AbstractSharedSessionContract.createNamedQuery(AbstractSharedSessionContract.java:136) ~[hibernate-core-6.4.4.Final.jar:6.4.4.Final]
	at java.base/jdk.internal.reflect.NativeMethodAccessorImpl.invoke0(Native Method) ~[na:na]
	at java.base/jdk.internal.reflect.NativeMethodAccessorImpl.invoke(NativeMethodAccessorImpl.java:77) ~[na:na]
	at java.base/jdk.internal.reflect.DelegatingMethodAccessorImpl.invoke(DelegatingMethodAccessorImpl.java:43) ~[na:na]
	at java.base/java.lang.reflect.Method.invoke(Method.java:568) ~[na:na]
	at org.springframework.orm.jpa.ExtendedEntityManagerCreator$ExtendedEntityManagerInvocationHandler.invoke(ExtendedEntityManagerCreator.java:364) ~[spring-orm-6.1.6.jar:6.1.6]
	at jdk.proxy3/jdk.proxy3.$Proxy137.createNamedQuery(Unknown Source) ~[na:na]
	at org.springframework.data.jpa.repository.query.NamedQuery.hasNamedQuery(NamedQuery.java:113) ~[spring-data-jpa-3.2.5.jar:3.2.5]
	at org.springframework.data.jpa.repository.query.JpaQueryLookupStrategy$DeclaredQueryLookupStrategy.getCountQuery(JpaQueryLookupStrategy.java:204) ~[spring-data-jpa-3.2.5.jar:3.2.5]
	at org.springframework.data.jpa.repository.query.JpaQueryLookupStrategy$DeclaredQueryLookupStrategy.resolveQuery(JpaQueryLookupStrategy.java:171) ~[spring-data-jpa-3.2.5.jar:3.2.5]
	at org.springframework.data.jpa.repository.query.JpaQueryLookupStrategy$CreateIfNotFoundQueryLookupStrategy.resolveQuery(JpaQueryLookupStrategy.java:252) ~[spring-data-jpa-3.2.5.jar:3.2.5]
	at org.springframework.data.jpa.repository.query.JpaQueryLookupStrategy$AbstractQueryLookupStrategy.resolveQuery(JpaQueryLookupStrategy.java:95) ~[spring-data-jpa-3.2.5.jar:3.2.5]
	at org.springframework.data.repository.core.support.QueryExecutorMethodInterceptor.lookupQuery(QueryExecutorMethodInterceptor.java:111) ~[spring-data-commons-3.2.5.jar:3.2.5]
	at org.springframework.data.repository.core.support.QueryExecutorMethodInterceptor.mapMethodsToQuery(QueryExecutorMethodInterceptor.java:99) ~[spring-data-commons-3.2.5.jar:3.2.5]
	at org.springframework.data.repository.core.support.QueryExecutorMethodInterceptor.lambda$new$0(QueryExecutorMethodInterceptor.java:88) ~[spring-data-commons-3.2.5.jar:3.2.5]
	at java.base/java.util.Optional.map(Optional.java:260) ~[na:na]
	at org.springframework.data.repository.core.support.QueryExecutorMethodInterceptor.<init>(QueryExecutorMethodInterceptor.java:88) ~[spring-data-commons-3.2.5.jar:3.2.5]
	at org.springframework.data.repository.core.support.RepositoryFactorySupport.getRepository(RepositoryFactorySupport.java:357) ~[spring-data-commons-3.2.5.jar:3.2.5]
	at org.springframework.data.repository.core.support.RepositoryFactoryBeanSupport.lambda$afterPropertiesSet$5(RepositoryFactoryBeanSupport.java:279) ~[spring-data-commons-3.2.5.jar:3.2.5]
	at org.springframework.data.util.Lazy.getNullable(Lazy.java:135) ~[spring-data-commons-3.2.5.jar:3.2.5]
	at org.springframework.data.util.Lazy.get(Lazy.java:113) ~[spring-data-commons-3.2.5.jar:3.2.5]
	at org.springframework.data.repository.core.support.RepositoryFactoryBeanSupport.afterPropertiesSet(RepositoryFactoryBeanSupport.java:285) ~[spring-data-commons-3.2.5.jar:3.2.5]
	at org.springframework.data.jpa.repository.support.JpaRepositoryFactoryBean.afterPropertiesSet(JpaRepositoryFactoryBean.java:132) ~[spring-data-jpa-3.2.5.jar:3.2.5]
	at org.springframework.beans.factory.support.AbstractAutowireCapableBeanFactory.invokeInitMethods(AbstractAutowireCapableBeanFactory.java:1833) ~[spring-beans-6.1.6.jar:6.1.6]
	at org.springframework.beans.factory.support.AbstractAutowireCapableBeanFactory.initializeBean(AbstractAutowireCapableBeanFactory.java:1782) ~[spring-beans-6.1.6.jar:6.1.6]
	at org.springframework.beans.factory.support.AbstractAutowireCapableBeanFactory.doCreateBean(AbstractAutowireCapableBeanFactory.java:600) ~[spring-beans-6.1.6.jar:6.1.6]
	at org.springframework.beans.factory.support.AbstractAutowireCapableBeanFactory.createBean(AbstractAutowireCapableBeanFactory.java:522) ~[spring-beans-6.1.6.jar:6.1.6]
	at org.springframework.beans.factory.support.AbstractBeanFactory.lambda$doGetBean$0(AbstractBeanFactory.java:326) ~[spring-beans-6.1.6.jar:6.1.6]
	at org.springframework.beans.factory.support.DefaultSingletonBeanRegistry.getSingleton(DefaultSingletonBeanRegistry.java:234) ~[spring-beans-6.1.6.jar:6.1.6]
	at org.springframework.beans.factory.support.AbstractBeanFactory.doGetBean(AbstractBeanFactory.java:324) ~[spring-beans-6.1.6.jar:6.1.6]
	at org.springframework.beans.factory.support.AbstractBeanFactory.getBean(AbstractBeanFactory.java:200) ~[spring-beans-6.1.6.jar:6.1.6]
	at org.springframework.beans.factory.config.DependencyDescriptor.resolveCandidate(DependencyDescriptor.java:254) ~[spring-beans-6.1.6.jar:6.1.6]
	at org.springframework.beans.factory.support.DefaultListableBeanFactory.doResolveDependency(DefaultListableBeanFactory.java:1443) ~[spring-beans-6.1.6.jar:6.1.6]
	at org.springframework.beans.factory.support.DefaultListableBeanFactory.resolveDependency(DefaultListableBeanFactory.java:1353) ~[spring-beans-6.1.6.jar:6.1.6]
	at org.springframework.beans.factory.annotation.AutowiredAnnotationBeanPostProcessor$AutowiredFieldElement.resolveFieldValue(AutowiredAnnotationBeanPostProcessor.java:784) ~[spring-beans-6.1.6.jar:6.1.6]
	at org.springframework.beans.factory.annotation.AutowiredAnnotationBeanPostProcessor$AutowiredFieldElement.inject(AutowiredAnnotationBeanPostProcessor.java:767) ~[spring-beans-6.1.6.jar:6.1.6]
	at org.springframework.beans.factory.annotation.InjectionMetadata.inject(InjectionMetadata.java:145) ~[spring-beans-6.1.6.jar:6.1.6]
	at org.springframework.beans.factory.annotation.AutowiredAnnotationBeanPostProcessor.postProcessProperties(AutowiredAnnotationBeanPostProcessor.java:508) ~[spring-beans-6.1.6.jar:6.1.6]
	at org.springframework.beans.factory.support.AbstractAutowireCapableBeanFactory.populateBean(AbstractAutowireCapableBeanFactory.java:1419) ~[spring-beans-6.1.6.jar:6.1.6]
	at org.springframework.beans.factory.support.AbstractAutowireCapableBeanFactory.doCreateBean(AbstractAutowireCapableBeanFactory.java:599) ~[spring-beans-6.1.6.jar:6.1.6]
	at org.springframework.beans.factory.support.AbstractAutowireCapableBeanFactory.createBean(AbstractAutowireCapableBeanFactory.java:522) ~[spring-beans-6.1.6.jar:6.1.6]
	at org.springframework.beans.factory.support.AbstractBeanFactory.lambda$doGetBean$0(AbstractBeanFactory.java:326) ~[spring-beans-6.1.6.jar:6.1.6]
	at org.springframework.beans.factory.support.DefaultSingletonBeanRegistry.getSingleton(DefaultSingletonBeanRegistry.java:234) ~[spring-beans-6.1.6.jar:6.1.6]
	at org.springframework.beans.factory.support.AbstractBeanFactory.doGetBean(AbstractBeanFactory.java:324) ~[spring-beans-6.1.6.jar:6.1.6]
	at org.springframework.beans.factory.support.AbstractBeanFactory.getBean(AbstractBeanFactory.java:200) ~[spring-beans-6.1.6.jar:6.1.6]
	at org.springframework.beans.factory.config.DependencyDescriptor.resolveCandidate(DependencyDescriptor.java:254) ~[spring-beans-6.1.6.jar:6.1.6]
	at org.springframework.beans.factory.support.DefaultListableBeanFactory.doResolveDependency(DefaultListableBeanFactory.java:1443) ~[spring-beans-6.1.6.jar:6.1.6]
	at org.springframework.beans.factory.support.DefaultListableBeanFactory.resolveDependency(DefaultListableBeanFactory.java:1353) ~[spring-beans-6.1.6.jar:6.1.6]
	at org.springframework.beans.factory.annotation.AutowiredAnnotationBeanPostProcessor$AutowiredFieldElement.resolveFieldValue(AutowiredAnnotationBeanPostProcessor.java:784) ~[spring-beans-6.1.6.jar:6.1.6]
	at org.springframework.beans.factory.annotation.AutowiredAnnotationBeanPostProcessor$AutowiredFieldElement.inject(AutowiredAnnotationBeanPostProcessor.java:767) ~[spring-beans-6.1.6.jar:6.1.6]
	at org.springframework.beans.factory.annotation.InjectionMetadata.inject(InjectionMetadata.java:145) ~[spring-beans-6.1.6.jar:6.1.6]
	at org.springframework.beans.factory.annotation.AutowiredAnnotationBeanPostProcessor.postProcessProperties(AutowiredAnnotationBeanPostProcessor.java:508) ~[spring-beans-6.1.6.jar:6.1.6]
	at org.springframework.beans.factory.support.AbstractAutowireCapableBeanFactory.populateBean(AbstractAutowireCapableBeanFactory.java:1419) ~[spring-beans-6.1.6.jar:6.1.6]
	at org.springframework.beans.factory.support.AbstractAutowireCapableBeanFactory.doCreateBean(AbstractAutowireCapableBeanFactory.java:599) ~[spring-beans-6.1.6.jar:6.1.6]
	at org.springframework.beans.factory.support.AbstractAutowireCapableBeanFactory.createBean(AbstractAutowireCapableBeanFactory.java:522) ~[spring-beans-6.1.6.jar:6.1.6]
	at org.springframework.beans.factory.support.AbstractBeanFactory.lambda$doGetBean$0(AbstractBeanFactory.java:326) ~[spring-beans-6.1.6.jar:6.1.6]
	at org.springframework.beans.factory.support.DefaultSingletonBeanRegistry.getSingleton(DefaultSingletonBeanRegistry.java:234) ~[spring-beans-6.1.6.jar:6.1.6]
	at org.springframework.beans.factory.support.AbstractBeanFactory.doGetBean(AbstractBeanFactory.java:324) ~[spring-beans-6.1.6.jar:6.1.6]
	at org.springframework.beans.factory.support.AbstractBeanFactory.getBean(AbstractBeanFactory.java:200) ~[spring-beans-6.1.6.jar:6.1.6]
	at org.springframework.beans.factory.config.DependencyDescriptor.resolveCandidate(DependencyDescriptor.java:254) ~[spring-beans-6.1.6.jar:6.1.6]
	at org.springframework.beans.factory.support.DefaultListableBeanFactory.doResolveDependency(DefaultListableBeanFactory.java:1443) ~[spring-beans-6.1.6.jar:6.1.6]
	at org.springframework.beans.factory.support.DefaultListableBeanFactory.resolveDependency(DefaultListableBeanFactory.java:1353) ~[spring-beans-6.1.6.jar:6.1.6]
	at org.springframework.beans.factory.annotation.AutowiredAnnotationBeanPostProcessor$AutowiredFieldElement.resolveFieldValue(AutowiredAnnotationBeanPostProcessor.java:784) ~[spring-beans-6.1.6.jar:6.1.6]
	at org.springframework.beans.factory.annotation.AutowiredAnnotationBeanPostProcessor$AutowiredFieldElement.inject(AutowiredAnnotationBeanPostProcessor.java:767) ~[spring-beans-6.1.6.jar:6.1.6]
	at org.springframework.beans.factory.annotation.InjectionMetadata.inject(InjectionMetadata.java:145) ~[spring-beans-6.1.6.jar:6.1.6]
	at org.springframework.beans.factory.annotation.AutowiredAnnotationBeanPostProcessor.postProcessProperties(AutowiredAnnotationBeanPostProcessor.java:508) ~[spring-beans-6.1.6.jar:6.1.6]
	at org.springframework.beans.factory.support.AbstractAutowireCapableBeanFactory.populateBean(AbstractAutowireCapableBeanFactory.java:1419) ~[spring-beans-6.1.6.jar:6.1.6]
	at org.springframework.beans.factory.support.AbstractAutowireCapableBeanFactory.doCreateBean(AbstractAutowireCapableBeanFactory.java:599) ~[spring-beans-6.1.6.jar:6.1.6]
	at org.springframework.beans.factory.support.AbstractAutowireCapableBeanFactory.createBean(AbstractAutowireCapableBeanFactory.java:522) ~[spring-beans-6.1.6.jar:6.1.6]
	at org.springframework.beans.factory.support.AbstractBeanFactory.lambda$doGetBean$0(AbstractBeanFactory.java:326) ~[spring-beans-6.1.6.jar:6.1.6]
	at org.springframework.beans.factory.support.DefaultSingletonBeanRegistry.getSingleton(DefaultSingletonBeanRegistry.java:234) ~[spring-beans-6.1.6.jar:6.1.6]
	at org.springframework.beans.factory.support.AbstractBeanFactory.doGetBean(AbstractBeanFactory.java:324) ~[spring-beans-6.1.6.jar:6.1.6]
	at org.springframework.beans.factory.support.AbstractBeanFactory.getBean(AbstractBeanFactory.java:200) ~[spring-beans-6.1.6.jar:6.1.6]
	at org.springframework.beans.factory.support.DefaultListableBeanFactory.preInstantiateSingletons(DefaultListableBeanFactory.java:975) ~[spring-beans-6.1.6.jar:6.1.6]
	at org.springframework.context.support.AbstractApplicationContext.finishBeanFactoryInitialization(AbstractApplicationContext.java:962) ~[spring-context-6.1.6.jar:6.1.6]
	at org.springframework.context.support.AbstractApplicationContext.refresh(AbstractApplicationContext.java:624) ~[spring-context-6.1.6.jar:6.1.6]
	at org.springframework.boot.SpringApplication.refresh(SpringApplication.java:754) ~[spring-boot-3.2.5.jar:3.2.5]
	at org.springframework.boot.SpringApplication.refreshContext(SpringApplication.java:456) ~[spring-boot-3.2.5.jar:3.2.5]
	at org.springframework.boot.SpringApplication.run(SpringApplication.java:334) ~[spring-boot-3.2.5.jar:3.2.5]
	at org.springframework.boot.test.context.SpringBootContextLoader.lambda$loadContext$3(SpringBootContextLoader.java:137) ~[spring-boot-test-3.2.5.jar:3.2.5]
	at org.springframework.util.function.ThrowingSupplier.get(ThrowingSupplier.java:58) ~[spring-core-6.1.6.jar:6.1.6]
	at org.springframework.util.function.ThrowingSupplier.get(ThrowingSupplier.java:46) ~[spring-core-6.1.6.jar:6.1.6]
	at org.springframework.boot.SpringApplication.withHook(SpringApplication.java:1454) ~[spring-boot-3.2.5.jar:3.2.5]
	at org.springframework.boot.test.context.SpringBootContextLoader$ContextLoaderHook.run(SpringBootContextLoader.java:553) ~[spring-boot-test-3.2.5.jar:3.2.5]
	at org.springframework.boot.test.context.SpringBootContextLoader.loadContext(SpringBootContextLoader.java:137) ~[spring-boot-test-3.2.5.jar:3.2.5]
	at org.springframework.boot.test.context.SpringBootContextLoader.loadContext(SpringBootContextLoader.java:108) ~[spring-boot-test-3.2.5.jar:3.2.5]
	at org.springframework.test.context.cache.DefaultCacheAwareContextLoaderDelegate.loadContextInternal(DefaultCacheAwareContextLoaderDelegate.java:225) ~[spring-test-6.1.6.jar:6.1.6]
	at org.springframework.test.context.cache.DefaultCacheAwareContextLoaderDelegate.loadContext(DefaultCacheAwareContextLoaderDelegate.java:152) ~[spring-test-6.1.6.jar:6.1.6]
	at org.springframework.test.context.support.DefaultTestContext.getApplicationContext(DefaultTestContext.java:130) ~[spring-test-6.1.6.jar:6.1.6]
	at org.springframework.test.context.web.ServletTestExecutionListener.setUpRequestContextIfNecessary(ServletTestExecutionListener.java:191) ~[spring-test-6.1.6.jar:6.1.6]
	at org.springframework.test.context.web.ServletTestExecutionListener.prepareTestInstance(ServletTestExecutionListener.java:130) ~[spring-test-6.1.6.jar:6.1.6]
	at org.springframework.test.context.TestContextManager.prepareTestInstance(TestContextManager.java:260) ~[spring-test-6.1.6.jar:6.1.6]
	at org.springframework.test.context.junit.jupiter.SpringExtension.postProcessTestInstance(SpringExtension.java:163) ~[spring-test-6.1.6.jar:6.1.6]
	at org.junit.jupiter.engine.descriptor.ClassBasedTestDescriptor.lambda$invokeTestInstancePostProcessors$10(ClassBasedTestDescriptor.java:378) ~[junit-jupiter-engine-5.10.2.jar:5.10.2]
	at org.junit.jupiter.engine.descriptor.ClassBasedTestDescriptor.executeAndMaskThrowable(ClassBasedTestDescriptor.java:383) ~[junit-jupiter-engine-5.10.2.jar:5.10.2]
	at org.junit.jupiter.engine.descriptor.ClassBasedTestDescriptor.lambda$invokeTestInstancePostProcessors$11(ClassBasedTestDescriptor.java:378) ~[junit-jupiter-engine-5.10.2.jar:5.10.2]
	at java.base/java.util.stream.ReferencePipeline$3$1.accept(ReferencePipeline.java:197) ~[na:na]
	at java.base/java.util.stream.ReferencePipeline$2$1.accept(ReferencePipeline.java:179) ~[na:na]
	at java.base/java.util.ArrayList$ArrayListSpliterator.forEachRemaining(ArrayList.java:1625) ~[na:na]
	at java.base/java.util.stream.AbstractPipeline.copyInto(AbstractPipeline.java:509) ~[na:na]
	at java.base/java.util.stream.AbstractPipeline.wrapAndCopyInto(AbstractPipeline.java:499) ~[na:na]
	at java.base/java.util.stream.StreamSpliterators$WrappingSpliterator.forEachRemaining(StreamSpliterators.java:310) ~[na:na]
	at java.base/java.util.stream.Streams$ConcatSpliterator.forEachRemaining(Streams.java:735) ~[na:na]
	at java.base/java.util.stream.Streams$ConcatSpliterator.forEachRemaining(Streams.java:734) ~[na:na]
	at java.base/java.util.stream.ReferencePipeline$Head.forEach(ReferencePipeline.java:762) ~[na:na]
	at org.junit.jupiter.engine.descriptor.ClassBasedTestDescriptor.invokeTestInstancePostProcessors(ClassBasedTestDescriptor.java:377) ~[junit-jupiter-engine-5.10.2.jar:5.10.2]
	at org.junit.jupiter.engine.descriptor.ClassBasedTestDescriptor.lambda$instantiateAndPostProcessTestInstance$6(ClassBasedTestDescriptor.java:290) ~[junit-jupiter-engine-5.10.2.jar:5.10.2]
	at org.junit.platform.engine.support.hierarchical.ThrowableCollector.execute(ThrowableCollector.java:73) ~[junit-platform-engine-1.10.2.jar:1.10.2]
	at org.junit.jupiter.engine.descriptor.ClassBasedTestDescriptor.instantiateAndPostProcessTestInstance(ClassBasedTestDescriptor.java:289) ~[junit-jupiter-engine-5.10.2.jar:5.10.2]
	at org.junit.jupiter.engine.descriptor.ClassBasedTestDescriptor.lambda$testInstancesProvider$4(ClassBasedTestDescriptor.java:279) ~[junit-jupiter-engine-5.10.2.jar:5.10.2]
	at java.base/java.util.Optional.orElseGet(Optional.java:364) ~[na:na]
	at org.junit.jupiter.engine.descriptor.ClassBasedTestDescriptor.lambda$testInstancesProvider$5(ClassBasedTestDescriptor.java:278) ~[junit-jupiter-engine-5.10.2.jar:5.10.2]
	at org.junit.jupiter.engine.execution.TestInstancesProvider.getTestInstances(TestInstancesProvider.java:31) ~[junit-jupiter-engine-5.10.2.jar:5.10.2]
	at org.junit.jupiter.engine.descriptor.TestMethodTestDescriptor.lambda$prepare$0(TestMethodTestDescriptor.java:106) ~[junit-jupiter-engine-5.10.2.jar:5.10.2]
	at org.junit.platform.engine.support.hierarchical.ThrowableCollector.execute(ThrowableCollector.java:73) ~[junit-platform-engine-1.10.2.jar:1.10.2]
	at org.junit.jupiter.engine.descriptor.TestMethodTestDescriptor.prepare(TestMethodTestDescriptor.java:105) ~[junit-jupiter-engine-5.10.2.jar:5.10.2]
	at org.junit.jupiter.engine.descriptor.TestMethodTestDescriptor.prepare(TestMethodTestDescriptor.java:69) ~[junit-jupiter-engine-5.10.2.jar:5.10.2]
	at org.junit.platform.engine.support.hierarchical.NodeTestTask.lambda$prepare$2(NodeTestTask.java:123) ~[junit-platform-engine-1.10.2.jar:1.10.2]
	at org.junit.platform.engine.support.hierarchical.ThrowableCollector.execute(ThrowableCollector.java:73) ~[junit-platform-engine-1.10.2.jar:1.10.2]
	at org.junit.platform.engine.support.hierarchical.NodeTestTask.prepare(NodeTestTask.java:123) ~[junit-platform-engine-1.10.2.jar:1.10.2]
	at org.junit.platform.engine.support.hierarchical.NodeTestTask.execute(NodeTestTask.java:90) ~[junit-platform-engine-1.10.2.jar:1.10.2]
	at java.base/java.util.ArrayList.forEach(ArrayList.java:1511) ~[na:na]
	at org.junit.platform.engine.support.hierarchical.SameThreadHierarchicalTestExecutorService.invokeAll(SameThreadHierarchicalTestExecutorService.java:41) ~[junit-platform-engine-1.10.2.jar:1.10.2]
	at org.junit.platform.engine.support.hierarchical.NodeTestTask.lambda$executeRecursively$6(NodeTestTask.java:155) ~[junit-platform-engine-1.10.2.jar:1.10.2]
	at org.junit.platform.engine.support.hierarchical.ThrowableCollector.execute(ThrowableCollector.java:73) ~[junit-platform-engine-1.10.2.jar:1.10.2]
	at org.junit.platform.engine.support.hierarchical.NodeTestTask.lambda$executeRecursively$8(NodeTestTask.java:141) ~[junit-platform-engine-1.10.2.jar:1.10.2]
	at org.junit.platform.engine.support.hierarchical.Node.around(Node.java:137) ~[junit-platform-engine-1.10.2.jar:1.10.2]
	at org.junit.platform.engine.support.hierarchical.NodeTestTask.lambda$executeRecursively$9(NodeTestTask.java:139) ~[junit-platform-engine-1.10.2.jar:1.10.2]
	at org.junit.platform.engine.support.hierarchical.ThrowableCollector.execute(ThrowableCollector.java:73) ~[junit-platform-engine-1.10.2.jar:1.10.2]
	at org.junit.platform.engine.support.hierarchical.NodeTestTask.executeRecursively(NodeTestTask.java:138) ~[junit-platform-engine-1.10.2.jar:1.10.2]
	at org.junit.platform.engine.support.hierarchical.NodeTestTask.execute(NodeTestTask.java:95) ~[junit-platform-engine-1.10.2.jar:1.10.2]
	at java.base/java.util.ArrayList.forEach(ArrayList.java:1511) ~[na:na]
	at org.junit.platform.engine.support.hierarchical.SameThreadHierarchicalTestExecutorService.invokeAll(SameThreadHierarchicalTestExecutorService.java:41) ~[junit-platform-engine-1.10.2.jar:1.10.2]
	at org.junit.platform.engine.support.hierarchical.NodeTestTask.lambda$executeRecursively$6(NodeTestTask.java:155) ~[junit-platform-engine-1.10.2.jar:1.10.2]
	at org.junit.platform.engine.support.hierarchical.ThrowableCollector.execute(ThrowableCollector.java:73) ~[junit-platform-engine-1.10.2.jar:1.10.2]
	at org.junit.platform.engine.support.hierarchical.NodeTestTask.lambda$executeRecursively$8(NodeTestTask.java:141) ~[junit-platform-engine-1.10.2.jar:1.10.2]
	at org.junit.platform.engine.support.hierarchical.Node.around(Node.java:137) ~[junit-platform-engine-1.10.2.jar:1.10.2]
	at org.junit.platform.engine.support.hierarchical.NodeTestTask.lambda$executeRecursively$9(NodeTestTask.java:139) ~[junit-platform-engine-1.10.2.jar:1.10.2]
	at org.junit.platform.engine.support.hierarchical.ThrowableCollector.execute(ThrowableCollector.java:73) ~[junit-platform-engine-1.10.2.jar:1.10.2]
	at org.junit.platform.engine.support.hierarchical.NodeTestTask.executeRecursively(NodeTestTask.java:138) ~[junit-platform-engine-1.10.2.jar:1.10.2]
	at org.junit.platform.engine.support.hierarchical.NodeTestTask.execute(NodeTestTask.java:95) ~[junit-platform-engine-1.10.2.jar:1.10.2]
	at org.junit.platform.engine.support.hierarchical.SameThreadHierarchicalTestExecutorService.submit(SameThreadHierarchicalTestExecutorService.java:35) ~[junit-platform-engine-1.10.2.jar:1.10.2]
	at org.junit.platform.engine.support.hierarchical.HierarchicalTestExecutor.execute(HierarchicalTestExecutor.java:57) ~[junit-platform-engine-1.10.2.jar:1.10.2]
	at org.junit.platform.engine.support.hierarchical.HierarchicalTestEngine.execute(HierarchicalTestEngine.java:54) ~[junit-platform-engine-1.10.2.jar:1.10.2]
	at org.junit.platform.launcher.core.EngineExecutionOrchestrator.execute(EngineExecutionOrchestrator.java:198) ~[junit-platform-launcher-1.10.2.jar:1.10.2]
	at org.junit.platform.launcher.core.EngineExecutionOrchestrator.execute(EngineExecutionOrchestrator.java:169) ~[junit-platform-launcher-1.10.2.jar:1.10.2]
	at org.junit.platform.launcher.core.EngineExecutionOrchestrator.execute(EngineExecutionOrchestrator.java:93) ~[junit-platform-launcher-1.10.2.jar:1.10.2]
	at org.junit.platform.launcher.core.EngineExecutionOrchestrator.lambda$execute$0(EngineExecutionOrchestrator.java:58) ~[junit-platform-launcher-1.10.2.jar:1.10.2]
	at org.junit.platform.launcher.core.EngineExecutionOrchestrator.withInterceptedStreams(EngineExecutionOrchestrator.java:141) ~[junit-platform-launcher-1.10.2.jar:1.10.2]
	at org.junit.platform.launcher.core.EngineExecutionOrchestrator.execute(EngineExecutionOrchestrator.java:57) ~[junit-platform-launcher-1.10.2.jar:1.10.2]
	at org.junit.platform.launcher.core.DefaultLauncher.execute(DefaultLauncher.java:103) ~[junit-platform-launcher-1.10.2.jar:1.10.2]
	at org.junit.platform.launcher.core.DefaultLauncher.execute(DefaultLauncher.java:85) ~[junit-platform-launcher-1.10.2.jar:1.10.2]
	at org.junit.platform.launcher.core.DelegatingLauncher.execute(DelegatingLauncher.java:47) ~[junit-platform-launcher-1.10.2.jar:1.10.2]
	at org.gradle.api.internal.tasks.testing.junitplatform.JUnitPlatformTestClassProcessor$CollectAllTestClassesExecutor.processAllTestClasses(JUnitPlatformTestClassProcessor.java:119) ~[na:na]
	at org.gradle.api.internal.tasks.testing.junitplatform.JUnitPlatformTestClassProcessor$CollectAllTestClassesExecutor.access$000(JUnitPlatformTestClassProcessor.java:94) ~[na:na]
	at org.gradle.api.internal.tasks.testing.junitplatform.JUnitPlatformTestClassProcessor.stop(JUnitPlatformTestClassProcessor.java:89) ~[na:na]
	at org.gradle.api.internal.tasks.testing.SuiteTestClassProcessor.stop(SuiteTestClassProcessor.java:62) ~[na:na]
	at java.base/jdk.internal.reflect.NativeMethodAccessorImpl.invoke0(Native Method) ~[na:na]
	at java.base/jdk.internal.reflect.NativeMethodAccessorImpl.invoke(NativeMethodAccessorImpl.java:77) ~[na:na]
	at java.base/jdk.internal.reflect.DelegatingMethodAccessorImpl.invoke(DelegatingMethodAccessorImpl.java:43) ~[na:na]
	at java.base/java.lang.reflect.Method.invoke(Method.java:568) ~[na:na]
	at org.gradle.internal.dispatch.ReflectionDispatch.dispatch(ReflectionDispatch.java:36) ~[na:na]
	at org.gradle.internal.dispatch.ReflectionDispatch.dispatch(ReflectionDispatch.java:24) ~[na:na]
	at org.gradle.internal.dispatch.ContextClassLoaderDispatch.dispatch(ContextClassLoaderDispatch.java:33) ~[na:na]
	at org.gradle.internal.dispatch.ProxyDispatchAdapter$DispatchingInvocationHandler.invoke(ProxyDispatchAdapter.java:94) ~[na:na]
	at jdk.proxy1/jdk.proxy1.$Proxy2.stop(Unknown Source) ~[na:na]
	at org.gradle.api.internal.tasks.testing.worker.TestWorker$3.run(TestWorker.java:193) ~[na:na]
	at org.gradle.api.internal.tasks.testing.worker.TestWorker.executeAndMaintainThreadName(TestWorker.java:129) ~[na:na]
	at org.gradle.api.internal.tasks.testing.worker.TestWorker.execute(TestWorker.java:100) ~[na:na]
	at org.gradle.api.internal.tasks.testing.worker.TestWorker.execute(TestWorker.java:60) ~[na:na]
	at org.gradle.process.internal.worker.child.ActionExecutionWorker.execute(ActionExecutionWorker.java:56) ~[na:na]
	at org.gradle.process.internal.worker.child.SystemApplicationClassLoaderWorker.call(SystemApplicationClassLoaderWorker.java:119) ~[na:na]
	at org.gradle.process.internal.worker.child.SystemApplicationClassLoaderWorker.call(SystemApplicationClassLoaderWorker.java:66) ~[na:na]
	at worker.org.gradle.process.internal.worker.GradleWorkerMain.run(GradleWorkerMain.java:69) ~[gradle-worker.jar:na]
	at worker.org.gradle.process.internal.worker.GradleWorkerMain.main(GradleWorkerMain.java:74) ~[gradle-worker.jar:na]

2024-11-18T12:45:51.047-04:00 DEBUG 24640 --- [examen2] [    Test worker] o.s.d.jpa.repository.query.NamedQuery    : Did not find named query Procedimiento.filtrarProcedimientos.count
2024-11-18T12:45:51.047-04:00 DEBUG 24640 --- [examen2] [    Test worker] tor$SharedEntityManagerInvocationHandler : Creating new EntityManager for shared EntityManager invocation
2024-11-18T12:45:51.050-04:00 DEBUG 24640 --- [examen2] [    Test worker] org.hibernate.orm.query.hql              : HQL : SELECT p FROM Procedimiento p WHERE (:fechaInicio IS NULL OR p.fecha >= :fechaInicio) AND (:fechaFin IS NULL OR p.fecha <= :fechaFin) AND (:pacienteId IS NULL OR p.paciente.id = :pacienteId) AND (:medicoId IS NULL OR p.medico.id = :medicoId) AND (:especialidadId IS NULL OR p.consulta.cita.especialidad.id = :especialidadId)
2024-11-18T12:45:51.051-04:00 DEBUG 24640 --- [examen2] [    Test worker] o.h.o.q.hql.reservedWordAsIdentifier     : Encountered use of reserved word as identifier : =
2024-11-18T12:45:51.051-04:00 DEBUG 24640 --- [examen2] [    Test worker] o.h.o.q.hql.reservedWordAsIdentifier     : Encountered use of reserved word as identifier : =
2024-11-18T12:45:51.051-04:00 DEBUG 24640 --- [examen2] [    Test worker] o.h.o.q.hql.reservedWordAsIdentifier     : Encountered use of reserved word as identifier : =
2024-11-18T12:45:51.051-04:00 DEBUG 24640 --- [examen2] [    Test worker] org.hibernate.orm.query.sqm.creation     : Applying inferable type to SqmExpression [SqmNamedParameter(fechaInicio)] : null -> SqmBasicValuedSimplePath(com.example.examen2.procedimientos.model.Procedimiento(p).fecha)
2024-11-18T12:45:51.051-04:00 DEBUG 24640 --- [examen2] [    Test worker] org.hibernate.orm.query.sqm.creation     : Applying inferable type to SqmExpression [SqmNamedParameter(fechaFin)] : null -> SqmBasicValuedSimplePath(com.example.examen2.procedimientos.model.Procedimiento(p).fecha)
2024-11-18T12:45:51.051-04:00 DEBUG 24640 --- [examen2] [    Test worker] org.hibernate.orm.query.sqm.creation     : Applying inferable type to SqmExpression [SqmNamedParameter(pacienteId)] : null -> SqmBasicValuedSimplePath(com.example.examen2.procedimientos.model.Procedimiento(p).paciente.id)
2024-11-18T12:45:51.051-04:00 DEBUG 24640 --- [examen2] [    Test worker] org.hibernate.orm.query.sqm.creation     : Applying inferable type to SqmExpression [SqmNamedParameter(medicoId)] : null -> SqmBasicValuedSimplePath(com.example.examen2.procedimientos.model.Procedimiento(p).medico.id)
2024-11-18T12:45:51.051-04:00 DEBUG 24640 --- [examen2] [    Test worker] org.hibernate.orm.query.sqm.creation     : Applying inferable type to SqmExpression [SqmNamedParameter(especialidadId)] : null -> SqmBasicValuedSimplePath(com.example.examen2.procedimientos.model.Procedimiento(p).consulta.cita.especialidad.id)
2024-11-18T12:45:51.052-04:00 DEBUG 24640 --- [examen2] [    Test worker] org.hibernate.orm.query.sqm.ast          : SqmStatement Tree :
    -> [select]
      -> [query-spec]
        -> [select]
          -> [selection]
            -> [root] - `com.example.examen2.procedimientos.model.Procedimiento(p)`
            <- [root] - `com.example.examen2.procedimientos.model.Procedimiento(p)`
          <- [selection]
        <- [select]
        -> [from]
          -> [root] - `com.example.examen2.procedimientos.model.Procedimiento(p)`
          <- [root] - `com.example.examen2.procedimientos.model.Procedimiento(p)`
        <- [from]
        -> [where]
          -> [and]
            -> [grouped]
                -> [or]
                  -> [is-null]
                      :fechaInicio
                  <- [is-null]
                  -> [GREATER_THAN_OR_EQUAL]
                      -> [basic-path] - `com.example.examen2.procedimientos.model.Procedimiento(p).fecha`
                      :fechaInicio
                  <- [GREATER_THAN_OR_EQUAL]
                <- [or]
            <- [grouped]
            -> [grouped]
                -> [or]
                  -> [is-null]
                      :fechaFin
                  <- [is-null]
                  -> [LESS_THAN_OR_EQUAL]
                      -> [basic-path] - `com.example.examen2.procedimientos.model.Procedimiento(p).fecha`
                      :fechaFin
                  <- [LESS_THAN_OR_EQUAL]
                <- [or]
            <- [grouped]
            -> [grouped]
                -> [or]
                  -> [is-null]
                      :pacienteId
                  <- [is-null]
                  -> [EQUAL]
                      -> [basic-path] - `com.example.examen2.procedimientos.model.Procedimiento(p).paciente.id`
                      :pacienteId
                  <- [EQUAL]
                <- [or]
            <- [grouped]
            -> [grouped]
                -> [or]
                  -> [is-null]
                      :medicoId
                  <- [is-null]
                  -> [EQUAL]
                      -> [basic-path] - `com.example.examen2.procedimientos.model.Procedimiento(p).medico.id`
                      :medicoId
                  <- [EQUAL]
                <- [or]
            <- [grouped]
            -> [grouped]
                -> [or]
                  -> [is-null]
                      :especialidadId
                  <- [is-null]
                  -> [EQUAL]
                      -> [basic-path] - `com.example.examen2.procedimientos.model.Procedimiento(p).consulta.cita.especialidad.id`
                      :especialidadId
                  <- [EQUAL]
                <- [or]
            <- [grouped]
          <- [and]
        <- [where]
      <- [query-spec]
    <- [select]

2024-11-18T12:45:51.052-04:00 DEBUG 24640 --- [examen2] [    Test worker] o.s.d.jpa.repository.query.NamedQuery    : Looking up named query Procedimiento.findByPacienteId
2024-11-18T12:45:51.052-04:00 DEBUG 24640 --- [examen2] [    Test worker] cResourceLocalTransactionCoordinatorImpl : JDBC transaction marked for rollback-only (exception provided for stack trace)

java.lang.Exception: exception just for purpose of providing stack trace
	at org.hibernate.resource.transaction.backend.jdbc.internal.JdbcResourceLocalTransactionCoordinatorImpl$TransactionDriverControlImpl.markRollbackOnly(JdbcResourceLocalTransactionCoordinatorImpl.java:310) ~[hibernate-core-6.4.4.Final.jar:6.4.4.Final]
	at org.hibernate.internal.AbstractSharedSessionContract.buildNamedQuery(AbstractSharedSessionContract.java:1097) ~[hibernate-core-6.4.4.Final.jar:6.4.4.Final]
	at org.hibernate.internal.AbstractSharedSessionContract.createNamedQuery(AbstractSharedSessionContract.java:975) ~[hibernate-core-6.4.4.Final.jar:6.4.4.Final]
	at org.hibernate.internal.AbstractSharedSessionContract.createNamedQuery(AbstractSharedSessionContract.java:136) ~[hibernate-core-6.4.4.Final.jar:6.4.4.Final]
	at java.base/jdk.internal.reflect.NativeMethodAccessorImpl.invoke0(Native Method) ~[na:na]
	at java.base/jdk.internal.reflect.NativeMethodAccessorImpl.invoke(NativeMethodAccessorImpl.java:77) ~[na:na]
	at java.base/jdk.internal.reflect.DelegatingMethodAccessorImpl.invoke(DelegatingMethodAccessorImpl.java:43) ~[na:na]
	at java.base/java.lang.reflect.Method.invoke(Method.java:568) ~[na:na]
	at org.springframework.orm.jpa.ExtendedEntityManagerCreator$ExtendedEntityManagerInvocationHandler.invoke(ExtendedEntityManagerCreator.java:364) ~[spring-orm-6.1.6.jar:6.1.6]
	at jdk.proxy3/jdk.proxy3.$Proxy137.createNamedQuery(Unknown Source) ~[na:na]
	at org.springframework.data.jpa.repository.query.NamedQuery.hasNamedQuery(NamedQuery.java:113) ~[spring-data-jpa-3.2.5.jar:3.2.5]
	at org.springframework.data.jpa.repository.query.NamedQuery.lookupFrom(NamedQuery.java:141) ~[spring-data-jpa-3.2.5.jar:3.2.5]
	at org.springframework.data.jpa.repository.query.JpaQueryLookupStrategy$DeclaredQueryLookupStrategy.resolveQuery(JpaQueryLookupStrategy.java:180) ~[spring-data-jpa-3.2.5.jar:3.2.5]
	at org.springframework.data.jpa.repository.query.JpaQueryLookupStrategy$CreateIfNotFoundQueryLookupStrategy.resolveQuery(JpaQueryLookupStrategy.java:252) ~[spring-data-jpa-3.2.5.jar:3.2.5]
	at org.springframework.data.jpa.repository.query.JpaQueryLookupStrategy$AbstractQueryLookupStrategy.resolveQuery(JpaQueryLookupStrategy.java:95) ~[spring-data-jpa-3.2.5.jar:3.2.5]
	at org.springframework.data.repository.core.support.QueryExecutorMethodInterceptor.lookupQuery(QueryExecutorMethodInterceptor.java:111) ~[spring-data-commons-3.2.5.jar:3.2.5]
	at org.springframework.data.repository.core.support.QueryExecutorMethodInterceptor.mapMethodsToQuery(QueryExecutorMethodInterceptor.java:99) ~[spring-data-commons-3.2.5.jar:3.2.5]
	at org.springframework.data.repository.core.support.QueryExecutorMethodInterceptor.lambda$new$0(QueryExecutorMethodInterceptor.java:88) ~[spring-data-commons-3.2.5.jar:3.2.5]
	at java.base/java.util.Optional.map(Optional.java:260) ~[na:na]
	at org.springframework.data.repository.core.support.QueryExecutorMethodInterceptor.<init>(QueryExecutorMethodInterceptor.java:88) ~[spring-data-commons-3.2.5.jar:3.2.5]
	at org.springframework.data.repository.core.support.RepositoryFactorySupport.getRepository(RepositoryFactorySupport.java:357) ~[spring-data-commons-3.2.5.jar:3.2.5]
	at org.springframework.data.repository.core.support.RepositoryFactoryBeanSupport.lambda$afterPropertiesSet$5(RepositoryFactoryBeanSupport.java:279) ~[spring-data-commons-3.2.5.jar:3.2.5]
	at org.springframework.data.util.Lazy.getNullable(Lazy.java:135) ~[spring-data-commons-3.2.5.jar:3.2.5]
	at org.springframework.data.util.Lazy.get(Lazy.java:113) ~[spring-data-commons-3.2.5.jar:3.2.5]
	at org.springframework.data.repository.core.support.RepositoryFactoryBeanSupport.afterPropertiesSet(RepositoryFactoryBeanSupport.java:285) ~[spring-data-commons-3.2.5.jar:3.2.5]
	at org.springframework.data.jpa.repository.support.JpaRepositoryFactoryBean.afterPropertiesSet(JpaRepositoryFactoryBean.java:132) ~[spring-data-jpa-3.2.5.jar:3.2.5]
	at org.springframework.beans.factory.support.AbstractAutowireCapableBeanFactory.invokeInitMethods(AbstractAutowireCapableBeanFactory.java:1833) ~[spring-beans-6.1.6.jar:6.1.6]
	at org.springframework.beans.factory.support.AbstractAutowireCapableBeanFactory.initializeBean(AbstractAutowireCapableBeanFactory.java:1782) ~[spring-beans-6.1.6.jar:6.1.6]
	at org.springframework.beans.factory.support.AbstractAutowireCapableBeanFactory.doCreateBean(AbstractAutowireCapableBeanFactory.java:600) ~[spring-beans-6.1.6.jar:6.1.6]
	at org.springframework.beans.factory.support.AbstractAutowireCapableBeanFactory.createBean(AbstractAutowireCapableBeanFactory.java:522) ~[spring-beans-6.1.6.jar:6.1.6]
	at org.springframework.beans.factory.support.AbstractBeanFactory.lambda$doGetBean$0(AbstractBeanFactory.java:326) ~[spring-beans-6.1.6.jar:6.1.6]
	at org.springframework.beans.factory.support.DefaultSingletonBeanRegistry.getSingleton(DefaultSingletonBeanRegistry.java:234) ~[spring-beans-6.1.6.jar:6.1.6]
	at org.springframework.beans.factory.support.AbstractBeanFactory.doGetBean(AbstractBeanFactory.java:324) ~[spring-beans-6.1.6.jar:6.1.6]
	at org.springframework.beans.factory.support.AbstractBeanFactory.getBean(AbstractBeanFactory.java:200) ~[spring-beans-6.1.6.jar:6.1.6]
	at org.springframework.beans.factory.config.DependencyDescriptor.resolveCandidate(DependencyDescriptor.java:254) ~[spring-beans-6.1.6.jar:6.1.6]
	at org.springframework.beans.factory.support.DefaultListableBeanFactory.doResolveDependency(DefaultListableBeanFactory.java:1443) ~[spring-beans-6.1.6.jar:6.1.6]
	at org.springframework.beans.factory.support.DefaultListableBeanFactory.resolveDependency(DefaultListableBeanFactory.java:1353) ~[spring-beans-6.1.6.jar:6.1.6]
	at org.springframework.beans.factory.annotation.AutowiredAnnotationBeanPostProcessor$AutowiredFieldElement.resolveFieldValue(AutowiredAnnotationBeanPostProcessor.java:784) ~[spring-beans-6.1.6.jar:6.1.6]
	at org.springframework.beans.factory.annotation.AutowiredAnnotationBeanPostProcessor$AutowiredFieldElement.inject(AutowiredAnnotationBeanPostProcessor.java:767) ~[spring-beans-6.1.6.jar:6.1.6]
	at org.springframework.beans.factory.annotation.InjectionMetadata.inject(InjectionMetadata.java:145) ~[spring-beans-6.1.6.jar:6.1.6]
	at org.springframework.beans.factory.annotation.AutowiredAnnotationBeanPostProcessor.postProcessProperties(AutowiredAnnotationBeanPostProcessor.java:508) ~[spring-beans-6.1.6.jar:6.1.6]
	at org.springframework.beans.factory.support.AbstractAutowireCapableBeanFactory.populateBean(AbstractAutowireCapableBeanFactory.java:1419) ~[spring-beans-6.1.6.jar:6.1.6]
	at org.springframework.beans.factory.support.AbstractAutowireCapableBeanFactory.doCreateBean(AbstractAutowireCapableBeanFactory.java:599) ~[spring-beans-6.1.6.jar:6.1.6]
	at org.springframework.beans.factory.support.AbstractAutowireCapableBeanFactory.createBean(AbstractAutowireCapableBeanFactory.java:522) ~[spring-beans-6.1.6.jar:6.1.6]
	at org.springframework.beans.factory.support.AbstractBeanFactory.lambda$doGetBean$0(AbstractBeanFactory.java:326) ~[spring-beans-6.1.6.jar:6.1.6]
	at org.springframework.beans.factory.support.DefaultSingletonBeanRegistry.getSingleton(DefaultSingletonBeanRegistry.java:234) ~[spring-beans-6.1.6.jar:6.1.6]
	at org.springframework.beans.factory.support.AbstractBeanFactory.doGetBean(AbstractBeanFactory.java:324) ~[spring-beans-6.1.6.jar:6.1.6]
	at org.springframework.beans.factory.support.AbstractBeanFactory.getBean(AbstractBeanFactory.java:200) ~[spring-beans-6.1.6.jar:6.1.6]
	at org.springframework.beans.factory.config.DependencyDescriptor.resolveCandidate(DependencyDescriptor.java:254) ~[spring-beans-6.1.6.jar:6.1.6]
	at org.springframework.beans.factory.support.DefaultListableBeanFactory.doResolveDependency(DefaultListableBeanFactory.java:1443) ~[spring-beans-6.1.6.jar:6.1.6]
	at org.springframework.beans.factory.support.DefaultListableBeanFactory.resolveDependency(DefaultListableBeanFactory.java:1353) ~[spring-beans-6.1.6.jar:6.1.6]
	at org.springframework.beans.factory.annotation.AutowiredAnnotationBeanPostProcessor$AutowiredFieldElement.resolveFieldValue(AutowiredAnnotationBeanPostProcessor.java:784) ~[spring-beans-6.1.6.jar:6.1.6]
	at org.springframework.beans.factory.annotation.AutowiredAnnotationBeanPostProcessor$AutowiredFieldElement.inject(AutowiredAnnotationBeanPostProcessor.java:767) ~[spring-beans-6.1.6.jar:6.1.6]
	at org.springframework.beans.factory.annotation.InjectionMetadata.inject(InjectionMetadata.java:145) ~[spring-beans-6.1.6.jar:6.1.6]
	at org.springframework.beans.factory.annotation.AutowiredAnnotationBeanPostProcessor.postProcessProperties(AutowiredAnnotationBeanPostProcessor.java:508) ~[spring-beans-6.1.6.jar:6.1.6]
	at org.springframework.beans.factory.support.AbstractAutowireCapableBeanFactory.populateBean(AbstractAutowireCapableBeanFactory.java:1419) ~[spring-beans-6.1.6.jar:6.1.6]
	at org.springframework.beans.factory.support.AbstractAutowireCapableBeanFactory.doCreateBean(AbstractAutowireCapableBeanFactory.java:599) ~[spring-beans-6.1.6.jar:6.1.6]
	at org.springframework.beans.factory.support.AbstractAutowireCapableBeanFactory.createBean(AbstractAutowireCapableBeanFactory.java:522) ~[spring-beans-6.1.6.jar:6.1.6]
	at org.springframework.beans.factory.support.AbstractBeanFactory.lambda$doGetBean$0(AbstractBeanFactory.java:326) ~[spring-beans-6.1.6.jar:6.1.6]
	at org.springframework.beans.factory.support.DefaultSingletonBeanRegistry.getSingleton(DefaultSingletonBeanRegistry.java:234) ~[spring-beans-6.1.6.jar:6.1.6]
	at org.springframework.beans.factory.support.AbstractBeanFactory.doGetBean(AbstractBeanFactory.java:324) ~[spring-beans-6.1.6.jar:6.1.6]
	at org.springframework.beans.factory.support.AbstractBeanFactory.getBean(AbstractBeanFactory.java:200) ~[spring-beans-6.1.6.jar:6.1.6]
	at org.springframework.beans.factory.config.DependencyDescriptor.resolveCandidate(DependencyDescriptor.java:254) ~[spring-beans-6.1.6.jar:6.1.6]
	at org.springframework.beans.factory.support.DefaultListableBeanFactory.doResolveDependency(DefaultListableBeanFactory.java:1443) ~[spring-beans-6.1.6.jar:6.1.6]
	at org.springframework.beans.factory.support.DefaultListableBeanFactory.resolveDependency(DefaultListableBeanFactory.java:1353) ~[spring-beans-6.1.6.jar:6.1.6]
	at org.springframework.beans.factory.annotation.AutowiredAnnotationBeanPostProcessor$AutowiredFieldElement.resolveFieldValue(AutowiredAnnotationBeanPostProcessor.java:784) ~[spring-beans-6.1.6.jar:6.1.6]
	at org.springframework.beans.factory.annotation.AutowiredAnnotationBeanPostProcessor$AutowiredFieldElement.inject(AutowiredAnnotationBeanPostProcessor.java:767) ~[spring-beans-6.1.6.jar:6.1.6]
	at org.springframework.beans.factory.annotation.InjectionMetadata.inject(InjectionMetadata.java:145) ~[spring-beans-6.1.6.jar:6.1.6]
	at org.springframework.beans.factory.annotation.AutowiredAnnotationBeanPostProcessor.postProcessProperties(AutowiredAnnotationBeanPostProcessor.java:508) ~[spring-beans-6.1.6.jar:6.1.6]
	at org.springframework.beans.factory.support.AbstractAutowireCapableBeanFactory.populateBean(AbstractAutowireCapableBeanFactory.java:1419) ~[spring-beans-6.1.6.jar:6.1.6]
	at org.springframework.beans.factory.support.AbstractAutowireCapableBeanFactory.doCreateBean(AbstractAutowireCapableBeanFactory.java:599) ~[spring-beans-6.1.6.jar:6.1.6]
	at org.springframework.beans.factory.support.AbstractAutowireCapableBeanFactory.createBean(AbstractAutowireCapableBeanFactory.java:522) ~[spring-beans-6.1.6.jar:6.1.6]
	at org.springframework.beans.factory.support.AbstractBeanFactory.lambda$doGetBean$0(AbstractBeanFactory.java:326) ~[spring-beans-6.1.6.jar:6.1.6]
	at org.springframework.beans.factory.support.DefaultSingletonBeanRegistry.getSingleton(DefaultSingletonBeanRegistry.java:234) ~[spring-beans-6.1.6.jar:6.1.6]
	at org.springframework.beans.factory.support.AbstractBeanFactory.doGetBean(AbstractBeanFactory.java:324) ~[spring-beans-6.1.6.jar:6.1.6]
	at org.springframework.beans.factory.support.AbstractBeanFactory.getBean(AbstractBeanFactory.java:200) ~[spring-beans-6.1.6.jar:6.1.6]
	at org.springframework.beans.factory.support.DefaultListableBeanFactory.preInstantiateSingletons(DefaultListableBeanFactory.java:975) ~[spring-beans-6.1.6.jar:6.1.6]
	at org.springframework.context.support.AbstractApplicationContext.finishBeanFactoryInitialization(AbstractApplicationContext.java:962) ~[spring-context-6.1.6.jar:6.1.6]
	at org.springframework.context.support.AbstractApplicationContext.refresh(AbstractApplicationContext.java:624) ~[spring-context-6.1.6.jar:6.1.6]
	at org.springframework.boot.SpringApplication.refresh(SpringApplication.java:754) ~[spring-boot-3.2.5.jar:3.2.5]
	at org.springframework.boot.SpringApplication.refreshContext(SpringApplication.java:456) ~[spring-boot-3.2.5.jar:3.2.5]
	at org.springframework.boot.SpringApplication.run(SpringApplication.java:334) ~[spring-boot-3.2.5.jar:3.2.5]
	at org.springframework.boot.test.context.SpringBootContextLoader.lambda$loadContext$3(SpringBootContextLoader.java:137) ~[spring-boot-test-3.2.5.jar:3.2.5]
	at org.springframework.util.function.ThrowingSupplier.get(ThrowingSupplier.java:58) ~[spring-core-6.1.6.jar:6.1.6]
	at org.springframework.util.function.ThrowingSupplier.get(ThrowingSupplier.java:46) ~[spring-core-6.1.6.jar:6.1.6]
	at org.springframework.boot.SpringApplication.withHook(SpringApplication.java:1454) ~[spring-boot-3.2.5.jar:3.2.5]
	at org.springframework.boot.test.context.SpringBootContextLoader$ContextLoaderHook.run(SpringBootContextLoader.java:553) ~[spring-boot-test-3.2.5.jar:3.2.5]
	at org.springframework.boot.test.context.SpringBootContextLoader.loadContext(SpringBootContextLoader.java:137) ~[spring-boot-test-3.2.5.jar:3.2.5]
	at org.springframework.boot.test.context.SpringBootContextLoader.loadContext(SpringBootContextLoader.java:108) ~[spring-boot-test-3.2.5.jar:3.2.5]
	at org.springframework.test.context.cache.DefaultCacheAwareContextLoaderDelegate.loadContextInternal(DefaultCacheAwareContextLoaderDelegate.java:225) ~[spring-test-6.1.6.jar:6.1.6]
	at org.springframework.test.context.cache.DefaultCacheAwareContextLoaderDelegate.loadContext(DefaultCacheAwareContextLoaderDelegate.java:152) ~[spring-test-6.1.6.jar:6.1.6]
	at org.springframework.test.context.support.DefaultTestContext.getApplicationContext(DefaultTestContext.java:130) ~[spring-test-6.1.6.jar:6.1.6]
	at org.springframework.test.context.web.ServletTestExecutionListener.setUpRequestContextIfNecessary(ServletTestExecutionListener.java:191) ~[spring-test-6.1.6.jar:6.1.6]
	at org.springframework.test.context.web.ServletTestExecutionListener.prepareTestInstance(ServletTestExecutionListener.java:130) ~[spring-test-6.1.6.jar:6.1.6]
	at org.springframework.test.context.TestContextManager.prepareTestInstance(TestContextManager.java:260) ~[spring-test-6.1.6.jar:6.1.6]
	at org.springframework.test.context.junit.jupiter.SpringExtension.postProcessTestInstance(SpringExtension.java:163) ~[spring-test-6.1.6.jar:6.1.6]
	at org.junit.jupiter.engine.descriptor.ClassBasedTestDescriptor.lambda$invokeTestInstancePostProcessors$10(ClassBasedTestDescriptor.java:378) ~[junit-jupiter-engine-5.10.2.jar:5.10.2]
	at org.junit.jupiter.engine.descriptor.ClassBasedTestDescriptor.executeAndMaskThrowable(ClassBasedTestDescriptor.java:383) ~[junit-jupiter-engine-5.10.2.jar:5.10.2]
	at org.junit.jupiter.engine.descriptor.ClassBasedTestDescriptor.lambda$invokeTestInstancePostProcessors$11(ClassBasedTestDescriptor.java:378) ~[junit-jupiter-engine-5.10.2.jar:5.10.2]
	at java.base/java.util.stream.ReferencePipeline$3$1.accept(ReferencePipeline.java:197) ~[na:na]
	at java.base/java.util.stream.ReferencePipeline$2$1.accept(ReferencePipeline.java:179) ~[na:na]
	at java.base/java.util.ArrayList$ArrayListSpliterator.forEachRemaining(ArrayList.java:1625) ~[na:na]
	at java.base/java.util.stream.AbstractPipeline.copyInto(AbstractPipeline.java:509) ~[na:na]
	at java.base/java.util.stream.AbstractPipeline.wrapAndCopyInto(AbstractPipeline.java:499) ~[na:na]
	at java.base/java.util.stream.StreamSpliterators$WrappingSpliterator.forEachRemaining(StreamSpliterators.java:310) ~[na:na]
	at java.base/java.util.stream.Streams$ConcatSpliterator.forEachRemaining(Streams.java:735) ~[na:na]
	at java.base/java.util.stream.Streams$ConcatSpliterator.forEachRemaining(Streams.java:734) ~[na:na]
	at java.base/java.util.stream.ReferencePipeline$Head.forEach(ReferencePipeline.java:762) ~[na:na]
	at org.junit.jupiter.engine.descriptor.ClassBasedTestDescriptor.invokeTestInstancePostProcessors(ClassBasedTestDescriptor.java:377) ~[junit-jupiter-engine-5.10.2.jar:5.10.2]
	at org.junit.jupiter.engine.descriptor.ClassBasedTestDescriptor.lambda$instantiateAndPostProcessTestInstance$6(ClassBasedTestDescriptor.java:290) ~[junit-jupiter-engine-5.10.2.jar:5.10.2]
	at org.junit.platform.engine.support.hierarchical.ThrowableCollector.execute(ThrowableCollector.java:73) ~[junit-platform-engine-1.10.2.jar:1.10.2]
	at org.junit.jupiter.engine.descriptor.ClassBasedTestDescriptor.instantiateAndPostProcessTestInstance(ClassBasedTestDescriptor.java:289) ~[junit-jupiter-engine-5.10.2.jar:5.10.2]
	at org.junit.jupiter.engine.descriptor.ClassBasedTestDescriptor.lambda$testInstancesProvider$4(ClassBasedTestDescriptor.java:279) ~[junit-jupiter-engine-5.10.2.jar:5.10.2]
	at java.base/java.util.Optional.orElseGet(Optional.java:364) ~[na:na]
	at org.junit.jupiter.engine.descriptor.ClassBasedTestDescriptor.lambda$testInstancesProvider$5(ClassBasedTestDescriptor.java:278) ~[junit-jupiter-engine-5.10.2.jar:5.10.2]
	at org.junit.jupiter.engine.execution.TestInstancesProvider.getTestInstances(TestInstancesProvider.java:31) ~[junit-jupiter-engine-5.10.2.jar:5.10.2]
	at org.junit.jupiter.engine.descriptor.TestMethodTestDescriptor.lambda$prepare$0(TestMethodTestDescriptor.java:106) ~[junit-jupiter-engine-5.10.2.jar:5.10.2]
	at org.junit.platform.engine.support.hierarchical.ThrowableCollector.execute(ThrowableCollector.java:73) ~[junit-platform-engine-1.10.2.jar:1.10.2]
	at org.junit.jupiter.engine.descriptor.TestMethodTestDescriptor.prepare(TestMethodTestDescriptor.java:105) ~[junit-jupiter-engine-5.10.2.jar:5.10.2]
	at org.junit.jupiter.engine.descriptor.TestMethodTestDescriptor.prepare(TestMethodTestDescriptor.java:69) ~[junit-jupiter-engine-5.10.2.jar:5.10.2]
	at org.junit.platform.engine.support.hierarchical.NodeTestTask.lambda$prepare$2(NodeTestTask.java:123) ~[junit-platform-engine-1.10.2.jar:1.10.2]
	at org.junit.platform.engine.support.hierarchical.ThrowableCollector.execute(ThrowableCollector.java:73) ~[junit-platform-engine-1.10.2.jar:1.10.2]
	at org.junit.platform.engine.support.hierarchical.NodeTestTask.prepare(NodeTestTask.java:123) ~[junit-platform-engine-1.10.2.jar:1.10.2]
	at org.junit.platform.engine.support.hierarchical.NodeTestTask.execute(NodeTestTask.java:90) ~[junit-platform-engine-1.10.2.jar:1.10.2]
	at java.base/java.util.ArrayList.forEach(ArrayList.java:1511) ~[na:na]
	at org.junit.platform.engine.support.hierarchical.SameThreadHierarchicalTestExecutorService.invokeAll(SameThreadHierarchicalTestExecutorService.java:41) ~[junit-platform-engine-1.10.2.jar:1.10.2]
	at org.junit.platform.engine.support.hierarchical.NodeTestTask.lambda$executeRecursively$6(NodeTestTask.java:155) ~[junit-platform-engine-1.10.2.jar:1.10.2]
	at org.junit.platform.engine.support.hierarchical.ThrowableCollector.execute(ThrowableCollector.java:73) ~[junit-platform-engine-1.10.2.jar:1.10.2]
	at org.junit.platform.engine.support.hierarchical.NodeTestTask.lambda$executeRecursively$8(NodeTestTask.java:141) ~[junit-platform-engine-1.10.2.jar:1.10.2]
	at org.junit.platform.engine.support.hierarchical.Node.around(Node.java:137) ~[junit-platform-engine-1.10.2.jar:1.10.2]
	at org.junit.platform.engine.support.hierarchical.NodeTestTask.lambda$executeRecursively$9(NodeTestTask.java:139) ~[junit-platform-engine-1.10.2.jar:1.10.2]
	at org.junit.platform.engine.support.hierarchical.ThrowableCollector.execute(ThrowableCollector.java:73) ~[junit-platform-engine-1.10.2.jar:1.10.2]
	at org.junit.platform.engine.support.hierarchical.NodeTestTask.executeRecursively(NodeTestTask.java:138) ~[junit-platform-engine-1.10.2.jar:1.10.2]
	at org.junit.platform.engine.support.hierarchical.NodeTestTask.execute(NodeTestTask.java:95) ~[junit-platform-engine-1.10.2.jar:1.10.2]
	at java.base/java.util.ArrayList.forEach(ArrayList.java:1511) ~[na:na]
	at org.junit.platform.engine.support.hierarchical.SameThreadHierarchicalTestExecutorService.invokeAll(SameThreadHierarchicalTestExecutorService.java:41) ~[junit-platform-engine-1.10.2.jar:1.10.2]
	at org.junit.platform.engine.support.hierarchical.NodeTestTask.lambda$executeRecursively$6(NodeTestTask.java:155) ~[junit-platform-engine-1.10.2.jar:1.10.2]
	at org.junit.platform.engine.support.hierarchical.ThrowableCollector.execute(ThrowableCollector.java:73) ~[junit-platform-engine-1.10.2.jar:1.10.2]
	at org.junit.platform.engine.support.hierarchical.NodeTestTask.lambda$executeRecursively$8(NodeTestTask.java:141) ~[junit-platform-engine-1.10.2.jar:1.10.2]
	at org.junit.platform.engine.support.hierarchical.Node.around(Node.java:137) ~[junit-platform-engine-1.10.2.jar:1.10.2]
	at org.junit.platform.engine.support.hierarchical.NodeTestTask.lambda$executeRecursively$9(NodeTestTask.java:139) ~[junit-platform-engine-1.10.2.jar:1.10.2]
	at org.junit.platform.engine.support.hierarchical.ThrowableCollector.execute(ThrowableCollector.java:73) ~[junit-platform-engine-1.10.2.jar:1.10.2]
	at org.junit.platform.engine.support.hierarchical.NodeTestTask.executeRecursively(NodeTestTask.java:138) ~[junit-platform-engine-1.10.2.jar:1.10.2]
	at org.junit.platform.engine.support.hierarchical.NodeTestTask.execute(NodeTestTask.java:95) ~[junit-platform-engine-1.10.2.jar:1.10.2]
	at org.junit.platform.engine.support.hierarchical.SameThreadHierarchicalTestExecutorService.submit(SameThreadHierarchicalTestExecutorService.java:35) ~[junit-platform-engine-1.10.2.jar:1.10.2]
	at org.junit.platform.engine.support.hierarchical.HierarchicalTestExecutor.execute(HierarchicalTestExecutor.java:57) ~[junit-platform-engine-1.10.2.jar:1.10.2]
	at org.junit.platform.engine.support.hierarchical.HierarchicalTestEngine.execute(HierarchicalTestEngine.java:54) ~[junit-platform-engine-1.10.2.jar:1.10.2]
	at org.junit.platform.launcher.core.EngineExecutionOrchestrator.execute(EngineExecutionOrchestrator.java:198) ~[junit-platform-launcher-1.10.2.jar:1.10.2]
	at org.junit.platform.launcher.core.EngineExecutionOrchestrator.execute(EngineExecutionOrchestrator.java:169) ~[junit-platform-launcher-1.10.2.jar:1.10.2]
	at org.junit.platform.launcher.core.EngineExecutionOrchestrator.execute(EngineExecutionOrchestrator.java:93) ~[junit-platform-launcher-1.10.2.jar:1.10.2]
	at org.junit.platform.launcher.core.EngineExecutionOrchestrator.lambda$execute$0(EngineExecutionOrchestrator.java:58) ~[junit-platform-launcher-1.10.2.jar:1.10.2]
	at org.junit.platform.launcher.core.EngineExecutionOrchestrator.withInterceptedStreams(EngineExecutionOrchestrator.java:141) ~[junit-platform-launcher-1.10.2.jar:1.10.2]
	at org.junit.platform.launcher.core.EngineExecutionOrchestrator.execute(EngineExecutionOrchestrator.java:57) ~[junit-platform-launcher-1.10.2.jar:1.10.2]
	at org.junit.platform.launcher.core.DefaultLauncher.execute(DefaultLauncher.java:103) ~[junit-platform-launcher-1.10.2.jar:1.10.2]
	at org.junit.platform.launcher.core.DefaultLauncher.execute(DefaultLauncher.java:85) ~[junit-platform-launcher-1.10.2.jar:1.10.2]
	at org.junit.platform.launcher.core.DelegatingLauncher.execute(DelegatingLauncher.java:47) ~[junit-platform-launcher-1.10.2.jar:1.10.2]
	at org.gradle.api.internal.tasks.testing.junitplatform.JUnitPlatformTestClassProcessor$CollectAllTestClassesExecutor.processAllTestClasses(JUnitPlatformTestClassProcessor.java:119) ~[na:na]
	at org.gradle.api.internal.tasks.testing.junitplatform.JUnitPlatformTestClassProcessor$CollectAllTestClassesExecutor.access$000(JUnitPlatformTestClassProcessor.java:94) ~[na:na]
	at org.gradle.api.internal.tasks.testing.junitplatform.JUnitPlatformTestClassProcessor.stop(JUnitPlatformTestClassProcessor.java:89) ~[na:na]
	at org.gradle.api.internal.tasks.testing.SuiteTestClassProcessor.stop(SuiteTestClassProcessor.java:62) ~[na:na]
	at java.base/jdk.internal.reflect.NativeMethodAccessorImpl.invoke0(Native Method) ~[na:na]
	at java.base/jdk.internal.reflect.NativeMethodAccessorImpl.invoke(NativeMethodAccessorImpl.java:77) ~[na:na]
	at java.base/jdk.internal.reflect.DelegatingMethodAccessorImpl.invoke(DelegatingMethodAccessorImpl.java:43) ~[na:na]
	at java.base/java.lang.reflect.Method.invoke(Method.java:568) ~[na:na]
	at org.gradle.internal.dispatch.ReflectionDispatch.dispatch(ReflectionDispatch.java:36) ~[na:na]
	at org.gradle.internal.dispatch.ReflectionDispatch.dispatch(ReflectionDispatch.java:24) ~[na:na]
	at org.gradle.internal.dispatch.ContextClassLoaderDispatch.dispatch(ContextClassLoaderDispatch.java:33) ~[na:na]
	at org.gradle.internal.dispatch.ProxyDispatchAdapter$DispatchingInvocationHandler.invoke(ProxyDispatchAdapter.java:94) ~[na:na]
	at jdk.proxy1/jdk.proxy1.$Proxy2.stop(Unknown Source) ~[na:na]
	at org.gradle.api.internal.tasks.testing.worker.TestWorker$3.run(TestWorker.java:193) ~[na:na]
	at org.gradle.api.internal.tasks.testing.worker.TestWorker.executeAndMaintainThreadName(TestWorker.java:129) ~[na:na]
	at org.gradle.api.internal.tasks.testing.worker.TestWorker.execute(TestWorker.java:100) ~[na:na]
	at org.gradle.api.internal.tasks.testing.worker.TestWorker.execute(TestWorker.java:60) ~[na:na]
	at org.gradle.process.internal.worker.child.ActionExecutionWorker.execute(ActionExecutionWorker.java:56) ~[na:na]
	at org.gradle.process.internal.worker.child.SystemApplicationClassLoaderWorker.call(SystemApplicationClassLoaderWorker.java:119) ~[na:na]
	at org.gradle.process.internal.worker.child.SystemApplicationClassLoaderWorker.call(SystemApplicationClassLoaderWorker.java:66) ~[na:na]
	at worker.org.gradle.process.internal.worker.GradleWorkerMain.run(GradleWorkerMain.java:69) ~[gradle-worker.jar:na]
	at worker.org.gradle.process.internal.worker.GradleWorkerMain.main(GradleWorkerMain.java:74) ~[gradle-worker.jar:na]

2024-11-18T12:45:51.055-04:00 DEBUG 24640 --- [examen2] [    Test worker] o.s.d.jpa.repository.query.NamedQuery    : Did not find named query Procedimiento.findByPacienteId
2024-11-18T12:45:51.055-04:00 DEBUG 24640 --- [examen2] [    Test worker] tor$SharedEntityManagerInvocationHandler : Creating new EntityManager for shared EntityManager invocation
2024-11-18T12:45:51.056-04:00 DEBUG 24640 --- [examen2] [    Test worker] o.s.d.jpa.repository.query.NamedQuery    : Looking up named query Procedimiento.findByMedicoId
2024-11-18T12:45:51.057-04:00 DEBUG 24640 --- [examen2] [    Test worker] cResourceLocalTransactionCoordinatorImpl : JDBC transaction marked for rollback-only (exception provided for stack trace)

java.lang.Exception: exception just for purpose of providing stack trace
	at org.hibernate.resource.transaction.backend.jdbc.internal.JdbcResourceLocalTransactionCoordinatorImpl$TransactionDriverControlImpl.markRollbackOnly(JdbcResourceLocalTransactionCoordinatorImpl.java:310) ~[hibernate-core-6.4.4.Final.jar:6.4.4.Final]
	at org.hibernate.internal.AbstractSharedSessionContract.buildNamedQuery(AbstractSharedSessionContract.java:1097) ~[hibernate-core-6.4.4.Final.jar:6.4.4.Final]
	at org.hibernate.internal.AbstractSharedSessionContract.createNamedQuery(AbstractSharedSessionContract.java:975) ~[hibernate-core-6.4.4.Final.jar:6.4.4.Final]
	at org.hibernate.internal.AbstractSharedSessionContract.createNamedQuery(AbstractSharedSessionContract.java:136) ~[hibernate-core-6.4.4.Final.jar:6.4.4.Final]
	at java.base/jdk.internal.reflect.NativeMethodAccessorImpl.invoke0(Native Method) ~[na:na]
	at java.base/jdk.internal.reflect.NativeMethodAccessorImpl.invoke(NativeMethodAccessorImpl.java:77) ~[na:na]
	at java.base/jdk.internal.reflect.DelegatingMethodAccessorImpl.invoke(DelegatingMethodAccessorImpl.java:43) ~[na:na]
	at java.base/java.lang.reflect.Method.invoke(Method.java:568) ~[na:na]
	at org.springframework.orm.jpa.ExtendedEntityManagerCreator$ExtendedEntityManagerInvocationHandler.invoke(ExtendedEntityManagerCreator.java:364) ~[spring-orm-6.1.6.jar:6.1.6]
	at jdk.proxy3/jdk.proxy3.$Proxy137.createNamedQuery(Unknown Source) ~[na:na]
	at org.springframework.data.jpa.repository.query.NamedQuery.hasNamedQuery(NamedQuery.java:113) ~[spring-data-jpa-3.2.5.jar:3.2.5]
	at org.springframework.data.jpa.repository.query.NamedQuery.lookupFrom(NamedQuery.java:141) ~[spring-data-jpa-3.2.5.jar:3.2.5]
	at org.springframework.data.jpa.repository.query.JpaQueryLookupStrategy$DeclaredQueryLookupStrategy.resolveQuery(JpaQueryLookupStrategy.java:180) ~[spring-data-jpa-3.2.5.jar:3.2.5]
	at org.springframework.data.jpa.repository.query.JpaQueryLookupStrategy$CreateIfNotFoundQueryLookupStrategy.resolveQuery(JpaQueryLookupStrategy.java:252) ~[spring-data-jpa-3.2.5.jar:3.2.5]
	at org.springframework.data.jpa.repository.query.JpaQueryLookupStrategy$AbstractQueryLookupStrategy.resolveQuery(JpaQueryLookupStrategy.java:95) ~[spring-data-jpa-3.2.5.jar:3.2.5]
	at org.springframework.data.repository.core.support.QueryExecutorMethodInterceptor.lookupQuery(QueryExecutorMethodInterceptor.java:111) ~[spring-data-commons-3.2.5.jar:3.2.5]
	at org.springframework.data.repository.core.support.QueryExecutorMethodInterceptor.mapMethodsToQuery(QueryExecutorMethodInterceptor.java:99) ~[spring-data-commons-3.2.5.jar:3.2.5]
	at org.springframework.data.repository.core.support.QueryExecutorMethodInterceptor.lambda$new$0(QueryExecutorMethodInterceptor.java:88) ~[spring-data-commons-3.2.5.jar:3.2.5]
	at java.base/java.util.Optional.map(Optional.java:260) ~[na:na]
	at org.springframework.data.repository.core.support.QueryExecutorMethodInterceptor.<init>(QueryExecutorMethodInterceptor.java:88) ~[spring-data-commons-3.2.5.jar:3.2.5]
	at org.springframework.data.repository.core.support.RepositoryFactorySupport.getRepository(RepositoryFactorySupport.java:357) ~[spring-data-commons-3.2.5.jar:3.2.5]
	at org.springframework.data.repository.core.support.RepositoryFactoryBeanSupport.lambda$afterPropertiesSet$5(RepositoryFactoryBeanSupport.java:279) ~[spring-data-commons-3.2.5.jar:3.2.5]
	at org.springframework.data.util.Lazy.getNullable(Lazy.java:135) ~[spring-data-commons-3.2.5.jar:3.2.5]
	at org.springframework.data.util.Lazy.get(Lazy.java:113) ~[spring-data-commons-3.2.5.jar:3.2.5]
	at org.springframework.data.repository.core.support.RepositoryFactoryBeanSupport.afterPropertiesSet(RepositoryFactoryBeanSupport.java:285) ~[spring-data-commons-3.2.5.jar:3.2.5]
	at org.springframework.data.jpa.repository.support.JpaRepositoryFactoryBean.afterPropertiesSet(JpaRepositoryFactoryBean.java:132) ~[spring-data-jpa-3.2.5.jar:3.2.5]
	at org.springframework.beans.factory.support.AbstractAutowireCapableBeanFactory.invokeInitMethods(AbstractAutowireCapableBeanFactory.java:1833) ~[spring-beans-6.1.6.jar:6.1.6]
	at org.springframework.beans.factory.support.AbstractAutowireCapableBeanFactory.initializeBean(AbstractAutowireCapableBeanFactory.java:1782) ~[spring-beans-6.1.6.jar:6.1.6]
	at org.springframework.beans.factory.support.AbstractAutowireCapableBeanFactory.doCreateBean(AbstractAutowireCapableBeanFactory.java:600) ~[spring-beans-6.1.6.jar:6.1.6]
	at org.springframework.beans.factory.support.AbstractAutowireCapableBeanFactory.createBean(AbstractAutowireCapableBeanFactory.java:522) ~[spring-beans-6.1.6.jar:6.1.6]
	at org.springframework.beans.factory.support.AbstractBeanFactory.lambda$doGetBean$0(AbstractBeanFactory.java:326) ~[spring-beans-6.1.6.jar:6.1.6]
	at org.springframework.beans.factory.support.DefaultSingletonBeanRegistry.getSingleton(DefaultSingletonBeanRegistry.java:234) ~[spring-beans-6.1.6.jar:6.1.6]
	at org.springframework.beans.factory.support.AbstractBeanFactory.doGetBean(AbstractBeanFactory.java:324) ~[spring-beans-6.1.6.jar:6.1.6]
	at org.springframework.beans.factory.support.AbstractBeanFactory.getBean(AbstractBeanFactory.java:200) ~[spring-beans-6.1.6.jar:6.1.6]
	at org.springframework.beans.factory.config.DependencyDescriptor.resolveCandidate(DependencyDescriptor.java:254) ~[spring-beans-6.1.6.jar:6.1.6]
	at org.springframework.beans.factory.support.DefaultListableBeanFactory.doResolveDependency(DefaultListableBeanFactory.java:1443) ~[spring-beans-6.1.6.jar:6.1.6]
	at org.springframework.beans.factory.support.DefaultListableBeanFactory.resolveDependency(DefaultListableBeanFactory.java:1353) ~[spring-beans-6.1.6.jar:6.1.6]
	at org.springframework.beans.factory.annotation.AutowiredAnnotationBeanPostProcessor$AutowiredFieldElement.resolveFieldValue(AutowiredAnnotationBeanPostProcessor.java:784) ~[spring-beans-6.1.6.jar:6.1.6]
	at org.springframework.beans.factory.annotation.AutowiredAnnotationBeanPostProcessor$AutowiredFieldElement.inject(AutowiredAnnotationBeanPostProcessor.java:767) ~[spring-beans-6.1.6.jar:6.1.6]
	at org.springframework.beans.factory.annotation.InjectionMetadata.inject(InjectionMetadata.java:145) ~[spring-beans-6.1.6.jar:6.1.6]
	at org.springframework.beans.factory.annotation.AutowiredAnnotationBeanPostProcessor.postProcessProperties(AutowiredAnnotationBeanPostProcessor.java:508) ~[spring-beans-6.1.6.jar:6.1.6]
	at org.springframework.beans.factory.support.AbstractAutowireCapableBeanFactory.populateBean(AbstractAutowireCapableBeanFactory.java:1419) ~[spring-beans-6.1.6.jar:6.1.6]
	at org.springframework.beans.factory.support.AbstractAutowireCapableBeanFactory.doCreateBean(AbstractAutowireCapableBeanFactory.java:599) ~[spring-beans-6.1.6.jar:6.1.6]
	at org.springframework.beans.factory.support.AbstractAutowireCapableBeanFactory.createBean(AbstractAutowireCapableBeanFactory.java:522) ~[spring-beans-6.1.6.jar:6.1.6]
	at org.springframework.beans.factory.support.AbstractBeanFactory.lambda$doGetBean$0(AbstractBeanFactory.java:326) ~[spring-beans-6.1.6.jar:6.1.6]
	at org.springframework.beans.factory.support.DefaultSingletonBeanRegistry.getSingleton(DefaultSingletonBeanRegistry.java:234) ~[spring-beans-6.1.6.jar:6.1.6]
	at org.springframework.beans.factory.support.AbstractBeanFactory.doGetBean(AbstractBeanFactory.java:324) ~[spring-beans-6.1.6.jar:6.1.6]
	at org.springframework.beans.factory.support.AbstractBeanFactory.getBean(AbstractBeanFactory.java:200) ~[spring-beans-6.1.6.jar:6.1.6]
	at org.springframework.beans.factory.config.DependencyDescriptor.resolveCandidate(DependencyDescriptor.java:254) ~[spring-beans-6.1.6.jar:6.1.6]
	at org.springframework.beans.factory.support.DefaultListableBeanFactory.doResolveDependency(DefaultListableBeanFactory.java:1443) ~[spring-beans-6.1.6.jar:6.1.6]
	at org.springframework.beans.factory.support.DefaultListableBeanFactory.resolveDependency(DefaultListableBeanFactory.java:1353) ~[spring-beans-6.1.6.jar:6.1.6]
	at org.springframework.beans.factory.annotation.AutowiredAnnotationBeanPostProcessor$AutowiredFieldElement.resolveFieldValue(AutowiredAnnotationBeanPostProcessor.java:784) ~[spring-beans-6.1.6.jar:6.1.6]
	at org.springframework.beans.factory.annotation.AutowiredAnnotationBeanPostProcessor$AutowiredFieldElement.inject(AutowiredAnnotationBeanPostProcessor.java:767) ~[spring-beans-6.1.6.jar:6.1.6]
	at org.springframework.beans.factory.annotation.InjectionMetadata.inject(InjectionMetadata.java:145) ~[spring-beans-6.1.6.jar:6.1.6]
	at org.springframework.beans.factory.annotation.AutowiredAnnotationBeanPostProcessor.postProcessProperties(AutowiredAnnotationBeanPostProcessor.java:508) ~[spring-beans-6.1.6.jar:6.1.6]
	at org.springframework.beans.factory.support.AbstractAutowireCapableBeanFactory.populateBean(AbstractAutowireCapableBeanFactory.java:1419) ~[spring-beans-6.1.6.jar:6.1.6]
	at org.springframework.beans.factory.support.AbstractAutowireCapableBeanFactory.doCreateBean(AbstractAutowireCapableBeanFactory.java:599) ~[spring-beans-6.1.6.jar:6.1.6]
	at org.springframework.beans.factory.support.AbstractAutowireCapableBeanFactory.createBean(AbstractAutowireCapableBeanFactory.java:522) ~[spring-beans-6.1.6.jar:6.1.6]
	at org.springframework.beans.factory.support.AbstractBeanFactory.lambda$doGetBean$0(AbstractBeanFactory.java:326) ~[spring-beans-6.1.6.jar:6.1.6]
	at org.springframework.beans.factory.support.DefaultSingletonBeanRegistry.getSingleton(DefaultSingletonBeanRegistry.java:234) ~[spring-beans-6.1.6.jar:6.1.6]
	at org.springframework.beans.factory.support.AbstractBeanFactory.doGetBean(AbstractBeanFactory.java:324) ~[spring-beans-6.1.6.jar:6.1.6]
	at org.springframework.beans.factory.support.AbstractBeanFactory.getBean(AbstractBeanFactory.java:200) ~[spring-beans-6.1.6.jar:6.1.6]
	at org.springframework.beans.factory.config.DependencyDescriptor.resolveCandidate(DependencyDescriptor.java:254) ~[spring-beans-6.1.6.jar:6.1.6]
	at org.springframework.beans.factory.support.DefaultListableBeanFactory.doResolveDependency(DefaultListableBeanFactory.java:1443) ~[spring-beans-6.1.6.jar:6.1.6]
	at org.springframework.beans.factory.support.DefaultListableBeanFactory.resolveDependency(DefaultListableBeanFactory.java:1353) ~[spring-beans-6.1.6.jar:6.1.6]
	at org.springframework.beans.factory.annotation.AutowiredAnnotationBeanPostProcessor$AutowiredFieldElement.resolveFieldValue(AutowiredAnnotationBeanPostProcessor.java:784) ~[spring-beans-6.1.6.jar:6.1.6]
	at org.springframework.beans.factory.annotation.AutowiredAnnotationBeanPostProcessor$AutowiredFieldElement.inject(AutowiredAnnotationBeanPostProcessor.java:767) ~[spring-beans-6.1.6.jar:6.1.6]
	at org.springframework.beans.factory.annotation.InjectionMetadata.inject(InjectionMetadata.java:145) ~[spring-beans-6.1.6.jar:6.1.6]
	at org.springframework.beans.factory.annotation.AutowiredAnnotationBeanPostProcessor.postProcessProperties(AutowiredAnnotationBeanPostProcessor.java:508) ~[spring-beans-6.1.6.jar:6.1.6]
	at org.springframework.beans.factory.support.AbstractAutowireCapableBeanFactory.populateBean(AbstractAutowireCapableBeanFactory.java:1419) ~[spring-beans-6.1.6.jar:6.1.6]
	at org.springframework.beans.factory.support.AbstractAutowireCapableBeanFactory.doCreateBean(AbstractAutowireCapableBeanFactory.java:599) ~[spring-beans-6.1.6.jar:6.1.6]
	at org.springframework.beans.factory.support.AbstractAutowireCapableBeanFactory.createBean(AbstractAutowireCapableBeanFactory.java:522) ~[spring-beans-6.1.6.jar:6.1.6]
	at org.springframework.beans.factory.support.AbstractBeanFactory.lambda$doGetBean$0(AbstractBeanFactory.java:326) ~[spring-beans-6.1.6.jar:6.1.6]
	at org.springframework.beans.factory.support.DefaultSingletonBeanRegistry.getSingleton(DefaultSingletonBeanRegistry.java:234) ~[spring-beans-6.1.6.jar:6.1.6]
	at org.springframework.beans.factory.support.AbstractBeanFactory.doGetBean(AbstractBeanFactory.java:324) ~[spring-beans-6.1.6.jar:6.1.6]
	at org.springframework.beans.factory.support.AbstractBeanFactory.getBean(AbstractBeanFactory.java:200) ~[spring-beans-6.1.6.jar:6.1.6]
	at org.springframework.beans.factory.support.DefaultListableBeanFactory.preInstantiateSingletons(DefaultListableBeanFactory.java:975) ~[spring-beans-6.1.6.jar:6.1.6]
	at org.springframework.context.support.AbstractApplicationContext.finishBeanFactoryInitialization(AbstractApplicationContext.java:962) ~[spring-context-6.1.6.jar:6.1.6]
	at org.springframework.context.support.AbstractApplicationContext.refresh(AbstractApplicationContext.java:624) ~[spring-context-6.1.6.jar:6.1.6]
	at org.springframework.boot.SpringApplication.refresh(SpringApplication.java:754) ~[spring-boot-3.2.5.jar:3.2.5]
	at org.springframework.boot.SpringApplication.refreshContext(SpringApplication.java:456) ~[spring-boot-3.2.5.jar:3.2.5]
	at org.springframework.boot.SpringApplication.run(SpringApplication.java:334) ~[spring-boot-3.2.5.jar:3.2.5]
	at org.springframework.boot.test.context.SpringBootContextLoader.lambda$loadContext$3(SpringBootContextLoader.java:137) ~[spring-boot-test-3.2.5.jar:3.2.5]
	at org.springframework.util.function.ThrowingSupplier.get(ThrowingSupplier.java:58) ~[spring-core-6.1.6.jar:6.1.6]
	at org.springframework.util.function.ThrowingSupplier.get(ThrowingSupplier.java:46) ~[spring-core-6.1.6.jar:6.1.6]
	at org.springframework.boot.SpringApplication.withHook(SpringApplication.java:1454) ~[spring-boot-3.2.5.jar:3.2.5]
	at org.springframework.boot.test.context.SpringBootContextLoader$ContextLoaderHook.run(SpringBootContextLoader.java:553) ~[spring-boot-test-3.2.5.jar:3.2.5]
	at org.springframework.boot.test.context.SpringBootContextLoader.loadContext(SpringBootContextLoader.java:137) ~[spring-boot-test-3.2.5.jar:3.2.5]
	at org.springframework.boot.test.context.SpringBootContextLoader.loadContext(SpringBootContextLoader.java:108) ~[spring-boot-test-3.2.5.jar:3.2.5]
	at org.springframework.test.context.cache.DefaultCacheAwareContextLoaderDelegate.loadContextInternal(DefaultCacheAwareContextLoaderDelegate.java:225) ~[spring-test-6.1.6.jar:6.1.6]
	at org.springframework.test.context.cache.DefaultCacheAwareContextLoaderDelegate.loadContext(DefaultCacheAwareContextLoaderDelegate.java:152) ~[spring-test-6.1.6.jar:6.1.6]
	at org.springframework.test.context.support.DefaultTestContext.getApplicationContext(DefaultTestContext.java:130) ~[spring-test-6.1.6.jar:6.1.6]
	at org.springframework.test.context.web.ServletTestExecutionListener.setUpRequestContextIfNecessary(ServletTestExecutionListener.java:191) ~[spring-test-6.1.6.jar:6.1.6]
	at org.springframework.test.context.web.ServletTestExecutionListener.prepareTestInstance(ServletTestExecutionListener.java:130) ~[spring-test-6.1.6.jar:6.1.6]
	at org.springframework.test.context.TestContextManager.prepareTestInstance(TestContextManager.java:260) ~[spring-test-6.1.6.jar:6.1.6]
	at org.springframework.test.context.junit.jupiter.SpringExtension.postProcessTestInstance(SpringExtension.java:163) ~[spring-test-6.1.6.jar:6.1.6]
	at org.junit.jupiter.engine.descriptor.ClassBasedTestDescriptor.lambda$invokeTestInstancePostProcessors$10(ClassBasedTestDescriptor.java:378) ~[junit-jupiter-engine-5.10.2.jar:5.10.2]
	at org.junit.jupiter.engine.descriptor.ClassBasedTestDescriptor.executeAndMaskThrowable(ClassBasedTestDescriptor.java:383) ~[junit-jupiter-engine-5.10.2.jar:5.10.2]
	at org.junit.jupiter.engine.descriptor.ClassBasedTestDescriptor.lambda$invokeTestInstancePostProcessors$11(ClassBasedTestDescriptor.java:378) ~[junit-jupiter-engine-5.10.2.jar:5.10.2]
	at java.base/java.util.stream.ReferencePipeline$3$1.accept(ReferencePipeline.java:197) ~[na:na]
	at java.base/java.util.stream.ReferencePipeline$2$1.accept(ReferencePipeline.java:179) ~[na:na]
	at java.base/java.util.ArrayList$ArrayListSpliterator.forEachRemaining(ArrayList.java:1625) ~[na:na]
	at java.base/java.util.stream.AbstractPipeline.copyInto(AbstractPipeline.java:509) ~[na:na]
	at java.base/java.util.stream.AbstractPipeline.wrapAndCopyInto(AbstractPipeline.java:499) ~[na:na]
	at java.base/java.util.stream.StreamSpliterators$WrappingSpliterator.forEachRemaining(StreamSpliterators.java:310) ~[na:na]
	at java.base/java.util.stream.Streams$ConcatSpliterator.forEachRemaining(Streams.java:735) ~[na:na]
	at java.base/java.util.stream.Streams$ConcatSpliterator.forEachRemaining(Streams.java:734) ~[na:na]
	at java.base/java.util.stream.ReferencePipeline$Head.forEach(ReferencePipeline.java:762) ~[na:na]
	at org.junit.jupiter.engine.descriptor.ClassBasedTestDescriptor.invokeTestInstancePostProcessors(ClassBasedTestDescriptor.java:377) ~[junit-jupiter-engine-5.10.2.jar:5.10.2]
	at org.junit.jupiter.engine.descriptor.ClassBasedTestDescriptor.lambda$instantiateAndPostProcessTestInstance$6(ClassBasedTestDescriptor.java:290) ~[junit-jupiter-engine-5.10.2.jar:5.10.2]
	at org.junit.platform.engine.support.hierarchical.ThrowableCollector.execute(ThrowableCollector.java:73) ~[junit-platform-engine-1.10.2.jar:1.10.2]
	at org.junit.jupiter.engine.descriptor.ClassBasedTestDescriptor.instantiateAndPostProcessTestInstance(ClassBasedTestDescriptor.java:289) ~[junit-jupiter-engine-5.10.2.jar:5.10.2]
	at org.junit.jupiter.engine.descriptor.ClassBasedTestDescriptor.lambda$testInstancesProvider$4(ClassBasedTestDescriptor.java:279) ~[junit-jupiter-engine-5.10.2.jar:5.10.2]
	at java.base/java.util.Optional.orElseGet(Optional.java:364) ~[na:na]
	at org.junit.jupiter.engine.descriptor.ClassBasedTestDescriptor.lambda$testInstancesProvider$5(ClassBasedTestDescriptor.java:278) ~[junit-jupiter-engine-5.10.2.jar:5.10.2]
	at org.junit.jupiter.engine.execution.TestInstancesProvider.getTestInstances(TestInstancesProvider.java:31) ~[junit-jupiter-engine-5.10.2.jar:5.10.2]
	at org.junit.jupiter.engine.descriptor.TestMethodTestDescriptor.lambda$prepare$0(TestMethodTestDescriptor.java:106) ~[junit-jupiter-engine-5.10.2.jar:5.10.2]
	at org.junit.platform.engine.support.hierarchical.ThrowableCollector.execute(ThrowableCollector.java:73) ~[junit-platform-engine-1.10.2.jar:1.10.2]
	at org.junit.jupiter.engine.descriptor.TestMethodTestDescriptor.prepare(TestMethodTestDescriptor.java:105) ~[junit-jupiter-engine-5.10.2.jar:5.10.2]
	at org.junit.jupiter.engine.descriptor.TestMethodTestDescriptor.prepare(TestMethodTestDescriptor.java:69) ~[junit-jupiter-engine-5.10.2.jar:5.10.2]
	at org.junit.platform.engine.support.hierarchical.NodeTestTask.lambda$prepare$2(NodeTestTask.java:123) ~[junit-platform-engine-1.10.2.jar:1.10.2]
	at org.junit.platform.engine.support.hierarchical.ThrowableCollector.execute(ThrowableCollector.java:73) ~[junit-platform-engine-1.10.2.jar:1.10.2]
	at org.junit.platform.engine.support.hierarchical.NodeTestTask.prepare(NodeTestTask.java:123) ~[junit-platform-engine-1.10.2.jar:1.10.2]
	at org.junit.platform.engine.support.hierarchical.NodeTestTask.execute(NodeTestTask.java:90) ~[junit-platform-engine-1.10.2.jar:1.10.2]
	at java.base/java.util.ArrayList.forEach(ArrayList.java:1511) ~[na:na]
	at org.junit.platform.engine.support.hierarchical.SameThreadHierarchicalTestExecutorService.invokeAll(SameThreadHierarchicalTestExecutorService.java:41) ~[junit-platform-engine-1.10.2.jar:1.10.2]
	at org.junit.platform.engine.support.hierarchical.NodeTestTask.lambda$executeRecursively$6(NodeTestTask.java:155) ~[junit-platform-engine-1.10.2.jar:1.10.2]
	at org.junit.platform.engine.support.hierarchical.ThrowableCollector.execute(ThrowableCollector.java:73) ~[junit-platform-engine-1.10.2.jar:1.10.2]
	at org.junit.platform.engine.support.hierarchical.NodeTestTask.lambda$executeRecursively$8(NodeTestTask.java:141) ~[junit-platform-engine-1.10.2.jar:1.10.2]
	at org.junit.platform.engine.support.hierarchical.Node.around(Node.java:137) ~[junit-platform-engine-1.10.2.jar:1.10.2]
	at org.junit.platform.engine.support.hierarchical.NodeTestTask.lambda$executeRecursively$9(NodeTestTask.java:139) ~[junit-platform-engine-1.10.2.jar:1.10.2]
	at org.junit.platform.engine.support.hierarchical.ThrowableCollector.execute(ThrowableCollector.java:73) ~[junit-platform-engine-1.10.2.jar:1.10.2]
	at org.junit.platform.engine.support.hierarchical.NodeTestTask.executeRecursively(NodeTestTask.java:138) ~[junit-platform-engine-1.10.2.jar:1.10.2]
	at org.junit.platform.engine.support.hierarchical.NodeTestTask.execute(NodeTestTask.java:95) ~[junit-platform-engine-1.10.2.jar:1.10.2]
	at java.base/java.util.ArrayList.forEach(ArrayList.java:1511) ~[na:na]
	at org.junit.platform.engine.support.hierarchical.SameThreadHierarchicalTestExecutorService.invokeAll(SameThreadHierarchicalTestExecutorService.java:41) ~[junit-platform-engine-1.10.2.jar:1.10.2]
	at org.junit.platform.engine.support.hierarchical.NodeTestTask.lambda$executeRecursively$6(NodeTestTask.java:155) ~[junit-platform-engine-1.10.2.jar:1.10.2]
	at org.junit.platform.engine.support.hierarchical.ThrowableCollector.execute(ThrowableCollector.java:73) ~[junit-platform-engine-1.10.2.jar:1.10.2]
	at org.junit.platform.engine.support.hierarchical.NodeTestTask.lambda$executeRecursively$8(NodeTestTask.java:141) ~[junit-platform-engine-1.10.2.jar:1.10.2]
	at org.junit.platform.engine.support.hierarchical.Node.around(Node.java:137) ~[junit-platform-engine-1.10.2.jar:1.10.2]
	at org.junit.platform.engine.support.hierarchical.NodeTestTask.lambda$executeRecursively$9(NodeTestTask.java:139) ~[junit-platform-engine-1.10.2.jar:1.10.2]
	at org.junit.platform.engine.support.hierarchical.ThrowableCollector.execute(ThrowableCollector.java:73) ~[junit-platform-engine-1.10.2.jar:1.10.2]
	at org.junit.platform.engine.support.hierarchical.NodeTestTask.executeRecursively(NodeTestTask.java:138) ~[junit-platform-engine-1.10.2.jar:1.10.2]
	at org.junit.platform.engine.support.hierarchical.NodeTestTask.execute(NodeTestTask.java:95) ~[junit-platform-engine-1.10.2.jar:1.10.2]
	at org.junit.platform.engine.support.hierarchical.SameThreadHierarchicalTestExecutorService.submit(SameThreadHierarchicalTestExecutorService.java:35) ~[junit-platform-engine-1.10.2.jar:1.10.2]
	at org.junit.platform.engine.support.hierarchical.HierarchicalTestExecutor.execute(HierarchicalTestExecutor.java:57) ~[junit-platform-engine-1.10.2.jar:1.10.2]
	at org.junit.platform.engine.support.hierarchical.HierarchicalTestEngine.execute(HierarchicalTestEngine.java:54) ~[junit-platform-engine-1.10.2.jar:1.10.2]
	at org.junit.platform.launcher.core.EngineExecutionOrchestrator.execute(EngineExecutionOrchestrator.java:198) ~[junit-platform-launcher-1.10.2.jar:1.10.2]
	at org.junit.platform.launcher.core.EngineExecutionOrchestrator.execute(EngineExecutionOrchestrator.java:169) ~[junit-platform-launcher-1.10.2.jar:1.10.2]
	at org.junit.platform.launcher.core.EngineExecutionOrchestrator.execute(EngineExecutionOrchestrator.java:93) ~[junit-platform-launcher-1.10.2.jar:1.10.2]
	at org.junit.platform.launcher.core.EngineExecutionOrchestrator.lambda$execute$0(EngineExecutionOrchestrator.java:58) ~[junit-platform-launcher-1.10.2.jar:1.10.2]
	at org.junit.platform.launcher.core.EngineExecutionOrchestrator.withInterceptedStreams(EngineExecutionOrchestrator.java:141) ~[junit-platform-launcher-1.10.2.jar:1.10.2]
	at org.junit.platform.launcher.core.EngineExecutionOrchestrator.execute(EngineExecutionOrchestrator.java:57) ~[junit-platform-launcher-1.10.2.jar:1.10.2]
	at org.junit.platform.launcher.core.DefaultLauncher.execute(DefaultLauncher.java:103) ~[junit-platform-launcher-1.10.2.jar:1.10.2]
	at org.junit.platform.launcher.core.DefaultLauncher.execute(DefaultLauncher.java:85) ~[junit-platform-launcher-1.10.2.jar:1.10.2]
	at org.junit.platform.launcher.core.DelegatingLauncher.execute(DelegatingLauncher.java:47) ~[junit-platform-launcher-1.10.2.jar:1.10.2]
	at org.gradle.api.internal.tasks.testing.junitplatform.JUnitPlatformTestClassProcessor$CollectAllTestClassesExecutor.processAllTestClasses(JUnitPlatformTestClassProcessor.java:119) ~[na:na]
	at org.gradle.api.internal.tasks.testing.junitplatform.JUnitPlatformTestClassProcessor$CollectAllTestClassesExecutor.access$000(JUnitPlatformTestClassProcessor.java:94) ~[na:na]
	at org.gradle.api.internal.tasks.testing.junitplatform.JUnitPlatformTestClassProcessor.stop(JUnitPlatformTestClassProcessor.java:89) ~[na:na]
	at org.gradle.api.internal.tasks.testing.SuiteTestClassProcessor.stop(SuiteTestClassProcessor.java:62) ~[na:na]
	at java.base/jdk.internal.reflect.NativeMethodAccessorImpl.invoke0(Native Method) ~[na:na]
	at java.base/jdk.internal.reflect.NativeMethodAccessorImpl.invoke(NativeMethodAccessorImpl.java:77) ~[na:na]
	at java.base/jdk.internal.reflect.DelegatingMethodAccessorImpl.invoke(DelegatingMethodAccessorImpl.java:43) ~[na:na]
	at java.base/java.lang.reflect.Method.invoke(Method.java:568) ~[na:na]
	at org.gradle.internal.dispatch.ReflectionDispatch.dispatch(ReflectionDispatch.java:36) ~[na:na]
	at org.gradle.internal.dispatch.ReflectionDispatch.dispatch(ReflectionDispatch.java:24) ~[na:na]
	at org.gradle.internal.dispatch.ContextClassLoaderDispatch.dispatch(ContextClassLoaderDispatch.java:33) ~[na:na]
	at org.gradle.internal.dispatch.ProxyDispatchAdapter$DispatchingInvocationHandler.invoke(ProxyDispatchAdapter.java:94) ~[na:na]
	at jdk.proxy1/jdk.proxy1.$Proxy2.stop(Unknown Source) ~[na:na]
	at org.gradle.api.internal.tasks.testing.worker.TestWorker$3.run(TestWorker.java:193) ~[na:na]
	at org.gradle.api.internal.tasks.testing.worker.TestWorker.executeAndMaintainThreadName(TestWorker.java:129) ~[na:na]
	at org.gradle.api.internal.tasks.testing.worker.TestWorker.execute(TestWorker.java:100) ~[na:na]
	at org.gradle.api.internal.tasks.testing.worker.TestWorker.execute(TestWorker.java:60) ~[na:na]
	at org.gradle.process.internal.worker.child.ActionExecutionWorker.execute(ActionExecutionWorker.java:56) ~[na:na]
	at org.gradle.process.internal.worker.child.SystemApplicationClassLoaderWorker.call(SystemApplicationClassLoaderWorker.java:119) ~[na:na]
	at org.gradle.process.internal.worker.child.SystemApplicationClassLoaderWorker.call(SystemApplicationClassLoaderWorker.java:66) ~[na:na]
	at worker.org.gradle.process.internal.worker.GradleWorkerMain.run(GradleWorkerMain.java:69) ~[gradle-worker.jar:na]
	at worker.org.gradle.process.internal.worker.GradleWorkerMain.main(GradleWorkerMain.java:74) ~[gradle-worker.jar:na]

2024-11-18T12:45:51.060-04:00 DEBUG 24640 --- [examen2] [    Test worker] o.s.d.jpa.repository.query.NamedQuery    : Did not find named query Procedimiento.findByMedicoId
2024-11-18T12:45:51.060-04:00 DEBUG 24640 --- [examen2] [    Test worker] tor$SharedEntityManagerInvocationHandler : Creating new EntityManager for shared EntityManager invocation
2024-11-18T12:45:51.063-04:00 DEBUG 24640 --- [examen2] [    Test worker] o.s.d.r.c.s.RepositoryFactorySupport     : Finished creation of repository instance for com.example.examen2.procedimientos.repository.ProcedimientoRepository.
2024-11-18T12:45:51.064-04:00 DEBUG 24640 --- [examen2] [    Test worker] o.s.b.f.s.DefaultListableBeanFactory     : Creating shared instance of singleton bean 'notificationService'
2024-11-18T12:45:51.065-04:00 DEBUG 24640 --- [examen2] [    Test worker] o.s.b.f.s.DefaultListableBeanFactory     : Creating shared instance of singleton bean 'emailService'
2024-11-18T12:45:51.065-04:00 DEBUG 24640 --- [examen2] [    Test worker] o.s.b.f.s.DefaultListableBeanFactory     : Creating shared instance of singleton bean 'mailSender'
2024-11-18T12:45:51.065-04:00 DEBUG 24640 --- [examen2] [    Test worker] o.s.b.f.s.DefaultListableBeanFactory     : Creating shared instance of singleton bean 'org.springframework.boot.autoconfigure.mail.MailSenderPropertiesConfiguration'
2024-11-18T12:45:51.065-04:00 DEBUG 24640 --- [examen2] [    Test worker] o.s.b.f.s.DefaultListableBeanFactory     : Creating shared instance of singleton bean 'spring.mail-org.springframework.boot.autoconfigure.mail.MailProperties'
2024-11-18T12:45:51.068-04:00 DEBUG 24640 --- [examen2] [    Test worker] o.s.b.f.s.DefaultListableBeanFactory     : Autowiring by type from bean name 'mailSender' via factory method to bean named 'spring.mail-org.springframework.boot.autoconfigure.mail.MailProperties'
2024-11-18T12:45:51.071-04:00 DEBUG 24640 --- [examen2] [    Test worker] jakarta.activation                       : MimetypesFileTypeMap: load HOME
2024-11-18T12:45:51.074-04:00 DEBUG 24640 --- [examen2] [    Test worker] jakarta.activation                       : Checking system property jakarta.activation.spi.MimeTypeRegistryProvider
2024-11-18T12:45:51.074-04:00 DEBUG 24640 --- [examen2] [    Test worker] jakarta.activation                       :   not found
2024-11-18T12:45:51.074-04:00 DEBUG 24640 --- [examen2] [    Test worker] jakarta.activation                       : Using java.util.ServiceLoader to find jakarta.activation.spi.MimeTypeRegistryProvider
2024-11-18T12:45:51.075-04:00 DEBUG 24640 --- [examen2] [    Test worker] jakarta.activation                       : ServiceProvider loading Facility used; returning object [org.eclipse.angus.activation.MimeTypeRegistryProviderImpl]
2024-11-18T12:45:51.076-04:00 DEBUG 24640 --- [examen2] [    Test worker] jakarta.activation                       : MimeTypeRegistry: can't load from file - C:\Users\aliss\.mime.types

java.io.FileNotFoundException: C:\Users\aliss\.mime.types (El sistema no puede encontrar el archivo especificado)
	at java.base/java.io.FileInputStream.open0(Native Method) ~[na:na]
	at java.base/java.io.FileInputStream.open(FileInputStream.java:216) ~[na:na]
	at java.base/java.io.FileInputStream.<init>(FileInputStream.java:157) ~[na:na]
	at java.base/java.io.FileReader.<init>(FileReader.java:75) ~[na:na]
	at org.eclipse.angus.activation.MimeTypeFile.<init>(MimeTypeFile.java:47) ~[angus-activation-2.0.2.jar:na]
	at org.eclipse.angus.activation.MimeTypeRegistryProviderImpl.getByFileName(MimeTypeRegistryProviderImpl.java:28) ~[angus-activation-2.0.2.jar:na]
	at jakarta.activation.MimetypesFileTypeMap.loadFile(MimetypesFileTypeMap.java:263) ~[jakarta.activation-api-2.1.3.jar:na]
	at jakarta.activation.MimetypesFileTypeMap.<init>(MimetypesFileTypeMap.java:107) ~[jakarta.activation-api-2.1.3.jar:na]
	at jakarta.activation.MimetypesFileTypeMap.<init>(MimetypesFileTypeMap.java:305) ~[jakarta.activation-api-2.1.3.jar:na]
	at org.springframework.mail.javamail.ConfigurableMimeFileTypeMap.createFileTypeMap(ConfigurableMimeFileTypeMap.java:150) ~[spring-context-support-6.1.6.jar:6.1.6]
	at org.springframework.mail.javamail.ConfigurableMimeFileTypeMap.getFileTypeMap(ConfigurableMimeFileTypeMap.java:123) ~[spring-context-support-6.1.6.jar:6.1.6]
	at org.springframework.mail.javamail.ConfigurableMimeFileTypeMap.afterPropertiesSet(ConfigurableMimeFileTypeMap.java:110) ~[spring-context-support-6.1.6.jar:6.1.6]
	at org.springframework.mail.javamail.JavaMailSenderImpl.<init>(JavaMailSenderImpl.java:114) ~[spring-context-support-6.1.6.jar:6.1.6]
	at org.springframework.boot.autoconfigure.mail.MailSenderPropertiesConfiguration.mailSender(MailSenderPropertiesConfiguration.java:44) ~[spring-boot-autoconfigure-3.2.5.jar:3.2.5]
	at java.base/jdk.internal.reflect.NativeMethodAccessorImpl.invoke0(Native Method) ~[na:na]
	at java.base/jdk.internal.reflect.NativeMethodAccessorImpl.invoke(NativeMethodAccessorImpl.java:77) ~[na:na]
	at java.base/jdk.internal.reflect.DelegatingMethodAccessorImpl.invoke(DelegatingMethodAccessorImpl.java:43) ~[na:na]
	at java.base/java.lang.reflect.Method.invoke(Method.java:568) ~[na:na]
	at org.springframework.beans.factory.support.SimpleInstantiationStrategy.instantiate(SimpleInstantiationStrategy.java:140) ~[spring-beans-6.1.6.jar:6.1.6]
	at org.springframework.beans.factory.support.ConstructorResolver.instantiate(ConstructorResolver.java:644) ~[spring-beans-6.1.6.jar:6.1.6]
	at org.springframework.beans.factory.support.ConstructorResolver.instantiateUsingFactoryMethod(ConstructorResolver.java:636) ~[spring-beans-6.1.6.jar:6.1.6]
	at org.springframework.beans.factory.support.AbstractAutowireCapableBeanFactory.instantiateUsingFactoryMethod(AbstractAutowireCapableBeanFactory.java:1335) ~[spring-beans-6.1.6.jar:6.1.6]
	at org.springframework.beans.factory.support.AbstractAutowireCapableBeanFactory.createBeanInstance(AbstractAutowireCapableBeanFactory.java:1165) ~[spring-beans-6.1.6.jar:6.1.6]
	at org.springframework.beans.factory.support.AbstractAutowireCapableBeanFactory.doCreateBean(AbstractAutowireCapableBeanFactory.java:562) ~[spring-beans-6.1.6.jar:6.1.6]
	at org.springframework.beans.factory.support.AbstractAutowireCapableBeanFactory.createBean(AbstractAutowireCapableBeanFactory.java:522) ~[spring-beans-6.1.6.jar:6.1.6]
	at org.springframework.beans.factory.support.AbstractBeanFactory.lambda$doGetBean$0(AbstractBeanFactory.java:326) ~[spring-beans-6.1.6.jar:6.1.6]
	at org.springframework.beans.factory.support.DefaultSingletonBeanRegistry.getSingleton(DefaultSingletonBeanRegistry.java:234) ~[spring-beans-6.1.6.jar:6.1.6]
	at org.springframework.beans.factory.support.AbstractBeanFactory.doGetBean(AbstractBeanFactory.java:324) ~[spring-beans-6.1.6.jar:6.1.6]
	at org.springframework.beans.factory.support.AbstractBeanFactory.getBean(AbstractBeanFactory.java:200) ~[spring-beans-6.1.6.jar:6.1.6]
	at org.springframework.beans.factory.config.DependencyDescriptor.resolveCandidate(DependencyDescriptor.java:254) ~[spring-beans-6.1.6.jar:6.1.6]
	at org.springframework.beans.factory.support.DefaultListableBeanFactory.doResolveDependency(DefaultListableBeanFactory.java:1443) ~[spring-beans-6.1.6.jar:6.1.6]
	at org.springframework.beans.factory.support.DefaultListableBeanFactory.resolveDependency(DefaultListableBeanFactory.java:1353) ~[spring-beans-6.1.6.jar:6.1.6]
	at org.springframework.beans.factory.annotation.AutowiredAnnotationBeanPostProcessor$AutowiredFieldElement.resolveFieldValue(AutowiredAnnotationBeanPostProcessor.java:784) ~[spring-beans-6.1.6.jar:6.1.6]
	at org.springframework.beans.factory.annotation.AutowiredAnnotationBeanPostProcessor$AutowiredFieldElement.inject(AutowiredAnnotationBeanPostProcessor.java:767) ~[spring-beans-6.1.6.jar:6.1.6]
	at org.springframework.beans.factory.annotation.InjectionMetadata.inject(InjectionMetadata.java:145) ~[spring-beans-6.1.6.jar:6.1.6]
	at org.springframework.beans.factory.annotation.AutowiredAnnotationBeanPostProcessor.postProcessProperties(AutowiredAnnotationBeanPostProcessor.java:508) ~[spring-beans-6.1.6.jar:6.1.6]
	at org.springframework.beans.factory.support.AbstractAutowireCapableBeanFactory.populateBean(AbstractAutowireCapableBeanFactory.java:1419) ~[spring-beans-6.1.6.jar:6.1.6]
	at org.springframework.beans.factory.support.AbstractAutowireCapableBeanFactory.doCreateBean(AbstractAutowireCapableBeanFactory.java:599) ~[spring-beans-6.1.6.jar:6.1.6]
	at org.springframework.beans.factory.support.AbstractAutowireCapableBeanFactory.createBean(AbstractAutowireCapableBeanFactory.java:522) ~[spring-beans-6.1.6.jar:6.1.6]
	at org.springframework.beans.factory.support.AbstractBeanFactory.lambda$doGetBean$0(AbstractBeanFactory.java:326) ~[spring-beans-6.1.6.jar:6.1.6]
	at org.springframework.beans.factory.support.DefaultSingletonBeanRegistry.getSingleton(DefaultSingletonBeanRegistry.java:234) ~[spring-beans-6.1.6.jar:6.1.6]
	at org.springframework.beans.factory.support.AbstractBeanFactory.doGetBean(AbstractBeanFactory.java:324) ~[spring-beans-6.1.6.jar:6.1.6]
	at org.springframework.beans.factory.support.AbstractBeanFactory.getBean(AbstractBeanFactory.java:200) ~[spring-beans-6.1.6.jar:6.1.6]
	at org.springframework.beans.factory.config.DependencyDescriptor.resolveCandidate(DependencyDescriptor.java:254) ~[spring-beans-6.1.6.jar:6.1.6]
	at org.springframework.beans.factory.support.DefaultListableBeanFactory.doResolveDependency(DefaultListableBeanFactory.java:1443) ~[spring-beans-6.1.6.jar:6.1.6]
	at org.springframework.beans.factory.support.DefaultListableBeanFactory.resolveDependency(DefaultListableBeanFactory.java:1353) ~[spring-beans-6.1.6.jar:6.1.6]
	at org.springframework.beans.factory.annotation.AutowiredAnnotationBeanPostProcessor$AutowiredFieldElement.resolveFieldValue(AutowiredAnnotationBeanPostProcessor.java:784) ~[spring-beans-6.1.6.jar:6.1.6]
	at org.springframework.beans.factory.annotation.AutowiredAnnotationBeanPostProcessor$AutowiredFieldElement.inject(AutowiredAnnotationBeanPostProcessor.java:767) ~[spring-beans-6.1.6.jar:6.1.6]
	at org.springframework.beans.factory.annotation.InjectionMetadata.inject(InjectionMetadata.java:145) ~[spring-beans-6.1.6.jar:6.1.6]
	at org.springframework.beans.factory.annotation.AutowiredAnnotationBeanPostProcessor.postProcessProperties(AutowiredAnnotationBeanPostProcessor.java:508) ~[spring-beans-6.1.6.jar:6.1.6]
	at org.springframework.beans.factory.support.AbstractAutowireCapableBeanFactory.populateBean(AbstractAutowireCapableBeanFactory.java:1419) ~[spring-beans-6.1.6.jar:6.1.6]
	at org.springframework.beans.factory.support.AbstractAutowireCapableBeanFactory.doCreateBean(AbstractAutowireCapableBeanFactory.java:599) ~[spring-beans-6.1.6.jar:6.1.6]
	at org.springframework.beans.factory.support.AbstractAutowireCapableBeanFactory.createBean(AbstractAutowireCapableBeanFactory.java:522) ~[spring-beans-6.1.6.jar:6.1.6]
	at org.springframework.beans.factory.support.AbstractBeanFactory.lambda$doGetBean$0(AbstractBeanFactory.java:326) ~[spring-beans-6.1.6.jar:6.1.6]
	at org.springframework.beans.factory.support.DefaultSingletonBeanRegistry.getSingleton(DefaultSingletonBeanRegistry.java:234) ~[spring-beans-6.1.6.jar:6.1.6]
	at org.springframework.beans.factory.support.AbstractBeanFactory.doGetBean(AbstractBeanFactory.java:324) ~[spring-beans-6.1.6.jar:6.1.6]
	at org.springframework.beans.factory.support.AbstractBeanFactory.getBean(AbstractBeanFactory.java:200) ~[spring-beans-6.1.6.jar:6.1.6]
	at org.springframework.beans.factory.config.DependencyDescriptor.resolveCandidate(DependencyDescriptor.java:254) ~[spring-beans-6.1.6.jar:6.1.6]
	at org.springframework.beans.factory.support.DefaultListableBeanFactory.doResolveDependency(DefaultListableBeanFactory.java:1443) ~[spring-beans-6.1.6.jar:6.1.6]
	at org.springframework.beans.factory.support.DefaultListableBeanFactory.resolveDependency(DefaultListableBeanFactory.java:1353) ~[spring-beans-6.1.6.jar:6.1.6]
	at org.springframework.beans.factory.annotation.AutowiredAnnotationBeanPostProcessor$AutowiredFieldElement.resolveFieldValue(AutowiredAnnotationBeanPostProcessor.java:784) ~[spring-beans-6.1.6.jar:6.1.6]
	at org.springframework.beans.factory.annotation.AutowiredAnnotationBeanPostProcessor$AutowiredFieldElement.inject(AutowiredAnnotationBeanPostProcessor.java:767) ~[spring-beans-6.1.6.jar:6.1.6]
	at org.springframework.beans.factory.annotation.InjectionMetadata.inject(InjectionMetadata.java:145) ~[spring-beans-6.1.6.jar:6.1.6]
	at org.springframework.beans.factory.annotation.AutowiredAnnotationBeanPostProcessor.postProcessProperties(AutowiredAnnotationBeanPostProcessor.java:508) ~[spring-beans-6.1.6.jar:6.1.6]
	at org.springframework.beans.factory.support.AbstractAutowireCapableBeanFactory.populateBean(AbstractAutowireCapableBeanFactory.java:1419) ~[spring-beans-6.1.6.jar:6.1.6]
	at org.springframework.beans.factory.support.AbstractAutowireCapableBeanFactory.doCreateBean(AbstractAutowireCapableBeanFactory.java:599) ~[spring-beans-6.1.6.jar:6.1.6]
	at org.springframework.beans.factory.support.AbstractAutowireCapableBeanFactory.createBean(AbstractAutowireCapableBeanFactory.java:522) ~[spring-beans-6.1.6.jar:6.1.6]
	at org.springframework.beans.factory.support.AbstractBeanFactory.lambda$doGetBean$0(AbstractBeanFactory.java:326) ~[spring-beans-6.1.6.jar:6.1.6]
	at org.springframework.beans.factory.support.DefaultSingletonBeanRegistry.getSingleton(DefaultSingletonBeanRegistry.java:234) ~[spring-beans-6.1.6.jar:6.1.6]
	at org.springframework.beans.factory.support.AbstractBeanFactory.doGetBean(AbstractBeanFactory.java:324) ~[spring-beans-6.1.6.jar:6.1.6]
	at org.springframework.beans.factory.support.AbstractBeanFactory.getBean(AbstractBeanFactory.java:200) ~[spring-beans-6.1.6.jar:6.1.6]
	at org.springframework.beans.factory.support.DefaultListableBeanFactory.preInstantiateSingletons(DefaultListableBeanFactory.java:975) ~[spring-beans-6.1.6.jar:6.1.6]
	at org.springframework.context.support.AbstractApplicationContext.finishBeanFactoryInitialization(AbstractApplicationContext.java:962) ~[spring-context-6.1.6.jar:6.1.6]
	at org.springframework.context.support.AbstractApplicationContext.refresh(AbstractApplicationContext.java:624) ~[spring-context-6.1.6.jar:6.1.6]
	at org.springframework.boot.SpringApplication.refresh(SpringApplication.java:754) ~[spring-boot-3.2.5.jar:3.2.5]
	at org.springframework.boot.SpringApplication.refreshContext(SpringApplication.java:456) ~[spring-boot-3.2.5.jar:3.2.5]
	at org.springframework.boot.SpringApplication.run(SpringApplication.java:334) ~[spring-boot-3.2.5.jar:3.2.5]
	at org.springframework.boot.test.context.SpringBootContextLoader.lambda$loadContext$3(SpringBootContextLoader.java:137) ~[spring-boot-test-3.2.5.jar:3.2.5]
	at org.springframework.util.function.ThrowingSupplier.get(ThrowingSupplier.java:58) ~[spring-core-6.1.6.jar:6.1.6]
	at org.springframework.util.function.ThrowingSupplier.get(ThrowingSupplier.java:46) ~[spring-core-6.1.6.jar:6.1.6]
	at org.springframework.boot.SpringApplication.withHook(SpringApplication.java:1454) ~[spring-boot-3.2.5.jar:3.2.5]
	at org.springframework.boot.test.context.SpringBootContextLoader$ContextLoaderHook.run(SpringBootContextLoader.java:553) ~[spring-boot-test-3.2.5.jar:3.2.5]
	at org.springframework.boot.test.context.SpringBootContextLoader.loadContext(SpringBootContextLoader.java:137) ~[spring-boot-test-3.2.5.jar:3.2.5]
	at org.springframework.boot.test.context.SpringBootContextLoader.loadContext(SpringBootContextLoader.java:108) ~[spring-boot-test-3.2.5.jar:3.2.5]
	at org.springframework.test.context.cache.DefaultCacheAwareContextLoaderDelegate.loadContextInternal(DefaultCacheAwareContextLoaderDelegate.java:225) ~[spring-test-6.1.6.jar:6.1.6]
	at org.springframework.test.context.cache.DefaultCacheAwareContextLoaderDelegate.loadContext(DefaultCacheAwareContextLoaderDelegate.java:152) ~[spring-test-6.1.6.jar:6.1.6]
	at org.springframework.test.context.support.DefaultTestContext.getApplicationContext(DefaultTestContext.java:130) ~[spring-test-6.1.6.jar:6.1.6]
	at org.springframework.test.context.web.ServletTestExecutionListener.setUpRequestContextIfNecessary(ServletTestExecutionListener.java:191) ~[spring-test-6.1.6.jar:6.1.6]
	at org.springframework.test.context.web.ServletTestExecutionListener.prepareTestInstance(ServletTestExecutionListener.java:130) ~[spring-test-6.1.6.jar:6.1.6]
	at org.springframework.test.context.TestContextManager.prepareTestInstance(TestContextManager.java:260) ~[spring-test-6.1.6.jar:6.1.6]
	at org.springframework.test.context.junit.jupiter.SpringExtension.postProcessTestInstance(SpringExtension.java:163) ~[spring-test-6.1.6.jar:6.1.6]
	at org.junit.jupiter.engine.descriptor.ClassBasedTestDescriptor.lambda$invokeTestInstancePostProcessors$10(ClassBasedTestDescriptor.java:378) ~[junit-jupiter-engine-5.10.2.jar:5.10.2]
	at org.junit.jupiter.engine.descriptor.ClassBasedTestDescriptor.executeAndMaskThrowable(ClassBasedTestDescriptor.java:383) ~[junit-jupiter-engine-5.10.2.jar:5.10.2]
	at org.junit.jupiter.engine.descriptor.ClassBasedTestDescriptor.lambda$invokeTestInstancePostProcessors$11(ClassBasedTestDescriptor.java:378) ~[junit-jupiter-engine-5.10.2.jar:5.10.2]
	at java.base/java.util.stream.ReferencePipeline$3$1.accept(ReferencePipeline.java:197) ~[na:na]
	at java.base/java.util.stream.ReferencePipeline$2$1.accept(ReferencePipeline.java:179) ~[na:na]
	at java.base/java.util.ArrayList$ArrayListSpliterator.forEachRemaining(ArrayList.java:1625) ~[na:na]
	at java.base/java.util.stream.AbstractPipeline.copyInto(AbstractPipeline.java:509) ~[na:na]
	at java.base/java.util.stream.AbstractPipeline.wrapAndCopyInto(AbstractPipeline.java:499) ~[na:na]
	at java.base/java.util.stream.StreamSpliterators$WrappingSpliterator.forEachRemaining(StreamSpliterators.java:310) ~[na:na]
	at java.base/java.util.stream.Streams$ConcatSpliterator.forEachRemaining(Streams.java:735) ~[na:na]
	at java.base/java.util.stream.Streams$ConcatSpliterator.forEachRemaining(Streams.java:734) ~[na:na]
	at java.base/java.util.stream.ReferencePipeline$Head.forEach(ReferencePipeline.java:762) ~[na:na]
	at org.junit.jupiter.engine.descriptor.ClassBasedTestDescriptor.invokeTestInstancePostProcessors(ClassBasedTestDescriptor.java:377) ~[junit-jupiter-engine-5.10.2.jar:5.10.2]
	at org.junit.jupiter.engine.descriptor.ClassBasedTestDescriptor.lambda$instantiateAndPostProcessTestInstance$6(ClassBasedTestDescriptor.java:290) ~[junit-jupiter-engine-5.10.2.jar:5.10.2]
	at org.junit.platform.engine.support.hierarchical.ThrowableCollector.execute(ThrowableCollector.java:73) ~[junit-platform-engine-1.10.2.jar:1.10.2]
	at org.junit.jupiter.engine.descriptor.ClassBasedTestDescriptor.instantiateAndPostProcessTestInstance(ClassBasedTestDescriptor.java:289) ~[junit-jupiter-engine-5.10.2.jar:5.10.2]
	at org.junit.jupiter.engine.descriptor.ClassBasedTestDescriptor.lambda$testInstancesProvider$4(ClassBasedTestDescriptor.java:279) ~[junit-jupiter-engine-5.10.2.jar:5.10.2]
	at java.base/java.util.Optional.orElseGet(Optional.java:364) ~[na:na]
	at org.junit.jupiter.engine.descriptor.ClassBasedTestDescriptor.lambda$testInstancesProvider$5(ClassBasedTestDescriptor.java:278) ~[junit-jupiter-engine-5.10.2.jar:5.10.2]
	at org.junit.jupiter.engine.execution.TestInstancesProvider.getTestInstances(TestInstancesProvider.java:31) ~[junit-jupiter-engine-5.10.2.jar:5.10.2]
	at org.junit.jupiter.engine.descriptor.TestMethodTestDescriptor.lambda$prepare$0(TestMethodTestDescriptor.java:106) ~[junit-jupiter-engine-5.10.2.jar:5.10.2]
	at org.junit.platform.engine.support.hierarchical.ThrowableCollector.execute(ThrowableCollector.java:73) ~[junit-platform-engine-1.10.2.jar:1.10.2]
	at org.junit.jupiter.engine.descriptor.TestMethodTestDescriptor.prepare(TestMethodTestDescriptor.java:105) ~[junit-jupiter-engine-5.10.2.jar:5.10.2]
	at org.junit.jupiter.engine.descriptor.TestMethodTestDescriptor.prepare(TestMethodTestDescriptor.java:69) ~[junit-jupiter-engine-5.10.2.jar:5.10.2]
	at org.junit.platform.engine.support.hierarchical.NodeTestTask.lambda$prepare$2(NodeTestTask.java:123) ~[junit-platform-engine-1.10.2.jar:1.10.2]
	at org.junit.platform.engine.support.hierarchical.ThrowableCollector.execute(ThrowableCollector.java:73) ~[junit-platform-engine-1.10.2.jar:1.10.2]
	at org.junit.platform.engine.support.hierarchical.NodeTestTask.prepare(NodeTestTask.java:123) ~[junit-platform-engine-1.10.2.jar:1.10.2]
	at org.junit.platform.engine.support.hierarchical.NodeTestTask.execute(NodeTestTask.java:90) ~[junit-platform-engine-1.10.2.jar:1.10.2]
	at java.base/java.util.ArrayList.forEach(ArrayList.java:1511) ~[na:na]
	at org.junit.platform.engine.support.hierarchical.SameThreadHierarchicalTestExecutorService.invokeAll(SameThreadHierarchicalTestExecutorService.java:41) ~[junit-platform-engine-1.10.2.jar:1.10.2]
	at org.junit.platform.engine.support.hierarchical.NodeTestTask.lambda$executeRecursively$6(NodeTestTask.java:155) ~[junit-platform-engine-1.10.2.jar:1.10.2]
	at org.junit.platform.engine.support.hierarchical.ThrowableCollector.execute(ThrowableCollector.java:73) ~[junit-platform-engine-1.10.2.jar:1.10.2]
	at org.junit.platform.engine.support.hierarchical.NodeTestTask.lambda$executeRecursively$8(NodeTestTask.java:141) ~[junit-platform-engine-1.10.2.jar:1.10.2]
	at org.junit.platform.engine.support.hierarchical.Node.around(Node.java:137) ~[junit-platform-engine-1.10.2.jar:1.10.2]
	at org.junit.platform.engine.support.hierarchical.NodeTestTask.lambda$executeRecursively$9(NodeTestTask.java:139) ~[junit-platform-engine-1.10.2.jar:1.10.2]
	at org.junit.platform.engine.support.hierarchical.ThrowableCollector.execute(ThrowableCollector.java:73) ~[junit-platform-engine-1.10.2.jar:1.10.2]
	at org.junit.platform.engine.support.hierarchical.NodeTestTask.executeRecursively(NodeTestTask.java:138) ~[junit-platform-engine-1.10.2.jar:1.10.2]
	at org.junit.platform.engine.support.hierarchical.NodeTestTask.execute(NodeTestTask.java:95) ~[junit-platform-engine-1.10.2.jar:1.10.2]
	at java.base/java.util.ArrayList.forEach(ArrayList.java:1511) ~[na:na]
	at org.junit.platform.engine.support.hierarchical.SameThreadHierarchicalTestExecutorService.invokeAll(SameThreadHierarchicalTestExecutorService.java:41) ~[junit-platform-engine-1.10.2.jar:1.10.2]
	at org.junit.platform.engine.support.hierarchical.NodeTestTask.lambda$executeRecursively$6(NodeTestTask.java:155) ~[junit-platform-engine-1.10.2.jar:1.10.2]
	at org.junit.platform.engine.support.hierarchical.ThrowableCollector.execute(ThrowableCollector.java:73) ~[junit-platform-engine-1.10.2.jar:1.10.2]
	at org.junit.platform.engine.support.hierarchical.NodeTestTask.lambda$executeRecursively$8(NodeTestTask.java:141) ~[junit-platform-engine-1.10.2.jar:1.10.2]
	at org.junit.platform.engine.support.hierarchical.Node.around(Node.java:137) ~[junit-platform-engine-1.10.2.jar:1.10.2]
	at org.junit.platform.engine.support.hierarchical.NodeTestTask.lambda$executeRecursively$9(NodeTestTask.java:139) ~[junit-platform-engine-1.10.2.jar:1.10.2]
	at org.junit.platform.engine.support.hierarchical.ThrowableCollector.execute(ThrowableCollector.java:73) ~[junit-platform-engine-1.10.2.jar:1.10.2]
	at org.junit.platform.engine.support.hierarchical.NodeTestTask.executeRecursively(NodeTestTask.java:138) ~[junit-platform-engine-1.10.2.jar:1.10.2]
	at org.junit.platform.engine.support.hierarchical.NodeTestTask.execute(NodeTestTask.java:95) ~[junit-platform-engine-1.10.2.jar:1.10.2]
	at org.junit.platform.engine.support.hierarchical.SameThreadHierarchicalTestExecutorService.submit(SameThreadHierarchicalTestExecutorService.java:35) ~[junit-platform-engine-1.10.2.jar:1.10.2]
	at org.junit.platform.engine.support.hierarchical.HierarchicalTestExecutor.execute(HierarchicalTestExecutor.java:57) ~[junit-platform-engine-1.10.2.jar:1.10.2]
	at org.junit.platform.engine.support.hierarchical.HierarchicalTestEngine.execute(HierarchicalTestEngine.java:54) ~[junit-platform-engine-1.10.2.jar:1.10.2]
	at org.junit.platform.launcher.core.EngineExecutionOrchestrator.execute(EngineExecutionOrchestrator.java:198) ~[junit-platform-launcher-1.10.2.jar:1.10.2]
	at org.junit.platform.launcher.core.EngineExecutionOrchestrator.execute(EngineExecutionOrchestrator.java:169) ~[junit-platform-launcher-1.10.2.jar:1.10.2]
	at org.junit.platform.launcher.core.EngineExecutionOrchestrator.execute(EngineExecutionOrchestrator.java:93) ~[junit-platform-launcher-1.10.2.jar:1.10.2]
	at org.junit.platform.launcher.core.EngineExecutionOrchestrator.lambda$execute$0(EngineExecutionOrchestrator.java:58) ~[junit-platform-launcher-1.10.2.jar:1.10.2]
	at org.junit.platform.launcher.core.EngineExecutionOrchestrator.withInterceptedStreams(EngineExecutionOrchestrator.java:141) ~[junit-platform-launcher-1.10.2.jar:1.10.2]
	at org.junit.platform.launcher.core.EngineExecutionOrchestrator.execute(EngineExecutionOrchestrator.java:57) ~[junit-platform-launcher-1.10.2.jar:1.10.2]
	at org.junit.platform.launcher.core.DefaultLauncher.execute(DefaultLauncher.java:103) ~[junit-platform-launcher-1.10.2.jar:1.10.2]
	at org.junit.platform.launcher.core.DefaultLauncher.execute(DefaultLauncher.java:85) ~[junit-platform-launcher-1.10.2.jar:1.10.2]
	at org.junit.platform.launcher.core.DelegatingLauncher.execute(DelegatingLauncher.java:47) ~[junit-platform-launcher-1.10.2.jar:1.10.2]
	at org.gradle.api.internal.tasks.testing.junitplatform.JUnitPlatformTestClassProcessor$CollectAllTestClassesExecutor.processAllTestClasses(JUnitPlatformTestClassProcessor.java:119) ~[na:na]
	at org.gradle.api.internal.tasks.testing.junitplatform.JUnitPlatformTestClassProcessor$CollectAllTestClassesExecutor.access$000(JUnitPlatformTestClassProcessor.java:94) ~[na:na]
	at org.gradle.api.internal.tasks.testing.junitplatform.JUnitPlatformTestClassProcessor.stop(JUnitPlatformTestClassProcessor.java:89) ~[na:na]
	at org.gradle.api.internal.tasks.testing.SuiteTestClassProcessor.stop(SuiteTestClassProcessor.java:62) ~[na:na]
	at java.base/jdk.internal.reflect.NativeMethodAccessorImpl.invoke0(Native Method) ~[na:na]
	at java.base/jdk.internal.reflect.NativeMethodAccessorImpl.invoke(NativeMethodAccessorImpl.java:77) ~[na:na]
	at java.base/jdk.internal.reflect.DelegatingMethodAccessorImpl.invoke(DelegatingMethodAccessorImpl.java:43) ~[na:na]
	at java.base/java.lang.reflect.Method.invoke(Method.java:568) ~[na:na]
	at org.gradle.internal.dispatch.ReflectionDispatch.dispatch(ReflectionDispatch.java:36) ~[na:na]
	at org.gradle.internal.dispatch.ReflectionDispatch.dispatch(ReflectionDispatch.java:24) ~[na:na]
	at org.gradle.internal.dispatch.ContextClassLoaderDispatch.dispatch(ContextClassLoaderDispatch.java:33) ~[na:na]
	at org.gradle.internal.dispatch.ProxyDispatchAdapter$DispatchingInvocationHandler.invoke(ProxyDispatchAdapter.java:94) ~[na:na]
	at jdk.proxy1/jdk.proxy1.$Proxy2.stop(Unknown Source) ~[na:na]
	at org.gradle.api.internal.tasks.testing.worker.TestWorker$3.run(TestWorker.java:193) ~[na:na]
	at org.gradle.api.internal.tasks.testing.worker.TestWorker.executeAndMaintainThreadName(TestWorker.java:129) ~[na:na]
	at org.gradle.api.internal.tasks.testing.worker.TestWorker.execute(TestWorker.java:100) ~[na:na]
	at org.gradle.api.internal.tasks.testing.worker.TestWorker.execute(TestWorker.java:60) ~[na:na]
	at org.gradle.process.internal.worker.child.ActionExecutionWorker.execute(ActionExecutionWorker.java:56) ~[na:na]
	at org.gradle.process.internal.worker.child.SystemApplicationClassLoaderWorker.call(SystemApplicationClassLoaderWorker.java:119) ~[na:na]
	at org.gradle.process.internal.worker.child.SystemApplicationClassLoaderWorker.call(SystemApplicationClassLoaderWorker.java:66) ~[na:na]
	at worker.org.gradle.process.internal.worker.GradleWorkerMain.run(GradleWorkerMain.java:69) ~[gradle-worker.jar:na]
	at worker.org.gradle.process.internal.worker.GradleWorkerMain.main(GradleWorkerMain.java:74) ~[gradle-worker.jar:na]

2024-11-18T12:45:51.078-04:00 DEBUG 24640 --- [examen2] [    Test worker] jakarta.activation                       : MimetypesFileTypeMap: load SYS
2024-11-18T12:45:51.078-04:00 DEBUG 24640 --- [examen2] [    Test worker] jakarta.activation                       : Checking system property jakarta.activation.spi.MimeTypeRegistryProvider
2024-11-18T12:45:51.078-04:00 DEBUG 24640 --- [examen2] [    Test worker] jakarta.activation                       :   not found
2024-11-18T12:45:51.078-04:00 DEBUG 24640 --- [examen2] [    Test worker] jakarta.activation                       : Using java.util.ServiceLoader to find jakarta.activation.spi.MimeTypeRegistryProvider
2024-11-18T12:45:51.079-04:00 DEBUG 24640 --- [examen2] [    Test worker] jakarta.activation                       : ServiceProvider loading Facility used; returning object [org.eclipse.angus.activation.MimeTypeRegistryProviderImpl]
2024-11-18T12:45:51.079-04:00 DEBUG 24640 --- [examen2] [    Test worker] jakarta.activation                       : MimeTypeRegistry: can't load from file - C:\Program Files\Java\jdk-17.0.3\conf\mime.types

java.io.FileNotFoundException: C:\Program Files\Java\jdk-17.0.3\conf\mime.types (El sistema no puede encontrar el archivo especificado)
	at java.base/java.io.FileInputStream.open0(Native Method) ~[na:na]
	at java.base/java.io.FileInputStream.open(FileInputStream.java:216) ~[na:na]
	at java.base/java.io.FileInputStream.<init>(FileInputStream.java:157) ~[na:na]
	at java.base/java.io.FileReader.<init>(FileReader.java:75) ~[na:na]
	at org.eclipse.angus.activation.MimeTypeFile.<init>(MimeTypeFile.java:47) ~[angus-activation-2.0.2.jar:na]
	at org.eclipse.angus.activation.MimeTypeRegistryProviderImpl.getByFileName(MimeTypeRegistryProviderImpl.java:28) ~[angus-activation-2.0.2.jar:na]
	at jakarta.activation.MimetypesFileTypeMap.loadFile(MimetypesFileTypeMap.java:263) ~[jakarta.activation-api-2.1.3.jar:na]
	at jakarta.activation.MimetypesFileTypeMap.<init>(MimetypesFileTypeMap.java:120) ~[jakarta.activation-api-2.1.3.jar:na]
	at jakarta.activation.MimetypesFileTypeMap.<init>(MimetypesFileTypeMap.java:305) ~[jakarta.activation-api-2.1.3.jar:na]
	at org.springframework.mail.javamail.ConfigurableMimeFileTypeMap.createFileTypeMap(ConfigurableMimeFileTypeMap.java:150) ~[spring-context-support-6.1.6.jar:6.1.6]
	at org.springframework.mail.javamail.ConfigurableMimeFileTypeMap.getFileTypeMap(ConfigurableMimeFileTypeMap.java:123) ~[spring-context-support-6.1.6.jar:6.1.6]
	at org.springframework.mail.javamail.ConfigurableMimeFileTypeMap.afterPropertiesSet(ConfigurableMimeFileTypeMap.java:110) ~[spring-context-support-6.1.6.jar:6.1.6]
	at org.springframework.mail.javamail.JavaMailSenderImpl.<init>(JavaMailSenderImpl.java:114) ~[spring-context-support-6.1.6.jar:6.1.6]
	at org.springframework.boot.autoconfigure.mail.MailSenderPropertiesConfiguration.mailSender(MailSenderPropertiesConfiguration.java:44) ~[spring-boot-autoconfigure-3.2.5.jar:3.2.5]
	at java.base/jdk.internal.reflect.NativeMethodAccessorImpl.invoke0(Native Method) ~[na:na]
	at java.base/jdk.internal.reflect.NativeMethodAccessorImpl.invoke(NativeMethodAccessorImpl.java:77) ~[na:na]
	at java.base/jdk.internal.reflect.DelegatingMethodAccessorImpl.invoke(DelegatingMethodAccessorImpl.java:43) ~[na:na]
	at java.base/java.lang.reflect.Method.invoke(Method.java:568) ~[na:na]
	at org.springframework.beans.factory.support.SimpleInstantiationStrategy.instantiate(SimpleInstantiationStrategy.java:140) ~[spring-beans-6.1.6.jar:6.1.6]
	at org.springframework.beans.factory.support.ConstructorResolver.instantiate(ConstructorResolver.java:644) ~[spring-beans-6.1.6.jar:6.1.6]
	at org.springframework.beans.factory.support.ConstructorResolver.instantiateUsingFactoryMethod(ConstructorResolver.java:636) ~[spring-beans-6.1.6.jar:6.1.6]
	at org.springframework.beans.factory.support.AbstractAutowireCapableBeanFactory.instantiateUsingFactoryMethod(AbstractAutowireCapableBeanFactory.java:1335) ~[spring-beans-6.1.6.jar:6.1.6]
	at org.springframework.beans.factory.support.AbstractAutowireCapableBeanFactory.createBeanInstance(AbstractAutowireCapableBeanFactory.java:1165) ~[spring-beans-6.1.6.jar:6.1.6]
	at org.springframework.beans.factory.support.AbstractAutowireCapableBeanFactory.doCreateBean(AbstractAutowireCapableBeanFactory.java:562) ~[spring-beans-6.1.6.jar:6.1.6]
	at org.springframework.beans.factory.support.AbstractAutowireCapableBeanFactory.createBean(AbstractAutowireCapableBeanFactory.java:522) ~[spring-beans-6.1.6.jar:6.1.6]
	at org.springframework.beans.factory.support.AbstractBeanFactory.lambda$doGetBean$0(AbstractBeanFactory.java:326) ~[spring-beans-6.1.6.jar:6.1.6]
	at org.springframework.beans.factory.support.DefaultSingletonBeanRegistry.getSingleton(DefaultSingletonBeanRegistry.java:234) ~[spring-beans-6.1.6.jar:6.1.6]
	at org.springframework.beans.factory.support.AbstractBeanFactory.doGetBean(AbstractBeanFactory.java:324) ~[spring-beans-6.1.6.jar:6.1.6]
	at org.springframework.beans.factory.support.AbstractBeanFactory.getBean(AbstractBeanFactory.java:200) ~[spring-beans-6.1.6.jar:6.1.6]
	at org.springframework.beans.factory.config.DependencyDescriptor.resolveCandidate(DependencyDescriptor.java:254) ~[spring-beans-6.1.6.jar:6.1.6]
	at org.springframework.beans.factory.support.DefaultListableBeanFactory.doResolveDependency(DefaultListableBeanFactory.java:1443) ~[spring-beans-6.1.6.jar:6.1.6]
	at org.springframework.beans.factory.support.DefaultListableBeanFactory.resolveDependency(DefaultListableBeanFactory.java:1353) ~[spring-beans-6.1.6.jar:6.1.6]
	at org.springframework.beans.factory.annotation.AutowiredAnnotationBeanPostProcessor$AutowiredFieldElement.resolveFieldValue(AutowiredAnnotationBeanPostProcessor.java:784) ~[spring-beans-6.1.6.jar:6.1.6]
	at org.springframework.beans.factory.annotation.AutowiredAnnotationBeanPostProcessor$AutowiredFieldElement.inject(AutowiredAnnotationBeanPostProcessor.java:767) ~[spring-beans-6.1.6.jar:6.1.6]
	at org.springframework.beans.factory.annotation.InjectionMetadata.inject(InjectionMetadata.java:145) ~[spring-beans-6.1.6.jar:6.1.6]
	at org.springframework.beans.factory.annotation.AutowiredAnnotationBeanPostProcessor.postProcessProperties(AutowiredAnnotationBeanPostProcessor.java:508) ~[spring-beans-6.1.6.jar:6.1.6]
	at org.springframework.beans.factory.support.AbstractAutowireCapableBeanFactory.populateBean(AbstractAutowireCapableBeanFactory.java:1419) ~[spring-beans-6.1.6.jar:6.1.6]
	at org.springframework.beans.factory.support.AbstractAutowireCapableBeanFactory.doCreateBean(AbstractAutowireCapableBeanFactory.java:599) ~[spring-beans-6.1.6.jar:6.1.6]
	at org.springframework.beans.factory.support.AbstractAutowireCapableBeanFactory.createBean(AbstractAutowireCapableBeanFactory.java:522) ~[spring-beans-6.1.6.jar:6.1.6]
	at org.springframework.beans.factory.support.AbstractBeanFactory.lambda$doGetBean$0(AbstractBeanFactory.java:326) ~[spring-beans-6.1.6.jar:6.1.6]
	at org.springframework.beans.factory.support.DefaultSingletonBeanRegistry.getSingleton(DefaultSingletonBeanRegistry.java:234) ~[spring-beans-6.1.6.jar:6.1.6]
	at org.springframework.beans.factory.support.AbstractBeanFactory.doGetBean(AbstractBeanFactory.java:324) ~[spring-beans-6.1.6.jar:6.1.6]
	at org.springframework.beans.factory.support.AbstractBeanFactory.getBean(AbstractBeanFactory.java:200) ~[spring-beans-6.1.6.jar:6.1.6]
	at org.springframework.beans.factory.config.DependencyDescriptor.resolveCandidate(DependencyDescriptor.java:254) ~[spring-beans-6.1.6.jar:6.1.6]
	at org.springframework.beans.factory.support.DefaultListableBeanFactory.doResolveDependency(DefaultListableBeanFactory.java:1443) ~[spring-beans-6.1.6.jar:6.1.6]
	at org.springframework.beans.factory.support.DefaultListableBeanFactory.resolveDependency(DefaultListableBeanFactory.java:1353) ~[spring-beans-6.1.6.jar:6.1.6]
	at org.springframework.beans.factory.annotation.AutowiredAnnotationBeanPostProcessor$AutowiredFieldElement.resolveFieldValue(AutowiredAnnotationBeanPostProcessor.java:784) ~[spring-beans-6.1.6.jar:6.1.6]
	at org.springframework.beans.factory.annotation.AutowiredAnnotationBeanPostProcessor$AutowiredFieldElement.inject(AutowiredAnnotationBeanPostProcessor.java:767) ~[spring-beans-6.1.6.jar:6.1.6]
	at org.springframework.beans.factory.annotation.InjectionMetadata.inject(InjectionMetadata.java:145) ~[spring-beans-6.1.6.jar:6.1.6]
	at org.springframework.beans.factory.annotation.AutowiredAnnotationBeanPostProcessor.postProcessProperties(AutowiredAnnotationBeanPostProcessor.java:508) ~[spring-beans-6.1.6.jar:6.1.6]
	at org.springframework.beans.factory.support.AbstractAutowireCapableBeanFactory.populateBean(AbstractAutowireCapableBeanFactory.java:1419) ~[spring-beans-6.1.6.jar:6.1.6]
	at org.springframework.beans.factory.support.AbstractAutowireCapableBeanFactory.doCreateBean(AbstractAutowireCapableBeanFactory.java:599) ~[spring-beans-6.1.6.jar:6.1.6]
	at org.springframework.beans.factory.support.AbstractAutowireCapableBeanFactory.createBean(AbstractAutowireCapableBeanFactory.java:522) ~[spring-beans-6.1.6.jar:6.1.6]
	at org.springframework.beans.factory.support.AbstractBeanFactory.lambda$doGetBean$0(AbstractBeanFactory.java:326) ~[spring-beans-6.1.6.jar:6.1.6]
	at org.springframework.beans.factory.support.DefaultSingletonBeanRegistry.getSingleton(DefaultSingletonBeanRegistry.java:234) ~[spring-beans-6.1.6.jar:6.1.6]
	at org.springframework.beans.factory.support.AbstractBeanFactory.doGetBean(AbstractBeanFactory.java:324) ~[spring-beans-6.1.6.jar:6.1.6]
	at org.springframework.beans.factory.support.AbstractBeanFactory.getBean(AbstractBeanFactory.java:200) ~[spring-beans-6.1.6.jar:6.1.6]
	at org.springframework.beans.factory.config.DependencyDescriptor.resolveCandidate(DependencyDescriptor.java:254) ~[spring-beans-6.1.6.jar:6.1.6]
	at org.springframework.beans.factory.support.DefaultListableBeanFactory.doResolveDependency(DefaultListableBeanFactory.java:1443) ~[spring-beans-6.1.6.jar:6.1.6]
	at org.springframework.beans.factory.support.DefaultListableBeanFactory.resolveDependency(DefaultListableBeanFactory.java:1353) ~[spring-beans-6.1.6.jar:6.1.6]
	at org.springframework.beans.factory.annotation.AutowiredAnnotationBeanPostProcessor$AutowiredFieldElement.resolveFieldValue(AutowiredAnnotationBeanPostProcessor.java:784) ~[spring-beans-6.1.6.jar:6.1.6]
	at org.springframework.beans.factory.annotation.AutowiredAnnotationBeanPostProcessor$AutowiredFieldElement.inject(AutowiredAnnotationBeanPostProcessor.java:767) ~[spring-beans-6.1.6.jar:6.1.6]
	at org.springframework.beans.factory.annotation.InjectionMetadata.inject(InjectionMetadata.java:145) ~[spring-beans-6.1.6.jar:6.1.6]
	at org.springframework.beans.factory.annotation.AutowiredAnnotationBeanPostProcessor.postProcessProperties(AutowiredAnnotationBeanPostProcessor.java:508) ~[spring-beans-6.1.6.jar:6.1.6]
	at org.springframework.beans.factory.support.AbstractAutowireCapableBeanFactory.populateBean(AbstractAutowireCapableBeanFactory.java:1419) ~[spring-beans-6.1.6.jar:6.1.6]
	at org.springframework.beans.factory.support.AbstractAutowireCapableBeanFactory.doCreateBean(AbstractAutowireCapableBeanFactory.java:599) ~[spring-beans-6.1.6.jar:6.1.6]
	at org.springframework.beans.factory.support.AbstractAutowireCapableBeanFactory.createBean(AbstractAutowireCapableBeanFactory.java:522) ~[spring-beans-6.1.6.jar:6.1.6]
	at org.springframework.beans.factory.support.AbstractBeanFactory.lambda$doGetBean$0(AbstractBeanFactory.java:326) ~[spring-beans-6.1.6.jar:6.1.6]
	at org.springframework.beans.factory.support.DefaultSingletonBeanRegistry.getSingleton(DefaultSingletonBeanRegistry.java:234) ~[spring-beans-6.1.6.jar:6.1.6]
	at org.springframework.beans.factory.support.AbstractBeanFactory.doGetBean(AbstractBeanFactory.java:324) ~[spring-beans-6.1.6.jar:6.1.6]
	at org.springframework.beans.factory.support.AbstractBeanFactory.getBean(AbstractBeanFactory.java:200) ~[spring-beans-6.1.6.jar:6.1.6]
	at org.springframework.beans.factory.support.DefaultListableBeanFactory.preInstantiateSingletons(DefaultListableBeanFactory.java:975) ~[spring-beans-6.1.6.jar:6.1.6]
	at org.springframework.context.support.AbstractApplicationContext.finishBeanFactoryInitialization(AbstractApplicationContext.java:962) ~[spring-context-6.1.6.jar:6.1.6]
	at org.springframework.context.support.AbstractApplicationContext.refresh(AbstractApplicationContext.java:624) ~[spring-context-6.1.6.jar:6.1.6]
	at org.springframework.boot.SpringApplication.refresh(SpringApplication.java:754) ~[spring-boot-3.2.5.jar:3.2.5]
	at org.springframework.boot.SpringApplication.refreshContext(SpringApplication.java:456) ~[spring-boot-3.2.5.jar:3.2.5]
	at org.springframework.boot.SpringApplication.run(SpringApplication.java:334) ~[spring-boot-3.2.5.jar:3.2.5]
	at org.springframework.boot.test.context.SpringBootContextLoader.lambda$loadContext$3(SpringBootContextLoader.java:137) ~[spring-boot-test-3.2.5.jar:3.2.5]
	at org.springframework.util.function.ThrowingSupplier.get(ThrowingSupplier.java:58) ~[spring-core-6.1.6.jar:6.1.6]
	at org.springframework.util.function.ThrowingSupplier.get(ThrowingSupplier.java:46) ~[spring-core-6.1.6.jar:6.1.6]
	at org.springframework.boot.SpringApplication.withHook(SpringApplication.java:1454) ~[spring-boot-3.2.5.jar:3.2.5]
	at org.springframework.boot.test.context.SpringBootContextLoader$ContextLoaderHook.run(SpringBootContextLoader.java:553) ~[spring-boot-test-3.2.5.jar:3.2.5]
	at org.springframework.boot.test.context.SpringBootContextLoader.loadContext(SpringBootContextLoader.java:137) ~[spring-boot-test-3.2.5.jar:3.2.5]
	at org.springframework.boot.test.context.SpringBootContextLoader.loadContext(SpringBootContextLoader.java:108) ~[spring-boot-test-3.2.5.jar:3.2.5]
	at org.springframework.test.context.cache.DefaultCacheAwareContextLoaderDelegate.loadContextInternal(DefaultCacheAwareContextLoaderDelegate.java:225) ~[spring-test-6.1.6.jar:6.1.6]
	at org.springframework.test.context.cache.DefaultCacheAwareContextLoaderDelegate.loadContext(DefaultCacheAwareContextLoaderDelegate.java:152) ~[spring-test-6.1.6.jar:6.1.6]
	at org.springframework.test.context.support.DefaultTestContext.getApplicationContext(DefaultTestContext.java:130) ~[spring-test-6.1.6.jar:6.1.6]
	at org.springframework.test.context.web.ServletTestExecutionListener.setUpRequestContextIfNecessary(ServletTestExecutionListener.java:191) ~[spring-test-6.1.6.jar:6.1.6]
	at org.springframework.test.context.web.ServletTestExecutionListener.prepareTestInstance(ServletTestExecutionListener.java:130) ~[spring-test-6.1.6.jar:6.1.6]
	at org.springframework.test.context.TestContextManager.prepareTestInstance(TestContextManager.java:260) ~[spring-test-6.1.6.jar:6.1.6]
	at org.springframework.test.context.junit.jupiter.SpringExtension.postProcessTestInstance(SpringExtension.java:163) ~[spring-test-6.1.6.jar:6.1.6]
	at org.junit.jupiter.engine.descriptor.ClassBasedTestDescriptor.lambda$invokeTestInstancePostProcessors$10(ClassBasedTestDescriptor.java:378) ~[junit-jupiter-engine-5.10.2.jar:5.10.2]
	at org.junit.jupiter.engine.descriptor.ClassBasedTestDescriptor.executeAndMaskThrowable(ClassBasedTestDescriptor.java:383) ~[junit-jupiter-engine-5.10.2.jar:5.10.2]
	at org.junit.jupiter.engine.descriptor.ClassBasedTestDescriptor.lambda$invokeTestInstancePostProcessors$11(ClassBasedTestDescriptor.java:378) ~[junit-jupiter-engine-5.10.2.jar:5.10.2]
	at java.base/java.util.stream.ReferencePipeline$3$1.accept(ReferencePipeline.java:197) ~[na:na]
	at java.base/java.util.stream.ReferencePipeline$2$1.accept(ReferencePipeline.java:179) ~[na:na]
	at java.base/java.util.ArrayList$ArrayListSpliterator.forEachRemaining(ArrayList.java:1625) ~[na:na]
	at java.base/java.util.stream.AbstractPipeline.copyInto(AbstractPipeline.java:509) ~[na:na]
	at java.base/java.util.stream.AbstractPipeline.wrapAndCopyInto(AbstractPipeline.java:499) ~[na:na]
	at java.base/java.util.stream.StreamSpliterators$WrappingSpliterator.forEachRemaining(StreamSpliterators.java:310) ~[na:na]
	at java.base/java.util.stream.Streams$ConcatSpliterator.forEachRemaining(Streams.java:735) ~[na:na]
	at java.base/java.util.stream.Streams$ConcatSpliterator.forEachRemaining(Streams.java:734) ~[na:na]
	at java.base/java.util.stream.ReferencePipeline$Head.forEach(ReferencePipeline.java:762) ~[na:na]
	at org.junit.jupiter.engine.descriptor.ClassBasedTestDescriptor.invokeTestInstancePostProcessors(ClassBasedTestDescriptor.java:377) ~[junit-jupiter-engine-5.10.2.jar:5.10.2]
	at org.junit.jupiter.engine.descriptor.ClassBasedTestDescriptor.lambda$instantiateAndPostProcessTestInstance$6(ClassBasedTestDescriptor.java:290) ~[junit-jupiter-engine-5.10.2.jar:5.10.2]
	at org.junit.platform.engine.support.hierarchical.ThrowableCollector.execute(ThrowableCollector.java:73) ~[junit-platform-engine-1.10.2.jar:1.10.2]
	at org.junit.jupiter.engine.descriptor.ClassBasedTestDescriptor.instantiateAndPostProcessTestInstance(ClassBasedTestDescriptor.java:289) ~[junit-jupiter-engine-5.10.2.jar:5.10.2]
	at org.junit.jupiter.engine.descriptor.ClassBasedTestDescriptor.lambda$testInstancesProvider$4(ClassBasedTestDescriptor.java:279) ~[junit-jupiter-engine-5.10.2.jar:5.10.2]
	at java.base/java.util.Optional.orElseGet(Optional.java:364) ~[na:na]
	at org.junit.jupiter.engine.descriptor.ClassBasedTestDescriptor.lambda$testInstancesProvider$5(ClassBasedTestDescriptor.java:278) ~[junit-jupiter-engine-5.10.2.jar:5.10.2]
	at org.junit.jupiter.engine.execution.TestInstancesProvider.getTestInstances(TestInstancesProvider.java:31) ~[junit-jupiter-engine-5.10.2.jar:5.10.2]
	at org.junit.jupiter.engine.descriptor.TestMethodTestDescriptor.lambda$prepare$0(TestMethodTestDescriptor.java:106) ~[junit-jupiter-engine-5.10.2.jar:5.10.2]
	at org.junit.platform.engine.support.hierarchical.ThrowableCollector.execute(ThrowableCollector.java:73) ~[junit-platform-engine-1.10.2.jar:1.10.2]
	at org.junit.jupiter.engine.descriptor.TestMethodTestDescriptor.prepare(TestMethodTestDescriptor.java:105) ~[junit-jupiter-engine-5.10.2.jar:5.10.2]
	at org.junit.jupiter.engine.descriptor.TestMethodTestDescriptor.prepare(TestMethodTestDescriptor.java:69) ~[junit-jupiter-engine-5.10.2.jar:5.10.2]
	at org.junit.platform.engine.support.hierarchical.NodeTestTask.lambda$prepare$2(NodeTestTask.java:123) ~[junit-platform-engine-1.10.2.jar:1.10.2]
	at org.junit.platform.engine.support.hierarchical.ThrowableCollector.execute(ThrowableCollector.java:73) ~[junit-platform-engine-1.10.2.jar:1.10.2]
	at org.junit.platform.engine.support.hierarchical.NodeTestTask.prepare(NodeTestTask.java:123) ~[junit-platform-engine-1.10.2.jar:1.10.2]
	at org.junit.platform.engine.support.hierarchical.NodeTestTask.execute(NodeTestTask.java:90) ~[junit-platform-engine-1.10.2.jar:1.10.2]
	at java.base/java.util.ArrayList.forEach(ArrayList.java:1511) ~[na:na]
	at org.junit.platform.engine.support.hierarchical.SameThreadHierarchicalTestExecutorService.invokeAll(SameThreadHierarchicalTestExecutorService.java:41) ~[junit-platform-engine-1.10.2.jar:1.10.2]
	at org.junit.platform.engine.support.hierarchical.NodeTestTask.lambda$executeRecursively$6(NodeTestTask.java:155) ~[junit-platform-engine-1.10.2.jar:1.10.2]
	at org.junit.platform.engine.support.hierarchical.ThrowableCollector.execute(ThrowableCollector.java:73) ~[junit-platform-engine-1.10.2.jar:1.10.2]
	at org.junit.platform.engine.support.hierarchical.NodeTestTask.lambda$executeRecursively$8(NodeTestTask.java:141) ~[junit-platform-engine-1.10.2.jar:1.10.2]
	at org.junit.platform.engine.support.hierarchical.Node.around(Node.java:137) ~[junit-platform-engine-1.10.2.jar:1.10.2]
	at org.junit.platform.engine.support.hierarchical.NodeTestTask.lambda$executeRecursively$9(NodeTestTask.java:139) ~[junit-platform-engine-1.10.2.jar:1.10.2]
	at org.junit.platform.engine.support.hierarchical.ThrowableCollector.execute(ThrowableCollector.java:73) ~[junit-platform-engine-1.10.2.jar:1.10.2]
	at org.junit.platform.engine.support.hierarchical.NodeTestTask.executeRecursively(NodeTestTask.java:138) ~[junit-platform-engine-1.10.2.jar:1.10.2]
	at org.junit.platform.engine.support.hierarchical.NodeTestTask.execute(NodeTestTask.java:95) ~[junit-platform-engine-1.10.2.jar:1.10.2]
	at java.base/java.util.ArrayList.forEach(ArrayList.java:1511) ~[na:na]
	at org.junit.platform.engine.support.hierarchical.SameThreadHierarchicalTestExecutorService.invokeAll(SameThreadHierarchicalTestExecutorService.java:41) ~[junit-platform-engine-1.10.2.jar:1.10.2]
	at org.junit.platform.engine.support.hierarchical.NodeTestTask.lambda$executeRecursively$6(NodeTestTask.java:155) ~[junit-platform-engine-1.10.2.jar:1.10.2]
	at org.junit.platform.engine.support.hierarchical.ThrowableCollector.execute(ThrowableCollector.java:73) ~[junit-platform-engine-1.10.2.jar:1.10.2]
	at org.junit.platform.engine.support.hierarchical.NodeTestTask.lambda$executeRecursively$8(NodeTestTask.java:141) ~[junit-platform-engine-1.10.2.jar:1.10.2]
	at org.junit.platform.engine.support.hierarchical.Node.around(Node.java:137) ~[junit-platform-engine-1.10.2.jar:1.10.2]
	at org.junit.platform.engine.support.hierarchical.NodeTestTask.lambda$executeRecursively$9(NodeTestTask.java:139) ~[junit-platform-engine-1.10.2.jar:1.10.2]
	at org.junit.platform.engine.support.hierarchical.ThrowableCollector.execute(ThrowableCollector.java:73) ~[junit-platform-engine-1.10.2.jar:1.10.2]
	at org.junit.platform.engine.support.hierarchical.NodeTestTask.executeRecursively(NodeTestTask.java:138) ~[junit-platform-engine-1.10.2.jar:1.10.2]
	at org.junit.platform.engine.support.hierarchical.NodeTestTask.execute(NodeTestTask.java:95) ~[junit-platform-engine-1.10.2.jar:1.10.2]
	at org.junit.platform.engine.support.hierarchical.SameThreadHierarchicalTestExecutorService.submit(SameThreadHierarchicalTestExecutorService.java:35) ~[junit-platform-engine-1.10.2.jar:1.10.2]
	at org.junit.platform.engine.support.hierarchical.HierarchicalTestExecutor.execute(HierarchicalTestExecutor.java:57) ~[junit-platform-engine-1.10.2.jar:1.10.2]
	at org.junit.platform.engine.support.hierarchical.HierarchicalTestEngine.execute(HierarchicalTestEngine.java:54) ~[junit-platform-engine-1.10.2.jar:1.10.2]
	at org.junit.platform.launcher.core.EngineExecutionOrchestrator.execute(EngineExecutionOrchestrator.java:198) ~[junit-platform-launcher-1.10.2.jar:1.10.2]
	at org.junit.platform.launcher.core.EngineExecutionOrchestrator.execute(EngineExecutionOrchestrator.java:169) ~[junit-platform-launcher-1.10.2.jar:1.10.2]
	at org.junit.platform.launcher.core.EngineExecutionOrchestrator.execute(EngineExecutionOrchestrator.java:93) ~[junit-platform-launcher-1.10.2.jar:1.10.2]
	at org.junit.platform.launcher.core.EngineExecutionOrchestrator.lambda$execute$0(EngineExecutionOrchestrator.java:58) ~[junit-platform-launcher-1.10.2.jar:1.10.2]
	at org.junit.platform.launcher.core.EngineExecutionOrchestrator.withInterceptedStreams(EngineExecutionOrchestrator.java:141) ~[junit-platform-launcher-1.10.2.jar:1.10.2]
	at org.junit.platform.launcher.core.EngineExecutionOrchestrator.execute(EngineExecutionOrchestrator.java:57) ~[junit-platform-launcher-1.10.2.jar:1.10.2]
	at org.junit.platform.launcher.core.DefaultLauncher.execute(DefaultLauncher.java:103) ~[junit-platform-launcher-1.10.2.jar:1.10.2]
	at org.junit.platform.launcher.core.DefaultLauncher.execute(DefaultLauncher.java:85) ~[junit-platform-launcher-1.10.2.jar:1.10.2]
	at org.junit.platform.launcher.core.DelegatingLauncher.execute(DelegatingLauncher.java:47) ~[junit-platform-launcher-1.10.2.jar:1.10.2]
	at org.gradle.api.internal.tasks.testing.junitplatform.JUnitPlatformTestClassProcessor$CollectAllTestClassesExecutor.processAllTestClasses(JUnitPlatformTestClassProcessor.java:119) ~[na:na]
	at org.gradle.api.internal.tasks.testing.junitplatform.JUnitPlatformTestClassProcessor$CollectAllTestClassesExecutor.access$000(JUnitPlatformTestClassProcessor.java:94) ~[na:na]
	at org.gradle.api.internal.tasks.testing.junitplatform.JUnitPlatformTestClassProcessor.stop(JUnitPlatformTestClassProcessor.java:89) ~[na:na]
	at org.gradle.api.internal.tasks.testing.SuiteTestClassProcessor.stop(SuiteTestClassProcessor.java:62) ~[na:na]
	at java.base/jdk.internal.reflect.NativeMethodAccessorImpl.invoke0(Native Method) ~[na:na]
	at java.base/jdk.internal.reflect.NativeMethodAccessorImpl.invoke(NativeMethodAccessorImpl.java:77) ~[na:na]
	at java.base/jdk.internal.reflect.DelegatingMethodAccessorImpl.invoke(DelegatingMethodAccessorImpl.java:43) ~[na:na]
	at java.base/java.lang.reflect.Method.invoke(Method.java:568) ~[na:na]
	at org.gradle.internal.dispatch.ReflectionDispatch.dispatch(ReflectionDispatch.java:36) ~[na:na]
	at org.gradle.internal.dispatch.ReflectionDispatch.dispatch(ReflectionDispatch.java:24) ~[na:na]
	at org.gradle.internal.dispatch.ContextClassLoaderDispatch.dispatch(ContextClassLoaderDispatch.java:33) ~[na:na]
	at org.gradle.internal.dispatch.ProxyDispatchAdapter$DispatchingInvocationHandler.invoke(ProxyDispatchAdapter.java:94) ~[na:na]
	at jdk.proxy1/jdk.proxy1.$Proxy2.stop(Unknown Source) ~[na:na]
	at org.gradle.api.internal.tasks.testing.worker.TestWorker$3.run(TestWorker.java:193) ~[na:na]
	at org.gradle.api.internal.tasks.testing.worker.TestWorker.executeAndMaintainThreadName(TestWorker.java:129) ~[na:na]
	at org.gradle.api.internal.tasks.testing.worker.TestWorker.execute(TestWorker.java:100) ~[na:na]
	at org.gradle.api.internal.tasks.testing.worker.TestWorker.execute(TestWorker.java:60) ~[na:na]
	at org.gradle.process.internal.worker.child.ActionExecutionWorker.execute(ActionExecutionWorker.java:56) ~[na:na]
	at org.gradle.process.internal.worker.child.SystemApplicationClassLoaderWorker.call(SystemApplicationClassLoaderWorker.java:119) ~[na:na]
	at org.gradle.process.internal.worker.child.SystemApplicationClassLoaderWorker.call(SystemApplicationClassLoaderWorker.java:66) ~[na:na]
	at worker.org.gradle.process.internal.worker.GradleWorkerMain.run(GradleWorkerMain.java:69) ~[gradle-worker.jar:na]
	at worker.org.gradle.process.internal.worker.GradleWorkerMain.main(GradleWorkerMain.java:74) ~[gradle-worker.jar:na]

2024-11-18T12:45:51.082-04:00 DEBUG 24640 --- [examen2] [    Test worker] jakarta.activation                       : MimetypesFileTypeMap: load JAR
2024-11-18T12:45:51.083-04:00 DEBUG 24640 --- [examen2] [    Test worker] jakarta.activation                       : MimetypesFileTypeMap: !anyLoaded
2024-11-18T12:45:51.083-04:00 DEBUG 24640 --- [examen2] [    Test worker] jakarta.activation                       : MimetypesFileTypeMap: not loading mime types file: /META-INF/mime.types
2024-11-18T12:45:51.083-04:00 DEBUG 24640 --- [examen2] [    Test worker] jakarta.activation                       : MimetypesFileTypeMap: load DEF
2024-11-18T12:45:51.083-04:00 DEBUG 24640 --- [examen2] [    Test worker] jakarta.activation                       : Checking system property jakarta.activation.spi.MimeTypeRegistryProvider
2024-11-18T12:45:51.083-04:00 DEBUG 24640 --- [examen2] [    Test worker] jakarta.activation                       :   not found
2024-11-18T12:45:51.083-04:00 DEBUG 24640 --- [examen2] [    Test worker] jakarta.activation                       : Using java.util.ServiceLoader to find jakarta.activation.spi.MimeTypeRegistryProvider
2024-11-18T12:45:51.085-04:00 DEBUG 24640 --- [examen2] [    Test worker] jakarta.activation                       : ServiceProvider loading Facility used; returning object [org.eclipse.angus.activation.MimeTypeRegistryProviderImpl]
2024-11-18T12:45:51.085-04:00 DEBUG 24640 --- [examen2] [    Test worker] angus.activation                         : Added: MIMETypeEntry: text/html, html
2024-11-18T12:45:51.085-04:00 DEBUG 24640 --- [examen2] [    Test worker] angus.activation                         : Added: MIMETypeEntry: text/html, htm
2024-11-18T12:45:51.085-04:00 DEBUG 24640 --- [examen2] [    Test worker] angus.activation                         : Added: MIMETypeEntry: text/html, HTML
2024-11-18T12:45:51.085-04:00 DEBUG 24640 --- [examen2] [    Test worker] angus.activation                         : Added: MIMETypeEntry: text/html, HTM
2024-11-18T12:45:51.085-04:00 DEBUG 24640 --- [examen2] [    Test worker] angus.activation                         : Added: MIMETypeEntry: text/plain, txt
2024-11-18T12:45:51.085-04:00 DEBUG 24640 --- [examen2] [    Test worker] angus.activation                         : Added: MIMETypeEntry: text/plain, text
2024-11-18T12:45:51.086-04:00 DEBUG 24640 --- [examen2] [    Test worker] angus.activation                         : Added: MIMETypeEntry: text/plain, TXT
2024-11-18T12:45:51.086-04:00 DEBUG 24640 --- [examen2] [    Test worker] angus.activation                         : Added: MIMETypeEntry: text/plain, TEXT
2024-11-18T12:45:51.086-04:00 DEBUG 24640 --- [examen2] [    Test worker] angus.activation                         : Added: MIMETypeEntry: image/gif, gif
2024-11-18T12:45:51.086-04:00 DEBUG 24640 --- [examen2] [    Test worker] angus.activation                         : Added: MIMETypeEntry: image/gif, GIF
2024-11-18T12:45:51.086-04:00 DEBUG 24640 --- [examen2] [    Test worker] angus.activation                         : Added: MIMETypeEntry: image/ief, ief
2024-11-18T12:45:51.086-04:00 DEBUG 24640 --- [examen2] [    Test worker] angus.activation                         : Added: MIMETypeEntry: image/jpeg, jpeg
2024-11-18T12:45:51.086-04:00 DEBUG 24640 --- [examen2] [    Test worker] angus.activation                         : Added: MIMETypeEntry: image/jpeg, jpg
2024-11-18T12:45:51.086-04:00 DEBUG 24640 --- [examen2] [    Test worker] angus.activation                         : Added: MIMETypeEntry: image/jpeg, jpe
2024-11-18T12:45:51.086-04:00 DEBUG 24640 --- [examen2] [    Test worker] angus.activation                         : Added: MIMETypeEntry: image/jpeg, JPG
2024-11-18T12:45:51.086-04:00 DEBUG 24640 --- [examen2] [    Test worker] angus.activation                         : Added: MIMETypeEntry: image/tiff, tiff
2024-11-18T12:45:51.086-04:00 DEBUG 24640 --- [examen2] [    Test worker] angus.activation                         : Added: MIMETypeEntry: image/tiff, tif
2024-11-18T12:45:51.086-04:00 DEBUG 24640 --- [examen2] [    Test worker] angus.activation                         : Added: MIMETypeEntry: image/png, png
2024-11-18T12:45:51.086-04:00 DEBUG 24640 --- [examen2] [    Test worker] angus.activation                         : Added: MIMETypeEntry: image/png, PNG
2024-11-18T12:45:51.086-04:00 DEBUG 24640 --- [examen2] [    Test worker] angus.activation                         : Added: MIMETypeEntry: image/x-xwindowdump, xwd
2024-11-18T12:45:51.086-04:00 DEBUG 24640 --- [examen2] [    Test worker] angus.activation                         : Added: MIMETypeEntry: application/postscript, ai
2024-11-18T12:45:51.086-04:00 DEBUG 24640 --- [examen2] [    Test worker] angus.activation                         : Added: MIMETypeEntry: application/postscript, eps
2024-11-18T12:45:51.086-04:00 DEBUG 24640 --- [examen2] [    Test worker] angus.activation                         : Added: MIMETypeEntry: application/postscript, ps
2024-11-18T12:45:51.086-04:00 DEBUG 24640 --- [examen2] [    Test worker] angus.activation                         : Added: MIMETypeEntry: application/rtf, rtf
2024-11-18T12:45:51.086-04:00 DEBUG 24640 --- [examen2] [    Test worker] angus.activation                         : Added: MIMETypeEntry: application/x-tex, tex
2024-11-18T12:45:51.086-04:00 DEBUG 24640 --- [examen2] [    Test worker] angus.activation                         : Added: MIMETypeEntry: application/x-texinfo, texinfo
2024-11-18T12:45:51.086-04:00 DEBUG 24640 --- [examen2] [    Test worker] angus.activation                         : Added: MIMETypeEntry: application/x-texinfo, texi
2024-11-18T12:45:51.086-04:00 DEBUG 24640 --- [examen2] [    Test worker] angus.activation                         : Added: MIMETypeEntry: application/x-troff, t
2024-11-18T12:45:51.086-04:00 DEBUG 24640 --- [examen2] [    Test worker] angus.activation                         : Added: MIMETypeEntry: application/x-troff, tr
2024-11-18T12:45:51.086-04:00 DEBUG 24640 --- [examen2] [    Test worker] angus.activation                         : Added: MIMETypeEntry: application/x-troff, roff
2024-11-18T12:45:51.086-04:00 DEBUG 24640 --- [examen2] [    Test worker] angus.activation                         : Added: MIMETypeEntry: audio/basic, au
2024-11-18T12:45:51.086-04:00 DEBUG 24640 --- [examen2] [    Test worker] angus.activation                         : Added: MIMETypeEntry: audio/midi, midi
2024-11-18T12:45:51.086-04:00 DEBUG 24640 --- [examen2] [    Test worker] angus.activation                         : Added: MIMETypeEntry: audio/midi, mid
2024-11-18T12:45:51.086-04:00 DEBUG 24640 --- [examen2] [    Test worker] angus.activation                         : Added: MIMETypeEntry: audio/x-aifc, aifc
2024-11-18T12:45:51.086-04:00 DEBUG 24640 --- [examen2] [    Test worker] angus.activation                         : Added: MIMETypeEntry: audio/x-aiff, aif
2024-11-18T12:45:51.086-04:00 DEBUG 24640 --- [examen2] [    Test worker] angus.activation                         : Added: MIMETypeEntry: audio/x-aiff, aiff
2024-11-18T12:45:51.086-04:00 DEBUG 24640 --- [examen2] [    Test worker] angus.activation                         : Added: MIMETypeEntry: audio/x-mpeg, mpeg
2024-11-18T12:45:51.086-04:00 DEBUG 24640 --- [examen2] [    Test worker] angus.activation                         : Added: MIMETypeEntry: audio/x-mpeg, mpg
2024-11-18T12:45:51.086-04:00 DEBUG 24640 --- [examen2] [    Test worker] angus.activation                         : Added: MIMETypeEntry: audio/x-wav, wav
2024-11-18T12:45:51.086-04:00 DEBUG 24640 --- [examen2] [    Test worker] angus.activation                         : Added: MIMETypeEntry: video/mpeg, mpeg
2024-11-18T12:45:51.086-04:00 DEBUG 24640 --- [examen2] [    Test worker] angus.activation                         : Added: MIMETypeEntry: video/mpeg, mpg
2024-11-18T12:45:51.086-04:00 DEBUG 24640 --- [examen2] [    Test worker] angus.activation                         : Added: MIMETypeEntry: video/mpeg, mpe
2024-11-18T12:45:51.086-04:00 DEBUG 24640 --- [examen2] [    Test worker] angus.activation                         : Added: MIMETypeEntry: video/quicktime, qt
2024-11-18T12:45:51.086-04:00 DEBUG 24640 --- [examen2] [    Test worker] angus.activation                         : Added: MIMETypeEntry: video/quicktime, mov
2024-11-18T12:45:51.086-04:00 DEBUG 24640 --- [examen2] [    Test worker] angus.activation                         : Added: MIMETypeEntry: video/x-msvideo, avi
2024-11-18T12:45:51.086-04:00 DEBUG 24640 --- [examen2] [    Test worker] jakarta.activation                       : MimetypesFileTypeMap: successfully loaded mime types file: /META-INF/mimetypes.default
2024-11-18T12:45:51.086-04:00 DEBUG 24640 --- [examen2] [    Test worker] jakarta.activation                       : Checking system property jakarta.activation.spi.MimeTypeRegistryProvider
2024-11-18T12:45:51.086-04:00 DEBUG 24640 --- [examen2] [    Test worker] jakarta.activation                       :   not found
2024-11-18T12:45:51.086-04:00 DEBUG 24640 --- [examen2] [    Test worker] jakarta.activation                       : Using java.util.ServiceLoader to find jakarta.activation.spi.MimeTypeRegistryProvider
2024-11-18T12:45:51.087-04:00 DEBUG 24640 --- [examen2] [    Test worker] jakarta.activation                       : ServiceProvider loading Facility used; returning object [org.eclipse.angus.activation.MimeTypeRegistryProviderImpl]
2024-11-18T12:45:51.087-04:00 DEBUG 24640 --- [examen2] [    Test worker] angus.activation                         : Added: MIMETypeEntry: text/html, html
2024-11-18T12:45:51.087-04:00 DEBUG 24640 --- [examen2] [    Test worker] angus.activation                         : Added: MIMETypeEntry: text/html, htm
2024-11-18T12:45:51.087-04:00 DEBUG 24640 --- [examen2] [    Test worker] angus.activation                         : Added: MIMETypeEntry: text/html, HTML
2024-11-18T12:45:51.087-04:00 DEBUG 24640 --- [examen2] [    Test worker] angus.activation                         : Added: MIMETypeEntry: text/html, HTM
2024-11-18T12:45:51.087-04:00 DEBUG 24640 --- [examen2] [    Test worker] angus.activation                         : Added: MIMETypeEntry: text/plain, txt
2024-11-18T12:45:51.087-04:00 DEBUG 24640 --- [examen2] [    Test worker] angus.activation                         : Added: MIMETypeEntry: text/plain, text
2024-11-18T12:45:51.087-04:00 DEBUG 24640 --- [examen2] [    Test worker] angus.activation                         : Added: MIMETypeEntry: text/plain, TXT
2024-11-18T12:45:51.087-04:00 DEBUG 24640 --- [examen2] [    Test worker] angus.activation                         : Added: MIMETypeEntry: text/plain, TEXT
2024-11-18T12:45:51.087-04:00 DEBUG 24640 --- [examen2] [    Test worker] angus.activation                         : Added: MIMETypeEntry: text/plain, java
2024-11-18T12:45:51.087-04:00 DEBUG 24640 --- [examen2] [    Test worker] angus.activation                         : Added: MIMETypeEntry: text/plain, c
2024-11-18T12:45:51.087-04:00 DEBUG 24640 --- [examen2] [    Test worker] angus.activation                         : Added: MIMETypeEntry: text/plain, c++
2024-11-18T12:45:51.087-04:00 DEBUG 24640 --- [examen2] [    Test worker] angus.activation                         : Added: MIMETypeEntry: text/plain, cpp
2024-11-18T12:45:51.087-04:00 DEBUG 24640 --- [examen2] [    Test worker] angus.activation                         : Added: MIMETypeEntry: text/plain, pl
2024-11-18T12:45:51.087-04:00 DEBUG 24640 --- [examen2] [    Test worker] angus.activation                         : Added: MIMETypeEntry: text/plain, cc
2024-11-18T12:45:51.087-04:00 DEBUG 24640 --- [examen2] [    Test worker] angus.activation                         : Added: MIMETypeEntry: text/plain, h
2024-11-18T12:45:51.087-04:00 DEBUG 24640 --- [examen2] [    Test worker] angus.activation                         : Added: MIMETypeEntry: image/gif, gif
2024-11-18T12:45:51.087-04:00 DEBUG 24640 --- [examen2] [    Test worker] angus.activation                         : Added: MIMETypeEntry: image/gif, GIF
2024-11-18T12:45:51.087-04:00 DEBUG 24640 --- [examen2] [    Test worker] angus.activation                         : Added: MIMETypeEntry: image/ief, ief
2024-11-18T12:45:51.087-04:00 DEBUG 24640 --- [examen2] [    Test worker] angus.activation                         : Added: MIMETypeEntry: image/jpeg, jpeg
2024-11-18T12:45:51.087-04:00 DEBUG 24640 --- [examen2] [    Test worker] angus.activation                         : Added: MIMETypeEntry: image/jpeg, jpg
2024-11-18T12:45:51.087-04:00 DEBUG 24640 --- [examen2] [    Test worker] angus.activation                         : Added: MIMETypeEntry: image/jpeg, jpe
2024-11-18T12:45:51.087-04:00 DEBUG 24640 --- [examen2] [    Test worker] angus.activation                         : Added: MIMETypeEntry: image/jpeg, JPG
2024-11-18T12:45:51.087-04:00 DEBUG 24640 --- [examen2] [    Test worker] angus.activation                         : Added: MIMETypeEntry: image/tiff, tiff
2024-11-18T12:45:51.087-04:00 DEBUG 24640 --- [examen2] [    Test worker] angus.activation                         : Added: MIMETypeEntry: image/tiff, tif
2024-11-18T12:45:51.087-04:00 DEBUG 24640 --- [examen2] [    Test worker] angus.activation                         : Added: MIMETypeEntry: image/x-xwindowdump, xwd
2024-11-18T12:45:51.087-04:00 DEBUG 24640 --- [examen2] [    Test worker] angus.activation                         : Added: MIMETypeEntry: application/postscript, ai
2024-11-18T12:45:51.087-04:00 DEBUG 24640 --- [examen2] [    Test worker] angus.activation                         : Added: MIMETypeEntry: application/postscript, eps
2024-11-18T12:45:51.087-04:00 DEBUG 24640 --- [examen2] [    Test worker] angus.activation                         : Added: MIMETypeEntry: application/postscript, ps
2024-11-18T12:45:51.087-04:00 DEBUG 24640 --- [examen2] [    Test worker] angus.activation                         : Added: MIMETypeEntry: application/rtf, rtf
2024-11-18T12:45:51.087-04:00 DEBUG 24640 --- [examen2] [    Test worker] angus.activation                         : Added: MIMETypeEntry: application/x-tex, tex
2024-11-18T12:45:51.087-04:00 DEBUG 24640 --- [examen2] [    Test worker] angus.activation                         : Added: MIMETypeEntry: application/x-texinfo, texinfo
2024-11-18T12:45:51.087-04:00 DEBUG 24640 --- [examen2] [    Test worker] angus.activation                         : Added: MIMETypeEntry: application/x-texinfo, texi
2024-11-18T12:45:51.087-04:00 DEBUG 24640 --- [examen2] [    Test worker] angus.activation                         : Added: MIMETypeEntry: application/x-troff, t
2024-11-18T12:45:51.087-04:00 DEBUG 24640 --- [examen2] [    Test worker] angus.activation                         : Added: MIMETypeEntry: application/x-troff, tr
2024-11-18T12:45:51.087-04:00 DEBUG 24640 --- [examen2] [    Test worker] angus.activation                         : Added: MIMETypeEntry: application/x-troff, roff
2024-11-18T12:45:51.087-04:00 DEBUG 24640 --- [examen2] [    Test worker] angus.activation                         : Added: MIMETypeEntry: audio/basic, au
2024-11-18T12:45:51.087-04:00 DEBUG 24640 --- [examen2] [    Test worker] angus.activation                         : Added: MIMETypeEntry: audio/midi, midi
2024-11-18T12:45:51.087-04:00 DEBUG 24640 --- [examen2] [    Test worker] angus.activation                         : Added: MIMETypeEntry: audio/midi, mid
2024-11-18T12:45:51.087-04:00 DEBUG 24640 --- [examen2] [    Test worker] angus.activation                         : Added: MIMETypeEntry: audio/x-aifc, aifc
2024-11-18T12:45:51.087-04:00 DEBUG 24640 --- [examen2] [    Test worker] angus.activation                         : Added: MIMETypeEntry: audio/x-aiff, aif
2024-11-18T12:45:51.087-04:00 DEBUG 24640 --- [examen2] [    Test worker] angus.activation                         : Added: MIMETypeEntry: audio/x-aiff, aiff
2024-11-18T12:45:51.087-04:00 DEBUG 24640 --- [examen2] [    Test worker] angus.activation                         : Added: MIMETypeEntry: audio/x-mpeg, mpeg
2024-11-18T12:45:51.087-04:00 DEBUG 24640 --- [examen2] [    Test worker] angus.activation                         : Added: MIMETypeEntry: audio/x-mpeg, mpg
2024-11-18T12:45:51.087-04:00 DEBUG 24640 --- [examen2] [    Test worker] angus.activation                         : Added: MIMETypeEntry: audio/x-wav, wav
2024-11-18T12:45:51.087-04:00 DEBUG 24640 --- [examen2] [    Test worker] angus.activation                         : Added: MIMETypeEntry: video/mpeg, mpeg
2024-11-18T12:45:51.087-04:00 DEBUG 24640 --- [examen2] [    Test worker] angus.activation                         : Added: MIMETypeEntry: video/mpeg, mpg
2024-11-18T12:45:51.087-04:00 DEBUG 24640 --- [examen2] [    Test worker] angus.activation                         : Added: MIMETypeEntry: video/mpeg, mpe
2024-11-18T12:45:51.087-04:00 DEBUG 24640 --- [examen2] [    Test worker] angus.activation                         : Added: MIMETypeEntry: video/quicktime, qt
2024-11-18T12:45:51.087-04:00 DEBUG 24640 --- [examen2] [    Test worker] angus.activation                         : Added: MIMETypeEntry: video/quicktime, mov
2024-11-18T12:45:51.087-04:00 DEBUG 24640 --- [examen2] [    Test worker] angus.activation                         : Added: MIMETypeEntry: video/x-msvideo, avi
2024-11-18T12:45:51.087-04:00 DEBUG 24640 --- [examen2] [    Test worker] angus.activation                         : Added: MIMETypeEntry: text/x-speech, talk
2024-11-18T12:45:51.087-04:00 DEBUG 24640 --- [examen2] [    Test worker] angus.activation                         : Added: MIMETypeEntry: text/css, css
2024-11-18T12:45:51.087-04:00 DEBUG 24640 --- [examen2] [    Test worker] angus.activation                         : Added: MIMETypeEntry: text/csv, csv
2024-11-18T12:45:51.087-04:00 DEBUG 24640 --- [examen2] [    Test worker] angus.activation                         : Added: MIMETypeEntry: image/x-xbitmap, xbm
2024-11-18T12:45:51.087-04:00 DEBUG 24640 --- [examen2] [    Test worker] angus.activation                         : Added: MIMETypeEntry: image/x-xpixmap, xpm
2024-11-18T12:45:51.087-04:00 DEBUG 24640 --- [examen2] [    Test worker] angus.activation                         : Added: MIMETypeEntry: image/png, png
2024-11-18T12:45:51.087-04:00 DEBUG 24640 --- [examen2] [    Test worker] angus.activation                         : Added: MIMETypeEntry: image/svg+xml, svg
2024-11-18T12:45:51.087-04:00 DEBUG 24640 --- [examen2] [    Test worker] angus.activation                         : Added: MIMETypeEntry: image/ief, ief
2024-11-18T12:45:51.087-04:00 DEBUG 24640 --- [examen2] [    Test worker] angus.activation                         : Added: MIMETypeEntry: image/rgb, rgb
2024-11-18T12:45:51.087-04:00 DEBUG 24640 --- [examen2] [    Test worker] angus.activation                         : Added: MIMETypeEntry: image/g3fax, g3f
2024-11-18T12:45:51.087-04:00 DEBUG 24640 --- [examen2] [    Test worker] angus.activation                         : Added: MIMETypeEntry: image/x-xwindowdump, xwd
2024-11-18T12:45:51.087-04:00 DEBUG 24640 --- [examen2] [    Test worker] angus.activation                         : Added: MIMETypeEntry: image/x-pict, pict
2024-11-18T12:45:51.087-04:00 DEBUG 24640 --- [examen2] [    Test worker] angus.activation                         : Added: MIMETypeEntry: image/x-portable-pixmap, ppm
2024-11-18T12:45:51.087-04:00 DEBUG 24640 --- [examen2] [    Test worker] angus.activation                         : Added: MIMETypeEntry: image/x-portable-graymap, pgm
2024-11-18T12:45:51.087-04:00 DEBUG 24640 --- [examen2] [    Test worker] angus.activation                         : Added: MIMETypeEntry: image/x-portable-bitmap, pbm
2024-11-18T12:45:51.087-04:00 DEBUG 24640 --- [examen2] [    Test worker] angus.activation                         : Added: MIMETypeEntry: image/x-portable-anymap, pnm
2024-11-18T12:45:51.087-04:00 DEBUG 24640 --- [examen2] [    Test worker] angus.activation                         : Added: MIMETypeEntry: image/x-ms-bmp, bmp
2024-11-18T12:45:51.087-04:00 DEBUG 24640 --- [examen2] [    Test worker] angus.activation                         : Added: MIMETypeEntry: image/x-cmu-raster, ras
2024-11-18T12:45:51.087-04:00 DEBUG 24640 --- [examen2] [    Test worker] angus.activation                         : Added: MIMETypeEntry: image/x-photo-cd, pcd
2024-11-18T12:45:51.087-04:00 DEBUG 24640 --- [examen2] [    Test worker] angus.activation                         : Added: MIMETypeEntry: image/cgm, cgm
2024-11-18T12:45:51.087-04:00 DEBUG 24640 --- [examen2] [    Test worker] angus.activation                         : Added: MIMETypeEntry: image/x-cals, mil
2024-11-18T12:45:51.087-04:00 DEBUG 24640 --- [examen2] [    Test worker] angus.activation                         : Added: MIMETypeEntry: image/x-cals, cal
2024-11-18T12:45:51.087-04:00 DEBUG 24640 --- [examen2] [    Test worker] angus.activation                         : Added: MIMETypeEntry: image/fif, fif
2024-11-18T12:45:51.087-04:00 DEBUG 24640 --- [examen2] [    Test worker] angus.activation                         : Added: MIMETypeEntry: image/x-mgx-dsf, dsf
2024-11-18T12:45:51.087-04:00 DEBUG 24640 --- [examen2] [    Test worker] angus.activation                         : Added: MIMETypeEntry: image/x-cmx, cmx
2024-11-18T12:45:51.087-04:00 DEBUG 24640 --- [examen2] [    Test worker] angus.activation                         : Added: MIMETypeEntry: image/wavelet, wi
2024-11-18T12:45:51.087-04:00 DEBUG 24640 --- [examen2] [    Test worker] angus.activation                         : Added: MIMETypeEntry: image/vnd.dwg, dwg
2024-11-18T12:45:51.087-04:00 DEBUG 24640 --- [examen2] [    Test worker] angus.activation                         : Added: MIMETypeEntry: image/vnd.dxf, dxf
2024-11-18T12:45:51.087-04:00 DEBUG 24640 --- [examen2] [    Test worker] angus.activation                         : Added: MIMETypeEntry: image/vnd.svf, svf
2024-11-18T12:45:51.087-04:00 DEBUG 24640 --- [examen2] [    Test worker] angus.activation                         : Added: MIMETypeEntry: audio/basic, au
2024-11-18T12:45:51.087-04:00 DEBUG 24640 --- [examen2] [    Test worker] angus.activation                         : Added: MIMETypeEntry: audio/basic, snd
2024-11-18T12:45:51.087-04:00 DEBUG 24640 --- [examen2] [    Test worker] angus.activation                         : Added: MIMETypeEntry: audio/x-aiff, aif
2024-11-18T12:45:51.087-04:00 DEBUG 24640 --- [examen2] [    Test worker] angus.activation                         : Added: MIMETypeEntry: audio/x-aiff, aiff
2024-11-18T12:45:51.087-04:00 DEBUG 24640 --- [examen2] [    Test worker] angus.activation                         : Added: MIMETypeEntry: audio/x-aiff, aifc
2024-11-18T12:45:51.087-04:00 DEBUG 24640 --- [examen2] [    Test worker] angus.activation                         : Added: MIMETypeEntry: audio/x-wav, wav
2024-11-18T12:45:51.087-04:00 DEBUG 24640 --- [examen2] [    Test worker] angus.activation                         : Added: MIMETypeEntry: audio/x-mpeg, mpa
2024-11-18T12:45:51.087-04:00 DEBUG 24640 --- [examen2] [    Test worker] angus.activation                         : Added: MIMETypeEntry: audio/x-mpeg, abs
2024-11-18T12:45:51.088-04:00 DEBUG 24640 --- [examen2] [    Test worker] angus.activation                         : Added: MIMETypeEntry: audio/x-mpeg, mpega
2024-11-18T12:45:51.088-04:00 DEBUG 24640 --- [examen2] [    Test worker] angus.activation                         : Added: MIMETypeEntry: audio/x-mpeg-2, mp2a
2024-11-18T12:45:51.088-04:00 DEBUG 24640 --- [examen2] [    Test worker] angus.activation                         : Added: MIMETypeEntry: audio/x-mpeg-2, mpa2
2024-11-18T12:45:51.088-04:00 DEBUG 24640 --- [examen2] [    Test worker] angus.activation                         : Added: MIMETypeEntry: audio/echospeech, es
2024-11-18T12:45:51.088-04:00 DEBUG 24640 --- [examen2] [    Test worker] angus.activation                         : Added: MIMETypeEntry: audio/voxware, vox
2024-11-18T12:45:51.088-04:00 DEBUG 24640 --- [examen2] [    Test worker] angus.activation                         : Added: MIMETypeEntry: application/fastman, lcc
2024-11-18T12:45:51.088-04:00 DEBUG 24640 --- [examen2] [    Test worker] angus.activation                         : Added: MIMETypeEntry: application/x-pn-realaudio, ra
2024-11-18T12:45:51.088-04:00 DEBUG 24640 --- [examen2] [    Test worker] angus.activation                         : Added: MIMETypeEntry: application/x-pn-realaudio, ram
2024-11-18T12:45:51.088-04:00 DEBUG 24640 --- [examen2] [    Test worker] angus.activation                         : Added: MIMETypeEntry: x-music/x-midi, mmid
2024-11-18T12:45:51.088-04:00 DEBUG 24640 --- [examen2] [    Test worker] angus.activation                         : Added: MIMETypeEntry: application/vnd.koan, skp
2024-11-18T12:45:51.088-04:00 DEBUG 24640 --- [examen2] [    Test worker] angus.activation                         : Added: MIMETypeEntry: text/x-speech, talk
2024-11-18T12:45:51.088-04:00 DEBUG 24640 --- [examen2] [    Test worker] angus.activation                         : Added: MIMETypeEntry: video/mpeg, mpeg
2024-11-18T12:45:51.088-04:00 DEBUG 24640 --- [examen2] [    Test worker] angus.activation                         : Added: MIMETypeEntry: video/mpeg, mpg
2024-11-18T12:45:51.088-04:00 DEBUG 24640 --- [examen2] [    Test worker] angus.activation                         : Added: MIMETypeEntry: video/mpeg, mpe
2024-11-18T12:45:51.088-04:00 DEBUG 24640 --- [examen2] [    Test worker] angus.activation                         : Added: MIMETypeEntry: video/mpeg-2, mpv2
2024-11-18T12:45:51.088-04:00 DEBUG 24640 --- [examen2] [    Test worker] angus.activation                         : Added: MIMETypeEntry: video/mpeg-2, mp2v
2024-11-18T12:45:51.088-04:00 DEBUG 24640 --- [examen2] [    Test worker] angus.activation                         : Added: MIMETypeEntry: video/quicktime, qt
2024-11-18T12:45:51.088-04:00 DEBUG 24640 --- [examen2] [    Test worker] angus.activation                         : Added: MIMETypeEntry: video/quicktime, mov
2024-11-18T12:45:51.088-04:00 DEBUG 24640 --- [examen2] [    Test worker] angus.activation                         : Added: MIMETypeEntry: video/x-msvideo, avi
2024-11-18T12:45:51.088-04:00 DEBUG 24640 --- [examen2] [    Test worker] angus.activation                         : Added: MIMETypeEntry: video/x-sgi-movie, movie
2024-11-18T12:45:51.088-04:00 DEBUG 24640 --- [examen2] [    Test worker] angus.activation                         : Added: MIMETypeEntry: video/vdo, vdo
2024-11-18T12:45:51.088-04:00 DEBUG 24640 --- [examen2] [    Test worker] angus.activation                         : Added: MIMETypeEntry: video/vnd.vivo, viv
2024-11-18T12:45:51.088-04:00 DEBUG 24640 --- [examen2] [    Test worker] angus.activation                         : Added: MIMETypeEntry: application/x-ns-proxy-autoconfig, pac
2024-11-18T12:45:51.088-04:00 DEBUG 24640 --- [examen2] [    Test worker] angus.activation                         : Added: MIMETypeEntry: x-conference/x-cooltalk, ice
2024-11-18T12:45:51.088-04:00 DEBUG 24640 --- [examen2] [    Test worker] angus.activation                         : Added: MIMETypeEntry: application/postscript, ai
2024-11-18T12:45:51.088-04:00 DEBUG 24640 --- [examen2] [    Test worker] angus.activation                         : Added: MIMETypeEntry: application/postscript, eps
2024-11-18T12:45:51.088-04:00 DEBUG 24640 --- [examen2] [    Test worker] angus.activation                         : Added: MIMETypeEntry: application/postscript, ps
2024-11-18T12:45:51.088-04:00 DEBUG 24640 --- [examen2] [    Test worker] angus.activation                         : Added: MIMETypeEntry: application/rtf, rtf
2024-11-18T12:45:51.088-04:00 DEBUG 24640 --- [examen2] [    Test worker] angus.activation                         : Added: MIMETypeEntry: application/pdf, pdf
2024-11-18T12:45:51.088-04:00 DEBUG 24640 --- [examen2] [    Test worker] angus.activation                         : Added: MIMETypeEntry: application/vnd.mif, mif
2024-11-18T12:45:51.088-04:00 DEBUG 24640 --- [examen2] [    Test worker] angus.activation                         : Added: MIMETypeEntry: application/x-troff, t
2024-11-18T12:45:51.088-04:00 DEBUG 24640 --- [examen2] [    Test worker] angus.activation                         : Added: MIMETypeEntry: application/x-troff, tr
2024-11-18T12:45:51.088-04:00 DEBUG 24640 --- [examen2] [    Test worker] angus.activation                         : Added: MIMETypeEntry: application/x-troff, roff
2024-11-18T12:45:51.088-04:00 DEBUG 24640 --- [examen2] [    Test worker] angus.activation                         : Added: MIMETypeEntry: application/x-troff-man, man
2024-11-18T12:45:51.088-04:00 DEBUG 24640 --- [examen2] [    Test worker] angus.activation                         : Added: MIMETypeEntry: application/x-troff-me, me
2024-11-18T12:45:51.088-04:00 DEBUG 24640 --- [examen2] [    Test worker] angus.activation                         : Added: MIMETypeEntry: application/x-troff-ms, ms
2024-11-18T12:45:51.088-04:00 DEBUG 24640 --- [examen2] [    Test worker] angus.activation                         : Added: MIMETypeEntry: application/x-latex, latex
2024-11-18T12:45:51.088-04:00 DEBUG 24640 --- [examen2] [    Test worker] angus.activation                         : Added: MIMETypeEntry: application/x-tex, tex
2024-11-18T12:45:51.088-04:00 DEBUG 24640 --- [examen2] [    Test worker] angus.activation                         : Added: MIMETypeEntry: application/x-texinfo, texinfo
2024-11-18T12:45:51.088-04:00 DEBUG 24640 --- [examen2] [    Test worker] angus.activation                         : Added: MIMETypeEntry: application/x-texinfo, texi
2024-11-18T12:45:51.088-04:00 DEBUG 24640 --- [examen2] [    Test worker] angus.activation                         : Added: MIMETypeEntry: application/x-dvi, dvi
2024-11-18T12:45:51.088-04:00 DEBUG 24640 --- [examen2] [    Test worker] angus.activation                         : Added: MIMETypeEntry: application/msword, doc
2024-11-18T12:45:51.089-04:00 DEBUG 24640 --- [examen2] [    Test worker] angus.activation                         : Added: MIMETypeEntry: application/msword, DOC
2024-11-18T12:45:51.089-04:00 DEBUG 24640 --- [examen2] [    Test worker] angus.activation                         : Added: MIMETypeEntry: application/oda, oda
2024-11-18T12:45:51.089-04:00 DEBUG 24640 --- [examen2] [    Test worker] angus.activation                         : Added: MIMETypeEntry: application/envoy, evy
2024-11-18T12:45:51.089-04:00 DEBUG 24640 --- [examen2] [    Test worker] angus.activation                         : Added: MIMETypeEntry: application/x-gtar, gtar
2024-11-18T12:45:51.089-04:00 DEBUG 24640 --- [examen2] [    Test worker] angus.activation                         : Added: MIMETypeEntry: application/x-tar, tar
2024-11-18T12:45:51.089-04:00 DEBUG 24640 --- [examen2] [    Test worker] angus.activation                         : Added: MIMETypeEntry: application/x-ustar, ustar
2024-11-18T12:45:51.089-04:00 DEBUG 24640 --- [examen2] [    Test worker] angus.activation                         : Added: MIMETypeEntry: application/x-bcpio, bcpio
2024-11-18T12:45:51.089-04:00 DEBUG 24640 --- [examen2] [    Test worker] angus.activation                         : Added: MIMETypeEntry: application/x-cpio, cpio
2024-11-18T12:45:51.089-04:00 DEBUG 24640 --- [examen2] [    Test worker] angus.activation                         : Added: MIMETypeEntry: application/x-shar, shar
2024-11-18T12:45:51.089-04:00 DEBUG 24640 --- [examen2] [    Test worker] angus.activation                         : Added: MIMETypeEntry: application/zip, zip
2024-11-18T12:45:51.089-04:00 DEBUG 24640 --- [examen2] [    Test worker] angus.activation                         : Added: MIMETypeEntry: application/mac-binhex40, hqx
2024-11-18T12:45:51.089-04:00 DEBUG 24640 --- [examen2] [    Test worker] angus.activation                         : Added: MIMETypeEntry: application/x-stuffit, sit
2024-11-18T12:45:51.089-04:00 DEBUG 24640 --- [examen2] [    Test worker] angus.activation                         : Added: MIMETypeEntry: application/x-stuffit, sea
2024-11-18T12:45:51.089-04:00 DEBUG 24640 --- [examen2] [    Test worker] angus.activation                         : Added: MIMETypeEntry: application/fractals, fif
2024-11-18T12:45:51.089-04:00 DEBUG 24640 --- [examen2] [    Test worker] angus.activation                         : Added: MIMETypeEntry: application/octet-stream, bin
2024-11-18T12:45:51.089-04:00 DEBUG 24640 --- [examen2] [    Test worker] angus.activation                         : Added: MIMETypeEntry: application/octet-stream, uu
2024-11-18T12:45:51.089-04:00 DEBUG 24640 --- [examen2] [    Test worker] angus.activation                         : Added: MIMETypeEntry: application/octet-stream, exe
2024-11-18T12:45:51.089-04:00 DEBUG 24640 --- [examen2] [    Test worker] angus.activation                         : Added: MIMETypeEntry: application/x-wais-source, src
2024-11-18T12:45:51.089-04:00 DEBUG 24640 --- [examen2] [    Test worker] angus.activation                         : Added: MIMETypeEntry: application/x-wais-source, wsrc
2024-11-18T12:45:51.089-04:00 DEBUG 24640 --- [examen2] [    Test worker] angus.activation                         : Added: MIMETypeEntry: application/hdf, hdf
2024-11-18T12:45:51.089-04:00 DEBUG 24640 --- [examen2] [    Test worker] angus.activation                         : Added: MIMETypeEntry: text/javascript, js
2024-11-18T12:45:51.089-04:00 DEBUG 24640 --- [examen2] [    Test worker] angus.activation                         : Added: MIMETypeEntry: text/javascript, ls
2024-11-18T12:45:51.089-04:00 DEBUG 24640 --- [examen2] [    Test worker] angus.activation                         : Added: MIMETypeEntry: text/javascript, mocha
2024-11-18T12:45:51.089-04:00 DEBUG 24640 --- [examen2] [    Test worker] angus.activation                         : Added: MIMETypeEntry: application/x-sh, sh
2024-11-18T12:45:51.089-04:00 DEBUG 24640 --- [examen2] [    Test worker] angus.activation                         : Added: MIMETypeEntry: application/x-csh, csh
2024-11-18T12:45:51.089-04:00 DEBUG 24640 --- [examen2] [    Test worker] angus.activation                         : Added: MIMETypeEntry: application/x-perl, pl
2024-11-18T12:45:51.089-04:00 DEBUG 24640 --- [examen2] [    Test worker] angus.activation                         : Added: MIMETypeEntry: application/x-tcl, tcl
2024-11-18T12:45:51.089-04:00 DEBUG 24640 --- [examen2] [    Test worker] angus.activation                         : Added: MIMETypeEntry: application/futuresplash, spl
2024-11-18T12:45:51.089-04:00 DEBUG 24640 --- [examen2] [    Test worker] angus.activation                         : Added: MIMETypeEntry: application/mbedlet, mbd
2024-11-18T12:45:51.089-04:00 DEBUG 24640 --- [examen2] [    Test worker] angus.activation                         : Added: MIMETypeEntry: application/x-rad-powermedia, rad
2024-11-18T12:45:51.089-04:00 DEBUG 24640 --- [examen2] [    Test worker] angus.activation                         : Added: MIMETypeEntry: application/mspowerpoint, ppz
2024-11-18T12:45:51.089-04:00 DEBUG 24640 --- [examen2] [    Test worker] angus.activation                         : Added: MIMETypeEntry: application/x-asap, asp
2024-11-18T12:45:51.089-04:00 DEBUG 24640 --- [examen2] [    Test worker] angus.activation                         : Added: MIMETypeEntry: application/astound, asn
2024-11-18T12:45:51.089-04:00 DEBUG 24640 --- [examen2] [    Test worker] angus.activation                         : Added: MIMETypeEntry: application/x-olescript, axs
2024-11-18T12:45:51.089-04:00 DEBUG 24640 --- [examen2] [    Test worker] angus.activation                         : Added: MIMETypeEntry: application/x-oleobject, ods
2024-11-18T12:45:51.089-04:00 DEBUG 24640 --- [examen2] [    Test worker] angus.activation                         : Added: MIMETypeEntry: x-form/x-openscape, opp
2024-11-18T12:45:51.089-04:00 DEBUG 24640 --- [examen2] [    Test worker] angus.activation                         : Added: MIMETypeEntry: application/x-webbasic, wba
2024-11-18T12:45:51.089-04:00 DEBUG 24640 --- [examen2] [    Test worker] angus.activation                         : Added: MIMETypeEntry: application/x-alpha-form, frm
2024-11-18T12:45:51.089-04:00 DEBUG 24640 --- [examen2] [    Test worker] angus.activation                         : Added: MIMETypeEntry: x-script/x-wfxclient, wfx
2024-11-18T12:45:51.089-04:00 DEBUG 24640 --- [examen2] [    Test worker] angus.activation                         : Added: MIMETypeEntry: application/octet-stream, exe
2024-11-18T12:45:51.089-04:00 DEBUG 24640 --- [examen2] [    Test worker] angus.activation                         : Added: MIMETypeEntry: application/octet-stream, com
2024-11-18T12:45:51.089-04:00 DEBUG 24640 --- [examen2] [    Test worker] angus.activation                         : Added: MIMETypeEntry: application/x-pcn, pcn
2024-11-18T12:45:51.089-04:00 DEBUG 24640 --- [examen2] [    Test worker] angus.activation                         : Added: MIMETypeEntry: application/vnd.ms-excel, xls
2024-11-18T12:45:51.089-04:00 DEBUG 24640 --- [examen2] [    Test worker] angus.activation                         : Added: MIMETypeEntry: application/vnd.ms-powerpoint, ppt
2024-11-18T12:45:51.089-04:00 DEBUG 24640 --- [examen2] [    Test worker] angus.activation                         : Added: MIMETypeEntry: application/vnd.ms-project, mpp
2024-11-18T12:45:51.089-04:00 DEBUG 24640 --- [examen2] [    Test worker] angus.activation                         : Added: MIMETypeEntry: application/vnd.svd, svd
2024-11-18T12:45:51.089-04:00 DEBUG 24640 --- [examen2] [    Test worker] angus.activation                         : Added: MIMETypeEntry: application/x-net-install, ins
2024-11-18T12:45:51.089-04:00 DEBUG 24640 --- [examen2] [    Test worker] angus.activation                         : Added: MIMETypeEntry: application/ccv, ccv
2024-11-18T12:45:51.089-04:00 DEBUG 24640 --- [examen2] [    Test worker] angus.activation                         : Added: MIMETypeEntry: workbook/formulaone, vts
2024-11-18T12:45:51.089-04:00 DEBUG 24640 --- [examen2] [    Test worker] angus.activation                         : Added: MIMETypeEntry: x-world/x-vrml, wrl
2024-11-18T12:45:51.089-04:00 DEBUG 24640 --- [examen2] [    Test worker] angus.activation                         : Added: MIMETypeEntry: x-world/x-vrml, vrml
2024-11-18T12:45:51.089-04:00 DEBUG 24640 --- [examen2] [    Test worker] angus.activation                         : Added: MIMETypeEntry: x-world/x-vream, vrw
2024-11-18T12:45:51.091-04:00 DEBUG 24640 --- [examen2] [    Test worker] angus.activation                         : Added: MIMETypeEntry: application/x-p3d, p3d
2024-11-18T12:45:51.091-04:00 DEBUG 24640 --- [examen2] [    Test worker] angus.activation                         : Added: MIMETypeEntry: x-world/x-svr, svr
2024-11-18T12:45:51.091-04:00 DEBUG 24640 --- [examen2] [    Test worker] angus.activation                         : Added: MIMETypeEntry: x-world/x-wvr, wvr
2024-11-18T12:45:51.091-04:00 DEBUG 24640 --- [examen2] [    Test worker] angus.activation                         : Added: MIMETypeEntry: x-world/x-3dmf, 3dmf
2024-11-18T12:45:51.091-04:00 DEBUG 24640 --- [examen2] [    Test worker] angus.activation                         : Added: MIMETypeEntry: application/mathematica, ma
2024-11-18T12:45:51.091-04:00 DEBUG 24640 --- [examen2] [    Test worker] angus.activation                         : Added: MIMETypeEntry: x-model/x-mesh, msh
2024-11-18T12:45:51.091-04:00 DEBUG 24640 --- [examen2] [    Test worker] angus.activation                         : Added: MIMETypeEntry: application/vis5d, v5d
2024-11-18T12:45:51.091-04:00 DEBUG 24640 --- [examen2] [    Test worker] angus.activation                         : Added: MIMETypeEntry: application/iges, igs
2024-11-18T12:45:51.091-04:00 DEBUG 24640 --- [examen2] [    Test worker] angus.activation                         : Added: MIMETypeEntry: drawing/x-dwf, dwf
2024-11-18T12:45:51.098-04:00 DEBUG 24640 --- [examen2] [    Test worker] o.s.b.f.s.DefaultListableBeanFactory     : Creating shared instance of singleton bean 'jwtAuthenticationController'
2024-11-18T12:45:51.099-04:00 DEBUG 24640 --- [examen2] [    Test worker] o.s.b.f.s.DefaultListableBeanFactory     : Creating shared instance of singleton bean 'authenticationManager'
2024-11-18T12:45:51.099-04:00 DEBUG 24640 --- [examen2] [    Test worker] o.s.b.f.s.DefaultListableBeanFactory     : Creating shared instance of singleton bean 'authManagerConfig'
2024-11-18T12:45:51.099-04:00 DEBUG 24640 --- [examen2] [    Test worker] o.s.b.f.s.DefaultListableBeanFactory     : Creating shared instance of singleton bean 'usuarioDetailsServiceImpl'
2024-11-18T12:45:51.100-04:00 DEBUG 24640 --- [examen2] [    Test worker] o.s.b.f.s.DefaultListableBeanFactory     : Creating shared instance of singleton bean 'usuarioRepository'
2024-11-18T12:45:51.100-04:00 DEBUG 24640 --- [examen2] [    Test worker] o.s.b.f.s.DefaultListableBeanFactory     : Creating shared instance of singleton bean 'jpa.named-queries#0'
2024-11-18T12:45:51.101-04:00 DEBUG 24640 --- [examen2] [    Test worker] o.s.b.f.s.DefaultListableBeanFactory     : Creating shared instance of singleton bean 'jpa.UsuarioRepository.fragments#0'
2024-11-18T12:45:51.101-04:00 DEBUG 24640 --- [examen2] [    Test worker] tor$SharedEntityManagerInvocationHandler : Creating new EntityManager for shared EntityManager invocation
2024-11-18T12:45:51.101-04:00 DEBUG 24640 --- [examen2] [    Test worker] o.s.d.r.c.s.RepositoryFactorySupport     : Initializing repository instance for com.example.examen2.usuarios.repository.UsuarioRepository…
2024-11-18T12:45:51.102-04:00 DEBUG 24640 --- [examen2] [    Test worker] tor$SharedEntityManagerInvocationHandler : Creating new EntityManager for shared EntityManager invocation
2024-11-18T12:45:51.103-04:00 DEBUG 24640 --- [examen2] [    Test worker] o.s.d.jpa.repository.query.NamedQuery    : Looking up named query Usuario.findByEmail
2024-11-18T12:45:51.103-04:00 DEBUG 24640 --- [examen2] [    Test worker] cResourceLocalTransactionCoordinatorImpl : JDBC transaction marked for rollback-only (exception provided for stack trace)

java.lang.Exception: exception just for purpose of providing stack trace
	at org.hibernate.resource.transaction.backend.jdbc.internal.JdbcResourceLocalTransactionCoordinatorImpl$TransactionDriverControlImpl.markRollbackOnly(JdbcResourceLocalTransactionCoordinatorImpl.java:310) ~[hibernate-core-6.4.4.Final.jar:6.4.4.Final]
	at org.hibernate.internal.AbstractSharedSessionContract.buildNamedQuery(AbstractSharedSessionContract.java:1097) ~[hibernate-core-6.4.4.Final.jar:6.4.4.Final]
	at org.hibernate.internal.AbstractSharedSessionContract.createNamedQuery(AbstractSharedSessionContract.java:975) ~[hibernate-core-6.4.4.Final.jar:6.4.4.Final]
	at org.hibernate.internal.AbstractSharedSessionContract.createNamedQuery(AbstractSharedSessionContract.java:136) ~[hibernate-core-6.4.4.Final.jar:6.4.4.Final]
	at java.base/jdk.internal.reflect.NativeMethodAccessorImpl.invoke0(Native Method) ~[na:na]
	at java.base/jdk.internal.reflect.NativeMethodAccessorImpl.invoke(NativeMethodAccessorImpl.java:77) ~[na:na]
	at java.base/jdk.internal.reflect.DelegatingMethodAccessorImpl.invoke(DelegatingMethodAccessorImpl.java:43) ~[na:na]
	at java.base/java.lang.reflect.Method.invoke(Method.java:568) ~[na:na]
	at org.springframework.orm.jpa.ExtendedEntityManagerCreator$ExtendedEntityManagerInvocationHandler.invoke(ExtendedEntityManagerCreator.java:364) ~[spring-orm-6.1.6.jar:6.1.6]
	at jdk.proxy3/jdk.proxy3.$Proxy137.createNamedQuery(Unknown Source) ~[na:na]
	at org.springframework.data.jpa.repository.query.NamedQuery.hasNamedQuery(NamedQuery.java:113) ~[spring-data-jpa-3.2.5.jar:3.2.5]
	at org.springframework.data.jpa.repository.query.NamedQuery.lookupFrom(NamedQuery.java:141) ~[spring-data-jpa-3.2.5.jar:3.2.5]
	at org.springframework.data.jpa.repository.query.JpaQueryLookupStrategy$DeclaredQueryLookupStrategy.resolveQuery(JpaQueryLookupStrategy.java:180) ~[spring-data-jpa-3.2.5.jar:3.2.5]
	at org.springframework.data.jpa.repository.query.JpaQueryLookupStrategy$CreateIfNotFoundQueryLookupStrategy.resolveQuery(JpaQueryLookupStrategy.java:252) ~[spring-data-jpa-3.2.5.jar:3.2.5]
	at org.springframework.data.jpa.repository.query.JpaQueryLookupStrategy$AbstractQueryLookupStrategy.resolveQuery(JpaQueryLookupStrategy.java:95) ~[spring-data-jpa-3.2.5.jar:3.2.5]
	at org.springframework.data.repository.core.support.QueryExecutorMethodInterceptor.lookupQuery(QueryExecutorMethodInterceptor.java:111) ~[spring-data-commons-3.2.5.jar:3.2.5]
	at org.springframework.data.repository.core.support.QueryExecutorMethodInterceptor.mapMethodsToQuery(QueryExecutorMethodInterceptor.java:99) ~[spring-data-commons-3.2.5.jar:3.2.5]
	at org.springframework.data.repository.core.support.QueryExecutorMethodInterceptor.lambda$new$0(QueryExecutorMethodInterceptor.java:88) ~[spring-data-commons-3.2.5.jar:3.2.5]
	at java.base/java.util.Optional.map(Optional.java:260) ~[na:na]
	at org.springframework.data.repository.core.support.QueryExecutorMethodInterceptor.<init>(QueryExecutorMethodInterceptor.java:88) ~[spring-data-commons-3.2.5.jar:3.2.5]
	at org.springframework.data.repository.core.support.RepositoryFactorySupport.getRepository(RepositoryFactorySupport.java:357) ~[spring-data-commons-3.2.5.jar:3.2.5]
	at org.springframework.data.repository.core.support.RepositoryFactoryBeanSupport.lambda$afterPropertiesSet$5(RepositoryFactoryBeanSupport.java:279) ~[spring-data-commons-3.2.5.jar:3.2.5]
	at org.springframework.data.util.Lazy.getNullable(Lazy.java:135) ~[spring-data-commons-3.2.5.jar:3.2.5]
	at org.springframework.data.util.Lazy.get(Lazy.java:113) ~[spring-data-commons-3.2.5.jar:3.2.5]
	at org.springframework.data.repository.core.support.RepositoryFactoryBeanSupport.afterPropertiesSet(RepositoryFactoryBeanSupport.java:285) ~[spring-data-commons-3.2.5.jar:3.2.5]
	at org.springframework.data.jpa.repository.support.JpaRepositoryFactoryBean.afterPropertiesSet(JpaRepositoryFactoryBean.java:132) ~[spring-data-jpa-3.2.5.jar:3.2.5]
	at org.springframework.beans.factory.support.AbstractAutowireCapableBeanFactory.invokeInitMethods(AbstractAutowireCapableBeanFactory.java:1833) ~[spring-beans-6.1.6.jar:6.1.6]
	at org.springframework.beans.factory.support.AbstractAutowireCapableBeanFactory.initializeBean(AbstractAutowireCapableBeanFactory.java:1782) ~[spring-beans-6.1.6.jar:6.1.6]
	at org.springframework.beans.factory.support.AbstractAutowireCapableBeanFactory.doCreateBean(AbstractAutowireCapableBeanFactory.java:600) ~[spring-beans-6.1.6.jar:6.1.6]
	at org.springframework.beans.factory.support.AbstractAutowireCapableBeanFactory.createBean(AbstractAutowireCapableBeanFactory.java:522) ~[spring-beans-6.1.6.jar:6.1.6]
	at org.springframework.beans.factory.support.AbstractBeanFactory.lambda$doGetBean$0(AbstractBeanFactory.java:326) ~[spring-beans-6.1.6.jar:6.1.6]
	at org.springframework.beans.factory.support.DefaultSingletonBeanRegistry.getSingleton(DefaultSingletonBeanRegistry.java:234) ~[spring-beans-6.1.6.jar:6.1.6]
	at org.springframework.beans.factory.support.AbstractBeanFactory.doGetBean(AbstractBeanFactory.java:324) ~[spring-beans-6.1.6.jar:6.1.6]
	at org.springframework.beans.factory.support.AbstractBeanFactory.getBean(AbstractBeanFactory.java:200) ~[spring-beans-6.1.6.jar:6.1.6]
	at org.springframework.beans.factory.config.DependencyDescriptor.resolveCandidate(DependencyDescriptor.java:254) ~[spring-beans-6.1.6.jar:6.1.6]
	at org.springframework.beans.factory.support.DefaultListableBeanFactory.doResolveDependency(DefaultListableBeanFactory.java:1443) ~[spring-beans-6.1.6.jar:6.1.6]
	at org.springframework.beans.factory.support.DefaultListableBeanFactory.resolveDependency(DefaultListableBeanFactory.java:1353) ~[spring-beans-6.1.6.jar:6.1.6]
	at org.springframework.beans.factory.annotation.AutowiredAnnotationBeanPostProcessor$AutowiredFieldElement.resolveFieldValue(AutowiredAnnotationBeanPostProcessor.java:784) ~[spring-beans-6.1.6.jar:6.1.6]
	at org.springframework.beans.factory.annotation.AutowiredAnnotationBeanPostProcessor$AutowiredFieldElement.inject(AutowiredAnnotationBeanPostProcessor.java:767) ~[spring-beans-6.1.6.jar:6.1.6]
	at org.springframework.beans.factory.annotation.InjectionMetadata.inject(InjectionMetadata.java:145) ~[spring-beans-6.1.6.jar:6.1.6]
	at org.springframework.beans.factory.annotation.AutowiredAnnotationBeanPostProcessor.postProcessProperties(AutowiredAnnotationBeanPostProcessor.java:508) ~[spring-beans-6.1.6.jar:6.1.6]
	at org.springframework.beans.factory.support.AbstractAutowireCapableBeanFactory.populateBean(AbstractAutowireCapableBeanFactory.java:1419) ~[spring-beans-6.1.6.jar:6.1.6]
	at org.springframework.beans.factory.support.AbstractAutowireCapableBeanFactory.doCreateBean(AbstractAutowireCapableBeanFactory.java:599) ~[spring-beans-6.1.6.jar:6.1.6]
	at org.springframework.beans.factory.support.AbstractAutowireCapableBeanFactory.createBean(AbstractAutowireCapableBeanFactory.java:522) ~[spring-beans-6.1.6.jar:6.1.6]
	at org.springframework.beans.factory.support.AbstractBeanFactory.lambda$doGetBean$0(AbstractBeanFactory.java:326) ~[spring-beans-6.1.6.jar:6.1.6]
	at org.springframework.beans.factory.support.DefaultSingletonBeanRegistry.getSingleton(DefaultSingletonBeanRegistry.java:234) ~[spring-beans-6.1.6.jar:6.1.6]
	at org.springframework.beans.factory.support.AbstractBeanFactory.doGetBean(AbstractBeanFactory.java:324) ~[spring-beans-6.1.6.jar:6.1.6]
	at org.springframework.beans.factory.support.AbstractBeanFactory.getBean(AbstractBeanFactory.java:200) ~[spring-beans-6.1.6.jar:6.1.6]
	at org.springframework.beans.factory.config.DependencyDescriptor.resolveCandidate(DependencyDescriptor.java:254) ~[spring-beans-6.1.6.jar:6.1.6]
	at org.springframework.beans.factory.support.DefaultListableBeanFactory.doResolveDependency(DefaultListableBeanFactory.java:1443) ~[spring-beans-6.1.6.jar:6.1.6]
	at org.springframework.beans.factory.support.DefaultListableBeanFactory.resolveDependency(DefaultListableBeanFactory.java:1353) ~[spring-beans-6.1.6.jar:6.1.6]
	at org.springframework.beans.factory.support.ConstructorResolver.resolveAutowiredArgument(ConstructorResolver.java:904) ~[spring-beans-6.1.6.jar:6.1.6]
	at org.springframework.beans.factory.support.ConstructorResolver.createArgumentArray(ConstructorResolver.java:782) ~[spring-beans-6.1.6.jar:6.1.6]
	at org.springframework.beans.factory.support.ConstructorResolver.autowireConstructor(ConstructorResolver.java:237) ~[spring-beans-6.1.6.jar:6.1.6]
	at org.springframework.beans.factory.support.AbstractAutowireCapableBeanFactory.autowireConstructor(AbstractAutowireCapableBeanFactory.java:1355) ~[spring-beans-6.1.6.jar:6.1.6]
	at org.springframework.beans.factory.support.AbstractAutowireCapableBeanFactory.createBeanInstance(AbstractAutowireCapableBeanFactory.java:1192) ~[spring-beans-6.1.6.jar:6.1.6]
	at org.springframework.beans.factory.support.AbstractAutowireCapableBeanFactory.doCreateBean(AbstractAutowireCapableBeanFactory.java:562) ~[spring-beans-6.1.6.jar:6.1.6]
	at org.springframework.beans.factory.support.AbstractAutowireCapableBeanFactory.createBean(AbstractAutowireCapableBeanFactory.java:522) ~[spring-beans-6.1.6.jar:6.1.6]
	at org.springframework.beans.factory.support.AbstractBeanFactory.lambda$doGetBean$0(AbstractBeanFactory.java:326) ~[spring-beans-6.1.6.jar:6.1.6]
	at org.springframework.beans.factory.support.DefaultSingletonBeanRegistry.getSingleton(DefaultSingletonBeanRegistry.java:234) ~[spring-beans-6.1.6.jar:6.1.6]
	at org.springframework.beans.factory.support.AbstractBeanFactory.doGetBean(AbstractBeanFactory.java:324) ~[spring-beans-6.1.6.jar:6.1.6]
	at org.springframework.beans.factory.support.AbstractBeanFactory.getBean(AbstractBeanFactory.java:200) ~[spring-beans-6.1.6.jar:6.1.6]
	at org.springframework.beans.factory.support.ConstructorResolver.instantiateUsingFactoryMethod(ConstructorResolver.java:409) ~[spring-beans-6.1.6.jar:6.1.6]
	at org.springframework.beans.factory.support.AbstractAutowireCapableBeanFactory.instantiateUsingFactoryMethod(AbstractAutowireCapableBeanFactory.java:1335) ~[spring-beans-6.1.6.jar:6.1.6]
	at org.springframework.beans.factory.support.AbstractAutowireCapableBeanFactory.createBeanInstance(AbstractAutowireCapableBeanFactory.java:1165) ~[spring-beans-6.1.6.jar:6.1.6]
	at org.springframework.beans.factory.support.AbstractAutowireCapableBeanFactory.doCreateBean(AbstractAutowireCapableBeanFactory.java:562) ~[spring-beans-6.1.6.jar:6.1.6]
	at org.springframework.beans.factory.support.AbstractAutowireCapableBeanFactory.createBean(AbstractAutowireCapableBeanFactory.java:522) ~[spring-beans-6.1.6.jar:6.1.6]
	at org.springframework.beans.factory.support.AbstractBeanFactory.lambda$doGetBean$0(AbstractBeanFactory.java:326) ~[spring-beans-6.1.6.jar:6.1.6]
	at org.springframework.beans.factory.support.DefaultSingletonBeanRegistry.getSingleton(DefaultSingletonBeanRegistry.java:234) ~[spring-beans-6.1.6.jar:6.1.6]
	at org.springframework.beans.factory.support.AbstractBeanFactory.doGetBean(AbstractBeanFactory.java:324) ~[spring-beans-6.1.6.jar:6.1.6]
	at org.springframework.beans.factory.support.AbstractBeanFactory.getBean(AbstractBeanFactory.java:200) ~[spring-beans-6.1.6.jar:6.1.6]
	at org.springframework.beans.factory.config.DependencyDescriptor.resolveCandidate(DependencyDescriptor.java:254) ~[spring-beans-6.1.6.jar:6.1.6]
	at org.springframework.beans.factory.support.DefaultListableBeanFactory.doResolveDependency(DefaultListableBeanFactory.java:1443) ~[spring-beans-6.1.6.jar:6.1.6]
	at org.springframework.beans.factory.support.DefaultListableBeanFactory.resolveDependency(DefaultListableBeanFactory.java:1353) ~[spring-beans-6.1.6.jar:6.1.6]
	at org.springframework.beans.factory.annotation.AutowiredAnnotationBeanPostProcessor$AutowiredFieldElement.resolveFieldValue(AutowiredAnnotationBeanPostProcessor.java:784) ~[spring-beans-6.1.6.jar:6.1.6]
	at org.springframework.beans.factory.annotation.AutowiredAnnotationBeanPostProcessor$AutowiredFieldElement.inject(AutowiredAnnotationBeanPostProcessor.java:767) ~[spring-beans-6.1.6.jar:6.1.6]
	at org.springframework.beans.factory.annotation.InjectionMetadata.inject(InjectionMetadata.java:145) ~[spring-beans-6.1.6.jar:6.1.6]
	at org.springframework.beans.factory.annotation.AutowiredAnnotationBeanPostProcessor.postProcessProperties(AutowiredAnnotationBeanPostProcessor.java:508) ~[spring-beans-6.1.6.jar:6.1.6]
	at org.springframework.beans.factory.support.AbstractAutowireCapableBeanFactory.populateBean(AbstractAutowireCapableBeanFactory.java:1419) ~[spring-beans-6.1.6.jar:6.1.6]
	at org.springframework.beans.factory.support.AbstractAutowireCapableBeanFactory.doCreateBean(AbstractAutowireCapableBeanFactory.java:599) ~[spring-beans-6.1.6.jar:6.1.6]
	at org.springframework.beans.factory.support.AbstractAutowireCapableBeanFactory.createBean(AbstractAutowireCapableBeanFactory.java:522) ~[spring-beans-6.1.6.jar:6.1.6]
	at org.springframework.beans.factory.support.AbstractBeanFactory.lambda$doGetBean$0(AbstractBeanFactory.java:326) ~[spring-beans-6.1.6.jar:6.1.6]
	at org.springframework.beans.factory.support.DefaultSingletonBeanRegistry.getSingleton(DefaultSingletonBeanRegistry.java:234) ~[spring-beans-6.1.6.jar:6.1.6]
	at org.springframework.beans.factory.support.AbstractBeanFactory.doGetBean(AbstractBeanFactory.java:324) ~[spring-beans-6.1.6.jar:6.1.6]
	at org.springframework.beans.factory.support.AbstractBeanFactory.getBean(AbstractBeanFactory.java:200) ~[spring-beans-6.1.6.jar:6.1.6]
	at org.springframework.beans.factory.support.DefaultListableBeanFactory.preInstantiateSingletons(DefaultListableBeanFactory.java:975) ~[spring-beans-6.1.6.jar:6.1.6]
	at org.springframework.context.support.AbstractApplicationContext.finishBeanFactoryInitialization(AbstractApplicationContext.java:962) ~[spring-context-6.1.6.jar:6.1.6]
	at org.springframework.context.support.AbstractApplicationContext.refresh(AbstractApplicationContext.java:624) ~[spring-context-6.1.6.jar:6.1.6]
	at org.springframework.boot.SpringApplication.refresh(SpringApplication.java:754) ~[spring-boot-3.2.5.jar:3.2.5]
	at org.springframework.boot.SpringApplication.refreshContext(SpringApplication.java:456) ~[spring-boot-3.2.5.jar:3.2.5]
	at org.springframework.boot.SpringApplication.run(SpringApplication.java:334) ~[spring-boot-3.2.5.jar:3.2.5]
	at org.springframework.boot.test.context.SpringBootContextLoader.lambda$loadContext$3(SpringBootContextLoader.java:137) ~[spring-boot-test-3.2.5.jar:3.2.5]
	at org.springframework.util.function.ThrowingSupplier.get(ThrowingSupplier.java:58) ~[spring-core-6.1.6.jar:6.1.6]
	at org.springframework.util.function.ThrowingSupplier.get(ThrowingSupplier.java:46) ~[spring-core-6.1.6.jar:6.1.6]
	at org.springframework.boot.SpringApplication.withHook(SpringApplication.java:1454) ~[spring-boot-3.2.5.jar:3.2.5]
	at org.springframework.boot.test.context.SpringBootContextLoader$ContextLoaderHook.run(SpringBootContextLoader.java:553) ~[spring-boot-test-3.2.5.jar:3.2.5]
	at org.springframework.boot.test.context.SpringBootContextLoader.loadContext(SpringBootContextLoader.java:137) ~[spring-boot-test-3.2.5.jar:3.2.5]
	at org.springframework.boot.test.context.SpringBootContextLoader.loadContext(SpringBootContextLoader.java:108) ~[spring-boot-test-3.2.5.jar:3.2.5]
	at org.springframework.test.context.cache.DefaultCacheAwareContextLoaderDelegate.loadContextInternal(DefaultCacheAwareContextLoaderDelegate.java:225) ~[spring-test-6.1.6.jar:6.1.6]
	at org.springframework.test.context.cache.DefaultCacheAwareContextLoaderDelegate.loadContext(DefaultCacheAwareContextLoaderDelegate.java:152) ~[spring-test-6.1.6.jar:6.1.6]
	at org.springframework.test.context.support.DefaultTestContext.getApplicationContext(DefaultTestContext.java:130) ~[spring-test-6.1.6.jar:6.1.6]
	at org.springframework.test.context.web.ServletTestExecutionListener.setUpRequestContextIfNecessary(ServletTestExecutionListener.java:191) ~[spring-test-6.1.6.jar:6.1.6]
	at org.springframework.test.context.web.ServletTestExecutionListener.prepareTestInstance(ServletTestExecutionListener.java:130) ~[spring-test-6.1.6.jar:6.1.6]
	at org.springframework.test.context.TestContextManager.prepareTestInstance(TestContextManager.java:260) ~[spring-test-6.1.6.jar:6.1.6]
	at org.springframework.test.context.junit.jupiter.SpringExtension.postProcessTestInstance(SpringExtension.java:163) ~[spring-test-6.1.6.jar:6.1.6]
	at org.junit.jupiter.engine.descriptor.ClassBasedTestDescriptor.lambda$invokeTestInstancePostProcessors$10(ClassBasedTestDescriptor.java:378) ~[junit-jupiter-engine-5.10.2.jar:5.10.2]
	at org.junit.jupiter.engine.descriptor.ClassBasedTestDescriptor.executeAndMaskThrowable(ClassBasedTestDescriptor.java:383) ~[junit-jupiter-engine-5.10.2.jar:5.10.2]
	at org.junit.jupiter.engine.descriptor.ClassBasedTestDescriptor.lambda$invokeTestInstancePostProcessors$11(ClassBasedTestDescriptor.java:378) ~[junit-jupiter-engine-5.10.2.jar:5.10.2]
	at java.base/java.util.stream.ReferencePipeline$3$1.accept(ReferencePipeline.java:197) ~[na:na]
	at java.base/java.util.stream.ReferencePipeline$2$1.accept(ReferencePipeline.java:179) ~[na:na]
	at java.base/java.util.ArrayList$ArrayListSpliterator.forEachRemaining(ArrayList.java:1625) ~[na:na]
	at java.base/java.util.stream.AbstractPipeline.copyInto(AbstractPipeline.java:509) ~[na:na]
	at java.base/java.util.stream.AbstractPipeline.wrapAndCopyInto(AbstractPipeline.java:499) ~[na:na]
	at java.base/java.util.stream.StreamSpliterators$WrappingSpliterator.forEachRemaining(StreamSpliterators.java:310) ~[na:na]
	at java.base/java.util.stream.Streams$ConcatSpliterator.forEachRemaining(Streams.java:735) ~[na:na]
	at java.base/java.util.stream.Streams$ConcatSpliterator.forEachRemaining(Streams.java:734) ~[na:na]
	at java.base/java.util.stream.ReferencePipeline$Head.forEach(ReferencePipeline.java:762) ~[na:na]
	at org.junit.jupiter.engine.descriptor.ClassBasedTestDescriptor.invokeTestInstancePostProcessors(ClassBasedTestDescriptor.java:377) ~[junit-jupiter-engine-5.10.2.jar:5.10.2]
	at org.junit.jupiter.engine.descriptor.ClassBasedTestDescriptor.lambda$instantiateAndPostProcessTestInstance$6(ClassBasedTestDescriptor.java:290) ~[junit-jupiter-engine-5.10.2.jar:5.10.2]
	at org.junit.platform.engine.support.hierarchical.ThrowableCollector.execute(ThrowableCollector.java:73) ~[junit-platform-engine-1.10.2.jar:1.10.2]
	at org.junit.jupiter.engine.descriptor.ClassBasedTestDescriptor.instantiateAndPostProcessTestInstance(ClassBasedTestDescriptor.java:289) ~[junit-jupiter-engine-5.10.2.jar:5.10.2]
	at org.junit.jupiter.engine.descriptor.ClassBasedTestDescriptor.lambda$testInstancesProvider$4(ClassBasedTestDescriptor.java:279) ~[junit-jupiter-engine-5.10.2.jar:5.10.2]
	at java.base/java.util.Optional.orElseGet(Optional.java:364) ~[na:na]
	at org.junit.jupiter.engine.descriptor.ClassBasedTestDescriptor.lambda$testInstancesProvider$5(ClassBasedTestDescriptor.java:278) ~[junit-jupiter-engine-5.10.2.jar:5.10.2]
	at org.junit.jupiter.engine.execution.TestInstancesProvider.getTestInstances(TestInstancesProvider.java:31) ~[junit-jupiter-engine-5.10.2.jar:5.10.2]
	at org.junit.jupiter.engine.descriptor.TestMethodTestDescriptor.lambda$prepare$0(TestMethodTestDescriptor.java:106) ~[junit-jupiter-engine-5.10.2.jar:5.10.2]
	at org.junit.platform.engine.support.hierarchical.ThrowableCollector.execute(ThrowableCollector.java:73) ~[junit-platform-engine-1.10.2.jar:1.10.2]
	at org.junit.jupiter.engine.descriptor.TestMethodTestDescriptor.prepare(TestMethodTestDescriptor.java:105) ~[junit-jupiter-engine-5.10.2.jar:5.10.2]
	at org.junit.jupiter.engine.descriptor.TestMethodTestDescriptor.prepare(TestMethodTestDescriptor.java:69) ~[junit-jupiter-engine-5.10.2.jar:5.10.2]
	at org.junit.platform.engine.support.hierarchical.NodeTestTask.lambda$prepare$2(NodeTestTask.java:123) ~[junit-platform-engine-1.10.2.jar:1.10.2]
	at org.junit.platform.engine.support.hierarchical.ThrowableCollector.execute(ThrowableCollector.java:73) ~[junit-platform-engine-1.10.2.jar:1.10.2]
	at org.junit.platform.engine.support.hierarchical.NodeTestTask.prepare(NodeTestTask.java:123) ~[junit-platform-engine-1.10.2.jar:1.10.2]
	at org.junit.platform.engine.support.hierarchical.NodeTestTask.execute(NodeTestTask.java:90) ~[junit-platform-engine-1.10.2.jar:1.10.2]
	at java.base/java.util.ArrayList.forEach(ArrayList.java:1511) ~[na:na]
	at org.junit.platform.engine.support.hierarchical.SameThreadHierarchicalTestExecutorService.invokeAll(SameThreadHierarchicalTestExecutorService.java:41) ~[junit-platform-engine-1.10.2.jar:1.10.2]
	at org.junit.platform.engine.support.hierarchical.NodeTestTask.lambda$executeRecursively$6(NodeTestTask.java:155) ~[junit-platform-engine-1.10.2.jar:1.10.2]
	at org.junit.platform.engine.support.hierarchical.ThrowableCollector.execute(ThrowableCollector.java:73) ~[junit-platform-engine-1.10.2.jar:1.10.2]
	at org.junit.platform.engine.support.hierarchical.NodeTestTask.lambda$executeRecursively$8(NodeTestTask.java:141) ~[junit-platform-engine-1.10.2.jar:1.10.2]
	at org.junit.platform.engine.support.hierarchical.Node.around(Node.java:137) ~[junit-platform-engine-1.10.2.jar:1.10.2]
	at org.junit.platform.engine.support.hierarchical.NodeTestTask.lambda$executeRecursively$9(NodeTestTask.java:139) ~[junit-platform-engine-1.10.2.jar:1.10.2]
	at org.junit.platform.engine.support.hierarchical.ThrowableCollector.execute(ThrowableCollector.java:73) ~[junit-platform-engine-1.10.2.jar:1.10.2]
	at org.junit.platform.engine.support.hierarchical.NodeTestTask.executeRecursively(NodeTestTask.java:138) ~[junit-platform-engine-1.10.2.jar:1.10.2]
	at org.junit.platform.engine.support.hierarchical.NodeTestTask.execute(NodeTestTask.java:95) ~[junit-platform-engine-1.10.2.jar:1.10.2]
	at java.base/java.util.ArrayList.forEach(ArrayList.java:1511) ~[na:na]
	at org.junit.platform.engine.support.hierarchical.SameThreadHierarchicalTestExecutorService.invokeAll(SameThreadHierarchicalTestExecutorService.java:41) ~[junit-platform-engine-1.10.2.jar:1.10.2]
	at org.junit.platform.engine.support.hierarchical.NodeTestTask.lambda$executeRecursively$6(NodeTestTask.java:155) ~[junit-platform-engine-1.10.2.jar:1.10.2]
	at org.junit.platform.engine.support.hierarchical.ThrowableCollector.execute(ThrowableCollector.java:73) ~[junit-platform-engine-1.10.2.jar:1.10.2]
	at org.junit.platform.engine.support.hierarchical.NodeTestTask.lambda$executeRecursively$8(NodeTestTask.java:141) ~[junit-platform-engine-1.10.2.jar:1.10.2]
	at org.junit.platform.engine.support.hierarchical.Node.around(Node.java:137) ~[junit-platform-engine-1.10.2.jar:1.10.2]
	at org.junit.platform.engine.support.hierarchical.NodeTestTask.lambda$executeRecursively$9(NodeTestTask.java:139) ~[junit-platform-engine-1.10.2.jar:1.10.2]
	at org.junit.platform.engine.support.hierarchical.ThrowableCollector.execute(ThrowableCollector.java:73) ~[junit-platform-engine-1.10.2.jar:1.10.2]
	at org.junit.platform.engine.support.hierarchical.NodeTestTask.executeRecursively(NodeTestTask.java:138) ~[junit-platform-engine-1.10.2.jar:1.10.2]
	at org.junit.platform.engine.support.hierarchical.NodeTestTask.execute(NodeTestTask.java:95) ~[junit-platform-engine-1.10.2.jar:1.10.2]
	at org.junit.platform.engine.support.hierarchical.SameThreadHierarchicalTestExecutorService.submit(SameThreadHierarchicalTestExecutorService.java:35) ~[junit-platform-engine-1.10.2.jar:1.10.2]
	at org.junit.platform.engine.support.hierarchical.HierarchicalTestExecutor.execute(HierarchicalTestExecutor.java:57) ~[junit-platform-engine-1.10.2.jar:1.10.2]
	at org.junit.platform.engine.support.hierarchical.HierarchicalTestEngine.execute(HierarchicalTestEngine.java:54) ~[junit-platform-engine-1.10.2.jar:1.10.2]
	at org.junit.platform.launcher.core.EngineExecutionOrchestrator.execute(EngineExecutionOrchestrator.java:198) ~[junit-platform-launcher-1.10.2.jar:1.10.2]
	at org.junit.platform.launcher.core.EngineExecutionOrchestrator.execute(EngineExecutionOrchestrator.java:169) ~[junit-platform-launcher-1.10.2.jar:1.10.2]
	at org.junit.platform.launcher.core.EngineExecutionOrchestrator.execute(EngineExecutionOrchestrator.java:93) ~[junit-platform-launcher-1.10.2.jar:1.10.2]
	at org.junit.platform.launcher.core.EngineExecutionOrchestrator.lambda$execute$0(EngineExecutionOrchestrator.java:58) ~[junit-platform-launcher-1.10.2.jar:1.10.2]
	at org.junit.platform.launcher.core.EngineExecutionOrchestrator.withInterceptedStreams(EngineExecutionOrchestrator.java:141) ~[junit-platform-launcher-1.10.2.jar:1.10.2]
	at org.junit.platform.launcher.core.EngineExecutionOrchestrator.execute(EngineExecutionOrchestrator.java:57) ~[junit-platform-launcher-1.10.2.jar:1.10.2]
	at org.junit.platform.launcher.core.DefaultLauncher.execute(DefaultLauncher.java:103) ~[junit-platform-launcher-1.10.2.jar:1.10.2]
	at org.junit.platform.launcher.core.DefaultLauncher.execute(DefaultLauncher.java:85) ~[junit-platform-launcher-1.10.2.jar:1.10.2]
	at org.junit.platform.launcher.core.DelegatingLauncher.execute(DelegatingLauncher.java:47) ~[junit-platform-launcher-1.10.2.jar:1.10.2]
	at org.gradle.api.internal.tasks.testing.junitplatform.JUnitPlatformTestClassProcessor$CollectAllTestClassesExecutor.processAllTestClasses(JUnitPlatformTestClassProcessor.java:119) ~[na:na]
	at org.gradle.api.internal.tasks.testing.junitplatform.JUnitPlatformTestClassProcessor$CollectAllTestClassesExecutor.access$000(JUnitPlatformTestClassProcessor.java:94) ~[na:na]
	at org.gradle.api.internal.tasks.testing.junitplatform.JUnitPlatformTestClassProcessor.stop(JUnitPlatformTestClassProcessor.java:89) ~[na:na]
	at org.gradle.api.internal.tasks.testing.SuiteTestClassProcessor.stop(SuiteTestClassProcessor.java:62) ~[na:na]
	at java.base/jdk.internal.reflect.NativeMethodAccessorImpl.invoke0(Native Method) ~[na:na]
	at java.base/jdk.internal.reflect.NativeMethodAccessorImpl.invoke(NativeMethodAccessorImpl.java:77) ~[na:na]
	at java.base/jdk.internal.reflect.DelegatingMethodAccessorImpl.invoke(DelegatingMethodAccessorImpl.java:43) ~[na:na]
	at java.base/java.lang.reflect.Method.invoke(Method.java:568) ~[na:na]
	at org.gradle.internal.dispatch.ReflectionDispatch.dispatch(ReflectionDispatch.java:36) ~[na:na]
	at org.gradle.internal.dispatch.ReflectionDispatch.dispatch(ReflectionDispatch.java:24) ~[na:na]
	at org.gradle.internal.dispatch.ContextClassLoaderDispatch.dispatch(ContextClassLoaderDispatch.java:33) ~[na:na]
	at org.gradle.internal.dispatch.ProxyDispatchAdapter$DispatchingInvocationHandler.invoke(ProxyDispatchAdapter.java:94) ~[na:na]
	at jdk.proxy1/jdk.proxy1.$Proxy2.stop(Unknown Source) ~[na:na]
	at org.gradle.api.internal.tasks.testing.worker.TestWorker$3.run(TestWorker.java:193) ~[na:na]
	at org.gradle.api.internal.tasks.testing.worker.TestWorker.executeAndMaintainThreadName(TestWorker.java:129) ~[na:na]
	at org.gradle.api.internal.tasks.testing.worker.TestWorker.execute(TestWorker.java:100) ~[na:na]
	at org.gradle.api.internal.tasks.testing.worker.TestWorker.execute(TestWorker.java:60) ~[na:na]
	at org.gradle.process.internal.worker.child.ActionExecutionWorker.execute(ActionExecutionWorker.java:56) ~[na:na]
	at org.gradle.process.internal.worker.child.SystemApplicationClassLoaderWorker.call(SystemApplicationClassLoaderWorker.java:119) ~[na:na]
	at org.gradle.process.internal.worker.child.SystemApplicationClassLoaderWorker.call(SystemApplicationClassLoaderWorker.java:66) ~[na:na]
	at worker.org.gradle.process.internal.worker.GradleWorkerMain.run(GradleWorkerMain.java:69) ~[gradle-worker.jar:na]
	at worker.org.gradle.process.internal.worker.GradleWorkerMain.main(GradleWorkerMain.java:74) ~[gradle-worker.jar:na]

2024-11-18T12:45:51.106-04:00 DEBUG 24640 --- [examen2] [    Test worker] o.s.d.jpa.repository.query.NamedQuery    : Did not find named query Usuario.findByEmail
2024-11-18T12:45:51.106-04:00 DEBUG 24640 --- [examen2] [    Test worker] tor$SharedEntityManagerInvocationHandler : Creating new EntityManager for shared EntityManager invocation
2024-11-18T12:45:51.108-04:00 DEBUG 24640 --- [examen2] [    Test worker] o.s.d.r.c.s.RepositoryFactorySupport     : Finished creation of repository instance for com.example.examen2.usuarios.repository.UsuarioRepository.
2024-11-18T12:45:51.109-04:00 DEBUG 24640 --- [examen2] [    Test worker] o.s.b.f.s.DefaultListableBeanFactory     : Creating shared instance of singleton bean 'passwordEncoder'
2024-11-18T12:45:51.109-04:00 DEBUG 24640 --- [examen2] [    Test worker] o.s.b.f.s.DefaultListableBeanFactory     : Creating shared instance of singleton bean 'securityConfig'
2024-11-18T12:45:51.109-04:00 DEBUG 24640 --- [examen2] [    Test worker] o.s.b.f.s.DefaultListableBeanFactory     : Creating shared instance of singleton bean 'jwtAuthenticationEntryPoint'
2024-11-18T12:45:51.110-04:00 DEBUG 24640 --- [examen2] [    Test worker] o.s.b.f.s.DefaultListableBeanFactory     : Creating shared instance of singleton bean 'jwtRequestFilter'
2024-11-18T12:45:51.111-04:00 DEBUG 24640 --- [examen2] [    Test worker] o.s.b.f.s.DefaultListableBeanFactory     : Creating shared instance of singleton bean 'jwtTokenUtil'
2024-11-18T12:45:51.111-04:00 DEBUG 24640 --- [examen2] [    Test worker] o.s.c.e.PropertySourcesPropertyResolver  : Found key 'jwt.secret' in PropertySource 'environmentProperties' with value of type String
2024-11-18T12:45:51.111-04:00 DEBUG 24640 --- [examen2] [    Test worker] o.s.c.e.PropertySourcesPropertyResolver  : Found key 'jwt.expiration' in PropertySource 'environmentProperties' with value of type String
2024-11-18T12:45:51.114-04:00 DEBUG 24640 --- [examen2] [    Test worker] o.s.b.f.s.DefaultListableBeanFactory     : Autowiring by type from bean name 'authManagerConfig' via constructor to bean named 'usuarioDetailsServiceImpl'
2024-11-18T12:45:51.114-04:00 DEBUG 24640 --- [examen2] [    Test worker] o.s.b.f.s.DefaultListableBeanFactory     : Autowiring by type from bean name 'authManagerConfig' via constructor to bean named 'passwordEncoder'
2024-11-18T12:45:51.114-04:00 DEBUG 24640 --- [examen2] [    Test worker] o.s.b.f.s.DefaultListableBeanFactory     : Creating shared instance of singleton bean 'org.springframework.security.config.annotation.web.configuration.HttpSecurityConfiguration'
2024-11-18T12:45:51.116-04:00 DEBUG 24640 --- [examen2] [    Test worker] o.s.b.f.s.DefaultListableBeanFactory     : Creating shared instance of singleton bean 'objectPostProcessor'
2024-11-18T12:45:51.116-04:00 DEBUG 24640 --- [examen2] [    Test worker] o.s.b.f.s.DefaultListableBeanFactory     : Creating shared instance of singleton bean 'org.springframework.security.config.annotation.configuration.ObjectPostProcessorConfiguration'
2024-11-18T12:45:51.116-04:00 DEBUG 24640 --- [examen2] [    Test worker] o.s.b.f.s.DefaultListableBeanFactory     : Autowiring by type from bean name 'objectPostProcessor' via factory method to bean named 'org.springframework.beans.factory.support.DefaultListableBeanFactory@4682eba5'
2024-11-18T12:45:51.118-04:00 DEBUG 24640 --- [examen2] [    Test worker] o.s.b.f.s.DefaultListableBeanFactory     : Creating shared instance of singleton bean 'org.springframework.security.config.annotation.authentication.configuration.AuthenticationConfiguration'
2024-11-18T12:45:51.120-04:00 DEBUG 24640 --- [examen2] [    Test worker] o.s.b.f.s.DefaultListableBeanFactory     : Creating shared instance of singleton bean 'enableGlobalAuthenticationAutowiredConfigurer'
2024-11-18T12:45:51.120-04:00 DEBUG 24640 --- [examen2] [    Test worker] o.s.b.f.s.DefaultListableBeanFactory     : Autowiring by type from bean name 'enableGlobalAuthenticationAutowiredConfigurer' via factory method to bean named 'org.springframework.web.context.support.GenericWebApplicationContext@398474a2'
2024-11-18T12:45:51.121-04:00 DEBUG 24640 --- [examen2] [    Test worker] o.s.b.f.s.DefaultListableBeanFactory     : Creating shared instance of singleton bean 'initializeUserDetailsBeanManagerConfigurer'
2024-11-18T12:45:51.121-04:00 DEBUG 24640 --- [examen2] [    Test worker] o.s.b.f.s.DefaultListableBeanFactory     : Autowiring by type from bean name 'initializeUserDetailsBeanManagerConfigurer' via factory method to bean named 'org.springframework.web.context.support.GenericWebApplicationContext@398474a2'
2024-11-18T12:45:51.122-04:00 DEBUG 24640 --- [examen2] [    Test worker] o.s.b.f.s.DefaultListableBeanFactory     : Creating shared instance of singleton bean 'initializeAuthenticationProviderBeanManagerConfigurer'
2024-11-18T12:45:51.122-04:00 DEBUG 24640 --- [examen2] [    Test worker] o.s.b.f.s.DefaultListableBeanFactory     : Autowiring by type from bean name 'initializeAuthenticationProviderBeanManagerConfigurer' via factory method to bean named 'org.springframework.web.context.support.GenericWebApplicationContext@398474a2'
2024-11-18T12:45:51.123-04:00 DEBUG 24640 --- [examen2] [    Test worker] o.s.b.f.s.DefaultListableBeanFactory     : Creating shared instance of singleton bean 'mvcContentNegotiationManager'
2024-11-18T12:45:51.124-04:00 DEBUG 24640 --- [examen2] [    Test worker] o.s.b.f.s.DefaultListableBeanFactory     : Creating shared instance of singleton bean 'org.springframework.boot.autoconfigure.web.servlet.WebMvcAutoConfiguration$EnableWebMvcConfiguration'
2024-11-18T12:45:51.124-04:00 DEBUG 24640 --- [examen2] [    Test worker] o.s.b.f.s.DefaultListableBeanFactory     : Creating shared instance of singleton bean 'spring.mvc-org.springframework.boot.autoconfigure.web.servlet.WebMvcProperties'
2024-11-18T12:45:51.128-04:00 DEBUG 24640 --- [examen2] [    Test worker] o.s.b.f.s.DefaultListableBeanFactory     : Creating shared instance of singleton bean 'spring.web-org.springframework.boot.autoconfigure.web.WebProperties'
2024-11-18T12:45:51.132-04:00 DEBUG 24640 --- [examen2] [    Test worker] o.s.b.f.s.DefaultListableBeanFactory     : Autowiring by type from bean name 'org.springframework.boot.autoconfigure.web.servlet.WebMvcAutoConfiguration$EnableWebMvcConfiguration' via constructor to bean named 'spring.mvc-org.springframework.boot.autoconfigure.web.servlet.WebMvcProperties'
2024-11-18T12:45:51.132-04:00 DEBUG 24640 --- [examen2] [    Test worker] o.s.b.f.s.DefaultListableBeanFactory     : Autowiring by type from bean name 'org.springframework.boot.autoconfigure.web.servlet.WebMvcAutoConfiguration$EnableWebMvcConfiguration' via constructor to bean named 'spring.web-org.springframework.boot.autoconfigure.web.WebProperties'
2024-11-18T12:45:51.132-04:00 DEBUG 24640 --- [examen2] [    Test worker] o.s.b.f.s.DefaultListableBeanFactory     : Autowiring by type from bean name 'org.springframework.boot.autoconfigure.web.servlet.WebMvcAutoConfiguration$EnableWebMvcConfiguration' via constructor to bean named 'org.springframework.beans.factory.support.DefaultListableBeanFactory@4682eba5'
2024-11-18T12:45:51.136-04:00 DEBUG 24640 --- [examen2] [    Test worker] o.s.b.f.s.DefaultListableBeanFactory     : Creating shared instance of singleton bean 'org.springframework.security.config.annotation.web.configuration.WebMvcSecurityConfiguration'
2024-11-18T12:45:51.137-04:00 DEBUG 24640 --- [examen2] [    Test worker] o.s.b.f.s.DefaultListableBeanFactory     : Creating shared instance of singleton bean 'org.springframework.boot.autoconfigure.web.servlet.WebMvcAutoConfiguration$WebMvcAutoConfigurationAdapter'
2024-11-18T12:45:51.137-04:00 DEBUG 24640 --- [examen2] [    Test worker] o.s.b.f.s.DefaultListableBeanFactory     : Autowiring by type from bean name 'org.springframework.boot.autoconfigure.web.servlet.WebMvcAutoConfiguration$WebMvcAutoConfigurationAdapter' via constructor to bean named 'spring.web-org.springframework.boot.autoconfigure.web.WebProperties'
2024-11-18T12:45:51.137-04:00 DEBUG 24640 --- [examen2] [    Test worker] o.s.b.f.s.DefaultListableBeanFactory     : Autowiring by type from bean name 'org.springframework.boot.autoconfigure.web.servlet.WebMvcAutoConfiguration$WebMvcAutoConfigurationAdapter' via constructor to bean named 'spring.mvc-org.springframework.boot.autoconfigure.web.servlet.WebMvcProperties'
2024-11-18T12:45:51.137-04:00 DEBUG 24640 --- [examen2] [    Test worker] o.s.b.f.s.DefaultListableBeanFactory     : Autowiring by type from bean name 'org.springframework.boot.autoconfigure.web.servlet.WebMvcAutoConfiguration$WebMvcAutoConfigurationAdapter' via constructor to bean named 'org.springframework.beans.factory.support.DefaultListableBeanFactory@4682eba5'
2024-11-18T12:45:51.139-04:00 DEBUG 24640 --- [examen2] [    Test worker] o.s.b.f.s.DefaultListableBeanFactory     : Creating shared instance of singleton bean 'openEntityManagerInViewInterceptorConfigurer'
2024-11-18T12:45:51.139-04:00 DEBUG 24640 --- [examen2] [    Test worker] o.s.b.f.s.DefaultListableBeanFactory     : Creating shared instance of singleton bean 'org.springframework.boot.autoconfigure.orm.jpa.JpaBaseConfiguration$JpaWebConfiguration'
2024-11-18T12:45:51.139-04:00 DEBUG 24640 --- [examen2] [    Test worker] o.s.b.f.s.DefaultListableBeanFactory     : Autowiring by type from bean name 'org.springframework.boot.autoconfigure.orm.jpa.JpaBaseConfiguration$JpaWebConfiguration' via constructor to bean named 'spring.jpa-org.springframework.boot.autoconfigure.orm.jpa.JpaProperties'
2024-11-18T12:45:51.139-04:00 DEBUG 24640 --- [examen2] [    Test worker] o.s.b.f.s.DefaultListableBeanFactory     : Creating shared instance of singleton bean 'openEntityManagerInViewInterceptor'
2024-11-18T12:45:51.139-04:00  WARN 24640 --- [examen2] [    Test worker] JpaBaseConfiguration$JpaWebConfiguration : spring.jpa.open-in-view is enabled by default. Therefore, database queries may be performed during view rendering. Explicitly configure spring.jpa.open-in-view to disable this warning
2024-11-18T12:45:51.141-04:00 DEBUG 24640 --- [examen2] [    Test worker] o.s.b.f.s.DefaultListableBeanFactory     : Autowiring by type from bean name 'openEntityManagerInViewInterceptorConfigurer' via factory method to bean named 'openEntityManagerInViewInterceptor'
2024-11-18T12:45:51.142-04:00 DEBUG 24640 --- [examen2] [    Test worker] o.s.b.f.s.DefaultListableBeanFactory     : Creating shared instance of singleton bean 'org.springframework.data.web.config.SpringDataWebConfiguration'
2024-11-18T12:45:51.143-04:00 DEBUG 24640 --- [examen2] [    Test worker] o.s.b.f.s.DefaultListableBeanFactory     : Autowiring by type from bean name 'org.springframework.data.web.config.SpringDataWebConfiguration' via constructor to bean named 'org.springframework.web.context.support.GenericWebApplicationContext@398474a2'
2024-11-18T12:45:51.157-04:00 DEBUG 24640 --- [examen2] [    Test worker] o.s.b.f.s.DefaultListableBeanFactory     : Creating shared instance of singleton bean 'authenticationManagerBuilder'
2024-11-18T12:45:51.157-04:00 DEBUG 24640 --- [examen2] [    Test worker] o.s.b.f.s.DefaultListableBeanFactory     : Autowiring by type from bean name 'authenticationManagerBuilder' via factory method to bean named 'objectPostProcessor'
2024-11-18T12:45:51.157-04:00 DEBUG 24640 --- [examen2] [    Test worker] o.s.b.f.s.DefaultListableBeanFactory     : Autowiring by type from bean name 'authenticationManagerBuilder' via factory method to bean named 'org.springframework.web.context.support.GenericWebApplicationContext@398474a2'
2024-11-18T12:45:51.158-04:00 DEBUG 24640 --- [examen2] [    Test worker] o.s.b.f.s.DefaultListableBeanFactory     : Creating shared instance of singleton bean 'authenticationEventPublisher'
2024-11-18T12:45:51.158-04:00 DEBUG 24640 --- [examen2] [    Test worker] o.s.b.f.s.DefaultListableBeanFactory     : Creating shared instance of singleton bean 'org.springframework.boot.autoconfigure.security.servlet.SecurityAutoConfiguration'
2024-11-18T12:45:51.158-04:00 DEBUG 24640 --- [examen2] [    Test worker] o.s.b.f.s.DefaultListableBeanFactory     : Autowiring by type from bean name 'authenticationEventPublisher' via factory method to bean named 'org.springframework.web.context.support.GenericWebApplicationContext@398474a2'
2024-11-18T12:45:51.240-04:00 DEBUG 24640 --- [examen2] [    Test worker] o.s.b.f.s.DefaultListableBeanFactory     : Autowiring by type from bean name 'authenticationManager' via factory method to bean named 'org.springframework.security.config.annotation.web.configuration.HttpSecurityConfiguration.httpSecurity'
2024-11-18T12:45:51.243-04:00 DEBUG 24640 --- [examen2] [    Test worker] o.s.b.f.s.DefaultListableBeanFactory     : Creating shared instance of singleton bean 'citaCancelacionController'
2024-11-18T12:45:51.243-04:00 DEBUG 24640 --- [examen2] [    Test worker] o.s.b.f.s.DefaultListableBeanFactory     : Creating shared instance of singleton bean 'citaCancelacionService'
2024-11-18T12:45:51.244-04:00 DEBUG 24640 --- [examen2] [    Test worker] o.s.b.f.s.DefaultListableBeanFactory     : Creating shared instance of singleton bean 'citaRepository'
2024-11-18T12:45:51.244-04:00 DEBUG 24640 --- [examen2] [    Test worker] o.s.b.f.s.DefaultListableBeanFactory     : Creating shared instance of singleton bean 'jpa.named-queries#12'
2024-11-18T12:45:51.245-04:00 DEBUG 24640 --- [examen2] [    Test worker] o.s.b.f.s.DefaultListableBeanFactory     : Creating shared instance of singleton bean 'jpa.CitaRepository.fragments#0'
2024-11-18T12:45:51.245-04:00 DEBUG 24640 --- [examen2] [    Test worker] tor$SharedEntityManagerInvocationHandler : Creating new EntityManager for shared EntityManager invocation
2024-11-18T12:45:51.247-04:00 DEBUG 24640 --- [examen2] [    Test worker] o.s.d.r.c.s.RepositoryFactorySupport     : Initializing repository instance for com.example.examen2.citas.repository.CitaRepository…
2024-11-18T12:45:51.247-04:00 DEBUG 24640 --- [examen2] [    Test worker] tor$SharedEntityManagerInvocationHandler : Creating new EntityManager for shared EntityManager invocation
2024-11-18T12:45:51.249-04:00 DEBUG 24640 --- [examen2] [    Test worker] o.s.d.jpa.repository.query.NamedQuery    : Looking up named query Cita.findByMedicoAndFecha
2024-11-18T12:45:51.249-04:00 DEBUG 24640 --- [examen2] [    Test worker] cResourceLocalTransactionCoordinatorImpl : JDBC transaction marked for rollback-only (exception provided for stack trace)

java.lang.Exception: exception just for purpose of providing stack trace
	at org.hibernate.resource.transaction.backend.jdbc.internal.JdbcResourceLocalTransactionCoordinatorImpl$TransactionDriverControlImpl.markRollbackOnly(JdbcResourceLocalTransactionCoordinatorImpl.java:310) ~[hibernate-core-6.4.4.Final.jar:6.4.4.Final]
	at org.hibernate.internal.AbstractSharedSessionContract.buildNamedQuery(AbstractSharedSessionContract.java:1097) ~[hibernate-core-6.4.4.Final.jar:6.4.4.Final]
	at org.hibernate.internal.AbstractSharedSessionContract.createNamedQuery(AbstractSharedSessionContract.java:975) ~[hibernate-core-6.4.4.Final.jar:6.4.4.Final]
	at org.hibernate.internal.AbstractSharedSessionContract.createNamedQuery(AbstractSharedSessionContract.java:136) ~[hibernate-core-6.4.4.Final.jar:6.4.4.Final]
	at java.base/jdk.internal.reflect.NativeMethodAccessorImpl.invoke0(Native Method) ~[na:na]
	at java.base/jdk.internal.reflect.NativeMethodAccessorImpl.invoke(NativeMethodAccessorImpl.java:77) ~[na:na]
	at java.base/jdk.internal.reflect.DelegatingMethodAccessorImpl.invoke(DelegatingMethodAccessorImpl.java:43) ~[na:na]
	at java.base/java.lang.reflect.Method.invoke(Method.java:568) ~[na:na]
	at org.springframework.orm.jpa.ExtendedEntityManagerCreator$ExtendedEntityManagerInvocationHandler.invoke(ExtendedEntityManagerCreator.java:364) ~[spring-orm-6.1.6.jar:6.1.6]
	at jdk.proxy3/jdk.proxy3.$Proxy137.createNamedQuery(Unknown Source) ~[na:na]
	at org.springframework.data.jpa.repository.query.NamedQuery.hasNamedQuery(NamedQuery.java:113) ~[spring-data-jpa-3.2.5.jar:3.2.5]
	at org.springframework.data.jpa.repository.query.NamedQuery.lookupFrom(NamedQuery.java:141) ~[spring-data-jpa-3.2.5.jar:3.2.5]
	at org.springframework.data.jpa.repository.query.JpaQueryLookupStrategy$DeclaredQueryLookupStrategy.resolveQuery(JpaQueryLookupStrategy.java:180) ~[spring-data-jpa-3.2.5.jar:3.2.5]
	at org.springframework.data.jpa.repository.query.JpaQueryLookupStrategy$CreateIfNotFoundQueryLookupStrategy.resolveQuery(JpaQueryLookupStrategy.java:252) ~[spring-data-jpa-3.2.5.jar:3.2.5]
	at org.springframework.data.jpa.repository.query.JpaQueryLookupStrategy$AbstractQueryLookupStrategy.resolveQuery(JpaQueryLookupStrategy.java:95) ~[spring-data-jpa-3.2.5.jar:3.2.5]
	at org.springframework.data.repository.core.support.QueryExecutorMethodInterceptor.lookupQuery(QueryExecutorMethodInterceptor.java:111) ~[spring-data-commons-3.2.5.jar:3.2.5]
	at org.springframework.data.repository.core.support.QueryExecutorMethodInterceptor.mapMethodsToQuery(QueryExecutorMethodInterceptor.java:99) ~[spring-data-commons-3.2.5.jar:3.2.5]
	at org.springframework.data.repository.core.support.QueryExecutorMethodInterceptor.lambda$new$0(QueryExecutorMethodInterceptor.java:88) ~[spring-data-commons-3.2.5.jar:3.2.5]
	at java.base/java.util.Optional.map(Optional.java:260) ~[na:na]
	at org.springframework.data.repository.core.support.QueryExecutorMethodInterceptor.<init>(QueryExecutorMethodInterceptor.java:88) ~[spring-data-commons-3.2.5.jar:3.2.5]
	at org.springframework.data.repository.core.support.RepositoryFactorySupport.getRepository(RepositoryFactorySupport.java:357) ~[spring-data-commons-3.2.5.jar:3.2.5]
	at org.springframework.data.repository.core.support.RepositoryFactoryBeanSupport.lambda$afterPropertiesSet$5(RepositoryFactoryBeanSupport.java:279) ~[spring-data-commons-3.2.5.jar:3.2.5]
	at org.springframework.data.util.Lazy.getNullable(Lazy.java:135) ~[spring-data-commons-3.2.5.jar:3.2.5]
	at org.springframework.data.util.Lazy.get(Lazy.java:113) ~[spring-data-commons-3.2.5.jar:3.2.5]
	at org.springframework.data.repository.core.support.RepositoryFactoryBeanSupport.afterPropertiesSet(RepositoryFactoryBeanSupport.java:285) ~[spring-data-commons-3.2.5.jar:3.2.5]
	at org.springframework.data.jpa.repository.support.JpaRepositoryFactoryBean.afterPropertiesSet(JpaRepositoryFactoryBean.java:132) ~[spring-data-jpa-3.2.5.jar:3.2.5]
	at org.springframework.beans.factory.support.AbstractAutowireCapableBeanFactory.invokeInitMethods(AbstractAutowireCapableBeanFactory.java:1833) ~[spring-beans-6.1.6.jar:6.1.6]
	at org.springframework.beans.factory.support.AbstractAutowireCapableBeanFactory.initializeBean(AbstractAutowireCapableBeanFactory.java:1782) ~[spring-beans-6.1.6.jar:6.1.6]
	at org.springframework.beans.factory.support.AbstractAutowireCapableBeanFactory.doCreateBean(AbstractAutowireCapableBeanFactory.java:600) ~[spring-beans-6.1.6.jar:6.1.6]
	at org.springframework.beans.factory.support.AbstractAutowireCapableBeanFactory.createBean(AbstractAutowireCapableBeanFactory.java:522) ~[spring-beans-6.1.6.jar:6.1.6]
	at org.springframework.beans.factory.support.AbstractBeanFactory.lambda$doGetBean$0(AbstractBeanFactory.java:326) ~[spring-beans-6.1.6.jar:6.1.6]
	at org.springframework.beans.factory.support.DefaultSingletonBeanRegistry.getSingleton(DefaultSingletonBeanRegistry.java:234) ~[spring-beans-6.1.6.jar:6.1.6]
	at org.springframework.beans.factory.support.AbstractBeanFactory.doGetBean(AbstractBeanFactory.java:324) ~[spring-beans-6.1.6.jar:6.1.6]
	at org.springframework.beans.factory.support.AbstractBeanFactory.getBean(AbstractBeanFactory.java:200) ~[spring-beans-6.1.6.jar:6.1.6]
	at org.springframework.beans.factory.config.DependencyDescriptor.resolveCandidate(DependencyDescriptor.java:254) ~[spring-beans-6.1.6.jar:6.1.6]
	at org.springframework.beans.factory.support.DefaultListableBeanFactory.doResolveDependency(DefaultListableBeanFactory.java:1443) ~[spring-beans-6.1.6.jar:6.1.6]
	at org.springframework.beans.factory.support.DefaultListableBeanFactory.resolveDependency(DefaultListableBeanFactory.java:1353) ~[spring-beans-6.1.6.jar:6.1.6]
	at org.springframework.beans.factory.annotation.AutowiredAnnotationBeanPostProcessor$AutowiredFieldElement.resolveFieldValue(AutowiredAnnotationBeanPostProcessor.java:784) ~[spring-beans-6.1.6.jar:6.1.6]
	at org.springframework.beans.factory.annotation.AutowiredAnnotationBeanPostProcessor$AutowiredFieldElement.inject(AutowiredAnnotationBeanPostProcessor.java:767) ~[spring-beans-6.1.6.jar:6.1.6]
	at org.springframework.beans.factory.annotation.InjectionMetadata.inject(InjectionMetadata.java:145) ~[spring-beans-6.1.6.jar:6.1.6]
	at org.springframework.beans.factory.annotation.AutowiredAnnotationBeanPostProcessor.postProcessProperties(AutowiredAnnotationBeanPostProcessor.java:508) ~[spring-beans-6.1.6.jar:6.1.6]
	at org.springframework.beans.factory.support.AbstractAutowireCapableBeanFactory.populateBean(AbstractAutowireCapableBeanFactory.java:1419) ~[spring-beans-6.1.6.jar:6.1.6]
	at org.springframework.beans.factory.support.AbstractAutowireCapableBeanFactory.doCreateBean(AbstractAutowireCapableBeanFactory.java:599) ~[spring-beans-6.1.6.jar:6.1.6]
	at org.springframework.beans.factory.support.AbstractAutowireCapableBeanFactory.createBean(AbstractAutowireCapableBeanFactory.java:522) ~[spring-beans-6.1.6.jar:6.1.6]
	at org.springframework.beans.factory.support.AbstractBeanFactory.lambda$doGetBean$0(AbstractBeanFactory.java:326) ~[spring-beans-6.1.6.jar:6.1.6]
	at org.springframework.beans.factory.support.DefaultSingletonBeanRegistry.getSingleton(DefaultSingletonBeanRegistry.java:234) ~[spring-beans-6.1.6.jar:6.1.6]
	at org.springframework.beans.factory.support.AbstractBeanFactory.doGetBean(AbstractBeanFactory.java:324) ~[spring-beans-6.1.6.jar:6.1.6]
	at org.springframework.beans.factory.support.AbstractBeanFactory.getBean(AbstractBeanFactory.java:200) ~[spring-beans-6.1.6.jar:6.1.6]
	at org.springframework.beans.factory.config.DependencyDescriptor.resolveCandidate(DependencyDescriptor.java:254) ~[spring-beans-6.1.6.jar:6.1.6]
	at org.springframework.beans.factory.support.DefaultListableBeanFactory.doResolveDependency(DefaultListableBeanFactory.java:1443) ~[spring-beans-6.1.6.jar:6.1.6]
	at org.springframework.beans.factory.support.DefaultListableBeanFactory.resolveDependency(DefaultListableBeanFactory.java:1353) ~[spring-beans-6.1.6.jar:6.1.6]
	at org.springframework.beans.factory.annotation.AutowiredAnnotationBeanPostProcessor$AutowiredFieldElement.resolveFieldValue(AutowiredAnnotationBeanPostProcessor.java:784) ~[spring-beans-6.1.6.jar:6.1.6]
	at org.springframework.beans.factory.annotation.AutowiredAnnotationBeanPostProcessor$AutowiredFieldElement.inject(AutowiredAnnotationBeanPostProcessor.java:767) ~[spring-beans-6.1.6.jar:6.1.6]
	at org.springframework.beans.factory.annotation.InjectionMetadata.inject(InjectionMetadata.java:145) ~[spring-beans-6.1.6.jar:6.1.6]
	at org.springframework.beans.factory.annotation.AutowiredAnnotationBeanPostProcessor.postProcessProperties(AutowiredAnnotationBeanPostProcessor.java:508) ~[spring-beans-6.1.6.jar:6.1.6]
	at org.springframework.beans.factory.support.AbstractAutowireCapableBeanFactory.populateBean(AbstractAutowireCapableBeanFactory.java:1419) ~[spring-beans-6.1.6.jar:6.1.6]
	at org.springframework.beans.factory.support.AbstractAutowireCapableBeanFactory.doCreateBean(AbstractAutowireCapableBeanFactory.java:599) ~[spring-beans-6.1.6.jar:6.1.6]
	at org.springframework.beans.factory.support.AbstractAutowireCapableBeanFactory.createBean(AbstractAutowireCapableBeanFactory.java:522) ~[spring-beans-6.1.6.jar:6.1.6]
	at org.springframework.beans.factory.support.AbstractBeanFactory.lambda$doGetBean$0(AbstractBeanFactory.java:326) ~[spring-beans-6.1.6.jar:6.1.6]
	at org.springframework.beans.factory.support.DefaultSingletonBeanRegistry.getSingleton(DefaultSingletonBeanRegistry.java:234) ~[spring-beans-6.1.6.jar:6.1.6]
	at org.springframework.beans.factory.support.AbstractBeanFactory.doGetBean(AbstractBeanFactory.java:324) ~[spring-beans-6.1.6.jar:6.1.6]
	at org.springframework.beans.factory.support.AbstractBeanFactory.getBean(AbstractBeanFactory.java:200) ~[spring-beans-6.1.6.jar:6.1.6]
	at org.springframework.beans.factory.support.DefaultListableBeanFactory.preInstantiateSingletons(DefaultListableBeanFactory.java:975) ~[spring-beans-6.1.6.jar:6.1.6]
	at org.springframework.context.support.AbstractApplicationContext.finishBeanFactoryInitialization(AbstractApplicationContext.java:962) ~[spring-context-6.1.6.jar:6.1.6]
	at org.springframework.context.support.AbstractApplicationContext.refresh(AbstractApplicationContext.java:624) ~[spring-context-6.1.6.jar:6.1.6]
	at org.springframework.boot.SpringApplication.refresh(SpringApplication.java:754) ~[spring-boot-3.2.5.jar:3.2.5]
	at org.springframework.boot.SpringApplication.refreshContext(SpringApplication.java:456) ~[spring-boot-3.2.5.jar:3.2.5]
	at org.springframework.boot.SpringApplication.run(SpringApplication.java:334) ~[spring-boot-3.2.5.jar:3.2.5]
	at org.springframework.boot.test.context.SpringBootContextLoader.lambda$loadContext$3(SpringBootContextLoader.java:137) ~[spring-boot-test-3.2.5.jar:3.2.5]
	at org.springframework.util.function.ThrowingSupplier.get(ThrowingSupplier.java:58) ~[spring-core-6.1.6.jar:6.1.6]
	at org.springframework.util.function.ThrowingSupplier.get(ThrowingSupplier.java:46) ~[spring-core-6.1.6.jar:6.1.6]
	at org.springframework.boot.SpringApplication.withHook(SpringApplication.java:1454) ~[spring-boot-3.2.5.jar:3.2.5]
	at org.springframework.boot.test.context.SpringBootContextLoader$ContextLoaderHook.run(SpringBootContextLoader.java:553) ~[spring-boot-test-3.2.5.jar:3.2.5]
	at org.springframework.boot.test.context.SpringBootContextLoader.loadContext(SpringBootContextLoader.java:137) ~[spring-boot-test-3.2.5.jar:3.2.5]
	at org.springframework.boot.test.context.SpringBootContextLoader.loadContext(SpringBootContextLoader.java:108) ~[spring-boot-test-3.2.5.jar:3.2.5]
	at org.springframework.test.context.cache.DefaultCacheAwareContextLoaderDelegate.loadContextInternal(DefaultCacheAwareContextLoaderDelegate.java:225) ~[spring-test-6.1.6.jar:6.1.6]
	at org.springframework.test.context.cache.DefaultCacheAwareContextLoaderDelegate.loadContext(DefaultCacheAwareContextLoaderDelegate.java:152) ~[spring-test-6.1.6.jar:6.1.6]
	at org.springframework.test.context.support.DefaultTestContext.getApplicationContext(DefaultTestContext.java:130) ~[spring-test-6.1.6.jar:6.1.6]
	at org.springframework.test.context.web.ServletTestExecutionListener.setUpRequestContextIfNecessary(ServletTestExecutionListener.java:191) ~[spring-test-6.1.6.jar:6.1.6]
	at org.springframework.test.context.web.ServletTestExecutionListener.prepareTestInstance(ServletTestExecutionListener.java:130) ~[spring-test-6.1.6.jar:6.1.6]
	at org.springframework.test.context.TestContextManager.prepareTestInstance(TestContextManager.java:260) ~[spring-test-6.1.6.jar:6.1.6]
	at org.springframework.test.context.junit.jupiter.SpringExtension.postProcessTestInstance(SpringExtension.java:163) ~[spring-test-6.1.6.jar:6.1.6]
	at org.junit.jupiter.engine.descriptor.ClassBasedTestDescriptor.lambda$invokeTestInstancePostProcessors$10(ClassBasedTestDescriptor.java:378) ~[junit-jupiter-engine-5.10.2.jar:5.10.2]
	at org.junit.jupiter.engine.descriptor.ClassBasedTestDescriptor.executeAndMaskThrowable(ClassBasedTestDescriptor.java:383) ~[junit-jupiter-engine-5.10.2.jar:5.10.2]
	at org.junit.jupiter.engine.descriptor.ClassBasedTestDescriptor.lambda$invokeTestInstancePostProcessors$11(ClassBasedTestDescriptor.java:378) ~[junit-jupiter-engine-5.10.2.jar:5.10.2]
	at java.base/java.util.stream.ReferencePipeline$3$1.accept(ReferencePipeline.java:197) ~[na:na]
	at java.base/java.util.stream.ReferencePipeline$2$1.accept(ReferencePipeline.java:179) ~[na:na]
	at java.base/java.util.ArrayList$ArrayListSpliterator.forEachRemaining(ArrayList.java:1625) ~[na:na]
	at java.base/java.util.stream.AbstractPipeline.copyInto(AbstractPipeline.java:509) ~[na:na]
	at java.base/java.util.stream.AbstractPipeline.wrapAndCopyInto(AbstractPipeline.java:499) ~[na:na]
	at java.base/java.util.stream.StreamSpliterators$WrappingSpliterator.forEachRemaining(StreamSpliterators.java:310) ~[na:na]
	at java.base/java.util.stream.Streams$ConcatSpliterator.forEachRemaining(Streams.java:735) ~[na:na]
	at java.base/java.util.stream.Streams$ConcatSpliterator.forEachRemaining(Streams.java:734) ~[na:na]
	at java.base/java.util.stream.ReferencePipeline$Head.forEach(ReferencePipeline.java:762) ~[na:na]
	at org.junit.jupiter.engine.descriptor.ClassBasedTestDescriptor.invokeTestInstancePostProcessors(ClassBasedTestDescriptor.java:377) ~[junit-jupiter-engine-5.10.2.jar:5.10.2]
	at org.junit.jupiter.engine.descriptor.ClassBasedTestDescriptor.lambda$instantiateAndPostProcessTestInstance$6(ClassBasedTestDescriptor.java:290) ~[junit-jupiter-engine-5.10.2.jar:5.10.2]
	at org.junit.platform.engine.support.hierarchical.ThrowableCollector.execute(ThrowableCollector.java:73) ~[junit-platform-engine-1.10.2.jar:1.10.2]
	at org.junit.jupiter.engine.descriptor.ClassBasedTestDescriptor.instantiateAndPostProcessTestInstance(ClassBasedTestDescriptor.java:289) ~[junit-jupiter-engine-5.10.2.jar:5.10.2]
	at org.junit.jupiter.engine.descriptor.ClassBasedTestDescriptor.lambda$testInstancesProvider$4(ClassBasedTestDescriptor.java:279) ~[junit-jupiter-engine-5.10.2.jar:5.10.2]
	at java.base/java.util.Optional.orElseGet(Optional.java:364) ~[na:na]
	at org.junit.jupiter.engine.descriptor.ClassBasedTestDescriptor.lambda$testInstancesProvider$5(ClassBasedTestDescriptor.java:278) ~[junit-jupiter-engine-5.10.2.jar:5.10.2]
	at org.junit.jupiter.engine.execution.TestInstancesProvider.getTestInstances(TestInstancesProvider.java:31) ~[junit-jupiter-engine-5.10.2.jar:5.10.2]
	at org.junit.jupiter.engine.descriptor.TestMethodTestDescriptor.lambda$prepare$0(TestMethodTestDescriptor.java:106) ~[junit-jupiter-engine-5.10.2.jar:5.10.2]
	at org.junit.platform.engine.support.hierarchical.ThrowableCollector.execute(ThrowableCollector.java:73) ~[junit-platform-engine-1.10.2.jar:1.10.2]
	at org.junit.jupiter.engine.descriptor.TestMethodTestDescriptor.prepare(TestMethodTestDescriptor.java:105) ~[junit-jupiter-engine-5.10.2.jar:5.10.2]
	at org.junit.jupiter.engine.descriptor.TestMethodTestDescriptor.prepare(TestMethodTestDescriptor.java:69) ~[junit-jupiter-engine-5.10.2.jar:5.10.2]
	at org.junit.platform.engine.support.hierarchical.NodeTestTask.lambda$prepare$2(NodeTestTask.java:123) ~[junit-platform-engine-1.10.2.jar:1.10.2]
	at org.junit.platform.engine.support.hierarchical.ThrowableCollector.execute(ThrowableCollector.java:73) ~[junit-platform-engine-1.10.2.jar:1.10.2]
	at org.junit.platform.engine.support.hierarchical.NodeTestTask.prepare(NodeTestTask.java:123) ~[junit-platform-engine-1.10.2.jar:1.10.2]
	at org.junit.platform.engine.support.hierarchical.NodeTestTask.execute(NodeTestTask.java:90) ~[junit-platform-engine-1.10.2.jar:1.10.2]
	at java.base/java.util.ArrayList.forEach(ArrayList.java:1511) ~[na:na]
	at org.junit.platform.engine.support.hierarchical.SameThreadHierarchicalTestExecutorService.invokeAll(SameThreadHierarchicalTestExecutorService.java:41) ~[junit-platform-engine-1.10.2.jar:1.10.2]
	at org.junit.platform.engine.support.hierarchical.NodeTestTask.lambda$executeRecursively$6(NodeTestTask.java:155) ~[junit-platform-engine-1.10.2.jar:1.10.2]
	at org.junit.platform.engine.support.hierarchical.ThrowableCollector.execute(ThrowableCollector.java:73) ~[junit-platform-engine-1.10.2.jar:1.10.2]
	at org.junit.platform.engine.support.hierarchical.NodeTestTask.lambda$executeRecursively$8(NodeTestTask.java:141) ~[junit-platform-engine-1.10.2.jar:1.10.2]
	at org.junit.platform.engine.support.hierarchical.Node.around(Node.java:137) ~[junit-platform-engine-1.10.2.jar:1.10.2]
	at org.junit.platform.engine.support.hierarchical.NodeTestTask.lambda$executeRecursively$9(NodeTestTask.java:139) ~[junit-platform-engine-1.10.2.jar:1.10.2]
	at org.junit.platform.engine.support.hierarchical.ThrowableCollector.execute(ThrowableCollector.java:73) ~[junit-platform-engine-1.10.2.jar:1.10.2]
	at org.junit.platform.engine.support.hierarchical.NodeTestTask.executeRecursively(NodeTestTask.java:138) ~[junit-platform-engine-1.10.2.jar:1.10.2]
	at org.junit.platform.engine.support.hierarchical.NodeTestTask.execute(NodeTestTask.java:95) ~[junit-platform-engine-1.10.2.jar:1.10.2]
	at java.base/java.util.ArrayList.forEach(ArrayList.java:1511) ~[na:na]
	at org.junit.platform.engine.support.hierarchical.SameThreadHierarchicalTestExecutorService.invokeAll(SameThreadHierarchicalTestExecutorService.java:41) ~[junit-platform-engine-1.10.2.jar:1.10.2]
	at org.junit.platform.engine.support.hierarchical.NodeTestTask.lambda$executeRecursively$6(NodeTestTask.java:155) ~[junit-platform-engine-1.10.2.jar:1.10.2]
	at org.junit.platform.engine.support.hierarchical.ThrowableCollector.execute(ThrowableCollector.java:73) ~[junit-platform-engine-1.10.2.jar:1.10.2]
	at org.junit.platform.engine.support.hierarchical.NodeTestTask.lambda$executeRecursively$8(NodeTestTask.java:141) ~[junit-platform-engine-1.10.2.jar:1.10.2]
	at org.junit.platform.engine.support.hierarchical.Node.around(Node.java:137) ~[junit-platform-engine-1.10.2.jar:1.10.2]
	at org.junit.platform.engine.support.hierarchical.NodeTestTask.lambda$executeRecursively$9(NodeTestTask.java:139) ~[junit-platform-engine-1.10.2.jar:1.10.2]
	at org.junit.platform.engine.support.hierarchical.ThrowableCollector.execute(ThrowableCollector.java:73) ~[junit-platform-engine-1.10.2.jar:1.10.2]
	at org.junit.platform.engine.support.hierarchical.NodeTestTask.executeRecursively(NodeTestTask.java:138) ~[junit-platform-engine-1.10.2.jar:1.10.2]
	at org.junit.platform.engine.support.hierarchical.NodeTestTask.execute(NodeTestTask.java:95) ~[junit-platform-engine-1.10.2.jar:1.10.2]
	at org.junit.platform.engine.support.hierarchical.SameThreadHierarchicalTestExecutorService.submit(SameThreadHierarchicalTestExecutorService.java:35) ~[junit-platform-engine-1.10.2.jar:1.10.2]
	at org.junit.platform.engine.support.hierarchical.HierarchicalTestExecutor.execute(HierarchicalTestExecutor.java:57) ~[junit-platform-engine-1.10.2.jar:1.10.2]
	at org.junit.platform.engine.support.hierarchical.HierarchicalTestEngine.execute(HierarchicalTestEngine.java:54) ~[junit-platform-engine-1.10.2.jar:1.10.2]
	at org.junit.platform.launcher.core.EngineExecutionOrchestrator.execute(EngineExecutionOrchestrator.java:198) ~[junit-platform-launcher-1.10.2.jar:1.10.2]
	at org.junit.platform.launcher.core.EngineExecutionOrchestrator.execute(EngineExecutionOrchestrator.java:169) ~[junit-platform-launcher-1.10.2.jar:1.10.2]
	at org.junit.platform.launcher.core.EngineExecutionOrchestrator.execute(EngineExecutionOrchestrator.java:93) ~[junit-platform-launcher-1.10.2.jar:1.10.2]
	at org.junit.platform.launcher.core.EngineExecutionOrchestrator.lambda$execute$0(EngineExecutionOrchestrator.java:58) ~[junit-platform-launcher-1.10.2.jar:1.10.2]
	at org.junit.platform.launcher.core.EngineExecutionOrchestrator.withInterceptedStreams(EngineExecutionOrchestrator.java:141) ~[junit-platform-launcher-1.10.2.jar:1.10.2]
	at org.junit.platform.launcher.core.EngineExecutionOrchestrator.execute(EngineExecutionOrchestrator.java:57) ~[junit-platform-launcher-1.10.2.jar:1.10.2]
	at org.junit.platform.launcher.core.DefaultLauncher.execute(DefaultLauncher.java:103) ~[junit-platform-launcher-1.10.2.jar:1.10.2]
	at org.junit.platform.launcher.core.DefaultLauncher.execute(DefaultLauncher.java:85) ~[junit-platform-launcher-1.10.2.jar:1.10.2]
	at org.junit.platform.launcher.core.DelegatingLauncher.execute(DelegatingLauncher.java:47) ~[junit-platform-launcher-1.10.2.jar:1.10.2]
	at org.gradle.api.internal.tasks.testing.junitplatform.JUnitPlatformTestClassProcessor$CollectAllTestClassesExecutor.processAllTestClasses(JUnitPlatformTestClassProcessor.java:119) ~[na:na]
	at org.gradle.api.internal.tasks.testing.junitplatform.JUnitPlatformTestClassProcessor$CollectAllTestClassesExecutor.access$000(JUnitPlatformTestClassProcessor.java:94) ~[na:na]
	at org.gradle.api.internal.tasks.testing.junitplatform.JUnitPlatformTestClassProcessor.stop(JUnitPlatformTestClassProcessor.java:89) ~[na:na]
	at org.gradle.api.internal.tasks.testing.SuiteTestClassProcessor.stop(SuiteTestClassProcessor.java:62) ~[na:na]
	at java.base/jdk.internal.reflect.NativeMethodAccessorImpl.invoke0(Native Method) ~[na:na]
	at java.base/jdk.internal.reflect.NativeMethodAccessorImpl.invoke(NativeMethodAccessorImpl.java:77) ~[na:na]
	at java.base/jdk.internal.reflect.DelegatingMethodAccessorImpl.invoke(DelegatingMethodAccessorImpl.java:43) ~[na:na]
	at java.base/java.lang.reflect.Method.invoke(Method.java:568) ~[na:na]
	at org.gradle.internal.dispatch.ReflectionDispatch.dispatch(ReflectionDispatch.java:36) ~[na:na]
	at org.gradle.internal.dispatch.ReflectionDispatch.dispatch(ReflectionDispatch.java:24) ~[na:na]
	at org.gradle.internal.dispatch.ContextClassLoaderDispatch.dispatch(ContextClassLoaderDispatch.java:33) ~[na:na]
	at org.gradle.internal.dispatch.ProxyDispatchAdapter$DispatchingInvocationHandler.invoke(ProxyDispatchAdapter.java:94) ~[na:na]
	at jdk.proxy1/jdk.proxy1.$Proxy2.stop(Unknown Source) ~[na:na]
	at org.gradle.api.internal.tasks.testing.worker.TestWorker$3.run(TestWorker.java:193) ~[na:na]
	at org.gradle.api.internal.tasks.testing.worker.TestWorker.executeAndMaintainThreadName(TestWorker.java:129) ~[na:na]
	at org.gradle.api.internal.tasks.testing.worker.TestWorker.execute(TestWorker.java:100) ~[na:na]
	at org.gradle.api.internal.tasks.testing.worker.TestWorker.execute(TestWorker.java:60) ~[na:na]
	at org.gradle.process.internal.worker.child.ActionExecutionWorker.execute(ActionExecutionWorker.java:56) ~[na:na]
	at org.gradle.process.internal.worker.child.SystemApplicationClassLoaderWorker.call(SystemApplicationClassLoaderWorker.java:119) ~[na:na]
	at org.gradle.process.internal.worker.child.SystemApplicationClassLoaderWorker.call(SystemApplicationClassLoaderWorker.java:66) ~[na:na]
	at worker.org.gradle.process.internal.worker.GradleWorkerMain.run(GradleWorkerMain.java:69) ~[gradle-worker.jar:na]
	at worker.org.gradle.process.internal.worker.GradleWorkerMain.main(GradleWorkerMain.java:74) ~[gradle-worker.jar:na]

2024-11-18T12:45:51.253-04:00 DEBUG 24640 --- [examen2] [    Test worker] o.s.d.jpa.repository.query.NamedQuery    : Did not find named query Cita.findByMedicoAndFecha
2024-11-18T12:45:51.253-04:00 DEBUG 24640 --- [examen2] [    Test worker] tor$SharedEntityManagerInvocationHandler : Creating new EntityManager for shared EntityManager invocation
2024-11-18T12:45:51.255-04:00 DEBUG 24640 --- [examen2] [    Test worker] o.s.d.jpa.repository.query.NamedQuery    : Looking up named query Cita.findByMedicoAndFechaAndHora
2024-11-18T12:45:51.255-04:00 DEBUG 24640 --- [examen2] [    Test worker] cResourceLocalTransactionCoordinatorImpl : JDBC transaction marked for rollback-only (exception provided for stack trace)

java.lang.Exception: exception just for purpose of providing stack trace
	at org.hibernate.resource.transaction.backend.jdbc.internal.JdbcResourceLocalTransactionCoordinatorImpl$TransactionDriverControlImpl.markRollbackOnly(JdbcResourceLocalTransactionCoordinatorImpl.java:310) ~[hibernate-core-6.4.4.Final.jar:6.4.4.Final]
	at org.hibernate.internal.AbstractSharedSessionContract.buildNamedQuery(AbstractSharedSessionContract.java:1097) ~[hibernate-core-6.4.4.Final.jar:6.4.4.Final]
	at org.hibernate.internal.AbstractSharedSessionContract.createNamedQuery(AbstractSharedSessionContract.java:975) ~[hibernate-core-6.4.4.Final.jar:6.4.4.Final]
	at org.hibernate.internal.AbstractSharedSessionContract.createNamedQuery(AbstractSharedSessionContract.java:136) ~[hibernate-core-6.4.4.Final.jar:6.4.4.Final]
	at java.base/jdk.internal.reflect.NativeMethodAccessorImpl.invoke0(Native Method) ~[na:na]
	at java.base/jdk.internal.reflect.NativeMethodAccessorImpl.invoke(NativeMethodAccessorImpl.java:77) ~[na:na]
	at java.base/jdk.internal.reflect.DelegatingMethodAccessorImpl.invoke(DelegatingMethodAccessorImpl.java:43) ~[na:na]
	at java.base/java.lang.reflect.Method.invoke(Method.java:568) ~[na:na]
	at org.springframework.orm.jpa.ExtendedEntityManagerCreator$ExtendedEntityManagerInvocationHandler.invoke(ExtendedEntityManagerCreator.java:364) ~[spring-orm-6.1.6.jar:6.1.6]
	at jdk.proxy3/jdk.proxy3.$Proxy137.createNamedQuery(Unknown Source) ~[na:na]
	at org.springframework.data.jpa.repository.query.NamedQuery.hasNamedQuery(NamedQuery.java:113) ~[spring-data-jpa-3.2.5.jar:3.2.5]
	at org.springframework.data.jpa.repository.query.NamedQuery.lookupFrom(NamedQuery.java:141) ~[spring-data-jpa-3.2.5.jar:3.2.5]
	at org.springframework.data.jpa.repository.query.JpaQueryLookupStrategy$DeclaredQueryLookupStrategy.resolveQuery(JpaQueryLookupStrategy.java:180) ~[spring-data-jpa-3.2.5.jar:3.2.5]
	at org.springframework.data.jpa.repository.query.JpaQueryLookupStrategy$CreateIfNotFoundQueryLookupStrategy.resolveQuery(JpaQueryLookupStrategy.java:252) ~[spring-data-jpa-3.2.5.jar:3.2.5]
	at org.springframework.data.jpa.repository.query.JpaQueryLookupStrategy$AbstractQueryLookupStrategy.resolveQuery(JpaQueryLookupStrategy.java:95) ~[spring-data-jpa-3.2.5.jar:3.2.5]
	at org.springframework.data.repository.core.support.QueryExecutorMethodInterceptor.lookupQuery(QueryExecutorMethodInterceptor.java:111) ~[spring-data-commons-3.2.5.jar:3.2.5]
	at org.springframework.data.repository.core.support.QueryExecutorMethodInterceptor.mapMethodsToQuery(QueryExecutorMethodInterceptor.java:99) ~[spring-data-commons-3.2.5.jar:3.2.5]
	at org.springframework.data.repository.core.support.QueryExecutorMethodInterceptor.lambda$new$0(QueryExecutorMethodInterceptor.java:88) ~[spring-data-commons-3.2.5.jar:3.2.5]
	at java.base/java.util.Optional.map(Optional.java:260) ~[na:na]
	at org.springframework.data.repository.core.support.QueryExecutorMethodInterceptor.<init>(QueryExecutorMethodInterceptor.java:88) ~[spring-data-commons-3.2.5.jar:3.2.5]
	at org.springframework.data.repository.core.support.RepositoryFactorySupport.getRepository(RepositoryFactorySupport.java:357) ~[spring-data-commons-3.2.5.jar:3.2.5]
	at org.springframework.data.repository.core.support.RepositoryFactoryBeanSupport.lambda$afterPropertiesSet$5(RepositoryFactoryBeanSupport.java:279) ~[spring-data-commons-3.2.5.jar:3.2.5]
	at org.springframework.data.util.Lazy.getNullable(Lazy.java:135) ~[spring-data-commons-3.2.5.jar:3.2.5]
	at org.springframework.data.util.Lazy.get(Lazy.java:113) ~[spring-data-commons-3.2.5.jar:3.2.5]
	at org.springframework.data.repository.core.support.RepositoryFactoryBeanSupport.afterPropertiesSet(RepositoryFactoryBeanSupport.java:285) ~[spring-data-commons-3.2.5.jar:3.2.5]
	at org.springframework.data.jpa.repository.support.JpaRepositoryFactoryBean.afterPropertiesSet(JpaRepositoryFactoryBean.java:132) ~[spring-data-jpa-3.2.5.jar:3.2.5]
	at org.springframework.beans.factory.support.AbstractAutowireCapableBeanFactory.invokeInitMethods(AbstractAutowireCapableBeanFactory.java:1833) ~[spring-beans-6.1.6.jar:6.1.6]
	at org.springframework.beans.factory.support.AbstractAutowireCapableBeanFactory.initializeBean(AbstractAutowireCapableBeanFactory.java:1782) ~[spring-beans-6.1.6.jar:6.1.6]
	at org.springframework.beans.factory.support.AbstractAutowireCapableBeanFactory.doCreateBean(AbstractAutowireCapableBeanFactory.java:600) ~[spring-beans-6.1.6.jar:6.1.6]
	at org.springframework.beans.factory.support.AbstractAutowireCapableBeanFactory.createBean(AbstractAutowireCapableBeanFactory.java:522) ~[spring-beans-6.1.6.jar:6.1.6]
	at org.springframework.beans.factory.support.AbstractBeanFactory.lambda$doGetBean$0(AbstractBeanFactory.java:326) ~[spring-beans-6.1.6.jar:6.1.6]
	at org.springframework.beans.factory.support.DefaultSingletonBeanRegistry.getSingleton(DefaultSingletonBeanRegistry.java:234) ~[spring-beans-6.1.6.jar:6.1.6]
	at org.springframework.beans.factory.support.AbstractBeanFactory.doGetBean(AbstractBeanFactory.java:324) ~[spring-beans-6.1.6.jar:6.1.6]
	at org.springframework.beans.factory.support.AbstractBeanFactory.getBean(AbstractBeanFactory.java:200) ~[spring-beans-6.1.6.jar:6.1.6]
	at org.springframework.beans.factory.config.DependencyDescriptor.resolveCandidate(DependencyDescriptor.java:254) ~[spring-beans-6.1.6.jar:6.1.6]
	at org.springframework.beans.factory.support.DefaultListableBeanFactory.doResolveDependency(DefaultListableBeanFactory.java:1443) ~[spring-beans-6.1.6.jar:6.1.6]
	at org.springframework.beans.factory.support.DefaultListableBeanFactory.resolveDependency(DefaultListableBeanFactory.java:1353) ~[spring-beans-6.1.6.jar:6.1.6]
	at org.springframework.beans.factory.annotation.AutowiredAnnotationBeanPostProcessor$AutowiredFieldElement.resolveFieldValue(AutowiredAnnotationBeanPostProcessor.java:784) ~[spring-beans-6.1.6.jar:6.1.6]
	at org.springframework.beans.factory.annotation.AutowiredAnnotationBeanPostProcessor$AutowiredFieldElement.inject(AutowiredAnnotationBeanPostProcessor.java:767) ~[spring-beans-6.1.6.jar:6.1.6]
	at org.springframework.beans.factory.annotation.InjectionMetadata.inject(InjectionMetadata.java:145) ~[spring-beans-6.1.6.jar:6.1.6]
	at org.springframework.beans.factory.annotation.AutowiredAnnotationBeanPostProcessor.postProcessProperties(AutowiredAnnotationBeanPostProcessor.java:508) ~[spring-beans-6.1.6.jar:6.1.6]
	at org.springframework.beans.factory.support.AbstractAutowireCapableBeanFactory.populateBean(AbstractAutowireCapableBeanFactory.java:1419) ~[spring-beans-6.1.6.jar:6.1.6]
	at org.springframework.beans.factory.support.AbstractAutowireCapableBeanFactory.doCreateBean(AbstractAutowireCapableBeanFactory.java:599) ~[spring-beans-6.1.6.jar:6.1.6]
	at org.springframework.beans.factory.support.AbstractAutowireCapableBeanFactory.createBean(AbstractAutowireCapableBeanFactory.java:522) ~[spring-beans-6.1.6.jar:6.1.6]
	at org.springframework.beans.factory.support.AbstractBeanFactory.lambda$doGetBean$0(AbstractBeanFactory.java:326) ~[spring-beans-6.1.6.jar:6.1.6]
	at org.springframework.beans.factory.support.DefaultSingletonBeanRegistry.getSingleton(DefaultSingletonBeanRegistry.java:234) ~[spring-beans-6.1.6.jar:6.1.6]
	at org.springframework.beans.factory.support.AbstractBeanFactory.doGetBean(AbstractBeanFactory.java:324) ~[spring-beans-6.1.6.jar:6.1.6]
	at org.springframework.beans.factory.support.AbstractBeanFactory.getBean(AbstractBeanFactory.java:200) ~[spring-beans-6.1.6.jar:6.1.6]
	at org.springframework.beans.factory.config.DependencyDescriptor.resolveCandidate(DependencyDescriptor.java:254) ~[spring-beans-6.1.6.jar:6.1.6]
	at org.springframework.beans.factory.support.DefaultListableBeanFactory.doResolveDependency(DefaultListableBeanFactory.java:1443) ~[spring-beans-6.1.6.jar:6.1.6]
	at org.springframework.beans.factory.support.DefaultListableBeanFactory.resolveDependency(DefaultListableBeanFactory.java:1353) ~[spring-beans-6.1.6.jar:6.1.6]
	at org.springframework.beans.factory.annotation.AutowiredAnnotationBeanPostProcessor$AutowiredFieldElement.resolveFieldValue(AutowiredAnnotationBeanPostProcessor.java:784) ~[spring-beans-6.1.6.jar:6.1.6]
	at org.springframework.beans.factory.annotation.AutowiredAnnotationBeanPostProcessor$AutowiredFieldElement.inject(AutowiredAnnotationBeanPostProcessor.java:767) ~[spring-beans-6.1.6.jar:6.1.6]
	at org.springframework.beans.factory.annotation.InjectionMetadata.inject(InjectionMetadata.java:145) ~[spring-beans-6.1.6.jar:6.1.6]
	at org.springframework.beans.factory.annotation.AutowiredAnnotationBeanPostProcessor.postProcessProperties(AutowiredAnnotationBeanPostProcessor.java:508) ~[spring-beans-6.1.6.jar:6.1.6]
	at org.springframework.beans.factory.support.AbstractAutowireCapableBeanFactory.populateBean(AbstractAutowireCapableBeanFactory.java:1419) ~[spring-beans-6.1.6.jar:6.1.6]
	at org.springframework.beans.factory.support.AbstractAutowireCapableBeanFactory.doCreateBean(AbstractAutowireCapableBeanFactory.java:599) ~[spring-beans-6.1.6.jar:6.1.6]
	at org.springframework.beans.factory.support.AbstractAutowireCapableBeanFactory.createBean(AbstractAutowireCapableBeanFactory.java:522) ~[spring-beans-6.1.6.jar:6.1.6]
	at org.springframework.beans.factory.support.AbstractBeanFactory.lambda$doGetBean$0(AbstractBeanFactory.java:326) ~[spring-beans-6.1.6.jar:6.1.6]
	at org.springframework.beans.factory.support.DefaultSingletonBeanRegistry.getSingleton(DefaultSingletonBeanRegistry.java:234) ~[spring-beans-6.1.6.jar:6.1.6]
	at org.springframework.beans.factory.support.AbstractBeanFactory.doGetBean(AbstractBeanFactory.java:324) ~[spring-beans-6.1.6.jar:6.1.6]
	at org.springframework.beans.factory.support.AbstractBeanFactory.getBean(AbstractBeanFactory.java:200) ~[spring-beans-6.1.6.jar:6.1.6]
	at org.springframework.beans.factory.support.DefaultListableBeanFactory.preInstantiateSingletons(DefaultListableBeanFactory.java:975) ~[spring-beans-6.1.6.jar:6.1.6]
	at org.springframework.context.support.AbstractApplicationContext.finishBeanFactoryInitialization(AbstractApplicationContext.java:962) ~[spring-context-6.1.6.jar:6.1.6]
	at org.springframework.context.support.AbstractApplicationContext.refresh(AbstractApplicationContext.java:624) ~[spring-context-6.1.6.jar:6.1.6]
	at org.springframework.boot.SpringApplication.refresh(SpringApplication.java:754) ~[spring-boot-3.2.5.jar:3.2.5]
	at org.springframework.boot.SpringApplication.refreshContext(SpringApplication.java:456) ~[spring-boot-3.2.5.jar:3.2.5]
	at org.springframework.boot.SpringApplication.run(SpringApplication.java:334) ~[spring-boot-3.2.5.jar:3.2.5]
	at org.springframework.boot.test.context.SpringBootContextLoader.lambda$loadContext$3(SpringBootContextLoader.java:137) ~[spring-boot-test-3.2.5.jar:3.2.5]
	at org.springframework.util.function.ThrowingSupplier.get(ThrowingSupplier.java:58) ~[spring-core-6.1.6.jar:6.1.6]
	at org.springframework.util.function.ThrowingSupplier.get(ThrowingSupplier.java:46) ~[spring-core-6.1.6.jar:6.1.6]
	at org.springframework.boot.SpringApplication.withHook(SpringApplication.java:1454) ~[spring-boot-3.2.5.jar:3.2.5]
	at org.springframework.boot.test.context.SpringBootContextLoader$ContextLoaderHook.run(SpringBootContextLoader.java:553) ~[spring-boot-test-3.2.5.jar:3.2.5]
	at org.springframework.boot.test.context.SpringBootContextLoader.loadContext(SpringBootContextLoader.java:137) ~[spring-boot-test-3.2.5.jar:3.2.5]
	at org.springframework.boot.test.context.SpringBootContextLoader.loadContext(SpringBootContextLoader.java:108) ~[spring-boot-test-3.2.5.jar:3.2.5]
	at org.springframework.test.context.cache.DefaultCacheAwareContextLoaderDelegate.loadContextInternal(DefaultCacheAwareContextLoaderDelegate.java:225) ~[spring-test-6.1.6.jar:6.1.6]
	at org.springframework.test.context.cache.DefaultCacheAwareContextLoaderDelegate.loadContext(DefaultCacheAwareContextLoaderDelegate.java:152) ~[spring-test-6.1.6.jar:6.1.6]
	at org.springframework.test.context.support.DefaultTestContext.getApplicationContext(DefaultTestContext.java:130) ~[spring-test-6.1.6.jar:6.1.6]
	at org.springframework.test.context.web.ServletTestExecutionListener.setUpRequestContextIfNecessary(ServletTestExecutionListener.java:191) ~[spring-test-6.1.6.jar:6.1.6]
	at org.springframework.test.context.web.ServletTestExecutionListener.prepareTestInstance(ServletTestExecutionListener.java:130) ~[spring-test-6.1.6.jar:6.1.6]
	at org.springframework.test.context.TestContextManager.prepareTestInstance(TestContextManager.java:260) ~[spring-test-6.1.6.jar:6.1.6]
	at org.springframework.test.context.junit.jupiter.SpringExtension.postProcessTestInstance(SpringExtension.java:163) ~[spring-test-6.1.6.jar:6.1.6]
	at org.junit.jupiter.engine.descriptor.ClassBasedTestDescriptor.lambda$invokeTestInstancePostProcessors$10(ClassBasedTestDescriptor.java:378) ~[junit-jupiter-engine-5.10.2.jar:5.10.2]
	at org.junit.jupiter.engine.descriptor.ClassBasedTestDescriptor.executeAndMaskThrowable(ClassBasedTestDescriptor.java:383) ~[junit-jupiter-engine-5.10.2.jar:5.10.2]
	at org.junit.jupiter.engine.descriptor.ClassBasedTestDescriptor.lambda$invokeTestInstancePostProcessors$11(ClassBasedTestDescriptor.java:378) ~[junit-jupiter-engine-5.10.2.jar:5.10.2]
	at java.base/java.util.stream.ReferencePipeline$3$1.accept(ReferencePipeline.java:197) ~[na:na]
	at java.base/java.util.stream.ReferencePipeline$2$1.accept(ReferencePipeline.java:179) ~[na:na]
	at java.base/java.util.ArrayList$ArrayListSpliterator.forEachRemaining(ArrayList.java:1625) ~[na:na]
	at java.base/java.util.stream.AbstractPipeline.copyInto(AbstractPipeline.java:509) ~[na:na]
	at java.base/java.util.stream.AbstractPipeline.wrapAndCopyInto(AbstractPipeline.java:499) ~[na:na]
	at java.base/java.util.stream.StreamSpliterators$WrappingSpliterator.forEachRemaining(StreamSpliterators.java:310) ~[na:na]
	at java.base/java.util.stream.Streams$ConcatSpliterator.forEachRemaining(Streams.java:735) ~[na:na]
	at java.base/java.util.stream.Streams$ConcatSpliterator.forEachRemaining(Streams.java:734) ~[na:na]
	at java.base/java.util.stream.ReferencePipeline$Head.forEach(ReferencePipeline.java:762) ~[na:na]
	at org.junit.jupiter.engine.descriptor.ClassBasedTestDescriptor.invokeTestInstancePostProcessors(ClassBasedTestDescriptor.java:377) ~[junit-jupiter-engine-5.10.2.jar:5.10.2]
	at org.junit.jupiter.engine.descriptor.ClassBasedTestDescriptor.lambda$instantiateAndPostProcessTestInstance$6(ClassBasedTestDescriptor.java:290) ~[junit-jupiter-engine-5.10.2.jar:5.10.2]
	at org.junit.platform.engine.support.hierarchical.ThrowableCollector.execute(ThrowableCollector.java:73) ~[junit-platform-engine-1.10.2.jar:1.10.2]
	at org.junit.jupiter.engine.descriptor.ClassBasedTestDescriptor.instantiateAndPostProcessTestInstance(ClassBasedTestDescriptor.java:289) ~[junit-jupiter-engine-5.10.2.jar:5.10.2]
	at org.junit.jupiter.engine.descriptor.ClassBasedTestDescriptor.lambda$testInstancesProvider$4(ClassBasedTestDescriptor.java:279) ~[junit-jupiter-engine-5.10.2.jar:5.10.2]
	at java.base/java.util.Optional.orElseGet(Optional.java:364) ~[na:na]
	at org.junit.jupiter.engine.descriptor.ClassBasedTestDescriptor.lambda$testInstancesProvider$5(ClassBasedTestDescriptor.java:278) ~[junit-jupiter-engine-5.10.2.jar:5.10.2]
	at org.junit.jupiter.engine.execution.TestInstancesProvider.getTestInstances(TestInstancesProvider.java:31) ~[junit-jupiter-engine-5.10.2.jar:5.10.2]
	at org.junit.jupiter.engine.descriptor.TestMethodTestDescriptor.lambda$prepare$0(TestMethodTestDescriptor.java:106) ~[junit-jupiter-engine-5.10.2.jar:5.10.2]
	at org.junit.platform.engine.support.hierarchical.ThrowableCollector.execute(ThrowableCollector.java:73) ~[junit-platform-engine-1.10.2.jar:1.10.2]
	at org.junit.jupiter.engine.descriptor.TestMethodTestDescriptor.prepare(TestMethodTestDescriptor.java:105) ~[junit-jupiter-engine-5.10.2.jar:5.10.2]
	at org.junit.jupiter.engine.descriptor.TestMethodTestDescriptor.prepare(TestMethodTestDescriptor.java:69) ~[junit-jupiter-engine-5.10.2.jar:5.10.2]
	at org.junit.platform.engine.support.hierarchical.NodeTestTask.lambda$prepare$2(NodeTestTask.java:123) ~[junit-platform-engine-1.10.2.jar:1.10.2]
	at org.junit.platform.engine.support.hierarchical.ThrowableCollector.execute(ThrowableCollector.java:73) ~[junit-platform-engine-1.10.2.jar:1.10.2]
	at org.junit.platform.engine.support.hierarchical.NodeTestTask.prepare(NodeTestTask.java:123) ~[junit-platform-engine-1.10.2.jar:1.10.2]
	at org.junit.platform.engine.support.hierarchical.NodeTestTask.execute(NodeTestTask.java:90) ~[junit-platform-engine-1.10.2.jar:1.10.2]
	at java.base/java.util.ArrayList.forEach(ArrayList.java:1511) ~[na:na]
	at org.junit.platform.engine.support.hierarchical.SameThreadHierarchicalTestExecutorService.invokeAll(SameThreadHierarchicalTestExecutorService.java:41) ~[junit-platform-engine-1.10.2.jar:1.10.2]
	at org.junit.platform.engine.support.hierarchical.NodeTestTask.lambda$executeRecursively$6(NodeTestTask.java:155) ~[junit-platform-engine-1.10.2.jar:1.10.2]
	at org.junit.platform.engine.support.hierarchical.ThrowableCollector.execute(ThrowableCollector.java:73) ~[junit-platform-engine-1.10.2.jar:1.10.2]
	at org.junit.platform.engine.support.hierarchical.NodeTestTask.lambda$executeRecursively$8(NodeTestTask.java:141) ~[junit-platform-engine-1.10.2.jar:1.10.2]
	at org.junit.platform.engine.support.hierarchical.Node.around(Node.java:137) ~[junit-platform-engine-1.10.2.jar:1.10.2]
	at org.junit.platform.engine.support.hierarchical.NodeTestTask.lambda$executeRecursively$9(NodeTestTask.java:139) ~[junit-platform-engine-1.10.2.jar:1.10.2]
	at org.junit.platform.engine.support.hierarchical.ThrowableCollector.execute(ThrowableCollector.java:73) ~[junit-platform-engine-1.10.2.jar:1.10.2]
	at org.junit.platform.engine.support.hierarchical.NodeTestTask.executeRecursively(NodeTestTask.java:138) ~[junit-platform-engine-1.10.2.jar:1.10.2]
	at org.junit.platform.engine.support.hierarchical.NodeTestTask.execute(NodeTestTask.java:95) ~[junit-platform-engine-1.10.2.jar:1.10.2]
	at java.base/java.util.ArrayList.forEach(ArrayList.java:1511) ~[na:na]
	at org.junit.platform.engine.support.hierarchical.SameThreadHierarchicalTestExecutorService.invokeAll(SameThreadHierarchicalTestExecutorService.java:41) ~[junit-platform-engine-1.10.2.jar:1.10.2]
	at org.junit.platform.engine.support.hierarchical.NodeTestTask.lambda$executeRecursively$6(NodeTestTask.java:155) ~[junit-platform-engine-1.10.2.jar:1.10.2]
	at org.junit.platform.engine.support.hierarchical.ThrowableCollector.execute(ThrowableCollector.java:73) ~[junit-platform-engine-1.10.2.jar:1.10.2]
	at org.junit.platform.engine.support.hierarchical.NodeTestTask.lambda$executeRecursively$8(NodeTestTask.java:141) ~[junit-platform-engine-1.10.2.jar:1.10.2]
	at org.junit.platform.engine.support.hierarchical.Node.around(Node.java:137) ~[junit-platform-engine-1.10.2.jar:1.10.2]
	at org.junit.platform.engine.support.hierarchical.NodeTestTask.lambda$executeRecursively$9(NodeTestTask.java:139) ~[junit-platform-engine-1.10.2.jar:1.10.2]
	at org.junit.platform.engine.support.hierarchical.ThrowableCollector.execute(ThrowableCollector.java:73) ~[junit-platform-engine-1.10.2.jar:1.10.2]
	at org.junit.platform.engine.support.hierarchical.NodeTestTask.executeRecursively(NodeTestTask.java:138) ~[junit-platform-engine-1.10.2.jar:1.10.2]
	at org.junit.platform.engine.support.hierarchical.NodeTestTask.execute(NodeTestTask.java:95) ~[junit-platform-engine-1.10.2.jar:1.10.2]
	at org.junit.platform.engine.support.hierarchical.SameThreadHierarchicalTestExecutorService.submit(SameThreadHierarchicalTestExecutorService.java:35) ~[junit-platform-engine-1.10.2.jar:1.10.2]
	at org.junit.platform.engine.support.hierarchical.HierarchicalTestExecutor.execute(HierarchicalTestExecutor.java:57) ~[junit-platform-engine-1.10.2.jar:1.10.2]
	at org.junit.platform.engine.support.hierarchical.HierarchicalTestEngine.execute(HierarchicalTestEngine.java:54) ~[junit-platform-engine-1.10.2.jar:1.10.2]
	at org.junit.platform.launcher.core.EngineExecutionOrchestrator.execute(EngineExecutionOrchestrator.java:198) ~[junit-platform-launcher-1.10.2.jar:1.10.2]
	at org.junit.platform.launcher.core.EngineExecutionOrchestrator.execute(EngineExecutionOrchestrator.java:169) ~[junit-platform-launcher-1.10.2.jar:1.10.2]
	at org.junit.platform.launcher.core.EngineExecutionOrchestrator.execute(EngineExecutionOrchestrator.java:93) ~[junit-platform-launcher-1.10.2.jar:1.10.2]
	at org.junit.platform.launcher.core.EngineExecutionOrchestrator.lambda$execute$0(EngineExecutionOrchestrator.java:58) ~[junit-platform-launcher-1.10.2.jar:1.10.2]
	at org.junit.platform.launcher.core.EngineExecutionOrchestrator.withInterceptedStreams(EngineExecutionOrchestrator.java:141) ~[junit-platform-launcher-1.10.2.jar:1.10.2]
	at org.junit.platform.launcher.core.EngineExecutionOrchestrator.execute(EngineExecutionOrchestrator.java:57) ~[junit-platform-launcher-1.10.2.jar:1.10.2]
	at org.junit.platform.launcher.core.DefaultLauncher.execute(DefaultLauncher.java:103) ~[junit-platform-launcher-1.10.2.jar:1.10.2]
	at org.junit.platform.launcher.core.DefaultLauncher.execute(DefaultLauncher.java:85) ~[junit-platform-launcher-1.10.2.jar:1.10.2]
	at org.junit.platform.launcher.core.DelegatingLauncher.execute(DelegatingLauncher.java:47) ~[junit-platform-launcher-1.10.2.jar:1.10.2]
	at org.gradle.api.internal.tasks.testing.junitplatform.JUnitPlatformTestClassProcessor$CollectAllTestClassesExecutor.processAllTestClasses(JUnitPlatformTestClassProcessor.java:119) ~[na:na]
	at org.gradle.api.internal.tasks.testing.junitplatform.JUnitPlatformTestClassProcessor$CollectAllTestClassesExecutor.access$000(JUnitPlatformTestClassProcessor.java:94) ~[na:na]
	at org.gradle.api.internal.tasks.testing.junitplatform.JUnitPlatformTestClassProcessor.stop(JUnitPlatformTestClassProcessor.java:89) ~[na:na]
	at org.gradle.api.internal.tasks.testing.SuiteTestClassProcessor.stop(SuiteTestClassProcessor.java:62) ~[na:na]
	at java.base/jdk.internal.reflect.NativeMethodAccessorImpl.invoke0(Native Method) ~[na:na]
	at java.base/jdk.internal.reflect.NativeMethodAccessorImpl.invoke(NativeMethodAccessorImpl.java:77) ~[na:na]
	at java.base/jdk.internal.reflect.DelegatingMethodAccessorImpl.invoke(DelegatingMethodAccessorImpl.java:43) ~[na:na]
	at java.base/java.lang.reflect.Method.invoke(Method.java:568) ~[na:na]
	at org.gradle.internal.dispatch.ReflectionDispatch.dispatch(ReflectionDispatch.java:36) ~[na:na]
	at org.gradle.internal.dispatch.ReflectionDispatch.dispatch(ReflectionDispatch.java:24) ~[na:na]
	at org.gradle.internal.dispatch.ContextClassLoaderDispatch.dispatch(ContextClassLoaderDispatch.java:33) ~[na:na]
	at org.gradle.internal.dispatch.ProxyDispatchAdapter$DispatchingInvocationHandler.invoke(ProxyDispatchAdapter.java:94) ~[na:na]
	at jdk.proxy1/jdk.proxy1.$Proxy2.stop(Unknown Source) ~[na:na]
	at org.gradle.api.internal.tasks.testing.worker.TestWorker$3.run(TestWorker.java:193) ~[na:na]
	at org.gradle.api.internal.tasks.testing.worker.TestWorker.executeAndMaintainThreadName(TestWorker.java:129) ~[na:na]
	at org.gradle.api.internal.tasks.testing.worker.TestWorker.execute(TestWorker.java:100) ~[na:na]
	at org.gradle.api.internal.tasks.testing.worker.TestWorker.execute(TestWorker.java:60) ~[na:na]
	at org.gradle.process.internal.worker.child.ActionExecutionWorker.execute(ActionExecutionWorker.java:56) ~[na:na]
	at org.gradle.process.internal.worker.child.SystemApplicationClassLoaderWorker.call(SystemApplicationClassLoaderWorker.java:119) ~[na:na]
	at org.gradle.process.internal.worker.child.SystemApplicationClassLoaderWorker.call(SystemApplicationClassLoaderWorker.java:66) ~[na:na]
	at worker.org.gradle.process.internal.worker.GradleWorkerMain.run(GradleWorkerMain.java:69) ~[gradle-worker.jar:na]
	at worker.org.gradle.process.internal.worker.GradleWorkerMain.main(GradleWorkerMain.java:74) ~[gradle-worker.jar:na]

2024-11-18T12:45:51.258-04:00 DEBUG 24640 --- [examen2] [    Test worker] o.s.d.jpa.repository.query.NamedQuery    : Did not find named query Cita.findByMedicoAndFechaAndHora
2024-11-18T12:45:51.258-04:00 DEBUG 24640 --- [examen2] [    Test worker] tor$SharedEntityManagerInvocationHandler : Creating new EntityManager for shared EntityManager invocation
2024-11-18T12:45:51.259-04:00 DEBUG 24640 --- [examen2] [    Test worker] o.s.d.jpa.repository.query.NamedQuery    : Looking up named query Cita.findByPacienteAndFecha
2024-11-18T12:45:51.259-04:00 DEBUG 24640 --- [examen2] [    Test worker] cResourceLocalTransactionCoordinatorImpl : JDBC transaction marked for rollback-only (exception provided for stack trace)

java.lang.Exception: exception just for purpose of providing stack trace
	at org.hibernate.resource.transaction.backend.jdbc.internal.JdbcResourceLocalTransactionCoordinatorImpl$TransactionDriverControlImpl.markRollbackOnly(JdbcResourceLocalTransactionCoordinatorImpl.java:310) ~[hibernate-core-6.4.4.Final.jar:6.4.4.Final]
	at org.hibernate.internal.AbstractSharedSessionContract.buildNamedQuery(AbstractSharedSessionContract.java:1097) ~[hibernate-core-6.4.4.Final.jar:6.4.4.Final]
	at org.hibernate.internal.AbstractSharedSessionContract.createNamedQuery(AbstractSharedSessionContract.java:975) ~[hibernate-core-6.4.4.Final.jar:6.4.4.Final]
	at org.hibernate.internal.AbstractSharedSessionContract.createNamedQuery(AbstractSharedSessionContract.java:136) ~[hibernate-core-6.4.4.Final.jar:6.4.4.Final]
	at java.base/jdk.internal.reflect.NativeMethodAccessorImpl.invoke0(Native Method) ~[na:na]
	at java.base/jdk.internal.reflect.NativeMethodAccessorImpl.invoke(NativeMethodAccessorImpl.java:77) ~[na:na]
	at java.base/jdk.internal.reflect.DelegatingMethodAccessorImpl.invoke(DelegatingMethodAccessorImpl.java:43) ~[na:na]
	at java.base/java.lang.reflect.Method.invoke(Method.java:568) ~[na:na]
	at org.springframework.orm.jpa.ExtendedEntityManagerCreator$ExtendedEntityManagerInvocationHandler.invoke(ExtendedEntityManagerCreator.java:364) ~[spring-orm-6.1.6.jar:6.1.6]
	at jdk.proxy3/jdk.proxy3.$Proxy137.createNamedQuery(Unknown Source) ~[na:na]
	at org.springframework.data.jpa.repository.query.NamedQuery.hasNamedQuery(NamedQuery.java:113) ~[spring-data-jpa-3.2.5.jar:3.2.5]
	at org.springframework.data.jpa.repository.query.NamedQuery.lookupFrom(NamedQuery.java:141) ~[spring-data-jpa-3.2.5.jar:3.2.5]
	at org.springframework.data.jpa.repository.query.JpaQueryLookupStrategy$DeclaredQueryLookupStrategy.resolveQuery(JpaQueryLookupStrategy.java:180) ~[spring-data-jpa-3.2.5.jar:3.2.5]
	at org.springframework.data.jpa.repository.query.JpaQueryLookupStrategy$CreateIfNotFoundQueryLookupStrategy.resolveQuery(JpaQueryLookupStrategy.java:252) ~[spring-data-jpa-3.2.5.jar:3.2.5]
	at org.springframework.data.jpa.repository.query.JpaQueryLookupStrategy$AbstractQueryLookupStrategy.resolveQuery(JpaQueryLookupStrategy.java:95) ~[spring-data-jpa-3.2.5.jar:3.2.5]
	at org.springframework.data.repository.core.support.QueryExecutorMethodInterceptor.lookupQuery(QueryExecutorMethodInterceptor.java:111) ~[spring-data-commons-3.2.5.jar:3.2.5]
	at org.springframework.data.repository.core.support.QueryExecutorMethodInterceptor.mapMethodsToQuery(QueryExecutorMethodInterceptor.java:99) ~[spring-data-commons-3.2.5.jar:3.2.5]
	at org.springframework.data.repository.core.support.QueryExecutorMethodInterceptor.lambda$new$0(QueryExecutorMethodInterceptor.java:88) ~[spring-data-commons-3.2.5.jar:3.2.5]
	at java.base/java.util.Optional.map(Optional.java:260) ~[na:na]
	at org.springframework.data.repository.core.support.QueryExecutorMethodInterceptor.<init>(QueryExecutorMethodInterceptor.java:88) ~[spring-data-commons-3.2.5.jar:3.2.5]
	at org.springframework.data.repository.core.support.RepositoryFactorySupport.getRepository(RepositoryFactorySupport.java:357) ~[spring-data-commons-3.2.5.jar:3.2.5]
	at org.springframework.data.repository.core.support.RepositoryFactoryBeanSupport.lambda$afterPropertiesSet$5(RepositoryFactoryBeanSupport.java:279) ~[spring-data-commons-3.2.5.jar:3.2.5]
	at org.springframework.data.util.Lazy.getNullable(Lazy.java:135) ~[spring-data-commons-3.2.5.jar:3.2.5]
	at org.springframework.data.util.Lazy.get(Lazy.java:113) ~[spring-data-commons-3.2.5.jar:3.2.5]
	at org.springframework.data.repository.core.support.RepositoryFactoryBeanSupport.afterPropertiesSet(RepositoryFactoryBeanSupport.java:285) ~[spring-data-commons-3.2.5.jar:3.2.5]
	at org.springframework.data.jpa.repository.support.JpaRepositoryFactoryBean.afterPropertiesSet(JpaRepositoryFactoryBean.java:132) ~[spring-data-jpa-3.2.5.jar:3.2.5]
	at org.springframework.beans.factory.support.AbstractAutowireCapableBeanFactory.invokeInitMethods(AbstractAutowireCapableBeanFactory.java:1833) ~[spring-beans-6.1.6.jar:6.1.6]
	at org.springframework.beans.factory.support.AbstractAutowireCapableBeanFactory.initializeBean(AbstractAutowireCapableBeanFactory.java:1782) ~[spring-beans-6.1.6.jar:6.1.6]
	at org.springframework.beans.factory.support.AbstractAutowireCapableBeanFactory.doCreateBean(AbstractAutowireCapableBeanFactory.java:600) ~[spring-beans-6.1.6.jar:6.1.6]
	at org.springframework.beans.factory.support.AbstractAutowireCapableBeanFactory.createBean(AbstractAutowireCapableBeanFactory.java:522) ~[spring-beans-6.1.6.jar:6.1.6]
	at org.springframework.beans.factory.support.AbstractBeanFactory.lambda$doGetBean$0(AbstractBeanFactory.java:326) ~[spring-beans-6.1.6.jar:6.1.6]
	at org.springframework.beans.factory.support.DefaultSingletonBeanRegistry.getSingleton(DefaultSingletonBeanRegistry.java:234) ~[spring-beans-6.1.6.jar:6.1.6]
	at org.springframework.beans.factory.support.AbstractBeanFactory.doGetBean(AbstractBeanFactory.java:324) ~[spring-beans-6.1.6.jar:6.1.6]
	at org.springframework.beans.factory.support.AbstractBeanFactory.getBean(AbstractBeanFactory.java:200) ~[spring-beans-6.1.6.jar:6.1.6]
	at org.springframework.beans.factory.config.DependencyDescriptor.resolveCandidate(DependencyDescriptor.java:254) ~[spring-beans-6.1.6.jar:6.1.6]
	at org.springframework.beans.factory.support.DefaultListableBeanFactory.doResolveDependency(DefaultListableBeanFactory.java:1443) ~[spring-beans-6.1.6.jar:6.1.6]
	at org.springframework.beans.factory.support.DefaultListableBeanFactory.resolveDependency(DefaultListableBeanFactory.java:1353) ~[spring-beans-6.1.6.jar:6.1.6]
	at org.springframework.beans.factory.annotation.AutowiredAnnotationBeanPostProcessor$AutowiredFieldElement.resolveFieldValue(AutowiredAnnotationBeanPostProcessor.java:784) ~[spring-beans-6.1.6.jar:6.1.6]
	at org.springframework.beans.factory.annotation.AutowiredAnnotationBeanPostProcessor$AutowiredFieldElement.inject(AutowiredAnnotationBeanPostProcessor.java:767) ~[spring-beans-6.1.6.jar:6.1.6]
	at org.springframework.beans.factory.annotation.InjectionMetadata.inject(InjectionMetadata.java:145) ~[spring-beans-6.1.6.jar:6.1.6]
	at org.springframework.beans.factory.annotation.AutowiredAnnotationBeanPostProcessor.postProcessProperties(AutowiredAnnotationBeanPostProcessor.java:508) ~[spring-beans-6.1.6.jar:6.1.6]
	at org.springframework.beans.factory.support.AbstractAutowireCapableBeanFactory.populateBean(AbstractAutowireCapableBeanFactory.java:1419) ~[spring-beans-6.1.6.jar:6.1.6]
	at org.springframework.beans.factory.support.AbstractAutowireCapableBeanFactory.doCreateBean(AbstractAutowireCapableBeanFactory.java:599) ~[spring-beans-6.1.6.jar:6.1.6]
	at org.springframework.beans.factory.support.AbstractAutowireCapableBeanFactory.createBean(AbstractAutowireCapableBeanFactory.java:522) ~[spring-beans-6.1.6.jar:6.1.6]
	at org.springframework.beans.factory.support.AbstractBeanFactory.lambda$doGetBean$0(AbstractBeanFactory.java:326) ~[spring-beans-6.1.6.jar:6.1.6]
	at org.springframework.beans.factory.support.DefaultSingletonBeanRegistry.getSingleton(DefaultSingletonBeanRegistry.java:234) ~[spring-beans-6.1.6.jar:6.1.6]
	at org.springframework.beans.factory.support.AbstractBeanFactory.doGetBean(AbstractBeanFactory.java:324) ~[spring-beans-6.1.6.jar:6.1.6]
	at org.springframework.beans.factory.support.AbstractBeanFactory.getBean(AbstractBeanFactory.java:200) ~[spring-beans-6.1.6.jar:6.1.6]
	at org.springframework.beans.factory.config.DependencyDescriptor.resolveCandidate(DependencyDescriptor.java:254) ~[spring-beans-6.1.6.jar:6.1.6]
	at org.springframework.beans.factory.support.DefaultListableBeanFactory.doResolveDependency(DefaultListableBeanFactory.java:1443) ~[spring-beans-6.1.6.jar:6.1.6]
	at org.springframework.beans.factory.support.DefaultListableBeanFactory.resolveDependency(DefaultListableBeanFactory.java:1353) ~[spring-beans-6.1.6.jar:6.1.6]
	at org.springframework.beans.factory.annotation.AutowiredAnnotationBeanPostProcessor$AutowiredFieldElement.resolveFieldValue(AutowiredAnnotationBeanPostProcessor.java:784) ~[spring-beans-6.1.6.jar:6.1.6]
	at org.springframework.beans.factory.annotation.AutowiredAnnotationBeanPostProcessor$AutowiredFieldElement.inject(AutowiredAnnotationBeanPostProcessor.java:767) ~[spring-beans-6.1.6.jar:6.1.6]
	at org.springframework.beans.factory.annotation.InjectionMetadata.inject(InjectionMetadata.java:145) ~[spring-beans-6.1.6.jar:6.1.6]
	at org.springframework.beans.factory.annotation.AutowiredAnnotationBeanPostProcessor.postProcessProperties(AutowiredAnnotationBeanPostProcessor.java:508) ~[spring-beans-6.1.6.jar:6.1.6]
	at org.springframework.beans.factory.support.AbstractAutowireCapableBeanFactory.populateBean(AbstractAutowireCapableBeanFactory.java:1419) ~[spring-beans-6.1.6.jar:6.1.6]
	at org.springframework.beans.factory.support.AbstractAutowireCapableBeanFactory.doCreateBean(AbstractAutowireCapableBeanFactory.java:599) ~[spring-beans-6.1.6.jar:6.1.6]
	at org.springframework.beans.factory.support.AbstractAutowireCapableBeanFactory.createBean(AbstractAutowireCapableBeanFactory.java:522) ~[spring-beans-6.1.6.jar:6.1.6]
	at org.springframework.beans.factory.support.AbstractBeanFactory.lambda$doGetBean$0(AbstractBeanFactory.java:326) ~[spring-beans-6.1.6.jar:6.1.6]
	at org.springframework.beans.factory.support.DefaultSingletonBeanRegistry.getSingleton(DefaultSingletonBeanRegistry.java:234) ~[spring-beans-6.1.6.jar:6.1.6]
	at org.springframework.beans.factory.support.AbstractBeanFactory.doGetBean(AbstractBeanFactory.java:324) ~[spring-beans-6.1.6.jar:6.1.6]
	at org.springframework.beans.factory.support.AbstractBeanFactory.getBean(AbstractBeanFactory.java:200) ~[spring-beans-6.1.6.jar:6.1.6]
	at org.springframework.beans.factory.support.DefaultListableBeanFactory.preInstantiateSingletons(DefaultListableBeanFactory.java:975) ~[spring-beans-6.1.6.jar:6.1.6]
	at org.springframework.context.support.AbstractApplicationContext.finishBeanFactoryInitialization(AbstractApplicationContext.java:962) ~[spring-context-6.1.6.jar:6.1.6]
	at org.springframework.context.support.AbstractApplicationContext.refresh(AbstractApplicationContext.java:624) ~[spring-context-6.1.6.jar:6.1.6]
	at org.springframework.boot.SpringApplication.refresh(SpringApplication.java:754) ~[spring-boot-3.2.5.jar:3.2.5]
	at org.springframework.boot.SpringApplication.refreshContext(SpringApplication.java:456) ~[spring-boot-3.2.5.jar:3.2.5]
	at org.springframework.boot.SpringApplication.run(SpringApplication.java:334) ~[spring-boot-3.2.5.jar:3.2.5]
	at org.springframework.boot.test.context.SpringBootContextLoader.lambda$loadContext$3(SpringBootContextLoader.java:137) ~[spring-boot-test-3.2.5.jar:3.2.5]
	at org.springframework.util.function.ThrowingSupplier.get(ThrowingSupplier.java:58) ~[spring-core-6.1.6.jar:6.1.6]
	at org.springframework.util.function.ThrowingSupplier.get(ThrowingSupplier.java:46) ~[spring-core-6.1.6.jar:6.1.6]
	at org.springframework.boot.SpringApplication.withHook(SpringApplication.java:1454) ~[spring-boot-3.2.5.jar:3.2.5]
	at org.springframework.boot.test.context.SpringBootContextLoader$ContextLoaderHook.run(SpringBootContextLoader.java:553) ~[spring-boot-test-3.2.5.jar:3.2.5]
	at org.springframework.boot.test.context.SpringBootContextLoader.loadContext(SpringBootContextLoader.java:137) ~[spring-boot-test-3.2.5.jar:3.2.5]
	at org.springframework.boot.test.context.SpringBootContextLoader.loadContext(SpringBootContextLoader.java:108) ~[spring-boot-test-3.2.5.jar:3.2.5]
	at org.springframework.test.context.cache.DefaultCacheAwareContextLoaderDelegate.loadContextInternal(DefaultCacheAwareContextLoaderDelegate.java:225) ~[spring-test-6.1.6.jar:6.1.6]
	at org.springframework.test.context.cache.DefaultCacheAwareContextLoaderDelegate.loadContext(DefaultCacheAwareContextLoaderDelegate.java:152) ~[spring-test-6.1.6.jar:6.1.6]
	at org.springframework.test.context.support.DefaultTestContext.getApplicationContext(DefaultTestContext.java:130) ~[spring-test-6.1.6.jar:6.1.6]
	at org.springframework.test.context.web.ServletTestExecutionListener.setUpRequestContextIfNecessary(ServletTestExecutionListener.java:191) ~[spring-test-6.1.6.jar:6.1.6]
	at org.springframework.test.context.web.ServletTestExecutionListener.prepareTestInstance(ServletTestExecutionListener.java:130) ~[spring-test-6.1.6.jar:6.1.6]
	at org.springframework.test.context.TestContextManager.prepareTestInstance(TestContextManager.java:260) ~[spring-test-6.1.6.jar:6.1.6]
	at org.springframework.test.context.junit.jupiter.SpringExtension.postProcessTestInstance(SpringExtension.java:163) ~[spring-test-6.1.6.jar:6.1.6]
	at org.junit.jupiter.engine.descriptor.ClassBasedTestDescriptor.lambda$invokeTestInstancePostProcessors$10(ClassBasedTestDescriptor.java:378) ~[junit-jupiter-engine-5.10.2.jar:5.10.2]
	at org.junit.jupiter.engine.descriptor.ClassBasedTestDescriptor.executeAndMaskThrowable(ClassBasedTestDescriptor.java:383) ~[junit-jupiter-engine-5.10.2.jar:5.10.2]
	at org.junit.jupiter.engine.descriptor.ClassBasedTestDescriptor.lambda$invokeTestInstancePostProcessors$11(ClassBasedTestDescriptor.java:378) ~[junit-jupiter-engine-5.10.2.jar:5.10.2]
	at java.base/java.util.stream.ReferencePipeline$3$1.accept(ReferencePipeline.java:197) ~[na:na]
	at java.base/java.util.stream.ReferencePipeline$2$1.accept(ReferencePipeline.java:179) ~[na:na]
	at java.base/java.util.ArrayList$ArrayListSpliterator.forEachRemaining(ArrayList.java:1625) ~[na:na]
	at java.base/java.util.stream.AbstractPipeline.copyInto(AbstractPipeline.java:509) ~[na:na]
	at java.base/java.util.stream.AbstractPipeline.wrapAndCopyInto(AbstractPipeline.java:499) ~[na:na]
	at java.base/java.util.stream.StreamSpliterators$WrappingSpliterator.forEachRemaining(StreamSpliterators.java:310) ~[na:na]
	at java.base/java.util.stream.Streams$ConcatSpliterator.forEachRemaining(Streams.java:735) ~[na:na]
	at java.base/java.util.stream.Streams$ConcatSpliterator.forEachRemaining(Streams.java:734) ~[na:na]
	at java.base/java.util.stream.ReferencePipeline$Head.forEach(ReferencePipeline.java:762) ~[na:na]
	at org.junit.jupiter.engine.descriptor.ClassBasedTestDescriptor.invokeTestInstancePostProcessors(ClassBasedTestDescriptor.java:377) ~[junit-jupiter-engine-5.10.2.jar:5.10.2]
	at org.junit.jupiter.engine.descriptor.ClassBasedTestDescriptor.lambda$instantiateAndPostProcessTestInstance$6(ClassBasedTestDescriptor.java:290) ~[junit-jupiter-engine-5.10.2.jar:5.10.2]
	at org.junit.platform.engine.support.hierarchical.ThrowableCollector.execute(ThrowableCollector.java:73) ~[junit-platform-engine-1.10.2.jar:1.10.2]
	at org.junit.jupiter.engine.descriptor.ClassBasedTestDescriptor.instantiateAndPostProcessTestInstance(ClassBasedTestDescriptor.java:289) ~[junit-jupiter-engine-5.10.2.jar:5.10.2]
	at org.junit.jupiter.engine.descriptor.ClassBasedTestDescriptor.lambda$testInstancesProvider$4(ClassBasedTestDescriptor.java:279) ~[junit-jupiter-engine-5.10.2.jar:5.10.2]
	at java.base/java.util.Optional.orElseGet(Optional.java:364) ~[na:na]
	at org.junit.jupiter.engine.descriptor.ClassBasedTestDescriptor.lambda$testInstancesProvider$5(ClassBasedTestDescriptor.java:278) ~[junit-jupiter-engine-5.10.2.jar:5.10.2]
	at org.junit.jupiter.engine.execution.TestInstancesProvider.getTestInstances(TestInstancesProvider.java:31) ~[junit-jupiter-engine-5.10.2.jar:5.10.2]
	at org.junit.jupiter.engine.descriptor.TestMethodTestDescriptor.lambda$prepare$0(TestMethodTestDescriptor.java:106) ~[junit-jupiter-engine-5.10.2.jar:5.10.2]
	at org.junit.platform.engine.support.hierarchical.ThrowableCollector.execute(ThrowableCollector.java:73) ~[junit-platform-engine-1.10.2.jar:1.10.2]
	at org.junit.jupiter.engine.descriptor.TestMethodTestDescriptor.prepare(TestMethodTestDescriptor.java:105) ~[junit-jupiter-engine-5.10.2.jar:5.10.2]
	at org.junit.jupiter.engine.descriptor.TestMethodTestDescriptor.prepare(TestMethodTestDescriptor.java:69) ~[junit-jupiter-engine-5.10.2.jar:5.10.2]
	at org.junit.platform.engine.support.hierarchical.NodeTestTask.lambda$prepare$2(NodeTestTask.java:123) ~[junit-platform-engine-1.10.2.jar:1.10.2]
	at org.junit.platform.engine.support.hierarchical.ThrowableCollector.execute(ThrowableCollector.java:73) ~[junit-platform-engine-1.10.2.jar:1.10.2]
	at org.junit.platform.engine.support.hierarchical.NodeTestTask.prepare(NodeTestTask.java:123) ~[junit-platform-engine-1.10.2.jar:1.10.2]
	at org.junit.platform.engine.support.hierarchical.NodeTestTask.execute(NodeTestTask.java:90) ~[junit-platform-engine-1.10.2.jar:1.10.2]
	at java.base/java.util.ArrayList.forEach(ArrayList.java:1511) ~[na:na]
	at org.junit.platform.engine.support.hierarchical.SameThreadHierarchicalTestExecutorService.invokeAll(SameThreadHierarchicalTestExecutorService.java:41) ~[junit-platform-engine-1.10.2.jar:1.10.2]
	at org.junit.platform.engine.support.hierarchical.NodeTestTask.lambda$executeRecursively$6(NodeTestTask.java:155) ~[junit-platform-engine-1.10.2.jar:1.10.2]
	at org.junit.platform.engine.support.hierarchical.ThrowableCollector.execute(ThrowableCollector.java:73) ~[junit-platform-engine-1.10.2.jar:1.10.2]
	at org.junit.platform.engine.support.hierarchical.NodeTestTask.lambda$executeRecursively$8(NodeTestTask.java:141) ~[junit-platform-engine-1.10.2.jar:1.10.2]
	at org.junit.platform.engine.support.hierarchical.Node.around(Node.java:137) ~[junit-platform-engine-1.10.2.jar:1.10.2]
	at org.junit.platform.engine.support.hierarchical.NodeTestTask.lambda$executeRecursively$9(NodeTestTask.java:139) ~[junit-platform-engine-1.10.2.jar:1.10.2]
	at org.junit.platform.engine.support.hierarchical.ThrowableCollector.execute(ThrowableCollector.java:73) ~[junit-platform-engine-1.10.2.jar:1.10.2]
	at org.junit.platform.engine.support.hierarchical.NodeTestTask.executeRecursively(NodeTestTask.java:138) ~[junit-platform-engine-1.10.2.jar:1.10.2]
	at org.junit.platform.engine.support.hierarchical.NodeTestTask.execute(NodeTestTask.java:95) ~[junit-platform-engine-1.10.2.jar:1.10.2]
	at java.base/java.util.ArrayList.forEach(ArrayList.java:1511) ~[na:na]
	at org.junit.platform.engine.support.hierarchical.SameThreadHierarchicalTestExecutorService.invokeAll(SameThreadHierarchicalTestExecutorService.java:41) ~[junit-platform-engine-1.10.2.jar:1.10.2]
	at org.junit.platform.engine.support.hierarchical.NodeTestTask.lambda$executeRecursively$6(NodeTestTask.java:155) ~[junit-platform-engine-1.10.2.jar:1.10.2]
	at org.junit.platform.engine.support.hierarchical.ThrowableCollector.execute(ThrowableCollector.java:73) ~[junit-platform-engine-1.10.2.jar:1.10.2]
	at org.junit.platform.engine.support.hierarchical.NodeTestTask.lambda$executeRecursively$8(NodeTestTask.java:141) ~[junit-platform-engine-1.10.2.jar:1.10.2]
	at org.junit.platform.engine.support.hierarchical.Node.around(Node.java:137) ~[junit-platform-engine-1.10.2.jar:1.10.2]
	at org.junit.platform.engine.support.hierarchical.NodeTestTask.lambda$executeRecursively$9(NodeTestTask.java:139) ~[junit-platform-engine-1.10.2.jar:1.10.2]
	at org.junit.platform.engine.support.hierarchical.ThrowableCollector.execute(ThrowableCollector.java:73) ~[junit-platform-engine-1.10.2.jar:1.10.2]
	at org.junit.platform.engine.support.hierarchical.NodeTestTask.executeRecursively(NodeTestTask.java:138) ~[junit-platform-engine-1.10.2.jar:1.10.2]
	at org.junit.platform.engine.support.hierarchical.NodeTestTask.execute(NodeTestTask.java:95) ~[junit-platform-engine-1.10.2.jar:1.10.2]
	at org.junit.platform.engine.support.hierarchical.SameThreadHierarchicalTestExecutorService.submit(SameThreadHierarchicalTestExecutorService.java:35) ~[junit-platform-engine-1.10.2.jar:1.10.2]
	at org.junit.platform.engine.support.hierarchical.HierarchicalTestExecutor.execute(HierarchicalTestExecutor.java:57) ~[junit-platform-engine-1.10.2.jar:1.10.2]
	at org.junit.platform.engine.support.hierarchical.HierarchicalTestEngine.execute(HierarchicalTestEngine.java:54) ~[junit-platform-engine-1.10.2.jar:1.10.2]
	at org.junit.platform.launcher.core.EngineExecutionOrchestrator.execute(EngineExecutionOrchestrator.java:198) ~[junit-platform-launcher-1.10.2.jar:1.10.2]
	at org.junit.platform.launcher.core.EngineExecutionOrchestrator.execute(EngineExecutionOrchestrator.java:169) ~[junit-platform-launcher-1.10.2.jar:1.10.2]
	at org.junit.platform.launcher.core.EngineExecutionOrchestrator.execute(EngineExecutionOrchestrator.java:93) ~[junit-platform-launcher-1.10.2.jar:1.10.2]
	at org.junit.platform.launcher.core.EngineExecutionOrchestrator.lambda$execute$0(EngineExecutionOrchestrator.java:58) ~[junit-platform-launcher-1.10.2.jar:1.10.2]
	at org.junit.platform.launcher.core.EngineExecutionOrchestrator.withInterceptedStreams(EngineExecutionOrchestrator.java:141) ~[junit-platform-launcher-1.10.2.jar:1.10.2]
	at org.junit.platform.launcher.core.EngineExecutionOrchestrator.execute(EngineExecutionOrchestrator.java:57) ~[junit-platform-launcher-1.10.2.jar:1.10.2]
	at org.junit.platform.launcher.core.DefaultLauncher.execute(DefaultLauncher.java:103) ~[junit-platform-launcher-1.10.2.jar:1.10.2]
	at org.junit.platform.launcher.core.DefaultLauncher.execute(DefaultLauncher.java:85) ~[junit-platform-launcher-1.10.2.jar:1.10.2]
	at org.junit.platform.launcher.core.DelegatingLauncher.execute(DelegatingLauncher.java:47) ~[junit-platform-launcher-1.10.2.jar:1.10.2]
	at org.gradle.api.internal.tasks.testing.junitplatform.JUnitPlatformTestClassProcessor$CollectAllTestClassesExecutor.processAllTestClasses(JUnitPlatformTestClassProcessor.java:119) ~[na:na]
	at org.gradle.api.internal.tasks.testing.junitplatform.JUnitPlatformTestClassProcessor$CollectAllTestClassesExecutor.access$000(JUnitPlatformTestClassProcessor.java:94) ~[na:na]
	at org.gradle.api.internal.tasks.testing.junitplatform.JUnitPlatformTestClassProcessor.stop(JUnitPlatformTestClassProcessor.java:89) ~[na:na]
	at org.gradle.api.internal.tasks.testing.SuiteTestClassProcessor.stop(SuiteTestClassProcessor.java:62) ~[na:na]
	at java.base/jdk.internal.reflect.NativeMethodAccessorImpl.invoke0(Native Method) ~[na:na]
	at java.base/jdk.internal.reflect.NativeMethodAccessorImpl.invoke(NativeMethodAccessorImpl.java:77) ~[na:na]
	at java.base/jdk.internal.reflect.DelegatingMethodAccessorImpl.invoke(DelegatingMethodAccessorImpl.java:43) ~[na:na]
	at java.base/java.lang.reflect.Method.invoke(Method.java:568) ~[na:na]
	at org.gradle.internal.dispatch.ReflectionDispatch.dispatch(ReflectionDispatch.java:36) ~[na:na]
	at org.gradle.internal.dispatch.ReflectionDispatch.dispatch(ReflectionDispatch.java:24) ~[na:na]
	at org.gradle.internal.dispatch.ContextClassLoaderDispatch.dispatch(ContextClassLoaderDispatch.java:33) ~[na:na]
	at org.gradle.internal.dispatch.ProxyDispatchAdapter$DispatchingInvocationHandler.invoke(ProxyDispatchAdapter.java:94) ~[na:na]
	at jdk.proxy1/jdk.proxy1.$Proxy2.stop(Unknown Source) ~[na:na]
	at org.gradle.api.internal.tasks.testing.worker.TestWorker$3.run(TestWorker.java:193) ~[na:na]
	at org.gradle.api.internal.tasks.testing.worker.TestWorker.executeAndMaintainThreadName(TestWorker.java:129) ~[na:na]
	at org.gradle.api.internal.tasks.testing.worker.TestWorker.execute(TestWorker.java:100) ~[na:na]
	at org.gradle.api.internal.tasks.testing.worker.TestWorker.execute(TestWorker.java:60) ~[na:na]
	at org.gradle.process.internal.worker.child.ActionExecutionWorker.execute(ActionExecutionWorker.java:56) ~[na:na]
	at org.gradle.process.internal.worker.child.SystemApplicationClassLoaderWorker.call(SystemApplicationClassLoaderWorker.java:119) ~[na:na]
	at org.gradle.process.internal.worker.child.SystemApplicationClassLoaderWorker.call(SystemApplicationClassLoaderWorker.java:66) ~[na:na]
	at worker.org.gradle.process.internal.worker.GradleWorkerMain.run(GradleWorkerMain.java:69) ~[gradle-worker.jar:na]
	at worker.org.gradle.process.internal.worker.GradleWorkerMain.main(GradleWorkerMain.java:74) ~[gradle-worker.jar:na]

2024-11-18T12:45:51.264-04:00 DEBUG 24640 --- [examen2] [    Test worker] o.s.d.jpa.repository.query.NamedQuery    : Did not find named query Cita.findByPacienteAndFecha
2024-11-18T12:45:51.264-04:00 DEBUG 24640 --- [examen2] [    Test worker] tor$SharedEntityManagerInvocationHandler : Creating new EntityManager for shared EntityManager invocation
2024-11-18T12:45:51.266-04:00 DEBUG 24640 --- [examen2] [    Test worker] o.s.d.r.c.s.RepositoryFactorySupport     : Finished creation of repository instance for com.example.examen2.citas.repository.CitaRepository.
2024-11-18T12:45:51.267-04:00 DEBUG 24640 --- [examen2] [    Test worker] o.s.b.f.s.DefaultListableBeanFactory     : Creating shared instance of singleton bean 'citaController'
2024-11-18T12:45:51.272-04:00 DEBUG 24640 --- [examen2] [    Test worker] o.s.b.f.s.DefaultListableBeanFactory     : Creating shared instance of singleton bean 'citaService'
2024-11-18T12:45:51.273-04:00 DEBUG 24640 --- [examen2] [    Test worker] o.s.b.f.s.DefaultListableBeanFactory     : Creating shared instance of singleton bean 'horarioService'
2024-11-18T12:45:51.275-04:00 DEBUG 24640 --- [examen2] [    Test worker] o.s.b.f.s.DefaultListableBeanFactory     : Creating shared instance of singleton bean 'horarioRepository'
2024-11-18T12:45:51.277-04:00 DEBUG 24640 --- [examen2] [    Test worker] o.s.b.f.s.DefaultListableBeanFactory     : Creating shared instance of singleton bean 'jpa.named-queries#10'
2024-11-18T12:45:51.278-04:00 DEBUG 24640 --- [examen2] [    Test worker] o.s.b.f.s.DefaultListableBeanFactory     : Creating shared instance of singleton bean 'jpa.HorarioRepository.fragments#0'
2024-11-18T12:45:51.278-04:00 DEBUG 24640 --- [examen2] [    Test worker] tor$SharedEntityManagerInvocationHandler : Creating new EntityManager for shared EntityManager invocation
2024-11-18T12:45:51.279-04:00 DEBUG 24640 --- [examen2] [    Test worker] o.s.d.r.c.s.RepositoryFactorySupport     : Initializing repository instance for com.example.examen2.horarios.repository.HorarioRepository…
2024-11-18T12:45:51.279-04:00 DEBUG 24640 --- [examen2] [    Test worker] tor$SharedEntityManagerInvocationHandler : Creating new EntityManager for shared EntityManager invocation
2024-11-18T12:45:51.280-04:00 DEBUG 24640 --- [examen2] [    Test worker] o.s.d.jpa.repository.query.NamedQuery    : Looking up named query Horario.findByMedicoIdAndDia
2024-11-18T12:45:51.280-04:00 DEBUG 24640 --- [examen2] [    Test worker] cResourceLocalTransactionCoordinatorImpl : JDBC transaction marked for rollback-only (exception provided for stack trace)

java.lang.Exception: exception just for purpose of providing stack trace
	at org.hibernate.resource.transaction.backend.jdbc.internal.JdbcResourceLocalTransactionCoordinatorImpl$TransactionDriverControlImpl.markRollbackOnly(JdbcResourceLocalTransactionCoordinatorImpl.java:310) ~[hibernate-core-6.4.4.Final.jar:6.4.4.Final]
	at org.hibernate.internal.AbstractSharedSessionContract.buildNamedQuery(AbstractSharedSessionContract.java:1097) ~[hibernate-core-6.4.4.Final.jar:6.4.4.Final]
	at org.hibernate.internal.AbstractSharedSessionContract.createNamedQuery(AbstractSharedSessionContract.java:975) ~[hibernate-core-6.4.4.Final.jar:6.4.4.Final]
	at org.hibernate.internal.AbstractSharedSessionContract.createNamedQuery(AbstractSharedSessionContract.java:136) ~[hibernate-core-6.4.4.Final.jar:6.4.4.Final]
	at java.base/jdk.internal.reflect.NativeMethodAccessorImpl.invoke0(Native Method) ~[na:na]
	at java.base/jdk.internal.reflect.NativeMethodAccessorImpl.invoke(NativeMethodAccessorImpl.java:77) ~[na:na]
	at java.base/jdk.internal.reflect.DelegatingMethodAccessorImpl.invoke(DelegatingMethodAccessorImpl.java:43) ~[na:na]
	at java.base/java.lang.reflect.Method.invoke(Method.java:568) ~[na:na]
	at org.springframework.orm.jpa.ExtendedEntityManagerCreator$ExtendedEntityManagerInvocationHandler.invoke(ExtendedEntityManagerCreator.java:364) ~[spring-orm-6.1.6.jar:6.1.6]
	at jdk.proxy3/jdk.proxy3.$Proxy137.createNamedQuery(Unknown Source) ~[na:na]
	at org.springframework.data.jpa.repository.query.NamedQuery.hasNamedQuery(NamedQuery.java:113) ~[spring-data-jpa-3.2.5.jar:3.2.5]
	at org.springframework.data.jpa.repository.query.NamedQuery.lookupFrom(NamedQuery.java:141) ~[spring-data-jpa-3.2.5.jar:3.2.5]
	at org.springframework.data.jpa.repository.query.JpaQueryLookupStrategy$DeclaredQueryLookupStrategy.resolveQuery(JpaQueryLookupStrategy.java:180) ~[spring-data-jpa-3.2.5.jar:3.2.5]
	at org.springframework.data.jpa.repository.query.JpaQueryLookupStrategy$CreateIfNotFoundQueryLookupStrategy.resolveQuery(JpaQueryLookupStrategy.java:252) ~[spring-data-jpa-3.2.5.jar:3.2.5]
	at org.springframework.data.jpa.repository.query.JpaQueryLookupStrategy$AbstractQueryLookupStrategy.resolveQuery(JpaQueryLookupStrategy.java:95) ~[spring-data-jpa-3.2.5.jar:3.2.5]
	at org.springframework.data.repository.core.support.QueryExecutorMethodInterceptor.lookupQuery(QueryExecutorMethodInterceptor.java:111) ~[spring-data-commons-3.2.5.jar:3.2.5]
	at org.springframework.data.repository.core.support.QueryExecutorMethodInterceptor.mapMethodsToQuery(QueryExecutorMethodInterceptor.java:99) ~[spring-data-commons-3.2.5.jar:3.2.5]
	at org.springframework.data.repository.core.support.QueryExecutorMethodInterceptor.lambda$new$0(QueryExecutorMethodInterceptor.java:88) ~[spring-data-commons-3.2.5.jar:3.2.5]
	at java.base/java.util.Optional.map(Optional.java:260) ~[na:na]
	at org.springframework.data.repository.core.support.QueryExecutorMethodInterceptor.<init>(QueryExecutorMethodInterceptor.java:88) ~[spring-data-commons-3.2.5.jar:3.2.5]
	at org.springframework.data.repository.core.support.RepositoryFactorySupport.getRepository(RepositoryFactorySupport.java:357) ~[spring-data-commons-3.2.5.jar:3.2.5]
	at org.springframework.data.repository.core.support.RepositoryFactoryBeanSupport.lambda$afterPropertiesSet$5(RepositoryFactoryBeanSupport.java:279) ~[spring-data-commons-3.2.5.jar:3.2.5]
	at org.springframework.data.util.Lazy.getNullable(Lazy.java:135) ~[spring-data-commons-3.2.5.jar:3.2.5]
	at org.springframework.data.util.Lazy.get(Lazy.java:113) ~[spring-data-commons-3.2.5.jar:3.2.5]
	at org.springframework.data.repository.core.support.RepositoryFactoryBeanSupport.afterPropertiesSet(RepositoryFactoryBeanSupport.java:285) ~[spring-data-commons-3.2.5.jar:3.2.5]
	at org.springframework.data.jpa.repository.support.JpaRepositoryFactoryBean.afterPropertiesSet(JpaRepositoryFactoryBean.java:132) ~[spring-data-jpa-3.2.5.jar:3.2.5]
	at org.springframework.beans.factory.support.AbstractAutowireCapableBeanFactory.invokeInitMethods(AbstractAutowireCapableBeanFactory.java:1833) ~[spring-beans-6.1.6.jar:6.1.6]
	at org.springframework.beans.factory.support.AbstractAutowireCapableBeanFactory.initializeBean(AbstractAutowireCapableBeanFactory.java:1782) ~[spring-beans-6.1.6.jar:6.1.6]
	at org.springframework.beans.factory.support.AbstractAutowireCapableBeanFactory.doCreateBean(AbstractAutowireCapableBeanFactory.java:600) ~[spring-beans-6.1.6.jar:6.1.6]
	at org.springframework.beans.factory.support.AbstractAutowireCapableBeanFactory.createBean(AbstractAutowireCapableBeanFactory.java:522) ~[spring-beans-6.1.6.jar:6.1.6]
	at org.springframework.beans.factory.support.AbstractBeanFactory.lambda$doGetBean$0(AbstractBeanFactory.java:326) ~[spring-beans-6.1.6.jar:6.1.6]
	at org.springframework.beans.factory.support.DefaultSingletonBeanRegistry.getSingleton(DefaultSingletonBeanRegistry.java:234) ~[spring-beans-6.1.6.jar:6.1.6]
	at org.springframework.beans.factory.support.AbstractBeanFactory.doGetBean(AbstractBeanFactory.java:324) ~[spring-beans-6.1.6.jar:6.1.6]
	at org.springframework.beans.factory.support.AbstractBeanFactory.getBean(AbstractBeanFactory.java:200) ~[spring-beans-6.1.6.jar:6.1.6]
	at org.springframework.beans.factory.config.DependencyDescriptor.resolveCandidate(DependencyDescriptor.java:254) ~[spring-beans-6.1.6.jar:6.1.6]
	at org.springframework.beans.factory.support.DefaultListableBeanFactory.doResolveDependency(DefaultListableBeanFactory.java:1443) ~[spring-beans-6.1.6.jar:6.1.6]
	at org.springframework.beans.factory.support.DefaultListableBeanFactory.resolveDependency(DefaultListableBeanFactory.java:1353) ~[spring-beans-6.1.6.jar:6.1.6]
	at org.springframework.beans.factory.annotation.AutowiredAnnotationBeanPostProcessor$AutowiredFieldElement.resolveFieldValue(AutowiredAnnotationBeanPostProcessor.java:784) ~[spring-beans-6.1.6.jar:6.1.6]
	at org.springframework.beans.factory.annotation.AutowiredAnnotationBeanPostProcessor$AutowiredFieldElement.inject(AutowiredAnnotationBeanPostProcessor.java:767) ~[spring-beans-6.1.6.jar:6.1.6]
	at org.springframework.beans.factory.annotation.InjectionMetadata.inject(InjectionMetadata.java:145) ~[spring-beans-6.1.6.jar:6.1.6]
	at org.springframework.beans.factory.annotation.AutowiredAnnotationBeanPostProcessor.postProcessProperties(AutowiredAnnotationBeanPostProcessor.java:508) ~[spring-beans-6.1.6.jar:6.1.6]
	at org.springframework.beans.factory.support.AbstractAutowireCapableBeanFactory.populateBean(AbstractAutowireCapableBeanFactory.java:1419) ~[spring-beans-6.1.6.jar:6.1.6]
	at org.springframework.beans.factory.support.AbstractAutowireCapableBeanFactory.doCreateBean(AbstractAutowireCapableBeanFactory.java:599) ~[spring-beans-6.1.6.jar:6.1.6]
	at org.springframework.beans.factory.support.AbstractAutowireCapableBeanFactory.createBean(AbstractAutowireCapableBeanFactory.java:522) ~[spring-beans-6.1.6.jar:6.1.6]
	at org.springframework.beans.factory.support.AbstractBeanFactory.lambda$doGetBean$0(AbstractBeanFactory.java:326) ~[spring-beans-6.1.6.jar:6.1.6]
	at org.springframework.beans.factory.support.DefaultSingletonBeanRegistry.getSingleton(DefaultSingletonBeanRegistry.java:234) ~[spring-beans-6.1.6.jar:6.1.6]
	at org.springframework.beans.factory.support.AbstractBeanFactory.doGetBean(AbstractBeanFactory.java:324) ~[spring-beans-6.1.6.jar:6.1.6]
	at org.springframework.beans.factory.support.AbstractBeanFactory.getBean(AbstractBeanFactory.java:200) ~[spring-beans-6.1.6.jar:6.1.6]
	at org.springframework.beans.factory.config.DependencyDescriptor.resolveCandidate(DependencyDescriptor.java:254) ~[spring-beans-6.1.6.jar:6.1.6]
	at org.springframework.beans.factory.support.DefaultListableBeanFactory.doResolveDependency(DefaultListableBeanFactory.java:1443) ~[spring-beans-6.1.6.jar:6.1.6]
	at org.springframework.beans.factory.support.DefaultListableBeanFactory.resolveDependency(DefaultListableBeanFactory.java:1353) ~[spring-beans-6.1.6.jar:6.1.6]
	at org.springframework.beans.factory.annotation.AutowiredAnnotationBeanPostProcessor$AutowiredFieldElement.resolveFieldValue(AutowiredAnnotationBeanPostProcessor.java:784) ~[spring-beans-6.1.6.jar:6.1.6]
	at org.springframework.beans.factory.annotation.AutowiredAnnotationBeanPostProcessor$AutowiredFieldElement.inject(AutowiredAnnotationBeanPostProcessor.java:767) ~[spring-beans-6.1.6.jar:6.1.6]
	at org.springframework.beans.factory.annotation.InjectionMetadata.inject(InjectionMetadata.java:145) ~[spring-beans-6.1.6.jar:6.1.6]
	at org.springframework.beans.factory.annotation.AutowiredAnnotationBeanPostProcessor.postProcessProperties(AutowiredAnnotationBeanPostProcessor.java:508) ~[spring-beans-6.1.6.jar:6.1.6]
	at org.springframework.beans.factory.support.AbstractAutowireCapableBeanFactory.populateBean(AbstractAutowireCapableBeanFactory.java:1419) ~[spring-beans-6.1.6.jar:6.1.6]
	at org.springframework.beans.factory.support.AbstractAutowireCapableBeanFactory.doCreateBean(AbstractAutowireCapableBeanFactory.java:599) ~[spring-beans-6.1.6.jar:6.1.6]
	at org.springframework.beans.factory.support.AbstractAutowireCapableBeanFactory.createBean(AbstractAutowireCapableBeanFactory.java:522) ~[spring-beans-6.1.6.jar:6.1.6]
	at org.springframework.beans.factory.support.AbstractBeanFactory.lambda$doGetBean$0(AbstractBeanFactory.java:326) ~[spring-beans-6.1.6.jar:6.1.6]
	at org.springframework.beans.factory.support.DefaultSingletonBeanRegistry.getSingleton(DefaultSingletonBeanRegistry.java:234) ~[spring-beans-6.1.6.jar:6.1.6]
	at org.springframework.beans.factory.support.AbstractBeanFactory.doGetBean(AbstractBeanFactory.java:324) ~[spring-beans-6.1.6.jar:6.1.6]
	at org.springframework.beans.factory.support.AbstractBeanFactory.getBean(AbstractBeanFactory.java:200) ~[spring-beans-6.1.6.jar:6.1.6]
	at org.springframework.beans.factory.config.DependencyDescriptor.resolveCandidate(DependencyDescriptor.java:254) ~[spring-beans-6.1.6.jar:6.1.6]
	at org.springframework.beans.factory.support.DefaultListableBeanFactory.doResolveDependency(DefaultListableBeanFactory.java:1443) ~[spring-beans-6.1.6.jar:6.1.6]
	at org.springframework.beans.factory.support.DefaultListableBeanFactory.resolveDependency(DefaultListableBeanFactory.java:1353) ~[spring-beans-6.1.6.jar:6.1.6]
	at org.springframework.beans.factory.annotation.AutowiredAnnotationBeanPostProcessor$AutowiredFieldElement.resolveFieldValue(AutowiredAnnotationBeanPostProcessor.java:784) ~[spring-beans-6.1.6.jar:6.1.6]
	at org.springframework.beans.factory.annotation.AutowiredAnnotationBeanPostProcessor$AutowiredFieldElement.inject(AutowiredAnnotationBeanPostProcessor.java:767) ~[spring-beans-6.1.6.jar:6.1.6]
	at org.springframework.beans.factory.annotation.InjectionMetadata.inject(InjectionMetadata.java:145) ~[spring-beans-6.1.6.jar:6.1.6]
	at org.springframework.beans.factory.annotation.AutowiredAnnotationBeanPostProcessor.postProcessProperties(AutowiredAnnotationBeanPostProcessor.java:508) ~[spring-beans-6.1.6.jar:6.1.6]
	at org.springframework.beans.factory.support.AbstractAutowireCapableBeanFactory.populateBean(AbstractAutowireCapableBeanFactory.java:1419) ~[spring-beans-6.1.6.jar:6.1.6]
	at org.springframework.beans.factory.support.AbstractAutowireCapableBeanFactory.doCreateBean(AbstractAutowireCapableBeanFactory.java:599) ~[spring-beans-6.1.6.jar:6.1.6]
	at org.springframework.beans.factory.support.AbstractAutowireCapableBeanFactory.createBean(AbstractAutowireCapableBeanFactory.java:522) ~[spring-beans-6.1.6.jar:6.1.6]
	at org.springframework.beans.factory.support.AbstractBeanFactory.lambda$doGetBean$0(AbstractBeanFactory.java:326) ~[spring-beans-6.1.6.jar:6.1.6]
	at org.springframework.beans.factory.support.DefaultSingletonBeanRegistry.getSingleton(DefaultSingletonBeanRegistry.java:234) ~[spring-beans-6.1.6.jar:6.1.6]
	at org.springframework.beans.factory.support.AbstractBeanFactory.doGetBean(AbstractBeanFactory.java:324) ~[spring-beans-6.1.6.jar:6.1.6]
	at org.springframework.beans.factory.support.AbstractBeanFactory.getBean(AbstractBeanFactory.java:200) ~[spring-beans-6.1.6.jar:6.1.6]
	at org.springframework.beans.factory.support.DefaultListableBeanFactory.preInstantiateSingletons(DefaultListableBeanFactory.java:975) ~[spring-beans-6.1.6.jar:6.1.6]
	at org.springframework.context.support.AbstractApplicationContext.finishBeanFactoryInitialization(AbstractApplicationContext.java:962) ~[spring-context-6.1.6.jar:6.1.6]
	at org.springframework.context.support.AbstractApplicationContext.refresh(AbstractApplicationContext.java:624) ~[spring-context-6.1.6.jar:6.1.6]
	at org.springframework.boot.SpringApplication.refresh(SpringApplication.java:754) ~[spring-boot-3.2.5.jar:3.2.5]
	at org.springframework.boot.SpringApplication.refreshContext(SpringApplication.java:456) ~[spring-boot-3.2.5.jar:3.2.5]
	at org.springframework.boot.SpringApplication.run(SpringApplication.java:334) ~[spring-boot-3.2.5.jar:3.2.5]
	at org.springframework.boot.test.context.SpringBootContextLoader.lambda$loadContext$3(SpringBootContextLoader.java:137) ~[spring-boot-test-3.2.5.jar:3.2.5]
	at org.springframework.util.function.ThrowingSupplier.get(ThrowingSupplier.java:58) ~[spring-core-6.1.6.jar:6.1.6]
	at org.springframework.util.function.ThrowingSupplier.get(ThrowingSupplier.java:46) ~[spring-core-6.1.6.jar:6.1.6]
	at org.springframework.boot.SpringApplication.withHook(SpringApplication.java:1454) ~[spring-boot-3.2.5.jar:3.2.5]
	at org.springframework.boot.test.context.SpringBootContextLoader$ContextLoaderHook.run(SpringBootContextLoader.java:553) ~[spring-boot-test-3.2.5.jar:3.2.5]
	at org.springframework.boot.test.context.SpringBootContextLoader.loadContext(SpringBootContextLoader.java:137) ~[spring-boot-test-3.2.5.jar:3.2.5]
	at org.springframework.boot.test.context.SpringBootContextLoader.loadContext(SpringBootContextLoader.java:108) ~[spring-boot-test-3.2.5.jar:3.2.5]
	at org.springframework.test.context.cache.DefaultCacheAwareContextLoaderDelegate.loadContextInternal(DefaultCacheAwareContextLoaderDelegate.java:225) ~[spring-test-6.1.6.jar:6.1.6]
	at org.springframework.test.context.cache.DefaultCacheAwareContextLoaderDelegate.loadContext(DefaultCacheAwareContextLoaderDelegate.java:152) ~[spring-test-6.1.6.jar:6.1.6]
	at org.springframework.test.context.support.DefaultTestContext.getApplicationContext(DefaultTestContext.java:130) ~[spring-test-6.1.6.jar:6.1.6]
	at org.springframework.test.context.web.ServletTestExecutionListener.setUpRequestContextIfNecessary(ServletTestExecutionListener.java:191) ~[spring-test-6.1.6.jar:6.1.6]
	at org.springframework.test.context.web.ServletTestExecutionListener.prepareTestInstance(ServletTestExecutionListener.java:130) ~[spring-test-6.1.6.jar:6.1.6]
	at org.springframework.test.context.TestContextManager.prepareTestInstance(TestContextManager.java:260) ~[spring-test-6.1.6.jar:6.1.6]
	at org.springframework.test.context.junit.jupiter.SpringExtension.postProcessTestInstance(SpringExtension.java:163) ~[spring-test-6.1.6.jar:6.1.6]
	at org.junit.jupiter.engine.descriptor.ClassBasedTestDescriptor.lambda$invokeTestInstancePostProcessors$10(ClassBasedTestDescriptor.java:378) ~[junit-jupiter-engine-5.10.2.jar:5.10.2]
	at org.junit.jupiter.engine.descriptor.ClassBasedTestDescriptor.executeAndMaskThrowable(ClassBasedTestDescriptor.java:383) ~[junit-jupiter-engine-5.10.2.jar:5.10.2]
	at org.junit.jupiter.engine.descriptor.ClassBasedTestDescriptor.lambda$invokeTestInstancePostProcessors$11(ClassBasedTestDescriptor.java:378) ~[junit-jupiter-engine-5.10.2.jar:5.10.2]
	at java.base/java.util.stream.ReferencePipeline$3$1.accept(ReferencePipeline.java:197) ~[na:na]
	at java.base/java.util.stream.ReferencePipeline$2$1.accept(ReferencePipeline.java:179) ~[na:na]
	at java.base/java.util.ArrayList$ArrayListSpliterator.forEachRemaining(ArrayList.java:1625) ~[na:na]
	at java.base/java.util.stream.AbstractPipeline.copyInto(AbstractPipeline.java:509) ~[na:na]
	at java.base/java.util.stream.AbstractPipeline.wrapAndCopyInto(AbstractPipeline.java:499) ~[na:na]
	at java.base/java.util.stream.StreamSpliterators$WrappingSpliterator.forEachRemaining(StreamSpliterators.java:310) ~[na:na]
	at java.base/java.util.stream.Streams$ConcatSpliterator.forEachRemaining(Streams.java:735) ~[na:na]
	at java.base/java.util.stream.Streams$ConcatSpliterator.forEachRemaining(Streams.java:734) ~[na:na]
	at java.base/java.util.stream.ReferencePipeline$Head.forEach(ReferencePipeline.java:762) ~[na:na]
	at org.junit.jupiter.engine.descriptor.ClassBasedTestDescriptor.invokeTestInstancePostProcessors(ClassBasedTestDescriptor.java:377) ~[junit-jupiter-engine-5.10.2.jar:5.10.2]
	at org.junit.jupiter.engine.descriptor.ClassBasedTestDescriptor.lambda$instantiateAndPostProcessTestInstance$6(ClassBasedTestDescriptor.java:290) ~[junit-jupiter-engine-5.10.2.jar:5.10.2]
	at org.junit.platform.engine.support.hierarchical.ThrowableCollector.execute(ThrowableCollector.java:73) ~[junit-platform-engine-1.10.2.jar:1.10.2]
	at org.junit.jupiter.engine.descriptor.ClassBasedTestDescriptor.instantiateAndPostProcessTestInstance(ClassBasedTestDescriptor.java:289) ~[junit-jupiter-engine-5.10.2.jar:5.10.2]
	at org.junit.jupiter.engine.descriptor.ClassBasedTestDescriptor.lambda$testInstancesProvider$4(ClassBasedTestDescriptor.java:279) ~[junit-jupiter-engine-5.10.2.jar:5.10.2]
	at java.base/java.util.Optional.orElseGet(Optional.java:364) ~[na:na]
	at org.junit.jupiter.engine.descriptor.ClassBasedTestDescriptor.lambda$testInstancesProvider$5(ClassBasedTestDescriptor.java:278) ~[junit-jupiter-engine-5.10.2.jar:5.10.2]
	at org.junit.jupiter.engine.execution.TestInstancesProvider.getTestInstances(TestInstancesProvider.java:31) ~[junit-jupiter-engine-5.10.2.jar:5.10.2]
	at org.junit.jupiter.engine.descriptor.TestMethodTestDescriptor.lambda$prepare$0(TestMethodTestDescriptor.java:106) ~[junit-jupiter-engine-5.10.2.jar:5.10.2]
	at org.junit.platform.engine.support.hierarchical.ThrowableCollector.execute(ThrowableCollector.java:73) ~[junit-platform-engine-1.10.2.jar:1.10.2]
	at org.junit.jupiter.engine.descriptor.TestMethodTestDescriptor.prepare(TestMethodTestDescriptor.java:105) ~[junit-jupiter-engine-5.10.2.jar:5.10.2]
	at org.junit.jupiter.engine.descriptor.TestMethodTestDescriptor.prepare(TestMethodTestDescriptor.java:69) ~[junit-jupiter-engine-5.10.2.jar:5.10.2]
	at org.junit.platform.engine.support.hierarchical.NodeTestTask.lambda$prepare$2(NodeTestTask.java:123) ~[junit-platform-engine-1.10.2.jar:1.10.2]
	at org.junit.platform.engine.support.hierarchical.ThrowableCollector.execute(ThrowableCollector.java:73) ~[junit-platform-engine-1.10.2.jar:1.10.2]
	at org.junit.platform.engine.support.hierarchical.NodeTestTask.prepare(NodeTestTask.java:123) ~[junit-platform-engine-1.10.2.jar:1.10.2]
	at org.junit.platform.engine.support.hierarchical.NodeTestTask.execute(NodeTestTask.java:90) ~[junit-platform-engine-1.10.2.jar:1.10.2]
	at java.base/java.util.ArrayList.forEach(ArrayList.java:1511) ~[na:na]
	at org.junit.platform.engine.support.hierarchical.SameThreadHierarchicalTestExecutorService.invokeAll(SameThreadHierarchicalTestExecutorService.java:41) ~[junit-platform-engine-1.10.2.jar:1.10.2]
	at org.junit.platform.engine.support.hierarchical.NodeTestTask.lambda$executeRecursively$6(NodeTestTask.java:155) ~[junit-platform-engine-1.10.2.jar:1.10.2]
	at org.junit.platform.engine.support.hierarchical.ThrowableCollector.execute(ThrowableCollector.java:73) ~[junit-platform-engine-1.10.2.jar:1.10.2]
	at org.junit.platform.engine.support.hierarchical.NodeTestTask.lambda$executeRecursively$8(NodeTestTask.java:141) ~[junit-platform-engine-1.10.2.jar:1.10.2]
	at org.junit.platform.engine.support.hierarchical.Node.around(Node.java:137) ~[junit-platform-engine-1.10.2.jar:1.10.2]
	at org.junit.platform.engine.support.hierarchical.NodeTestTask.lambda$executeRecursively$9(NodeTestTask.java:139) ~[junit-platform-engine-1.10.2.jar:1.10.2]
	at org.junit.platform.engine.support.hierarchical.ThrowableCollector.execute(ThrowableCollector.java:73) ~[junit-platform-engine-1.10.2.jar:1.10.2]
	at org.junit.platform.engine.support.hierarchical.NodeTestTask.executeRecursively(NodeTestTask.java:138) ~[junit-platform-engine-1.10.2.jar:1.10.2]
	at org.junit.platform.engine.support.hierarchical.NodeTestTask.execute(NodeTestTask.java:95) ~[junit-platform-engine-1.10.2.jar:1.10.2]
	at java.base/java.util.ArrayList.forEach(ArrayList.java:1511) ~[na:na]
	at org.junit.platform.engine.support.hierarchical.SameThreadHierarchicalTestExecutorService.invokeAll(SameThreadHierarchicalTestExecutorService.java:41) ~[junit-platform-engine-1.10.2.jar:1.10.2]
	at org.junit.platform.engine.support.hierarchical.NodeTestTask.lambda$executeRecursively$6(NodeTestTask.java:155) ~[junit-platform-engine-1.10.2.jar:1.10.2]
	at org.junit.platform.engine.support.hierarchical.ThrowableCollector.execute(ThrowableCollector.java:73) ~[junit-platform-engine-1.10.2.jar:1.10.2]
	at org.junit.platform.engine.support.hierarchical.NodeTestTask.lambda$executeRecursively$8(NodeTestTask.java:141) ~[junit-platform-engine-1.10.2.jar:1.10.2]
	at org.junit.platform.engine.support.hierarchical.Node.around(Node.java:137) ~[junit-platform-engine-1.10.2.jar:1.10.2]
	at org.junit.platform.engine.support.hierarchical.NodeTestTask.lambda$executeRecursively$9(NodeTestTask.java:139) ~[junit-platform-engine-1.10.2.jar:1.10.2]
	at org.junit.platform.engine.support.hierarchical.ThrowableCollector.execute(ThrowableCollector.java:73) ~[junit-platform-engine-1.10.2.jar:1.10.2]
	at org.junit.platform.engine.support.hierarchical.NodeTestTask.executeRecursively(NodeTestTask.java:138) ~[junit-platform-engine-1.10.2.jar:1.10.2]
	at org.junit.platform.engine.support.hierarchical.NodeTestTask.execute(NodeTestTask.java:95) ~[junit-platform-engine-1.10.2.jar:1.10.2]
	at org.junit.platform.engine.support.hierarchical.SameThreadHierarchicalTestExecutorService.submit(SameThreadHierarchicalTestExecutorService.java:35) ~[junit-platform-engine-1.10.2.jar:1.10.2]
	at org.junit.platform.engine.support.hierarchical.HierarchicalTestExecutor.execute(HierarchicalTestExecutor.java:57) ~[junit-platform-engine-1.10.2.jar:1.10.2]
	at org.junit.platform.engine.support.hierarchical.HierarchicalTestEngine.execute(HierarchicalTestEngine.java:54) ~[junit-platform-engine-1.10.2.jar:1.10.2]
	at org.junit.platform.launcher.core.EngineExecutionOrchestrator.execute(EngineExecutionOrchestrator.java:198) ~[junit-platform-launcher-1.10.2.jar:1.10.2]
	at org.junit.platform.launcher.core.EngineExecutionOrchestrator.execute(EngineExecutionOrchestrator.java:169) ~[junit-platform-launcher-1.10.2.jar:1.10.2]
	at org.junit.platform.launcher.core.EngineExecutionOrchestrator.execute(EngineExecutionOrchestrator.java:93) ~[junit-platform-launcher-1.10.2.jar:1.10.2]
	at org.junit.platform.launcher.core.EngineExecutionOrchestrator.lambda$execute$0(EngineExecutionOrchestrator.java:58) ~[junit-platform-launcher-1.10.2.jar:1.10.2]
	at org.junit.platform.launcher.core.EngineExecutionOrchestrator.withInterceptedStreams(EngineExecutionOrchestrator.java:141) ~[junit-platform-launcher-1.10.2.jar:1.10.2]
	at org.junit.platform.launcher.core.EngineExecutionOrchestrator.execute(EngineExecutionOrchestrator.java:57) ~[junit-platform-launcher-1.10.2.jar:1.10.2]
	at org.junit.platform.launcher.core.DefaultLauncher.execute(DefaultLauncher.java:103) ~[junit-platform-launcher-1.10.2.jar:1.10.2]
	at org.junit.platform.launcher.core.DefaultLauncher.execute(DefaultLauncher.java:85) ~[junit-platform-launcher-1.10.2.jar:1.10.2]
	at org.junit.platform.launcher.core.DelegatingLauncher.execute(DelegatingLauncher.java:47) ~[junit-platform-launcher-1.10.2.jar:1.10.2]
	at org.gradle.api.internal.tasks.testing.junitplatform.JUnitPlatformTestClassProcessor$CollectAllTestClassesExecutor.processAllTestClasses(JUnitPlatformTestClassProcessor.java:119) ~[na:na]
	at org.gradle.api.internal.tasks.testing.junitplatform.JUnitPlatformTestClassProcessor$CollectAllTestClassesExecutor.access$000(JUnitPlatformTestClassProcessor.java:94) ~[na:na]
	at org.gradle.api.internal.tasks.testing.junitplatform.JUnitPlatformTestClassProcessor.stop(JUnitPlatformTestClassProcessor.java:89) ~[na:na]
	at org.gradle.api.internal.tasks.testing.SuiteTestClassProcessor.stop(SuiteTestClassProcessor.java:62) ~[na:na]
	at java.base/jdk.internal.reflect.NativeMethodAccessorImpl.invoke0(Native Method) ~[na:na]
	at java.base/jdk.internal.reflect.NativeMethodAccessorImpl.invoke(NativeMethodAccessorImpl.java:77) ~[na:na]
	at java.base/jdk.internal.reflect.DelegatingMethodAccessorImpl.invoke(DelegatingMethodAccessorImpl.java:43) ~[na:na]
	at java.base/java.lang.reflect.Method.invoke(Method.java:568) ~[na:na]
	at org.gradle.internal.dispatch.ReflectionDispatch.dispatch(ReflectionDispatch.java:36) ~[na:na]
	at org.gradle.internal.dispatch.ReflectionDispatch.dispatch(ReflectionDispatch.java:24) ~[na:na]
	at org.gradle.internal.dispatch.ContextClassLoaderDispatch.dispatch(ContextClassLoaderDispatch.java:33) ~[na:na]
	at org.gradle.internal.dispatch.ProxyDispatchAdapter$DispatchingInvocationHandler.invoke(ProxyDispatchAdapter.java:94) ~[na:na]
	at jdk.proxy1/jdk.proxy1.$Proxy2.stop(Unknown Source) ~[na:na]
	at org.gradle.api.internal.tasks.testing.worker.TestWorker$3.run(TestWorker.java:193) ~[na:na]
	at org.gradle.api.internal.tasks.testing.worker.TestWorker.executeAndMaintainThreadName(TestWorker.java:129) ~[na:na]
	at org.gradle.api.internal.tasks.testing.worker.TestWorker.execute(TestWorker.java:100) ~[na:na]
	at org.gradle.api.internal.tasks.testing.worker.TestWorker.execute(TestWorker.java:60) ~[na:na]
	at org.gradle.process.internal.worker.child.ActionExecutionWorker.execute(ActionExecutionWorker.java:56) ~[na:na]
	at org.gradle.process.internal.worker.child.SystemApplicationClassLoaderWorker.call(SystemApplicationClassLoaderWorker.java:119) ~[na:na]
	at org.gradle.process.internal.worker.child.SystemApplicationClassLoaderWorker.call(SystemApplicationClassLoaderWorker.java:66) ~[na:na]
	at worker.org.gradle.process.internal.worker.GradleWorkerMain.run(GradleWorkerMain.java:69) ~[gradle-worker.jar:na]
	at worker.org.gradle.process.internal.worker.GradleWorkerMain.main(GradleWorkerMain.java:74) ~[gradle-worker.jar:na]

2024-11-18T12:45:51.285-04:00 DEBUG 24640 --- [examen2] [    Test worker] o.s.d.jpa.repository.query.NamedQuery    : Did not find named query Horario.findByMedicoIdAndDia
2024-11-18T12:45:51.286-04:00 DEBUG 24640 --- [examen2] [    Test worker] tor$SharedEntityManagerInvocationHandler : Creating new EntityManager for shared EntityManager invocation
2024-11-18T12:45:51.287-04:00 DEBUG 24640 --- [examen2] [    Test worker] o.s.d.jpa.repository.query.NamedQuery    : Looking up named query Horario.findByMedicoId
2024-11-18T12:45:51.287-04:00 DEBUG 24640 --- [examen2] [    Test worker] cResourceLocalTransactionCoordinatorImpl : JDBC transaction marked for rollback-only (exception provided for stack trace)

java.lang.Exception: exception just for purpose of providing stack trace
	at org.hibernate.resource.transaction.backend.jdbc.internal.JdbcResourceLocalTransactionCoordinatorImpl$TransactionDriverControlImpl.markRollbackOnly(JdbcResourceLocalTransactionCoordinatorImpl.java:310) ~[hibernate-core-6.4.4.Final.jar:6.4.4.Final]
	at org.hibernate.internal.AbstractSharedSessionContract.buildNamedQuery(AbstractSharedSessionContract.java:1097) ~[hibernate-core-6.4.4.Final.jar:6.4.4.Final]
	at org.hibernate.internal.AbstractSharedSessionContract.createNamedQuery(AbstractSharedSessionContract.java:975) ~[hibernate-core-6.4.4.Final.jar:6.4.4.Final]
	at org.hibernate.internal.AbstractSharedSessionContract.createNamedQuery(AbstractSharedSessionContract.java:136) ~[hibernate-core-6.4.4.Final.jar:6.4.4.Final]
	at jdk.internal.reflect.GeneratedMethodAccessor31.invoke(Unknown Source) ~[na:na]
	at java.base/jdk.internal.reflect.DelegatingMethodAccessorImpl.invoke(DelegatingMethodAccessorImpl.java:43) ~[na:na]
	at java.base/java.lang.reflect.Method.invoke(Method.java:568) ~[na:na]
	at org.springframework.orm.jpa.ExtendedEntityManagerCreator$ExtendedEntityManagerInvocationHandler.invoke(ExtendedEntityManagerCreator.java:364) ~[spring-orm-6.1.6.jar:6.1.6]
	at jdk.proxy3/jdk.proxy3.$Proxy137.createNamedQuery(Unknown Source) ~[na:na]
	at org.springframework.data.jpa.repository.query.NamedQuery.hasNamedQuery(NamedQuery.java:113) ~[spring-data-jpa-3.2.5.jar:3.2.5]
	at org.springframework.data.jpa.repository.query.NamedQuery.lookupFrom(NamedQuery.java:141) ~[spring-data-jpa-3.2.5.jar:3.2.5]
	at org.springframework.data.jpa.repository.query.JpaQueryLookupStrategy$DeclaredQueryLookupStrategy.resolveQuery(JpaQueryLookupStrategy.java:180) ~[spring-data-jpa-3.2.5.jar:3.2.5]
	at org.springframework.data.jpa.repository.query.JpaQueryLookupStrategy$CreateIfNotFoundQueryLookupStrategy.resolveQuery(JpaQueryLookupStrategy.java:252) ~[spring-data-jpa-3.2.5.jar:3.2.5]
	at org.springframework.data.jpa.repository.query.JpaQueryLookupStrategy$AbstractQueryLookupStrategy.resolveQuery(JpaQueryLookupStrategy.java:95) ~[spring-data-jpa-3.2.5.jar:3.2.5]
	at org.springframework.data.repository.core.support.QueryExecutorMethodInterceptor.lookupQuery(QueryExecutorMethodInterceptor.java:111) ~[spring-data-commons-3.2.5.jar:3.2.5]
	at org.springframework.data.repository.core.support.QueryExecutorMethodInterceptor.mapMethodsToQuery(QueryExecutorMethodInterceptor.java:99) ~[spring-data-commons-3.2.5.jar:3.2.5]
	at org.springframework.data.repository.core.support.QueryExecutorMethodInterceptor.lambda$new$0(QueryExecutorMethodInterceptor.java:88) ~[spring-data-commons-3.2.5.jar:3.2.5]
	at java.base/java.util.Optional.map(Optional.java:260) ~[na:na]
	at org.springframework.data.repository.core.support.QueryExecutorMethodInterceptor.<init>(QueryExecutorMethodInterceptor.java:88) ~[spring-data-commons-3.2.5.jar:3.2.5]
	at org.springframework.data.repository.core.support.RepositoryFactorySupport.getRepository(RepositoryFactorySupport.java:357) ~[spring-data-commons-3.2.5.jar:3.2.5]
	at org.springframework.data.repository.core.support.RepositoryFactoryBeanSupport.lambda$afterPropertiesSet$5(RepositoryFactoryBeanSupport.java:279) ~[spring-data-commons-3.2.5.jar:3.2.5]
	at org.springframework.data.util.Lazy.getNullable(Lazy.java:135) ~[spring-data-commons-3.2.5.jar:3.2.5]
	at org.springframework.data.util.Lazy.get(Lazy.java:113) ~[spring-data-commons-3.2.5.jar:3.2.5]
	at org.springframework.data.repository.core.support.RepositoryFactoryBeanSupport.afterPropertiesSet(RepositoryFactoryBeanSupport.java:285) ~[spring-data-commons-3.2.5.jar:3.2.5]
	at org.springframework.data.jpa.repository.support.JpaRepositoryFactoryBean.afterPropertiesSet(JpaRepositoryFactoryBean.java:132) ~[spring-data-jpa-3.2.5.jar:3.2.5]
	at org.springframework.beans.factory.support.AbstractAutowireCapableBeanFactory.invokeInitMethods(AbstractAutowireCapableBeanFactory.java:1833) ~[spring-beans-6.1.6.jar:6.1.6]
	at org.springframework.beans.factory.support.AbstractAutowireCapableBeanFactory.initializeBean(AbstractAutowireCapableBeanFactory.java:1782) ~[spring-beans-6.1.6.jar:6.1.6]
	at org.springframework.beans.factory.support.AbstractAutowireCapableBeanFactory.doCreateBean(AbstractAutowireCapableBeanFactory.java:600) ~[spring-beans-6.1.6.jar:6.1.6]
	at org.springframework.beans.factory.support.AbstractAutowireCapableBeanFactory.createBean(AbstractAutowireCapableBeanFactory.java:522) ~[spring-beans-6.1.6.jar:6.1.6]
	at org.springframework.beans.factory.support.AbstractBeanFactory.lambda$doGetBean$0(AbstractBeanFactory.java:326) ~[spring-beans-6.1.6.jar:6.1.6]
	at org.springframework.beans.factory.support.DefaultSingletonBeanRegistry.getSingleton(DefaultSingletonBeanRegistry.java:234) ~[spring-beans-6.1.6.jar:6.1.6]
	at org.springframework.beans.factory.support.AbstractBeanFactory.doGetBean(AbstractBeanFactory.java:324) ~[spring-beans-6.1.6.jar:6.1.6]
	at org.springframework.beans.factory.support.AbstractBeanFactory.getBean(AbstractBeanFactory.java:200) ~[spring-beans-6.1.6.jar:6.1.6]
	at org.springframework.beans.factory.config.DependencyDescriptor.resolveCandidate(DependencyDescriptor.java:254) ~[spring-beans-6.1.6.jar:6.1.6]
	at org.springframework.beans.factory.support.DefaultListableBeanFactory.doResolveDependency(DefaultListableBeanFactory.java:1443) ~[spring-beans-6.1.6.jar:6.1.6]
	at org.springframework.beans.factory.support.DefaultListableBeanFactory.resolveDependency(DefaultListableBeanFactory.java:1353) ~[spring-beans-6.1.6.jar:6.1.6]
	at org.springframework.beans.factory.annotation.AutowiredAnnotationBeanPostProcessor$AutowiredFieldElement.resolveFieldValue(AutowiredAnnotationBeanPostProcessor.java:784) ~[spring-beans-6.1.6.jar:6.1.6]
	at org.springframework.beans.factory.annotation.AutowiredAnnotationBeanPostProcessor$AutowiredFieldElement.inject(AutowiredAnnotationBeanPostProcessor.java:767) ~[spring-beans-6.1.6.jar:6.1.6]
	at org.springframework.beans.factory.annotation.InjectionMetadata.inject(InjectionMetadata.java:145) ~[spring-beans-6.1.6.jar:6.1.6]
	at org.springframework.beans.factory.annotation.AutowiredAnnotationBeanPostProcessor.postProcessProperties(AutowiredAnnotationBeanPostProcessor.java:508) ~[spring-beans-6.1.6.jar:6.1.6]
	at org.springframework.beans.factory.support.AbstractAutowireCapableBeanFactory.populateBean(AbstractAutowireCapableBeanFactory.java:1419) ~[spring-beans-6.1.6.jar:6.1.6]
	at org.springframework.beans.factory.support.AbstractAutowireCapableBeanFactory.doCreateBean(AbstractAutowireCapableBeanFactory.java:599) ~[spring-beans-6.1.6.jar:6.1.6]
	at org.springframework.beans.factory.support.AbstractAutowireCapableBeanFactory.createBean(AbstractAutowireCapableBeanFactory.java:522) ~[spring-beans-6.1.6.jar:6.1.6]
	at org.springframework.beans.factory.support.AbstractBeanFactory.lambda$doGetBean$0(AbstractBeanFactory.java:326) ~[spring-beans-6.1.6.jar:6.1.6]
	at org.springframework.beans.factory.support.DefaultSingletonBeanRegistry.getSingleton(DefaultSingletonBeanRegistry.java:234) ~[spring-beans-6.1.6.jar:6.1.6]
	at org.springframework.beans.factory.support.AbstractBeanFactory.doGetBean(AbstractBeanFactory.java:324) ~[spring-beans-6.1.6.jar:6.1.6]
	at org.springframework.beans.factory.support.AbstractBeanFactory.getBean(AbstractBeanFactory.java:200) ~[spring-beans-6.1.6.jar:6.1.6]
	at org.springframework.beans.factory.config.DependencyDescriptor.resolveCandidate(DependencyDescriptor.java:254) ~[spring-beans-6.1.6.jar:6.1.6]
	at org.springframework.beans.factory.support.DefaultListableBeanFactory.doResolveDependency(DefaultListableBeanFactory.java:1443) ~[spring-beans-6.1.6.jar:6.1.6]
	at org.springframework.beans.factory.support.DefaultListableBeanFactory.resolveDependency(DefaultListableBeanFactory.java:1353) ~[spring-beans-6.1.6.jar:6.1.6]
	at org.springframework.beans.factory.annotation.AutowiredAnnotationBeanPostProcessor$AutowiredFieldElement.resolveFieldValue(AutowiredAnnotationBeanPostProcessor.java:784) ~[spring-beans-6.1.6.jar:6.1.6]
	at org.springframework.beans.factory.annotation.AutowiredAnnotationBeanPostProcessor$AutowiredFieldElement.inject(AutowiredAnnotationBeanPostProcessor.java:767) ~[spring-beans-6.1.6.jar:6.1.6]
	at org.springframework.beans.factory.annotation.InjectionMetadata.inject(InjectionMetadata.java:145) ~[spring-beans-6.1.6.jar:6.1.6]
	at org.springframework.beans.factory.annotation.AutowiredAnnotationBeanPostProcessor.postProcessProperties(AutowiredAnnotationBeanPostProcessor.java:508) ~[spring-beans-6.1.6.jar:6.1.6]
	at org.springframework.beans.factory.support.AbstractAutowireCapableBeanFactory.populateBean(AbstractAutowireCapableBeanFactory.java:1419) ~[spring-beans-6.1.6.jar:6.1.6]
	at org.springframework.beans.factory.support.AbstractAutowireCapableBeanFactory.doCreateBean(AbstractAutowireCapableBeanFactory.java:599) ~[spring-beans-6.1.6.jar:6.1.6]
	at org.springframework.beans.factory.support.AbstractAutowireCapableBeanFactory.createBean(AbstractAutowireCapableBeanFactory.java:522) ~[spring-beans-6.1.6.jar:6.1.6]
	at org.springframework.beans.factory.support.AbstractBeanFactory.lambda$doGetBean$0(AbstractBeanFactory.java:326) ~[spring-beans-6.1.6.jar:6.1.6]
	at org.springframework.beans.factory.support.DefaultSingletonBeanRegistry.getSingleton(DefaultSingletonBeanRegistry.java:234) ~[spring-beans-6.1.6.jar:6.1.6]
	at org.springframework.beans.factory.support.AbstractBeanFactory.doGetBean(AbstractBeanFactory.java:324) ~[spring-beans-6.1.6.jar:6.1.6]
	at org.springframework.beans.factory.support.AbstractBeanFactory.getBean(AbstractBeanFactory.java:200) ~[spring-beans-6.1.6.jar:6.1.6]
	at org.springframework.beans.factory.config.DependencyDescriptor.resolveCandidate(DependencyDescriptor.java:254) ~[spring-beans-6.1.6.jar:6.1.6]
	at org.springframework.beans.factory.support.DefaultListableBeanFactory.doResolveDependency(DefaultListableBeanFactory.java:1443) ~[spring-beans-6.1.6.jar:6.1.6]
	at org.springframework.beans.factory.support.DefaultListableBeanFactory.resolveDependency(DefaultListableBeanFactory.java:1353) ~[spring-beans-6.1.6.jar:6.1.6]
	at org.springframework.beans.factory.annotation.AutowiredAnnotationBeanPostProcessor$AutowiredFieldElement.resolveFieldValue(AutowiredAnnotationBeanPostProcessor.java:784) ~[spring-beans-6.1.6.jar:6.1.6]
	at org.springframework.beans.factory.annotation.AutowiredAnnotationBeanPostProcessor$AutowiredFieldElement.inject(AutowiredAnnotationBeanPostProcessor.java:767) ~[spring-beans-6.1.6.jar:6.1.6]
	at org.springframework.beans.factory.annotation.InjectionMetadata.inject(InjectionMetadata.java:145) ~[spring-beans-6.1.6.jar:6.1.6]
	at org.springframework.beans.factory.annotation.AutowiredAnnotationBeanPostProcessor.postProcessProperties(AutowiredAnnotationBeanPostProcessor.java:508) ~[spring-beans-6.1.6.jar:6.1.6]
	at org.springframework.beans.factory.support.AbstractAutowireCapableBeanFactory.populateBean(AbstractAutowireCapableBeanFactory.java:1419) ~[spring-beans-6.1.6.jar:6.1.6]
	at org.springframework.beans.factory.support.AbstractAutowireCapableBeanFactory.doCreateBean(AbstractAutowireCapableBeanFactory.java:599) ~[spring-beans-6.1.6.jar:6.1.6]
	at org.springframework.beans.factory.support.AbstractAutowireCapableBeanFactory.createBean(AbstractAutowireCapableBeanFactory.java:522) ~[spring-beans-6.1.6.jar:6.1.6]
	at org.springframework.beans.factory.support.AbstractBeanFactory.lambda$doGetBean$0(AbstractBeanFactory.java:326) ~[spring-beans-6.1.6.jar:6.1.6]
	at org.springframework.beans.factory.support.DefaultSingletonBeanRegistry.getSingleton(DefaultSingletonBeanRegistry.java:234) ~[spring-beans-6.1.6.jar:6.1.6]
	at org.springframework.beans.factory.support.AbstractBeanFactory.doGetBean(AbstractBeanFactory.java:324) ~[spring-beans-6.1.6.jar:6.1.6]
	at org.springframework.beans.factory.support.AbstractBeanFactory.getBean(AbstractBeanFactory.java:200) ~[spring-beans-6.1.6.jar:6.1.6]
	at org.springframework.beans.factory.support.DefaultListableBeanFactory.preInstantiateSingletons(DefaultListableBeanFactory.java:975) ~[spring-beans-6.1.6.jar:6.1.6]
	at org.springframework.context.support.AbstractApplicationContext.finishBeanFactoryInitialization(AbstractApplicationContext.java:962) ~[spring-context-6.1.6.jar:6.1.6]
	at org.springframework.context.support.AbstractApplicationContext.refresh(AbstractApplicationContext.java:624) ~[spring-context-6.1.6.jar:6.1.6]
	at org.springframework.boot.SpringApplication.refresh(SpringApplication.java:754) ~[spring-boot-3.2.5.jar:3.2.5]
	at org.springframework.boot.SpringApplication.refreshContext(SpringApplication.java:456) ~[spring-boot-3.2.5.jar:3.2.5]
	at org.springframework.boot.SpringApplication.run(SpringApplication.java:334) ~[spring-boot-3.2.5.jar:3.2.5]
	at org.springframework.boot.test.context.SpringBootContextLoader.lambda$loadContext$3(SpringBootContextLoader.java:137) ~[spring-boot-test-3.2.5.jar:3.2.5]
	at org.springframework.util.function.ThrowingSupplier.get(ThrowingSupplier.java:58) ~[spring-core-6.1.6.jar:6.1.6]
	at org.springframework.util.function.ThrowingSupplier.get(ThrowingSupplier.java:46) ~[spring-core-6.1.6.jar:6.1.6]
	at org.springframework.boot.SpringApplication.withHook(SpringApplication.java:1454) ~[spring-boot-3.2.5.jar:3.2.5]
	at org.springframework.boot.test.context.SpringBootContextLoader$ContextLoaderHook.run(SpringBootContextLoader.java:553) ~[spring-boot-test-3.2.5.jar:3.2.5]
	at org.springframework.boot.test.context.SpringBootContextLoader.loadContext(SpringBootContextLoader.java:137) ~[spring-boot-test-3.2.5.jar:3.2.5]
	at org.springframework.boot.test.context.SpringBootContextLoader.loadContext(SpringBootContextLoader.java:108) ~[spring-boot-test-3.2.5.jar:3.2.5]
	at org.springframework.test.context.cache.DefaultCacheAwareContextLoaderDelegate.loadContextInternal(DefaultCacheAwareContextLoaderDelegate.java:225) ~[spring-test-6.1.6.jar:6.1.6]
	at org.springframework.test.context.cache.DefaultCacheAwareContextLoaderDelegate.loadContext(DefaultCacheAwareContextLoaderDelegate.java:152) ~[spring-test-6.1.6.jar:6.1.6]
	at org.springframework.test.context.support.DefaultTestContext.getApplicationContext(DefaultTestContext.java:130) ~[spring-test-6.1.6.jar:6.1.6]
	at org.springframework.test.context.web.ServletTestExecutionListener.setUpRequestContextIfNecessary(ServletTestExecutionListener.java:191) ~[spring-test-6.1.6.jar:6.1.6]
	at org.springframework.test.context.web.ServletTestExecutionListener.prepareTestInstance(ServletTestExecutionListener.java:130) ~[spring-test-6.1.6.jar:6.1.6]
	at org.springframework.test.context.TestContextManager.prepareTestInstance(TestContextManager.java:260) ~[spring-test-6.1.6.jar:6.1.6]
	at org.springframework.test.context.junit.jupiter.SpringExtension.postProcessTestInstance(SpringExtension.java:163) ~[spring-test-6.1.6.jar:6.1.6]
	at org.junit.jupiter.engine.descriptor.ClassBasedTestDescriptor.lambda$invokeTestInstancePostProcessors$10(ClassBasedTestDescriptor.java:378) ~[junit-jupiter-engine-5.10.2.jar:5.10.2]
	at org.junit.jupiter.engine.descriptor.ClassBasedTestDescriptor.executeAndMaskThrowable(ClassBasedTestDescriptor.java:383) ~[junit-jupiter-engine-5.10.2.jar:5.10.2]
	at org.junit.jupiter.engine.descriptor.ClassBasedTestDescriptor.lambda$invokeTestInstancePostProcessors$11(ClassBasedTestDescriptor.java:378) ~[junit-jupiter-engine-5.10.2.jar:5.10.2]
	at java.base/java.util.stream.ReferencePipeline$3$1.accept(ReferencePipeline.java:197) ~[na:na]
	at java.base/java.util.stream.ReferencePipeline$2$1.accept(ReferencePipeline.java:179) ~[na:na]
	at java.base/java.util.ArrayList$ArrayListSpliterator.forEachRemaining(ArrayList.java:1625) ~[na:na]
	at java.base/java.util.stream.AbstractPipeline.copyInto(AbstractPipeline.java:509) ~[na:na]
	at java.base/java.util.stream.AbstractPipeline.wrapAndCopyInto(AbstractPipeline.java:499) ~[na:na]
	at java.base/java.util.stream.StreamSpliterators$WrappingSpliterator.forEachRemaining(StreamSpliterators.java:310) ~[na:na]
	at java.base/java.util.stream.Streams$ConcatSpliterator.forEachRemaining(Streams.java:735) ~[na:na]
	at java.base/java.util.stream.Streams$ConcatSpliterator.forEachRemaining(Streams.java:734) ~[na:na]
	at java.base/java.util.stream.ReferencePipeline$Head.forEach(ReferencePipeline.java:762) ~[na:na]
	at org.junit.jupiter.engine.descriptor.ClassBasedTestDescriptor.invokeTestInstancePostProcessors(ClassBasedTestDescriptor.java:377) ~[junit-jupiter-engine-5.10.2.jar:5.10.2]
	at org.junit.jupiter.engine.descriptor.ClassBasedTestDescriptor.lambda$instantiateAndPostProcessTestInstance$6(ClassBasedTestDescriptor.java:290) ~[junit-jupiter-engine-5.10.2.jar:5.10.2]
	at org.junit.platform.engine.support.hierarchical.ThrowableCollector.execute(ThrowableCollector.java:73) ~[junit-platform-engine-1.10.2.jar:1.10.2]
	at org.junit.jupiter.engine.descriptor.ClassBasedTestDescriptor.instantiateAndPostProcessTestInstance(ClassBasedTestDescriptor.java:289) ~[junit-jupiter-engine-5.10.2.jar:5.10.2]
	at org.junit.jupiter.engine.descriptor.ClassBasedTestDescriptor.lambda$testInstancesProvider$4(ClassBasedTestDescriptor.java:279) ~[junit-jupiter-engine-5.10.2.jar:5.10.2]
	at java.base/java.util.Optional.orElseGet(Optional.java:364) ~[na:na]
	at org.junit.jupiter.engine.descriptor.ClassBasedTestDescriptor.lambda$testInstancesProvider$5(ClassBasedTestDescriptor.java:278) ~[junit-jupiter-engine-5.10.2.jar:5.10.2]
	at org.junit.jupiter.engine.execution.TestInstancesProvider.getTestInstances(TestInstancesProvider.java:31) ~[junit-jupiter-engine-5.10.2.jar:5.10.2]
	at org.junit.jupiter.engine.descriptor.TestMethodTestDescriptor.lambda$prepare$0(TestMethodTestDescriptor.java:106) ~[junit-jupiter-engine-5.10.2.jar:5.10.2]
	at org.junit.platform.engine.support.hierarchical.ThrowableCollector.execute(ThrowableCollector.java:73) ~[junit-platform-engine-1.10.2.jar:1.10.2]
	at org.junit.jupiter.engine.descriptor.TestMethodTestDescriptor.prepare(TestMethodTestDescriptor.java:105) ~[junit-jupiter-engine-5.10.2.jar:5.10.2]
	at org.junit.jupiter.engine.descriptor.TestMethodTestDescriptor.prepare(TestMethodTestDescriptor.java:69) ~[junit-jupiter-engine-5.10.2.jar:5.10.2]
	at org.junit.platform.engine.support.hierarchical.NodeTestTask.lambda$prepare$2(NodeTestTask.java:123) ~[junit-platform-engine-1.10.2.jar:1.10.2]
	at org.junit.platform.engine.support.hierarchical.ThrowableCollector.execute(ThrowableCollector.java:73) ~[junit-platform-engine-1.10.2.jar:1.10.2]
	at org.junit.platform.engine.support.hierarchical.NodeTestTask.prepare(NodeTestTask.java:123) ~[junit-platform-engine-1.10.2.jar:1.10.2]
	at org.junit.platform.engine.support.hierarchical.NodeTestTask.execute(NodeTestTask.java:90) ~[junit-platform-engine-1.10.2.jar:1.10.2]
	at java.base/java.util.ArrayList.forEach(ArrayList.java:1511) ~[na:na]
	at org.junit.platform.engine.support.hierarchical.SameThreadHierarchicalTestExecutorService.invokeAll(SameThreadHierarchicalTestExecutorService.java:41) ~[junit-platform-engine-1.10.2.jar:1.10.2]
	at org.junit.platform.engine.support.hierarchical.NodeTestTask.lambda$executeRecursively$6(NodeTestTask.java:155) ~[junit-platform-engine-1.10.2.jar:1.10.2]
	at org.junit.platform.engine.support.hierarchical.ThrowableCollector.execute(ThrowableCollector.java:73) ~[junit-platform-engine-1.10.2.jar:1.10.2]
	at org.junit.platform.engine.support.hierarchical.NodeTestTask.lambda$executeRecursively$8(NodeTestTask.java:141) ~[junit-platform-engine-1.10.2.jar:1.10.2]
	at org.junit.platform.engine.support.hierarchical.Node.around(Node.java:137) ~[junit-platform-engine-1.10.2.jar:1.10.2]
	at org.junit.platform.engine.support.hierarchical.NodeTestTask.lambda$executeRecursively$9(NodeTestTask.java:139) ~[junit-platform-engine-1.10.2.jar:1.10.2]
	at org.junit.platform.engine.support.hierarchical.ThrowableCollector.execute(ThrowableCollector.java:73) ~[junit-platform-engine-1.10.2.jar:1.10.2]
	at org.junit.platform.engine.support.hierarchical.NodeTestTask.executeRecursively(NodeTestTask.java:138) ~[junit-platform-engine-1.10.2.jar:1.10.2]
	at org.junit.platform.engine.support.hierarchical.NodeTestTask.execute(NodeTestTask.java:95) ~[junit-platform-engine-1.10.2.jar:1.10.2]
	at java.base/java.util.ArrayList.forEach(ArrayList.java:1511) ~[na:na]
	at org.junit.platform.engine.support.hierarchical.SameThreadHierarchicalTestExecutorService.invokeAll(SameThreadHierarchicalTestExecutorService.java:41) ~[junit-platform-engine-1.10.2.jar:1.10.2]
	at org.junit.platform.engine.support.hierarchical.NodeTestTask.lambda$executeRecursively$6(NodeTestTask.java:155) ~[junit-platform-engine-1.10.2.jar:1.10.2]
	at org.junit.platform.engine.support.hierarchical.ThrowableCollector.execute(ThrowableCollector.java:73) ~[junit-platform-engine-1.10.2.jar:1.10.2]
	at org.junit.platform.engine.support.hierarchical.NodeTestTask.lambda$executeRecursively$8(NodeTestTask.java:141) ~[junit-platform-engine-1.10.2.jar:1.10.2]
	at org.junit.platform.engine.support.hierarchical.Node.around(Node.java:137) ~[junit-platform-engine-1.10.2.jar:1.10.2]
	at org.junit.platform.engine.support.hierarchical.NodeTestTask.lambda$executeRecursively$9(NodeTestTask.java:139) ~[junit-platform-engine-1.10.2.jar:1.10.2]
	at org.junit.platform.engine.support.hierarchical.ThrowableCollector.execute(ThrowableCollector.java:73) ~[junit-platform-engine-1.10.2.jar:1.10.2]
	at org.junit.platform.engine.support.hierarchical.NodeTestTask.executeRecursively(NodeTestTask.java:138) ~[junit-platform-engine-1.10.2.jar:1.10.2]
	at org.junit.platform.engine.support.hierarchical.NodeTestTask.execute(NodeTestTask.java:95) ~[junit-platform-engine-1.10.2.jar:1.10.2]
	at org.junit.platform.engine.support.hierarchical.SameThreadHierarchicalTestExecutorService.submit(SameThreadHierarchicalTestExecutorService.java:35) ~[junit-platform-engine-1.10.2.jar:1.10.2]
	at org.junit.platform.engine.support.hierarchical.HierarchicalTestExecutor.execute(HierarchicalTestExecutor.java:57) ~[junit-platform-engine-1.10.2.jar:1.10.2]
	at org.junit.platform.engine.support.hierarchical.HierarchicalTestEngine.execute(HierarchicalTestEngine.java:54) ~[junit-platform-engine-1.10.2.jar:1.10.2]
	at org.junit.platform.launcher.core.EngineExecutionOrchestrator.execute(EngineExecutionOrchestrator.java:198) ~[junit-platform-launcher-1.10.2.jar:1.10.2]
	at org.junit.platform.launcher.core.EngineExecutionOrchestrator.execute(EngineExecutionOrchestrator.java:169) ~[junit-platform-launcher-1.10.2.jar:1.10.2]
	at org.junit.platform.launcher.core.EngineExecutionOrchestrator.execute(EngineExecutionOrchestrator.java:93) ~[junit-platform-launcher-1.10.2.jar:1.10.2]
	at org.junit.platform.launcher.core.EngineExecutionOrchestrator.lambda$execute$0(EngineExecutionOrchestrator.java:58) ~[junit-platform-launcher-1.10.2.jar:1.10.2]
	at org.junit.platform.launcher.core.EngineExecutionOrchestrator.withInterceptedStreams(EngineExecutionOrchestrator.java:141) ~[junit-platform-launcher-1.10.2.jar:1.10.2]
	at org.junit.platform.launcher.core.EngineExecutionOrchestrator.execute(EngineExecutionOrchestrator.java:57) ~[junit-platform-launcher-1.10.2.jar:1.10.2]
	at org.junit.platform.launcher.core.DefaultLauncher.execute(DefaultLauncher.java:103) ~[junit-platform-launcher-1.10.2.jar:1.10.2]
	at org.junit.platform.launcher.core.DefaultLauncher.execute(DefaultLauncher.java:85) ~[junit-platform-launcher-1.10.2.jar:1.10.2]
	at org.junit.platform.launcher.core.DelegatingLauncher.execute(DelegatingLauncher.java:47) ~[junit-platform-launcher-1.10.2.jar:1.10.2]
	at org.gradle.api.internal.tasks.testing.junitplatform.JUnitPlatformTestClassProcessor$CollectAllTestClassesExecutor.processAllTestClasses(JUnitPlatformTestClassProcessor.java:119) ~[na:na]
	at org.gradle.api.internal.tasks.testing.junitplatform.JUnitPlatformTestClassProcessor$CollectAllTestClassesExecutor.access$000(JUnitPlatformTestClassProcessor.java:94) ~[na:na]
	at org.gradle.api.internal.tasks.testing.junitplatform.JUnitPlatformTestClassProcessor.stop(JUnitPlatformTestClassProcessor.java:89) ~[na:na]
	at org.gradle.api.internal.tasks.testing.SuiteTestClassProcessor.stop(SuiteTestClassProcessor.java:62) ~[na:na]
	at java.base/jdk.internal.reflect.NativeMethodAccessorImpl.invoke0(Native Method) ~[na:na]
	at java.base/jdk.internal.reflect.NativeMethodAccessorImpl.invoke(NativeMethodAccessorImpl.java:77) ~[na:na]
	at java.base/jdk.internal.reflect.DelegatingMethodAccessorImpl.invoke(DelegatingMethodAccessorImpl.java:43) ~[na:na]
	at java.base/java.lang.reflect.Method.invoke(Method.java:568) ~[na:na]
	at org.gradle.internal.dispatch.ReflectionDispatch.dispatch(ReflectionDispatch.java:36) ~[na:na]
	at org.gradle.internal.dispatch.ReflectionDispatch.dispatch(ReflectionDispatch.java:24) ~[na:na]
	at org.gradle.internal.dispatch.ContextClassLoaderDispatch.dispatch(ContextClassLoaderDispatch.java:33) ~[na:na]
	at org.gradle.internal.dispatch.ProxyDispatchAdapter$DispatchingInvocationHandler.invoke(ProxyDispatchAdapter.java:94) ~[na:na]
	at jdk.proxy1/jdk.proxy1.$Proxy2.stop(Unknown Source) ~[na:na]
	at org.gradle.api.internal.tasks.testing.worker.TestWorker$3.run(TestWorker.java:193) ~[na:na]
	at org.gradle.api.internal.tasks.testing.worker.TestWorker.executeAndMaintainThreadName(TestWorker.java:129) ~[na:na]
	at org.gradle.api.internal.tasks.testing.worker.TestWorker.execute(TestWorker.java:100) ~[na:na]
	at org.gradle.api.internal.tasks.testing.worker.TestWorker.execute(TestWorker.java:60) ~[na:na]
	at org.gradle.process.internal.worker.child.ActionExecutionWorker.execute(ActionExecutionWorker.java:56) ~[na:na]
	at org.gradle.process.internal.worker.child.SystemApplicationClassLoaderWorker.call(SystemApplicationClassLoaderWorker.java:119) ~[na:na]
	at org.gradle.process.internal.worker.child.SystemApplicationClassLoaderWorker.call(SystemApplicationClassLoaderWorker.java:66) ~[na:na]
	at worker.org.gradle.process.internal.worker.GradleWorkerMain.run(GradleWorkerMain.java:69) ~[gradle-worker.jar:na]
	at worker.org.gradle.process.internal.worker.GradleWorkerMain.main(GradleWorkerMain.java:74) ~[gradle-worker.jar:na]

2024-11-18T12:45:51.292-04:00 DEBUG 24640 --- [examen2] [    Test worker] o.s.d.jpa.repository.query.NamedQuery    : Did not find named query Horario.findByMedicoId
2024-11-18T12:45:51.292-04:00 DEBUG 24640 --- [examen2] [    Test worker] tor$SharedEntityManagerInvocationHandler : Creating new EntityManager for shared EntityManager invocation
2024-11-18T12:45:51.295-04:00 DEBUG 24640 --- [examen2] [    Test worker] o.s.d.r.c.s.RepositoryFactorySupport     : Finished creation of repository instance for com.example.examen2.horarios.repository.HorarioRepository.
2024-11-18T12:45:51.297-04:00 DEBUG 24640 --- [examen2] [    Test worker] o.s.b.f.s.DefaultListableBeanFactory     : Creating shared instance of singleton bean 'medicoService'
2024-11-18T12:45:51.298-04:00 DEBUG 24640 --- [examen2] [    Test worker] o.s.b.f.s.DefaultListableBeanFactory     : Creating shared instance of singleton bean 'rolRepository'
2024-11-18T12:45:51.299-04:00 DEBUG 24640 --- [examen2] [    Test worker] o.s.b.f.s.DefaultListableBeanFactory     : Creating shared instance of singleton bean 'jpa.named-queries#5'
2024-11-18T12:45:51.300-04:00 DEBUG 24640 --- [examen2] [    Test worker] o.s.b.f.s.DefaultListableBeanFactory     : Creating shared instance of singleton bean 'jpa.RolRepository.fragments#0'
2024-11-18T12:45:51.301-04:00 DEBUG 24640 --- [examen2] [    Test worker] tor$SharedEntityManagerInvocationHandler : Creating new EntityManager for shared EntityManager invocation
2024-11-18T12:45:51.302-04:00 DEBUG 24640 --- [examen2] [    Test worker] o.s.d.r.c.s.RepositoryFactorySupport     : Initializing repository instance for com.example.examen2.usuarios.repository.RolRepository…
2024-11-18T12:45:51.303-04:00 DEBUG 24640 --- [examen2] [    Test worker] tor$SharedEntityManagerInvocationHandler : Creating new EntityManager for shared EntityManager invocation
2024-11-18T12:45:51.306-04:00 DEBUG 24640 --- [examen2] [    Test worker] o.s.d.jpa.repository.query.NamedQuery    : Looking up named query Rol.findByNombre
2024-11-18T12:45:51.307-04:00 DEBUG 24640 --- [examen2] [    Test worker] cResourceLocalTransactionCoordinatorImpl : JDBC transaction marked for rollback-only (exception provided for stack trace)

java.lang.Exception: exception just for purpose of providing stack trace
	at org.hibernate.resource.transaction.backend.jdbc.internal.JdbcResourceLocalTransactionCoordinatorImpl$TransactionDriverControlImpl.markRollbackOnly(JdbcResourceLocalTransactionCoordinatorImpl.java:310) ~[hibernate-core-6.4.4.Final.jar:6.4.4.Final]
	at org.hibernate.internal.AbstractSharedSessionContract.buildNamedQuery(AbstractSharedSessionContract.java:1097) ~[hibernate-core-6.4.4.Final.jar:6.4.4.Final]
	at org.hibernate.internal.AbstractSharedSessionContract.createNamedQuery(AbstractSharedSessionContract.java:975) ~[hibernate-core-6.4.4.Final.jar:6.4.4.Final]
	at org.hibernate.internal.AbstractSharedSessionContract.createNamedQuery(AbstractSharedSessionContract.java:136) ~[hibernate-core-6.4.4.Final.jar:6.4.4.Final]
	at jdk.internal.reflect.GeneratedMethodAccessor31.invoke(Unknown Source) ~[na:na]
	at java.base/jdk.internal.reflect.DelegatingMethodAccessorImpl.invoke(DelegatingMethodAccessorImpl.java:43) ~[na:na]
	at java.base/java.lang.reflect.Method.invoke(Method.java:568) ~[na:na]
	at org.springframework.orm.jpa.ExtendedEntityManagerCreator$ExtendedEntityManagerInvocationHandler.invoke(ExtendedEntityManagerCreator.java:364) ~[spring-orm-6.1.6.jar:6.1.6]
	at jdk.proxy3/jdk.proxy3.$Proxy137.createNamedQuery(Unknown Source) ~[na:na]
	at org.springframework.data.jpa.repository.query.NamedQuery.hasNamedQuery(NamedQuery.java:113) ~[spring-data-jpa-3.2.5.jar:3.2.5]
	at org.springframework.data.jpa.repository.query.NamedQuery.lookupFrom(NamedQuery.java:141) ~[spring-data-jpa-3.2.5.jar:3.2.5]
	at org.springframework.data.jpa.repository.query.JpaQueryLookupStrategy$DeclaredQueryLookupStrategy.resolveQuery(JpaQueryLookupStrategy.java:180) ~[spring-data-jpa-3.2.5.jar:3.2.5]
	at org.springframework.data.jpa.repository.query.JpaQueryLookupStrategy$CreateIfNotFoundQueryLookupStrategy.resolveQuery(JpaQueryLookupStrategy.java:252) ~[spring-data-jpa-3.2.5.jar:3.2.5]
	at org.springframework.data.jpa.repository.query.JpaQueryLookupStrategy$AbstractQueryLookupStrategy.resolveQuery(JpaQueryLookupStrategy.java:95) ~[spring-data-jpa-3.2.5.jar:3.2.5]
	at org.springframework.data.repository.core.support.QueryExecutorMethodInterceptor.lookupQuery(QueryExecutorMethodInterceptor.java:111) ~[spring-data-commons-3.2.5.jar:3.2.5]
	at org.springframework.data.repository.core.support.QueryExecutorMethodInterceptor.mapMethodsToQuery(QueryExecutorMethodInterceptor.java:99) ~[spring-data-commons-3.2.5.jar:3.2.5]
	at org.springframework.data.repository.core.support.QueryExecutorMethodInterceptor.lambda$new$0(QueryExecutorMethodInterceptor.java:88) ~[spring-data-commons-3.2.5.jar:3.2.5]
	at java.base/java.util.Optional.map(Optional.java:260) ~[na:na]
	at org.springframework.data.repository.core.support.QueryExecutorMethodInterceptor.<init>(QueryExecutorMethodInterceptor.java:88) ~[spring-data-commons-3.2.5.jar:3.2.5]
	at org.springframework.data.repository.core.support.RepositoryFactorySupport.getRepository(RepositoryFactorySupport.java:357) ~[spring-data-commons-3.2.5.jar:3.2.5]
	at org.springframework.data.repository.core.support.RepositoryFactoryBeanSupport.lambda$afterPropertiesSet$5(RepositoryFactoryBeanSupport.java:279) ~[spring-data-commons-3.2.5.jar:3.2.5]
	at org.springframework.data.util.Lazy.getNullable(Lazy.java:135) ~[spring-data-commons-3.2.5.jar:3.2.5]
	at org.springframework.data.util.Lazy.get(Lazy.java:113) ~[spring-data-commons-3.2.5.jar:3.2.5]
	at org.springframework.data.repository.core.support.RepositoryFactoryBeanSupport.afterPropertiesSet(RepositoryFactoryBeanSupport.java:285) ~[spring-data-commons-3.2.5.jar:3.2.5]
	at org.springframework.data.jpa.repository.support.JpaRepositoryFactoryBean.afterPropertiesSet(JpaRepositoryFactoryBean.java:132) ~[spring-data-jpa-3.2.5.jar:3.2.5]
	at org.springframework.beans.factory.support.AbstractAutowireCapableBeanFactory.invokeInitMethods(AbstractAutowireCapableBeanFactory.java:1833) ~[spring-beans-6.1.6.jar:6.1.6]
	at org.springframework.beans.factory.support.AbstractAutowireCapableBeanFactory.initializeBean(AbstractAutowireCapableBeanFactory.java:1782) ~[spring-beans-6.1.6.jar:6.1.6]
	at org.springframework.beans.factory.support.AbstractAutowireCapableBeanFactory.doCreateBean(AbstractAutowireCapableBeanFactory.java:600) ~[spring-beans-6.1.6.jar:6.1.6]
	at org.springframework.beans.factory.support.AbstractAutowireCapableBeanFactory.createBean(AbstractAutowireCapableBeanFactory.java:522) ~[spring-beans-6.1.6.jar:6.1.6]
	at org.springframework.beans.factory.support.AbstractBeanFactory.lambda$doGetBean$0(AbstractBeanFactory.java:326) ~[spring-beans-6.1.6.jar:6.1.6]
	at org.springframework.beans.factory.support.DefaultSingletonBeanRegistry.getSingleton(DefaultSingletonBeanRegistry.java:234) ~[spring-beans-6.1.6.jar:6.1.6]
	at org.springframework.beans.factory.support.AbstractBeanFactory.doGetBean(AbstractBeanFactory.java:324) ~[spring-beans-6.1.6.jar:6.1.6]
	at org.springframework.beans.factory.support.AbstractBeanFactory.getBean(AbstractBeanFactory.java:200) ~[spring-beans-6.1.6.jar:6.1.6]
	at org.springframework.beans.factory.config.DependencyDescriptor.resolveCandidate(DependencyDescriptor.java:254) ~[spring-beans-6.1.6.jar:6.1.6]
	at org.springframework.beans.factory.support.DefaultListableBeanFactory.doResolveDependency(DefaultListableBeanFactory.java:1443) ~[spring-beans-6.1.6.jar:6.1.6]
	at org.springframework.beans.factory.support.DefaultListableBeanFactory.resolveDependency(DefaultListableBeanFactory.java:1353) ~[spring-beans-6.1.6.jar:6.1.6]
	at org.springframework.beans.factory.annotation.AutowiredAnnotationBeanPostProcessor$AutowiredFieldElement.resolveFieldValue(AutowiredAnnotationBeanPostProcessor.java:784) ~[spring-beans-6.1.6.jar:6.1.6]
	at org.springframework.beans.factory.annotation.AutowiredAnnotationBeanPostProcessor$AutowiredFieldElement.inject(AutowiredAnnotationBeanPostProcessor.java:767) ~[spring-beans-6.1.6.jar:6.1.6]
	at org.springframework.beans.factory.annotation.InjectionMetadata.inject(InjectionMetadata.java:145) ~[spring-beans-6.1.6.jar:6.1.6]
	at org.springframework.beans.factory.annotation.AutowiredAnnotationBeanPostProcessor.postProcessProperties(AutowiredAnnotationBeanPostProcessor.java:508) ~[spring-beans-6.1.6.jar:6.1.6]
	at org.springframework.beans.factory.support.AbstractAutowireCapableBeanFactory.populateBean(AbstractAutowireCapableBeanFactory.java:1419) ~[spring-beans-6.1.6.jar:6.1.6]
	at org.springframework.beans.factory.support.AbstractAutowireCapableBeanFactory.doCreateBean(AbstractAutowireCapableBeanFactory.java:599) ~[spring-beans-6.1.6.jar:6.1.6]
	at org.springframework.beans.factory.support.AbstractAutowireCapableBeanFactory.createBean(AbstractAutowireCapableBeanFactory.java:522) ~[spring-beans-6.1.6.jar:6.1.6]
	at org.springframework.beans.factory.support.AbstractBeanFactory.lambda$doGetBean$0(AbstractBeanFactory.java:326) ~[spring-beans-6.1.6.jar:6.1.6]
	at org.springframework.beans.factory.support.DefaultSingletonBeanRegistry.getSingleton(DefaultSingletonBeanRegistry.java:234) ~[spring-beans-6.1.6.jar:6.1.6]
	at org.springframework.beans.factory.support.AbstractBeanFactory.doGetBean(AbstractBeanFactory.java:324) ~[spring-beans-6.1.6.jar:6.1.6]
	at org.springframework.beans.factory.support.AbstractBeanFactory.getBean(AbstractBeanFactory.java:200) ~[spring-beans-6.1.6.jar:6.1.6]
	at org.springframework.beans.factory.config.DependencyDescriptor.resolveCandidate(DependencyDescriptor.java:254) ~[spring-beans-6.1.6.jar:6.1.6]
	at org.springframework.beans.factory.support.DefaultListableBeanFactory.doResolveDependency(DefaultListableBeanFactory.java:1443) ~[spring-beans-6.1.6.jar:6.1.6]
	at org.springframework.beans.factory.support.DefaultListableBeanFactory.resolveDependency(DefaultListableBeanFactory.java:1353) ~[spring-beans-6.1.6.jar:6.1.6]
	at org.springframework.beans.factory.annotation.AutowiredAnnotationBeanPostProcessor$AutowiredFieldElement.resolveFieldValue(AutowiredAnnotationBeanPostProcessor.java:784) ~[spring-beans-6.1.6.jar:6.1.6]
	at org.springframework.beans.factory.annotation.AutowiredAnnotationBeanPostProcessor$AutowiredFieldElement.inject(AutowiredAnnotationBeanPostProcessor.java:767) ~[spring-beans-6.1.6.jar:6.1.6]
	at org.springframework.beans.factory.annotation.InjectionMetadata.inject(InjectionMetadata.java:145) ~[spring-beans-6.1.6.jar:6.1.6]
	at org.springframework.beans.factory.annotation.AutowiredAnnotationBeanPostProcessor.postProcessProperties(AutowiredAnnotationBeanPostProcessor.java:508) ~[spring-beans-6.1.6.jar:6.1.6]
	at org.springframework.beans.factory.support.AbstractAutowireCapableBeanFactory.populateBean(AbstractAutowireCapableBeanFactory.java:1419) ~[spring-beans-6.1.6.jar:6.1.6]
	at org.springframework.beans.factory.support.AbstractAutowireCapableBeanFactory.doCreateBean(AbstractAutowireCapableBeanFactory.java:599) ~[spring-beans-6.1.6.jar:6.1.6]
	at org.springframework.beans.factory.support.AbstractAutowireCapableBeanFactory.createBean(AbstractAutowireCapableBeanFactory.java:522) ~[spring-beans-6.1.6.jar:6.1.6]
	at org.springframework.beans.factory.support.AbstractBeanFactory.lambda$doGetBean$0(AbstractBeanFactory.java:326) ~[spring-beans-6.1.6.jar:6.1.6]
	at org.springframework.beans.factory.support.DefaultSingletonBeanRegistry.getSingleton(DefaultSingletonBeanRegistry.java:234) ~[spring-beans-6.1.6.jar:6.1.6]
	at org.springframework.beans.factory.support.AbstractBeanFactory.doGetBean(AbstractBeanFactory.java:324) ~[spring-beans-6.1.6.jar:6.1.6]
	at org.springframework.beans.factory.support.AbstractBeanFactory.getBean(AbstractBeanFactory.java:200) ~[spring-beans-6.1.6.jar:6.1.6]
	at org.springframework.beans.factory.support.DefaultListableBeanFactory.preInstantiateSingletons(DefaultListableBeanFactory.java:975) ~[spring-beans-6.1.6.jar:6.1.6]
	at org.springframework.context.support.AbstractApplicationContext.finishBeanFactoryInitialization(AbstractApplicationContext.java:962) ~[spring-context-6.1.6.jar:6.1.6]
	at org.springframework.context.support.AbstractApplicationContext.refresh(AbstractApplicationContext.java:624) ~[spring-context-6.1.6.jar:6.1.6]
	at org.springframework.boot.SpringApplication.refresh(SpringApplication.java:754) ~[spring-boot-3.2.5.jar:3.2.5]
	at org.springframework.boot.SpringApplication.refreshContext(SpringApplication.java:456) ~[spring-boot-3.2.5.jar:3.2.5]
	at org.springframework.boot.SpringApplication.run(SpringApplication.java:334) ~[spring-boot-3.2.5.jar:3.2.5]
	at org.springframework.boot.test.context.SpringBootContextLoader.lambda$loadContext$3(SpringBootContextLoader.java:137) ~[spring-boot-test-3.2.5.jar:3.2.5]
	at org.springframework.util.function.ThrowingSupplier.get(ThrowingSupplier.java:58) ~[spring-core-6.1.6.jar:6.1.6]
	at org.springframework.util.function.ThrowingSupplier.get(ThrowingSupplier.java:46) ~[spring-core-6.1.6.jar:6.1.6]
	at org.springframework.boot.SpringApplication.withHook(SpringApplication.java:1454) ~[spring-boot-3.2.5.jar:3.2.5]
	at org.springframework.boot.test.context.SpringBootContextLoader$ContextLoaderHook.run(SpringBootContextLoader.java:553) ~[spring-boot-test-3.2.5.jar:3.2.5]
	at org.springframework.boot.test.context.SpringBootContextLoader.loadContext(SpringBootContextLoader.java:137) ~[spring-boot-test-3.2.5.jar:3.2.5]
	at org.springframework.boot.test.context.SpringBootContextLoader.loadContext(SpringBootContextLoader.java:108) ~[spring-boot-test-3.2.5.jar:3.2.5]
	at org.springframework.test.context.cache.DefaultCacheAwareContextLoaderDelegate.loadContextInternal(DefaultCacheAwareContextLoaderDelegate.java:225) ~[spring-test-6.1.6.jar:6.1.6]
	at org.springframework.test.context.cache.DefaultCacheAwareContextLoaderDelegate.loadContext(DefaultCacheAwareContextLoaderDelegate.java:152) ~[spring-test-6.1.6.jar:6.1.6]
	at org.springframework.test.context.support.DefaultTestContext.getApplicationContext(DefaultTestContext.java:130) ~[spring-test-6.1.6.jar:6.1.6]
	at org.springframework.test.context.web.ServletTestExecutionListener.setUpRequestContextIfNecessary(ServletTestExecutionListener.java:191) ~[spring-test-6.1.6.jar:6.1.6]
	at org.springframework.test.context.web.ServletTestExecutionListener.prepareTestInstance(ServletTestExecutionListener.java:130) ~[spring-test-6.1.6.jar:6.1.6]
	at org.springframework.test.context.TestContextManager.prepareTestInstance(TestContextManager.java:260) ~[spring-test-6.1.6.jar:6.1.6]
	at org.springframework.test.context.junit.jupiter.SpringExtension.postProcessTestInstance(SpringExtension.java:163) ~[spring-test-6.1.6.jar:6.1.6]
	at org.junit.jupiter.engine.descriptor.ClassBasedTestDescriptor.lambda$invokeTestInstancePostProcessors$10(ClassBasedTestDescriptor.java:378) ~[junit-jupiter-engine-5.10.2.jar:5.10.2]
	at org.junit.jupiter.engine.descriptor.ClassBasedTestDescriptor.executeAndMaskThrowable(ClassBasedTestDescriptor.java:383) ~[junit-jupiter-engine-5.10.2.jar:5.10.2]
	at org.junit.jupiter.engine.descriptor.ClassBasedTestDescriptor.lambda$invokeTestInstancePostProcessors$11(ClassBasedTestDescriptor.java:378) ~[junit-jupiter-engine-5.10.2.jar:5.10.2]
	at java.base/java.util.stream.ReferencePipeline$3$1.accept(ReferencePipeline.java:197) ~[na:na]
	at java.base/java.util.stream.ReferencePipeline$2$1.accept(ReferencePipeline.java:179) ~[na:na]
	at java.base/java.util.ArrayList$ArrayListSpliterator.forEachRemaining(ArrayList.java:1625) ~[na:na]
	at java.base/java.util.stream.AbstractPipeline.copyInto(AbstractPipeline.java:509) ~[na:na]
	at java.base/java.util.stream.AbstractPipeline.wrapAndCopyInto(AbstractPipeline.java:499) ~[na:na]
	at java.base/java.util.stream.StreamSpliterators$WrappingSpliterator.forEachRemaining(StreamSpliterators.java:310) ~[na:na]
	at java.base/java.util.stream.Streams$ConcatSpliterator.forEachRemaining(Streams.java:735) ~[na:na]
	at java.base/java.util.stream.Streams$ConcatSpliterator.forEachRemaining(Streams.java:734) ~[na:na]
	at java.base/java.util.stream.ReferencePipeline$Head.forEach(ReferencePipeline.java:762) ~[na:na]
	at org.junit.jupiter.engine.descriptor.ClassBasedTestDescriptor.invokeTestInstancePostProcessors(ClassBasedTestDescriptor.java:377) ~[junit-jupiter-engine-5.10.2.jar:5.10.2]
	at org.junit.jupiter.engine.descriptor.ClassBasedTestDescriptor.lambda$instantiateAndPostProcessTestInstance$6(ClassBasedTestDescriptor.java:290) ~[junit-jupiter-engine-5.10.2.jar:5.10.2]
	at org.junit.platform.engine.support.hierarchical.ThrowableCollector.execute(ThrowableCollector.java:73) ~[junit-platform-engine-1.10.2.jar:1.10.2]
	at org.junit.jupiter.engine.descriptor.ClassBasedTestDescriptor.instantiateAndPostProcessTestInstance(ClassBasedTestDescriptor.java:289) ~[junit-jupiter-engine-5.10.2.jar:5.10.2]
	at org.junit.jupiter.engine.descriptor.ClassBasedTestDescriptor.lambda$testInstancesProvider$4(ClassBasedTestDescriptor.java:279) ~[junit-jupiter-engine-5.10.2.jar:5.10.2]
	at java.base/java.util.Optional.orElseGet(Optional.java:364) ~[na:na]
	at org.junit.jupiter.engine.descriptor.ClassBasedTestDescriptor.lambda$testInstancesProvider$5(ClassBasedTestDescriptor.java:278) ~[junit-jupiter-engine-5.10.2.jar:5.10.2]
	at org.junit.jupiter.engine.execution.TestInstancesProvider.getTestInstances(TestInstancesProvider.java:31) ~[junit-jupiter-engine-5.10.2.jar:5.10.2]
	at org.junit.jupiter.engine.descriptor.TestMethodTestDescriptor.lambda$prepare$0(TestMethodTestDescriptor.java:106) ~[junit-jupiter-engine-5.10.2.jar:5.10.2]
	at org.junit.platform.engine.support.hierarchical.ThrowableCollector.execute(ThrowableCollector.java:73) ~[junit-platform-engine-1.10.2.jar:1.10.2]
	at org.junit.jupiter.engine.descriptor.TestMethodTestDescriptor.prepare(TestMethodTestDescriptor.java:105) ~[junit-jupiter-engine-5.10.2.jar:5.10.2]
	at org.junit.jupiter.engine.descriptor.TestMethodTestDescriptor.prepare(TestMethodTestDescriptor.java:69) ~[junit-jupiter-engine-5.10.2.jar:5.10.2]
	at org.junit.platform.engine.support.hierarchical.NodeTestTask.lambda$prepare$2(NodeTestTask.java:123) ~[junit-platform-engine-1.10.2.jar:1.10.2]
	at org.junit.platform.engine.support.hierarchical.ThrowableCollector.execute(ThrowableCollector.java:73) ~[junit-platform-engine-1.10.2.jar:1.10.2]
	at org.junit.platform.engine.support.hierarchical.NodeTestTask.prepare(NodeTestTask.java:123) ~[junit-platform-engine-1.10.2.jar:1.10.2]
	at org.junit.platform.engine.support.hierarchical.NodeTestTask.execute(NodeTestTask.java:90) ~[junit-platform-engine-1.10.2.jar:1.10.2]
	at java.base/java.util.ArrayList.forEach(ArrayList.java:1511) ~[na:na]
	at org.junit.platform.engine.support.hierarchical.SameThreadHierarchicalTestExecutorService.invokeAll(SameThreadHierarchicalTestExecutorService.java:41) ~[junit-platform-engine-1.10.2.jar:1.10.2]
	at org.junit.platform.engine.support.hierarchical.NodeTestTask.lambda$executeRecursively$6(NodeTestTask.java:155) ~[junit-platform-engine-1.10.2.jar:1.10.2]
	at org.junit.platform.engine.support.hierarchical.ThrowableCollector.execute(ThrowableCollector.java:73) ~[junit-platform-engine-1.10.2.jar:1.10.2]
	at org.junit.platform.engine.support.hierarchical.NodeTestTask.lambda$executeRecursively$8(NodeTestTask.java:141) ~[junit-platform-engine-1.10.2.jar:1.10.2]
	at org.junit.platform.engine.support.hierarchical.Node.around(Node.java:137) ~[junit-platform-engine-1.10.2.jar:1.10.2]
	at org.junit.platform.engine.support.hierarchical.NodeTestTask.lambda$executeRecursively$9(NodeTestTask.java:139) ~[junit-platform-engine-1.10.2.jar:1.10.2]
	at org.junit.platform.engine.support.hierarchical.ThrowableCollector.execute(ThrowableCollector.java:73) ~[junit-platform-engine-1.10.2.jar:1.10.2]
	at org.junit.platform.engine.support.hierarchical.NodeTestTask.executeRecursively(NodeTestTask.java:138) ~[junit-platform-engine-1.10.2.jar:1.10.2]
	at org.junit.platform.engine.support.hierarchical.NodeTestTask.execute(NodeTestTask.java:95) ~[junit-platform-engine-1.10.2.jar:1.10.2]
	at java.base/java.util.ArrayList.forEach(ArrayList.java:1511) ~[na:na]
	at org.junit.platform.engine.support.hierarchical.SameThreadHierarchicalTestExecutorService.invokeAll(SameThreadHierarchicalTestExecutorService.java:41) ~[junit-platform-engine-1.10.2.jar:1.10.2]
	at org.junit.platform.engine.support.hierarchical.NodeTestTask.lambda$executeRecursively$6(NodeTestTask.java:155) ~[junit-platform-engine-1.10.2.jar:1.10.2]
	at org.junit.platform.engine.support.hierarchical.ThrowableCollector.execute(ThrowableCollector.java:73) ~[junit-platform-engine-1.10.2.jar:1.10.2]
	at org.junit.platform.engine.support.hierarchical.NodeTestTask.lambda$executeRecursively$8(NodeTestTask.java:141) ~[junit-platform-engine-1.10.2.jar:1.10.2]
	at org.junit.platform.engine.support.hierarchical.Node.around(Node.java:137) ~[junit-platform-engine-1.10.2.jar:1.10.2]
	at org.junit.platform.engine.support.hierarchical.NodeTestTask.lambda$executeRecursively$9(NodeTestTask.java:139) ~[junit-platform-engine-1.10.2.jar:1.10.2]
	at org.junit.platform.engine.support.hierarchical.ThrowableCollector.execute(ThrowableCollector.java:73) ~[junit-platform-engine-1.10.2.jar:1.10.2]
	at org.junit.platform.engine.support.hierarchical.NodeTestTask.executeRecursively(NodeTestTask.java:138) ~[junit-platform-engine-1.10.2.jar:1.10.2]
	at org.junit.platform.engine.support.hierarchical.NodeTestTask.execute(NodeTestTask.java:95) ~[junit-platform-engine-1.10.2.jar:1.10.2]
	at org.junit.platform.engine.support.hierarchical.SameThreadHierarchicalTestExecutorService.submit(SameThreadHierarchicalTestExecutorService.java:35) ~[junit-platform-engine-1.10.2.jar:1.10.2]
	at org.junit.platform.engine.support.hierarchical.HierarchicalTestExecutor.execute(HierarchicalTestExecutor.java:57) ~[junit-platform-engine-1.10.2.jar:1.10.2]
	at org.junit.platform.engine.support.hierarchical.HierarchicalTestEngine.execute(HierarchicalTestEngine.java:54) ~[junit-platform-engine-1.10.2.jar:1.10.2]
	at org.junit.platform.launcher.core.EngineExecutionOrchestrator.execute(EngineExecutionOrchestrator.java:198) ~[junit-platform-launcher-1.10.2.jar:1.10.2]
	at org.junit.platform.launcher.core.EngineExecutionOrchestrator.execute(EngineExecutionOrchestrator.java:169) ~[junit-platform-launcher-1.10.2.jar:1.10.2]
	at org.junit.platform.launcher.core.EngineExecutionOrchestrator.execute(EngineExecutionOrchestrator.java:93) ~[junit-platform-launcher-1.10.2.jar:1.10.2]
	at org.junit.platform.launcher.core.EngineExecutionOrchestrator.lambda$execute$0(EngineExecutionOrchestrator.java:58) ~[junit-platform-launcher-1.10.2.jar:1.10.2]
	at org.junit.platform.launcher.core.EngineExecutionOrchestrator.withInterceptedStreams(EngineExecutionOrchestrator.java:141) ~[junit-platform-launcher-1.10.2.jar:1.10.2]
	at org.junit.platform.launcher.core.EngineExecutionOrchestrator.execute(EngineExecutionOrchestrator.java:57) ~[junit-platform-launcher-1.10.2.jar:1.10.2]
	at org.junit.platform.launcher.core.DefaultLauncher.execute(DefaultLauncher.java:103) ~[junit-platform-launcher-1.10.2.jar:1.10.2]
	at org.junit.platform.launcher.core.DefaultLauncher.execute(DefaultLauncher.java:85) ~[junit-platform-launcher-1.10.2.jar:1.10.2]
	at org.junit.platform.launcher.core.DelegatingLauncher.execute(DelegatingLauncher.java:47) ~[junit-platform-launcher-1.10.2.jar:1.10.2]
	at org.gradle.api.internal.tasks.testing.junitplatform.JUnitPlatformTestClassProcessor$CollectAllTestClassesExecutor.processAllTestClasses(JUnitPlatformTestClassProcessor.java:119) ~[na:na]
	at org.gradle.api.internal.tasks.testing.junitplatform.JUnitPlatformTestClassProcessor$CollectAllTestClassesExecutor.access$000(JUnitPlatformTestClassProcessor.java:94) ~[na:na]
	at org.gradle.api.internal.tasks.testing.junitplatform.JUnitPlatformTestClassProcessor.stop(JUnitPlatformTestClassProcessor.java:89) ~[na:na]
	at org.gradle.api.internal.tasks.testing.SuiteTestClassProcessor.stop(SuiteTestClassProcessor.java:62) ~[na:na]
	at java.base/jdk.internal.reflect.NativeMethodAccessorImpl.invoke0(Native Method) ~[na:na]
	at java.base/jdk.internal.reflect.NativeMethodAccessorImpl.invoke(NativeMethodAccessorImpl.java:77) ~[na:na]
	at java.base/jdk.internal.reflect.DelegatingMethodAccessorImpl.invoke(DelegatingMethodAccessorImpl.java:43) ~[na:na]
	at java.base/java.lang.reflect.Method.invoke(Method.java:568) ~[na:na]
	at org.gradle.internal.dispatch.ReflectionDispatch.dispatch(ReflectionDispatch.java:36) ~[na:na]
	at org.gradle.internal.dispatch.ReflectionDispatch.dispatch(ReflectionDispatch.java:24) ~[na:na]
	at org.gradle.internal.dispatch.ContextClassLoaderDispatch.dispatch(ContextClassLoaderDispatch.java:33) ~[na:na]
	at org.gradle.internal.dispatch.ProxyDispatchAdapter$DispatchingInvocationHandler.invoke(ProxyDispatchAdapter.java:94) ~[na:na]
	at jdk.proxy1/jdk.proxy1.$Proxy2.stop(Unknown Source) ~[na:na]
	at org.gradle.api.internal.tasks.testing.worker.TestWorker$3.run(TestWorker.java:193) ~[na:na]
	at org.gradle.api.internal.tasks.testing.worker.TestWorker.executeAndMaintainThreadName(TestWorker.java:129) ~[na:na]
	at org.gradle.api.internal.tasks.testing.worker.TestWorker.execute(TestWorker.java:100) ~[na:na]
	at org.gradle.api.internal.tasks.testing.worker.TestWorker.execute(TestWorker.java:60) ~[na:na]
	at org.gradle.process.internal.worker.child.ActionExecutionWorker.execute(ActionExecutionWorker.java:56) ~[na:na]
	at org.gradle.process.internal.worker.child.SystemApplicationClassLoaderWorker.call(SystemApplicationClassLoaderWorker.java:119) ~[na:na]
	at org.gradle.process.internal.worker.child.SystemApplicationClassLoaderWorker.call(SystemApplicationClassLoaderWorker.java:66) ~[na:na]
	at worker.org.gradle.process.internal.worker.GradleWorkerMain.run(GradleWorkerMain.java:69) ~[gradle-worker.jar:na]
	at worker.org.gradle.process.internal.worker.GradleWorkerMain.main(GradleWorkerMain.java:74) ~[gradle-worker.jar:na]

2024-11-18T12:45:51.313-04:00 DEBUG 24640 --- [examen2] [    Test worker] o.s.d.jpa.repository.query.NamedQuery    : Did not find named query Rol.findByNombre
2024-11-18T12:45:51.314-04:00 DEBUG 24640 --- [examen2] [    Test worker] tor$SharedEntityManagerInvocationHandler : Creating new EntityManager for shared EntityManager invocation
2024-11-18T12:45:51.317-04:00 DEBUG 24640 --- [examen2] [    Test worker] o.s.d.r.c.s.RepositoryFactorySupport     : Finished creation of repository instance for com.example.examen2.usuarios.repository.RolRepository.
2024-11-18T12:45:51.318-04:00 DEBUG 24640 --- [examen2] [    Test worker] o.s.b.f.s.DefaultListableBeanFactory     : Creating shared instance of singleton bean 'especialidadRepository'
2024-11-18T12:45:51.319-04:00 DEBUG 24640 --- [examen2] [    Test worker] o.s.b.f.s.DefaultListableBeanFactory     : Creating shared instance of singleton bean 'jpa.named-queries#4'
2024-11-18T12:45:51.319-04:00 DEBUG 24640 --- [examen2] [    Test worker] o.s.b.f.s.DefaultListableBeanFactory     : Creating shared instance of singleton bean 'jpa.EspecialidadRepository.fragments#0'
2024-11-18T12:45:51.319-04:00 DEBUG 24640 --- [examen2] [    Test worker] tor$SharedEntityManagerInvocationHandler : Creating new EntityManager for shared EntityManager invocation
2024-11-18T12:45:51.321-04:00 DEBUG 24640 --- [examen2] [    Test worker] o.s.d.r.c.s.RepositoryFactorySupport     : Initializing repository instance for com.example.examen2.especialidades.repository.EspecialidadRepository…
2024-11-18T12:45:51.321-04:00 DEBUG 24640 --- [examen2] [    Test worker] tor$SharedEntityManagerInvocationHandler : Creating new EntityManager for shared EntityManager invocation
2024-11-18T12:45:51.324-04:00 DEBUG 24640 --- [examen2] [    Test worker] o.s.d.r.c.s.RepositoryFactorySupport     : Finished creation of repository instance for com.example.examen2.especialidades.repository.EspecialidadRepository.
2024-11-18T12:45:51.326-04:00 DEBUG 24640 --- [examen2] [    Test worker] o.s.b.f.s.DefaultListableBeanFactory     : Creating shared instance of singleton bean 'pacienteService'
2024-11-18T12:45:51.327-04:00 DEBUG 24640 --- [examen2] [    Test worker] o.s.b.f.s.DefaultListableBeanFactory     : Creating shared instance of singleton bean 'especialidadService'
2024-11-18T12:45:51.328-04:00 DEBUG 24640 --- [examen2] [    Test worker] o.s.b.f.s.DefaultListableBeanFactory     : Creating shared instance of singleton bean 'databaseLoader'
2024-11-18T12:45:51.328-04:00 DEBUG 24640 --- [examen2] [    Test worker] o.s.b.f.s.DefaultListableBeanFactory     : Creating shared instance of singleton bean 'consultaController'
2024-11-18T12:45:51.330-04:00 DEBUG 24640 --- [examen2] [    Test worker] o.s.b.f.s.DefaultListableBeanFactory     : Creating shared instance of singleton bean 'consultaService'
2024-11-18T12:45:51.331-04:00 DEBUG 24640 --- [examen2] [    Test worker] o.s.b.f.s.DefaultListableBeanFactory     : Creating shared instance of singleton bean 'especialidadController'
2024-11-18T12:45:51.331-04:00 DEBUG 24640 --- [examen2] [    Test worker] o.s.b.f.s.DefaultListableBeanFactory     : Creating shared instance of singleton bean 'historialClinicoController'
2024-11-18T12:45:51.331-04:00 DEBUG 24640 --- [examen2] [    Test worker] o.s.b.f.s.DefaultListableBeanFactory     : Creating shared instance of singleton bean 'horarioController'
2024-11-18T12:45:51.332-04:00 DEBUG 24640 --- [examen2] [    Test worker] o.s.b.f.s.DefaultListableBeanFactory     : Creating shared instance of singleton bean 'medicoController'
2024-11-18T12:45:51.332-04:00 DEBUG 24640 --- [examen2] [    Test worker] o.s.b.f.s.DefaultListableBeanFactory     : Creating shared instance of singleton bean 'firebaseConfig'
Firebase inicializado correctamente.
2024-11-18T12:45:51.378-04:00 DEBUG 24640 --- [examen2] [    Test worker] o.s.b.f.s.DefaultListableBeanFactory     : Creating shared instance of singleton bean 'notificationController'
2024-11-18T12:45:51.379-04:00 DEBUG 24640 --- [examen2] [    Test worker] o.s.b.f.s.DefaultListableBeanFactory     : Creating shared instance of singleton bean 'pacienteController'
2024-11-18T12:45:51.379-04:00 DEBUG 24640 --- [examen2] [    Test worker] o.s.b.f.s.DefaultListableBeanFactory     : Creating shared instance of singleton bean 'procedimientoController'
2024-11-18T12:45:51.380-04:00 DEBUG 24640 --- [examen2] [    Test worker] o.s.b.f.s.DefaultListableBeanFactory     : Creating shared instance of singleton bean 'procedimientoService'
2024-11-18T12:45:51.383-04:00 DEBUG 24640 --- [examen2] [    Test worker] o.s.b.f.s.DefaultListableBeanFactory     : Creating shared instance of singleton bean 'reporteController'
2024-11-18T12:45:51.384-04:00 DEBUG 24640 --- [examen2] [    Test worker] o.s.b.f.s.DefaultListableBeanFactory     : Creating shared instance of singleton bean 'reporteService'
2024-11-18T12:45:51.384-04:00 DEBUG 24640 --- [examen2] [    Test worker] o.s.b.f.s.DefaultListableBeanFactory     : Creating shared instance of singleton bean 'reporteRepository'
2024-11-18T12:45:51.385-04:00 DEBUG 24640 --- [examen2] [    Test worker] o.s.b.f.s.DefaultListableBeanFactory     : Creating shared instance of singleton bean 'jpa.named-queries#6'
2024-11-18T12:45:51.385-04:00 DEBUG 24640 --- [examen2] [    Test worker] o.s.b.f.s.DefaultListableBeanFactory     : Creating shared instance of singleton bean 'jpa.ReporteRepository.fragments#0'
2024-11-18T12:45:51.388-04:00 DEBUG 24640 --- [examen2] [    Test worker] tor$SharedEntityManagerInvocationHandler : Creating new EntityManager for shared EntityManager invocation
2024-11-18T12:45:51.391-04:00 DEBUG 24640 --- [examen2] [    Test worker] o.s.d.r.c.s.RepositoryFactorySupport     : Initializing repository instance for com.example.examen2.reportes.repository.ReporteRepository…
2024-11-18T12:45:51.391-04:00 DEBUG 24640 --- [examen2] [    Test worker] tor$SharedEntityManagerInvocationHandler : Creating new EntityManager for shared EntityManager invocation
2024-11-18T12:45:51.393-04:00 DEBUG 24640 --- [examen2] [    Test worker] o.s.d.r.c.s.RepositoryFactorySupport     : Finished creation of repository instance for com.example.examen2.reportes.repository.ReporteRepository.
2024-11-18T12:45:51.394-04:00 DEBUG 24640 --- [examen2] [    Test worker] o.s.b.f.s.DefaultListableBeanFactory     : Creating shared instance of singleton bean 'rolController'
2024-11-18T12:45:51.394-04:00 DEBUG 24640 --- [examen2] [    Test worker] o.s.b.f.s.DefaultListableBeanFactory     : Creating shared instance of singleton bean 'rolService'
2024-11-18T12:45:51.395-04:00 DEBUG 24640 --- [examen2] [    Test worker] o.s.b.f.s.DefaultListableBeanFactory     : Creating shared instance of singleton bean 'testEntityController'
2024-11-18T12:45:51.396-04:00 DEBUG 24640 --- [examen2] [    Test worker] o.s.b.f.s.DefaultListableBeanFactory     : Creating shared instance of singleton bean 'testEntityRepository'
2024-11-18T12:45:51.396-04:00 DEBUG 24640 --- [examen2] [    Test worker] o.s.b.f.s.DefaultListableBeanFactory     : Creating shared instance of singleton bean 'jpa.named-queries#9'
2024-11-18T12:45:51.397-04:00 DEBUG 24640 --- [examen2] [    Test worker] o.s.b.f.s.DefaultListableBeanFactory     : Creating shared instance of singleton bean 'jpa.TestEntityRepository.fragments#0'
2024-11-18T12:45:51.397-04:00 DEBUG 24640 --- [examen2] [    Test worker] tor$SharedEntityManagerInvocationHandler : Creating new EntityManager for shared EntityManager invocation
2024-11-18T12:45:51.398-04:00 DEBUG 24640 --- [examen2] [    Test worker] o.s.d.r.c.s.RepositoryFactorySupport     : Initializing repository instance for com.example.examen2.usuarios.repository.TestEntityRepository…
2024-11-18T12:45:51.398-04:00 DEBUG 24640 --- [examen2] [    Test worker] tor$SharedEntityManagerInvocationHandler : Creating new EntityManager for shared EntityManager invocation
2024-11-18T12:45:51.401-04:00 DEBUG 24640 --- [examen2] [    Test worker] o.s.d.r.c.s.RepositoryFactorySupport     : Finished creation of repository instance for com.example.examen2.usuarios.repository.TestEntityRepository.
2024-11-18T12:45:51.402-04:00 DEBUG 24640 --- [examen2] [    Test worker] o.s.b.f.s.DefaultListableBeanFactory     : Creating shared instance of singleton bean 'usuarioController'
2024-11-18T12:45:51.403-04:00 DEBUG 24640 --- [examen2] [    Test worker] o.s.b.f.s.DefaultListableBeanFactory     : Creating shared instance of singleton bean 'usuarioService'
2024-11-18T12:45:51.403-04:00 DEBUG 24640 --- [examen2] [    Test worker] o.s.b.f.s.DefaultListableBeanFactory     : Creating shared instance of singleton bean 'org.springframework.security.config.annotation.web.configuration.WebSecurityConfiguration'
2024-11-18T12:45:51.409-04:00 DEBUG 24640 --- [examen2] [    Test worker] o.s.b.f.s.DefaultListableBeanFactory     : Creating shared instance of singleton bean 'mvcHandlerMappingIntrospectorRequestTransformer'
2024-11-18T12:45:51.409-04:00 DEBUG 24640 --- [examen2] [    Test worker] o.s.b.f.s.DefaultListableBeanFactory     : Creating shared instance of singleton bean 'mvcHandlerMappingIntrospector'
2024-11-18T12:45:51.411-04:00 DEBUG 24640 --- [examen2] [    Test worker] o.s.b.f.s.DefaultListableBeanFactory     : Creating shared instance of singleton bean 'welcomePageHandlerMapping'
2024-11-18T12:45:51.412-04:00 DEBUG 24640 --- [examen2] [    Test worker] o.s.b.f.s.DefaultListableBeanFactory     : Creating shared instance of singleton bean 'mvcConversionService'
2024-11-18T12:45:51.420-04:00 DEBUG 24640 --- [examen2] [    Test worker] o.s.b.f.s.DefaultListableBeanFactory     : Creating shared instance of singleton bean 'mvcResourceUrlProvider'
2024-11-18T12:45:51.421-04:00 DEBUG 24640 --- [examen2] [    Test worker] o.s.b.f.s.DefaultListableBeanFactory     : Autowiring by type from bean name 'welcomePageHandlerMapping' via factory method to bean named 'org.springframework.web.context.support.GenericWebApplicationContext@398474a2'
2024-11-18T12:45:51.421-04:00 DEBUG 24640 --- [examen2] [    Test worker] o.s.b.f.s.DefaultListableBeanFactory     : Autowiring by type from bean name 'welcomePageHandlerMapping' via factory method to bean named 'mvcConversionService'
2024-11-18T12:45:51.421-04:00 DEBUG 24640 --- [examen2] [    Test worker] o.s.b.f.s.DefaultListableBeanFactory     : Autowiring by type from bean name 'welcomePageHandlerMapping' via factory method to bean named 'mvcResourceUrlProvider'
2024-11-18T12:45:51.430-04:00 DEBUG 24640 --- [examen2] [    Test worker] o.s.b.f.s.DefaultListableBeanFactory     : Creating shared instance of singleton bean 'welcomePageNotAcceptableHandlerMapping'
2024-11-18T12:45:51.430-04:00 DEBUG 24640 --- [examen2] [    Test worker] o.s.b.f.s.DefaultListableBeanFactory     : Autowiring by type from bean name 'welcomePageNotAcceptableHandlerMapping' via factory method to bean named 'org.springframework.web.context.support.GenericWebApplicationContext@398474a2'
2024-11-18T12:45:51.430-04:00 DEBUG 24640 --- [examen2] [    Test worker] o.s.b.f.s.DefaultListableBeanFactory     : Autowiring by type from bean name 'welcomePageNotAcceptableHandlerMapping' via factory method to bean named 'mvcConversionService'
2024-11-18T12:45:51.430-04:00 DEBUG 24640 --- [examen2] [    Test worker] o.s.b.f.s.DefaultListableBeanFactory     : Autowiring by type from bean name 'welcomePageNotAcceptableHandlerMapping' via factory method to bean named 'mvcResourceUrlProvider'
2024-11-18T12:45:51.434-04:00 DEBUG 24640 --- [examen2] [    Test worker] o.s.b.f.s.DefaultListableBeanFactory     : Creating shared instance of singleton bean 'requestMappingHandlerMapping'
2024-11-18T12:45:51.435-04:00 DEBUG 24640 --- [examen2] [    Test worker] o.s.b.f.s.DefaultListableBeanFactory     : Autowiring by type from bean name 'requestMappingHandlerMapping' via factory method to bean named 'mvcContentNegotiationManager'
2024-11-18T12:45:51.435-04:00 DEBUG 24640 --- [examen2] [    Test worker] o.s.b.f.s.DefaultListableBeanFactory     : Autowiring by type from bean name 'requestMappingHandlerMapping' via factory method to bean named 'mvcConversionService'
2024-11-18T12:45:51.435-04:00 DEBUG 24640 --- [examen2] [    Test worker] o.s.b.f.s.DefaultListableBeanFactory     : Autowiring by type from bean name 'requestMappingHandlerMapping' via factory method to bean named 'mvcResourceUrlProvider'
2024-11-18T12:45:51.464-04:00 DEBUG 24640 --- [examen2] [    Test worker] _.s.web.servlet.HandlerMapping.Mappings  : 
	c.e.e.a.c.AnalisisController:
	{GET [/api/analisis/paciente/{pacienteId}]}: obtenerAnalisisPorPaciente(Long)
	{GET [/api/analisis/medico/{medicoId}]}: obtenerAnalisisPorMedico(Long)
	{GET [/api/analisis]}: obtenerTodosLosAnalisis()
	{POST [/api/analisis], consumes [multipart/form-data]}: crearAnalisis(Long,Long,String,String,String,MultipartFile)
2024-11-18T12:45:51.472-04:00 DEBUG 24640 --- [examen2] [    Test worker] _.s.web.servlet.HandlerMapping.Mappings  : 
	c.e.e.a.JwtAuthenticationController:
	{POST [/authenticate/]}: createAuthenticationToken(JwtRequest)
2024-11-18T12:45:51.475-04:00 DEBUG 24640 --- [examen2] [    Test worker] _.s.web.servlet.HandlerMapping.Mappings  : 
	c.e.e.c.c.CitaCancelacionController:
	{POST [/api/citas/cancelar/paciente]}: cancelarCitaPorPaciente(Long,Long)
	{POST [/api/citas/cancelar/medico]}: cancelarCitaPorMedico(Long,Long)
	{POST [/api/citas/aceptar]}: aceptarCita(Long,Long,String)
2024-11-18T12:45:51.479-04:00 DEBUG 24640 --- [examen2] [    Test worker] _.s.web.servlet.HandlerMapping.Mappings  : 
	c.e.e.c.c.CitaController:
	{GET [/api/citas/horas-disponibles]}: obtenerHorasDisponibles(LocalDate,Long)
	{PUT [/api/citas/{id}]}: actualizarCita(Long,CitaDTO)
	{POST [/api/citas/agendar]}: agendarCita(CitaRequest)
	{DELETE [/api/citas/{id}]}: eliminarCita(Long)
	{GET [/api/citas]}: obtenerCitas()
2024-11-18T12:45:51.483-04:00 DEBUG 24640 --- [examen2] [    Test worker] _.s.web.servlet.HandlerMapping.Mappings  : 
	c.e.e.c.c.ConsultaController:
	{GET [/api/consultas/paciente/{pacienteId}]}: obtenerConsultasPaciente(Long)
	{GET [/api/consultas/medico/{medicoId}]}: obtenerConsultasMedico(Long)
	{GET [/api/consultas]}: obtenerTodasLasConsultas()
	{POST [/api/consultas]}: crearConsulta(ConsultaDTO)
	{DELETE [/api/consultas/{id}]}: eliminarConsulta(Long)
2024-11-18T12:45:51.487-04:00 DEBUG 24640 --- [examen2] [    Test worker] _.s.web.servlet.HandlerMapping.Mappings  : 
	c.e.e.e.c.EspecialidadController:
	{GET [/api/especialidades]}: getAllEspecialidades()
	{DELETE [/api/especialidades/{id}]}: deleteEspecialidad(Long)
	{POST [/api/especialidades]}: createEspecialidad(Especialidad)
	{PUT [/api/especialidades/{id}]}: updateEspecialidad(Long,Especialidad)
	{GET [/api/especialidades/{id}]}: getEspecialidadById(Long)
2024-11-18T12:45:51.491-04:00 DEBUG 24640 --- [examen2] [    Test worker] _.s.web.servlet.HandlerMapping.Mappings  : 
	c.e.e.h.c.HistorialClinicoController:
	{GET [/api/historiales-clinicos/paciente/{pacienteId}]}: obtenerHistorialPorPaciente(Long)
2024-11-18T12:45:51.493-04:00 DEBUG 24640 --- [examen2] [    Test worker] _.s.web.servlet.HandlerMapping.Mappings  : 
	c.e.e.h.c.HorarioController:
	{GET [/api/horarios/medico/{medicoId}]}: obtenerHorariosPorMedico(Long)
	{DELETE [/api/horarios/{horarioId}]}: eliminarHorario(Long)
	{PUT [/api/horarios/{horarioId}]}: actualizarHorario(Long,HorarioDTO)
	{POST [/api/horarios/medico/{medicoId}]}: crearHorario(Long,HorarioDTO)
2024-11-18T12:45:51.498-04:00 DEBUG 24640 --- [examen2] [    Test worker] _.s.web.servlet.HandlerMapping.Mappings  : 
	c.e.e.m.c.MedicoController:
	{GET [/api/medicos/{id}]}: getMedicoById(Long)
	{PUT [/api/medicos/{id}]}: updateMedico(Long,MedicoDTO)
	{DELETE [/api/medicos/{id}]}: deleteMedico(Long)
	{GET [/api/medicos]}: getAllMedicos()
	{POST [/api/medicos]}: createMedico(MedicoDTO)
2024-11-18T12:45:51.500-04:00 DEBUG 24640 --- [examen2] [    Test worker] _.s.web.servlet.HandlerMapping.Mappings  : 
	c.e.e.n.c.NotificationController:
	{POST [/api/notifications/send]}: sendNotification(String,String,String)
2024-11-18T12:45:51.501-04:00 DEBUG 24640 --- [examen2] [    Test worker] _.s.web.servlet.HandlerMapping.Mappings  : 
	c.e.e.p.c.PacienteController:
	{POST [/api/pacientes/cargar]}: cargarExcel(MultipartFile)
	{GET [/api/pacientes]}: getAllPacientes()
2024-11-18T12:45:51.504-04:00 DEBUG 24640 --- [examen2] [    Test worker] _.s.web.servlet.HandlerMapping.Mappings  : 
	c.e.e.p.c.ProcedimientoController:
	{GET [/api/procedimientos]}: obtenerTodosLosProcedimientos()
	{DELETE [/api/procedimientos/{id}]}: eliminarProcedimiento(Long)
	{GET [/api/procedimientos/paciente/{pacienteId}]}: obtenerPorPaciente(Long)
	{GET [/api/procedimientos/medico/{medicoId}]}: obtenerPorMedico(Long)
	{POST [/api/procedimientos], consumes [multipart/form-data]}: crearProcedimiento(Long,Long,Long,String,String,MultipartFile)
2024-11-18T12:45:51.506-04:00 DEBUG 24640 --- [examen2] [    Test worker] _.s.web.servlet.HandlerMapping.Mappings  : 
	c.e.e.r.c.ReporteController:
	{GET [/api/reportes]}: obtenerTodosLosReportes()
	{POST [/api/reportes]}: crearReporte(Map)
	{DELETE [/api/reportes/{id}]}: eliminarReporte(Long)
2024-11-18T12:45:51.508-04:00 DEBUG 24640 --- [examen2] [    Test worker] _.s.web.servlet.HandlerMapping.Mappings  : 
	c.e.e.u.c.RolController:
	{PUT [/roles/{id}]}: updateRol(Long,Rol)
	{POST [/roles/]}: createRol(Rol)
	{DELETE [/roles/{id}]}: deleteRol(Long)
	{GET [/roles/{id}]}: getRolById(Long)
	{GET [/roles/]}: getAllRoles()
2024-11-18T12:45:51.509-04:00 DEBUG 24640 --- [examen2] [    Test worker] _.s.web.servlet.HandlerMapping.Mappings  : 
	c.e.e.u.c.TestEntityController:
	{POST [/test]}: create(TestEntity)
	{GET [/test]}: getAll()
2024-11-18T12:45:51.513-04:00 DEBUG 24640 --- [examen2] [    Test worker] _.s.web.servlet.HandlerMapping.Mappings  : 
	c.e.e.u.c.UsuarioController:
	{GET [/usuarios/{id}]}: getUsuarioById(Long)
	{PUT [/usuarios/{id}]}: updateUsuario(Long,Usuario)
	{PATCH [/usuarios/{id}/fcm-token]}: updateFcmToken(Long,String)
	{OPTIONS [/usuarios/{id}]}: handleOptions()
	{POST [/usuarios/]}: createUsuario(Usuario)
	{GET [/usuarios/]}: getAllUsuarios()
	{DELETE [/usuarios/{id}]}: deleteUsuario(Long)
2024-11-18T12:45:51.518-04:00 DEBUG 24640 --- [examen2] [    Test worker] _.s.web.servlet.HandlerMapping.Mappings  : 
	o.s.b.a.w.s.e.BasicErrorController:
	{ [/error]}: error(HttpServletRequest)
	{ [/error], produces [text/html]}: errorHtml(HttpServletRequest,HttpServletResponse)
2024-11-18T12:45:51.522-04:00 DEBUG 24640 --- [examen2] [    Test worker] s.w.s.m.m.a.RequestMappingHandlerMapping : 60 mappings in 'requestMappingHandlerMapping'
2024-11-18T12:45:51.524-04:00 DEBUG 24640 --- [examen2] [    Test worker] o.s.b.f.s.DefaultListableBeanFactory     : Creating shared instance of singleton bean 'viewControllerHandlerMapping'
2024-11-18T12:45:51.526-04:00 DEBUG 24640 --- [examen2] [    Test worker] o.s.b.f.s.DefaultListableBeanFactory     : Autowiring by type from bean name 'viewControllerHandlerMapping' via factory method to bean named 'mvcConversionService'
2024-11-18T12:45:51.526-04:00 DEBUG 24640 --- [examen2] [    Test worker] o.s.b.f.s.DefaultListableBeanFactory     : Autowiring by type from bean name 'viewControllerHandlerMapping' via factory method to bean named 'mvcResourceUrlProvider'
2024-11-18T12:45:51.526-04:00 DEBUG 24640 --- [examen2] [    Test worker] o.s.b.f.s.DefaultListableBeanFactory     : Creating shared instance of singleton bean 'beanNameHandlerMapping'
2024-11-18T12:45:51.526-04:00 DEBUG 24640 --- [examen2] [    Test worker] o.s.b.f.s.DefaultListableBeanFactory     : Autowiring by type from bean name 'beanNameHandlerMapping' via factory method to bean named 'mvcConversionService'
2024-11-18T12:45:51.526-04:00 DEBUG 24640 --- [examen2] [    Test worker] o.s.b.f.s.DefaultListableBeanFactory     : Autowiring by type from bean name 'beanNameHandlerMapping' via factory method to bean named 'mvcResourceUrlProvider'
2024-11-18T12:45:51.528-04:00 DEBUG 24640 --- [examen2] [    Test worker] _.s.web.servlet.HandlerMapping.Mappings  : 'beanNameHandlerMapping' {}
2024-11-18T12:45:51.530-04:00 DEBUG 24640 --- [examen2] [    Test worker] o.s.b.f.s.DefaultListableBeanFactory     : Creating shared instance of singleton bean 'routerFunctionMapping'
2024-11-18T12:45:51.530-04:00 DEBUG 24640 --- [examen2] [    Test worker] o.s.b.f.s.DefaultListableBeanFactory     : Autowiring by type from bean name 'routerFunctionMapping' via factory method to bean named 'mvcConversionService'
2024-11-18T12:45:51.530-04:00 DEBUG 24640 --- [examen2] [    Test worker] o.s.b.f.s.DefaultListableBeanFactory     : Autowiring by type from bean name 'routerFunctionMapping' via factory method to bean named 'mvcResourceUrlProvider'
2024-11-18T12:45:51.533-04:00 DEBUG 24640 --- [examen2] [    Test worker] o.s.b.f.s.DefaultListableBeanFactory     : Creating shared instance of singleton bean 'messageConverters'
2024-11-18T12:45:51.533-04:00 DEBUG 24640 --- [examen2] [    Test worker] o.s.b.f.s.DefaultListableBeanFactory     : Creating shared instance of singleton bean 'org.springframework.boot.autoconfigure.http.HttpMessageConvertersAutoConfiguration'
2024-11-18T12:45:51.537-04:00 DEBUG 24640 --- [examen2] [    Test worker] o.s.b.f.s.DefaultListableBeanFactory     : Creating shared instance of singleton bean 'stringHttpMessageConverter'
2024-11-18T12:45:51.537-04:00 DEBUG 24640 --- [examen2] [    Test worker] o.s.b.f.s.DefaultListableBeanFactory     : Creating shared instance of singleton bean 'org.springframework.boot.autoconfigure.http.HttpMessageConvertersAutoConfiguration$StringHttpMessageConverterConfiguration'
2024-11-18T12:45:51.538-04:00 DEBUG 24640 --- [examen2] [    Test worker] o.s.b.f.s.DefaultListableBeanFactory     : Autowiring by type from bean name 'stringHttpMessageConverter' via factory method to bean named 'environment'
2024-11-18T12:45:51.542-04:00 DEBUG 24640 --- [examen2] [    Test worker] o.s.b.f.s.DefaultListableBeanFactory     : Creating shared instance of singleton bean 'mappingJackson2HttpMessageConverter'
2024-11-18T12:45:51.542-04:00 DEBUG 24640 --- [examen2] [    Test worker] o.s.b.f.s.DefaultListableBeanFactory     : Creating shared instance of singleton bean 'org.springframework.boot.autoconfigure.http.JacksonHttpMessageConvertersConfiguration$MappingJackson2HttpMessageConverterConfiguration'
2024-11-18T12:45:51.543-04:00 DEBUG 24640 --- [examen2] [    Test worker] o.s.b.f.s.DefaultListableBeanFactory     : Creating shared instance of singleton bean 'jacksonObjectMapper'
2024-11-18T12:45:51.543-04:00 DEBUG 24640 --- [examen2] [    Test worker] o.s.b.f.s.DefaultListableBeanFactory     : Creating shared instance of singleton bean 'org.springframework.boot.autoconfigure.jackson.JacksonAutoConfiguration$JacksonObjectMapperConfiguration'
2024-11-18T12:45:51.544-04:00 DEBUG 24640 --- [examen2] [    Test worker] o.s.b.f.s.DefaultListableBeanFactory     : Creating shared instance of singleton bean 'org.springframework.boot.autoconfigure.jackson.JacksonAutoConfiguration$JacksonObjectMapperBuilderConfiguration'
2024-11-18T12:45:51.544-04:00 DEBUG 24640 --- [examen2] [    Test worker] o.s.b.f.s.DefaultListableBeanFactory     : Creating shared instance of singleton bean 'standardJacksonObjectMapperBuilderCustomizer'
2024-11-18T12:45:51.544-04:00 DEBUG 24640 --- [examen2] [    Test worker] o.s.b.f.s.DefaultListableBeanFactory     : Creating shared instance of singleton bean 'org.springframework.boot.autoconfigure.jackson.JacksonAutoConfiguration$Jackson2ObjectMapperBuilderCustomizerConfiguration'
2024-11-18T12:45:51.545-04:00 DEBUG 24640 --- [examen2] [    Test worker] o.s.b.f.s.DefaultListableBeanFactory     : Creating shared instance of singleton bean 'spring.jackson-org.springframework.boot.autoconfigure.jackson.JacksonProperties'
2024-11-18T12:45:51.548-04:00 DEBUG 24640 --- [examen2] [    Test worker] o.s.b.f.s.DefaultListableBeanFactory     : Autowiring by type from bean name 'standardJacksonObjectMapperBuilderCustomizer' via factory method to bean named 'spring.jackson-org.springframework.boot.autoconfigure.jackson.JacksonProperties'
2024-11-18T12:45:51.549-04:00 DEBUG 24640 --- [examen2] [    Test worker] o.s.b.f.s.DefaultListableBeanFactory     : Creating shared instance of singleton bean 'parameterNamesModule'
2024-11-18T12:45:51.549-04:00 DEBUG 24640 --- [examen2] [    Test worker] o.s.b.f.s.DefaultListableBeanFactory     : Creating shared instance of singleton bean 'org.springframework.boot.autoconfigure.jackson.JacksonAutoConfiguration$ParameterNamesModuleConfiguration'
2024-11-18T12:45:51.558-04:00 DEBUG 24640 --- [examen2] [    Test worker] o.s.b.f.s.DefaultListableBeanFactory     : Creating shared instance of singleton bean 'jsonMixinModule'
2024-11-18T12:45:51.558-04:00 DEBUG 24640 --- [examen2] [    Test worker] o.s.b.f.s.DefaultListableBeanFactory     : Creating shared instance of singleton bean 'org.springframework.boot.autoconfigure.jackson.JacksonAutoConfiguration$JacksonMixinConfiguration'
2024-11-18T12:45:51.559-04:00 DEBUG 24640 --- [examen2] [    Test worker] o.s.b.f.s.DefaultListableBeanFactory     : Creating shared instance of singleton bean 'jsonMixinModuleEntries'
2024-11-18T12:45:51.559-04:00 DEBUG 24640 --- [examen2] [    Test worker] o.s.b.f.s.DefaultListableBeanFactory     : Autowiring by type from bean name 'jsonMixinModuleEntries' via factory method to bean named 'org.springframework.web.context.support.GenericWebApplicationContext@398474a2'
2024-11-18T12:45:51.569-04:00 DEBUG 24640 --- [examen2] [    Test worker] o.s.b.f.s.DefaultListableBeanFactory     : Autowiring by type from bean name 'jsonMixinModule' via factory method to bean named 'org.springframework.web.context.support.GenericWebApplicationContext@398474a2'
2024-11-18T12:45:51.569-04:00 DEBUG 24640 --- [examen2] [    Test worker] o.s.b.f.s.DefaultListableBeanFactory     : Autowiring by type from bean name 'jsonMixinModule' via factory method to bean named 'jsonMixinModuleEntries'
2024-11-18T12:45:51.570-04:00 DEBUG 24640 --- [examen2] [    Test worker] o.s.b.f.s.DefaultListableBeanFactory     : Creating shared instance of singleton bean 'jsonComponentModule'
2024-11-18T12:45:51.571-04:00 DEBUG 24640 --- [examen2] [    Test worker] o.s.b.f.s.DefaultListableBeanFactory     : Creating shared instance of singleton bean 'org.springframework.boot.autoconfigure.jackson.JacksonAutoConfiguration'
2024-11-18T12:45:51.574-04:00 DEBUG 24640 --- [examen2] [    Test worker] o.s.b.f.s.DefaultListableBeanFactory     : Creating shared instance of singleton bean 'jacksonGeoModule'
2024-11-18T12:45:51.574-04:00 DEBUG 24640 --- [examen2] [    Test worker] o.s.b.f.s.DefaultListableBeanFactory     : Creating shared instance of singleton bean 'org.springframework.data.web.config.SpringDataJacksonConfiguration'
2024-11-18T12:45:51.580-04:00 DEBUG 24640 --- [examen2] [    Test worker] o.s.b.f.s.DefaultListableBeanFactory     : Creating shared instance of singleton bean 'pageModule'
2024-11-18T12:45:51.583-04:00 DEBUG 24640 --- [examen2] [    Test worker] o.s.b.f.s.DefaultListableBeanFactory     : Autowiring by type from bean name 'jacksonObjectMapperBuilder' via factory method to bean named 'org.springframework.web.context.support.GenericWebApplicationContext@398474a2'
2024-11-18T12:45:51.583-04:00 DEBUG 24640 --- [examen2] [    Test worker] o.s.b.f.s.DefaultListableBeanFactory     : Autowiring by type from bean name 'jacksonObjectMapperBuilder' via factory method to bean named 'standardJacksonObjectMapperBuilderCustomizer'
2024-11-18T12:45:51.585-04:00 DEBUG 24640 --- [examen2] [    Test worker] o.s.b.f.s.DefaultListableBeanFactory     : Autowiring by type from bean name 'jacksonObjectMapper' via factory method to bean named 'jacksonObjectMapperBuilder'
2024-11-18T12:45:51.596-04:00 DEBUG 24640 --- [examen2] [    Test worker] o.s.b.f.s.DefaultListableBeanFactory     : Autowiring by type from bean name 'mappingJackson2HttpMessageConverter' via factory method to bean named 'jacksonObjectMapper'
2024-11-18T12:45:51.641-04:00 DEBUG 24640 --- [examen2] [    Test worker] o.s.b.f.s.DefaultListableBeanFactory     : Creating shared instance of singleton bean 'resourceHandlerMapping'
2024-11-18T12:45:51.642-04:00 DEBUG 24640 --- [examen2] [    Test worker] o.s.b.f.s.DefaultListableBeanFactory     : Autowiring by type from bean name 'resourceHandlerMapping' via factory method to bean named 'mvcContentNegotiationManager'
2024-11-18T12:45:51.642-04:00 DEBUG 24640 --- [examen2] [    Test worker] o.s.b.f.s.DefaultListableBeanFactory     : Autowiring by type from bean name 'resourceHandlerMapping' via factory method to bean named 'mvcConversionService'
2024-11-18T12:45:51.642-04:00 DEBUG 24640 --- [examen2] [    Test worker] o.s.b.f.s.DefaultListableBeanFactory     : Autowiring by type from bean name 'resourceHandlerMapping' via factory method to bean named 'mvcResourceUrlProvider'
2024-11-18T12:45:51.649-04:00 DEBUG 24640 --- [examen2] [    Test worker] _.s.web.servlet.HandlerMapping.Mappings  : 'resourceHandlerMapping' {/webjars/**=ResourceHttpRequestHandler [classpath [META-INF/resources/webjars/]], /static/**=ResourceHttpRequestHandler [classpath [static/], URL [file:src/main/resources/static/uploads/], ServletContext [/]]}
2024-11-18T12:45:51.652-04:00 DEBUG 24640 --- [examen2] [    Test worker] o.s.b.f.s.DefaultListableBeanFactory     : Creating shared instance of singleton bean 'defaultServletHandlerMapping'
2024-11-18T12:45:51.656-04:00 DEBUG 24640 --- [examen2] [    Test worker] o.s.b.f.s.DefaultListableBeanFactory     : Creating shared instance of singleton bean 'securityFilterChain'
2024-11-18T12:45:51.657-04:00 DEBUG 24640 --- [examen2] [    Test worker] o.s.b.f.s.DefaultListableBeanFactory     : Autowiring by type from bean name 'securityFilterChain' via factory method to bean named 'org.springframework.security.config.annotation.web.configuration.HttpSecurityConfiguration.httpSecurity'
2024-11-18T12:45:51.672-04:00  INFO 24640 --- [examen2] [    Test worker] o.s.s.web.DefaultSecurityFilterChain     : Will secure any request with [org.springframework.security.web.session.DisableEncodeUrlFilter@1a4fa5df, org.springframework.security.web.context.request.async.WebAsyncManagerIntegrationFilter@238869e8, org.springframework.security.web.context.SecurityContextHolderFilter@7953699e, org.springframework.security.web.header.HeaderWriterFilter@75ad8ca8, org.springframework.security.web.authentication.logout.LogoutFilter@e909344, org.springframework.security.web.savedrequest.RequestCacheAwareFilter@4644f3d4, org.springframework.security.web.servletapi.SecurityContextHolderAwareRequestFilter@240e8240, org.springframework.security.web.authentication.AnonymousAuthenticationFilter@7aadd290, org.springframework.security.web.session.SessionManagementFilter@6e6d4a64, org.springframework.security.web.access.ExceptionTranslationFilter@6068e9d9, org.springframework.security.web.access.intercept.AuthorizationFilter@3f30c9cf]
2024-11-18T12:45:51.673-04:00 DEBUG 24640 --- [examen2] [    Test worker] o.s.b.f.s.DefaultListableBeanFactory     : Creating shared instance of singleton bean 'delegatingApplicationListener'
2024-11-18T12:45:51.674-04:00 DEBUG 24640 --- [examen2] [    Test worker] o.s.b.f.s.DefaultListableBeanFactory     : Creating shared instance of singleton bean 'springSecurityFilterChain'
2024-11-18T12:45:51.680-04:00 DEBUG 24640 --- [examen2] [    Test worker] o.s.b.f.s.DefaultListableBeanFactory     : Creating shared instance of singleton bean 'webSecurityExpressionHandler'
2024-11-18T12:45:51.681-04:00 DEBUG 24640 --- [examen2] [    Test worker] o.s.b.f.s.DefaultListableBeanFactory     : Creating shared instance of singleton bean 'privilegeEvaluator'
2024-11-18T12:45:51.681-04:00 DEBUG 24640 --- [examen2] [    Test worker] o.s.b.f.s.DefaultListableBeanFactory     : Creating shared instance of singleton bean 'requestDataValueProcessor'
2024-11-18T12:45:51.682-04:00 DEBUG 24640 --- [examen2] [    Test worker] o.s.b.f.s.DefaultListableBeanFactory     : Creating shared instance of singleton bean 'initDatabase'
2024-11-18T12:45:51.682-04:00 DEBUG 24640 --- [examen2] [    Test worker] o.s.b.f.s.DefaultListableBeanFactory     : Autowiring by type from bean name 'initDatabase' via factory method to bean named 'rolRepository'
2024-11-18T12:45:51.682-04:00 DEBUG 24640 --- [examen2] [    Test worker] o.s.b.f.s.DefaultListableBeanFactory     : Autowiring by type from bean name 'initDatabase' via factory method to bean named 'especialidadRepository'
2024-11-18T12:45:51.682-04:00 DEBUG 24640 --- [examen2] [    Test worker] o.s.b.f.s.DefaultListableBeanFactory     : Autowiring by type from bean name 'initDatabase' via factory method to bean named 'medicoRepository'
2024-11-18T12:45:51.682-04:00 DEBUG 24640 --- [examen2] [    Test worker] o.s.b.f.s.DefaultListableBeanFactory     : Autowiring by type from bean name 'initDatabase' via factory method to bean named 'usuarioRepository'
2024-11-18T12:45:51.682-04:00 DEBUG 24640 --- [examen2] [    Test worker] o.s.b.f.s.DefaultListableBeanFactory     : Autowiring by type from bean name 'initDatabase' via factory method to bean named 'horarioRepository'
2024-11-18T12:45:51.682-04:00 DEBUG 24640 --- [examen2] [    Test worker] o.s.b.f.s.DefaultListableBeanFactory     : Autowiring by type from bean name 'initDatabase' via factory method to bean named 'passwordEncoder'
2024-11-18T12:45:51.682-04:00 DEBUG 24640 --- [examen2] [    Test worker] o.s.b.f.s.DefaultListableBeanFactory     : Creating shared instance of singleton bean 'corsConfigurationSource'
2024-11-18T12:45:51.684-04:00 DEBUG 24640 --- [examen2] [    Test worker] o.s.b.f.s.DefaultListableBeanFactory     : Creating shared instance of singleton bean 'org.springframework.boot.autoconfigure.context.PropertyPlaceholderAutoConfiguration'
2024-11-18T12:45:51.684-04:00 DEBUG 24640 --- [examen2] [    Test worker] o.s.b.f.s.DefaultListableBeanFactory     : Creating shared instance of singleton bean 'org.springframework.boot.autoconfigure.ssl.SslAutoConfiguration'
2024-11-18T12:45:51.684-04:00 DEBUG 24640 --- [examen2] [    Test worker] o.s.b.f.s.DefaultListableBeanFactory     : Creating shared instance of singleton bean 'spring.ssl-org.springframework.boot.autoconfigure.ssl.SslProperties'
2024-11-18T12:45:51.685-04:00 DEBUG 24640 --- [examen2] [    Test worker] o.s.b.f.s.DefaultListableBeanFactory     : Autowiring by type from bean name 'org.springframework.boot.autoconfigure.ssl.SslAutoConfiguration' via constructor to bean named 'spring.ssl-org.springframework.boot.autoconfigure.ssl.SslProperties'
2024-11-18T12:45:51.685-04:00 DEBUG 24640 --- [examen2] [    Test worker] o.s.b.f.s.DefaultListableBeanFactory     : Creating shared instance of singleton bean 'fileWatcher'
2024-11-18T12:45:51.689-04:00 DEBUG 24640 --- [examen2] [    Test worker] o.s.b.f.s.DefaultListableBeanFactory     : Creating shared instance of singleton bean 'sslPropertiesSslBundleRegistrar'
2024-11-18T12:45:51.689-04:00 DEBUG 24640 --- [examen2] [    Test worker] o.s.b.f.s.DefaultListableBeanFactory     : Autowiring by type from bean name 'sslPropertiesSslBundleRegistrar' via factory method to bean named 'fileWatcher'
2024-11-18T12:45:51.690-04:00 DEBUG 24640 --- [examen2] [    Test worker] o.s.b.f.s.DefaultListableBeanFactory     : Creating shared instance of singleton bean 'sslBundleRegistry'
2024-11-18T12:45:51.692-04:00 DEBUG 24640 --- [examen2] [    Test worker] o.s.b.f.s.DefaultListableBeanFactory     : Creating shared instance of singleton bean 'org.springframework.boot.autoconfigure.websocket.servlet.WebSocketServletAutoConfiguration$TomcatWebSocketConfiguration'
2024-11-18T12:45:51.692-04:00 DEBUG 24640 --- [examen2] [    Test worker] o.s.b.f.s.DefaultListableBeanFactory     : Creating shared instance of singleton bean 'websocketServletWebServerCustomizer'
2024-11-18T12:45:51.693-04:00 DEBUG 24640 --- [examen2] [    Test worker] o.s.b.f.s.DefaultListableBeanFactory     : Creating shared instance of singleton bean 'org.springframework.boot.autoconfigure.websocket.servlet.WebSocketServletAutoConfiguration'
2024-11-18T12:45:51.693-04:00 DEBUG 24640 --- [examen2] [    Test worker] o.s.b.f.s.DefaultListableBeanFactory     : Creating shared instance of singleton bean 'org.springframework.boot.autoconfigure.web.servlet.ServletWebServerFactoryConfiguration$EmbeddedTomcat'
2024-11-18T12:45:51.694-04:00 DEBUG 24640 --- [examen2] [    Test worker] o.s.b.f.s.DefaultListableBeanFactory     : Creating shared instance of singleton bean 'tomcatServletWebServerFactory'
2024-11-18T12:45:51.711-04:00 DEBUG 24640 --- [examen2] [    Test worker] o.a.catalina.core.AprLifecycleListener   : The Apache Tomcat Native library could not be found using names [tcnative-2, libtcnative-2, tcnative-1, libtcnative-1] on the java.library.path [C:\Program Files\Java\jdk-17.0.3\bin;C:\Windows\Sun\Java\bin;C:\Windows\system32;C:\Windows;C:\Program Files\Microsoft MPI\Bin\;C:\Program Files\Common Files\Oracle\Java\javapath;C:\Program Files (x86)\Common Files\Oracle\Java\javapath;C:\Users\aliss\AppData\Local\Programs\Python\Python311\Scripts\;C:\Users\aliss\AppData\Local\Programs\Python\Python311\;C:\Windows\system32;C:\Windows;C:\Windows\System32\Wbem;C:\Windows\System32\WindowsPowerShell\v1.0\;C:\Windows\System32\OpenSSH\;C:\Program Files (x86)\NVIDIA Corporation\PhysX\Common;C:\Program Files\NVIDIA Corporation\NVIDIA NvDLISR;C:\Program Files\dotnet\;C:\Users\aliss\AppData\Local\Programs\Python\Python311;C:\Program Files\Git\cmd;C:\xampp\php;C:\ProgramData\ComposerSetup\bin;C:\Program Files\nodejs\;C:\ProgramData\chocolatey\bin;C:\Program Files\Java\jdk-17.0.3\bin;C:\Program Files\Memurai\;C:\Program Files\Redis\;C:\Program Files (x86)\Microsoft SQL Server\160\Tools\Binn\;C:\Program Files\Microsoft SQL Server\160\Tools\Binn\;C:\Program Files\Microsoft SQL Server\Client SDK\ODBC\170\Tools\Binn\;C:\Program Files\Microsoft SQL Server\160\DTS\Binn\;C:\Program Files (x86)\Microsoft SQL Server\160\DTS\Binn\;C:\Users\aliss\AppData\Local\Microsoft\WindowsApps;C:\Program Files\JetBrains\PyCharm Community Edition 2022.3.3\bin;;C:\Users\aliss\AppData\Local\Programs\Microsoft VS Code\bin;C:\Users\aliss\.dotnet\tools;C:\Users\aliss\AppData\Roaming\Composer\vendor\bin;C:\Users\aliss\AppData\Roaming\npm;C:\Users\aliss\AppData\Local\Pub\Cache\bin;C:\Program Files\Java\jdk-17.0.3\bin;C:\Users\aliss\AppData\Local\Android\Sdk\platform-tools;C:\Program Files\GDAL\;C:\Users\aliss\miniconda3\Library\bin;C:\Program Files\JetBrains\IntelliJ IDEA 2024.1.1\bin;;C:\flutter\bin;C:\ProgramData\chocolatey\lib\ngrok\tools\;C:\Program Files\JetBrains\PyCharm 2024.2.1\bin;;C:\Program Files\maven\bin;;.]. The errors reported were [Can't load library: C:\Users\aliss\IdeaProjects\examen2\bin\tcnative-2.dll, Can't load library: C:\Users\aliss\IdeaProjects\examen2\bin\libtcnative-2.dll, Can't load library: C:\Users\aliss\IdeaProjects\examen2\bin\tcnative-1.dll, Can't load library: C:\Users\aliss\IdeaProjects\examen2\bin\libtcnative-1.dll, no tcnative-2 in java.library.path: C:\Program Files\Java\jdk-17.0.3\bin;C:\Windows\Sun\Java\bin;C:\Windows\system32;C:\Windows;C:\Program Files\Microsoft MPI\Bin\;C:\Program Files\Common Files\Oracle\Java\javapath;C:\Program Files (x86)\Common Files\Oracle\Java\javapath;C:\Users\aliss\AppData\Local\Programs\Python\Python311\Scripts\;C:\Users\aliss\AppData\Local\Programs\Python\Python311\;C:\Windows\system32;C:\Windows;C:\Windows\System32\Wbem;C:\Windows\System32\WindowsPowerShell\v1.0\;C:\Windows\System32\OpenSSH\;C:\Program Files (x86)\NVIDIA Corporation\PhysX\Common;C:\Program Files\NVIDIA Corporation\NVIDIA NvDLISR;C:\Program Files\dotnet\;C:\Users\aliss\AppData\Local\Programs\Python\Python311;C:\Program Files\Git\cmd;C:\xampp\php;C:\ProgramData\ComposerSetup\bin;C:\Program Files\nodejs\;C:\ProgramData\chocolatey\bin;C:\Program Files\Java\jdk-17.0.3\bin;C:\Program Files\Memurai\;C:\Program Files\Redis\;C:\Program Files (x86)\Microsoft SQL Server\160\Tools\Binn\;C:\Program Files\Microsoft SQL Server\160\Tools\Binn\;C:\Program Files\Microsoft SQL Server\Client SDK\ODBC\170\Tools\Binn\;C:\Program Files\Microsoft SQL Server\160\DTS\Binn\;C:\Program Files (x86)\Microsoft SQL Server\160\DTS\Binn\;C:\Users\aliss\AppData\Local\Microsoft\WindowsApps;C:\Program Files\JetBrains\PyCharm Community Edition 2022.3.3\bin;;C:\Users\aliss\AppData\Local\Programs\Microsoft VS Code\bin;C:\Users\aliss\.dotnet\tools;C:\Users\aliss\AppData\Roaming\Composer\vendor\bin;C:\Users\aliss\AppData\Roaming\npm;C:\Users\aliss\AppData\Local\Pub\Cache\bin;C:\Program Files\Java\jdk-17.0.3\bin;C:\Users\aliss\AppData\Local\Android\Sdk\platform-tools;C:\Program Files\GDAL\;C:\Users\aliss\miniconda3\Library\bin;C:\Program Files\JetBrains\IntelliJ IDEA 2024.1.1\bin;;C:\flutter\bin;C:\ProgramData\chocolatey\lib\ngrok\tools\;C:\Program Files\JetBrains\PyCharm 2024.2.1\bin;;C:\Program Files\maven\bin;;., no libtcnative-2 in java.library.path: C:\Program Files\Java\jdk-17.0.3\bin;C:\Windows\Sun\Java\bin;C:\Windows\system32;C:\Windows;C:\Program Files\Microsoft MPI\Bin\;C:\Program Files\Common Files\Oracle\Java\javapath;C:\Program Files (x86)\Common Files\Oracle\Java\javapath;C:\Users\aliss\AppData\Local\Programs\Python\Python311\Scripts\;C:\Users\aliss\AppData\Local\Programs\Python\Python311\;C:\Windows\system32;C:\Windows;C:\Windows\System32\Wbem;C:\Windows\System32\WindowsPowerShell\v1.0\;C:\Windows\System32\OpenSSH\;C:\Program Files (x86)\NVIDIA Corporation\PhysX\Common;C:\Program Files\NVIDIA Corporation\NVIDIA NvDLISR;C:\Program Files\dotnet\;C:\Users\aliss\AppData\Local\Programs\Python\Python311;C:\Program Files\Git\cmd;C:\xampp\php;C:\ProgramData\ComposerSetup\bin;C:\Program Files\nodejs\;C:\ProgramData\chocolatey\bin;C:\Program Files\Java\jdk-17.0.3\bin;C:\Program Files\Memurai\;C:\Program Files\Redis\;C:\Program Files (x86)\Microsoft SQL Server\160\Tools\Binn\;C:\Program Files\Microsoft SQL Server\160\Tools\Binn\;C:\Program Files\Microsoft SQL Server\Client SDK\ODBC\170\Tools\Binn\;C:\Program Files\Microsoft SQL Server\160\DTS\Binn\;C:\Program Files (x86)\Microsoft SQL Server\160\DTS\Binn\;C:\Users\aliss\AppData\Local\Microsoft\WindowsApps;C:\Program Files\JetBrains\PyCharm Community Edition 2022.3.3\bin;;C:\Users\aliss\AppData\Local\Programs\Microsoft VS Code\bin;C:\Users\aliss\.dotnet\tools;C:\Users\aliss\AppData\Roaming\Composer\vendor\bin;C:\Users\aliss\AppData\Roaming\npm;C:\Users\aliss\AppData\Local\Pub\Cache\bin;C:\Program Files\Java\jdk-17.0.3\bin;C:\Users\aliss\AppData\Local\Android\Sdk\platform-tools;C:\Program Files\GDAL\;C:\Users\aliss\miniconda3\Library\bin;C:\Program Files\JetBrains\IntelliJ IDEA 2024.1.1\bin;;C:\flutter\bin;C:\ProgramData\chocolatey\lib\ngrok\tools\;C:\Program Files\JetBrains\PyCharm 2024.2.1\bin;;C:\Program Files\maven\bin;;., no tcnative-1 in java.library.path: C:\Program Files\Java\jdk-17.0.3\bin;C:\Windows\Sun\Java\bin;C:\Windows\system32;C:\Windows;C:\Program Files\Microsoft MPI\Bin\;C:\Program Files\Common Files\Oracle\Java\javapath;C:\Program Files (x86)\Common Files\Oracle\Java\javapath;C:\Users\aliss\AppData\Local\Programs\Python\Python311\Scripts\;C:\Users\aliss\AppData\Local\Programs\Python\Python311\;C:\Windows\system32;C:\Windows;C:\Windows\System32\Wbem;C:\Windows\System32\WindowsPowerShell\v1.0\;C:\Windows\System32\OpenSSH\;C:\Program Files (x86)\NVIDIA Corporation\PhysX\Common;C:\Program Files\NVIDIA Corporation\NVIDIA NvDLISR;C:\Program Files\dotnet\;C:\Users\aliss\AppData\Local\Programs\Python\Python311;C:\Program Files\Git\cmd;C:\xampp\php;C:\ProgramData\ComposerSetup\bin;C:\Program Files\nodejs\;C:\ProgramData\chocolatey\bin;C:\Program Files\Java\jdk-17.0.3\bin;C:\Program Files\Memurai\;C:\Program Files\Redis\;C:\Program Files (x86)\Microsoft SQL Server\160\Tools\Binn\;C:\Program Files\Microsoft SQL Server\160\Tools\Binn\;C:\Program Files\Microsoft SQL Server\Client SDK\ODBC\170\Tools\Binn\;C:\Program Files\Microsoft SQL Server\160\DTS\Binn\;C:\Program Files (x86)\Microsoft SQL Server\160\DTS\Binn\;C:\Users\aliss\AppData\Local\Microsoft\WindowsApps;C:\Program Files\JetBrains\PyCharm Community Edition 2022.3.3\bin;;C:\Users\aliss\AppData\Local\Programs\Microsoft VS Code\bin;C:\Users\aliss\.dotnet\tools;C:\Users\aliss\AppData\Roaming\Composer\vendor\bin;C:\Users\aliss\AppData\Roaming\npm;C:\Users\aliss\AppData\Local\Pub\Cache\bin;C:\Program Files\Java\jdk-17.0.3\bin;C:\Users\aliss\AppData\Local\Android\Sdk\platform-tools;C:\Program Files\GDAL\;C:\Users\aliss\miniconda3\Library\bin;C:\Program Files\JetBrains\IntelliJ IDEA 2024.1.1\bin;;C:\flutter\bin;C:\ProgramData\chocolatey\lib\ngrok\tools\;C:\Program Files\JetBrains\PyCharm 2024.2.1\bin;;C:\Program Files\maven\bin;;., no libtcnative-1 in java.library.path: C:\Program Files\Java\jdk-17.0.3\bin;C:\Windows\Sun\Java\bin;C:\Windows\system32;C:\Windows;C:\Program Files\Microsoft MPI\Bin\;C:\Program Files\Common Files\Oracle\Java\javapath;C:\Program Files (x86)\Common Files\Oracle\Java\javapath;C:\Users\aliss\AppData\Local\Programs\Python\Python311\Scripts\;C:\Users\aliss\AppData\Local\Programs\Python\Python311\;C:\Windows\system32;C:\Windows;C:\Windows\System32\Wbem;C:\Windows\System32\WindowsPowerShell\v1.0\;C:\Windows\System32\OpenSSH\;C:\Program Files (x86)\NVIDIA Corporation\PhysX\Common;C:\Program Files\NVIDIA Corporation\NVIDIA NvDLISR;C:\Program Files\dotnet\;C:\Users\aliss\AppData\Local\Programs\Python\Python311;C:\Program Files\Git\cmd;C:\xampp\php;C:\ProgramData\ComposerSetup\bin;C:\Program Files\nodejs\;C:\ProgramData\chocolatey\bin;C:\Program Files\Java\jdk-17.0.3\bin;C:\Program Files\Memurai\;C:\Program Files\Redis\;C:\Program Files (x86)\Microsoft SQL Server\160\Tools\Binn\;C:\Program Files\Microsoft SQL Server\160\Tools\Binn\;C:\Program Files\Microsoft SQL Server\Client SDK\ODBC\170\Tools\Binn\;C:\Program Files\Microsoft SQL Server\160\DTS\Binn\;C:\Program Files (x86)\Microsoft SQL Server\160\DTS\Binn\;C:\Users\aliss\AppData\Local\Microsoft\WindowsApps;C:\Program Files\JetBrains\PyCharm Community Edition 2022.3.3\bin;;C:\Users\aliss\AppData\Local\Programs\Microsoft VS Code\bin;C:\Users\aliss\.dotnet\tools;C:\Users\aliss\AppData\Roaming\Composer\vendor\bin;C:\Users\aliss\AppData\Roaming\npm;C:\Users\aliss\AppData\Local\Pub\Cache\bin;C:\Program Files\Java\jdk-17.0.3\bin;C:\Users\aliss\AppData\Local\Android\Sdk\platform-tools;C:\Program Files\GDAL\;C:\Users\aliss\miniconda3\Library\bin;C:\Program Files\JetBrains\IntelliJ IDEA 2024.1.1\bin;;C:\flutter\bin;C:\ProgramData\chocolatey\lib\ngrok\tools\;C:\Program Files\JetBrains\PyCharm 2024.2.1\bin;;C:\Program Files\maven\bin;;.]

org.apache.tomcat.jni.LibraryNotFoundError: Can't load library: C:\Users\aliss\IdeaProjects\examen2\bin\tcnative-2.dll, Can't load library: C:\Users\aliss\IdeaProjects\examen2\bin\libtcnative-2.dll, Can't load library: C:\Users\aliss\IdeaProjects\examen2\bin\tcnative-1.dll, Can't load library: C:\Users\aliss\IdeaProjects\examen2\bin\libtcnative-1.dll, no tcnative-2 in java.library.path: C:\Program Files\Java\jdk-17.0.3\bin;C:\Windows\Sun\Java\bin;C:\Windows\system32;C:\Windows;C:\Program Files\Microsoft MPI\Bin\;C:\Program Files\Common Files\Oracle\Java\javapath;C:\Program Files (x86)\Common Files\Oracle\Java\javapath;C:\Users\aliss\AppData\Local\Programs\Python\Python311\Scripts\;C:\Users\aliss\AppData\Local\Programs\Python\Python311\;C:\Windows\system32;C:\Windows;C:\Windows\System32\Wbem;C:\Windows\System32\WindowsPowerShell\v1.0\;C:\Windows\System32\OpenSSH\;C:\Program Files (x86)\NVIDIA Corporation\PhysX\Common;C:\Program Files\NVIDIA Corporation\NVIDIA NvDLISR;C:\Program Files\dotnet\;C:\Users\aliss\AppData\Local\Programs\Python\Python311;C:\Program Files\Git\cmd;C:\xampp\php;C:\ProgramData\ComposerSetup\bin;C:\Program Files\nodejs\;C:\ProgramData\chocolatey\bin;C:\Program Files\Java\jdk-17.0.3\bin;C:\Program Files\Memurai\;C:\Program Files\Redis\;C:\Program Files (x86)\Microsoft SQL Server\160\Tools\Binn\;C:\Program Files\Microsoft SQL Server\160\Tools\Binn\;C:\Program Files\Microsoft SQL Server\Client SDK\ODBC\170\Tools\Binn\;C:\Program Files\Microsoft SQL Server\160\DTS\Binn\;C:\Program Files (x86)\Microsoft SQL Server\160\DTS\Binn\;C:\Users\aliss\AppData\Local\Microsoft\WindowsApps;C:\Program Files\JetBrains\PyCharm Community Edition 2022.3.3\bin;;C:\Users\aliss\AppData\Local\Programs\Microsoft VS Code\bin;C:\Users\aliss\.dotnet\tools;C:\Users\aliss\AppData\Roaming\Composer\vendor\bin;C:\Users\aliss\AppData\Roaming\npm;C:\Users\aliss\AppData\Local\Pub\Cache\bin;C:\Program Files\Java\jdk-17.0.3\bin;C:\Users\aliss\AppData\Local\Android\Sdk\platform-tools;C:\Program Files\GDAL\;C:\Users\aliss\miniconda3\Library\bin;C:\Program Files\JetBrains\IntelliJ IDEA 2024.1.1\bin;;C:\flutter\bin;C:\ProgramData\chocolatey\lib\ngrok\tools\;C:\Program Files\JetBrains\PyCharm 2024.2.1\bin;;C:\Program Files\maven\bin;;., no libtcnative-2 in java.library.path: C:\Program Files\Java\jdk-17.0.3\bin;C:\Windows\Sun\Java\bin;C:\Windows\system32;C:\Windows;C:\Program Files\Microsoft MPI\Bin\;C:\Program Files\Common Files\Oracle\Java\javapath;C:\Program Files (x86)\Common Files\Oracle\Java\javapath;C:\Users\aliss\AppData\Local\Programs\Python\Python311\Scripts\;C:\Users\aliss\AppData\Local\Programs\Python\Python311\;C:\Windows\system32;C:\Windows;C:\Windows\System32\Wbem;C:\Windows\System32\WindowsPowerShell\v1.0\;C:\Windows\System32\OpenSSH\;C:\Program Files (x86)\NVIDIA Corporation\PhysX\Common;C:\Program Files\NVIDIA Corporation\NVIDIA NvDLISR;C:\Program Files\dotnet\;C:\Users\aliss\AppData\Local\Programs\Python\Python311;C:\Program Files\Git\cmd;C:\xampp\php;C:\ProgramData\ComposerSetup\bin;C:\Program Files\nodejs\;C:\ProgramData\chocolatey\bin;C:\Program Files\Java\jdk-17.0.3\bin;C:\Program Files\Memurai\;C:\Program Files\Redis\;C:\Program Files (x86)\Microsoft SQL Server\160\Tools\Binn\;C:\Program Files\Microsoft SQL Server\160\Tools\Binn\;C:\Program Files\Microsoft SQL Server\Client SDK\ODBC\170\Tools\Binn\;C:\Program Files\Microsoft SQL Server\160\DTS\Binn\;C:\Program Files (x86)\Microsoft SQL Server\160\DTS\Binn\;C:\Users\aliss\AppData\Local\Microsoft\WindowsApps;C:\Program Files\JetBrains\PyCharm Community Edition 2022.3.3\bin;;C:\Users\aliss\AppData\Local\Programs\Microsoft VS Code\bin;C:\Users\aliss\.dotnet\tools;C:\Users\aliss\AppData\Roaming\Composer\vendor\bin;C:\Users\aliss\AppData\Roaming\npm;C:\Users\aliss\AppData\Local\Pub\Cache\bin;C:\Program Files\Java\jdk-17.0.3\bin;C:\Users\aliss\AppData\Local\Android\Sdk\platform-tools;C:\Program Files\GDAL\;C:\Users\aliss\miniconda3\Library\bin;C:\Program Files\JetBrains\IntelliJ IDEA 2024.1.1\bin;;C:\flutter\bin;C:\ProgramData\chocolatey\lib\ngrok\tools\;C:\Program Files\JetBrains\PyCharm 2024.2.1\bin;;C:\Program Files\maven\bin;;., no tcnative-1 in java.library.path: C:\Program Files\Java\jdk-17.0.3\bin;C:\Windows\Sun\Java\bin;C:\Windows\system32;C:\Windows;C:\Program Files\Microsoft MPI\Bin\;C:\Program Files\Common Files\Oracle\Java\javapath;C:\Program Files (x86)\Common Files\Oracle\Java\javapath;C:\Users\aliss\AppData\Local\Programs\Python\Python311\Scripts\;C:\Users\aliss\AppData\Local\Programs\Python\Python311\;C:\Windows\system32;C:\Windows;C:\Windows\System32\Wbem;C:\Windows\System32\WindowsPowerShell\v1.0\;C:\Windows\System32\OpenSSH\;C:\Program Files (x86)\NVIDIA Corporation\PhysX\Common;C:\Program Files\NVIDIA Corporation\NVIDIA NvDLISR;C:\Program Files\dotnet\;C:\Users\aliss\AppData\Local\Programs\Python\Python311;C:\Program Files\Git\cmd;C:\xampp\php;C:\ProgramData\ComposerSetup\bin;C:\Program Files\nodejs\;C:\ProgramData\chocolatey\bin;C:\Program Files\Java\jdk-17.0.3\bin;C:\Program Files\Memurai\;C:\Program Files\Redis\;C:\Program Files (x86)\Microsoft SQL Server\160\Tools\Binn\;C:\Program Files\Microsoft SQL Server\160\Tools\Binn\;C:\Program Files\Microsoft SQL Server\Client SDK\ODBC\170\Tools\Binn\;C:\Program Files\Microsoft SQL Server\160\DTS\Binn\;C:\Program Files (x86)\Microsoft SQL Server\160\DTS\Binn\;C:\Users\aliss\AppData\Local\Microsoft\WindowsApps;C:\Program Files\JetBrains\PyCharm Community Edition 2022.3.3\bin;;C:\Users\aliss\AppData\Local\Programs\Microsoft VS Code\bin;C:\Users\aliss\.dotnet\tools;C:\Users\aliss\AppData\Roaming\Composer\vendor\bin;C:\Users\aliss\AppData\Roaming\npm;C:\Users\aliss\AppData\Local\Pub\Cache\bin;C:\Program Files\Java\jdk-17.0.3\bin;C:\Users\aliss\AppData\Local\Android\Sdk\platform-tools;C:\Program Files\GDAL\;C:\Users\aliss\miniconda3\Library\bin;C:\Program Files\JetBrains\IntelliJ IDEA 2024.1.1\bin;;C:\flutter\bin;C:\ProgramData\chocolatey\lib\ngrok\tools\;C:\Program Files\JetBrains\PyCharm 2024.2.1\bin;;C:\Program Files\maven\bin;;., no libtcnative-1 in java.library.path: C:\Program Files\Java\jdk-17.0.3\bin;C:\Windows\Sun\Java\bin;C:\Windows\system32;C:\Windows;C:\Program Files\Microsoft MPI\Bin\;C:\Program Files\Common Files\Oracle\Java\javapath;C:\Program Files (x86)\Common Files\Oracle\Java\javapath;C:\Users\aliss\AppData\Local\Programs\Python\Python311\Scripts\;C:\Users\aliss\AppData\Local\Programs\Python\Python311\;C:\Windows\system32;C:\Windows;C:\Windows\System32\Wbem;C:\Windows\System32\WindowsPowerShell\v1.0\;C:\Windows\System32\OpenSSH\;C:\Program Files (x86)\NVIDIA Corporation\PhysX\Common;C:\Program Files\NVIDIA Corporation\NVIDIA NvDLISR;C:\Program Files\dotnet\;C:\Users\aliss\AppData\Local\Programs\Python\Python311;C:\Program Files\Git\cmd;C:\xampp\php;C:\ProgramData\ComposerSetup\bin;C:\Program Files\nodejs\;C:\ProgramData\chocolatey\bin;C:\Program Files\Java\jdk-17.0.3\bin;C:\Program Files\Memurai\;C:\Program Files\Redis\;C:\Program Files (x86)\Microsoft SQL Server\160\Tools\Binn\;C:\Program Files\Microsoft SQL Server\160\Tools\Binn\;C:\Program Files\Microsoft SQL Server\Client SDK\ODBC\170\Tools\Binn\;C:\Program Files\Microsoft SQL Server\160\DTS\Binn\;C:\Program Files (x86)\Microsoft SQL Server\160\DTS\Binn\;C:\Users\aliss\AppData\Local\Microsoft\WindowsApps;C:\Program Files\JetBrains\PyCharm Community Edition 2022.3.3\bin;;C:\Users\aliss\AppData\Local\Programs\Microsoft VS Code\bin;C:\Users\aliss\.dotnet\tools;C:\Users\aliss\AppData\Roaming\Composer\vendor\bin;C:\Users\aliss\AppData\Roaming\npm;C:\Users\aliss\AppData\Local\Pub\Cache\bin;C:\Program Files\Java\jdk-17.0.3\bin;C:\Users\aliss\AppData\Local\Android\Sdk\platform-tools;C:\Program Files\GDAL\;C:\Users\aliss\miniconda3\Library\bin;C:\Program Files\JetBrains\IntelliJ IDEA 2024.1.1\bin;;C:\flutter\bin;C:\ProgramData\chocolatey\lib\ngrok\tools\;C:\Program Files\JetBrains\PyCharm 2024.2.1\bin;;C:\Program Files\maven\bin;;.
	at org.apache.tomcat.jni.Library.<init>(Library.java:91) ~[tomcat-embed-core-10.1.20.jar:10.1.20]
	at org.apache.tomcat.jni.Library.initialize(Library.java:147) ~[tomcat-embed-core-10.1.20.jar:10.1.20]
	at org.apache.catalina.core.AprLifecycleListener.init(AprLifecycleListener.java:189) ~[tomcat-embed-core-10.1.20.jar:10.1.20]
	at org.apache.catalina.core.AprLifecycleListener.isAprAvailable(AprLifecycleListener.java:106) ~[tomcat-embed-core-10.1.20.jar:10.1.20]
	at org.springframework.boot.web.embedded.tomcat.TomcatServletWebServerFactory.getDefaultServerLifecycleListeners(TomcatServletWebServerFactory.java:189) ~[spring-boot-3.2.5.jar:3.2.5]
	at org.springframework.boot.web.embedded.tomcat.TomcatServletWebServerFactory.<init>(TomcatServletWebServerFactory.java:136) ~[spring-boot-3.2.5.jar:3.2.5]
	at org.springframework.boot.autoconfigure.web.servlet.ServletWebServerFactoryConfiguration$EmbeddedTomcat.tomcatServletWebServerFactory(ServletWebServerFactoryConfiguration.java:73) ~[spring-boot-autoconfigure-3.2.5.jar:3.2.5]
	at java.base/jdk.internal.reflect.NativeMethodAccessorImpl.invoke0(Native Method) ~[na:na]
	at java.base/jdk.internal.reflect.NativeMethodAccessorImpl.invoke(NativeMethodAccessorImpl.java:77) ~[na:na]
	at java.base/jdk.internal.reflect.DelegatingMethodAccessorImpl.invoke(DelegatingMethodAccessorImpl.java:43) ~[na:na]
	at java.base/java.lang.reflect.Method.invoke(Method.java:568) ~[na:na]
	at org.springframework.beans.factory.support.SimpleInstantiationStrategy.instantiate(SimpleInstantiationStrategy.java:140) ~[spring-beans-6.1.6.jar:6.1.6]
	at org.springframework.beans.factory.support.ConstructorResolver.instantiate(ConstructorResolver.java:644) ~[spring-beans-6.1.6.jar:6.1.6]
	at org.springframework.beans.factory.support.ConstructorResolver.instantiateUsingFactoryMethod(ConstructorResolver.java:636) ~[spring-beans-6.1.6.jar:6.1.6]
	at org.springframework.beans.factory.support.AbstractAutowireCapableBeanFactory.instantiateUsingFactoryMethod(AbstractAutowireCapableBeanFactory.java:1335) ~[spring-beans-6.1.6.jar:6.1.6]
	at org.springframework.beans.factory.support.AbstractAutowireCapableBeanFactory.createBeanInstance(AbstractAutowireCapableBeanFactory.java:1165) ~[spring-beans-6.1.6.jar:6.1.6]
	at org.springframework.beans.factory.support.AbstractAutowireCapableBeanFactory.doCreateBean(AbstractAutowireCapableBeanFactory.java:562) ~[spring-beans-6.1.6.jar:6.1.6]
	at org.springframework.beans.factory.support.AbstractAutowireCapableBeanFactory.createBean(AbstractAutowireCapableBeanFactory.java:522) ~[spring-beans-6.1.6.jar:6.1.6]
	at org.springframework.beans.factory.support.AbstractBeanFactory.lambda$doGetBean$0(AbstractBeanFactory.java:326) ~[spring-beans-6.1.6.jar:6.1.6]
	at org.springframework.beans.factory.support.DefaultSingletonBeanRegistry.getSingleton(DefaultSingletonBeanRegistry.java:234) ~[spring-beans-6.1.6.jar:6.1.6]
	at org.springframework.beans.factory.support.AbstractBeanFactory.doGetBean(AbstractBeanFactory.java:324) ~[spring-beans-6.1.6.jar:6.1.6]
	at org.springframework.beans.factory.support.AbstractBeanFactory.getBean(AbstractBeanFactory.java:200) ~[spring-beans-6.1.6.jar:6.1.6]
	at org.springframework.beans.factory.support.DefaultListableBeanFactory.preInstantiateSingletons(DefaultListableBeanFactory.java:975) ~[spring-beans-6.1.6.jar:6.1.6]
	at org.springframework.context.support.AbstractApplicationContext.finishBeanFactoryInitialization(AbstractApplicationContext.java:962) ~[spring-context-6.1.6.jar:6.1.6]
	at org.springframework.context.support.AbstractApplicationContext.refresh(AbstractApplicationContext.java:624) ~[spring-context-6.1.6.jar:6.1.6]
	at org.springframework.boot.SpringApplication.refresh(SpringApplication.java:754) ~[spring-boot-3.2.5.jar:3.2.5]
	at org.springframework.boot.SpringApplication.refreshContext(SpringApplication.java:456) ~[spring-boot-3.2.5.jar:3.2.5]
	at org.springframework.boot.SpringApplication.run(SpringApplication.java:334) ~[spring-boot-3.2.5.jar:3.2.5]
	at org.springframework.boot.test.context.SpringBootContextLoader.lambda$loadContext$3(SpringBootContextLoader.java:137) ~[spring-boot-test-3.2.5.jar:3.2.5]
	at org.springframework.util.function.ThrowingSupplier.get(ThrowingSupplier.java:58) ~[spring-core-6.1.6.jar:6.1.6]
	at org.springframework.util.function.ThrowingSupplier.get(ThrowingSupplier.java:46) ~[spring-core-6.1.6.jar:6.1.6]
	at org.springframework.boot.SpringApplication.withHook(SpringApplication.java:1454) ~[spring-boot-3.2.5.jar:3.2.5]
	at org.springframework.boot.test.context.SpringBootContextLoader$ContextLoaderHook.run(SpringBootContextLoader.java:553) ~[spring-boot-test-3.2.5.jar:3.2.5]
	at org.springframework.boot.test.context.SpringBootContextLoader.loadContext(SpringBootContextLoader.java:137) ~[spring-boot-test-3.2.5.jar:3.2.5]
	at org.springframework.boot.test.context.SpringBootContextLoader.loadContext(SpringBootContextLoader.java:108) ~[spring-boot-test-3.2.5.jar:3.2.5]
	at org.springframework.test.context.cache.DefaultCacheAwareContextLoaderDelegate.loadContextInternal(DefaultCacheAwareContextLoaderDelegate.java:225) ~[spring-test-6.1.6.jar:6.1.6]
	at org.springframework.test.context.cache.DefaultCacheAwareContextLoaderDelegate.loadContext(DefaultCacheAwareContextLoaderDelegate.java:152) ~[spring-test-6.1.6.jar:6.1.6]
	at org.springframework.test.context.support.DefaultTestContext.getApplicationContext(DefaultTestContext.java:130) ~[spring-test-6.1.6.jar:6.1.6]
	at org.springframework.test.context.web.ServletTestExecutionListener.setUpRequestContextIfNecessary(ServletTestExecutionListener.java:191) ~[spring-test-6.1.6.jar:6.1.6]
	at org.springframework.test.context.web.ServletTestExecutionListener.prepareTestInstance(ServletTestExecutionListener.java:130) ~[spring-test-6.1.6.jar:6.1.6]
	at org.springframework.test.context.TestContextManager.prepareTestInstance(TestContextManager.java:260) ~[spring-test-6.1.6.jar:6.1.6]
	at org.springframework.test.context.junit.jupiter.SpringExtension.postProcessTestInstance(SpringExtension.java:163) ~[spring-test-6.1.6.jar:6.1.6]
	at org.junit.jupiter.engine.descriptor.ClassBasedTestDescriptor.lambda$invokeTestInstancePostProcessors$10(ClassBasedTestDescriptor.java:378) ~[junit-jupiter-engine-5.10.2.jar:5.10.2]
	at org.junit.jupiter.engine.descriptor.ClassBasedTestDescriptor.executeAndMaskThrowable(ClassBasedTestDescriptor.java:383) ~[junit-jupiter-engine-5.10.2.jar:5.10.2]
	at org.junit.jupiter.engine.descriptor.ClassBasedTestDescriptor.lambda$invokeTestInstancePostProcessors$11(ClassBasedTestDescriptor.java:378) ~[junit-jupiter-engine-5.10.2.jar:5.10.2]
	at java.base/java.util.stream.ReferencePipeline$3$1.accept(ReferencePipeline.java:197) ~[na:na]
	at java.base/java.util.stream.ReferencePipeline$2$1.accept(ReferencePipeline.java:179) ~[na:na]
	at java.base/java.util.ArrayList$ArrayListSpliterator.forEachRemaining(ArrayList.java:1625) ~[na:na]
	at java.base/java.util.stream.AbstractPipeline.copyInto(AbstractPipeline.java:509) ~[na:na]
	at java.base/java.util.stream.AbstractPipeline.wrapAndCopyInto(AbstractPipeline.java:499) ~[na:na]
	at java.base/java.util.stream.StreamSpliterators$WrappingSpliterator.forEachRemaining(StreamSpliterators.java:310) ~[na:na]
	at java.base/java.util.stream.Streams$ConcatSpliterator.forEachRemaining(Streams.java:735) ~[na:na]
	at java.base/java.util.stream.Streams$ConcatSpliterator.forEachRemaining(Streams.java:734) ~[na:na]
	at java.base/java.util.stream.ReferencePipeline$Head.forEach(ReferencePipeline.java:762) ~[na:na]
	at org.junit.jupiter.engine.descriptor.ClassBasedTestDescriptor.invokeTestInstancePostProcessors(ClassBasedTestDescriptor.java:377) ~[junit-jupiter-engine-5.10.2.jar:5.10.2]
	at org.junit.jupiter.engine.descriptor.ClassBasedTestDescriptor.lambda$instantiateAndPostProcessTestInstance$6(ClassBasedTestDescriptor.java:290) ~[junit-jupiter-engine-5.10.2.jar:5.10.2]
	at org.junit.platform.engine.support.hierarchical.ThrowableCollector.execute(ThrowableCollector.java:73) ~[junit-platform-engine-1.10.2.jar:1.10.2]
	at org.junit.jupiter.engine.descriptor.ClassBasedTestDescriptor.instantiateAndPostProcessTestInstance(ClassBasedTestDescriptor.java:289) ~[junit-jupiter-engine-5.10.2.jar:5.10.2]
	at org.junit.jupiter.engine.descriptor.ClassBasedTestDescriptor.lambda$testInstancesProvider$4(ClassBasedTestDescriptor.java:279) ~[junit-jupiter-engine-5.10.2.jar:5.10.2]
	at java.base/java.util.Optional.orElseGet(Optional.java:364) ~[na:na]
	at org.junit.jupiter.engine.descriptor.ClassBasedTestDescriptor.lambda$testInstancesProvider$5(ClassBasedTestDescriptor.java:278) ~[junit-jupiter-engine-5.10.2.jar:5.10.2]
	at org.junit.jupiter.engine.execution.TestInstancesProvider.getTestInstances(TestInstancesProvider.java:31) ~[junit-jupiter-engine-5.10.2.jar:5.10.2]
	at org.junit.jupiter.engine.descriptor.TestMethodTestDescriptor.lambda$prepare$0(TestMethodTestDescriptor.java:106) ~[junit-jupiter-engine-5.10.2.jar:5.10.2]
	at org.junit.platform.engine.support.hierarchical.ThrowableCollector.execute(ThrowableCollector.java:73) ~[junit-platform-engine-1.10.2.jar:1.10.2]
	at org.junit.jupiter.engine.descriptor.TestMethodTestDescriptor.prepare(TestMethodTestDescriptor.java:105) ~[junit-jupiter-engine-5.10.2.jar:5.10.2]
	at org.junit.jupiter.engine.descriptor.TestMethodTestDescriptor.prepare(TestMethodTestDescriptor.java:69) ~[junit-jupiter-engine-5.10.2.jar:5.10.2]
	at org.junit.platform.engine.support.hierarchical.NodeTestTask.lambda$prepare$2(NodeTestTask.java:123) ~[junit-platform-engine-1.10.2.jar:1.10.2]
	at org.junit.platform.engine.support.hierarchical.ThrowableCollector.execute(ThrowableCollector.java:73) ~[junit-platform-engine-1.10.2.jar:1.10.2]
	at org.junit.platform.engine.support.hierarchical.NodeTestTask.prepare(NodeTestTask.java:123) ~[junit-platform-engine-1.10.2.jar:1.10.2]
	at org.junit.platform.engine.support.hierarchical.NodeTestTask.execute(NodeTestTask.java:90) ~[junit-platform-engine-1.10.2.jar:1.10.2]
	at java.base/java.util.ArrayList.forEach(ArrayList.java:1511) ~[na:na]
	at org.junit.platform.engine.support.hierarchical.SameThreadHierarchicalTestExecutorService.invokeAll(SameThreadHierarchicalTestExecutorService.java:41) ~[junit-platform-engine-1.10.2.jar:1.10.2]
	at org.junit.platform.engine.support.hierarchical.NodeTestTask.lambda$executeRecursively$6(NodeTestTask.java:155) ~[junit-platform-engine-1.10.2.jar:1.10.2]
	at org.junit.platform.engine.support.hierarchical.ThrowableCollector.execute(ThrowableCollector.java:73) ~[junit-platform-engine-1.10.2.jar:1.10.2]
	at org.junit.platform.engine.support.hierarchical.NodeTestTask.lambda$executeRecursively$8(NodeTestTask.java:141) ~[junit-platform-engine-1.10.2.jar:1.10.2]
	at org.junit.platform.engine.support.hierarchical.Node.around(Node.java:137) ~[junit-platform-engine-1.10.2.jar:1.10.2]
	at org.junit.platform.engine.support.hierarchical.NodeTestTask.lambda$executeRecursively$9(NodeTestTask.java:139) ~[junit-platform-engine-1.10.2.jar:1.10.2]
	at org.junit.platform.engine.support.hierarchical.ThrowableCollector.execute(ThrowableCollector.java:73) ~[junit-platform-engine-1.10.2.jar:1.10.2]
	at org.junit.platform.engine.support.hierarchical.NodeTestTask.executeRecursively(NodeTestTask.java:138) ~[junit-platform-engine-1.10.2.jar:1.10.2]
	at org.junit.platform.engine.support.hierarchical.NodeTestTask.execute(NodeTestTask.java:95) ~[junit-platform-engine-1.10.2.jar:1.10.2]
	at java.base/java.util.ArrayList.forEach(ArrayList.java:1511) ~[na:na]
	at org.junit.platform.engine.support.hierarchical.SameThreadHierarchicalTestExecutorService.invokeAll(SameThreadHierarchicalTestExecutorService.java:41) ~[junit-platform-engine-1.10.2.jar:1.10.2]
	at org.junit.platform.engine.support.hierarchical.NodeTestTask.lambda$executeRecursively$6(NodeTestTask.java:155) ~[junit-platform-engine-1.10.2.jar:1.10.2]
	at org.junit.platform.engine.support.hierarchical.ThrowableCollector.execute(ThrowableCollector.java:73) ~[junit-platform-engine-1.10.2.jar:1.10.2]
	at org.junit.platform.engine.support.hierarchical.NodeTestTask.lambda$executeRecursively$8(NodeTestTask.java:141) ~[junit-platform-engine-1.10.2.jar:1.10.2]
	at org.junit.platform.engine.support.hierarchical.Node.around(Node.java:137) ~[junit-platform-engine-1.10.2.jar:1.10.2]
	at org.junit.platform.engine.support.hierarchical.NodeTestTask.lambda$executeRecursively$9(NodeTestTask.java:139) ~[junit-platform-engine-1.10.2.jar:1.10.2]
	at org.junit.platform.engine.support.hierarchical.ThrowableCollector.execute(ThrowableCollector.java:73) ~[junit-platform-engine-1.10.2.jar:1.10.2]
	at org.junit.platform.engine.support.hierarchical.NodeTestTask.executeRecursively(NodeTestTask.java:138) ~[junit-platform-engine-1.10.2.jar:1.10.2]
	at org.junit.platform.engine.support.hierarchical.NodeTestTask.execute(NodeTestTask.java:95) ~[junit-platform-engine-1.10.2.jar:1.10.2]
	at org.junit.platform.engine.support.hierarchical.SameThreadHierarchicalTestExecutorService.submit(SameThreadHierarchicalTestExecutorService.java:35) ~[junit-platform-engine-1.10.2.jar:1.10.2]
	at org.junit.platform.engine.support.hierarchical.HierarchicalTestExecutor.execute(HierarchicalTestExecutor.java:57) ~[junit-platform-engine-1.10.2.jar:1.10.2]
	at org.junit.platform.engine.support.hierarchical.HierarchicalTestEngine.execute(HierarchicalTestEngine.java:54) ~[junit-platform-engine-1.10.2.jar:1.10.2]
	at org.junit.platform.launcher.core.EngineExecutionOrchestrator.execute(EngineExecutionOrchestrator.java:198) ~[junit-platform-launcher-1.10.2.jar:1.10.2]
	at org.junit.platform.launcher.core.EngineExecutionOrchestrator.execute(EngineExecutionOrchestrator.java:169) ~[junit-platform-launcher-1.10.2.jar:1.10.2]
	at org.junit.platform.launcher.core.EngineExecutionOrchestrator.execute(EngineExecutionOrchestrator.java:93) ~[junit-platform-launcher-1.10.2.jar:1.10.2]
	at org.junit.platform.launcher.core.EngineExecutionOrchestrator.lambda$execute$0(EngineExecutionOrchestrator.java:58) ~[junit-platform-launcher-1.10.2.jar:1.10.2]
	at org.junit.platform.launcher.core.EngineExecutionOrchestrator.withInterceptedStreams(EngineExecutionOrchestrator.java:141) ~[junit-platform-launcher-1.10.2.jar:1.10.2]
	at org.junit.platform.launcher.core.EngineExecutionOrchestrator.execute(EngineExecutionOrchestrator.java:57) ~[junit-platform-launcher-1.10.2.jar:1.10.2]
	at org.junit.platform.launcher.core.DefaultLauncher.execute(DefaultLauncher.java:103) ~[junit-platform-launcher-1.10.2.jar:1.10.2]
	at org.junit.platform.launcher.core.DefaultLauncher.execute(DefaultLauncher.java:85) ~[junit-platform-launcher-1.10.2.jar:1.10.2]
	at org.junit.platform.launcher.core.DelegatingLauncher.execute(DelegatingLauncher.java:47) ~[junit-platform-launcher-1.10.2.jar:1.10.2]
	at org.gradle.api.internal.tasks.testing.junitplatform.JUnitPlatformTestClassProcessor$CollectAllTestClassesExecutor.processAllTestClasses(JUnitPlatformTestClassProcessor.java:119) ~[na:na]
	at org.gradle.api.internal.tasks.testing.junitplatform.JUnitPlatformTestClassProcessor$CollectAllTestClassesExecutor.access$000(JUnitPlatformTestClassProcessor.java:94) ~[na:na]
	at org.gradle.api.internal.tasks.testing.junitplatform.JUnitPlatformTestClassProcessor.stop(JUnitPlatformTestClassProcessor.java:89) ~[na:na]
	at org.gradle.api.internal.tasks.testing.SuiteTestClassProcessor.stop(SuiteTestClassProcessor.java:62) ~[na:na]
	at java.base/jdk.internal.reflect.NativeMethodAccessorImpl.invoke0(Native Method) ~[na:na]
	at java.base/jdk.internal.reflect.NativeMethodAccessorImpl.invoke(NativeMethodAccessorImpl.java:77) ~[na:na]
	at java.base/jdk.internal.reflect.DelegatingMethodAccessorImpl.invoke(DelegatingMethodAccessorImpl.java:43) ~[na:na]
	at java.base/java.lang.reflect.Method.invoke(Method.java:568) ~[na:na]
	at org.gradle.internal.dispatch.ReflectionDispatch.dispatch(ReflectionDispatch.java:36) ~[na:na]
	at org.gradle.internal.dispatch.ReflectionDispatch.dispatch(ReflectionDispatch.java:24) ~[na:na]
	at org.gradle.internal.dispatch.ContextClassLoaderDispatch.dispatch(ContextClassLoaderDispatch.java:33) ~[na:na]
	at org.gradle.internal.dispatch.ProxyDispatchAdapter$DispatchingInvocationHandler.invoke(ProxyDispatchAdapter.java:94) ~[na:na]
	at jdk.proxy1/jdk.proxy1.$Proxy2.stop(Unknown Source) ~[na:na]
	at org.gradle.api.internal.tasks.testing.worker.TestWorker$3.run(TestWorker.java:193) ~[na:na]
	at org.gradle.api.internal.tasks.testing.worker.TestWorker.executeAndMaintainThreadName(TestWorker.java:129) ~[na:na]
	at org.gradle.api.internal.tasks.testing.worker.TestWorker.execute(TestWorker.java:100) ~[na:na]
	at org.gradle.api.internal.tasks.testing.worker.TestWorker.execute(TestWorker.java:60) ~[na:na]
	at org.gradle.process.internal.worker.child.ActionExecutionWorker.execute(ActionExecutionWorker.java:56) ~[na:na]
	at org.gradle.process.internal.worker.child.SystemApplicationClassLoaderWorker.call(SystemApplicationClassLoaderWorker.java:119) ~[na:na]
	at org.gradle.process.internal.worker.child.SystemApplicationClassLoaderWorker.call(SystemApplicationClassLoaderWorker.java:66) ~[na:na]
	at worker.org.gradle.process.internal.worker.GradleWorkerMain.run(GradleWorkerMain.java:69) ~[gradle-worker.jar:na]
	at worker.org.gradle.process.internal.worker.GradleWorkerMain.main(GradleWorkerMain.java:74) ~[gradle-worker.jar:na]

2024-11-18T12:45:51.723-04:00 DEBUG 24640 --- [examen2] [    Test worker] o.s.b.f.s.DefaultListableBeanFactory     : Creating shared instance of singleton bean 'servletWebServerFactoryCustomizer'
2024-11-18T12:45:51.723-04:00 DEBUG 24640 --- [examen2] [    Test worker] o.s.b.f.s.DefaultListableBeanFactory     : Creating shared instance of singleton bean 'org.springframework.boot.autoconfigure.web.servlet.ServletWebServerFactoryAutoConfiguration'
2024-11-18T12:45:51.724-04:00 DEBUG 24640 --- [examen2] [    Test worker] o.s.b.f.s.DefaultListableBeanFactory     : Creating shared instance of singleton bean 'server-org.springframework.boot.autoconfigure.web.ServerProperties'
2024-11-18T12:45:51.729-04:00 DEBUG 24640 --- [examen2] [    Test worker] o.s.b.f.s.DefaultListableBeanFactory     : Autowiring by type from bean name 'servletWebServerFactoryCustomizer' via factory method to bean named 'server-org.springframework.boot.autoconfigure.web.ServerProperties'
2024-11-18T12:45:51.730-04:00 DEBUG 24640 --- [examen2] [    Test worker] o.s.b.f.s.DefaultListableBeanFactory     : Creating shared instance of singleton bean 'tomcatServletWebServerFactoryCustomizer'
2024-11-18T12:45:51.730-04:00 DEBUG 24640 --- [examen2] [    Test worker] o.s.b.f.s.DefaultListableBeanFactory     : Autowiring by type from bean name 'tomcatServletWebServerFactoryCustomizer' via factory method to bean named 'server-org.springframework.boot.autoconfigure.web.ServerProperties'
2024-11-18T12:45:51.731-04:00 DEBUG 24640 --- [examen2] [    Test worker] o.s.b.f.s.DefaultListableBeanFactory     : Creating shared instance of singleton bean 'localeCharsetMappingsCustomizer'
2024-11-18T12:45:51.731-04:00 DEBUG 24640 --- [examen2] [    Test worker] o.s.b.f.s.DefaultListableBeanFactory     : Creating shared instance of singleton bean 'org.springframework.boot.autoconfigure.web.servlet.HttpEncodingAutoConfiguration'
2024-11-18T12:45:51.731-04:00 DEBUG 24640 --- [examen2] [    Test worker] o.s.b.f.s.DefaultListableBeanFactory     : Autowiring by type from bean name 'org.springframework.boot.autoconfigure.web.servlet.HttpEncodingAutoConfiguration' via constructor to bean named 'server-org.springframework.boot.autoconfigure.web.ServerProperties'
2024-11-18T12:45:51.737-04:00 DEBUG 24640 --- [examen2] [    Test worker] o.s.b.f.s.DefaultListableBeanFactory     : Creating shared instance of singleton bean 'errorPageCustomizer'
2024-11-18T12:45:51.738-04:00 DEBUG 24640 --- [examen2] [    Test worker] o.s.b.f.s.DefaultListableBeanFactory     : Creating shared instance of singleton bean 'org.springframework.boot.autoconfigure.web.servlet.error.ErrorMvcAutoConfiguration'
2024-11-18T12:45:51.738-04:00 DEBUG 24640 --- [examen2] [    Test worker] o.s.b.f.s.DefaultListableBeanFactory     : Autowiring by type from bean name 'org.springframework.boot.autoconfigure.web.servlet.error.ErrorMvcAutoConfiguration' via constructor to bean named 'server-org.springframework.boot.autoconfigure.web.ServerProperties'
2024-11-18T12:45:51.738-04:00 DEBUG 24640 --- [examen2] [    Test worker] o.s.b.f.s.DefaultListableBeanFactory     : Creating shared instance of singleton bean 'dispatcherServletRegistration'
2024-11-18T12:45:51.738-04:00 DEBUG 24640 --- [examen2] [    Test worker] o.s.b.f.s.DefaultListableBeanFactory     : Creating shared instance of singleton bean 'org.springframework.boot.autoconfigure.web.servlet.DispatcherServletAutoConfiguration$DispatcherServletRegistrationConfiguration'
2024-11-18T12:45:51.739-04:00 DEBUG 24640 --- [examen2] [    Test worker] o.s.b.f.s.DefaultListableBeanFactory     : Creating shared instance of singleton bean 'dispatcherServlet'
2024-11-18T12:45:51.739-04:00 DEBUG 24640 --- [examen2] [    Test worker] o.s.b.f.s.DefaultListableBeanFactory     : Creating shared instance of singleton bean 'org.springframework.boot.autoconfigure.web.servlet.DispatcherServletAutoConfiguration$DispatcherServletConfiguration'
2024-11-18T12:45:51.739-04:00 DEBUG 24640 --- [examen2] [    Test worker] o.s.b.f.s.DefaultListableBeanFactory     : Autowiring by type from bean name 'dispatcherServlet' via factory method to bean named 'spring.mvc-org.springframework.boot.autoconfigure.web.servlet.WebMvcProperties'
2024-11-18T12:45:51.747-04:00 DEBUG 24640 --- [examen2] [    Test worker] o.s.b.f.s.DefaultListableBeanFactory     : Autowiring by type from bean name 'dispatcherServletRegistration' via factory method to bean named 'dispatcherServlet'
2024-11-18T12:45:51.747-04:00 DEBUG 24640 --- [examen2] [    Test worker] o.s.b.f.s.DefaultListableBeanFactory     : Autowiring by type from bean name 'dispatcherServletRegistration' via factory method to bean named 'spring.mvc-org.springframework.boot.autoconfigure.web.servlet.WebMvcProperties'
2024-11-18T12:45:51.748-04:00 DEBUG 24640 --- [examen2] [    Test worker] o.s.b.f.s.DefaultListableBeanFactory     : Creating shared instance of singleton bean 'multipartConfigElement'
2024-11-18T12:45:51.748-04:00 DEBUG 24640 --- [examen2] [    Test worker] o.s.b.f.s.DefaultListableBeanFactory     : Creating shared instance of singleton bean 'org.springframework.boot.autoconfigure.web.servlet.MultipartAutoConfiguration'
2024-11-18T12:45:51.748-04:00 DEBUG 24640 --- [examen2] [    Test worker] o.s.b.f.s.DefaultListableBeanFactory     : Creating shared instance of singleton bean 'spring.servlet.multipart-org.springframework.boot.autoconfigure.web.servlet.MultipartProperties'
2024-11-18T12:45:51.751-04:00 DEBUG 24640 --- [examen2] [    Test worker] o.s.b.f.s.DefaultListableBeanFactory     : Autowiring by type from bean name 'org.springframework.boot.autoconfigure.web.servlet.MultipartAutoConfiguration' via constructor to bean named 'spring.servlet.multipart-org.springframework.boot.autoconfigure.web.servlet.MultipartProperties'
2024-11-18T12:45:51.753-04:00 DEBUG 24640 --- [examen2] [    Test worker] o.s.b.f.s.DefaultListableBeanFactory     : Autowiring by type from bean name 'errorPageCustomizer' via factory method to bean named 'dispatcherServletRegistration'
2024-11-18T12:45:51.755-04:00 DEBUG 24640 --- [examen2] [    Test worker] o.s.b.f.s.DefaultListableBeanFactory     : Creating shared instance of singleton bean 'org.springframework.boot.autoconfigure.web.servlet.DispatcherServletAutoConfiguration'
2024-11-18T12:45:51.755-04:00 DEBUG 24640 --- [examen2] [    Test worker] o.s.b.f.s.DefaultListableBeanFactory     : Creating shared instance of singleton bean 'org.springframework.boot.autoconfigure.task.TaskExecutorConfigurations$ThreadPoolTaskExecutorBuilderConfiguration'
2024-11-18T12:45:51.755-04:00 DEBUG 24640 --- [examen2] [    Test worker] o.s.b.f.s.DefaultListableBeanFactory     : Creating shared instance of singleton bean 'threadPoolTaskExecutorBuilder'
2024-11-18T12:45:51.755-04:00 DEBUG 24640 --- [examen2] [    Test worker] o.s.b.f.s.DefaultListableBeanFactory     : Creating shared instance of singleton bean 'spring.task.execution-org.springframework.boot.autoconfigure.task.TaskExecutionProperties'
2024-11-18T12:45:51.756-04:00 DEBUG 24640 --- [examen2] [    Test worker] o.s.b.f.s.DefaultListableBeanFactory     : Autowiring by type from bean name 'threadPoolTaskExecutorBuilder' via factory method to bean named 'spring.task.execution-org.springframework.boot.autoconfigure.task.TaskExecutionProperties'
2024-11-18T12:45:51.759-04:00 DEBUG 24640 --- [examen2] [    Test worker] o.s.b.f.s.DefaultListableBeanFactory     : Creating shared instance of singleton bean 'org.springframework.boot.autoconfigure.task.TaskExecutorConfigurations$TaskExecutorBuilderConfiguration'
2024-11-18T12:45:51.759-04:00 DEBUG 24640 --- [examen2] [    Test worker] o.s.b.f.s.DefaultListableBeanFactory     : Creating shared instance of singleton bean 'taskExecutorBuilder'
2024-11-18T12:45:51.759-04:00 DEBUG 24640 --- [examen2] [    Test worker] o.s.b.f.s.DefaultListableBeanFactory     : Autowiring by type from bean name 'taskExecutorBuilder' via factory method to bean named 'spring.task.execution-org.springframework.boot.autoconfigure.task.TaskExecutionProperties'
2024-11-18T12:45:51.760-04:00 DEBUG 24640 --- [examen2] [    Test worker] o.s.b.f.s.DefaultListableBeanFactory     : Creating shared instance of singleton bean 'org.springframework.boot.autoconfigure.task.TaskExecutorConfigurations$SimpleAsyncTaskExecutorBuilderConfiguration'
2024-11-18T12:45:51.760-04:00 DEBUG 24640 --- [examen2] [    Test worker] o.s.b.f.s.DefaultListableBeanFactory     : Autowiring by type from bean name 'org.springframework.boot.autoconfigure.task.TaskExecutorConfigurations$SimpleAsyncTaskExecutorBuilderConfiguration' via constructor to bean named 'spring.task.execution-org.springframework.boot.autoconfigure.task.TaskExecutionProperties'
2024-11-18T12:45:51.760-04:00 DEBUG 24640 --- [examen2] [    Test worker] o.s.b.f.s.DefaultListableBeanFactory     : Creating shared instance of singleton bean 'simpleAsyncTaskExecutorBuilder'
2024-11-18T12:45:51.761-04:00 DEBUG 24640 --- [examen2] [    Test worker] o.s.b.f.s.DefaultListableBeanFactory     : Creating shared instance of singleton bean 'org.springframework.boot.autoconfigure.task.TaskExecutorConfigurations$TaskExecutorConfiguration'
2024-11-18T12:45:51.762-04:00 DEBUG 24640 --- [examen2] [    Test worker] o.s.b.f.s.DefaultListableBeanFactory     : Creating shared instance of singleton bean 'org.springframework.boot.autoconfigure.task.TaskExecutionAutoConfiguration'
2024-11-18T12:45:51.762-04:00 DEBUG 24640 --- [examen2] [    Test worker] o.s.b.f.s.DefaultListableBeanFactory     : Creating shared instance of singleton bean 'org.springframework.boot.autoconfigure.validation.ValidationAutoConfiguration'
2024-11-18T12:45:51.762-04:00 DEBUG 24640 --- [examen2] [    Test worker] o.s.b.f.s.DefaultListableBeanFactory     : Creating shared instance of singleton bean 'defaultValidator'
2024-11-18T12:45:51.762-04:00 DEBUG 24640 --- [examen2] [    Test worker] o.s.b.f.s.DefaultListableBeanFactory     : Autowiring by type from bean name 'defaultValidator' via factory method to bean named 'org.springframework.web.context.support.GenericWebApplicationContext@398474a2'
2024-11-18T12:45:51.764-04:00 DEBUG 24640 --- [examen2] [    Test worker] .h.v.m.ResourceBundleMessageInterpolator : Loaded expression factory via original TCCL
2024-11-18T12:45:51.765-04:00 DEBUG 24640 --- [examen2] [    Test worker] o.h.v.i.e.AbstractConfigurationImpl      : Setting custom MessageInterpolator of type org.springframework.validation.beanvalidation.LocaleContextMessageInterpolator
2024-11-18T12:45:51.765-04:00 DEBUG 24640 --- [examen2] [    Test worker] o.h.v.i.e.AbstractConfigurationImpl      : Setting custom ConstraintValidatorFactory of type org.springframework.validation.beanvalidation.SpringConstraintValidatorFactory
2024-11-18T12:45:51.766-04:00 DEBUG 24640 --- [examen2] [    Test worker] o.h.v.i.xml.config.ValidationXmlParser   : Trying to load META-INF/validation.xml for XML based Validator configuration.
2024-11-18T12:45:51.766-04:00 DEBUG 24640 --- [examen2] [    Test worker] o.h.v.i.xml.config.ResourceLoaderHelper  : Trying to load META-INF/validation.xml via user class loader
2024-11-18T12:45:51.766-04:00 DEBUG 24640 --- [examen2] [    Test worker] o.h.v.i.xml.config.ResourceLoaderHelper  : Trying to load META-INF/validation.xml via TCCL
2024-11-18T12:45:51.766-04:00 DEBUG 24640 --- [examen2] [    Test worker] o.h.v.i.xml.config.ResourceLoaderHelper  : Trying to load META-INF/validation.xml via Hibernate Validator's class loader
2024-11-18T12:45:51.766-04:00 DEBUG 24640 --- [examen2] [    Test worker] o.h.v.i.xml.config.ValidationXmlParser   : No META-INF/validation.xml found. Using annotation based configuration only.
2024-11-18T12:45:51.766-04:00 DEBUG 24640 --- [examen2] [    Test worker] o.h.v.i.e.resolver.TraversableResolvers  : Found jakarta.persistence.Persistence on classpath containing 'getPersistenceUtil'. Assuming JPA 2 environment. Trying to instantiate JPA aware TraversableResolver
2024-11-18T12:45:51.766-04:00 DEBUG 24640 --- [examen2] [    Test worker] o.h.v.i.e.resolver.TraversableResolvers  : Instantiated JPA aware TraversableResolver of type org.hibernate.validator.internal.engine.resolver.JPATraversableResolver.
2024-11-18T12:45:51.767-04:00 DEBUG 24640 --- [examen2] [    Test worker] .i.e.ValidatorFactoryConfigurationHelper : HV000252: Using org.hibernate.validator.internal.engine.DefaultPropertyNodeNameProvider as property node name provider.
2024-11-18T12:45:51.767-04:00 DEBUG 24640 --- [examen2] [    Test worker] .i.e.ValidatorFactoryConfigurationHelper : HV000234: Using org.springframework.validation.beanvalidation.LocaleContextMessageInterpolator as ValidatorFactory-scoped message interpolator.
2024-11-18T12:45:51.767-04:00 DEBUG 24640 --- [examen2] [    Test worker] .i.e.ValidatorFactoryConfigurationHelper : HV000234: Using org.hibernate.validator.internal.engine.resolver.JPATraversableResolver as ValidatorFactory-scoped traversable resolver.
2024-11-18T12:45:51.768-04:00 DEBUG 24640 --- [examen2] [    Test worker] .i.e.ValidatorFactoryConfigurationHelper : HV000234: Using org.hibernate.validator.internal.util.ExecutableParameterNameProvider as ValidatorFactory-scoped parameter name provider.
2024-11-18T12:45:51.768-04:00 DEBUG 24640 --- [examen2] [    Test worker] .i.e.ValidatorFactoryConfigurationHelper : HV000234: Using org.hibernate.validator.internal.engine.DefaultClockProvider as ValidatorFactory-scoped clock provider.
2024-11-18T12:45:51.768-04:00 DEBUG 24640 --- [examen2] [    Test worker] .i.e.ValidatorFactoryConfigurationHelper : HV000234: Using org.hibernate.validator.internal.engine.scripting.DefaultScriptEvaluatorFactory as ValidatorFactory-scoped script evaluator factory.
2024-11-18T12:45:51.770-04:00 DEBUG 24640 --- [examen2] [    Test worker] o.s.b.f.s.DefaultListableBeanFactory     : Creating shared instance of singleton bean 'org.springframework.boot.autoconfigure.web.servlet.error.ErrorMvcAutoConfiguration$WhitelabelErrorViewConfiguration'
2024-11-18T12:45:51.770-04:00 DEBUG 24640 --- [examen2] [    Test worker] o.s.b.f.s.DefaultListableBeanFactory     : Creating shared instance of singleton bean 'error'
2024-11-18T12:45:51.771-04:00 DEBUG 24640 --- [examen2] [    Test worker] o.s.b.f.s.DefaultListableBeanFactory     : Creating shared instance of singleton bean 'beanNameViewResolver'
2024-11-18T12:45:51.771-04:00 DEBUG 24640 --- [examen2] [    Test worker] o.s.b.f.s.DefaultListableBeanFactory     : Creating shared instance of singleton bean 'org.springframework.boot.autoconfigure.web.servlet.error.ErrorMvcAutoConfiguration$DefaultErrorViewResolverConfiguration'
2024-11-18T12:45:51.771-04:00 DEBUG 24640 --- [examen2] [    Test worker] o.s.b.f.s.DefaultListableBeanFactory     : Autowiring by type from bean name 'org.springframework.boot.autoconfigure.web.servlet.error.ErrorMvcAutoConfiguration$DefaultErrorViewResolverConfiguration' via constructor to bean named 'org.springframework.web.context.support.GenericWebApplicationContext@398474a2'
2024-11-18T12:45:51.771-04:00 DEBUG 24640 --- [examen2] [    Test worker] o.s.b.f.s.DefaultListableBeanFactory     : Autowiring by type from bean name 'org.springframework.boot.autoconfigure.web.servlet.error.ErrorMvcAutoConfiguration$DefaultErrorViewResolverConfiguration' via constructor to bean named 'spring.web-org.springframework.boot.autoconfigure.web.WebProperties'
2024-11-18T12:45:51.772-04:00 DEBUG 24640 --- [examen2] [    Test worker] o.s.b.f.s.DefaultListableBeanFactory     : Creating shared instance of singleton bean 'conventionErrorViewResolver'
2024-11-18T12:45:51.772-04:00 DEBUG 24640 --- [examen2] [    Test worker] o.s.b.f.s.DefaultListableBeanFactory     : Creating shared instance of singleton bean 'errorAttributes'
2024-11-18T12:45:51.773-04:00 DEBUG 24640 --- [examen2] [    Test worker] o.s.b.f.s.DefaultListableBeanFactory     : Creating shared instance of singleton bean 'basicErrorController'
2024-11-18T12:45:51.773-04:00 DEBUG 24640 --- [examen2] [    Test worker] o.s.b.f.s.DefaultListableBeanFactory     : Autowiring by type from bean name 'basicErrorController' via factory method to bean named 'errorAttributes'
2024-11-18T12:45:51.774-04:00 DEBUG 24640 --- [examen2] [    Test worker] o.s.b.f.s.DefaultListableBeanFactory     : Creating shared instance of singleton bean 'localeResolver'
2024-11-18T12:45:51.775-04:00 DEBUG 24640 --- [examen2] [    Test worker] o.s.b.f.s.DefaultListableBeanFactory     : Creating shared instance of singleton bean 'themeResolver'
2024-11-18T12:45:51.776-04:00 DEBUG 24640 --- [examen2] [    Test worker] o.s.b.f.s.DefaultListableBeanFactory     : Creating shared instance of singleton bean 'flashMapManager'
2024-11-18T12:45:51.778-04:00 DEBUG 24640 --- [examen2] [    Test worker] o.s.b.f.s.DefaultListableBeanFactory     : Creating shared instance of singleton bean 'mvcValidator'
2024-11-18T12:45:51.780-04:00 DEBUG 24640 --- [examen2] [    Test worker] o.s.b.f.s.DefaultListableBeanFactory     : Creating shared instance of singleton bean 'mvcPatternParser'
2024-11-18T12:45:51.781-04:00 DEBUG 24640 --- [examen2] [    Test worker] o.s.b.f.s.DefaultListableBeanFactory     : Creating shared instance of singleton bean 'mvcUrlPathHelper'
2024-11-18T12:45:51.782-04:00 DEBUG 24640 --- [examen2] [    Test worker] o.s.b.f.s.DefaultListableBeanFactory     : Creating shared instance of singleton bean 'mvcPathMatcher'
2024-11-18T12:45:51.784-04:00 DEBUG 24640 --- [examen2] [    Test worker] o.s.b.f.s.DefaultListableBeanFactory     : Creating shared instance of singleton bean 'requestMappingHandlerAdapter'
2024-11-18T12:45:51.785-04:00 DEBUG 24640 --- [examen2] [    Test worker] o.s.b.f.s.DefaultListableBeanFactory     : Autowiring by type from bean name 'requestMappingHandlerAdapter' via factory method to bean named 'mvcContentNegotiationManager'
2024-11-18T12:45:51.785-04:00 DEBUG 24640 --- [examen2] [    Test worker] o.s.b.f.s.DefaultListableBeanFactory     : Autowiring by type from bean name 'requestMappingHandlerAdapter' via factory method to bean named 'mvcConversionService'
2024-11-18T12:45:51.785-04:00 DEBUG 24640 --- [examen2] [    Test worker] o.s.b.f.s.DefaultListableBeanFactory     : Autowiring by type from bean name 'requestMappingHandlerAdapter' via factory method to bean named 'mvcValidator'
2024-11-18T12:45:51.793-04:00 DEBUG 24640 --- [examen2] [    Test worker] o.s.b.f.s.DefaultListableBeanFactory     : Creating shared instance of singleton bean 'sortResolver'
2024-11-18T12:45:51.794-04:00 DEBUG 24640 --- [examen2] [    Test worker] o.s.b.f.s.DefaultListableBeanFactory     : Creating shared instance of singleton bean 'sortCustomizer'
2024-11-18T12:45:51.794-04:00 DEBUG 24640 --- [examen2] [    Test worker] o.s.b.f.s.DefaultListableBeanFactory     : Creating shared instance of singleton bean 'org.springframework.boot.autoconfigure.data.web.SpringDataWebAutoConfiguration'
2024-11-18T12:45:51.794-04:00 DEBUG 24640 --- [examen2] [    Test worker] o.s.b.f.s.DefaultListableBeanFactory     : Creating shared instance of singleton bean 'spring.data.web-org.springframework.boot.autoconfigure.data.web.SpringDataWebProperties'
2024-11-18T12:45:51.795-04:00 DEBUG 24640 --- [examen2] [    Test worker] o.s.b.f.s.DefaultListableBeanFactory     : Autowiring by type from bean name 'org.springframework.boot.autoconfigure.data.web.SpringDataWebAutoConfiguration' via constructor to bean named 'spring.data.web-org.springframework.boot.autoconfigure.data.web.SpringDataWebProperties'
2024-11-18T12:45:51.797-04:00 DEBUG 24640 --- [examen2] [    Test worker] o.s.b.f.s.DefaultListableBeanFactory     : Creating shared instance of singleton bean 'pageableResolver'
2024-11-18T12:45:51.797-04:00 DEBUG 24640 --- [examen2] [    Test worker] o.s.b.f.s.DefaultListableBeanFactory     : Creating shared instance of singleton bean 'pageableCustomizer'
2024-11-18T12:45:51.800-04:00 DEBUG 24640 --- [examen2] [    Test worker] o.s.b.f.s.DefaultListableBeanFactory     : Creating shared instance of singleton bean 'applicationTaskExecutor'
2024-11-18T12:45:51.801-04:00 DEBUG 24640 --- [examen2] [    Test worker] o.s.b.f.s.DefaultListableBeanFactory     : Autowiring by type from bean name 'applicationTaskExecutor' via factory method to bean named 'taskExecutorBuilder'
2024-11-18T12:45:51.803-04:00 DEBUG 24640 --- [examen2] [    Test worker] o.s.s.concurrent.ThreadPoolTaskExecutor  : Initializing ExecutorService 'applicationTaskExecutor'
2024-11-18T12:45:51.810-04:00 DEBUG 24640 --- [examen2] [    Test worker] s.w.s.m.m.a.RequestMappingHandlerAdapter : ControllerAdvice beans: 0 @ModelAttribute, 0 @InitBinder, 1 RequestBodyAdvice, 1 ResponseBodyAdvice
2024-11-18T12:45:51.829-04:00 DEBUG 24640 --- [examen2] [    Test worker] o.s.b.f.s.DefaultListableBeanFactory     : Creating shared instance of singleton bean 'handlerFunctionAdapter'
2024-11-18T12:45:51.830-04:00 DEBUG 24640 --- [examen2] [    Test worker] o.s.b.f.s.DefaultListableBeanFactory     : Creating shared instance of singleton bean 'mvcUriComponentsContributor'
2024-11-18T12:45:51.830-04:00 DEBUG 24640 --- [examen2] [    Test worker] o.s.b.f.s.DefaultListableBeanFactory     : Autowiring by type from bean name 'mvcUriComponentsContributor' via factory method to bean named 'mvcConversionService'
2024-11-18T12:45:51.830-04:00 DEBUG 24640 --- [examen2] [    Test worker] o.s.b.f.s.DefaultListableBeanFactory     : Autowiring by type from bean name 'mvcUriComponentsContributor' via factory method to bean named 'requestMappingHandlerAdapter'
2024-11-18T12:45:51.832-04:00 DEBUG 24640 --- [examen2] [    Test worker] o.s.b.f.s.DefaultListableBeanFactory     : Creating shared instance of singleton bean 'httpRequestHandlerAdapter'
2024-11-18T12:45:51.832-04:00 DEBUG 24640 --- [examen2] [    Test worker] o.s.b.f.s.DefaultListableBeanFactory     : Creating shared instance of singleton bean 'simpleControllerHandlerAdapter'
2024-11-18T12:45:51.833-04:00 DEBUG 24640 --- [examen2] [    Test worker] o.s.b.f.s.DefaultListableBeanFactory     : Creating shared instance of singleton bean 'handlerExceptionResolver'
2024-11-18T12:45:51.833-04:00 DEBUG 24640 --- [examen2] [    Test worker] o.s.b.f.s.DefaultListableBeanFactory     : Autowiring by type from bean name 'handlerExceptionResolver' via factory method to bean named 'mvcContentNegotiationManager'
2024-11-18T12:45:51.834-04:00 DEBUG 24640 --- [examen2] [    Test worker] .m.m.a.ExceptionHandlerExceptionResolver : ControllerAdvice beans: 0 @ExceptionHandler, 1 ResponseBodyAdvice
2024-11-18T12:45:51.835-04:00 DEBUG 24640 --- [examen2] [    Test worker] o.s.b.f.s.DefaultListableBeanFactory     : Creating shared instance of singleton bean 'mvcViewResolver'
2024-11-18T12:45:51.835-04:00 DEBUG 24640 --- [examen2] [    Test worker] o.s.b.f.s.DefaultListableBeanFactory     : Autowiring by type from bean name 'mvcViewResolver' via factory method to bean named 'mvcContentNegotiationManager'
2024-11-18T12:45:51.836-04:00 DEBUG 24640 --- [examen2] [    Test worker] o.s.b.f.s.DefaultListableBeanFactory     : Creating shared instance of singleton bean 'viewNameTranslator'
2024-11-18T12:45:51.837-04:00 DEBUG 24640 --- [examen2] [    Test worker] o.s.b.f.s.DefaultListableBeanFactory     : Creating shared instance of singleton bean 'defaultViewResolver'
2024-11-18T12:45:51.841-04:00 DEBUG 24640 --- [examen2] [    Test worker] o.s.b.f.s.DefaultListableBeanFactory     : Creating shared instance of singleton bean 'viewResolver'
2024-11-18T12:45:51.842-04:00 DEBUG 24640 --- [examen2] [    Test worker] o.s.b.f.s.DefaultListableBeanFactory     : Autowiring by type from bean name 'viewResolver' via factory method to bean named 'org.springframework.beans.factory.support.DefaultListableBeanFactory@4682eba5'
2024-11-18T12:45:51.842-04:00 DEBUG 24640 --- [examen2] [    Test worker] o.s.b.f.s.DefaultListableBeanFactory     : Creating shared instance of singleton bean 'viewResolver'
2024-11-18T12:45:51.843-04:00 DEBUG 24640 --- [examen2] [    Test worker] o.s.b.f.s.DefaultListableBeanFactory     : Creating shared instance of singleton bean 'requestContextFilter'
2024-11-18T12:45:51.844-04:00 DEBUG 24640 --- [examen2] [    Test worker] o.s.b.f.s.DefaultListableBeanFactory     : Creating shared instance of singleton bean 'org.springframework.boot.autoconfigure.web.servlet.WebMvcAutoConfiguration'
2024-11-18T12:45:51.844-04:00 DEBUG 24640 --- [examen2] [    Test worker] o.s.b.f.s.DefaultListableBeanFactory     : Creating shared instance of singleton bean 'formContentFilter'
2024-11-18T12:45:51.845-04:00 DEBUG 24640 --- [examen2] [    Test worker] o.s.b.f.s.DefaultListableBeanFactory     : Creating shared instance of singleton bean 'org.springframework.boot.autoconfigure.aop.AopAutoConfiguration$AspectJAutoProxyingConfiguration$CglibAutoProxyConfiguration'
2024-11-18T12:45:51.845-04:00 DEBUG 24640 --- [examen2] [    Test worker] o.s.b.f.s.DefaultListableBeanFactory     : Creating shared instance of singleton bean 'org.springframework.boot.autoconfigure.aop.AopAutoConfiguration$AspectJAutoProxyingConfiguration'
2024-11-18T12:45:51.846-04:00 DEBUG 24640 --- [examen2] [    Test worker] o.s.b.f.s.DefaultListableBeanFactory     : Creating shared instance of singleton bean 'org.springframework.boot.autoconfigure.aop.AopAutoConfiguration'
2024-11-18T12:45:51.846-04:00 DEBUG 24640 --- [examen2] [    Test worker] o.s.b.f.s.DefaultListableBeanFactory     : Creating shared instance of singleton bean 'org.springframework.boot.autoconfigure.availability.ApplicationAvailabilityAutoConfiguration'
2024-11-18T12:45:51.846-04:00 DEBUG 24640 --- [examen2] [    Test worker] o.s.b.f.s.DefaultListableBeanFactory     : Creating shared instance of singleton bean 'applicationAvailability'
2024-11-18T12:45:51.848-04:00 DEBUG 24640 --- [examen2] [    Test worker] o.s.b.f.s.DefaultListableBeanFactory     : Creating shared instance of singleton bean 'org.springframework.boot.autoconfigure.transaction.jta.JtaAutoConfiguration'
2024-11-18T12:45:51.848-04:00 DEBUG 24640 --- [examen2] [    Test worker] o.s.b.f.s.DefaultListableBeanFactory     : Creating shared instance of singleton bean 'org.springframework.boot.autoconfigure.jdbc.metadata.DataSourcePoolMetadataProvidersConfiguration'
2024-11-18T12:45:51.848-04:00 DEBUG 24640 --- [examen2] [    Test worker] o.s.b.f.s.DefaultListableBeanFactory     : Creating shared instance of singleton bean 'org.springframework.boot.autoconfigure.jdbc.DataSourceAutoConfiguration'
2024-11-18T12:45:51.848-04:00 DEBUG 24640 --- [examen2] [    Test worker] o.s.b.f.s.DefaultListableBeanFactory     : Creating shared instance of singleton bean 'org.springframework.boot.autoconfigure.transaction.TransactionManagerCustomizationAutoConfiguration'
2024-11-18T12:45:51.848-04:00 DEBUG 24640 --- [examen2] [    Test worker] o.s.b.f.s.DefaultListableBeanFactory     : Creating shared instance of singleton bean 'platformTransactionManagerCustomizers'
2024-11-18T12:45:51.849-04:00 DEBUG 24640 --- [examen2] [    Test worker] o.s.b.f.s.DefaultListableBeanFactory     : Creating shared instance of singleton bean 'transactionExecutionListeners'
2024-11-18T12:45:51.850-04:00 DEBUG 24640 --- [examen2] [    Test worker] o.s.b.f.s.DefaultListableBeanFactory     : Creating shared instance of singleton bean 'spring.transaction-org.springframework.boot.autoconfigure.transaction.TransactionProperties'
2024-11-18T12:45:51.851-04:00 DEBUG 24640 --- [examen2] [    Test worker] o.s.b.f.s.DefaultListableBeanFactory     : Creating shared instance of singleton bean 'org.springframework.boot.autoconfigure.orm.jpa.JpaBaseConfiguration$PersistenceManagedTypesConfiguration'
2024-11-18T12:45:51.851-04:00 DEBUG 24640 --- [examen2] [    Test worker] o.s.b.f.s.DefaultListableBeanFactory     : Creating shared instance of singleton bean 'transactionManager'
2024-11-18T12:45:51.855-04:00 DEBUG 24640 --- [examen2] [    Test worker] o.s.b.f.s.DefaultListableBeanFactory     : Creating shared instance of singleton bean 'org.springframework.boot.autoconfigure.orm.jpa.HibernateJpaAutoConfiguration'
2024-11-18T12:45:51.855-04:00 DEBUG 24640 --- [examen2] [    Test worker] o.s.b.f.s.DefaultListableBeanFactory     : Creating shared instance of singleton bean 'org.springframework.boot.autoconfigure.context.ConfigurationPropertiesAutoConfiguration'
2024-11-18T12:45:51.856-04:00 DEBUG 24640 --- [examen2] [    Test worker] o.s.b.f.s.DefaultListableBeanFactory     : Creating shared instance of singleton bean 'org.springframework.boot.autoconfigure.context.LifecycleAutoConfiguration'
2024-11-18T12:45:51.856-04:00 DEBUG 24640 --- [examen2] [    Test worker] o.s.b.f.s.DefaultListableBeanFactory     : Creating shared instance of singleton bean 'lifecycleProcessor'
2024-11-18T12:45:51.856-04:00 DEBUG 24640 --- [examen2] [    Test worker] o.s.b.f.s.DefaultListableBeanFactory     : Creating shared instance of singleton bean 'spring.lifecycle-org.springframework.boot.autoconfigure.context.LifecycleProperties'
2024-11-18T12:45:51.856-04:00 DEBUG 24640 --- [examen2] [    Test worker] o.s.b.f.s.DefaultListableBeanFactory     : Autowiring by type from bean name 'lifecycleProcessor' via factory method to bean named 'spring.lifecycle-org.springframework.boot.autoconfigure.context.LifecycleProperties'
2024-11-18T12:45:51.858-04:00 DEBUG 24640 --- [examen2] [    Test worker] o.s.b.f.s.DefaultListableBeanFactory     : Creating shared instance of singleton bean 'org.springframework.boot.autoconfigure.dao.PersistenceExceptionTranslationAutoConfiguration'
2024-11-18T12:45:51.858-04:00 DEBUG 24640 --- [examen2] [    Test worker] o.s.b.f.s.DefaultListableBeanFactory     : Creating shared instance of singleton bean 'org.springframework.boot.autoconfigure.data.jpa.JpaRepositoriesAutoConfiguration'
2024-11-18T12:45:51.858-04:00 DEBUG 24640 --- [examen2] [    Test worker] o.s.b.f.s.DefaultListableBeanFactory     : Creating shared instance of singleton bean 'org.springframework.data.jpa.util.JpaMetamodelCacheCleanup'
2024-11-18T12:45:51.858-04:00 DEBUG 24640 --- [examen2] [    Test worker] o.s.b.f.s.DefaultListableBeanFactory     : Creating shared instance of singleton bean 'org.springframework.data.jpa.repository.support.JpaEvaluationContextExtension'
2024-11-18T12:45:51.859-04:00 DEBUG 24640 --- [examen2] [    Test worker] o.s.b.f.s.DefaultListableBeanFactory     : Creating shared instance of singleton bean 'data-jpa.repository-aot-processor#0'
2024-11-18T12:45:51.861-04:00 DEBUG 24640 --- [examen2] [    Test worker] o.s.b.f.s.DefaultListableBeanFactory     : Creating shared instance of singleton bean 'org.springframework.boot.autoconfigure.gson.GsonAutoConfiguration'
2024-11-18T12:45:51.861-04:00 DEBUG 24640 --- [examen2] [    Test worker] o.s.b.f.s.DefaultListableBeanFactory     : Creating shared instance of singleton bean 'gsonBuilder'
2024-11-18T12:45:51.861-04:00 DEBUG 24640 --- [examen2] [    Test worker] o.s.b.f.s.DefaultListableBeanFactory     : Creating shared instance of singleton bean 'standardGsonBuilderCustomizer'
2024-11-18T12:45:51.861-04:00 DEBUG 24640 --- [examen2] [    Test worker] o.s.b.f.s.DefaultListableBeanFactory     : Creating shared instance of singleton bean 'spring.gson-org.springframework.boot.autoconfigure.gson.GsonProperties'
2024-11-18T12:45:51.862-04:00 DEBUG 24640 --- [examen2] [    Test worker] o.s.b.f.s.DefaultListableBeanFactory     : Autowiring by type from bean name 'standardGsonBuilderCustomizer' via factory method to bean named 'spring.gson-org.springframework.boot.autoconfigure.gson.GsonProperties'
2024-11-18T12:45:51.862-04:00 DEBUG 24640 --- [examen2] [    Test worker] o.s.b.f.s.DefaultListableBeanFactory     : Autowiring by type from bean name 'gsonBuilder' via factory method to bean named 'standardGsonBuilderCustomizer'
2024-11-18T12:45:51.872-04:00 DEBUG 24640 --- [examen2] [    Test worker] o.s.b.f.s.DefaultListableBeanFactory     : Creating shared instance of singleton bean 'gson'
2024-11-18T12:45:51.872-04:00 DEBUG 24640 --- [examen2] [    Test worker] o.s.b.f.s.DefaultListableBeanFactory     : Autowiring by type from bean name 'gson' via factory method to bean named 'gsonBuilder'
2024-11-18T12:45:51.886-04:00 DEBUG 24640 --- [examen2] [    Test worker] o.s.b.f.s.DefaultListableBeanFactory     : Creating shared instance of singleton bean 'org.springframework.boot.autoconfigure.http.JacksonHttpMessageConvertersConfiguration'
2024-11-18T12:45:51.886-04:00 DEBUG 24640 --- [examen2] [    Test worker] o.s.b.f.s.DefaultListableBeanFactory     : Creating shared instance of singleton bean 'org.springframework.boot.autoconfigure.http.GsonHttpMessageConvertersConfiguration'
2024-11-18T12:45:51.886-04:00 DEBUG 24640 --- [examen2] [    Test worker] o.s.b.f.s.DefaultListableBeanFactory     : Creating shared instance of singleton bean 'org.springframework.data.web.config.ProjectingArgumentResolverRegistrar'
2024-11-18T12:45:51.886-04:00 DEBUG 24640 --- [examen2] [    Test worker] o.s.b.f.s.DefaultListableBeanFactory     : Creating shared instance of singleton bean 'offsetResolver'
2024-11-18T12:45:51.887-04:00 DEBUG 24640 --- [examen2] [    Test worker] o.s.b.f.s.DefaultListableBeanFactory     : Creating shared instance of singleton bean 'org.springframework.boot.autoconfigure.info.ProjectInfoAutoConfiguration'
2024-11-18T12:45:51.888-04:00 DEBUG 24640 --- [examen2] [    Test worker] o.s.b.f.s.DefaultListableBeanFactory     : Creating shared instance of singleton bean 'spring.info-org.springframework.boot.autoconfigure.info.ProjectInfoProperties'
2024-11-18T12:45:51.888-04:00 DEBUG 24640 --- [examen2] [    Test worker] o.s.b.f.s.DefaultListableBeanFactory     : Autowiring by type from bean name 'org.springframework.boot.autoconfigure.info.ProjectInfoAutoConfiguration' via constructor to bean named 'spring.info-org.springframework.boot.autoconfigure.info.ProjectInfoProperties'
2024-11-18T12:45:51.889-04:00 DEBUG 24640 --- [examen2] [    Test worker] o.s.b.f.s.DefaultListableBeanFactory     : Creating shared instance of singleton bean 'org.springframework.boot.autoconfigure.jdbc.JdbcTemplateConfiguration'
2024-11-18T12:45:51.889-04:00 DEBUG 24640 --- [examen2] [    Test worker] o.s.b.f.s.DefaultListableBeanFactory     : Creating shared instance of singleton bean 'jdbcTemplate'
2024-11-18T12:45:51.889-04:00 DEBUG 24640 --- [examen2] [    Test worker] o.s.b.f.s.DefaultListableBeanFactory     : Creating shared instance of singleton bean 'spring.jdbc-org.springframework.boot.autoconfigure.jdbc.JdbcProperties'
2024-11-18T12:45:51.889-04:00 DEBUG 24640 --- [examen2] [    Test worker] o.s.b.f.s.DefaultListableBeanFactory     : Autowiring by type from bean name 'jdbcTemplate' via factory method to bean named 'dataSource'
2024-11-18T12:45:51.889-04:00 DEBUG 24640 --- [examen2] [    Test worker] o.s.b.f.s.DefaultListableBeanFactory     : Autowiring by type from bean name 'jdbcTemplate' via factory method to bean named 'spring.jdbc-org.springframework.boot.autoconfigure.jdbc.JdbcProperties'
2024-11-18T12:45:51.902-04:00 DEBUG 24640 --- [examen2] [    Test worker] o.s.b.f.s.DefaultListableBeanFactory     : Creating shared instance of singleton bean 'org.springframework.boot.autoconfigure.jdbc.NamedParameterJdbcTemplateConfiguration'
2024-11-18T12:45:51.903-04:00 DEBUG 24640 --- [examen2] [    Test worker] o.s.b.f.s.DefaultListableBeanFactory     : Creating shared instance of singleton bean 'namedParameterJdbcTemplate'
2024-11-18T12:45:51.903-04:00 DEBUG 24640 --- [examen2] [    Test worker] o.s.b.f.s.DefaultListableBeanFactory     : Autowiring by type from bean name 'namedParameterJdbcTemplate' via factory method to bean named 'jdbcTemplate'
2024-11-18T12:45:51.910-04:00 DEBUG 24640 --- [examen2] [    Test worker] o.s.b.f.s.DefaultListableBeanFactory     : Creating shared instance of singleton bean 'org.springframework.boot.autoconfigure.jdbc.JdbcTemplateAutoConfiguration'
2024-11-18T12:45:51.911-04:00 DEBUG 24640 --- [examen2] [    Test worker] o.s.b.f.s.DefaultListableBeanFactory     : Creating shared instance of singleton bean 'org.springframework.boot.autoconfigure.jdbc.JdbcClientAutoConfiguration'
2024-11-18T12:45:51.911-04:00 DEBUG 24640 --- [examen2] [    Test worker] o.s.b.f.s.DefaultListableBeanFactory     : Creating shared instance of singleton bean 'jdbcClient'
2024-11-18T12:45:51.911-04:00 DEBUG 24640 --- [examen2] [    Test worker] o.s.b.f.s.DefaultListableBeanFactory     : Autowiring by type from bean name 'jdbcClient' via factory method to bean named 'namedParameterJdbcTemplate'
2024-11-18T12:45:51.912-04:00 DEBUG 24640 --- [examen2] [    Test worker] o.s.b.f.s.DefaultListableBeanFactory     : Creating shared instance of singleton bean 'org.springframework.boot.autoconfigure.mail.MailSenderAutoConfiguration'
2024-11-18T12:45:51.913-04:00 DEBUG 24640 --- [examen2] [    Test worker] o.s.b.f.s.DefaultListableBeanFactory     : Creating shared instance of singleton bean 'org.springframework.boot.autoconfigure.netty.NettyAutoConfiguration'
2024-11-18T12:45:51.913-04:00 DEBUG 24640 --- [examen2] [    Test worker] o.s.b.f.s.DefaultListableBeanFactory     : Creating shared instance of singleton bean 'spring.netty-org.springframework.boot.autoconfigure.netty.NettyProperties'
2024-11-18T12:45:51.913-04:00 DEBUG 24640 --- [examen2] [    Test worker] o.s.b.f.s.DefaultListableBeanFactory     : Autowiring by type from bean name 'org.springframework.boot.autoconfigure.netty.NettyAutoConfiguration' via constructor to bean named 'spring.netty-org.springframework.boot.autoconfigure.netty.NettyProperties'
2024-11-18T12:45:51.914-04:00 DEBUG 24640 --- [examen2] [    Test worker] o.s.b.f.s.DefaultListableBeanFactory     : Creating shared instance of singleton bean 'org.springframework.boot.autoconfigure.security.servlet.SpringBootWebSecurityConfiguration'
2024-11-18T12:45:51.914-04:00 DEBUG 24640 --- [examen2] [    Test worker] o.s.b.f.s.DefaultListableBeanFactory     : Creating shared instance of singleton bean 'spring.security-org.springframework.boot.autoconfigure.security.SecurityProperties'
2024-11-18T12:45:51.916-04:00 DEBUG 24640 --- [examen2] [    Test worker] o.s.b.f.s.DefaultListableBeanFactory     : Creating shared instance of singleton bean 'org.springframework.boot.autoconfigure.security.servlet.SecurityFilterAutoConfiguration'
2024-11-18T12:45:51.916-04:00 DEBUG 24640 --- [examen2] [    Test worker] o.s.b.f.s.DefaultListableBeanFactory     : Creating shared instance of singleton bean 'securityFilterChainRegistration'
2024-11-18T12:45:51.916-04:00 DEBUG 24640 --- [examen2] [    Test worker] o.s.b.f.s.DefaultListableBeanFactory     : Autowiring by type from bean name 'securityFilterChainRegistration' via factory method to bean named 'spring.security-org.springframework.boot.autoconfigure.security.SecurityProperties'
2024-11-18T12:45:51.918-04:00 DEBUG 24640 --- [examen2] [    Test worker] o.s.b.f.s.DefaultListableBeanFactory     : Creating shared instance of singleton bean 'org.springframework.boot.autoconfigure.sql.init.SqlInitializationAutoConfiguration'
2024-11-18T12:45:51.918-04:00 DEBUG 24640 --- [examen2] [    Test worker] o.s.b.f.s.DefaultListableBeanFactory     : Creating shared instance of singleton bean 'org.springframework.boot.autoconfigure.task.TaskSchedulingConfigurations$ThreadPoolTaskSchedulerBuilderConfiguration'
2024-11-18T12:45:51.918-04:00 DEBUG 24640 --- [examen2] [    Test worker] o.s.b.f.s.DefaultListableBeanFactory     : Creating shared instance of singleton bean 'threadPoolTaskSchedulerBuilder'
2024-11-18T12:45:51.918-04:00 DEBUG 24640 --- [examen2] [    Test worker] o.s.b.f.s.DefaultListableBeanFactory     : Creating shared instance of singleton bean 'spring.task.scheduling-org.springframework.boot.autoconfigure.task.TaskSchedulingProperties'
2024-11-18T12:45:51.919-04:00 DEBUG 24640 --- [examen2] [    Test worker] o.s.b.f.s.DefaultListableBeanFactory     : Autowiring by type from bean name 'threadPoolTaskSchedulerBuilder' via factory method to bean named 'spring.task.scheduling-org.springframework.boot.autoconfigure.task.TaskSchedulingProperties'
2024-11-18T12:45:51.920-04:00 DEBUG 24640 --- [examen2] [    Test worker] o.s.b.f.s.DefaultListableBeanFactory     : Creating shared instance of singleton bean 'org.springframework.boot.autoconfigure.task.TaskSchedulingConfigurations$TaskSchedulerBuilderConfiguration'
2024-11-18T12:45:51.920-04:00 DEBUG 24640 --- [examen2] [    Test worker] o.s.b.f.s.DefaultListableBeanFactory     : Creating shared instance of singleton bean 'taskSchedulerBuilder'
2024-11-18T12:45:51.920-04:00 DEBUG 24640 --- [examen2] [    Test worker] o.s.b.f.s.DefaultListableBeanFactory     : Autowiring by type from bean name 'taskSchedulerBuilder' via factory method to bean named 'spring.task.scheduling-org.springframework.boot.autoconfigure.task.TaskSchedulingProperties'
2024-11-18T12:45:51.921-04:00 DEBUG 24640 --- [examen2] [    Test worker] o.s.b.f.s.DefaultListableBeanFactory     : Creating shared instance of singleton bean 'org.springframework.boot.autoconfigure.task.TaskSchedulingConfigurations$SimpleAsyncTaskSchedulerBuilderConfiguration'
2024-11-18T12:45:51.922-04:00 DEBUG 24640 --- [examen2] [    Test worker] o.s.b.f.s.DefaultListableBeanFactory     : Autowiring by type from bean name 'org.springframework.boot.autoconfigure.task.TaskSchedulingConfigurations$SimpleAsyncTaskSchedulerBuilderConfiguration' via constructor to bean named 'spring.task.scheduling-org.springframework.boot.autoconfigure.task.TaskSchedulingProperties'
2024-11-18T12:45:51.922-04:00 DEBUG 24640 --- [examen2] [    Test worker] o.s.b.f.s.DefaultListableBeanFactory     : Creating shared instance of singleton bean 'simpleAsyncTaskSchedulerBuilder'
2024-11-18T12:45:51.924-04:00 DEBUG 24640 --- [examen2] [    Test worker] o.s.b.f.s.DefaultListableBeanFactory     : Creating shared instance of singleton bean 'org.springframework.boot.autoconfigure.task.TaskSchedulingAutoConfiguration'
2024-11-18T12:45:51.924-04:00 DEBUG 24640 --- [examen2] [    Test worker] o.s.b.f.s.DefaultListableBeanFactory     : Creating shared instance of singleton bean 'org.springframework.boot.autoconfigure.jdbc.DataSourceTransactionManagerAutoConfiguration$JdbcTransactionManagerConfiguration'
2024-11-18T12:45:51.925-04:00 DEBUG 24640 --- [examen2] [    Test worker] o.s.b.f.s.DefaultListableBeanFactory     : Creating shared instance of singleton bean 'org.springframework.boot.autoconfigure.jdbc.DataSourceTransactionManagerAutoConfiguration'
2024-11-18T12:45:51.925-04:00 DEBUG 24640 --- [examen2] [    Test worker] o.s.b.f.s.DefaultListableBeanFactory     : Creating shared instance of singleton bean 'org.springframework.boot.autoconfigure.transaction.TransactionAutoConfiguration$EnableTransactionManagementConfiguration$CglibAutoProxyConfiguration'
2024-11-18T12:45:51.925-04:00 DEBUG 24640 --- [examen2] [    Test worker] o.s.b.f.s.DefaultListableBeanFactory     : Creating shared instance of singleton bean 'org.springframework.boot.autoconfigure.transaction.TransactionAutoConfiguration$EnableTransactionManagementConfiguration'
2024-11-18T12:45:51.925-04:00 DEBUG 24640 --- [examen2] [    Test worker] o.s.b.f.s.DefaultListableBeanFactory     : Creating shared instance of singleton bean 'org.springframework.boot.autoconfigure.transaction.TransactionAutoConfiguration$TransactionTemplateConfiguration'
2024-11-18T12:45:51.925-04:00 DEBUG 24640 --- [examen2] [    Test worker] o.s.b.f.s.DefaultListableBeanFactory     : Creating shared instance of singleton bean 'transactionTemplate'
2024-11-18T12:45:51.925-04:00 DEBUG 24640 --- [examen2] [    Test worker] o.s.b.f.s.DefaultListableBeanFactory     : Autowiring by type from bean name 'transactionTemplate' via factory method to bean named 'transactionManager'
2024-11-18T12:45:51.926-04:00 DEBUG 24640 --- [examen2] [    Test worker] o.s.b.f.s.DefaultListableBeanFactory     : Creating shared instance of singleton bean 'org.springframework.boot.autoconfigure.transaction.TransactionAutoConfiguration'
2024-11-18T12:45:51.927-04:00 DEBUG 24640 --- [examen2] [    Test worker] o.s.b.f.s.DefaultListableBeanFactory     : Creating shared instance of singleton bean 'org.springframework.boot.autoconfigure.web.client.RestClientAutoConfiguration'
2024-11-18T12:45:51.927-04:00 DEBUG 24640 --- [examen2] [    Test worker] o.s.b.f.s.DefaultListableBeanFactory     : Creating shared instance of singleton bean 'httpMessageConvertersRestClientCustomizer'
2024-11-18T12:45:51.927-04:00 DEBUG 24640 --- [examen2] [    Test worker] o.s.b.f.s.DefaultListableBeanFactory     : Creating shared instance of singleton bean 'restClientSsl'
2024-11-18T12:45:51.927-04:00 DEBUG 24640 --- [examen2] [    Test worker] o.s.b.f.s.DefaultListableBeanFactory     : Autowiring by type from bean name 'restClientSsl' via factory method to bean named 'sslBundleRegistry'
2024-11-18T12:45:51.927-04:00 DEBUG 24640 --- [examen2] [    Test worker] o.s.b.f.s.DefaultListableBeanFactory     : Creating shared instance of singleton bean 'restClientBuilderConfigurer'
2024-11-18T12:45:51.928-04:00 DEBUG 24640 --- [examen2] [    Test worker] o.s.b.f.s.DefaultListableBeanFactory     : Creating shared instance of singleton bean 'org.springframework.boot.autoconfigure.web.client.RestTemplateAutoConfiguration'
2024-11-18T12:45:51.928-04:00 DEBUG 24640 --- [examen2] [    Test worker] o.s.b.f.s.DefaultListableBeanFactory     : Creating shared instance of singleton bean 'characterEncodingFilter'
2024-11-18T12:45:51.928-04:00 DEBUG 24640 --- [examen2] [    Test worker] o.s.b.f.s.DefaultListableBeanFactory     : Creating shared instance of singleton bean 'multipartResolver'
2024-11-18T12:45:51.939-04:00 DEBUG 24640 --- [examen2] [    Test worker] o.s.c.support.DefaultLifecycleProcessor  : Starting beans in phase -2147483647
2024-11-18T12:45:51.939-04:00 DEBUG 24640 --- [examen2] [    Test worker] o.s.c.support.DefaultLifecycleProcessor  : Successfully started bean 'springBootLoggingLifecycle'
2024-11-18T12:45:51.939-04:00 DEBUG 24640 --- [examen2] [    Test worker] o.s.c.support.DefaultLifecycleProcessor  : Starting beans in phase 2147483647
2024-11-18T12:45:51.948-04:00 DEBUG 24640 --- [examen2] [    Test worker] .s.b.a.l.ConditionEvaluationReportLogger : 


============================
CONDITIONS EVALUATION REPORT
============================


Positive matches:
-----------------

   AopAutoConfiguration matched:
      - @ConditionalOnProperty (spring.aop.auto=true) matched (OnPropertyCondition)

   AopAutoConfiguration.AspectJAutoProxyingConfiguration matched:
      - @ConditionalOnClass found required class 'org.aspectj.weaver.Advice' (OnClassCondition)

   AopAutoConfiguration.AspectJAutoProxyingConfiguration.CglibAutoProxyConfiguration matched:
      - @ConditionalOnProperty (spring.aop.proxy-target-class=true) matched (OnPropertyCondition)

   ApplicationAvailabilityAutoConfiguration#applicationAvailability matched:
      - @ConditionalOnMissingBean (types: org.springframework.boot.availability.ApplicationAvailability; SearchStrategy: all) did not find any beans (OnBeanCondition)

   DataSourceAutoConfiguration matched:
      - @ConditionalOnClass found required classes 'javax.sql.DataSource', 'org.springframework.jdbc.datasource.embedded.EmbeddedDatabaseType' (OnClassCondition)
      - @ConditionalOnMissingBean (types: io.r2dbc.spi.ConnectionFactory; SearchStrategy: all) did not find any beans (OnBeanCondition)

   DataSourceAutoConfiguration.PooledDataSourceConfiguration matched:
      - AnyNestedCondition 1 matched 1 did not; NestedCondition on DataSourceAutoConfiguration.PooledDataSourceCondition.PooledDataSourceAvailable PooledDataSource found supported DataSource; NestedCondition on DataSourceAutoConfiguration.PooledDataSourceCondition.ExplicitType @ConditionalOnProperty (spring.datasource.type) did not find property 'type' (DataSourceAutoConfiguration.PooledDataSourceCondition)
      - @ConditionalOnMissingBean (types: javax.sql.DataSource,javax.sql.XADataSource; SearchStrategy: all) did not find any beans (OnBeanCondition)

   DataSourceAutoConfiguration.PooledDataSourceConfiguration#jdbcConnectionDetails matched:
      - @ConditionalOnMissingBean (types: org.springframework.boot.autoconfigure.jdbc.JdbcConnectionDetails; SearchStrategy: all) did not find any beans (OnBeanCondition)

   DataSourceConfiguration.Hikari matched:
      - @ConditionalOnClass found required class 'com.zaxxer.hikari.HikariDataSource' (OnClassCondition)
      - @ConditionalOnProperty (spring.datasource.type=com.zaxxer.hikari.HikariDataSource) matched (OnPropertyCondition)
      - @ConditionalOnMissingBean (types: javax.sql.DataSource; SearchStrategy: all) did not find any beans (OnBeanCondition)

   DataSourceInitializationConfiguration matched:
      - @ConditionalOnClass found required class 'org.springframework.jdbc.datasource.init.DatabasePopulator' (OnClassCondition)
      - @ConditionalOnSingleCandidate (types: javax.sql.DataSource; SearchStrategy: all) found a single bean 'dataSource'; @ConditionalOnMissingBean (types: org.springframework.boot.autoconfigure.sql.init.SqlDataSourceScriptDatabaseInitializer,org.springframework.boot.autoconfigure.sql.init.SqlR2dbcScriptDatabaseInitializer; SearchStrategy: all) did not find any beans (OnBeanCondition)

   DataSourcePoolMetadataProvidersConfiguration.HikariPoolDataSourceMetadataProviderConfiguration matched:
      - @ConditionalOnClass found required class 'com.zaxxer.hikari.HikariDataSource' (OnClassCondition)

   DataSourceTransactionManagerAutoConfiguration matched:
      - @ConditionalOnClass found required classes 'org.springframework.jdbc.core.JdbcTemplate', 'org.springframework.transaction.TransactionManager' (OnClassCondition)

   DataSourceTransactionManagerAutoConfiguration.JdbcTransactionManagerConfiguration matched:
      - @ConditionalOnSingleCandidate (types: javax.sql.DataSource; SearchStrategy: all) found a single bean 'dataSource' (OnBeanCondition)

   DispatcherServletAutoConfiguration matched:
      - @ConditionalOnClass found required class 'org.springframework.web.servlet.DispatcherServlet' (OnClassCondition)
      - found 'session' scope (OnWebApplicationCondition)

   DispatcherServletAutoConfiguration.DispatcherServletConfiguration matched:
      - @ConditionalOnClass found required class 'jakarta.servlet.ServletRegistration' (OnClassCondition)
      - Default DispatcherServlet did not find dispatcher servlet beans (DispatcherServletAutoConfiguration.DefaultDispatcherServletCondition)

   DispatcherServletAutoConfiguration.DispatcherServletRegistrationConfiguration matched:
      - @ConditionalOnClass found required class 'jakarta.servlet.ServletRegistration' (OnClassCondition)
      - DispatcherServlet Registration did not find servlet registration bean (DispatcherServletAutoConfiguration.DispatcherServletRegistrationCondition)

   DispatcherServletAutoConfiguration.DispatcherServletRegistrationConfiguration#dispatcherServletRegistration matched:
      - @ConditionalOnBean (names: dispatcherServlet types: org.springframework.web.servlet.DispatcherServlet; SearchStrategy: all) found bean 'dispatcherServlet' (OnBeanCondition)

   ErrorMvcAutoConfiguration matched:
      - @ConditionalOnClass found required classes 'jakarta.servlet.Servlet', 'org.springframework.web.servlet.DispatcherServlet' (OnClassCondition)
      - found 'session' scope (OnWebApplicationCondition)

   ErrorMvcAutoConfiguration#basicErrorController matched:
      - @ConditionalOnMissingBean (types: org.springframework.boot.web.servlet.error.ErrorController; SearchStrategy: current) did not find any beans (OnBeanCondition)

   ErrorMvcAutoConfiguration#errorAttributes matched:
      - @ConditionalOnMissingBean (types: org.springframework.boot.web.servlet.error.ErrorAttributes; SearchStrategy: current) did not find any beans (OnBeanCondition)

   ErrorMvcAutoConfiguration.DefaultErrorViewResolverConfiguration#conventionErrorViewResolver matched:
      - @ConditionalOnBean (types: org.springframework.web.servlet.DispatcherServlet; SearchStrategy: all) found bean 'dispatcherServlet'; @ConditionalOnMissingBean (types: org.springframework.boot.autoconfigure.web.servlet.error.ErrorViewResolver; SearchStrategy: all) did not find any beans (OnBeanCondition)

   ErrorMvcAutoConfiguration.WhitelabelErrorViewConfiguration matched:
      - @ConditionalOnProperty (server.error.whitelabel.enabled) matched (OnPropertyCondition)
      - ErrorTemplate Missing did not find error template view (ErrorMvcAutoConfiguration.ErrorTemplateMissingCondition)

   ErrorMvcAutoConfiguration.WhitelabelErrorViewConfiguration#beanNameViewResolver matched:
      - @ConditionalOnMissingBean (types: org.springframework.web.servlet.view.BeanNameViewResolver; SearchStrategy: all) did not find any beans (OnBeanCondition)

   ErrorMvcAutoConfiguration.WhitelabelErrorViewConfiguration#defaultErrorView matched:
      - @ConditionalOnMissingBean (names: error; SearchStrategy: all) did not find any beans (OnBeanCondition)

   GenericCacheConfiguration matched:
      - Cache org.springframework.boot.autoconfigure.cache.GenericCacheConfiguration automatic cache type (CacheCondition)

   GsonAutoConfiguration matched:
      - @ConditionalOnClass found required class 'com.google.gson.Gson' (OnClassCondition)

   GsonAutoConfiguration#gson matched:
      - @ConditionalOnMissingBean (types: com.google.gson.Gson; SearchStrategy: all) did not find any beans (OnBeanCondition)

   GsonAutoConfiguration#gsonBuilder matched:
      - @ConditionalOnMissingBean (types: com.google.gson.GsonBuilder; SearchStrategy: all) did not find any beans (OnBeanCondition)

   GsonHttpMessageConvertersConfiguration matched:
      - @ConditionalOnClass found required class 'com.google.gson.Gson' (OnClassCondition)

   HibernateJpaAutoConfiguration matched:
      - @ConditionalOnClass found required classes 'org.springframework.orm.jpa.LocalContainerEntityManagerFactoryBean', 'jakarta.persistence.EntityManager', 'org.hibernate.engine.spi.SessionImplementor' (OnClassCondition)

   HibernateJpaConfiguration matched:
      - @ConditionalOnSingleCandidate (types: javax.sql.DataSource; SearchStrategy: all) found a single bean 'dataSource' (OnBeanCondition)

   HttpEncodingAutoConfiguration matched:
      - @ConditionalOnClass found required class 'org.springframework.web.filter.CharacterEncodingFilter' (OnClassCondition)
      - found 'session' scope (OnWebApplicationCondition)
      - @ConditionalOnProperty (server.servlet.encoding.enabled) matched (OnPropertyCondition)

   HttpEncodingAutoConfiguration#characterEncodingFilter matched:
      - @ConditionalOnMissingBean (types: org.springframework.web.filter.CharacterEncodingFilter; SearchStrategy: all) did not find any beans (OnBeanCondition)

   HttpMessageConvertersAutoConfiguration matched:
      - @ConditionalOnClass found required class 'org.springframework.http.converter.HttpMessageConverter' (OnClassCondition)
      - NoneNestedConditions 0 matched 1 did not; NestedCondition on HttpMessageConvertersAutoConfiguration.NotReactiveWebApplicationCondition.ReactiveWebApplication did not find reactive web application classes (HttpMessageConvertersAutoConfiguration.NotReactiveWebApplicationCondition)

   HttpMessageConvertersAutoConfiguration#messageConverters matched:
      - @ConditionalOnMissingBean (types: org.springframework.boot.autoconfigure.http.HttpMessageConverters; SearchStrategy: all) did not find any beans (OnBeanCondition)

   HttpMessageConvertersAutoConfiguration.StringHttpMessageConverterConfiguration matched:
      - @ConditionalOnClass found required class 'org.springframework.http.converter.StringHttpMessageConverter' (OnClassCondition)

   HttpMessageConvertersAutoConfiguration.StringHttpMessageConverterConfiguration#stringHttpMessageConverter matched:
      - @ConditionalOnMissingBean (types: org.springframework.http.converter.StringHttpMessageConverter; SearchStrategy: all) did not find any beans (OnBeanCondition)

   JacksonAutoConfiguration matched:
      - @ConditionalOnClass found required class 'com.fasterxml.jackson.databind.ObjectMapper' (OnClassCondition)

   JacksonAutoConfiguration.Jackson2ObjectMapperBuilderCustomizerConfiguration matched:
      - @ConditionalOnClass found required class 'org.springframework.http.converter.json.Jackson2ObjectMapperBuilder' (OnClassCondition)

   JacksonAutoConfiguration.JacksonObjectMapperBuilderConfiguration matched:
      - @ConditionalOnClass found required class 'org.springframework.http.converter.json.Jackson2ObjectMapperBuilder' (OnClassCondition)

   JacksonAutoConfiguration.JacksonObjectMapperBuilderConfiguration#jacksonObjectMapperBuilder matched:
      - @ConditionalOnMissingBean (types: org.springframework.http.converter.json.Jackson2ObjectMapperBuilder; SearchStrategy: all) did not find any beans (OnBeanCondition)

   JacksonAutoConfiguration.JacksonObjectMapperConfiguration matched:
      - @ConditionalOnClass found required class 'org.springframework.http.converter.json.Jackson2ObjectMapperBuilder' (OnClassCondition)

   JacksonAutoConfiguration.JacksonObjectMapperConfiguration#jacksonObjectMapper matched:
      - @ConditionalOnMissingBean (types: com.fasterxml.jackson.databind.ObjectMapper; SearchStrategy: all) did not find any beans (OnBeanCondition)

   JacksonAutoConfiguration.ParameterNamesModuleConfiguration matched:
      - @ConditionalOnClass found required class 'com.fasterxml.jackson.module.paramnames.ParameterNamesModule' (OnClassCondition)

   JacksonAutoConfiguration.ParameterNamesModuleConfiguration#parameterNamesModule matched:
      - @ConditionalOnMissingBean (types: com.fasterxml.jackson.module.paramnames.ParameterNamesModule; SearchStrategy: all) did not find any beans (OnBeanCondition)

   JacksonHttpMessageConvertersConfiguration.MappingJackson2HttpMessageConverterConfiguration matched:
      - @ConditionalOnClass found required class 'com.fasterxml.jackson.databind.ObjectMapper' (OnClassCondition)
      - @ConditionalOnProperty (spring.mvc.converters.preferred-json-mapper=jackson) matched (OnPropertyCondition)
      - @ConditionalOnBean (types: com.fasterxml.jackson.databind.ObjectMapper; SearchStrategy: all) found bean 'jacksonObjectMapper' (OnBeanCondition)

   JacksonHttpMessageConvertersConfiguration.MappingJackson2HttpMessageConverterConfiguration#mappingJackson2HttpMessageConverter matched:
      - @ConditionalOnMissingBean (types: org.springframework.http.converter.json.MappingJackson2HttpMessageConverter ignored: org.springframework.hateoas.server.mvc.TypeConstrainedMappingJackson2HttpMessageConverter,org.springframework.data.rest.webmvc.alps.AlpsJsonHttpMessageConverter; SearchStrategy: all) did not find any beans (OnBeanCondition)

   JdbcClientAutoConfiguration matched:
      - @ConditionalOnSingleCandidate (types: org.springframework.jdbc.core.namedparam.NamedParameterJdbcTemplate; SearchStrategy: all) found a single bean 'namedParameterJdbcTemplate'; @ConditionalOnMissingBean (types: org.springframework.jdbc.core.simple.JdbcClient; SearchStrategy: all) did not find any beans (OnBeanCondition)

   JdbcTemplateAutoConfiguration matched:
      - @ConditionalOnClass found required classes 'javax.sql.DataSource', 'org.springframework.jdbc.core.JdbcTemplate' (OnClassCondition)
      - @ConditionalOnSingleCandidate (types: javax.sql.DataSource; SearchStrategy: all) found a single bean 'dataSource' (OnBeanCondition)

   JdbcTemplateConfiguration matched:
      - @ConditionalOnMissingBean (types: org.springframework.jdbc.core.JdbcOperations; SearchStrategy: all) did not find any beans (OnBeanCondition)

   JpaBaseConfiguration#entityManagerFactory matched:
      - @ConditionalOnMissingBean (types: org.springframework.orm.jpa.LocalContainerEntityManagerFactoryBean,jakarta.persistence.EntityManagerFactory; SearchStrategy: all) did not find any beans (OnBeanCondition)

   JpaBaseConfiguration#entityManagerFactoryBuilder matched:
      - @ConditionalOnMissingBean (types: org.springframework.boot.orm.jpa.EntityManagerFactoryBuilder; SearchStrategy: all) did not find any beans (OnBeanCondition)

   JpaBaseConfiguration#jpaVendorAdapter matched:
      - @ConditionalOnMissingBean (types: org.springframework.orm.jpa.JpaVendorAdapter; SearchStrategy: all) did not find any beans (OnBeanCondition)

   JpaBaseConfiguration#transactionManager matched:
      - @ConditionalOnMissingBean (types: org.springframework.transaction.TransactionManager; SearchStrategy: all) did not find any beans (OnBeanCondition)

   JpaBaseConfiguration.JpaWebConfiguration matched:
      - @ConditionalOnClass found required class 'org.springframework.web.servlet.config.annotation.WebMvcConfigurer' (OnClassCondition)
      - found 'session' scope (OnWebApplicationCondition)
      - @ConditionalOnProperty (spring.jpa.open-in-view=true) matched (OnPropertyCondition)
      - @ConditionalOnMissingBean (types: org.springframework.orm.jpa.support.OpenEntityManagerInViewInterceptor,org.springframework.orm.jpa.support.OpenEntityManagerInViewFilter; SearchStrategy: all) did not find any beans (OnBeanCondition)

   JpaBaseConfiguration.PersistenceManagedTypesConfiguration matched:
      - @ConditionalOnMissingBean (types: org.springframework.orm.jpa.LocalContainerEntityManagerFactoryBean,jakarta.persistence.EntityManagerFactory; SearchStrategy: all) did not find any beans (OnBeanCondition)

   JpaBaseConfiguration.PersistenceManagedTypesConfiguration#persistenceManagedTypes matched:
      - @ConditionalOnMissingBean (types: org.springframework.orm.jpa.persistenceunit.PersistenceManagedTypes; SearchStrategy: all) did not find any beans (OnBeanCondition)

   JpaRepositoriesAutoConfiguration matched:
      - @ConditionalOnClass found required class 'org.springframework.data.jpa.repository.JpaRepository' (OnClassCondition)
      - @ConditionalOnProperty (spring.data.jpa.repositories.enabled=true) matched (OnPropertyCondition)
      - @ConditionalOnBean (types: javax.sql.DataSource; SearchStrategy: all) found bean 'dataSource'; @ConditionalOnMissingBean (types: org.springframework.data.jpa.repository.support.JpaRepositoryFactoryBean,org.springframework.data.jpa.repository.config.JpaRepositoryConfigExtension; SearchStrategy: all) did not find any beans (OnBeanCondition)

   JtaAutoConfiguration matched:
      - @ConditionalOnClass found required class 'jakarta.transaction.Transaction' (OnClassCondition)
      - @ConditionalOnProperty (spring.jta.enabled) matched (OnPropertyCondition)

   LifecycleAutoConfiguration#defaultLifecycleProcessor matched:
      - @ConditionalOnMissingBean (names: lifecycleProcessor; SearchStrategy: current) did not find any beans (OnBeanCondition)

   MailSenderAutoConfiguration matched:
      - @ConditionalOnClass found required classes 'jakarta.mail.internet.MimeMessage', 'jakarta.activation.MimeType', 'org.springframework.mail.MailSender' (OnClassCondition)
      - AnyNestedCondition 1 matched 1 did not; NestedCondition on MailSenderAutoConfiguration.MailSenderCondition.JndiNameProperty @ConditionalOnProperty (spring.mail.jndi-name) did not find property 'jndi-name'; NestedCondition on MailSenderAutoConfiguration.MailSenderCondition.HostProperty @ConditionalOnProperty (spring.mail.host) matched (MailSenderAutoConfiguration.MailSenderCondition)
      - @ConditionalOnMissingBean (types: org.springframework.mail.MailSender; SearchStrategy: all) did not find any beans (OnBeanCondition)

   MailSenderPropertiesConfiguration matched:
      - @ConditionalOnProperty (spring.mail.host) matched (OnPropertyCondition)

   MailSenderPropertiesConfiguration#mailSender matched:
      - @ConditionalOnMissingBean (types: org.springframework.mail.javamail.JavaMailSender; SearchStrategy: all) did not find any beans (OnBeanCondition)

   MultipartAutoConfiguration matched:
      - @ConditionalOnClass found required classes 'jakarta.servlet.Servlet', 'org.springframework.web.multipart.support.StandardServletMultipartResolver', 'jakarta.servlet.MultipartConfigElement' (OnClassCondition)
      - found 'session' scope (OnWebApplicationCondition)
      - @ConditionalOnProperty (spring.servlet.multipart.enabled) matched (OnPropertyCondition)

   MultipartAutoConfiguration#multipartConfigElement matched:
      - @ConditionalOnMissingBean (types: jakarta.servlet.MultipartConfigElement; SearchStrategy: all) did not find any beans (OnBeanCondition)

   MultipartAutoConfiguration#multipartResolver matched:
      - @ConditionalOnMissingBean (types: org.springframework.web.multipart.MultipartResolver; SearchStrategy: all) did not find any beans (OnBeanCondition)

   NamedParameterJdbcTemplateConfiguration matched:
      - @ConditionalOnSingleCandidate (types: org.springframework.jdbc.core.JdbcTemplate; SearchStrategy: all) found a single bean 'jdbcTemplate'; @ConditionalOnMissingBean (types: org.springframework.jdbc.core.namedparam.NamedParameterJdbcOperations; SearchStrategy: all) did not find any beans (OnBeanCondition)

   NettyAutoConfiguration matched:
      - @ConditionalOnClass found required class 'io.netty.util.NettyRuntime' (OnClassCondition)

   NoOpCacheConfiguration matched:
      - Cache org.springframework.boot.autoconfigure.cache.NoOpCacheConfiguration automatic cache type (CacheCondition)

   PersistenceExceptionTranslationAutoConfiguration matched:
      - @ConditionalOnClass found required class 'org.springframework.dao.annotation.PersistenceExceptionTranslationPostProcessor' (OnClassCondition)

   PersistenceExceptionTranslationAutoConfiguration#persistenceExceptionTranslationPostProcessor matched:
      - @ConditionalOnProperty (spring.dao.exceptiontranslation.enabled) matched (OnPropertyCondition)
      - @ConditionalOnMissingBean (types: org.springframework.dao.annotation.PersistenceExceptionTranslationPostProcessor; SearchStrategy: all) did not find any beans (OnBeanCondition)

   PropertyPlaceholderAutoConfiguration#propertySourcesPlaceholderConfigurer matched:
      - @ConditionalOnMissingBean (types: org.springframework.context.support.PropertySourcesPlaceholderConfigurer; SearchStrategy: current) did not find any beans (OnBeanCondition)

   RestClientAutoConfiguration matched:
      - @ConditionalOnClass found required class 'org.springframework.web.client.RestClient' (OnClassCondition)
      - NoneNestedConditions 0 matched 1 did not; NestedCondition on NotReactiveWebApplicationCondition.ReactiveWebApplication did not find reactive web application classes (NotReactiveWebApplicationCondition)

   RestClientAutoConfiguration#httpMessageConvertersRestClientCustomizer matched:
      - @ConditionalOnMissingBean (types: org.springframework.boot.autoconfigure.web.client.HttpMessageConvertersRestClientCustomizer; SearchStrategy: all) did not find any beans (OnBeanCondition)

   RestClientAutoConfiguration#restClientBuilder matched:
      - @ConditionalOnMissingBean (types: org.springframework.web.client.RestClient$Builder; SearchStrategy: all) did not find any beans (OnBeanCondition)

   RestClientAutoConfiguration#restClientBuilderConfigurer matched:
      - @ConditionalOnMissingBean (types: org.springframework.boot.autoconfigure.web.client.RestClientBuilderConfigurer; SearchStrategy: all) did not find any beans (OnBeanCondition)

   RestClientAutoConfiguration#restClientSsl matched:
      - @ConditionalOnBean (types: org.springframework.boot.ssl.SslBundles; SearchStrategy: all) found bean 'sslBundleRegistry'; @ConditionalOnMissingBean (types: org.springframework.boot.autoconfigure.web.client.RestClientSsl; SearchStrategy: all) did not find any beans (OnBeanCondition)

   RestTemplateAutoConfiguration matched:
      - @ConditionalOnClass found required class 'org.springframework.web.client.RestTemplate' (OnClassCondition)
      - NoneNestedConditions 0 matched 1 did not; NestedCondition on NotReactiveWebApplicationCondition.ReactiveWebApplication did not find reactive web application classes (NotReactiveWebApplicationCondition)

   RestTemplateAutoConfiguration#restTemplateBuilder matched:
      - @ConditionalOnMissingBean (types: org.springframework.boot.web.client.RestTemplateBuilder; SearchStrategy: all) did not find any beans (OnBeanCondition)

   SecurityAutoConfiguration matched:
      - @ConditionalOnClass found required class 'org.springframework.security.authentication.DefaultAuthenticationEventPublisher' (OnClassCondition)

   SecurityAutoConfiguration#authenticationEventPublisher matched:
      - @ConditionalOnMissingBean (types: org.springframework.security.authentication.AuthenticationEventPublisher; SearchStrategy: all) did not find any beans (OnBeanCondition)

   SecurityFilterAutoConfiguration matched:
      - @ConditionalOnClass found required classes 'org.springframework.security.web.context.AbstractSecurityWebApplicationInitializer', 'org.springframework.security.config.http.SessionCreationPolicy' (OnClassCondition)
      - found 'session' scope (OnWebApplicationCondition)

   SecurityFilterAutoConfiguration#securityFilterChainRegistration matched:
      - @ConditionalOnBean (names: springSecurityFilterChain; SearchStrategy: all) found bean 'springSecurityFilterChain' (OnBeanCondition)

   ServletWebServerFactoryAutoConfiguration matched:
      - @ConditionalOnClass found required class 'jakarta.servlet.ServletRequest' (OnClassCondition)
      - found 'session' scope (OnWebApplicationCondition)

   ServletWebServerFactoryAutoConfiguration#tomcatServletWebServerFactoryCustomizer matched:
      - @ConditionalOnClass found required class 'org.apache.catalina.startup.Tomcat' (OnClassCondition)

   ServletWebServerFactoryConfiguration.EmbeddedTomcat matched:
      - @ConditionalOnClass found required classes 'jakarta.servlet.Servlet', 'org.apache.catalina.startup.Tomcat', 'org.apache.coyote.UpgradeProtocol' (OnClassCondition)
      - @ConditionalOnMissingBean (types: org.springframework.boot.web.servlet.server.ServletWebServerFactory; SearchStrategy: current) did not find any beans (OnBeanCondition)

   SimpleCacheConfiguration matched:
      - Cache org.springframework.boot.autoconfigure.cache.SimpleCacheConfiguration automatic cache type (CacheCondition)

   SpringBootWebSecurityConfiguration matched:
      - found 'session' scope (OnWebApplicationCondition)

   SpringDataWebAutoConfiguration matched:
      - @ConditionalOnClass found required classes 'org.springframework.data.web.PageableHandlerMethodArgumentResolver', 'org.springframework.web.servlet.config.annotation.WebMvcConfigurer' (OnClassCondition)
      - found 'session' scope (OnWebApplicationCondition)
      - @ConditionalOnMissingBean (types: org.springframework.data.web.PageableHandlerMethodArgumentResolver; SearchStrategy: all) did not find any beans (OnBeanCondition)

   SpringDataWebAutoConfiguration#pageableCustomizer matched:
      - @ConditionalOnMissingBean (types: org.springframework.data.web.config.PageableHandlerMethodArgumentResolverCustomizer; SearchStrategy: all) did not find any beans (OnBeanCondition)

   SpringDataWebAutoConfiguration#sortCustomizer matched:
      - @ConditionalOnMissingBean (types: org.springframework.data.web.config.SortHandlerMethodArgumentResolverCustomizer; SearchStrategy: all) did not find any beans (OnBeanCondition)

   SqlInitializationAutoConfiguration matched:
      - @ConditionalOnProperty (spring.sql.init.enabled) matched (OnPropertyCondition)
      - NoneNestedConditions 0 matched 1 did not; NestedCondition on SqlInitializationAutoConfiguration.SqlInitializationModeCondition.ModeIsNever @ConditionalOnProperty (spring.sql.init.mode=never) did not find property 'mode' (SqlInitializationAutoConfiguration.SqlInitializationModeCondition)

   SslAutoConfiguration#sslBundleRegistry matched:
      - @ConditionalOnMissingBean (types: org.springframework.boot.ssl.SslBundleRegistry,org.springframework.boot.ssl.SslBundles; SearchStrategy: all) did not find any beans (OnBeanCondition)

   TaskExecutionAutoConfiguration matched:
      - @ConditionalOnClass found required class 'org.springframework.scheduling.concurrent.ThreadPoolTaskExecutor' (OnClassCondition)

   TaskExecutorConfigurations.SimpleAsyncTaskExecutorBuilderConfiguration#simpleAsyncTaskExecutorBuilder matched:
      - @ConditionalOnMissingBean (types: org.springframework.boot.task.SimpleAsyncTaskExecutorBuilder; SearchStrategy: all) did not find any beans (OnBeanCondition)
      - @ConditionalOnThreading found PLATFORM (OnThreadingCondition)

   TaskExecutorConfigurations.TaskExecutorBuilderConfiguration#taskExecutorBuilder matched:
      - @ConditionalOnMissingBean (types: org.springframework.boot.task.TaskExecutorBuilder; SearchStrategy: all) did not find any beans (OnBeanCondition)

   TaskExecutorConfigurations.TaskExecutorConfiguration matched:
      - @ConditionalOnMissingBean (types: java.util.concurrent.Executor; SearchStrategy: all) did not find any beans (OnBeanCondition)

   TaskExecutorConfigurations.TaskExecutorConfiguration#applicationTaskExecutor matched:
      - @ConditionalOnThreading found PLATFORM (OnThreadingCondition)

   TaskExecutorConfigurations.ThreadPoolTaskExecutorBuilderConfiguration#threadPoolTaskExecutorBuilder matched:
      - @ConditionalOnMissingBean (types: org.springframework.boot.task.TaskExecutorBuilder,org.springframework.boot.task.ThreadPoolTaskExecutorBuilder; SearchStrategy: all) did not find any beans (OnBeanCondition)

   TaskSchedulingAutoConfiguration matched:
      - @ConditionalOnClass found required class 'org.springframework.scheduling.concurrent.ThreadPoolTaskScheduler' (OnClassCondition)

   TaskSchedulingConfigurations.SimpleAsyncTaskSchedulerBuilderConfiguration#simpleAsyncTaskSchedulerBuilder matched:
      - @ConditionalOnMissingBean (types: org.springframework.boot.task.SimpleAsyncTaskSchedulerBuilder; SearchStrategy: all) did not find any beans (OnBeanCondition)
      - @ConditionalOnThreading found PLATFORM (OnThreadingCondition)

   TaskSchedulingConfigurations.TaskSchedulerBuilderConfiguration#taskSchedulerBuilder matched:
      - @ConditionalOnMissingBean (types: org.springframework.boot.task.TaskSchedulerBuilder; SearchStrategy: all) did not find any beans (OnBeanCondition)

   TaskSchedulingConfigurations.ThreadPoolTaskSchedulerBuilderConfiguration#threadPoolTaskSchedulerBuilder matched:
      - @ConditionalOnMissingBean (types: org.springframework.boot.task.TaskSchedulerBuilder,org.springframework.boot.task.ThreadPoolTaskSchedulerBuilder; SearchStrategy: all) did not find any beans (OnBeanCondition)

   TransactionAutoConfiguration matched:
      - @ConditionalOnClass found required class 'org.springframework.transaction.PlatformTransactionManager' (OnClassCondition)

   TransactionAutoConfiguration.EnableTransactionManagementConfiguration matched:
      - @ConditionalOnBean (types: org.springframework.transaction.TransactionManager; SearchStrategy: all) found bean 'transactionManager'; @ConditionalOnMissingBean (types: org.springframework.transaction.annotation.AbstractTransactionManagementConfiguration; SearchStrategy: all) did not find any beans (OnBeanCondition)

   TransactionAutoConfiguration.EnableTransactionManagementConfiguration.CglibAutoProxyConfiguration matched:
      - @ConditionalOnProperty (spring.aop.proxy-target-class=true) matched (OnPropertyCondition)

   TransactionAutoConfiguration.TransactionTemplateConfiguration matched:
      - @ConditionalOnSingleCandidate (types: org.springframework.transaction.PlatformTransactionManager; SearchStrategy: all) found a single bean 'transactionManager' (OnBeanCondition)

   TransactionAutoConfiguration.TransactionTemplateConfiguration#transactionTemplate matched:
      - @ConditionalOnMissingBean (types: org.springframework.transaction.support.TransactionOperations; SearchStrategy: all) did not find any beans (OnBeanCondition)

   TransactionManagerCustomizationAutoConfiguration matched:
      - @ConditionalOnClass found required class 'org.springframework.transaction.PlatformTransactionManager' (OnClassCondition)

   TransactionManagerCustomizationAutoConfiguration#platformTransactionManagerCustomizers matched:
      - @ConditionalOnMissingBean (types: org.springframework.boot.autoconfigure.transaction.TransactionManagerCustomizers; SearchStrategy: all) did not find any beans (OnBeanCondition)

   ValidationAutoConfiguration matched:
      - @ConditionalOnClass found required class 'jakarta.validation.executable.ExecutableValidator' (OnClassCondition)
      - @ConditionalOnResource found location classpath:META-INF/services/jakarta.validation.spi.ValidationProvider (OnResourceCondition)

   ValidationAutoConfiguration#defaultValidator matched:
      - @ConditionalOnMissingBean (types: jakarta.validation.Validator; SearchStrategy: all) did not find any beans (OnBeanCondition)

   ValidationAutoConfiguration#methodValidationPostProcessor matched:
      - @ConditionalOnMissingBean (types: org.springframework.validation.beanvalidation.MethodValidationPostProcessor; SearchStrategy: current) did not find any beans (OnBeanCondition)

   WebMvcAutoConfiguration matched:
      - @ConditionalOnClass found required classes 'jakarta.servlet.Servlet', 'org.springframework.web.servlet.DispatcherServlet', 'org.springframework.web.servlet.config.annotation.WebMvcConfigurer' (OnClassCondition)
      - found 'session' scope (OnWebApplicationCondition)
      - @ConditionalOnMissingBean (types: org.springframework.web.servlet.config.annotation.WebMvcConfigurationSupport; SearchStrategy: all) did not find any beans (OnBeanCondition)

   WebMvcAutoConfiguration#formContentFilter matched:
      - @ConditionalOnProperty (spring.mvc.formcontent.filter.enabled) matched (OnPropertyCondition)
      - @ConditionalOnMissingBean (types: org.springframework.web.filter.FormContentFilter; SearchStrategy: all) did not find any beans (OnBeanCondition)

   WebMvcAutoConfiguration.EnableWebMvcConfiguration#flashMapManager matched:
      - @ConditionalOnMissingBean (names: flashMapManager; SearchStrategy: all) did not find any beans (OnBeanCondition)

   WebMvcAutoConfiguration.EnableWebMvcConfiguration#localeResolver matched:
      - @ConditionalOnMissingBean (names: localeResolver; SearchStrategy: all) did not find any beans (OnBeanCondition)

   WebMvcAutoConfiguration.EnableWebMvcConfiguration#themeResolver matched:
      - @ConditionalOnMissingBean (names: themeResolver; SearchStrategy: all) did not find any beans (OnBeanCondition)

   WebMvcAutoConfiguration.WebMvcAutoConfigurationAdapter#defaultViewResolver matched:
      - @ConditionalOnMissingBean (types: org.springframework.web.servlet.view.InternalResourceViewResolver; SearchStrategy: all) did not find any beans (OnBeanCondition)

   WebMvcAutoConfiguration.WebMvcAutoConfigurationAdapter#requestContextFilter matched:
      - @ConditionalOnMissingBean (types: org.springframework.web.context.request.RequestContextListener,org.springframework.web.filter.RequestContextFilter; SearchStrategy: all) did not find any beans (OnBeanCondition)

   WebMvcAutoConfiguration.WebMvcAutoConfigurationAdapter#viewResolver matched:
      - @ConditionalOnBean (types: org.springframework.web.servlet.ViewResolver; SearchStrategy: all) found beans 'defaultViewResolver', 'beanNameViewResolver', 'mvcViewResolver'; @ConditionalOnMissingBean (names: viewResolver types: org.springframework.web.servlet.view.ContentNegotiatingViewResolver; SearchStrategy: all) did not find any beans (OnBeanCondition)

   WebSocketServletAutoConfiguration matched:
      - @ConditionalOnClass found required classes 'jakarta.servlet.Servlet', 'jakarta.websocket.server.ServerContainer' (OnClassCondition)
      - found 'session' scope (OnWebApplicationCondition)

   WebSocketServletAutoConfiguration.TomcatWebSocketConfiguration matched:
      - @ConditionalOnClass found required classes 'org.apache.catalina.startup.Tomcat', 'org.apache.tomcat.websocket.server.WsSci' (OnClassCondition)

   WebSocketServletAutoConfiguration.TomcatWebSocketConfiguration#websocketServletWebServerCustomizer matched:
      - @ConditionalOnMissingBean (names: websocketServletWebServerCustomizer; SearchStrategy: all) did not find any beans (OnBeanCondition)


Negative matches:
-----------------

   ActiveMQAutoConfiguration:
      Did not match:
         - @ConditionalOnClass did not find required class 'jakarta.jms.ConnectionFactory' (OnClassCondition)

   AopAutoConfiguration.AspectJAutoProxyingConfiguration.JdkDynamicAutoProxyConfiguration:
      Did not match:
         - @ConditionalOnProperty (spring.aop.proxy-target-class=false) did not find property 'proxy-target-class' (OnPropertyCondition)

   AopAutoConfiguration.ClassProxyingConfiguration:
      Did not match:
         - @ConditionalOnMissingClass found unwanted class 'org.aspectj.weaver.Advice' (OnClassCondition)

   ArtemisAutoConfiguration:
      Did not match:
         - @ConditionalOnClass did not find required class 'jakarta.jms.ConnectionFactory' (OnClassCondition)

   BatchAutoConfiguration:
      Did not match:
         - @ConditionalOnClass did not find required class 'org.springframework.batch.core.launch.JobLauncher' (OnClassCondition)

   Cache2kCacheConfiguration:
      Did not match:
         - @ConditionalOnClass did not find required class 'org.cache2k.Cache2kBuilder' (OnClassCondition)

   CacheAutoConfiguration:
      Did not match:
         - @ConditionalOnBean (types: org.springframework.cache.interceptor.CacheAspectSupport; SearchStrategy: all) did not find any beans of type org.springframework.cache.interceptor.CacheAspectSupport (OnBeanCondition)
      Matched:
         - @ConditionalOnClass found required class 'org.springframework.cache.CacheManager' (OnClassCondition)

   CacheAutoConfiguration.CacheManagerEntityManagerFactoryDependsOnPostProcessor:
      Did not match:
         - Ancestor org.springframework.boot.autoconfigure.cache.CacheAutoConfiguration did not match (ConditionEvaluationReport.AncestorsMatchedCondition)
      Matched:
         - @ConditionalOnClass found required class 'org.springframework.orm.jpa.LocalContainerEntityManagerFactoryBean' (OnClassCondition)

   CaffeineCacheConfiguration:
      Did not match:
         - @ConditionalOnClass did not find required class 'com.github.benmanes.caffeine.cache.Caffeine' (OnClassCondition)

   CassandraAutoConfiguration:
      Did not match:
         - @ConditionalOnClass did not find required class 'com.datastax.oss.driver.api.core.CqlSession' (OnClassCondition)

   CassandraDataAutoConfiguration:
      Did not match:
         - @ConditionalOnClass did not find required class 'com.datastax.oss.driver.api.core.CqlSession' (OnClassCondition)

   CassandraReactiveDataAutoConfiguration:
      Did not match:
         - @ConditionalOnClass did not find required class 'com.datastax.oss.driver.api.core.CqlSession' (OnClassCondition)

   CassandraReactiveRepositoriesAutoConfiguration:
      Did not match:
         - @ConditionalOnClass did not find required class 'org.springframework.data.cassandra.ReactiveSession' (OnClassCondition)

   CassandraRepositoriesAutoConfiguration:
      Did not match:
         - @ConditionalOnClass did not find required class 'com.datastax.oss.driver.api.core.CqlSession' (OnClassCondition)

   ClientHttpConnectorAutoConfiguration:
      Did not match:
         - @ConditionalOnClass did not find required class 'org.springframework.web.reactive.function.client.WebClient' (OnClassCondition)

   CodecsAutoConfiguration:
      Did not match:
         - @ConditionalOnClass did not find required class 'org.springframework.web.reactive.function.client.WebClient' (OnClassCondition)

   CouchbaseAutoConfiguration:
      Did not match:
         - @ConditionalOnClass did not find required class 'com.couchbase.client.java.Cluster' (OnClassCondition)

   CouchbaseCacheConfiguration:
      Did not match:
         - @ConditionalOnClass did not find required class 'com.couchbase.client.java.Cluster' (OnClassCondition)

   CouchbaseDataAutoConfiguration:
      Did not match:
         - @ConditionalOnClass did not find required class 'com.couchbase.client.java.Bucket' (OnClassCondition)

   CouchbaseReactiveDataAutoConfiguration:
      Did not match:
         - @ConditionalOnClass did not find required class 'com.couchbase.client.java.Cluster' (OnClassCondition)

   CouchbaseReactiveRepositoriesAutoConfiguration:
      Did not match:
         - @ConditionalOnClass did not find required class 'com.couchbase.client.java.Cluster' (OnClassCondition)

   CouchbaseRepositoriesAutoConfiguration:
      Did not match:
         - @ConditionalOnClass did not find required class 'com.couchbase.client.java.Bucket' (OnClassCondition)

   DataSourceAutoConfiguration.EmbeddedDatabaseConfiguration:
      Did not match:
         - EmbeddedDataSource spring.datasource.url is set (DataSourceAutoConfiguration.EmbeddedDatabaseCondition)

   DataSourceCheckpointRestoreConfiguration:
      Did not match:
         - @ConditionalOnClass did not find required class 'org.crac.Resource' (OnClassCondition)

   DataSourceConfiguration.Dbcp2:
      Did not match:
         - @ConditionalOnClass did not find required class 'org.apache.commons.dbcp2.BasicDataSource' (OnClassCondition)

   DataSourceConfiguration.Generic:
      Did not match:
         - @ConditionalOnProperty (spring.datasource.type) did not find property 'spring.datasource.type' (OnPropertyCondition)

   DataSourceConfiguration.OracleUcp:
      Did not match:
         - @ConditionalOnClass did not find required classes 'oracle.ucp.jdbc.PoolDataSourceImpl', 'oracle.jdbc.OracleConnection' (OnClassCondition)

   DataSourceConfiguration.Tomcat:
      Did not match:
         - @ConditionalOnClass did not find required class 'org.apache.tomcat.jdbc.pool.DataSource' (OnClassCondition)

   DataSourceJmxConfiguration:
      Did not match:
         - @ConditionalOnProperty (spring.jmx.enabled=true) found different value in property 'enabled' (OnPropertyCondition)

   DataSourcePoolMetadataProvidersConfiguration.CommonsDbcp2PoolDataSourceMetadataProviderConfiguration:
      Did not match:
         - @ConditionalOnClass did not find required class 'org.apache.commons.dbcp2.BasicDataSource' (OnClassCondition)

   DataSourcePoolMetadataProvidersConfiguration.OracleUcpPoolDataSourceMetadataProviderConfiguration:
      Did not match:
         - @ConditionalOnClass did not find required classes 'oracle.ucp.jdbc.PoolDataSource', 'oracle.jdbc.OracleConnection' (OnClassCondition)

   DataSourcePoolMetadataProvidersConfiguration.TomcatDataSourcePoolMetadataProviderConfiguration:
      Did not match:
         - @ConditionalOnClass did not find required class 'org.apache.tomcat.jdbc.pool.DataSource' (OnClassCondition)

   DataSourceTransactionManagerAutoConfiguration.JdbcTransactionManagerConfiguration#transactionManager:
      Did not match:
         - @ConditionalOnMissingBean (types: org.springframework.transaction.TransactionManager; SearchStrategy: all) found beans of type 'org.springframework.transaction.TransactionManager' transactionManager (OnBeanCondition)

   DispatcherServletAutoConfiguration.DispatcherServletConfiguration#multipartResolver:
      Did not match:
         - @ConditionalOnBean (types: org.springframework.web.multipart.MultipartResolver; SearchStrategy: all) did not find any beans of type org.springframework.web.multipart.MultipartResolver (OnBeanCondition)

   ElasticsearchClientAutoConfiguration:
      Did not match:
         - @ConditionalOnClass did not find required class 'co.elastic.clients.elasticsearch.ElasticsearchClient' (OnClassCondition)

   ElasticsearchDataAutoConfiguration:
      Did not match:
         - @ConditionalOnClass did not find required class 'org.springframework.data.elasticsearch.client.elc.ElasticsearchTemplate' (OnClassCondition)

   ElasticsearchRepositoriesAutoConfiguration:
      Did not match:
         - @ConditionalOnClass did not find required class 'org.springframework.data.elasticsearch.repository.ElasticsearchRepository' (OnClassCondition)

   ElasticsearchRestClientAutoConfiguration:
      Did not match:
         - @ConditionalOnClass did not find required class 'org.elasticsearch.client.RestClientBuilder' (OnClassCondition)

   EmbeddedLdapAutoConfiguration:
      Did not match:
         - @ConditionalOnClass did not find required class 'com.unboundid.ldap.listener.InMemoryDirectoryServer' (OnClassCondition)

   EmbeddedWebServerFactoryCustomizerAutoConfiguration:
      Did not match:
         - Application is deployed as a WAR file. (OnWarDeploymentCondition)
      Matched:
         - @ConditionalOnWebApplication (required) found 'session' scope (OnWebApplicationCondition)

   ErrorWebFluxAutoConfiguration:
      Did not match:
         - @ConditionalOnClass did not find required class 'org.springframework.web.reactive.config.WebFluxConfigurer' (OnClassCondition)

   FlywayAutoConfiguration:
      Did not match:
         - @ConditionalOnClass did not find required class 'org.flywaydb.core.Flyway' (OnClassCondition)

   FreeMarkerAutoConfiguration:
      Did not match:
         - @ConditionalOnClass did not find required class 'freemarker.template.Configuration' (OnClassCondition)

   GraphQlAutoConfiguration:
      Did not match:
         - @ConditionalOnClass did not find required class 'graphql.GraphQL' (OnClassCondition)

   GraphQlQueryByExampleAutoConfiguration:
      Did not match:
         - @ConditionalOnClass did not find required class 'graphql.GraphQL' (OnClassCondition)

   GraphQlQuerydslAutoConfiguration:
      Did not match:
         - @ConditionalOnClass did not find required class 'com.querydsl.core.Query' (OnClassCondition)

   GraphQlRSocketAutoConfiguration:
      Did not match:
         - @ConditionalOnClass did not find required class 'graphql.GraphQL' (OnClassCondition)

   GraphQlReactiveQueryByExampleAutoConfiguration:
      Did not match:
         - @ConditionalOnClass did not find required class 'graphql.GraphQL' (OnClassCondition)

   GraphQlReactiveQuerydslAutoConfiguration:
      Did not match:
         - @ConditionalOnClass did not find required class 'com.querydsl.core.Query' (OnClassCondition)

   GraphQlWebFluxAutoConfiguration:
      Did not match:
         - @ConditionalOnClass did not find required class 'graphql.GraphQL' (OnClassCondition)

   GraphQlWebFluxSecurityAutoConfiguration:
      Did not match:
         - @ConditionalOnClass did not find required class 'graphql.GraphQL' (OnClassCondition)

   GraphQlWebMvcAutoConfiguration:
      Did not match:
         - @ConditionalOnClass did not find required class 'graphql.GraphQL' (OnClassCondition)

   GraphQlWebMvcSecurityAutoConfiguration:
      Did not match:
         - @ConditionalOnClass did not find required class 'graphql.GraphQL' (OnClassCondition)

   GroovyTemplateAutoConfiguration:
      Did not match:
         - @ConditionalOnClass did not find required class 'groovy.text.markup.MarkupTemplateEngine' (OnClassCondition)

   GsonHttpMessageConvertersConfiguration.GsonHttpMessageConverterConfiguration:
      Did not match:
         - AnyNestedCondition 0 matched 2 did not; NestedCondition on GsonHttpMessageConvertersConfiguration.PreferGsonOrJacksonAndJsonbUnavailableCondition.JacksonJsonbUnavailable NoneNestedConditions 1 matched 1 did not; NestedCondition on GsonHttpMessageConvertersConfiguration.JacksonAndJsonbUnavailableCondition.JsonbPreferred @ConditionalOnProperty (spring.mvc.converters.preferred-json-mapper=jsonb) did not find property 'spring.mvc.converters.preferred-json-mapper'; NestedCondition on GsonHttpMessageConvertersConfiguration.JacksonAndJsonbUnavailableCondition.JacksonAvailable @ConditionalOnBean (types: org.springframework.http.converter.json.MappingJackson2HttpMessageConverter; SearchStrategy: all) found bean 'mappingJackson2HttpMessageConverter'; NestedCondition on GsonHttpMessageConvertersConfiguration.PreferGsonOrJacksonAndJsonbUnavailableCondition.GsonPreferred @ConditionalOnProperty (spring.mvc.converters.preferred-json-mapper=gson) did not find property 'spring.mvc.converters.preferred-json-mapper' (GsonHttpMessageConvertersConfiguration.PreferGsonOrJacksonAndJsonbUnavailableCondition)

   H2ConsoleAutoConfiguration:
      Did not match:
         - @ConditionalOnClass did not find required class 'org.h2.server.web.JakartaWebServlet' (OnClassCondition)

   HazelcastAutoConfiguration:
      Did not match:
         - @ConditionalOnClass did not find required class 'com.hazelcast.core.HazelcastInstance' (OnClassCondition)

   HazelcastCacheConfiguration:
      Did not match:
         - @ConditionalOnClass did not find required class 'com.hazelcast.core.HazelcastInstance' (OnClassCondition)

   HazelcastJpaDependencyAutoConfiguration:
      Did not match:
         - @ConditionalOnClass did not find required class 'com.hazelcast.core.HazelcastInstance' (OnClassCondition)

   HttpHandlerAutoConfiguration:
      Did not match:
         - @ConditionalOnClass did not find required class 'org.springframework.web.reactive.DispatcherHandler' (OnClassCondition)

   HypermediaAutoConfiguration:
      Did not match:
         - @ConditionalOnClass did not find required class 'org.springframework.hateoas.EntityModel' (OnClassCondition)

   InfinispanCacheConfiguration:
      Did not match:
         - @ConditionalOnClass did not find required class 'org.infinispan.spring.embedded.provider.SpringEmbeddedCacheManager' (OnClassCondition)

   InfluxDbAutoConfiguration:
      Did not match:
         - @ConditionalOnClass did not find required class 'org.influxdb.InfluxDB' (OnClassCondition)

   IntegrationAutoConfiguration:
      Did not match:
         - @ConditionalOnClass did not find required class 'org.springframework.integration.config.EnableIntegration' (OnClassCondition)

   JCacheCacheConfiguration:
      Did not match:
         - @ConditionalOnClass did not find required class 'javax.cache.Caching' (OnClassCondition)

   JacksonHttpMessageConvertersConfiguration.MappingJackson2XmlHttpMessageConverterConfiguration:
      Did not match:
         - @ConditionalOnClass did not find required class 'com.fasterxml.jackson.dataformat.xml.XmlMapper' (OnClassCondition)

   JdbcRepositoriesAutoConfiguration:
      Did not match:
         - @ConditionalOnClass did not find required class 'org.springframework.data.jdbc.repository.config.AbstractJdbcConfiguration' (OnClassCondition)

   JerseyAutoConfiguration:
      Did not match:
         - @ConditionalOnClass did not find required class 'org.glassfish.jersey.server.spring.SpringComponentProvider' (OnClassCondition)

   JmsAutoConfiguration:
      Did not match:
         - @ConditionalOnClass did not find required class 'jakarta.jms.Message' (OnClassCondition)

   JmxAutoConfiguration:
      Did not match:
         - @ConditionalOnProperty (spring.jmx.enabled=true) found different value in property 'enabled' (OnPropertyCondition)
      Matched:
         - @ConditionalOnClass found required class 'org.springframework.jmx.export.MBeanExporter' (OnClassCondition)

   JndiConnectionFactoryAutoConfiguration:
      Did not match:
         - @ConditionalOnClass did not find required class 'org.springframework.jms.core.JmsTemplate' (OnClassCondition)

   JndiDataSourceAutoConfiguration:
      Did not match:
         - @ConditionalOnProperty (spring.datasource.jndi-name) did not find property 'jndi-name' (OnPropertyCondition)
      Matched:
         - @ConditionalOnClass found required classes 'javax.sql.DataSource', 'org.springframework.jdbc.datasource.embedded.EmbeddedDatabaseType' (OnClassCondition)

   JndiJtaConfiguration:
      Did not match:
         - @ConditionalOnJndi JNDI environment is not available (OnJndiCondition)
      Matched:
         - @ConditionalOnClass found required class 'org.springframework.transaction.jta.JtaTransactionManager' (OnClassCondition)

   JooqAutoConfiguration:
      Did not match:
         - @ConditionalOnClass did not find required class 'org.jooq.DSLContext' (OnClassCondition)

   JpaRepositoriesAutoConfiguration#entityManagerFactoryBootstrapExecutorCustomizer:
      Did not match:
         - AnyNestedCondition 0 matched 2 did not; NestedCondition on JpaRepositoriesAutoConfiguration.BootstrapExecutorCondition.LazyBootstrapMode @ConditionalOnProperty (spring.data.jpa.repositories.bootstrap-mode=lazy) did not find property 'bootstrap-mode'; NestedCondition on JpaRepositoriesAutoConfiguration.BootstrapExecutorCondition.DeferredBootstrapMode @ConditionalOnProperty (spring.data.jpa.repositories.bootstrap-mode=deferred) did not find property 'bootstrap-mode' (JpaRepositoriesAutoConfiguration.BootstrapExecutorCondition)

   JsonbAutoConfiguration:
      Did not match:
         - @ConditionalOnClass did not find required class 'jakarta.json.bind.Jsonb' (OnClassCondition)

   JsonbHttpMessageConvertersConfiguration:
      Did not match:
         - @ConditionalOnClass did not find required class 'jakarta.json.bind.Jsonb' (OnClassCondition)

   KafkaAutoConfiguration:
      Did not match:
         - @ConditionalOnClass did not find required class 'org.springframework.kafka.core.KafkaTemplate' (OnClassCondition)

   LdapAutoConfiguration:
      Did not match:
         - @ConditionalOnClass did not find required class 'org.springframework.ldap.core.ContextSource' (OnClassCondition)

   LdapRepositoriesAutoConfiguration:
      Did not match:
         - @ConditionalOnClass did not find required class 'org.springframework.data.ldap.repository.LdapRepository' (OnClassCondition)

   LiquibaseAutoConfiguration:
      Did not match:
         - @ConditionalOnClass did not find required class 'liquibase.change.DatabaseChange' (OnClassCondition)

   MailSenderJndiConfiguration:
      Did not match:
         - @ConditionalOnProperty (spring.mail.jndi-name) did not find property 'jndi-name' (OnPropertyCondition)
      Matched:
         - @ConditionalOnClass found required class 'jakarta.mail.Session' (OnClassCondition)

   MailSenderValidatorAutoConfiguration:
      Did not match:
         - @ConditionalOnProperty (spring.mail.test-connection) did not find property 'test-connection' (OnPropertyCondition)

   MessageSourceAutoConfiguration:
      Did not match:
         - ResourceBundle did not find bundle with basename messages (MessageSourceAutoConfiguration.ResourceBundleCondition)

   MongoAutoConfiguration:
      Did not match:
         - @ConditionalOnClass did not find required class 'com.mongodb.client.MongoClient' (OnClassCondition)

   MongoDataAutoConfiguration:
      Did not match:
         - @ConditionalOnClass did not find required class 'com.mongodb.client.MongoClient' (OnClassCondition)

   MongoReactiveAutoConfiguration:
      Did not match:
         - @ConditionalOnClass did not find required class 'com.mongodb.reactivestreams.client.MongoClient' (OnClassCondition)

   MongoReactiveDataAutoConfiguration:
      Did not match:
         - @ConditionalOnClass did not find required class 'com.mongodb.reactivestreams.client.MongoClient' (OnClassCondition)

   MongoReactiveRepositoriesAutoConfiguration:
      Did not match:
         - @ConditionalOnClass did not find required class 'com.mongodb.reactivestreams.client.MongoClient' (OnClassCondition)

   MongoRepositoriesAutoConfiguration:
      Did not match:
         - @ConditionalOnClass did not find required class 'com.mongodb.client.MongoClient' (OnClassCondition)

   MustacheAutoConfiguration:
      Did not match:
         - @ConditionalOnClass did not find required class 'com.samskivert.mustache.Mustache' (OnClassCondition)

   Neo4jAutoConfiguration:
      Did not match:
         - @ConditionalOnClass did not find required class 'org.neo4j.driver.Driver' (OnClassCondition)

   Neo4jDataAutoConfiguration:
      Did not match:
         - @ConditionalOnClass did not find required class 'org.neo4j.driver.Driver' (OnClassCondition)

   Neo4jReactiveDataAutoConfiguration:
      Did not match:
         - @ConditionalOnClass did not find required class 'org.neo4j.driver.Driver' (OnClassCondition)

   Neo4jReactiveRepositoriesAutoConfiguration:
      Did not match:
         - @ConditionalOnClass did not find required class 'org.neo4j.driver.Driver' (OnClassCondition)

   Neo4jRepositoriesAutoConfiguration:
      Did not match:
         - @ConditionalOnClass did not find required class 'org.neo4j.driver.Driver' (OnClassCondition)

   OAuth2AuthorizationServerAutoConfiguration:
      Did not match:
         - @ConditionalOnClass did not find required class 'org.springframework.security.oauth2.server.authorization.OAuth2Authorization' (OnClassCondition)

   OAuth2AuthorizationServerJwtAutoConfiguration:
      Did not match:
         - @ConditionalOnClass did not find required class 'org.springframework.security.oauth2.server.authorization.OAuth2Authorization' (OnClassCondition)

   OAuth2ClientAutoConfiguration:
      Did not match:
         - @ConditionalOnClass did not find required class 'org.springframework.security.oauth2.client.registration.ClientRegistration' (OnClassCondition)

   OAuth2ResourceServerAutoConfiguration:
      Did not match:
         - @ConditionalOnClass did not find required class 'org.springframework.security.oauth2.server.resource.authentication.BearerTokenAuthenticationToken' (OnClassCondition)

   ProjectInfoAutoConfiguration#buildProperties:
      Did not match:
         - @ConditionalOnResource did not find resource '${spring.info.build.location:classpath:META-INF/build-info.properties}' (OnResourceCondition)

   ProjectInfoAutoConfiguration#gitProperties:
      Did not match:
         - GitResource did not find git info at classpath:git.properties (ProjectInfoAutoConfiguration.GitResourceAvailableCondition)

   PulsarAutoConfiguration:
      Did not match:
         - @ConditionalOnClass did not find required class 'org.apache.pulsar.client.api.PulsarClient' (OnClassCondition)

   PulsarReactiveAutoConfiguration:
      Did not match:
         - @ConditionalOnClass did not find required class 'org.apache.pulsar.client.api.PulsarClient' (OnClassCondition)

   QuartzAutoConfiguration:
      Did not match:
         - @ConditionalOnClass did not find required class 'org.quartz.Scheduler' (OnClassCondition)

   R2dbcAutoConfiguration:
      Did not match:
         - @ConditionalOnClass did not find required class 'io.r2dbc.spi.ConnectionFactory' (OnClassCondition)

   R2dbcDataAutoConfiguration:
      Did not match:
         - @ConditionalOnClass did not find required class 'org.springframework.data.r2dbc.core.R2dbcEntityTemplate' (OnClassCondition)

   R2dbcInitializationConfiguration:
      Did not match:
         - @ConditionalOnClass did not find required classes 'io.r2dbc.spi.ConnectionFactory', 'org.springframework.r2dbc.connection.init.DatabasePopulator' (OnClassCondition)

   R2dbcRepositoriesAutoConfiguration:
      Did not match:
         - @ConditionalOnClass did not find required class 'io.r2dbc.spi.ConnectionFactory' (OnClassCondition)

   R2dbcTransactionManagerAutoConfiguration:
      Did not match:
         - @ConditionalOnClass did not find required class 'org.springframework.r2dbc.connection.R2dbcTransactionManager' (OnClassCondition)

   RSocketGraphQlClientAutoConfiguration:
      Did not match:
         - @ConditionalOnClass did not find required class 'graphql.GraphQL' (OnClassCondition)

   RSocketMessagingAutoConfiguration:
      Did not match:
         - @ConditionalOnClass did not find required class 'io.rsocket.RSocket' (OnClassCondition)

   RSocketRequesterAutoConfiguration:
      Did not match:
         - @ConditionalOnClass did not find required class 'io.rsocket.RSocket' (OnClassCondition)

   RSocketSecurityAutoConfiguration:
      Did not match:
         - @ConditionalOnClass did not find required class 'org.springframework.security.rsocket.core.SecuritySocketAcceptorInterceptor' (OnClassCondition)

   RSocketServerAutoConfiguration:
      Did not match:
         - @ConditionalOnClass did not find required class 'io.rsocket.core.RSocketServer' (OnClassCondition)

   RSocketStrategiesAutoConfiguration:
      Did not match:
         - @ConditionalOnClass did not find required class 'io.rsocket.RSocket' (OnClassCondition)

   RabbitAutoConfiguration:
      Did not match:
         - @ConditionalOnClass did not find required class 'com.rabbitmq.client.Channel' (OnClassCondition)

   ReactiveElasticsearchClientAutoConfiguration:
      Did not match:
         - @ConditionalOnClass did not find required class 'co.elastic.clients.transport.ElasticsearchTransport' (OnClassCondition)

   ReactiveElasticsearchRepositoriesAutoConfiguration:
      Did not match:
         - @ConditionalOnClass did not find required class 'org.springframework.data.elasticsearch.client.elc.ReactiveElasticsearchClient' (OnClassCondition)

   ReactiveMultipartAutoConfiguration:
      Did not match:
         - @ConditionalOnClass did not find required class 'org.springframework.web.reactive.config.WebFluxConfigurer' (OnClassCondition)

   ReactiveOAuth2ClientAutoConfiguration:
      Did not match:
         - @ConditionalOnClass did not find required class 'reactor.core.publisher.Flux' (OnClassCondition)

   ReactiveOAuth2ResourceServerAutoConfiguration:
      Did not match:
         - @ConditionalOnWebApplication did not find reactive web application classes (OnWebApplicationCondition)

   ReactiveSecurityAutoConfiguration:
      Did not match:
         - @ConditionalOnClass did not find required class 'reactor.core.publisher.Flux' (OnClassCondition)

   ReactiveUserDetailsServiceAutoConfiguration:
      Did not match:
         - AnyNestedCondition 0 matched 2 did not; NestedCondition on ReactiveUserDetailsServiceAutoConfiguration.RSocketEnabledOrReactiveWebApplication.ReactiveWebApplicationCondition did not find reactive web application classes; NestedCondition on ReactiveUserDetailsServiceAutoConfiguration.RSocketEnabledOrReactiveWebApplication.RSocketSecurityEnabledCondition @ConditionalOnBean (types: org.springframework.messaging.rsocket.annotation.support.RSocketMessageHandler; SearchStrategy: all) did not find any beans of type org.springframework.messaging.rsocket.annotation.support.RSocketMessageHandler (ReactiveUserDetailsServiceAutoConfiguration.RSocketEnabledOrReactiveWebApplication)
      Matched:
         - @ConditionalOnClass found required class 'org.springframework.security.authentication.ReactiveAuthenticationManager' (OnClassCondition)
         - AnyNestedCondition 1 matched 2 did not; NestedCondition on ReactiveUserDetailsServiceAutoConfiguration.MissingAlternativeOrUserPropertiesConfigured.PasswordConfigured @ConditionalOnProperty (spring.security.user.password) did not find property 'password'; NestedCondition on ReactiveUserDetailsServiceAutoConfiguration.MissingAlternativeOrUserPropertiesConfigured.NameConfigured @ConditionalOnProperty (spring.security.user.name) did not find property 'name'; NestedCondition on ReactiveUserDetailsServiceAutoConfiguration.MissingAlternativeOrUserPropertiesConfigured.MissingAlternative @ConditionalOnMissingClass did not find unwanted classes 'org.springframework.security.oauth2.client.registration.ClientRegistrationRepository', 'org.springframework.security.oauth2.server.resource.introspection.ReactiveOpaqueTokenIntrospector' (ReactiveUserDetailsServiceAutoConfiguration.MissingAlternativeOrUserPropertiesConfigured)

   ReactiveWebServerFactoryAutoConfiguration:
      Did not match:
         - @ConditionalOnWebApplication did not find reactive web application classes (OnWebApplicationCondition)

   ReactorAutoConfiguration:
      Did not match:
         - @ConditionalOnClass did not find required class 'reactor.core.publisher.Hooks' (OnClassCondition)

   RedisAutoConfiguration:
      Did not match:
         - @ConditionalOnClass did not find required class 'org.springframework.data.redis.core.RedisOperations' (OnClassCondition)

   RedisCacheConfiguration:
      Did not match:
         - @ConditionalOnClass did not find required class 'org.springframework.data.redis.connection.RedisConnectionFactory' (OnClassCondition)

   RedisReactiveAutoConfiguration:
      Did not match:
         - @ConditionalOnClass did not find required class 'reactor.core.publisher.Flux' (OnClassCondition)

   RedisRepositoriesAutoConfiguration:
      Did not match:
         - @ConditionalOnClass did not find required class 'org.springframework.data.redis.repository.configuration.EnableRedisRepositories' (OnClassCondition)

   RepositoryRestMvcAutoConfiguration:
      Did not match:
         - @ConditionalOnClass did not find required class 'org.springframework.data.rest.webmvc.config.RepositoryRestMvcConfiguration' (OnClassCondition)

   Saml2RelyingPartyAutoConfiguration:
      Did not match:
         - @ConditionalOnClass did not find required class 'org.springframework.security.saml2.provider.service.registration.RelyingPartyRegistrationRepository' (OnClassCondition)

   SecurityDataConfiguration:
      Did not match:
         - @ConditionalOnClass did not find required class 'org.springframework.security.data.repository.query.SecurityEvaluationContextExtension' (OnClassCondition)

   SendGridAutoConfiguration:
      Did not match:
         - @ConditionalOnClass did not find required class 'com.sendgrid.SendGrid' (OnClassCondition)

   ServletWebServerFactoryAutoConfiguration.ForwardedHeaderFilterConfiguration:
      Did not match:
         - @ConditionalOnProperty (server.forward-headers-strategy=framework) did not find property 'server.forward-headers-strategy' (OnPropertyCondition)

   ServletWebServerFactoryConfiguration.EmbeddedJetty:
      Did not match:
         - @ConditionalOnClass did not find required classes 'org.eclipse.jetty.server.Server', 'org.eclipse.jetty.util.Loader', 'org.eclipse.jetty.ee10.webapp.WebAppContext' (OnClassCondition)

   ServletWebServerFactoryConfiguration.EmbeddedUndertow:
      Did not match:
         - @ConditionalOnClass did not find required classes 'io.undertow.Undertow', 'org.xnio.SslClientAuthMode' (OnClassCondition)

   SessionAutoConfiguration:
      Did not match:
         - @ConditionalOnClass did not find required class 'org.springframework.session.Session' (OnClassCondition)

   SpringApplicationAdminJmxAutoConfiguration:
      Did not match:
         - @ConditionalOnProperty (spring.application.admin.enabled=true) did not find property 'enabled' (OnPropertyCondition)

   SpringBootWebSecurityConfiguration.SecurityFilterChainConfiguration:
      Did not match:
         - AllNestedConditions 1 matched 1 did not; NestedCondition on DefaultWebSecurityCondition.Beans @ConditionalOnMissingBean (types: org.springframework.security.web.SecurityFilterChain; SearchStrategy: all) found beans of type 'org.springframework.security.web.SecurityFilterChain' securityFilterChain; NestedCondition on DefaultWebSecurityCondition.Classes @ConditionalOnClass found required classes 'org.springframework.security.web.SecurityFilterChain', 'org.springframework.security.config.annotation.web.builders.HttpSecurity' (DefaultWebSecurityCondition)

   SpringBootWebSecurityConfiguration.WebSecurityEnablerConfiguration:
      Did not match:
         - @ConditionalOnMissingBean (names: springSecurityFilterChain; SearchStrategy: all) found beans named springSecurityFilterChain (OnBeanCondition)
      Matched:
         - @ConditionalOnClass found required class 'org.springframework.security.config.annotation.web.configuration.EnableWebSecurity' (OnClassCondition)

   TaskExecutorConfigurations.SimpleAsyncTaskExecutorBuilderConfiguration#simpleAsyncTaskExecutorBuilderVirtualThreads:
      Did not match:
         - @ConditionalOnMissingBean (types: org.springframework.boot.task.SimpleAsyncTaskExecutorBuilder; SearchStrategy: all) found beans of type 'org.springframework.boot.task.SimpleAsyncTaskExecutorBuilder' simpleAsyncTaskExecutorBuilder (OnBeanCondition)

   TaskExecutorConfigurations.TaskExecutorConfiguration#applicationTaskExecutorVirtualThreads:
      Did not match:
         - @ConditionalOnThreading did not find VIRTUAL (OnThreadingCondition)

   TaskSchedulingAutoConfiguration#scheduledBeanLazyInitializationExcludeFilter:
      Did not match:
         - @ConditionalOnBean (names: org.springframework.context.annotation.internalScheduledAnnotationProcessor; SearchStrategy: all) did not find any beans named org.springframework.context.annotation.internalScheduledAnnotationProcessor (OnBeanCondition)

   TaskSchedulingConfigurations.SimpleAsyncTaskSchedulerBuilderConfiguration#simpleAsyncTaskSchedulerBuilderVirtualThreads:
      Did not match:
         - @ConditionalOnMissingBean (types: org.springframework.boot.task.SimpleAsyncTaskSchedulerBuilder; SearchStrategy: all) found beans of type 'org.springframework.boot.task.SimpleAsyncTaskSchedulerBuilder' simpleAsyncTaskSchedulerBuilder (OnBeanCondition)

   TaskSchedulingConfigurations.TaskSchedulerConfiguration:
      Did not match:
         - @ConditionalOnBean (names: org.springframework.context.annotation.internalScheduledAnnotationProcessor; SearchStrategy: all) did not find any beans named org.springframework.context.annotation.internalScheduledAnnotationProcessor (OnBeanCondition)

   ThymeleafAutoConfiguration:
      Did not match:
         - @ConditionalOnClass did not find required class 'org.thymeleaf.spring6.SpringTemplateEngine' (OnClassCondition)

   TransactionAutoConfiguration#transactionalOperator:
      Did not match:
         - @ConditionalOnSingleCandidate (types: org.springframework.transaction.ReactiveTransactionManager; SearchStrategy: all) did not find any beans (OnBeanCondition)

   TransactionAutoConfiguration.AspectJTransactionManagementConfiguration:
      Did not match:
         - @ConditionalOnBean (types: org.springframework.transaction.aspectj.AbstractTransactionAspect; SearchStrategy: all) did not find any beans of type org.springframework.transaction.aspectj.AbstractTransactionAspect (OnBeanCondition)

   TransactionAutoConfiguration.EnableTransactionManagementConfiguration.JdkDynamicAutoProxyConfiguration:
      Did not match:
         - @ConditionalOnProperty (spring.aop.proxy-target-class=false) did not find property 'proxy-target-class' (OnPropertyCondition)

   UserDetailsServiceAutoConfiguration:
      Did not match:
         - @ConditionalOnMissingBean (types: org.springframework.security.authentication.AuthenticationManager,org.springframework.security.authentication.AuthenticationProvider,org.springframework.security.core.userdetails.UserDetailsService,org.springframework.security.authentication.AuthenticationManagerResolver,org.springframework.security.oauth2.jwt.JwtDecoder; SearchStrategy: all) found beans of type 'org.springframework.security.authentication.AuthenticationManager' authenticationManager and found beans of type 'org.springframework.security.core.userdetails.UserDetailsService' usuarioDetailsServiceImpl (OnBeanCondition)
      Matched:
         - @ConditionalOnClass found required class 'org.springframework.security.authentication.AuthenticationManager' (OnClassCondition)
         - AnyNestedCondition 1 matched 2 did not; NestedCondition on UserDetailsServiceAutoConfiguration.MissingAlternativeOrUserPropertiesConfigured.PasswordConfigured @ConditionalOnProperty (spring.security.user.password) did not find property 'password'; NestedCondition on UserDetailsServiceAutoConfiguration.MissingAlternativeOrUserPropertiesConfigured.NameConfigured @ConditionalOnProperty (spring.security.user.name) did not find property 'name'; NestedCondition on UserDetailsServiceAutoConfiguration.MissingAlternativeOrUserPropertiesConfigured.MissingAlternative @ConditionalOnMissingClass did not find unwanted classes 'org.springframework.security.oauth2.client.registration.ClientRegistrationRepository', 'org.springframework.security.oauth2.server.resource.introspection.OpaqueTokenIntrospector', 'org.springframework.security.saml2.provider.service.registration.RelyingPartyRegistrationRepository' (UserDetailsServiceAutoConfiguration.MissingAlternativeOrUserPropertiesConfigured)

   WebClientAutoConfiguration:
      Did not match:
         - @ConditionalOnClass did not find required class 'org.springframework.web.reactive.function.client.WebClient' (OnClassCondition)

   WebFluxAutoConfiguration:
      Did not match:
         - @ConditionalOnClass did not find required class 'org.springframework.web.reactive.config.WebFluxConfigurer' (OnClassCondition)

   WebMvcAutoConfiguration#hiddenHttpMethodFilter:
      Did not match:
         - @ConditionalOnProperty (spring.mvc.hiddenmethod.filter.enabled) did not find property 'enabled' (OnPropertyCondition)

   WebMvcAutoConfiguration.ProblemDetailsErrorHandlingConfiguration:
      Did not match:
         - @ConditionalOnProperty (spring.mvc.problemdetails.enabled=true) did not find property 'enabled' (OnPropertyCondition)

   WebMvcAutoConfiguration.ResourceChainCustomizerConfiguration:
      Did not match:
         - @ConditionalOnEnabledResourceChain did not find class org.webjars.WebJarAssetLocator (OnEnabledResourceChainCondition)

   WebMvcAutoConfiguration.WebMvcAutoConfigurationAdapter#beanNameViewResolver:
      Did not match:
         - @ConditionalOnMissingBean (types: org.springframework.web.servlet.view.BeanNameViewResolver; SearchStrategy: all) found beans of type 'org.springframework.web.servlet.view.BeanNameViewResolver' beanNameViewResolver (OnBeanCondition)

   WebServiceTemplateAutoConfiguration:
      Did not match:
         - @ConditionalOnClass did not find required class 'org.springframework.oxm.Marshaller' (OnClassCondition)

   WebServicesAutoConfiguration:
      Did not match:
         - @ConditionalOnClass did not find required class 'org.springframework.ws.transport.http.MessageDispatcherServlet' (OnClassCondition)

   WebSessionIdResolverAutoConfiguration:
      Did not match:
         - @ConditionalOnClass did not find required class 'reactor.core.publisher.Mono' (OnClassCondition)

   WebSocketMessagingAutoConfiguration:
      Did not match:
         - @ConditionalOnClass did not find required class 'org.springframework.web.socket.config.annotation.WebSocketMessageBrokerConfigurer' (OnClassCondition)

   WebSocketReactiveAutoConfiguration:
      Did not match:
         - @ConditionalOnWebApplication did not find reactive web application classes (OnWebApplicationCondition)

   WebSocketServletAutoConfiguration.JettyWebSocketConfiguration:
      Did not match:
         - @ConditionalOnClass did not find required class 'org.eclipse.jetty.ee10.websocket.jakarta.server.config.JakartaWebSocketServletContainerInitializer' (OnClassCondition)

   WebSocketServletAutoConfiguration.UndertowWebSocketConfiguration:
      Did not match:
         - @ConditionalOnClass did not find required class 'io.undertow.websockets.jsr.Bootstrap' (OnClassCondition)

   XADataSourceAutoConfiguration:
      Did not match:
         - @ConditionalOnBean (types: org.springframework.boot.jdbc.XADataSourceWrapper; SearchStrategy: all) did not find any beans of type org.springframework.boot.jdbc.XADataSourceWrapper (OnBeanCondition)
      Matched:
         - @ConditionalOnClass found required classes 'javax.sql.DataSource', 'jakarta.transaction.TransactionManager', 'org.springframework.jdbc.datasource.embedded.EmbeddedDatabaseType' (OnClassCondition)


Exclusions:
-----------

    None


Unconditional classes:
----------------------

    org.springframework.boot.autoconfigure.context.ConfigurationPropertiesAutoConfiguration

    org.springframework.boot.autoconfigure.ssl.SslAutoConfiguration

    org.springframework.boot.autoconfigure.context.LifecycleAutoConfiguration

    org.springframework.boot.autoconfigure.context.PropertyPlaceholderAutoConfiguration

    org.springframework.boot.autoconfigure.availability.ApplicationAvailabilityAutoConfiguration

    org.springframework.boot.autoconfigure.info.ProjectInfoAutoConfiguration



2024-11-18T12:45:51.953-04:00  INFO 24640 --- [examen2] [    Test worker] c.e.examen2.Examen2ApplicationTests      : Started Examen2ApplicationTests in 4.275 seconds (process running for 5.102)
2024-11-18T12:45:51.956-04:00 DEBUG 24640 --- [examen2] [    Test worker] o.s.b.a.ApplicationAvailabilityBean      : Application availability state LivenessState changed to CORRECT
2024-11-18T12:45:52.024-04:00 DEBUG 24640 --- [examen2] [    Test worker] o.s.orm.jpa.JpaTransactionManager        : Creating new transaction with name [org.springframework.data.jpa.repository.support.SimpleJpaRepository.count]: PROPAGATION_REQUIRED,ISOLATION_DEFAULT,readOnly
2024-11-18T12:45:52.025-04:00 DEBUG 24640 --- [examen2] [    Test worker] o.s.orm.jpa.JpaTransactionManager        : Opened new EntityManager [SessionImpl(1956291439<open>)] for JPA transaction
2024-11-18T12:45:52.028-04:00 DEBUG 24640 --- [examen2] [    Test worker] o.s.jdbc.datasource.DataSourceUtils      : Setting JDBC Connection [HikariProxyConnection@1486928014 wrapping org.postgresql.jdbc.PgConnection@6a2badb1] read-only
2024-11-18T12:45:52.028-04:00 DEBUG 24640 --- [examen2] [    Test worker] org.postgresql.jdbc.PgConnection         :   setReadOnly = true
2024-11-18T12:45:52.028-04:00 DEBUG 24640 --- [examen2] [    Test worker] o.h.e.t.internal.TransactionImpl         : On TransactionImpl creation, JpaCompliance#isJpaTransactionComplianceEnabled == false
2024-11-18T12:45:52.028-04:00 DEBUG 24640 --- [examen2] [    Test worker] o.h.e.t.internal.TransactionImpl         : begin
2024-11-18T12:45:52.029-04:00 DEBUG 24640 --- [examen2] [    Test worker] org.postgresql.jdbc.PgConnection         :   setAutoCommit = false
2024-11-18T12:45:52.029-04:00 DEBUG 24640 --- [examen2] [    Test worker] o.s.orm.jpa.JpaTransactionManager        : Exposing JPA transaction as JDBC [org.springframework.orm.jpa.vendor.HibernateJpaDialect$HibernateConnectionHandle@1d93bd2a]
2024-11-18T12:45:52.032-04:00 DEBUG 24640 --- [examen2] [    Test worker] org.hibernate.orm.query.hql              : HQL : select count(*) from Rol x
2024-11-18T12:45:52.035-04:00 DEBUG 24640 --- [examen2] [    Test worker] o.h.o.q.hql.reservedWordAsIdentifier     : Encountered use of reserved word as identifier : (
2024-11-18T12:45:52.042-04:00 DEBUG 24640 --- [examen2] [    Test worker] org.hibernate.orm.query.sqm.ast          : SqmStatement Tree :
    -> [select]
      -> [query-spec]
        -> [select]
          -> [selection]
          <- [selection]
        <- [select]
        -> [from]
          -> [root] - `com.example.examen2.usuarios.model.Rol(x)`
          <- [root] - `com.example.examen2.usuarios.model.Rol(x)`
        <- [from]
      <- [query-spec]
    <- [select]

2024-11-18T12:45:52.063-04:00 DEBUG 24640 --- [examen2] [    Test worker] org.hibernate.orm.sql.ast.create         : Created new SQL alias : r1_0
2024-11-18T12:45:52.063-04:00 DEBUG 24640 --- [examen2] [    Test worker] org.hibernate.orm.sql.ast.create         : Registration of TableGroup [StandardTableGroup(com.example.examen2.usuarios.model.Rol(x))] with identifierForTableGroup [com.example.examen2.usuarios.model.Rol] for NavigablePath [com.example.examen2.usuarios.model.Rol] 
2024-11-18T12:45:52.068-04:00 DEBUG 24640 --- [examen2] [    Test worker] org.hibernate.orm.results.graph.AST      : DomainResult Graph:
 \-BasicResult

2024-11-18T12:45:52.068-04:00 DEBUG 24640 --- [examen2] [    Test worker] org.hibernate.orm.sql.ast.tree           : SQL AST Tree:
    SelectStatement {
      FromClause {
        StandardTableGroup (r1 : com.example.examen2.usuarios.model.Rol(x)) {
          primaryTableReference : rol as r1_0
        }
      }
    }

2024-11-18T12:45:52.076-04:00 DEBUG 24640 --- [examen2] [    Test worker] org.hibernate.orm.sql.exec               : Skipping reading Query result cache data: cache-enabled = false, cache-mode = NORMAL
2024-11-18T12:45:52.079-04:00 DEBUG 24640 --- [examen2] [    Test worker] org.hibernate.orm.results                : Initializer list is empty
2024-11-18T12:45:52.082-04:00 DEBUG 24640 --- [examen2] [    Test worker] org.hibernate.SQL                        : 
    select
        count(*) 
    from
        rol r1_0
Hibernate: 
    select
        count(*) 
    from
        rol r1_0
2024-11-18T12:45:52.083-04:00 DEBUG 24640 --- [examen2] [    Test worker] org.hibernate.orm.results.loading        : Calling top-level assembler (0 / 1) : org.hibernate.sql.results.graph.basic.BasicResultAssembler@7e3f4f0
2024-11-18T12:45:52.084-04:00 DEBUG 24640 --- [examen2] [    Test worker] org.hibernate.orm.results                : Extracted JDBC value [0] - [3]
2024-11-18T12:45:52.085-04:00 DEBUG 24640 --- [examen2] [    Test worker] o.s.orm.jpa.JpaTransactionManager        : Initiating transaction commit
2024-11-18T12:45:52.085-04:00 DEBUG 24640 --- [examen2] [    Test worker] o.s.orm.jpa.JpaTransactionManager        : Committing JPA transaction on EntityManager [SessionImpl(1956291439<open>)]
2024-11-18T12:45:52.085-04:00 DEBUG 24640 --- [examen2] [    Test worker] o.h.e.t.internal.TransactionImpl         : committing
2024-11-18T12:45:52.085-04:00 DEBUG 24640 --- [examen2] [    Test worker] org.postgresql.jdbc.PgConnection         :   setAutoCommit = true
2024-11-18T12:45:52.086-04:00 DEBUG 24640 --- [examen2] [    Test worker] o.s.jdbc.datasource.DataSourceUtils      : Resetting read-only flag of JDBC Connection [HikariProxyConnection@1486928014 wrapping org.postgresql.jdbc.PgConnection@6a2badb1]
2024-11-18T12:45:52.086-04:00 DEBUG 24640 --- [examen2] [    Test worker] org.postgresql.jdbc.PgConnection         :   setReadOnly = false
2024-11-18T12:45:52.086-04:00 DEBUG 24640 --- [examen2] [    Test worker] o.s.orm.jpa.JpaTransactionManager        : Closing JPA EntityManager [SessionImpl(1956291439<open>)] after transaction
2024-11-18T12:45:52.088-04:00 DEBUG 24640 --- [examen2] [    Test worker] tor$SharedEntityManagerInvocationHandler : Creating new EntityManager for shared EntityManager invocation
2024-11-18T12:45:52.121-04:00 DEBUG 24640 --- [examen2] [    Test worker] org.hibernate.orm.sql.ast.create         : Created new SQL alias : r1_0
2024-11-18T12:45:52.121-04:00 DEBUG 24640 --- [examen2] [    Test worker] org.hibernate.orm.sql.ast.create         : Registration of TableGroup [StandardTableGroup(com.example.examen2.usuarios.model.Rol(371538665053500))] with identifierForTableGroup [com.example.examen2.usuarios.model.Rol] for NavigablePath [com.example.examen2.usuarios.model.Rol] 
2024-11-18T12:45:52.126-04:00 DEBUG 24640 --- [examen2] [    Test worker] o.h.q.sqm.sql.BaseSqmToSqlAstConverter   : Determining mapping-model type for SqmParameter : org.hibernate.query.sqm.tree.expression.SqmJpaCriteriaParameterWrapper@6b13d558
2024-11-18T12:45:52.126-04:00 DEBUG 24640 --- [examen2] [    Test worker] o.h.q.sqm.sql.BaseSqmToSqlAstConverter   : Determining mapping-model type for SqmPath : SqmBasicValuedSimplePath(com.example.examen2.usuarios.model.Rol(371538665053500).nombre) 
2024-11-18T12:45:52.128-04:00 DEBUG 24640 --- [examen2] [    Test worker] org.hibernate.orm.results.graph.AST      : DomainResult Graph:
 \-EntityResultImpl [com.example.examen2.usuarios.model.Rol(371538665053500)]
 |  \-BasicFetch [com.example.examen2.usuarios.model.Rol(371538665053500).nombre]

2024-11-18T12:45:52.128-04:00 DEBUG 24640 --- [examen2] [    Test worker] org.hibernate.orm.sql.ast.tree           : SQL AST Tree:
    SelectStatement {
      FromClause {
        StandardTableGroup (r1 : com.example.examen2.usuarios.model.Rol(371538665053500)) {
          primaryTableReference : rol as r1_0
        }
      }
    }

2024-11-18T12:45:52.129-04:00 DEBUG 24640 --- [examen2] [    Test worker] org.hibernate.orm.sql.exec               : Skipping reading Query result cache data: cache-enabled = false, cache-mode = NORMAL
2024-11-18T12:45:52.133-04:00 DEBUG 24640 --- [examen2] [    Test worker] org.hibernate.orm.results                : Initializer list:
	  com.example.examen2.usuarios.model.Rol(371538665053500) -> EntityResultInitializer(com.example.examen2.usuarios.model.Rol(371538665053500))@1018736695 (SingleTableEntityPersister(com.example.examen2.usuarios.model.Rol))

2024-11-18T12:45:52.134-04:00 DEBUG 24640 --- [examen2] [    Test worker] org.hibernate.SQL                        : 
    select
        r1_0.id,
        r1_0.nombre 
    from
        rol r1_0 
    where
        r1_0.nombre=?
Hibernate: 
    select
        r1_0.id,
        r1_0.nombre 
    from
        rol r1_0 
    where
        r1_0.nombre=?
2024-11-18T12:45:52.135-04:00 DEBUG 24640 --- [examen2] [    Test worker] org.hibernate.orm.results                : Extracted JDBC value [0] - [1]
2024-11-18T12:45:52.136-04:00 DEBUG 24640 --- [examen2] [    Test worker] o.hibernate.orm.results.loading.entity   : (EntityResultInitializer) Hydrated EntityKey (com.example.examen2.usuarios.model.Rol(371538665053500)): 1
2024-11-18T12:45:52.137-04:00 DEBUG 24640 --- [examen2] [    Test worker] o.hibernate.orm.results.loading.entity   : (EntityResultInitializer) Created new entity instance [com.example.examen2.usuarios.model.Rol(371538665053500)#1] : 638407283
2024-11-18T12:45:52.137-04:00 DEBUG 24640 --- [examen2] [    Test worker] org.hibernate.orm.results                : Extracted JDBC value [1] - [ADMIN]
2024-11-18T12:45:52.139-04:00 DEBUG 24640 --- [examen2] [    Test worker] o.hibernate.orm.results.loading.entity   : (EntityResultInitializer) Done materializing entityInstance : com.example.examen2.usuarios.model.Rol(371538665053500)#1
2024-11-18T12:45:52.140-04:00 DEBUG 24640 --- [examen2] [    Test worker] org.hibernate.orm.results.loading        : Calling top-level assembler (0 / 1) : org.hibernate.sql.results.graph.entity.internal.EntityAssembler@3f008bb6
2024-11-18T12:45:52.141-04:00 DEBUG 24640 --- [examen2] [    Test worker] tor$SharedEntityManagerInvocationHandler : Creating new EntityManager for shared EntityManager invocation
2024-11-18T12:45:52.141-04:00 DEBUG 24640 --- [examen2] [    Test worker] org.hibernate.orm.sql.ast.create         : Created new SQL alias : r1_0
2024-11-18T12:45:52.141-04:00 DEBUG 24640 --- [examen2] [    Test worker] org.hibernate.orm.sql.ast.create         : Registration of TableGroup [StandardTableGroup(com.example.examen2.usuarios.model.Rol(371538665053500))] with identifierForTableGroup [com.example.examen2.usuarios.model.Rol] for NavigablePath [com.example.examen2.usuarios.model.Rol] 
2024-11-18T12:45:52.141-04:00 DEBUG 24640 --- [examen2] [    Test worker] o.h.q.sqm.sql.BaseSqmToSqlAstConverter   : Determining mapping-model type for SqmParameter : org.hibernate.query.sqm.tree.expression.SqmJpaCriteriaParameterWrapper@5f19dea8
2024-11-18T12:45:52.141-04:00 DEBUG 24640 --- [examen2] [    Test worker] o.h.q.sqm.sql.BaseSqmToSqlAstConverter   : Determining mapping-model type for SqmPath : SqmBasicValuedSimplePath(com.example.examen2.usuarios.model.Rol(371538665053500).nombre) 
2024-11-18T12:45:52.141-04:00 DEBUG 24640 --- [examen2] [    Test worker] org.hibernate.orm.results.graph.AST      : DomainResult Graph:
 \-EntityResultImpl [com.example.examen2.usuarios.model.Rol(371538665053500)]
 |  \-BasicFetch [com.example.examen2.usuarios.model.Rol(371538665053500).nombre]

2024-11-18T12:45:52.141-04:00 DEBUG 24640 --- [examen2] [    Test worker] org.hibernate.orm.sql.ast.tree           : SQL AST Tree:
    SelectStatement {
      FromClause {
        StandardTableGroup (r1 : com.example.examen2.usuarios.model.Rol(371538665053500)) {
          primaryTableReference : rol as r1_0
        }
      }
    }

2024-11-18T12:45:52.142-04:00 DEBUG 24640 --- [examen2] [    Test worker] org.hibernate.orm.sql.exec               : Skipping reading Query result cache data: cache-enabled = false, cache-mode = NORMAL
2024-11-18T12:45:52.142-04:00 DEBUG 24640 --- [examen2] [    Test worker] org.hibernate.orm.results                : Initializer list:
	  com.example.examen2.usuarios.model.Rol(371538665053500) -> EntityResultInitializer(com.example.examen2.usuarios.model.Rol(371538665053500))@1526659719 (SingleTableEntityPersister(com.example.examen2.usuarios.model.Rol))

2024-11-18T12:45:52.142-04:00 DEBUG 24640 --- [examen2] [    Test worker] org.hibernate.SQL                        : 
    select
        r1_0.id,
        r1_0.nombre 
    from
        rol r1_0 
    where
        r1_0.nombre=?
Hibernate: 
    select
        r1_0.id,
        r1_0.nombre 
    from
        rol r1_0 
    where
        r1_0.nombre=?
2024-11-18T12:45:52.142-04:00 DEBUG 24640 --- [examen2] [    Test worker] org.hibernate.orm.results                : Extracted JDBC value [0] - [2]
2024-11-18T12:45:52.142-04:00 DEBUG 24640 --- [examen2] [    Test worker] o.hibernate.orm.results.loading.entity   : (EntityResultInitializer) Hydrated EntityKey (com.example.examen2.usuarios.model.Rol(371538665053500)): 2
2024-11-18T12:45:52.142-04:00 DEBUG 24640 --- [examen2] [    Test worker] o.hibernate.orm.results.loading.entity   : (EntityResultInitializer) Created new entity instance [com.example.examen2.usuarios.model.Rol(371538665053500)#2] : 111975277
2024-11-18T12:45:52.142-04:00 DEBUG 24640 --- [examen2] [    Test worker] org.hibernate.orm.results                : Extracted JDBC value [1] - [MEDICO]
2024-11-18T12:45:52.142-04:00 DEBUG 24640 --- [examen2] [    Test worker] o.hibernate.orm.results.loading.entity   : (EntityResultInitializer) Done materializing entityInstance : com.example.examen2.usuarios.model.Rol(371538665053500)#2
2024-11-18T12:45:52.142-04:00 DEBUG 24640 --- [examen2] [    Test worker] org.hibernate.orm.results.loading        : Calling top-level assembler (0 / 1) : org.hibernate.sql.results.graph.entity.internal.EntityAssembler@2bab73fd
2024-11-18T12:45:52.143-04:00 DEBUG 24640 --- [examen2] [    Test worker] tor$SharedEntityManagerInvocationHandler : Creating new EntityManager for shared EntityManager invocation
2024-11-18T12:45:52.143-04:00 DEBUG 24640 --- [examen2] [    Test worker] org.hibernate.orm.sql.ast.create         : Created new SQL alias : u1_0
2024-11-18T12:45:52.143-04:00 DEBUG 24640 --- [examen2] [    Test worker] org.hibernate.orm.sql.ast.create         : Registration of TableGroup [StandardTableGroup(com.example.examen2.usuarios.model.Usuario(371538457199900))] with identifierForTableGroup [com.example.examen2.usuarios.model.Usuario] for NavigablePath [com.example.examen2.usuarios.model.Usuario] 
2024-11-18T12:45:52.145-04:00 DEBUG 24640 --- [examen2] [    Test worker] org.hibernate.orm.sql.ast.create         : Registration of TableGroup [org.hibernate.sql.ast.tree.from.LazyTableGroup@60339ff4] with identifierForTableGroup [com.example.examen2.usuarios.model.Usuario.rol] for NavigablePath [com.example.examen2.usuarios.model.Usuario.rol] 
2024-11-18T12:45:52.145-04:00 DEBUG 24640 --- [examen2] [    Test worker] o.h.q.sqm.sql.BaseSqmToSqlAstConverter   : Determining mapping-model type for SqmParameter : org.hibernate.query.sqm.tree.expression.SqmJpaCriteriaParameterWrapper@5a42bb6
2024-11-18T12:45:52.145-04:00 DEBUG 24640 --- [examen2] [    Test worker] o.h.q.sqm.sql.BaseSqmToSqlAstConverter   : Determining mapping-model type for SqmPath : SqmBasicValuedSimplePath(com.example.examen2.usuarios.model.Usuario(371538457199900).email) 
2024-11-18T12:45:52.146-04:00 DEBUG 24640 --- [examen2] [    Test worker] org.hibernate.orm.results.graph.AST      : DomainResult Graph:
 \-EntityResultImpl [com.example.examen2.usuarios.model.Usuario(371538457199900)]
 |  +-BasicFetch [com.example.examen2.usuarios.model.Usuario(371538457199900).apellido]
 |  +-BasicFetch [com.example.examen2.usuarios.model.Usuario(371538457199900).contrasena]
 |  +-BasicFetch [com.example.examen2.usuarios.model.Usuario(371538457199900).email]
 |  +-BasicFetch [com.example.examen2.usuarios.model.Usuario(371538457199900).fcmToken]
 |  +-BasicFetch [com.example.examen2.usuarios.model.Usuario(371538457199900).nombre]
 |  \-EntityFetchSelectImpl [com.example.examen2.usuarios.model.Usuario(371538457199900).rol]

2024-11-18T12:45:52.146-04:00 DEBUG 24640 --- [examen2] [    Test worker] org.hibernate.orm.sql.ast.tree           : SQL AST Tree:
    SelectStatement {
      FromClause {
        StandardTableGroup (u1 : com.example.examen2.usuarios.model.Usuario(371538457199900)) {
          primaryTableReference : usuario as u1_0
          TableGroupJoins {
            left  join LazyTableGroup (r1 : com.example.examen2.usuarios.model.Usuario(371538457199900).rol) {
            }
          }
        }
      }
    }

2024-11-18T12:45:52.146-04:00 DEBUG 24640 --- [examen2] [    Test worker] org.hibernate.orm.sql.exec               : Skipping reading Query result cache data: cache-enabled = false, cache-mode = NORMAL
2024-11-18T12:45:52.149-04:00 DEBUG 24640 --- [examen2] [    Test worker] org.hibernate.orm.results                : Initializer list:
	  com.example.examen2.usuarios.model.Usuario(371538457199900).rol -> EntitySelectFetchInitializer(com.example.examen2.usuarios.model.Usuario(371538457199900).rol)@190014801 (ToOneAttributeMapping(NavigableRole[com.example.examen2.usuarios.model.Usuario.rol])@495840051)
	  com.example.examen2.usuarios.model.Usuario(371538457199900) -> EntityResultInitializer(com.example.examen2.usuarios.model.Usuario(371538457199900))@362706740 (SingleTableEntityPersister(com.example.examen2.usuarios.model.Usuario))

2024-11-18T12:45:52.149-04:00 DEBUG 24640 --- [examen2] [    Test worker] org.hibernate.SQL                        : 
    select
        u1_0.id,
        u1_0.apellido,
        u1_0.contrasena,
        u1_0.email,
        u1_0.fcm_token,
        u1_0.nombre,
        u1_0.rol_id 
    from
        usuario u1_0 
    where
        u1_0.email=?
Hibernate: 
    select
        u1_0.id,
        u1_0.apellido,
        u1_0.contrasena,
        u1_0.email,
        u1_0.fcm_token,
        u1_0.nombre,
        u1_0.rol_id 
    from
        usuario u1_0 
    where
        u1_0.email=?
2024-11-18T12:45:52.150-04:00 DEBUG 24640 --- [examen2] [    Test worker] org.hibernate.orm.results                : Extracted JDBC value [0] - [1]
2024-11-18T12:45:52.150-04:00 DEBUG 24640 --- [examen2] [    Test worker] o.hibernate.orm.results.loading.entity   : (EntityResultInitializer) Hydrated EntityKey (com.example.examen2.usuarios.model.Usuario(371538457199900)): 1
2024-11-18T12:45:52.150-04:00 DEBUG 24640 --- [examen2] [    Test worker] o.hibernate.orm.results.loading.entity   : (EntityResultInitializer) Created new entity instance [com.example.examen2.usuarios.model.Usuario(371538457199900)#1] : 1410226495
2024-11-18T12:45:52.150-04:00 DEBUG 24640 --- [examen2] [    Test worker] org.hibernate.orm.results                : Extracted JDBC value [6] - [1]
2024-11-18T12:45:52.151-04:00 DEBUG 24640 --- [examen2] [    Test worker] o.hibernate.orm.results.loading.entity   : (EntitySelectFetchInitializer) Invoking session#internalLoad for entity (com.example.examen2.usuarios.model.Usuario(371538457199900).rol#1) : 1
2024-11-18T12:45:52.155-04:00 DEBUG 24640 --- [examen2] [    Test worker] org.hibernate.orm.sql.exec               : Skipping reading Query result cache data: cache-enabled = false, cache-mode = IGNORE
2024-11-18T12:45:52.155-04:00 DEBUG 24640 --- [examen2] [    Test worker] org.hibernate.orm.results                : Initializer list:
	  com.example.examen2.usuarios.model.Rol -> EntityResultInitializer(com.example.examen2.usuarios.model.Rol)@833435274 (SingleTableEntityPersister(com.example.examen2.usuarios.model.Rol))

2024-11-18T12:45:52.155-04:00 DEBUG 24640 --- [examen2] [    Test worker] org.hibernate.SQL                        : 
    select
        r1_0.id,
        r1_0.nombre 
    from
        rol r1_0 
    where
        r1_0.id=?
Hibernate: 
    select
        r1_0.id,
        r1_0.nombre 
    from
        rol r1_0 
    where
        r1_0.id=?
2024-11-18T12:45:52.156-04:00 DEBUG 24640 --- [examen2] [    Test worker] o.hibernate.orm.results.loading.entity   : (EntityResultInitializer) Hydrated EntityKey (com.example.examen2.usuarios.model.Rol): 1
2024-11-18T12:45:52.156-04:00 DEBUG 24640 --- [examen2] [    Test worker] o.hibernate.orm.results.loading.entity   : (EntityResultInitializer) Created new entity instance [com.example.examen2.usuarios.model.Rol#1] : 466298113
2024-11-18T12:45:52.156-04:00 DEBUG 24640 --- [examen2] [    Test worker] org.hibernate.orm.results                : Extracted JDBC value [1] - [ADMIN]
2024-11-18T12:45:52.156-04:00 DEBUG 24640 --- [examen2] [    Test worker] o.hibernate.orm.results.loading.entity   : (EntityResultInitializer) Done materializing entityInstance : com.example.examen2.usuarios.model.Rol#1
2024-11-18T12:45:52.156-04:00 DEBUG 24640 --- [examen2] [    Test worker] org.hibernate.orm.results.loading        : Calling top-level assembler (0 / 1) : org.hibernate.sql.results.graph.entity.internal.EntityAssembler@59632e3c
2024-11-18T12:45:52.156-04:00 DEBUG 24640 --- [examen2] [    Test worker] o.hibernate.orm.results.loading.entity   : (EntitySelectFetchInitializer) Entity [com.example.examen2.usuarios.model.Usuario(371538457199900).rol#1] : 1 has being loaded by session.internalLoad.
2024-11-18T12:45:52.156-04:00 DEBUG 24640 --- [examen2] [    Test worker] org.hibernate.orm.results                : Extracted JDBC value [1] - [Principal]
2024-11-18T12:45:52.157-04:00 DEBUG 24640 --- [examen2] [    Test worker] org.hibernate.orm.results                : Extracted JDBC value [2] - [$2a$10$ltr14JErTULSGzpR37R0HeSVQZXUx0wZbkqpPnm0ze0VEcbAcZ2eK]
2024-11-18T12:45:52.157-04:00 DEBUG 24640 --- [examen2] [    Test worker] org.hibernate.orm.results                : Extracted JDBC value [3] - [admin@example.com]
2024-11-18T12:45:52.157-04:00 DEBUG 24640 --- [examen2] [    Test worker] org.hibernate.orm.results                : Extracted JDBC value [4] - [null]
2024-11-18T12:45:52.157-04:00 DEBUG 24640 --- [examen2] [    Test worker] org.hibernate.orm.results                : Extracted JDBC value [5] - [Admin]
2024-11-18T12:45:52.157-04:00 DEBUG 24640 --- [examen2] [    Test worker] o.hibernate.orm.results.loading.entity   : (EntityResultInitializer) Done materializing entityInstance : com.example.examen2.usuarios.model.Usuario(371538457199900)#1
2024-11-18T12:45:52.157-04:00 DEBUG 24640 --- [examen2] [    Test worker] org.hibernate.orm.results.loading        : Calling top-level assembler (0 / 1) : org.hibernate.sql.results.graph.entity.internal.EntityAssembler@483eff43
2024-11-18T12:45:52.157-04:00 DEBUG 24640 --- [examen2] [    Test worker] o.s.orm.jpa.JpaTransactionManager        : Creating new transaction with name [org.springframework.data.jpa.repository.support.SimpleJpaRepository.count]: PROPAGATION_REQUIRED,ISOLATION_DEFAULT,readOnly
2024-11-18T12:45:52.157-04:00 DEBUG 24640 --- [examen2] [    Test worker] o.s.orm.jpa.JpaTransactionManager        : Opened new EntityManager [SessionImpl(1718742075<open>)] for JPA transaction
2024-11-18T12:45:52.157-04:00 DEBUG 24640 --- [examen2] [    Test worker] o.s.jdbc.datasource.DataSourceUtils      : Setting JDBC Connection [HikariProxyConnection@617623257 wrapping org.postgresql.jdbc.PgConnection@6a2badb1] read-only
2024-11-18T12:45:52.158-04:00 DEBUG 24640 --- [examen2] [    Test worker] org.postgresql.jdbc.PgConnection         :   setReadOnly = true
2024-11-18T12:45:52.158-04:00 DEBUG 24640 --- [examen2] [    Test worker] o.h.e.t.internal.TransactionImpl         : On TransactionImpl creation, JpaCompliance#isJpaTransactionComplianceEnabled == false
2024-11-18T12:45:52.158-04:00 DEBUG 24640 --- [examen2] [    Test worker] o.h.e.t.internal.TransactionImpl         : begin
2024-11-18T12:45:52.158-04:00 DEBUG 24640 --- [examen2] [    Test worker] org.postgresql.jdbc.PgConnection         :   setAutoCommit = false
2024-11-18T12:45:52.158-04:00 DEBUG 24640 --- [examen2] [    Test worker] o.s.orm.jpa.JpaTransactionManager        : Exposing JPA transaction as JDBC [org.springframework.orm.jpa.vendor.HibernateJpaDialect$HibernateConnectionHandle@6402f6b1]
2024-11-18T12:45:52.158-04:00 DEBUG 24640 --- [examen2] [    Test worker] org.hibernate.orm.query.hql              : HQL : select count(*) from Especialidad x
2024-11-18T12:45:52.158-04:00 DEBUG 24640 --- [examen2] [    Test worker] o.h.o.q.hql.reservedWordAsIdentifier     : Encountered use of reserved word as identifier : (
2024-11-18T12:45:52.158-04:00 DEBUG 24640 --- [examen2] [    Test worker] org.hibernate.orm.query.sqm.ast          : SqmStatement Tree :
    -> [select]
      -> [query-spec]
        -> [select]
          -> [selection]
          <- [selection]
        <- [select]
        -> [from]
          -> [root] - `com.example.examen2.especialidades.model.Especialidad(x)`
          <- [root] - `com.example.examen2.especialidades.model.Especialidad(x)`
        <- [from]
      <- [query-spec]
    <- [select]

2024-11-18T12:45:52.158-04:00 DEBUG 24640 --- [examen2] [    Test worker] org.hibernate.orm.sql.ast.create         : Created new SQL alias : e1_0
2024-11-18T12:45:52.158-04:00 DEBUG 24640 --- [examen2] [    Test worker] org.hibernate.orm.sql.ast.create         : Registration of TableGroup [StandardTableGroup(com.example.examen2.especialidades.model.Especialidad(x))] with identifierForTableGroup [com.example.examen2.especialidades.model.Especialidad] for NavigablePath [com.example.examen2.especialidades.model.Especialidad] 
2024-11-18T12:45:52.158-04:00 DEBUG 24640 --- [examen2] [    Test worker] org.hibernate.orm.results.graph.AST      : DomainResult Graph:
 \-BasicResult

2024-11-18T12:45:52.158-04:00 DEBUG 24640 --- [examen2] [    Test worker] org.hibernate.orm.sql.ast.tree           : SQL AST Tree:
    SelectStatement {
      FromClause {
        StandardTableGroup (e1 : com.example.examen2.especialidades.model.Especialidad(x)) {
          primaryTableReference : especialidad as e1_0
        }
      }
    }

2024-11-18T12:45:52.158-04:00 DEBUG 24640 --- [examen2] [    Test worker] org.hibernate.orm.sql.exec               : Skipping reading Query result cache data: cache-enabled = false, cache-mode = NORMAL
2024-11-18T12:45:52.158-04:00 DEBUG 24640 --- [examen2] [    Test worker] org.hibernate.orm.results                : Initializer list is empty
2024-11-18T12:45:52.158-04:00 DEBUG 24640 --- [examen2] [    Test worker] org.hibernate.SQL                        : 
    select
        count(*) 
    from
        especialidad e1_0
Hibernate: 
    select
        count(*) 
    from
        especialidad e1_0
2024-11-18T12:45:52.159-04:00 DEBUG 24640 --- [examen2] [    Test worker] org.hibernate.orm.results.loading        : Calling top-level assembler (0 / 1) : org.hibernate.sql.results.graph.basic.BasicResultAssembler@71e7b3c9
2024-11-18T12:45:52.159-04:00 DEBUG 24640 --- [examen2] [    Test worker] org.hibernate.orm.results                : Extracted JDBC value [0] - [10]
2024-11-18T12:45:52.159-04:00 DEBUG 24640 --- [examen2] [    Test worker] o.s.orm.jpa.JpaTransactionManager        : Initiating transaction commit
2024-11-18T12:45:52.159-04:00 DEBUG 24640 --- [examen2] [    Test worker] o.s.orm.jpa.JpaTransactionManager        : Committing JPA transaction on EntityManager [SessionImpl(1718742075<open>)]
2024-11-18T12:45:52.159-04:00 DEBUG 24640 --- [examen2] [    Test worker] o.h.e.t.internal.TransactionImpl         : committing
2024-11-18T12:45:52.159-04:00 DEBUG 24640 --- [examen2] [    Test worker] org.postgresql.jdbc.PgConnection         :   setAutoCommit = true
2024-11-18T12:45:52.159-04:00 DEBUG 24640 --- [examen2] [    Test worker] o.s.jdbc.datasource.DataSourceUtils      : Resetting read-only flag of JDBC Connection [HikariProxyConnection@617623257 wrapping org.postgresql.jdbc.PgConnection@6a2badb1]
2024-11-18T12:45:52.159-04:00 DEBUG 24640 --- [examen2] [    Test worker] org.postgresql.jdbc.PgConnection         :   setReadOnly = false
2024-11-18T12:45:52.159-04:00 DEBUG 24640 --- [examen2] [    Test worker] o.s.orm.jpa.JpaTransactionManager        : Closing JPA EntityManager [SessionImpl(1718742075<open>)] after transaction
2024-11-18T12:45:52.159-04:00 DEBUG 24640 --- [examen2] [    Test worker] o.s.orm.jpa.JpaTransactionManager        : Creating new transaction with name [org.springframework.data.jpa.repository.support.SimpleJpaRepository.count]: PROPAGATION_REQUIRED,ISOLATION_DEFAULT,readOnly
2024-11-18T12:45:52.159-04:00 DEBUG 24640 --- [examen2] [    Test worker] o.s.orm.jpa.JpaTransactionManager        : Opened new EntityManager [SessionImpl(1147524302<open>)] for JPA transaction
2024-11-18T12:45:52.159-04:00 DEBUG 24640 --- [examen2] [    Test worker] o.s.jdbc.datasource.DataSourceUtils      : Setting JDBC Connection [HikariProxyConnection@1315453880 wrapping org.postgresql.jdbc.PgConnection@6a2badb1] read-only
2024-11-18T12:45:52.159-04:00 DEBUG 24640 --- [examen2] [    Test worker] org.postgresql.jdbc.PgConnection         :   setReadOnly = true
2024-11-18T12:45:52.159-04:00 DEBUG 24640 --- [examen2] [    Test worker] o.h.e.t.internal.TransactionImpl         : On TransactionImpl creation, JpaCompliance#isJpaTransactionComplianceEnabled == false
2024-11-18T12:45:52.159-04:00 DEBUG 24640 --- [examen2] [    Test worker] o.h.e.t.internal.TransactionImpl         : begin
2024-11-18T12:45:52.159-04:00 DEBUG 24640 --- [examen2] [    Test worker] org.postgresql.jdbc.PgConnection         :   setAutoCommit = false
2024-11-18T12:45:52.160-04:00 DEBUG 24640 --- [examen2] [    Test worker] o.s.orm.jpa.JpaTransactionManager        : Exposing JPA transaction as JDBC [org.springframework.orm.jpa.vendor.HibernateJpaDialect$HibernateConnectionHandle@112dfb03]
2024-11-18T12:45:52.160-04:00 DEBUG 24640 --- [examen2] [    Test worker] org.hibernate.orm.query.hql              : HQL : select count(*) from Medico x
2024-11-18T12:45:52.160-04:00 DEBUG 24640 --- [examen2] [    Test worker] o.h.o.q.hql.reservedWordAsIdentifier     : Encountered use of reserved word as identifier : (
2024-11-18T12:45:52.160-04:00 DEBUG 24640 --- [examen2] [    Test worker] org.hibernate.orm.query.sqm.ast          : SqmStatement Tree :
    -> [select]
      -> [query-spec]
        -> [select]
          -> [selection]
          <- [selection]
        <- [select]
        -> [from]
          -> [root] - `com.example.examen2.medicos.model.Medico(x)`
          <- [root] - `com.example.examen2.medicos.model.Medico(x)`
        <- [from]
      <- [query-spec]
    <- [select]

2024-11-18T12:45:52.160-04:00 DEBUG 24640 --- [examen2] [    Test worker] org.hibernate.orm.sql.ast.create         : Created new SQL alias : m1_0
2024-11-18T12:45:52.160-04:00 DEBUG 24640 --- [examen2] [    Test worker] org.hibernate.orm.sql.ast.create         : Registration of TableGroup [StandardTableGroup(com.example.examen2.medicos.model.Medico(x))] with identifierForTableGroup [com.example.examen2.medicos.model.Medico] for NavigablePath [com.example.examen2.medicos.model.Medico] 
2024-11-18T12:45:52.160-04:00 DEBUG 24640 --- [examen2] [    Test worker] org.hibernate.orm.results.graph.AST      : DomainResult Graph:
 \-BasicResult

2024-11-18T12:45:52.160-04:00 DEBUG 24640 --- [examen2] [    Test worker] org.hibernate.orm.sql.ast.tree           : SQL AST Tree:
    SelectStatement {
      FromClause {
        StandardTableGroup (m1 : com.example.examen2.medicos.model.Medico(x)) {
          primaryTableReference : medico as m1_0
        }
      }
    }

2024-11-18T12:45:52.160-04:00 DEBUG 24640 --- [examen2] [    Test worker] org.hibernate.orm.sql.exec               : Skipping reading Query result cache data: cache-enabled = false, cache-mode = NORMAL
2024-11-18T12:45:52.160-04:00 DEBUG 24640 --- [examen2] [    Test worker] org.hibernate.orm.results                : Initializer list is empty
2024-11-18T12:45:52.160-04:00 DEBUG 24640 --- [examen2] [    Test worker] org.hibernate.SQL                        : 
    select
        count(*) 
    from
        medico m1_0
Hibernate: 
    select
        count(*) 
    from
        medico m1_0
2024-11-18T12:45:52.160-04:00 DEBUG 24640 --- [examen2] [    Test worker] org.hibernate.orm.results.loading        : Calling top-level assembler (0 / 1) : org.hibernate.sql.results.graph.basic.BasicResultAssembler@58decd96
2024-11-18T12:45:52.160-04:00 DEBUG 24640 --- [examen2] [    Test worker] org.hibernate.orm.results                : Extracted JDBC value [0] - [10]
2024-11-18T12:45:52.160-04:00 DEBUG 24640 --- [examen2] [    Test worker] o.s.orm.jpa.JpaTransactionManager        : Initiating transaction commit
2024-11-18T12:45:52.160-04:00 DEBUG 24640 --- [examen2] [    Test worker] o.s.orm.jpa.JpaTransactionManager        : Committing JPA transaction on EntityManager [SessionImpl(1147524302<open>)]
2024-11-18T12:45:52.160-04:00 DEBUG 24640 --- [examen2] [    Test worker] o.h.e.t.internal.TransactionImpl         : committing
2024-11-18T12:45:52.160-04:00 DEBUG 24640 --- [examen2] [    Test worker] org.postgresql.jdbc.PgConnection         :   setAutoCommit = true
2024-11-18T12:45:52.160-04:00 DEBUG 24640 --- [examen2] [    Test worker] o.s.jdbc.datasource.DataSourceUtils      : Resetting read-only flag of JDBC Connection [HikariProxyConnection@1315453880 wrapping org.postgresql.jdbc.PgConnection@6a2badb1]
2024-11-18T12:45:52.161-04:00 DEBUG 24640 --- [examen2] [    Test worker] org.postgresql.jdbc.PgConnection         :   setReadOnly = false
2024-11-18T12:45:52.161-04:00 DEBUG 24640 --- [examen2] [    Test worker] o.s.orm.jpa.JpaTransactionManager        : Closing JPA EntityManager [SessionImpl(1147524302<open>)] after transaction
2024-11-18T12:45:52.161-04:00 DEBUG 24640 --- [examen2] [    Test worker] o.s.b.a.ApplicationAvailabilityBean      : Application availability state ReadinessState changed to ACCEPTING_TRAFFIC
2024-11-18T12:45:52.162-04:00 DEBUG 24640 --- [examen2] [    Test worker] org.springframework.test.context.cache   : Spring test ApplicationContext cache statistics: [DefaultContextCache@62d26820 size = 1, maxSize = 32, parentContextCount = 0, hitCount = 0, missCount = 1, failureCount = 0]
2024-11-18T12:45:52.163-04:00 DEBUG 24640 --- [examen2] [    Test worker] o.s.t.c.w.ServletTestExecutionListener   : Setting up MockHttpServletRequest, MockHttpServletResponse, ServletWebRequest, and RequestContextHolder for test class com.example.examen2.Examen2ApplicationTests
2024-11-18T12:45:52.170-04:00 DEBUG 24640 --- [examen2] [    Test worker] DependencyInjectionTestExecutionListener : Performing dependency injection for test class com.example.examen2.Examen2ApplicationTests
2024-11-18T12:45:52.170-04:00 DEBUG 24640 --- [examen2] [    Test worker] org.springframework.test.context.cache   : Spring test ApplicationContext cache statistics: [DefaultContextCache@62d26820 size = 1, maxSize = 32, parentContextCount = 0, hitCount = 1, missCount = 1, failureCount = 0]
2024-11-18T12:45:52.171-04:00 DEBUG 24640 --- [examen2] [    Test worker] org.springframework.test.context.cache   : Spring test ApplicationContext cache statistics: [DefaultContextCache@62d26820 size = 1, maxSize = 32, parentContextCount = 0, hitCount = 2, missCount = 1, failureCount = 0]
2024-11-18T12:45:52.173-04:00 DEBUG 24640 --- [examen2] [    Test worker] sContextBeforeModesTestExecutionListener : Before test method: class [Examen2ApplicationTests], method [contextLoads], class annotated with @DirtiesContext [false] with mode [null], method annotated with @DirtiesContext [false] with mode [null]
2024-11-18T12:45:52.175-04:00 DEBUG 24640 --- [examen2] [    Test worker] org.springframework.test.context.cache   : Spring test ApplicationContext cache statistics: [DefaultContextCache@62d26820 size = 1, maxSize = 32, parentContextCount = 0, hitCount = 3, missCount = 1, failureCount = 0]
2024-11-18T12:45:52.175-04:00 DEBUG 24640 --- [examen2] [    Test worker] org.springframework.test.context.cache   : Spring test ApplicationContext cache statistics: [DefaultContextCache@62d26820 size = 1, maxSize = 32, parentContextCount = 0, hitCount = 4, missCount = 1, failureCount = 0]
2024-11-18T12:45:52.489-04:00 DEBUG 24640 --- [examen2] [    Test worker] org.springframework.test.context.cache   : Spring test ApplicationContext cache statistics: [DefaultContextCache@62d26820 size = 1, maxSize = 32, parentContextCount = 0, hitCount = 5, missCount = 1, failureCount = 0]
2024-11-18T12:45:52.492-04:00 DEBUG 24640 --- [examen2] [    Test worker] org.springframework.test.context.cache   : Spring test ApplicationContext cache statistics: [DefaultContextCache@62d26820 size = 1, maxSize = 32, parentContextCount = 0, hitCount = 6, missCount = 1, failureCount = 0]
2024-11-18T12:45:52.492-04:00 DEBUG 24640 --- [examen2] [    Test worker] org.springframework.test.context.cache   : Spring test ApplicationContext cache statistics: [DefaultContextCache@62d26820 size = 1, maxSize = 32, parentContextCount = 0, hitCount = 7, missCount = 1, failureCount = 0]
2024-11-18T12:45:52.493-04:00 DEBUG 24640 --- [examen2] [    Test worker] org.springframework.test.context.cache   : Spring test ApplicationContext cache statistics: [DefaultContextCache@62d26820 size = 1, maxSize = 32, parentContextCount = 0, hitCount = 8, missCount = 1, failureCount = 0]
2024-11-18T12:45:52.493-04:00 DEBUG 24640 --- [examen2] [    Test worker] org.springframework.test.context.cache   : Spring test ApplicationContext cache statistics: [DefaultContextCache@62d26820 size = 1, maxSize = 32, parentContextCount = 0, hitCount = 9, missCount = 1, failureCount = 0]
2024-11-18T12:45:52.494-04:00 DEBUG 24640 --- [examen2] [    Test worker] org.springframework.test.context.cache   : Spring test ApplicationContext cache statistics: [DefaultContextCache@62d26820 size = 1, maxSize = 32, parentContextCount = 0, hitCount = 10, missCount = 1, failureCount = 0]
2024-11-18T12:45:52.494-04:00 DEBUG 24640 --- [examen2] [    Test worker] org.springframework.test.context.cache   : Spring test ApplicationContext cache statistics: [DefaultContextCache@62d26820 size = 1, maxSize = 32, parentContextCount = 0, hitCount = 11, missCount = 1, failureCount = 0]
2024-11-18T12:45:52.494-04:00 DEBUG 24640 --- [examen2] [    Test worker] org.springframework.test.context.cache   : Spring test ApplicationContext cache statistics: [DefaultContextCache@62d26820 size = 1, maxSize = 32, parentContextCount = 0, hitCount = 12, missCount = 1, failureCount = 0]
2024-11-18T12:45:52.495-04:00 DEBUG 24640 --- [examen2] [    Test worker] .c.s.DirtiesContextTestExecutionListener : After test method: class [Examen2ApplicationTests], method [contextLoads], class annotated with @DirtiesContext [false] with mode [null], method annotated with @DirtiesContext [false] with mode [null]
2024-11-18T12:45:52.495-04:00 DEBUG 24640 --- [examen2] [    Test worker] o.s.t.c.w.ServletTestExecutionListener   : Resetting RequestContextHolder for test class com.example.examen2.Examen2ApplicationTests
2024-11-18T12:45:52.499-04:00 DEBUG 24640 --- [examen2] [    Test worker] org.springframework.test.context.cache   : Spring test ApplicationContext cache statistics: [DefaultContextCache@62d26820 size = 1, maxSize = 32, parentContextCount = 0, hitCount = 13, missCount = 1, failureCount = 0]
2024-11-18T12:45:52.499-04:00 DEBUG 24640 --- [examen2] [    Test worker] .c.s.DirtiesContextTestExecutionListener : After test class: class [Examen2ApplicationTests], class annotated with @DirtiesContext [false] with mode [null]
]]></system-out>
  <system-err><![CDATA[]]></system-err>
</testsuite>
